================================================================================ 
Commit: 9c8a5325c815d78658235136d364e2c08ec182ee 
Author: ClientSysFWGit <clientsysfwgit@intel.com> 
Date: Tue Jul 9 22:22:48 2019 +0530 
-------------------------------------------------------------------------------- 
Labelling LKF Bios label 3263_01

Original commit date: Wed Jun 26 15:32:27 2019 +0530
Change-Id: I50d307faa47b936234dc74ca7b0f03d8c32b85b7
Original commit hash: 1ce69903077f6800b0686a635c516ee587015a3e

-------------------------------------------------------------------------------- 
[Changed Files]
LakeFieldPlatSamplePkg/Tools/GenBiosId/BiosId.env

================================================================================ 
Commit: 9f2b99bcd20a11249e282cf7201ad0d5c47f663e 
Author: ClientSysFWGit <clientsysfwgit@intel.com> 
Date: Tue Jul 9 22:22:47 2019 +0530 
-------------------------------------------------------------------------------- 
Revert "Provide PCIe Speed set to Gen3 and L1.LOW Enabled by default"

This reverts commit e503c0c3843fc2a1b99fdc52a1c736c3e8231da0.

Wed Jun 26 15:25:33 2019 +0530
Original commit date: Wed Jun 26 15:25:33 2019 +0530
Original commit hash: cf9f4205292b22c6e1b17347c0f33cb5c8087b01

-------------------------------------------------------------------------------- 
[Changed Files]
LakeFieldFspPkg/Upd/FspsUpd.dsc
LakeFieldPlatSamplePkg/Setup/PchPcieSetupSinglePort.hfr
LakeFieldSiliconPkg/Pch/Library/PeiPchPolicyLib/PeiPchPolicyLib.c

================================================================================ 
Commit: 7c11239bf94809e5cbd119ddbdbe70e4078cd9d6 
Author: ClientSysFWGit <clientsysfwgit@intel.com> 
Date: Tue Jul 9 22:22:45 2019 +0530 
-------------------------------------------------------------------------------- 
Revert "[LKF RVP] Unable to access Hardware Health Monitor in BIOS setup"

This reverts commit dcb11ee6029bf7e5aa104ddc75a97337de469a3f.

Wed Jun 26 15:25:15 2019 +0530
Original commit date: Wed Jun 26 15:25:15 2019 +0530
Original commit hash: bae6d4cf083d138d5bf3d75fad286b8e2baf9805

-------------------------------------------------------------------------------- 
[Changed Files]
LakeFieldPlatSamplePkg/Setup/Advanced.vfr

================================================================================ 
Commit: 4824620f8ceb0f796d8308319a4638ccd546211f 
Author: ClientSysFWGit <clientsysfwgit@intel.com> 
Date: Tue Jul 9 22:22:44 2019 +0530 
-------------------------------------------------------------------------------- 
LKF: PMIC Customer NVM Version in BIOS setup menu

Issue : In Release Build user not able to check Customized NVM version for Both WRC & CSC.

Solution : Displaying customized version for WRC & CSC.

Unit Testing : System booting to OS & able to see the customized version in setup.

Hsd-es-id: 1707041401
Attestation-link: Intel\LakeFieldPlatSamplePkg\InternalOnly\IpPlan\Client BIOS IP Plan.xlsx
Original commit date: Tue Jun 25 17:34:15 2019 +0530
Change-Id: Ia0ae1b482f704d45d76a7a55ab6ec38bf0a85895
Original commit hash: f32bb8d6a89fcf2c99c4253fa6582c71997f775a

-------------------------------------------------------------------------------- 
[Changed Files]
LakeFieldPlatSamplePkg/Features/Pmic/PmicNvm/CastroCove/CastroCovePmicNvm.c
LakeFieldPlatSamplePkg/Features/Pmic/PmicNvm/CastroCove/CastroCovePmicNvm.inf
LakeFieldPlatSamplePkg/Features/Pmic/PmicNvm/WarrenCove/WarrenCovePmicNvm.c
LakeFieldPlatSamplePkg/Features/Pmic/PmicNvm/WarrenCove/WarrenCovePmicNvm.inf
LakeFieldPlatSamplePkg/PlatformPkg.dec
LakeFieldPlatSamplePkg/Setup/Main.vfr
LakeFieldPlatSamplePkg/Setup/PlatformSetup.c
LakeFieldPlatSamplePkg/Setup/PlatformSetup.uni
LakeFieldPlatSamplePkg/Setup/Setup.inf

================================================================================ 
Commit: d440973c69d42106ff35c2240f341e206288aee7 
Author: ClientSysFWGit <clientsysfwgit@intel.com> 
Date: Tue Jul 9 22:22:40 2019 +0530 
-------------------------------------------------------------------------------- 
Labelling LKF Bios label 3263

Original commit date: Wed Jun 26 08:00:36 2019 +0530
Change-Id: Ia32067b0edf1670450c04f57f10396f8cd16715e
Original commit hash: 1ededb0e0aa7eaa4890c708a94bd7112662e3466

-------------------------------------------------------------------------------- 
[Changed Files]
LakeFieldPlatSamplePkg/Tools/GenBiosId/BiosId.env

================================================================================ 
Commit: 27805d0e86dc9506141712a07f5cf3d4efb89f57 
Author: ClientSysFWGit <clientsysfwgit@intel.com> 
Date: Tue Jul 9 22:22:39 2019 +0530 
-------------------------------------------------------------------------------- 
[LKF] BIOS Requirement: Option to add _PS0 and _PS3 Method for UFS

This patch implements the following steps to add Delay in UFS _PS0
method to overcome UFS IP issue -
1. Take timestamp T1 in PS3.
2. Figure out a conservative values X, which is the minimum time needed to Hibernate PG.
   This is 500ms as default now, which is a configurable option in BIOS Setup.
3. Take timestamp T2 in PS0.
4. If T2-T1 > X, then do nothing. Otherwise, wait for the leftover time in _PS0.

Hsd-es-id: 2207867633
Attestation-link: LakeFieldPlatSamplePkg/InternalOnly/IpPlan/Client BIOS IP Plan.xlsx
Original commit date: Mon Jun 24 12:06:52 2019 +0530
Change-Id: I6bbc7093a59d5ca8f55bd7ea66aa8c82031bb4ca
Original commit hash: e9b02165dbaa6b8c7b23d11db7422328ba5b456b

-------------------------------------------------------------------------------- 
[Changed Files]
LakeFieldPlatSamplePkg/Acpi/AcpiTables/AcpiPlatform/Dxe/AcpiPlatform.c
LakeFieldPlatSamplePkg/Include/SetupVariable.h
LakeFieldPlatSamplePkg/Setup/PchSetup.hfr
LakeFieldPlatSamplePkg/Setup/PchSetup.uni
LakeFieldSiliconPkg/Pch/AcpiTables/Dsdt/PchScs.asl

================================================================================ 
Commit: c7d4a382e16ab732904a9024598622d1770fad93 
Author: ClientSysFWGit <clientsysfwgit@intel.com> 
Date: Tue Jul 9 22:22:37 2019 +0530 
-------------------------------------------------------------------------------- 
Lakefield B0 (CPUID 0x806a1) Unified (uCode+Punit) Production Patch #003
 - Removed IOP from Crashlog for security reasons
 - D2C threshold setting for Perf improvement
 - Added Fastproc handler in reset and MCA
 - TT1 optimizations
 - C0 PMIC enabling
 - recalibrated sagv mem block time for display LTR tolerance
 - Fix the Camera-SBbridge issue

Hsd-es-id: NA
Attestation-link: LakeFieldPlatSamplePkg/InternalOnly/IpPlan/Client BIOS IP Plan.xlsx
Original commit date: Tue Jun 25 22:23:26 2019 +0530
Change-Id: If7e7d9f2b7a333a5cad92f79f91334bcd8bf68fc
Original commit hash: d8ed549abf3f42d3876e1e25fd3e8c05e6417e14

-------------------------------------------------------------------------------- 
[Changed Files]
LakeFieldPlatSamplePkg/PlatformPkg.fdf

================================================================================ 
Commit: d780a224802c1fad8e19ad0bc16be052587f403b 
Author: ClientSysFWGit <clientsysfwgit@intel.com> 
Date: Tue Jul 9 22:22:35 2019 +0530 
-------------------------------------------------------------------------------- 
[TeamCity] LKF Auto-Commit DailyUpdate_FSP/RC version CI Increment FSP Revision Number and reset FSP Build Number to 1

Tue Jun 25 10:35:35 2019 -0700
Original commit date: Tue Jun 25 10:35:35 2019 -0700
Original commit hash: ffbc379dafaa5cf3bf977a337a5c3493dc47330c

-------------------------------------------------------------------------------- 
[Changed Files]
LakeFieldFspPkg/LakeFieldFspPkg.dec
LakeFieldSiliconPkg/SiPkg.dec

================================================================================ 
Commit: 1149ac666c0ae4af81364d9d1dd11335c1147f71 
Author: ClientSysFWGit <clientsysfwgit@intel.com> 
Date: Tue Jul 9 22:22:33 2019 +0530 
-------------------------------------------------------------------------------- 
Add policy to allow S0i2.x and S0i3.x configuration by platform

Since S0i2.x and S0i3.x configuration depends on board routing
we need to allow the platform code to make decisions which
states should be enabled. This is also done to ease validation
and debugg effort since it is believed that stable recipie
for S0i2.x and S0i3.x will change dynamically and setup
options are necessary to avoid blocking validation teams.

Hsd-es-id: 1807892385
Attestation-link: LakeFieldPlatSamplePkg/InternalOnly/IpPlan/Client BIOS IP Plan.xlsx
Original commit date: Tue Jun 11 11:09:20 2019 +0200
Change-Id: I62e1a343663f0ad221ca157e6236ddcbe8b9e065
Original commit hash: aba7aed5450707caf1803c42b1b87a0cb19ab581

-------------------------------------------------------------------------------- 
[Changed Files]
LakeFieldFspPkg/Library/PeiPolicyUpdateLib/PeiPchPolicyUpdate.c
LakeFieldFspPkg/Upd/FspsUpd.dsc
LakeFieldPlatSamplePkg/Include/SetupVariable.h
LakeFieldPlatSamplePkg/Library/PeiPolicyUpdateLib/PeiPchPolicyUpdate.c
LakeFieldPlatSamplePkg/Setup/PchSetup.hfr
LakeFieldPlatSamplePkg/Setup/PchSetup.uni
LakeFieldSiliconPkg/Pch/Include/ConfigBlock/PmConfig.h
LakeFieldSiliconPkg/Pch/Include/Register/PchRegsPmc.h
LakeFieldSiliconPkg/Pch/Library/PeiPchPolicyLib/PeiPchPolicyLib.c
LakeFieldSiliconPkg/Pch/Library/Private/PeiDxeSmmPmcPrivateLib/PeiDxeSmmPmcPrivateLibLkf.inf
LakeFieldSiliconPkg/Pch/Library/Private/PeiDxeSmmPmcPrivateLib/PeiPmcPrivateLib.c
LakeFieldSiliconPkg/Pch/Library/Private/PeiDxeSmmPmcPrivateLib/PmcPrivateLibInternal.h
LakeFieldSiliconPkg/Pch/Library/Private/PeiDxeSmmPmcPrivateLib/PmcPrivateLibLkf.c

================================================================================ 
Commit: 01655f675be3843454f498ccb108343bf89c37c2 
Author: ClientSysFWGit <clientsysfwgit@intel.com> 
Date: Tue Jul 9 22:22:30 2019 +0530 
-------------------------------------------------------------------------------- 
[MRC 154.24.0.0] Enabling DLL weaklock support and DOP Gating by default

Hsd-es-id: NA
Original commit date: Tue Jun 25 16:04:46 2019 +0530
Change-Id: I4f3e875a4a515eb146409847d8ca6967c53ae28f
Original commit hash: cec47cb9ff1cca823d32122c18810aba5be98559

-------------------------------------------------------------------------------- 
[Changed Files]
LakeFieldPlatSamplePkg/Setup/SaSetup.hfr
LakeFieldSiliconPkg/SystemAgent/MemoryInit/LibraryPrivate/PeiMemoryInitLib/MemoryInit.c
LakeFieldSiliconPkg/SystemAgent/MemoryInit/LibraryPrivate/PeiMemoryInitLib/Source/Include/MrcVersion.h

================================================================================ 
Commit: f0199f04bff6f6e9ddc5ad313d7de5a1a31a5cde 
Author: ClientSysFWGit <clientsysfwgit@intel.com> 
Date: Tue Jul 9 22:22:28 2019 +0530 
-------------------------------------------------------------------------------- 
Provide PCIe Speed set to Gen3 and L1.LOW Enabled by default

After tests revealing that silicon bug from stepping A is no
longer an issue, we can switch PCIe speed to Gen3 and enable
L1.LOW substate by default.

Hsd-es-id: 1507219882
Tracker-link: https://hsdes.intel.com/appstore/article/#/1507219882
Attestation-link: LakeFieldPlatSamplePkg/InternalOnly/IpPlan/Client BIOS IP Plan.xlsx
Original commit date: Fri May 31 09:35:28 2019 +0200
Change-Id: I92fa8b5d36311b14aecea9d0208e73aa4069fd53
Original commit hash: e503c0c3843fc2a1b99fdc52a1c736c3e8231da0

-------------------------------------------------------------------------------- 
[Changed Files]
LakeFieldFspPkg/Upd/FspsUpd.dsc
LakeFieldPlatSamplePkg/Setup/PchPcieSetupSinglePort.hfr
LakeFieldSiliconPkg/Pch/Library/PeiPchPolicyLib/PeiPchPolicyLib.c

================================================================================ 
Commit: 808e79c5370ccf3a88de873794406ce87d4b5ded 
Author: ClientSysFWGit <clientsysfwgit@intel.com> 
Date: Tue Jul 9 22:22:27 2019 +0530 
-------------------------------------------------------------------------------- 
Check number of supported CLKREQ when checking index validity

BIOS has always assumed that the number of CLKREQ signals
is equal to the number of clock sources which is not the
case for LKF SoC which has one extra CLKREQ signal to
enable custom PCIe over type-C solution. BIOS will now
compare CLKREQ index with the number of supported CLKREQs
on SoC instead of number of clock sources.

Hsd-es-id: 1507278605
Attestation-link: LakeFieldPlatSamplePkg/InternalOnly/IpPlan/Client BIOS IP Plan.xlsx
Original commit date: Fri Jun 21 14:38:33 2019 +0200
Change-Id: Ic9ef9d92cef30a3150e493081481ba6665dc2b6f
Original commit hash: c344fae97764a5e5b664974927d495a1bf6035d3

-------------------------------------------------------------------------------- 
[Changed Files]
LakeFieldSiliconPkg/Pch/Include/Library/PchInfoLib.h
LakeFieldSiliconPkg/Pch/Library/PeiDxeSmmPchInfoLib/PchInfoLibClient.c
LakeFieldSiliconPkg/Pch/Library/Private/PeiPchPcieClocksLib/PeiPchPcieClocksLib.c

================================================================================ 
Commit: 4fed071cc1b979d5a896a9834640a40adc49e0bf 
Author: ClientSysFWGit <clientsysfwgit@intel.com> 
Date: Tue Jul 9 22:22:25 2019 +0530 
-------------------------------------------------------------------------------- 
Update eMMC DLL values acording to latest recommendation

SV recommends new TX CMD DLL values to avoid marginal
failures.

Hsd-es-id: 1507273233
Attestation-link: LakeFieldPlatSamplePkg/InternalOnly/IpPlan/Client BIOS IP Plan.xlsx
Original commit date: Wed Jun 19 10:46:03 2019 +0200
Change-Id: I608a5a8f782124f24700ea9de4123eb240acbace
Original commit hash: 10271fa3071888af99da705635650bf70b66c527

-------------------------------------------------------------------------------- 
[Changed Files]
LakeFieldSiliconPkg/Pch/Library/Private/PeiScsLib/PeiScsInitLkf.c

================================================================================ 
Commit: 4d10b7445b74987e17c63d5ad949368fc62eb843 
Author: ClientSysFWGit <clientsysfwgit@intel.com> 
Date: Tue Jul 9 22:22:24 2019 +0530 
-------------------------------------------------------------------------------- 
[TeamCity] LKF Auto-Commit DailyUpdate_FSP/RC version CI Increment FSP Revision Number and reset FSP Build Number to 1

Mon Jun 24 10:34:31 2019 -0700
Original commit date: Mon Jun 24 10:34:31 2019 -0700
Original commit hash: 7f280996777a9178fc19bd18408b523dc4a5bff6

-------------------------------------------------------------------------------- 
[Changed Files]
LakeFieldFspPkg/LakeFieldFspPkg.dec
LakeFieldSiliconPkg/SiPkg.dec

================================================================================ 
Commit: 4b9aafb70ed2685be6f5bc1e4a339a0182254f05 
Author: ClientSysFWGit <clientsysfwgit@intel.com> 
Date: Tue Jul 9 22:22:22 2019 +0530 
-------------------------------------------------------------------------------- 
[TeamCity] LKF Auto-Commit DailyUpdate_FSP/RC version CI Increment FSP Revision Number and reset FSP Build Number to 1

Sun Jun 23 10:35:19 2019 -0700
Original commit date: Sun Jun 23 10:35:19 2019 -0700
Original commit hash: 16ff6176fd371398d6637d0bc1c68b4d845531c7

-------------------------------------------------------------------------------- 
[Changed Files]
LakeFieldFspPkg/LakeFieldFspPkg.dec
LakeFieldSiliconPkg/SiPkg.dec

================================================================================ 
Commit: 932bdf7a1309c451bba626a32e456c2f1bf26884 
Author: ClientSysFWGit <clientsysfwgit@intel.com> 
Date: Tue Jul 9 22:22:21 2019 +0530 
-------------------------------------------------------------------------------- 
[TeamCity] LKF Auto-Commit DailyUpdate_FSP/RC version CI Increment FSP Revision Number and reset FSP Build Number to 1

Sat Jun 22 10:34:47 2019 -0700
Original commit date: Sat Jun 22 10:34:47 2019 -0700
Original commit hash: c0f1e2211a5ff944e74bea1e938ec41a0108f19f

-------------------------------------------------------------------------------- 
[Changed Files]
LakeFieldFspPkg/LakeFieldFspPkg.dec
LakeFieldSiliconPkg/SiPkg.dec

================================================================================ 
Commit: 229d841237800f0679cdc4921a2f0fdbf9e9be70 
Author: ClientSysFWGit <clientsysfwgit@intel.com> 
Date: Tue Jul 9 22:22:19 2019 +0530 
-------------------------------------------------------------------------------- 
[TeamCity] LKF Auto-Commit DailyUpdate_FSP/RC version CI Increment FSP Revision Number and reset FSP Build Number to 1

Fri Jun 21 10:34:58 2019 -0700
Original commit date: Fri Jun 21 10:34:58 2019 -0700
Original commit hash: a884bd54b765dbb33a70a8a864249127e5d2f555

-------------------------------------------------------------------------------- 
[Changed Files]
LakeFieldFspPkg/LakeFieldFspPkg.dec
LakeFieldSiliconPkg/SiPkg.dec

================================================================================ 
Commit: 3829a8721dd22124b2d00097142da17163bba7f5 
Author: ClientSysFWGit <clientsysfwgit@intel.com> 
Date: Tue Jul 9 22:22:18 2019 +0530 
-------------------------------------------------------------------------------- 
[TeamCity] LKF Auto-Commit DailyUpdate_FSP/RC version CI Increment FSP Revision Number and reset FSP Build Number to 1

Thu Jun 20 10:34:08 2019 -0700
Original commit date: Thu Jun 20 10:34:08 2019 -0700
Original commit hash: a03e58515278812aa05f8ace1af32bdd67e2309a

-------------------------------------------------------------------------------- 
[Changed Files]
LakeFieldFspPkg/LakeFieldFspPkg.dec
LakeFieldSiliconPkg/SiPkg.dec

================================================================================ 
Commit: cfab4238822e26444197807ae1633bdc255c2d69 
Author: ClientSysFWGit <clientsysfwgit@intel.com> 
Date: Tue Jul 9 22:22:17 2019 +0530 
-------------------------------------------------------------------------------- 
[TeamCity] LKF Auto-Commit DailyUpdate_FSP/RC version CI Increment FSP Revision Number and reset FSP Build Number to 1

Wed Jun 19 10:35:06 2019 -0700
Original commit date: Wed Jun 19 10:35:06 2019 -0700
Original commit hash: ee4ea130b534c76d46f437171593fad27586a0c3

-------------------------------------------------------------------------------- 
[Changed Files]
LakeFieldFspPkg/LakeFieldFspPkg.dec
LakeFieldSiliconPkg/SiPkg.dec

================================================================================ 
Commit: c875507a1506b2b06c94ab31b64c5b0e28f11fa5 
Author: ClientSysFWGit <clientsysfwgit@intel.com> 
Date: Tue Jul 9 22:22:15 2019 +0530 
-------------------------------------------------------------------------------- 
Labelling LKF Bios Label 3253

Wed Jun 19 13:33:14 2019 +0530
Original commit date: Wed Jun 19 13:33:14 2019 +0530
Change-Id: I26d86e88d8080ae88fb8c182c31ab58ae6099136
Original commit hash: 9b30a74a131aad1d5029a844d25f85d3d197aa68

-------------------------------------------------------------------------------- 
[Changed Files]
LakeFieldPlatSamplePkg/Tools/GenBiosId/BiosId.env

================================================================================ 
Commit: cbb0c0e8a3cb391afd73ee21b105ef41b49e2755 
Author: ClientSysFWGit <clientsysfwgit@intel.com> 
Date: Tue Jul 9 22:22:14 2019 +0530 
-------------------------------------------------------------------------------- 
Fix klocwork issue for Lakefield based on 3235 Label

Problem: Klocwork issues reported
Solution: resolved the issues reported by KW tool

Unit TestDone:
checked OS boot status for
1. SPI-FSP -Release &Debug

Original commit date: Tue Jun 11 17:12:38 2019 +0530
Change-Id: I7b6243868c01a2d01ad4b78e2ff536e7c9d81145
Original commit hash: 8a9920675d9449c4ebf5ad6e84b392482812b473

-------------------------------------------------------------------------------- 
[Changed Files]
LakeFieldPlatSamplePkg/Library/PeiPolicyBoardConfigLib/PeiCpuPolicyBoardConfigPreMem.c
LakeFieldSiliconPkg/VariableStorage/Smm/CseVariableStorageSmm/CseVariableStorage.c

================================================================================ 
Commit: 66bfa72378f549991c90a1f5296d360c1c071836 
Author: ClientSysFWGit <clientsysfwgit@intel.com> 
Date: Tue Jul 9 22:22:12 2019 +0530 
-------------------------------------------------------------------------------- 
[LKF RVP A1][BIOS]: observed potentials issues while running PepBiosChecker Tool V 2.1.0.0

Problem: PepBiosChekcer exposing UFS controller in SPI boot
Solution: Read the UFS controller presence from its PCI space & Update the respective Pep information

Unit TestDone:
checked OS boot status for
1. SPI-FSP -Release &Debug
2. In OS, run the pepchecker tool to know UFS controller existance.

Original commit date: Tue Jun 18 19:26:36 2019 +0530
Change-Id: I73611ecd1804c41998dd69e69d8eea1b9a9ab8d7
Original commit hash: 5c08d3b5b7e61764fe49af9b75e90f4709839407

-------------------------------------------------------------------------------- 
[Changed Files]
LakeFieldPlatSamplePkg/Acpi/AcpiTables/AcpiPlatform/Dxe/AcpiPlatform.c
LakeFieldPlatSamplePkg/Include/SetupVariable.h

================================================================================ 
Commit: d16eb31d1cf53e3a937750552638d45b802f2bf0 
Author: ClientSysFWGit <clientsysfwgit@intel.com> 
Date: Tue Jul 9 22:22:11 2019 +0530 
-------------------------------------------------------------------------------- 
[LKF RVP] Unable to access Hardware Health Monitor in BIOS setup

Issue: Unable to access Hardware Health Monitor setup

Solution : Included corresponding .hfr file to access the setup option

Hsd-es-id: 1606972811
Attestation-link: LakeFieldPlatSamplePkg/InternalOnly/IpPlan/Client BIOS IP Plan.xlsx
Original commit date: Tue Jun 18 19:24:49 2019 +0530
Change-Id: Id961ae129393257b0fa7994118c1f17b9a0000e7
Original commit hash: dcb11ee6029bf7e5aa104ddc75a97337de469a3f

-------------------------------------------------------------------------------- 
[Changed Files]
LakeFieldPlatSamplePkg/Setup/Advanced.vfr

================================================================================ 
Commit: 5a612ba64bcf1ca2f7cc86007786155964452baa 
Author: ClientSysFWGit <clientsysfwgit@intel.com> 
Date: Tue Jul 9 22:22:09 2019 +0530 
-------------------------------------------------------------------------------- 
[RS6] Add WWAN PCIe root port D3/L2 PEP constraint for ACPI D3Cold WWAN D3/L2 setting. This is required for DFx feature on RS6

Issue:
Add WWAN PCIe root port D3/L2 PEP constraint for ACPI D3Cold WWAN D3/L2 setting

Solution:
Added WWAN PCIe root port D3/L2 PEP constraint for ACPI D3Cold WWAN D3/L2 setting its required for Dfx feature.

Unit testing:
SUT booting to OS fine.

Hsd-es-id: 2207235592
Attestation-link: LakeFieldPlatSamplePkg/InternalOnly/IpPlan/Client BIOS IP Plan.xlsx
Original commit date: Tue Jun 18 11:18:42 2019 +0530
Change-Id: Id2ee7820479d548e3ad0bbf922e3feefc49f4401
Original commit hash: b6c5edd5250e21a8d1e3f672a06fdbefc4b86df4

-------------------------------------------------------------------------------- 
[Changed Files]
LakeFieldPlatSamplePkg/Acpi/AcpiTables/SsdtRtd3/LkfURvpRtd3.asl
LakeFieldPlatSamplePkg/Acpi/AcpiTables/SsdtRtd3/Rtd3PcieWwan.asl
LakeFieldPlatSamplePkg/Features/Pep/AcpiTables/Pep.asl
LakeFieldPlatSamplePkg/Setup/PlatformSetup.hfr

================================================================================ 
Commit: a4961c76db596c2f5418ad51c8fa1a7db8b3966c 
Author: ClientSysFWGit <clientsysfwgit@intel.com> 
Date: Tue Jul 9 22:22:08 2019 +0530 
-------------------------------------------------------------------------------- 
[TeamCity] LKF Auto-Commit DailyUpdate_FSP/RC version CI Increment FSP Revision Number and reset FSP Build Number to 1

Tue Jun 18 10:34:40 2019 -0700
Original commit date: Tue Jun 18 10:34:40 2019 -0700
Original commit hash: bc3e74c3346a6957d3d0b5d1ea44959f070b0d9e

-------------------------------------------------------------------------------- 
[Changed Files]
LakeFieldFspPkg/LakeFieldFspPkg.dec
LakeFieldSiliconPkg/SiPkg.dec

================================================================================ 
Commit: 6d2f2d6a494d4d0fa1f0ddda7329b8ca9043feea 
Author: ClientSysFWGit <clientsysfwgit@intel.com> 
Date: Tue Jul 9 22:22:07 2019 +0530 
-------------------------------------------------------------------------------- 
[MRC 153.24.0.0] Enable DOP Gating

By Default DopGating Setup Option will remain disabled
DopGating will only be applied when WeakLockEn setup option is enabled.

Hsd-es-id: NA
Attestation-link: LakeFieldPlatSamplePkg/InternalOnly/IpPlan/Client BIOS IP Plan.xlsx
Original commit date: Tue Jun 4 16:43:07 2019 +0530
Change-Id: I97e7860bb18484959fa50166e173e28c5d4cab66
Original commit hash: 2f264235f7ca29a82098a2bd0f1228d0252e31f9

-------------------------------------------------------------------------------- 
[Changed Files]
LakeFieldFspPkg/Library/PeiPolicyUpdatePreMemLib/PeiSaPolicyUpdatePreMem.c
LakeFieldFspPkg/Upd/FspmUpd.dsc
LakeFieldPlatSamplePkg/Include/SetupVariable.h
LakeFieldPlatSamplePkg/Library/PeiPolicyUpdateLib/PeiSaPolicyUpdatePreMem.c
LakeFieldPlatSamplePkg/Setup/SaSetup.hfr
LakeFieldPlatSamplePkg/Setup/SaSetup.uni
LakeFieldSiliconPkg/SystemAgent/Include/ConfigBlock/MemoryConfig.h
LakeFieldSiliconPkg/SystemAgent/MemoryInit/Include/MrcInterface.h
LakeFieldSiliconPkg/SystemAgent/MemoryInit/LibraryPrivate/PeiMemoryInitLib/MemoryInit.c
LakeFieldSiliconPkg/SystemAgent/MemoryInit/LibraryPrivate/PeiMemoryInitLib/Source/Api/MrcGeneral.c
LakeFieldSiliconPkg/SystemAgent/MemoryInit/LibraryPrivate/PeiMemoryInitLib/Source/Api/MrcGeneral.h
LakeFieldSiliconPkg/SystemAgent/MemoryInit/LibraryPrivate/PeiMemoryInitLib/Source/Include/MrcVersion.h

================================================================================ 
Commit: 1d861a1f025e9d179c0fddaa0b9048c6e16359b8 
Author: ClientSysFWGit <clientsysfwgit@intel.com> 
Date: Tue Jul 9 22:22:03 2019 +0530 
-------------------------------------------------------------------------------- 
[LKF]ICL to LKF Merge WW18 to WW23.

ISSUE: SYNC ICL changes to LKF (From WW18 to WW23).

FIX : Porting below changes to LKF.
836b8508d9b2465c12c6b015897be9fe19e01a17  Add power resource dependencies for RAID class storage           2207415929
689b923f8b9d7ac7dc8a1d01960dee06aefced06  Delete *bp*.bat, cbp*.bat and dobuild.bat from PlatSamplePkg     1507196633
d8ed4e571eac935aea1640ad29eb6fab87c5d391  IceLakePlatSamplePkg: ICL-U Observation with PM recipe settings  1607254442
c5d1c708e36e6b184fb6a3fd2cfe9a7e5c30805a  [ICL] ConvertBmpToGopBlt() insufficient data validation
                                          --- ClientCommonPkg                                              1409074242

UNIT TEST DETAILS:
FSP - SPI (Debug and Release) - Booted to OS, S4,S5,Restart working fine
FSP - BFX (Debug and Release) - Booted to OS, S4,S5,Restart working fine.

Hsd-es-id: https
Original commit date: Tue Jun 18 14:40:27 2019 +0530
Change-Id: I7a593947eb740a0a660f952abbc7e42535a98450
Original commit hash: e91d1391d5cb72a9a9679b8451281cce589cf4ee

-------------------------------------------------------------------------------- 
[Changed Files]
LakeFieldPlatSamplePkg/Acpi/AcpiTables/SsdtRtd3/Rtd3PcieSsdStorage.asl
LakeFieldPlatSamplePkg/Features/Pep/AcpiTables/PepPcieSsd.asl
LakeFieldPlatSamplePkg/PlatformInit/PlatformInitPei/PlatformInit.c
LakeFieldSiliconPkg/SystemAgent/Library/Private/PeiDisplayInitLib/PeiDisplayInitLib.c

================================================================================ 
Commit: 8ebc2fa0cebeeb76df1bb4a80f41193586051f28 
Author: ClientSysFWGit <clientsysfwgit@intel.com> 
Date: Tue Jul 9 22:22:01 2019 +0530 
-------------------------------------------------------------------------------- 
[LKF]Disable Software Guard in setup

ISSUE: SGX was enabled by default in setup. With this TPM enabled case,
       performance affected in BFX boot.

FIX  : Disabled SGX in setup

UINT TEST:
Booted to OS successfully
Boot time ~3.5 Seconds (TPM enabled BFX Performance boot).

Hsd-es-id: https
Original commit date: Tue Jun 18 13:50:45 2019 +0530
Change-Id: Id5822ea98ab81a48836d59158c8c2cc632349984
Original commit hash: 4d785f44bd9ae6f4f09648706bfcc2ef0f0742eb

-------------------------------------------------------------------------------- 
[Changed Files]
LakeFieldPlatSamplePkg/Setup/CpuSetup.hfr

================================================================================ 
Commit: dd1db097b287ff0efce5d2203c2d3bcc669b8731 
Author: ClientSysFWGit <clientsysfwgit@intel.com> 
Date: Tue Jul 9 22:22:00 2019 +0530 
-------------------------------------------------------------------------------- 
[LKF] Charging Applet is not working through power button

issue :
System is not booting to charging applet, when we do S4/S5 through power button from OS.

Root Cause:
if we do S4/S5 through power button,then system will restart for booting to charging applet.
on next boot, since power button is pressed we will consider, user pressed power so will boot to OS,
instead of charging applet.

Fix:
Need to clear power button timer in SXCallback function.

Testing:
System is booting to Charging applet through power button.

Hsd-es-id: https
Original commit date: Tue Jun 11 17:56:38 2019 +0530
Change-Id: I0f950172e39413c7f39ed2d1924c5754e1f7fa76
Original commit hash: b1b8dc257aa0434eacf5723ce88de29c2fb1a1a5

-------------------------------------------------------------------------------- 
[Changed Files]
LakeFieldPlatSamplePkg/Platform/SmmPlatform/Smm/SmmPlatform.c

================================================================================ 
Commit: 188e01d106428014083a1b0f14bd11111d4c67d7 
Author: ClientSysFWGit <clientsysfwgit@intel.com> 
Date: Tue Jul 9 22:21:58 2019 +0530 
-------------------------------------------------------------------------------- 
[TeamCity] LKF Auto-Commit DailyUpdate_FSP/RC version CI Increment FSP Revision Number and reset FSP Build Number to 1

Mon Jun 17 10:35:31 2019 -0700
Original commit date: Mon Jun 17 10:35:31 2019 -0700
Original commit hash: 8681b6c0b8ffe023b046cc0c777cb000739b159e

-------------------------------------------------------------------------------- 
[Changed Files]
LakeFieldFspPkg/LakeFieldFspPkg.dec
LakeFieldSiliconPkg/SiPkg.dec

================================================================================ 
Commit: 89ce7443d77d397b1ac8d64ec9f36d2a851f7285 
Author: ClientSysFWGit <clientsysfwgit@intel.com> 
Date: Tue Jul 9 22:21:57 2019 +0530 
-------------------------------------------------------------------------------- 
Revert "BIOS to program registers GPIO_CTL_1 and GPIO_CTL_2 to 0x707 to avoid these pins going HIGH by default"

This reverts commit d5d8f6d8f185a1c8fa0b5f87dc6fb05211f33443.
GOP is not released with the fix and BIOS has to wait for it to check-in changes.

Hsd-es-id: 1607347743
Original commit date: Mon Jun 17 00:18:12 2019 -0700
Change-Id: I3f203fcd05e797fefd1cdf4cb4e9ca575169af5d
Original commit hash: 5add7ec46a32a99a7463275befb860f9155f71d6

-------------------------------------------------------------------------------- 
[Changed Files]
LakeFieldSiliconPkg/SystemAgent/Include/Register/SaRegsIgd.h
LakeFieldSiliconPkg/SystemAgent/Library/Private/PeiSaInitLib/SaInitPreMem.c

================================================================================ 
Commit: 18c6672cc09ec2497529541c7f83ed7152f8bb11 
Author: ClientSysFWGit <clientsysfwgit@intel.com> 
Date: Tue Jul 9 22:21:56 2019 +0530 
-------------------------------------------------------------------------------- 
MRC Version 152,24,0,0 : Disabling ForceRxon by default

Unit test done:
Verified the boot to OS on A0 and B0 (Ddrfreq 2133,3200,4267)

Hsd-es-id: NA
Attestation-link: IceLakePlatSamplePkg/InternalOnly/IpPlan/Client BIOS IP Plan.xlsx
Original commit date: Mon Jun 17 14:17:16 2019 +0530
Change-Id: I3cda509517a1be697321fab0fc8bee1b957a1996
Original commit hash: dd3f066f2a13b36e12ac7cc1c605fc9a40b01033

-------------------------------------------------------------------------------- 
[Changed Files]
LakeFieldPlatSamplePkg/Setup/SaSetup.hfr
LakeFieldSiliconPkg/SystemAgent/MemoryInit/LibraryPrivate/PeiMemoryInitLib/Source/Include/MrcVersion.h

================================================================================ 
Commit: 004a510bbea025510004a45a6d6a30c4edbe82d8 
Author: ClientSysFWGit <clientsysfwgit@intel.com> 
Date: Tue Jul 9 22:21:54 2019 +0530 
-------------------------------------------------------------------------------- 
[LKF] perf BIOS not booting to BIOS setup page

issue: perf BIOS not booting to BIOS setup page when selecting boot to UEFI firmwarte setting
from recovery window (shift+restart)
Since GOP driver is not connected for FastBootEnabled case.

Solution:
if "OsIndication" variable is set to "1",connecting GOP driver for FastBoot

Hsd-es-id: 1607286923
Attestation-link: LakeFieldPlatSamplePkg/InternalOnly/IpPlan/Client BIOS IP Plan.xlsx
Original commit date: Thu Jun 13 16:52:25 2019 +0530
Change-Id: I4eeb02e498a6c125db3416dffb9b8fb0848ab120
Original commit hash: b39f292dcfeb851e71f40f1a4dbef131b60ac02a

-------------------------------------------------------------------------------- 
[Changed Files]
LakeFieldPlatSamplePkg/Library/DxePlatformBootManagerLib/BdsPlatform.c

================================================================================ 
Commit: a9569d8b94b85b6de077e760231cbe6d94cdf132 
Author: ClientSysFWGit <clientsysfwgit@intel.com> 
Date: Tue Jul 9 22:21:52 2019 +0530 
-------------------------------------------------------------------------------- 
[LKF B0 PO]System getting hang at 9C13 PC while Overriding Boot mode to Max Non-Turbo Performance Mode.

Problem: SUT hang at 9C13 PC after setup item "Boot Performance mode" changed to "Max Non-Turbo Mode"
Solution: Due to incorrect structure packing issue occured. made correct structure packing

Unit TestDone:
checked OS boot status without hang for
1. SPI-FSP -Release &Debug on A1 & B0 Silicons

Original commit date: Fri Jun 14 15:17:06 2019 +0530
Change-Id: I7bba1a9657d8bf08a767e4590b132230461907f9
Original commit hash: 7c31770b8a31951c64f64159c336c1b7404fa5b3

-------------------------------------------------------------------------------- 
[Changed Files]
LakeFieldSiliconPkg/Cpu/Include/Library/CpuPolicyLib.h

================================================================================ 
Commit: fa8829309d808daaa22164b9e1e3a44e29cd5326 
Author: ClientSysFWGit <clientsysfwgit@intel.com> 
Date: Tue Jul 9 22:21:51 2019 +0530 
-------------------------------------------------------------------------------- 
Integrate latest available GOP V1021

Hsd-es-id: 1607354253
Original commit date: Fri Jun 14 16:17:23 2019 +0530
Change-Id: I59a65b07850001cce8031045a50d71bd461c2fb6
Original commit hash: b7b41dbba88e5b721ad58fe637f85add206eef41

-------------------------------------------------------------------------------- 
[Changed Files]
LakeFieldFspBinPkg/SampleCode/Vbt/Vbt.bsf

================================================================================ 
Commit: 30a77eb7d91bf51665635fc33284efaa3abec951 
Author: ClientSysFWGit <clientsysfwgit@intel.com> 
Date: Tue Jul 9 22:21:50 2019 +0530 
-------------------------------------------------------------------------------- 
[TeamCity] LKF Auto-Commit DailyUpdate_FSP/RC version CI Increment FSP Revision Number and reset FSP Build Number to 1

Sun Jun 16 10:34:28 2019 -0700
Original commit date: Sun Jun 16 10:34:28 2019 -0700
Original commit hash: 33f24baa4e4fc3c9aabb3e47e365adbf6e71d725

-------------------------------------------------------------------------------- 
[Changed Files]
LakeFieldFspPkg/LakeFieldFspPkg.dec
LakeFieldSiliconPkg/SiPkg.dec

================================================================================ 
Commit: f1e0cf18388d8d88f9c7c710f003ece8a65998bb 
Author: ClientSysFWGit <clientsysfwgit@intel.com> 
Date: Tue Jul 9 22:21:48 2019 +0530 
-------------------------------------------------------------------------------- 
[TeamCity] LKF Auto-Commit DailyUpdate_FSP/RC version CI Increment FSP Revision Number and reset FSP Build Number to 1

Sat Jun 15 10:35:23 2019 -0700
Original commit date: Sat Jun 15 10:35:23 2019 -0700
Original commit hash: e10d2accb9ac2d39d52136373ce36e6a908e8cb0

-------------------------------------------------------------------------------- 
[Changed Files]
LakeFieldFspPkg/LakeFieldFspPkg.dec
LakeFieldSiliconPkg/SiPkg.dec

================================================================================ 
Commit: edeeb847aed6b2c09c176c885f412c9e295366e5 
Author: ClientSysFWGit <clientsysfwgit@intel.com> 
Date: Tue Jul 9 22:21:47 2019 +0530 
-------------------------------------------------------------------------------- 
[TeamCity] LKF Auto-Commit DailyUpdate_FSP/RC version CI Increment FSP Revision Number and reset FSP Build Number to 1

Fri Jun 14 10:35:03 2019 -0700
Original commit date: Fri Jun 14 10:35:03 2019 -0700
Original commit hash: 15b96a8d05e616cb850624f296ca2356cdc6120b

-------------------------------------------------------------------------------- 
[Changed Files]
LakeFieldFspPkg/LakeFieldFspPkg.dec
LakeFieldSiliconPkg/SiPkg.dec

================================================================================ 
Commit: 086ddbb50b82931571d72484ee5c5a9015ad3924 
Author: ClientSysFWGit <clientsysfwgit@intel.com> 
Date: Tue Jul 9 22:21:46 2019 +0530 
-------------------------------------------------------------------------------- 
BIOS to program registers GPIO_CTL_1 and GPIO_CTL_2 to 0x707 to avoid these pins going HIGH by default

The VIO and AVEE are coming from pins originally used for GMBUS DDC, so they have pullup internal to the PCH display.  We need to disable that pullup before BIOS enables the GPIO.
1. If using 1st MIPI panel, BIOS set GPIO_CTL_1 0xC5014 = 0x00000707 to drive the port A DDC clock and data pin outputs to 0.
2. If using 2nd MIPI panel, BIOS set GPIO_CTL_2 0xC5018 = 0x00000707 to drive the port B DDC clock and data pin outputs to 0.

Hsd-es-id: 1607347743
Original commit date: Wed Jun 12 16:00:56 2019 +0530
Change-Id: I09071dde3cf330e1ba1a24414397e0d2531f9ca7
Original commit hash: d5d8f6d8f185a1c8fa0b5f87dc6fb05211f33443

-------------------------------------------------------------------------------- 
[Changed Files]
LakeFieldSiliconPkg/SystemAgent/Include/Register/SaRegsIgd.h
LakeFieldSiliconPkg/SystemAgent/Library/Private/PeiSaInitLib/SaInitPreMem.c

================================================================================ 
Commit: ec88e52b53b91711eccb097d71d3b82ff6dcf78f 
Author: ClientSysFWGit <clientsysfwgit@intel.com> 
Date: Tue Jul 9 22:21:44 2019 +0530 
-------------------------------------------------------------------------------- 
Indicate PCIe lane ownership for dflex capable lanes

Since type-C FIA supports dflex feature which allows
it to change lane ownership during system runtime we have
to tell other software components in the system that those
lanes can be potentially owned by IP which doesn't own it
at the moment of actual check. To do this we extended the
PchFiaGetPcieLaneNum to indicate that given lane can be owned
by PCIe root port during system runtime rather then check if it
is owned right now. Other IPs that could potentially own dflex
capable FIA lanes don't check it right now so we only update for
PCIe.

Hsd-es-id: 1507240853
Attestation-link: LakeFieldPlatSamplePkg/InternalOnly/IpPlan/Client BIOS IP Plan.xlsx
Original commit date: Mon Jun 10 15:09:44 2019 +0200
Change-Id: Iaac3ad3fa3c1ddc9bd5c0b2c6d56b73d03f3a96f
Original commit hash: eee72b648a5d5002a383896109ad5e3352b424b3

-------------------------------------------------------------------------------- 
[Changed Files]
LakeFieldSiliconPkg/Pch/Library/Private/PeiPchFiaLib/PchFiaLibLkf.c

================================================================================ 
Commit: b4cdf52d8737651abab378fa3bbd2bbde9606457 
Author: ClientSysFWGit <clientsysfwgit@intel.com> 
Date: Tue Jul 9 22:21:43 2019 +0530 
-------------------------------------------------------------------------------- 
[TeamCity] LKF Auto-Commit DailyUpdate_FSP/RC version CI Increment FSP Revision Number and reset FSP Build Number to 1

Thu Jun 13 10:34:39 2019 -0700
Original commit date: Thu Jun 13 10:34:39 2019 -0700
Original commit hash: 9918ae4075a908b3e40f5a54af52312e8f916595

-------------------------------------------------------------------------------- 
[Changed Files]
LakeFieldFspPkg/LakeFieldFspPkg.dec
LakeFieldSiliconPkg/SiPkg.dec

================================================================================ 
Commit: 032bbed144029dda652f7ec9427e267df22de494 
Author: ClientSysFWGit <clientsysfwgit@intel.com> 
Date: Tue Jul 9 22:21:41 2019 +0530 
-------------------------------------------------------------------------------- 
[TeamCity] LKF Auto-Commit DailyUpdate_FSP/RC version CI Increment FSP Revision Number and reset FSP Build Number to 1

Wed Jun 12 10:34:29 2019 -0700
Original commit date: Wed Jun 12 10:34:29 2019 -0700
Original commit hash: e8e19458bb853b9007aa5ecf70711dc8e0743701

-------------------------------------------------------------------------------- 
[Changed Files]
LakeFieldFspPkg/LakeFieldFspPkg.dec
LakeFieldSiliconPkg/SiPkg.dec

================================================================================ 
Commit: 72ac576ee40c337e7fbeec7a8bbbdadaa841cadc 
Author: ClientSysFWGit <clientsysfwgit@intel.com> 
Date: Tue Jul 9 22:21:40 2019 +0530 
-------------------------------------------------------------------------------- 
Labelling LKF Bios label 3243

Wed Jun 12 15:42:53 2019 +0530
Original commit date: Wed Jun 12 15:42:53 2019 +0530
Change-Id: Ibd9b38e1bdf21a8684586caefeed6d4743c52a72
Original commit hash: e09e50412c4151c4c8540edb85a12669b91a2543

-------------------------------------------------------------------------------- 
[Changed Files]
LakeFieldPlatSamplePkg/Tools/GenBiosId/BiosId.env

================================================================================ 
Commit: fae5064654dae336298b11dc997ba64fc415a5a6 
Author: ClientSysFWGit <clientsysfwgit@intel.com> 
Date: Tue Jul 9 22:21:39 2019 +0530 
-------------------------------------------------------------------------------- 
[LKF RVP A1][BIOS]: observed potentials issues while running PepBiosChecker Tool V 2.1.0.0

Problem: PepBiosChekcer exposing UFS controller in SPI boot
Solution: Read the UFS controller presence from its PCI space & Update the respective Pep information

Unit TestDone:
checked OS boot status for
1. SPI-FSP -Release &Debug
2. In OS, run the pepchecker tool to know UFS controller existance.

Original commit date: Tue Jun 11 17:40:10 2019 +0530
Change-Id: Iab6eab195b51d3b791944592a749d9de0c9167ad
Original commit hash: efd1dc272820fbb2ac641ed5412603e3f175f6bc

-------------------------------------------------------------------------------- 
[Changed Files]
LakeFieldPlatSamplePkg/Acpi/AcpiTables/AcpiPlatform/Dxe/AcpiPlatform.c
LakeFieldPlatSamplePkg/Include/SetupVariable.h

================================================================================ 
Commit: 48384dfe99cc6077639cf7332e59756663560cad 
Author: ClientSysFWGit <clientsysfwgit@intel.com> 
Date: Tue Jul 9 22:21:37 2019 +0530 
-------------------------------------------------------------------------------- 
Lakefield B0 (CPUID 0x806a1) Unified (uCode+Punit) Production Patch #002 and SV-Debug #80001002
- Updated with ucode and pcode fixes

Hsd-es-id: NA
Attestation-link: LakeFieldPlatSamplePkg/InternalOnly/IpPlan/Client BIOS IP Plan.xlsx
Original commit date: Wed Jun 12 14:30:28 2019 +0530
Change-Id: I3e5a5d597fc552cd4b920f8f82f2e332e5681448
Original commit hash: fe53166ab0d9de040efca9e27440ac5a0b104a82

-------------------------------------------------------------------------------- 
[Changed Files]
LakeFieldPlatSamplePkg/PlatformPkg.fdf

================================================================================ 
Commit: a8caea6df40a86681279f43fd24ff42369483eff 
Author: ClientSysFWGit <clientsysfwgit@intel.com> 
Date: Tue Jul 9 22:21:35 2019 +0530 
-------------------------------------------------------------------------------- 
[TeamCity] LKF Auto-Commit DailyUpdate_FSP/RC version CI Increment FSP Revision Number and reset FSP Build Number to 1

Tue Jun 11 10:34:58 2019 -0700
Original commit date: Tue Jun 11 10:34:58 2019 -0700
Original commit hash: e8b0a6ddcd4fca01f5e19764900ab4c9bce4c9b3

-------------------------------------------------------------------------------- 
[Changed Files]
LakeFieldFspPkg/LakeFieldFspPkg.dec
LakeFieldSiliconPkg/SiPkg.dec

================================================================================ 
Commit: cb0d5a8178798e39fdeb7709463b9b22ce541001 
Author: ClientSysFWGit <clientsysfwgit@intel.com> 
Date: Tue Jul 9 22:21:34 2019 +0530 
-------------------------------------------------------------------------------- 
[MRC 151.24.0.0] Fix LKF BO hmrc stuck at postcode dd23

Hsd-es-id: 1507184072
Attestation-link: LakeFieldPlatSamplePkg/InternalOnly/IpPlan/Client BIOS IP Plan.xlsx
Original commit date: Tue Jun 11 11:25:42 2019 +0530
Change-Id: I02cac95b34314596e0b3f54bc8a1081aaf1ba2b3
Original commit hash: bd27c24f31e868dbf70ab51b3d713a46ec7c8667

-------------------------------------------------------------------------------- 
[Changed Files]
LakeFieldSiliconPkg/SystemAgent/MemoryInit/LibraryPrivate/PeiMemoryInitLib/Source/Include/MrcVersion.h
LakeFieldSiliconPkg/SystemAgent/MemoryInit/MiniBios/MEMORY/MrcOemPlatform.c

================================================================================ 
Commit: 953b27c32b714dba1e533040d7bf8aa4694affbe 
Author: ClientSysFWGit <clientsysfwgit@intel.com> 
Date: Tue Jul 9 22:21:33 2019 +0530 
-------------------------------------------------------------------------------- 
System is not booting after interrupting the FT Seamless Monolithic capsule update on UFS boot

Issue: In Seamless recovery update, if ME is in recovery mode BIOS does not load Storage Proxy driver in UFS boot and hence
       BIOS fails to re-trigger the ME update. This makes system boot in ME recovery mode to OS without proper ME update.
FIx:   Make storage proxy service available in ME recovery mode since HECI1 is available in ME recovery mode.

Hsd-es-id: 1607221306
Attestation-link: Intel\LakeFieldPlatSamplePkg\InternalOnly\IpPlan\Client BIOS IP Plan.xlsx
Original commit date: Tue Jun 11 11:02:16 2019 +0530
Change-Id: I45035e6b36f91b55da277eacc9e4f3991b8240c2
Original commit hash: 30c00f1a7d5ddb895c815a7cada34489d8c4fb9a

-------------------------------------------------------------------------------- 
[Changed Files]
LakeFieldSiliconPkg/Me/StorageProxy/Dxe/StorageProxyDxe.c

================================================================================ 
Commit: 6c2d2b63a1dcdc72f6449f654e1514ba371d5120 
Author: ClientSysFWGit <clientsysfwgit@intel.com> 
Date: Tue Jul 9 22:21:31 2019 +0530 
-------------------------------------------------------------------------------- 
[LKF][THC] Infinite loop for THC polling

Added Timeout to protect from infinite loop and assert whenever such occurs.

Hsd-es-id: 1607264717
Original commit date: Wed Jun 5 17:40:44 2019 -0700
Change-Id: I63625fdf78cb9331585f15e6267d47c7add47e2c
Original commit hash: 18e08e246d7487c9ae643cb25a55a93081aebac1

-------------------------------------------------------------------------------- 
[Changed Files]
LakeFieldSiliconPkg/Pch/Thc/ThcDriver.c
LakeFieldSiliconPkg/Pch/Thc/ThcPrivate.h

================================================================================ 
Commit: fbbb4d1a77c3654930781bf70cc7390cf44ddb9c 
Author: ClientSysFWGit <clientsysfwgit@intel.com> 
Date: Tue Jul 9 22:21:30 2019 +0530 
-------------------------------------------------------------------------------- 
[TeamCity] LKF Auto-Commit DailyUpdate_FSP/RC version CI Increment FSP Revision Number and reset FSP Build Number to 1

Mon Jun 10 10:34:24 2019 -0700
Original commit date: Mon Jun 10 10:34:24 2019 -0700
Original commit hash: af482a3aaf873ecc7fb17252ecf6bf9aaf98530a

-------------------------------------------------------------------------------- 
[Changed Files]
LakeFieldFspPkg/LakeFieldFspPkg.dec
LakeFieldSiliconPkg/SiPkg.dec

================================================================================ 
Commit: 2a5eb072835d8182f7b0a2de59a3bab08365e2eb 
Author: ClientSysFWGit <clientsysfwgit@intel.com> 
Date: Tue Jul 9 22:21:29 2019 +0530 
-------------------------------------------------------------------------------- 
[MRC 151.23.0.0] DDR-PHY PnP Settings

Hsd-es-id: 1507232164
Attestation-link: LakeFieldPlatSamplePkg/InternalOnly/IpPlan/Client BIOS IP Plan.xlsx
Original commit date: Tue Jun 4 11:59:58 2019 +0530
Change-Id: I2c04f4588e22d8c69c6412ab01efcb9dc92d579e
Original commit hash: f8ac68c28724ac0c71b6bafb8e548a53a9c9b2c2

-------------------------------------------------------------------------------- 
[Changed Files]
LakeFieldSiliconPkg/SystemAgent/MemoryInit/LibraryPrivate/PeiMemoryInitLib/Source/Include/MrcVersion.h
LakeFieldSiliconPkg/SystemAgent/MemoryInit/LibraryPrivate/PeiMemoryInitLib/Source/Services/MrcStaticGenerated.c
LakeFieldSiliconPkg/SystemAgent/MemoryInit/LibraryPrivate/PeiMemoryInitLib/Source/WriteTraining/MrcWriteLeveling.c

================================================================================ 
Commit: 10c2afcae85d95990467720551138743999f2487 
Author: ClientSysFWGit <clientsysfwgit@intel.com> 
Date: Tue Jul 9 22:21:27 2019 +0530 
-------------------------------------------------------------------------------- 
Can not catch trace log via UART for ISH

Update ISH UART Pin muxing settings

Hsd-es-id: 1506990550
Attestation-link: LakeFieldPlatSamplePkg/InternalOnly/IpPlan/Client BIOS IP Plan.xlsx
Original commit date: Fri Jun 7 14:32:27 2019 +0200
Change-Id: Ia7762dd475dfcdf682797d582d38d7f3cf2e75aa
Original commit hash: a10c37ad0c662779547286b84465e60bc74c3aab

-------------------------------------------------------------------------------- 
[Changed Files]
LakeFieldPlatSamplePkg/Library/PeiPolicyUpdateLib/PeiPchPolicyUpdatePreMem.c

================================================================================ 
Commit: 01ac04d7f807f915519932768706a8de1b404840 
Author: ClientSysFWGit <clientsysfwgit@intel.com> 
Date: Tue Jul 9 22:21:24 2019 +0530 
-------------------------------------------------------------------------------- 
[TeamCity] LKF Auto-Commit DailyUpdate_FSP/RC version CI Increment FSP Revision Number and reset FSP Build Number to 1

Sun Jun 9 10:34:17 2019 -0700
Original commit date: Sun Jun 9 10:34:17 2019 -0700
Original commit hash: bb1fdb4a00555fda5ec281bcd1ead572273a2a83

-------------------------------------------------------------------------------- 
[Changed Files]
LakeFieldFspPkg/LakeFieldFspPkg.dec
LakeFieldSiliconPkg/SiPkg.dec

================================================================================ 
Commit: c8af003875d8fdac6b4d298b590903629336047e 
Author: ClientSysFWGit <clientsysfwgit@intel.com> 
Date: Tue Jul 9 22:21:23 2019 +0530 
-------------------------------------------------------------------------------- 
[TeamCity] LKF Auto-Commit DailyUpdate_FSP/RC version CI Increment FSP Revision Number and reset FSP Build Number to 1

Sat Jun 8 10:34:34 2019 -0700
Original commit date: Sat Jun 8 10:34:34 2019 -0700
Original commit hash: fdd0fd32e87fb6a8c5095986f51fc2755185b988

-------------------------------------------------------------------------------- 
[Changed Files]
LakeFieldFspPkg/LakeFieldFspPkg.dec
LakeFieldSiliconPkg/SiPkg.dec

================================================================================ 
Commit: 00e474c306549f4d184cadd5bebe32c428b91660 
Author: ClientSysFWGit <clientsysfwgit@intel.com> 
Date: Tue Jul 9 22:21:22 2019 +0530 
-------------------------------------------------------------------------------- 
[TeamCity] LKF Auto-Commit DailyUpdate_FSP/RC version CI Increment FSP Revision Number and reset FSP Build Number to 1

Fri Jun 7 10:34:35 2019 -0700
Original commit date: Fri Jun 7 10:34:35 2019 -0700
Original commit hash: 6126cf7d7f484f3b3676f843e57c74a910ef649d

-------------------------------------------------------------------------------- 
[Changed Files]
LakeFieldFspPkg/LakeFieldFspPkg.dec
LakeFieldSiliconPkg/SiPkg.dec

================================================================================ 
Commit: 026324a8fa37c55ffaea09faff5e45619818b936 
Author: ClientSysFWGit <clientsysfwgit@intel.com> 
Date: Tue Jul 9 22:21:20 2019 +0530 
-------------------------------------------------------------------------------- 
Changing BIOS ID to 3235.00 for 19'WW23.5 BIOS label.

Original commit date: Fri Jun 7 15:57:06 2019 +0530
Change-Id: Ib0f73153faf31cadaba93720d4abc08ca3fd022f
Original commit hash: 774cb4f96fb5793ba6b39e48d205112375968db0

-------------------------------------------------------------------------------- 
[Changed Files]
LakeFieldPlatSamplePkg/Tools/GenBiosId/BiosId.env

================================================================================ 
Commit: 0a6810d48341cd82bbdac34058fceb610e2315c4 
Author: ClientSysFWGit <clientsysfwgit@intel.com> 
Date: Tue Jul 9 22:21:19 2019 +0530 
-------------------------------------------------------------------------------- 
Revert "Lakefield B0 (CPUID 0x806a1) Unified (uCode+Punit) Production Patch #001 and SV-Debug #80001001"

This reverts commit b1ffc8fd9600071a67e5a618d358d2cabca6c8b7.

Fri Jun 7 15:49:40 2019 +0530
Original commit date: Fri Jun 7 15:49:40 2019 +0530
Original commit hash: f641a73c5386024f34de9d913b06ddacb48b8246

-------------------------------------------------------------------------------- 
[Changed Files]
LakeFieldPlatSamplePkg/PlatformPkg.fdf

================================================================================ 
Commit: fbed4c5bf9d1aa083e011dc26249f5827e47f559 
Author: ClientSysFWGit <clientsysfwgit@intel.com> 
Date: Tue Jul 9 22:21:17 2019 +0530 
-------------------------------------------------------------------------------- 
[LKF} charging configuration and applet settings needs to be enabled in BIOS

Charging Applet should be enabled by default.

Testing:
 System is booting to Charging Applet and OS.

Original commit date: Thu Jun 6 12:32:18 2019 +0530
Change-Id: I85c26f5138a062f81fb89cc838cdacb34d92cf88
Original commit hash: 163a84499a00dc36ad03ba29c5de63bd797bf974

-------------------------------------------------------------------------------- 
[Changed Files]
LakeFieldPlatSamplePkg/Setup/PlatformSetup.hfr

================================================================================ 
Commit: 255ebd782fba2edbdb91b941bfcdc1fd76bfe88b 
Author: ClientSysFWGit <clientsysfwgit@intel.com> 
Date: Tue Jul 9 22:21:16 2019 +0530 
-------------------------------------------------------------------------------- 
Enable c-state by default for B0 silicon

Problem: C states are disabled by default
Solution: Enabled C-states by default for B0

Unit TestDone:
checked OS boot status for
1. SPI-FSP -Release &Debug

Original commit date: Fri Jun 7 12:22:30 2019 +0530
Change-Id: I9b9a5d327640613c362fc8db789c714965da139f
Original commit hash: 52b205d470222f2fee46a4cc3125705a425fade2

-------------------------------------------------------------------------------- 
[Changed Files]
LakeFieldPlatSamplePkg/Library/PeiPolicyDebugLib/PeiCpuPolicyDebugLib.c
LakeFieldPlatSamplePkg/Setup/CpuSetup.hfr

================================================================================ 
Commit: 71987da9b293fbd43e5fd76527a7ea7e75df82e1 
Author: ClientSysFWGit <clientsysfwgit@intel.com> 
Date: Tue Jul 9 22:21:14 2019 +0530 
-------------------------------------------------------------------------------- 
Incrementing MrcVersion --> 150,23,0,0 for Enabling SaGv by default

Original commit date: Fri Jun 7 12:23:06 2019 +0530
Change-Id: Idf3543542df2a40f33f8182a3959a0f94951e38c
Original commit hash: 7310ed9a4c0bcfc2bc1f6db4a551c214d39901f4

-------------------------------------------------------------------------------- 
[Changed Files]
LakeFieldSiliconPkg/SystemAgent/MemoryInit/LibraryPrivate/PeiMemoryInitLib/Source/Include/MrcVersion.h

================================================================================ 
Commit: 37a6fa8f664b2b90e80fc3c613e38b89ac791afd 
Author: ClientSysFWGit <clientsysfwgit@intel.com> 
Date: Tue Jul 9 22:21:13 2019 +0530 
-------------------------------------------------------------------------------- 
Enabling SaGv by default and SaGv will be disabled for CPU stepping A1/A0

UNIT test done:
Verified Boot to OS on B0 - FSP SPI debug and release (Sagv enabled & 4267MHz DDR frequency)

Original commit date: Tue Jun 4 16:08:32 2019 +0530
Change-Id: Idc6301151ef9e61f6506089d9357bba0c86c5ffc
Original commit hash: a40f89fb193374d27b9ce010d665aa59e582fd8e

-------------------------------------------------------------------------------- 
[Changed Files]
LakeFieldPlatSamplePkg/Setup/SaSetup.hfr
LakeFieldSiliconPkg/SystemAgent/MemoryInit/LibraryPrivate/PeiMemoryInitLib/MemoryInit.c

================================================================================ 
Commit: 311b7e784399928d023125d51c4aee295d4c0308 
Author: ClientSysFWGit <clientsysfwgit@intel.com> 
Date: Tue Jul 9 22:21:12 2019 +0530 
-------------------------------------------------------------------------------- 
Lakefield B0 (CPUID 0x806a1) Unified (uCode+Punit) Production Patch #001 and SV-Debug #80001001
 - First Production patch for LKF B0

Hsd-es-id: NA
Attestation-link: LakeFieldPlatSamplePkg/InternalOnly/IpPlan/Client BIOS IP Plan.xlsx
Original commit date: Tue Jun 4 15:53:51 2019 +0530
Change-Id: I5ae85fc61c40df772bd76a102a415fc571c8091b
Original commit hash: b1ffc8fd9600071a67e5a618d358d2cabca6c8b7

-------------------------------------------------------------------------------- 
[Changed Files]
LakeFieldPlatSamplePkg/PlatformPkg.fdf

================================================================================ 
Commit: 5e493b4be131240a647bdeadca52dfbbb53dc7f1 
Author: ClientSysFWGit <clientsysfwgit@intel.com> 
Date: Tue Jul 9 22:21:10 2019 +0530 
-------------------------------------------------------------------------------- 
[TeamCity] LKF Auto-Commit DailyUpdate_FSP/RC version CI Increment FSP Revision Number and reset FSP Build Number to 1

Thu Jun 6 10:35:03 2019 -0700
Original commit date: Thu Jun 6 10:35:03 2019 -0700
Original commit hash: 860d0d4dad5450e04f93193afa5c76cc640c3cbd

-------------------------------------------------------------------------------- 
[Changed Files]
LakeFieldFspPkg/LakeFieldFspPkg.dec
LakeFieldSiliconPkg/SiPkg.dec

================================================================================ 
Commit: 192a20caab7f292e58319e6c70b589b8d0912fee 
Author: ClientSysFWGit <clientsysfwgit@intel.com> 
Date: Tue Jul 9 22:21:09 2019 +0530 
-------------------------------------------------------------------------------- 
Incrementing MrcVersion --> 149,23,0,0 for Optimizing ReadtimingCentering

Original commit date: Thu Jun 6 21:15:54 2019 +0530
Change-Id: I501b2aa2dcea9df4a1194e33d0e0d93c5cd8a2df
Original commit hash: c18cc5117c6d6cec4eec23d14aba2fd0efcd2d1a

-------------------------------------------------------------------------------- 
[Changed Files]
LakeFieldSiliconPkg/SystemAgent/MemoryInit/LibraryPrivate/PeiMemoryInitLib/Source/Include/MrcVersion.h

================================================================================ 
Commit: a5de66c952c24c75a23a254347f003bdf6182dd7 
Author: ClientSysFWGit <clientsysfwgit@intel.com> 
Date: Tue Jul 9 22:21:07 2019 +0530 
-------------------------------------------------------------------------------- 
MRC Version 148,23,0,0: Optimizing ReadtimingCentering

UNIT test done:
QRVT(A0 silicon)
Verified Boot to OS, Restart from OS, Reset -w -> FSP SPI debug & release BIOS
QSTK (B0 silicon)
Verified Boot to OS -> 2133,3200,4267 FSP SPI debug & release BIOS

Hsd-es-id: 2207676095
Tracker-link: https://hsdes.intel.com/appstore/article/#/2207676068
Attestation-link: IceLakePlatSamplePkg/InternalOnly/IpPlan/Client BIOS IP Plan.xlsx
Original commit date: Tue Jun 4 11:48:35 2019 +0530
Change-Id: Id98d10b13011598b273505ec5af2f577d72d75a5
Original commit hash: e38661e4b89209115cd835faf00b9ae5971e4224

-------------------------------------------------------------------------------- 
[Changed Files]
LakeFieldSiliconPkg/SystemAgent/MemoryInit/LibraryPrivate/PeiMemoryInitLib/Source/ReadTraining/MrcReadDqDqs.c
LakeFieldSiliconPkg/SystemAgent/MemoryInit/LibraryPrivate/PeiMemoryInitLib/Source/Services/MrcCommon.c
LakeFieldSiliconPkg/SystemAgent/MemoryInit/MiniBios/MEMORY/MrcSetup.c

================================================================================ 
Commit: 7e3332ff9f468574252591c98482d517a79f9642 
Author: ClientSysFWGit <clientsysfwgit@intel.com> 
Date: Tue Jul 9 22:21:05 2019 +0530 
-------------------------------------------------------------------------------- 
[wospm] BIOS to provide information from IPC1 interface via DSM in a buffer.

Issue: Need to share the proper LPM register data to pep driver.

Solution: Shared the LPM register data via DSM method to pep driver.

Unit Testing : SUT booting to OS fine

Hsd-es-id: 2207525133
Attestation-link: LakeFieldPlatSamplePkg/InternalOnly/IpPlan/ClientBIOS IP Plan.xlsx
Original commit date: Thu May 16 14:01:50 2019 +0530
Change-Id: I64284c36f895845b3e25764748dea35c4d4052bd
Original commit hash: 3e3551b8ef823edd7a538f47c18858d3a8d646c1

-------------------------------------------------------------------------------- 
[Changed Files]
LakeFieldPlatSamplePkg/Features/Pep/AcpiTables/Pep.asl
LakeFieldPlatSamplePkg/PlatformInit/PlatformInitDxe/PlatformInitDxe.c
LakeFieldPlatSamplePkg/PlatformInit/PlatformInitDxe/PlatformInitDxe.inf

================================================================================ 
Commit: 16c4c954c6bd5e7d1e08317588638a9249ffbea8 
Author: ClientSysFWGit <clientsysfwgit@intel.com> 
Date: Tue Jul 9 22:21:04 2019 +0530 
-------------------------------------------------------------------------------- 
BIOS Changes for disabling MSBDD

Issue:
SV Validation is blocked on all set ups using Windows 10 RS5 or beyond, as we aren't able to enable the headless mode as the MSBDD is installed by default.

Solution:
1. Added setup option inside the Test menu to handle below things.
2. Skipped SetBIOSDone from Bios flow
3. Clear bit4 of PCI reg( 0,0,0) offset 0x54 after PCI enumeration is complete.

Unit Testing:
After Enabled the setup option Skipped the SetBiosdone from bios flow confirmed with Debug log and
verified the bit4 cleared of PCI (0,0,0) 0x54 offset.

Hsd-es-id: 1607102742
Attestation-link: Intel\LakeFieldPlatSamplePkg\InternalOnly\IpPlan\Client BIOS IP Plan.xlsx
Original commit date: Wed May 15 14:38:48 2019 +0530
Change-Id: I8b20e33e36a4e9d44fa2aee1393e296df4d697d3
Original commit hash: 3a8fd05259298be20e2b1c574399f882752f8bd6

-------------------------------------------------------------------------------- 
[Changed Files]
LakeFieldFspPkg/Library/PeiPolicyUpdateLib/PeiSiPolicyUpdate.c
LakeFieldPlatSamplePkg/PlatformInit/PlatformInitDxe/SaPlatformInitDxe.c
LakeFieldSiliconPkg/Include/ConfigBlock/SiConfig.h
LakeFieldSiliconPkg/SiInit/Pei/SiInit.c

================================================================================ 
Commit: d064c2e25744fccd3f460efd9dbbe9ceece8abf9 
Author: ClientSysFWGit <clientsysfwgit@intel.com> 
Date: Tue Jul 9 22:21:02 2019 +0530 
-------------------------------------------------------------------------------- 
[TeamCity] LKF Auto-Commit DailyUpdate_FSP/RC version CI Increment FSP Revision Number and reset FSP Build Number to 1

Wed Jun 5 10:39:18 2019 -0700
Original commit date: Wed Jun 5 10:39:18 2019 -0700
Original commit hash: 8e8bceee66b06aacc50e1dacd3d89eb3dc779efb

-------------------------------------------------------------------------------- 
[Changed Files]
LakeFieldFspPkg/LakeFieldFspPkg.dec
LakeFieldSiliconPkg/SiPkg.dec

================================================================================ 
Commit: 43de56bac40d268e159438d4fffffc5cd0b03eef 
Author: ClientSysFWGit <clientsysfwgit@intel.com> 
Date: Tue Jul 9 22:21:01 2019 +0530 
-------------------------------------------------------------------------------- 
[VTIO] Update SDEV table to reflect correct BDF values for XHCI controller

Function value for LFK is Function 4. Using one-hot vector notation, setting the value to 0x10

Hsd-es-id: 1409466701
Original commit date: Fri May 31 16:47:25 2019 -0700
Change-Id: If0665cb0b7c49b6d7ca1d627c254fa052444d859
Original commit hash: 4f47090dcf054c91ed575cc8517f4c61cfb96b72

-------------------------------------------------------------------------------- 
[Changed Files]
LakeFieldPlatSamplePkg/Vtio/Dxe/VtioDxe.c

================================================================================ 
Commit: 7e34ffa11730b8d7a138c52278b9258d78740180 
Author: ClientSysFWGit <clientsysfwgit@intel.com> 
Date: Tue Jul 9 22:20:59 2019 +0530 
-------------------------------------------------------------------------------- 
[TeamCity] LKF Auto-Commit DailyUpdate_FSP/RC version CI Increment FSP Revision Number and reset FSP Build Number to 1

Tue Jun 4 10:37:41 2019 -0700
Original commit date: Tue Jun 4 10:37:41 2019 -0700
Original commit hash: 3ef7fdc7cfab7c5638cafb2e5c1297ad15e909c4

-------------------------------------------------------------------------------- 
[Changed Files]
LakeFieldFspPkg/LakeFieldFspPkg.dec
LakeFieldSiliconPkg/SiPkg.dec

================================================================================ 
Commit: f8907a3abadbf31de0475557cc02164da5b73e89 
Author: ClientSysFWGit <clientsysfwgit@intel.com> 
Date: Tue Jul 9 22:20:58 2019 +0530 
-------------------------------------------------------------------------------- 
[MRC 148.23.0.0] Adding SenseAmp Delay Calculation Equation (Applicable only for  Lkf B stepping)

Hsd-es-id: 1409356776
Attestation-link: LakeFieldPlatSamplePkg/InternalOnly/IpPlan/Client BIOS IP Plan.xlsx
Original commit date: Wed May 22 15:27:00 2019 +0530
Change-Id: I18d69a50162c83d84e33df0a28bbb0cefcf2edcd
Original commit hash: 0e11f388aded0ab4e4a603c514b34956ec4f9843

-------------------------------------------------------------------------------- 
[Changed Files]
LakeFieldSiliconPkg/SystemAgent/MemoryInit/LibraryPrivate/PeiMemoryInitLib/Source/Include/MrcRegisters/Lakefield/MrcMcRegisterLkf0xxx.h
LakeFieldSiliconPkg/SystemAgent/MemoryInit/LibraryPrivate/PeiMemoryInitLib/Source/Include/MrcVersion.h
LakeFieldSiliconPkg/SystemAgent/MemoryInit/LibraryPrivate/PeiMemoryInitLib/Source/ReadTraining/MrcReadReceiveEnable.c
LakeFieldSiliconPkg/SystemAgent/MemoryInit/LibraryPrivate/PeiMemoryInitLib/Source/ReadTraining/MrcReadReceiveEnable.h

================================================================================ 
Commit: ac393318595183664d6ef774c75b6e4ed103a9c1 
Author: ClientSysFWGit <clientsysfwgit@intel.com> 
Date: Tue Jul 9 22:20:55 2019 +0530 
-------------------------------------------------------------------------------- 
[LKF-A1][BIOS] LKF BIOS PMIC NVM programming reference/sample code should reboot only once

Issue:
 WRC and CSC PMIC NVM implements a platform restart after programming each PMIC NVM.
 This implies that entire new test station and operator need to be added to hit production targets.

Solution:
 Issue a platform reset once after WRC & CSC NVM update done.

Unit Testing:
 Sytem booting to OS with this change.
 Verified the platform reset functionality after NVM update happen.

Thanks,
Yuvaraj

Hsd-es-id: 1506211325
Attestation-link: LakeFieldPlatSamplePkg/InternalOnly/IpPlan/ClientBIOS IP Plan.xlsx
Original commit date: Fri May 31 18:12:23 2019 +0530
Change-Id: Ifadb2fefab2f2a49bcfb2e1b9bd9028f9b4c3b8c
Original commit hash: e6411b64ac9100c2d16fd3cafe53743528849e69

-------------------------------------------------------------------------------- 
[Changed Files]
LakeFieldPlatSamplePkg/Features/Pmic/PmicNvm/CastroCove/CastroCovePmicNvm.c
LakeFieldPlatSamplePkg/Features/Pmic/PmicNvm/CastroCove/CastroCovePmicNvm.inf
LakeFieldPlatSamplePkg/Features/Pmic/PmicNvm/WarrenCove/WarrenCovePmicNvm.c
LakeFieldPlatSamplePkg/Features/Pmic/PmicNvm/WarrenCove/WarrenCovePmicNvm.inf
LakeFieldPlatSamplePkg/PlatformPkg.dec

================================================================================ 
Commit: 291d32e82e68e297f27ece732be93a588cde812d 
Author: ClientSysFWGit <clientsysfwgit@intel.com> 
Date: Tue Jul 9 22:20:53 2019 +0530 
-------------------------------------------------------------------------------- 
[LKF]: Enable Power gating for MMP Port 0xB1

This patch sets the Power gating Enable for MMP Port 0xB1.

Hsd-es-id: 1607308242
Attestation-link: Intel\LakeFieldPlatSamplePkg\InternalOnly\IpPlan\Client BIOS IP Plan.xlsx
Original commit date: Wed May 29 14:51:39 2019 +0530
Change-Id: Ibd3e7aa240903037f7cd60c21b8c6c23189241ba
Original commit hash: 9a3b5bb76359ba5184d7cdc8b925651ccda51fbd

-------------------------------------------------------------------------------- 
[Changed Files]
LakeFieldSiliconPkg/Pch/Library/Private/PeiScsLib/ScsUfsMmp.c

================================================================================ 
Commit: a160b642598cd4d378f8cc974b09fcb79c58d529 
Author: ClientSysFWGit <clientsysfwgit@intel.com> 
Date: Tue Jul 9 22:20:52 2019 +0530 
-------------------------------------------------------------------------------- 
[TeamCity] LKF Auto-Commit DailyUpdate_FSP/RC version CI Increment FSP Revision Number and reset FSP Build Number to 1

Mon Jun 3 10:37:22 2019 -0700
Original commit date: Mon Jun 3 10:37:22 2019 -0700
Original commit hash: 063d6cd37e479c4fa90d0a3cfdade48f7035282e

-------------------------------------------------------------------------------- 
[Changed Files]
LakeFieldFspPkg/LakeFieldFspPkg.dec
LakeFieldSiliconPkg/SiPkg.dec

================================================================================ 
Commit: 0434b798069d2af1c860e79de773176abd0b2c5e 
Author: ClientSysFWGit <clientsysfwgit@intel.com> 
Date: Tue Jul 9 22:20:50 2019 +0530 
-------------------------------------------------------------------------------- 
MRC Version 147,23,0,0: LKF MRC to enable DLL WeakLock with Sleep Cycles of 4 (64 qclk) and wake cycles of 2 (6 qclk).
WeaklockEn is disabled by default.

UNIT test done:
QRVT(A0 silicon)
Verified Boot to OS, Restart from OS, Reset -w -> FSP SPI debug & release BIOS
QSTK (B0 silicon)
Verified Boot to OS -> 2133,3200,4267 FSP SPI debug & release BIOS

Tracker-link: https://hsdes.intel.com/appstore/article/#/1409296877
Attestation-link: IceLakePlatSamplePkg/InternalOnly/IpPlan/Client BIOS IP Plan.xlsx
Original commit date: Fri May 31 12:31:58 2019 +0530
Change-Id: I707e02eb898c4b3a440576cbb65ad00b2db96560
Original commit hash: 8ffbd6cb21acb2ae359ab468ad2a64ac3b33a842

-------------------------------------------------------------------------------- 
[Changed Files]
LakeFieldSiliconPkg/SystemAgent/MemoryInit/LibraryPrivate/PeiMemoryInitLib/Source/Api/MrcGeneral.c
LakeFieldSiliconPkg/SystemAgent/MemoryInit/LibraryPrivate/PeiMemoryInitLib/Source/Api/MrcGeneral.h
LakeFieldSiliconPkg/SystemAgent/MemoryInit/LibraryPrivate/PeiMemoryInitLib/Source/Include/MrcMcConfiguration.h
LakeFieldSiliconPkg/SystemAgent/MemoryInit/LibraryPrivate/PeiMemoryInitLib/Source/Include/MrcVersion.h
LakeFieldSiliconPkg/SystemAgent/MemoryInit/LibraryPrivate/PeiMemoryInitLib/Source/McConfiguration/MrcSchedulerParameters.c
LakeFieldSiliconPkg/SystemAgent/MemoryInit/LibraryPrivate/PeiMemoryInitLib/Source/Services/MrcStaticGenerated.c
LakeFieldSiliconPkg/SystemAgent/MemoryInit/LibraryPrivate/PeiMemoryInitLib/Source/WriteTraining/MrcWriteLeveling.c

================================================================================ 
Commit: aeec831fed4f26604e59d1893eb1ad3a783987b9 
Author: ClientSysFWGit <clientsysfwgit@intel.com> 
Date: Tue Jul 9 22:20:47 2019 +0530 
-------------------------------------------------------------------------------- 
[LKF_A1 [Es1][Audio][HDA] Audio output through ALC-701 4ohm speaker is not working

Update verbs table for ALC701.

Hsd-es-id: 1607170548
Tracker-link: https://hsdes.intel.com/appstore/article/#/1607170548
Attestation-link: LakeFieldPlatSamplePkg/InternalOnly/IpPlan/Client BIOS IP Plan.xlsx
Original commit date: Mon May 6 10:39:42 2019 +0200
Change-Id: If1a754afbf14260f9d5cb5b52c7126fa3f9d3dc2
Original commit hash: 009eaf2efa4bb93b50dda7d431072ec272540347

-------------------------------------------------------------------------------- 
[Changed Files]
LakeFieldPlatSamplePkg/Board/Others/PeiBoardInitLib/PchHdaVerbTables.h

================================================================================ 
Commit: a9dc9bdc2484ca256871ad387bf709799dad1c0f 
Author: ClientSysFWGit <clientsysfwgit@intel.com> 
Date: Tue Jul 9 22:20:46 2019 +0530 
-------------------------------------------------------------------------------- 
LKF BIOS change request for OV13858 EEPROM enabling

Problem: Request to change EEPROM
Solution: Changed the EEPROM (CAT24C08) for link1 & link3 by default

Unit TestDone:
1. Verified issue resolution status by Tao
2. Checked OS boot status for
   1. SPI-FSP   -Release &Debug
   2. BFX-FSP   -Release &Debug

Original commit date: Thu May 30 18:22:09 2019 +0530
Change-Id: I3e80bf4fd61692092e7eafeb557590aef6652abc
Original commit hash: 9ada08d017d2a49268079f35db51347a2e86d002

-------------------------------------------------------------------------------- 
[Changed Files]
LakeFieldPlatSamplePkg/Setup/SaSetup.hfr

================================================================================ 
Commit: da0d7607c945cee4c617eb138892a2005f326d40 
Author: ClientSysFWGit <clientsysfwgit@intel.com> 
Date: Tue Jul 9 22:20:44 2019 +0530 
-------------------------------------------------------------------------------- 
[LKF1][RS6][SOC A1][OTM][OV7251] Rear  sensor indicator light is always on when open IR sensor

Problem: indicator light is always on when open IR sensor
Solution: Link4 is GPIO based control. In the POR of link4, we changed to GPIO
Now this is reverted.

Unit TestDone:
1. Verified issue resolution status by Tao
2. Checked OS boot status for
   1. SPI-FSP   -Release &Debug
   2. BFX-FSP   -Release &Debug

Original commit date: Thu May 30 10:11:23 2019 +0530
Change-Id: I14704c367569be85debb6b4f74cf2ad7f1e457ff
Original commit hash: b3b06035282cfd4b8e19d649fba616131261a8e3

-------------------------------------------------------------------------------- 
[Changed Files]
LakeFieldPlatSamplePkg/Setup/SaSetup.hfr

================================================================================ 
Commit: 7f0119081a5f8c325cb12eb6757f24c2aff63ec1 
Author: ClientSysFWGit <clientsysfwgit@intel.com> 
Date: Tue Jul 9 22:20:42 2019 +0530 
-------------------------------------------------------------------------------- 
[TeamCity] LKF Auto-Commit DailyUpdate_FSP/RC version CI Increment FSP Revision Number and reset FSP Build Number to 1

Sun Jun 2 10:37:05 2019 -0700
Original commit date: Sun Jun 2 10:37:05 2019 -0700
Original commit hash: b9975169c697542f545a7f65e4ba388934807579

-------------------------------------------------------------------------------- 
[Changed Files]
LakeFieldFspPkg/LakeFieldFspPkg.dec
LakeFieldSiliconPkg/SiPkg.dec

================================================================================ 
Commit: 9abd3d17f7ef56614a9a1642a666c58606503a1a 
Author: ClientSysFWGit <clientsysfwgit@intel.com> 
Date: Tue Jul 9 22:20:41 2019 +0530 
-------------------------------------------------------------------------------- 
[TeamCity] LKF Auto-Commit DailyUpdate_FSP/RC version CI Increment FSP Revision Number and reset FSP Build Number to 1

Sat Jun 1 10:38:41 2019 -0700
Original commit date: Sat Jun 1 10:38:41 2019 -0700
Original commit hash: 8a937ce40dc2a8a6efbf9f803693ed44bca8852f

-------------------------------------------------------------------------------- 
[Changed Files]
LakeFieldFspPkg/LakeFieldFspPkg.dec
LakeFieldSiliconPkg/SiPkg.dec

================================================================================ 
Commit: 3a266452e81b63a8cde58ab12bcec7fb3357c0f9 
Author: ClientSysFWGit <clientsysfwgit@intel.com> 
Date: Tue Jul 9 22:20:40 2019 +0530 
-------------------------------------------------------------------------------- 
[TeamCity] LKF Auto-Commit DailyUpdate_FSP/RC version CI Increment FSP Revision Number and reset FSP Build Number to 1

Fri May 31 10:37:07 2019 -0700
Original commit date: Fri May 31 10:37:07 2019 -0700
Original commit hash: 65fb7c5982ad5d4c56cb5b6591b381096524ecca

-------------------------------------------------------------------------------- 
[Changed Files]
LakeFieldFspPkg/LakeFieldFspPkg.dec
LakeFieldSiliconPkg/SiPkg.dec

================================================================================ 
Commit: 8fbabfbc8545c8e9be009233a4383702405a96c5 
Author: ClientSysFWGit <clientsysfwgit@intel.com> 
Date: Tue Jul 9 22:20:38 2019 +0530 
-------------------------------------------------------------------------------- 
USB BIOS Guide updates for V18 programs (rev16)

Updating CP13, C14, CP15 and CP16 for DKL PHY.

Hsd-es-id: 1807756207
Attestation-link: LakeFieldPlatSamplePkg/InternalOnly/IpPlan/Client BIOS IP Plan.xlsx
Original commit date: Thu May 30 13:24:12 2019 +0200
Change-Id: I6ab1343c379d34ce17d611b99e589898cd0fb0fd
Original commit hash: bc620c6de7d785fbc438a77241f642181b529f51

-------------------------------------------------------------------------------- 
[Changed Files]
LakeFieldSiliconPkg/Include/Register/RegsUsb.h
LakeFieldSiliconPkg/Library/Private/PeiDxeUsbInitLib/XhciInit.c

================================================================================ 
Commit: 19ade24424aea939b1f1a66a80611d2f22190c32 
Author: ClientSysFWGit <clientsysfwgit@intel.com> 
Date: Tue Jul 9 22:20:37 2019 +0530 
-------------------------------------------------------------------------------- 
[THC][HID] Add Set/Get Feature Interface to allow Touch Panel FW update within Capsule Update 2/2

Part 2
- Implemented Hid Get/Set Feature

Hsd-es-id: 1409428769
Original commit date: Wed May 29 00:02:41 2019 -0700
Change-Id: I7f90a71a6fbed2efde627c718fadb278fdf10367
Original commit hash: 712d69cdd6408fbe45c3c9121dc14e8d0393c3bb

-------------------------------------------------------------------------------- 
[Changed Files]
LakeFieldSiliconPkg/Pch/Include/Protocol/Thc.h
LakeFieldSiliconPkg/Pch/Thc/Thc.c
LakeFieldSiliconPkg/Pch/Thc/ThcDriver.c
LakeFieldSiliconPkg/Pch/Thc/ThcDriver.h
LakeFieldSiliconPkg/Pch/Thc/ThcHid.c
LakeFieldSiliconPkg/Pch/Thc/ThcHid.h
LakeFieldSiliconPkg/Pch/Thc/ThcLibPrivate.c
LakeFieldSiliconPkg/Pch/Thc/ThcLibPrivate.h
LakeFieldSiliconPkg/Pch/Thc/ThcPrivate.h

================================================================================ 
Commit: 5c8ed99c4ef6c7c1f363fee846192e2398a835f7 
Author: ClientSysFWGit <clientsysfwgit@intel.com> 
Date: Tue Jul 9 22:20:35 2019 +0530 
-------------------------------------------------------------------------------- 
[TeamCity] LKF Auto-Commit DailyUpdate_FSP/RC version CI Increment FSP Revision Number and reset FSP Build Number to 1

Thu May 30 10:36:14 2019 -0700
Original commit date: Thu May 30 10:36:14 2019 -0700
Original commit hash: 1b1685689b1ed6a23ea4286d1619f17ee445cdd3

-------------------------------------------------------------------------------- 
[Changed Files]
LakeFieldFspPkg/LakeFieldFspPkg.dec
LakeFieldSiliconPkg/SiPkg.dec

================================================================================ 
Commit: ba18892b2949cfc7bea07e90fa957646b9747e15 
Author: ClientSysFWGit <clientsysfwgit@intel.com> 
Date: Tue Jul 9 22:20:34 2019 +0530 
-------------------------------------------------------------------------------- 
[LKF] Enable SGX on LKF Platform

Enabled PcdSoftwareGuardEnable for SGX support and build the source and resolved
build Error.

Testing:

With SPI BIOS image,it is booting to OS.

Original commit date: Fri May 17 11:48:06 2019 +0530
Change-Id: I022ed11bdea3b38b1e1069dd075f7a2f498a16d1
Original commit hash: aa8c8ff0c770fb4e87903556890792520fbe02b0

-------------------------------------------------------------------------------- 
[Changed Files]
LakeFieldFspPkg/LakeFieldFspPkgConfig.dsc
LakeFieldPlatSamplePkg/Platform/PlatformSetup/Dxe/PlatformSetup.c
LakeFieldPlatSamplePkg/PlatformPkgConfig.dsc
LakeFieldSiliconPkg/Cpu/Library/Private/PeiCpuInitLib/Features.c
LakeFieldSiliconPkg/Cpu/Library/Private/PeiCpuInitLib/Features.h
LakeFieldSiliconPkg/Cpu/Library/Private/PeiDxeSoftwareGuardLib/PeiDxeSoftwareGuardLib.c

================================================================================ 
Commit: cba33e23dac9f32cc5ff25335e795418efce2dfa 
Author: ClientSysFWGit <clientsysfwgit@intel.com> 
Date: Tue Jul 9 22:20:32 2019 +0530 
-------------------------------------------------------------------------------- 
BIOS Guide Updates for USB IP v18 programs (rev 15)

Update U2DEL in HCSPARAMS3
Update PM_LC_TIMER and PENDING_HP_TIMER
Disabled AUX_CTRL_REG3[14]

Hsd-es-id: 1807742001
Attestation-link: LakeFieldPlatSamplePkg/InternalOnly/IpPlan/Client BIOS IP Plan.xlsx
Original commit date: Tue May 28 15:53:48 2019 +0200
Change-Id: I651e56d40e26c718f49665e79fff06a1cf59034f
Original commit hash: 103dd9bf2b136b1c66c27e1f7bcf495c56566659

-------------------------------------------------------------------------------- 
[Changed Files]
LakeFieldSiliconPkg/Library/Private/PeiDxeUsbInitLib/XhciInit.c

================================================================================ 
Commit: 6d2f513995dc9d9bb29f65217c0e2ce28671b5eb 
Author: ClientSysFWGit <clientsysfwgit@intel.com> 
Date: Tue Jul 9 22:20:31 2019 +0530 
-------------------------------------------------------------------------------- 
Workaround for LKF B0 PCIe EB issue

Hsd-es-id: 1607077411
Attestation-link: Intel\LakeFieldPlatSamplePkg\InternalOnly\IpPlan\Client BIOS IP Pla

Original commit date: Fri May 17 02:01:34 2019 +0800
Change-Id: Iffeb6813440ec404d4a966fdaceab618704fc6b4
Original commit hash: 79407593b86eb910e100cc2727fbde45f9f8daf9

-------------------------------------------------------------------------------- 
[Changed Files]
LakeFieldSiliconPkg/Pch/Library/Private/PeiPcieRpInitLib/PeiPcieRpInitLib.c
