================================================================================ 
Commit: 188648f23d6253d8982fd2b409756a4b76a953df 
Author: ClientSysFWGit <clientsysfwgit@intel.com> 
Date: 2019-10-15 15:29:04 -0700 
-------------------------------------------------------------------------------- 
ICL BIOS ID Major version update to 3412

BIOS ID is updated from 3411 to 3412

Hsd-es-id: No-HSD
Original commit date: 2019-10-08 13:37:29 -0700
Change-Id: I5c469c1627bb8049051ea9706556d505ea68f8e3
Original commit hash: 3854b6100130168e01b2915fda4561dabd9b2525

-------------------------------------------------------------------------------- 
[Changed Files]
IceLakePlatSamplePkg/Tools/GenBiosId/BiosId.env

================================================================================ 
Commit: d463ca09d0bc8ba5f6669d33dc427c1651b2c75d 
Author: ClientSysFWGit <clientsysfwgit@intel.com> 
Date: 2019-10-15 15:29:03 -0700 
-------------------------------------------------------------------------------- 
Adding ICL VR support and PM support for ICL-YN/Y 2+2 9W platform

Original commit date: 2019-10-07 13:45:53 -0700
Change-Id: I494b5452b441a00b5a9a2778f5245f05958ebf47
Original commit hash: d7b5111af761ff75d44c5b9d55c2c7f58d7ad286

-------------------------------------------------------------------------------- 
[Changed Files]
IceLakeSiliconPkg/Cpu/Library/PeiDxeSmmCpuPlatformLib/CpuPlatformLibrary.c
IceLakeSiliconPkg/Cpu/Library/Private/PeiCpuInitLib/CpuInitPreResetCpl.c
IceLakeSiliconPkg/Cpu/Library/Private/PeiCpuPowerMgmtLib/PowerLimits.c

================================================================================ 
Commit: 010ab7387e44e48ac364800a5bf8659fa6b585b1 
Author: ClientSysFWGit <clientsysfwgit@intel.com> 
Date: 2019-10-15 15:29:02 -0700 
-------------------------------------------------------------------------------- 
Description: Enable Overclocking lock bit by default

Original commit date: 2019-10-08 14:09:14 +0800
Change-Id: I3a3f9f3fd8aabf7a3e03b323b4fbad8901d78327
Original commit hash: 9b30fef033c9844f667f90fc9c39614f7886a6c0

-------------------------------------------------------------------------------- 
[Changed Files]
IceLakeFspPkg/Upd/FspmUpd.dsc
IceLakePlatSamplePkg/Setup/CpuSetup.hfr
IceLakeSiliconPkg/Cpu/Include/ConfigBlock/CpuOverclockingConfig.h
IceLakeSiliconPkg/Cpu/Library/PeiCpuPolicyLib/PeiCpuPolicyLibPreMem.c
IceLakeSiliconPkg/Cpu/Library/Private/PeiCpuInitLib/Features.c
IceLakeSiliconPkg/Cpu/Library/Private/PeiCpuPowerMgmtLib/MiscFunctions.c

================================================================================ 
Commit: 8b1b597a0fae2df30cdebef7499bab5d086bfa61 
Author: ClientSysFWGit <clientsysfwgit@intel.com> 
Date: 2019-10-15 15:29:01 -0700 
-------------------------------------------------------------------------------- 
[TeamCity] ICL Auto-Commit WeeklyUpdate_FSP/RC version CI Increment FSP Revision Number and reset FSP Build Number to 1

2019-10-07 20:30:07 -0700
Original commit date: 2019-10-07 20:30:07 -0700
Original commit hash: 8aa63940b27bb37798b1064bbb71fca18e9a3f08

-------------------------------------------------------------------------------- 
[Changed Files]
IceLakeFspPkg/IceLakeFspPkg.dec
IceLakeSiliconPkg/SiPkg.dec

================================================================================ 
Commit: a9bec4563cabf16de5a25f8be34950b483159f72 
Author: ClientSysFWGit <clientsysfwgit@intel.com> 
Date: 2019-10-15 15:29:00 -0700 
-------------------------------------------------------------------------------- 
[TeamCity] ICL Auto-Commit BIOS ID update CI

2019-10-07 20:22:18 -0700
Original commit date: 2019-10-07 20:22:18 -0700
Original commit hash: 0b96c2e448e843585d910b7d787b643f8f7d8f59

-------------------------------------------------------------------------------- 
[Changed Files]
IceLakePlatSamplePkg/Tools/GenBiosId/BiosId.env

================================================================================ 
Commit: 49f7d0308943907cf3316a1953997a565e27c00d 
Author: ClientSysFWGit <clientsysfwgit@intel.com> 
Date: 2019-10-15 15:28:59 -0700 
-------------------------------------------------------------------------------- 
[TeamCity] ICL Auto-Commit DailyUpdate_FSP/RC version CI Increment FSP Revision Number and reset FSP Build Number to 1

2019-10-07 20:05:59 -0700
Original commit date: 2019-10-07 20:05:59 -0700
Original commit hash: 065225dfeb67b4b8b4ca54f96f0033f54d7d1cc2

-------------------------------------------------------------------------------- 
[Changed Files]
IceLakeFspPkg/IceLakeFspPkg.dec
IceLakeSiliconPkg/SiPkg.dec

================================================================================ 
Commit: 6561287d724826b8020d990fe7241795ce6e4c41 
Author: ClientSysFWGit <clientsysfwgit@intel.com> 
Date: 2019-10-15 15:28:59 -0700 
-------------------------------------------------------------------------------- 
Update MRC Release Notes and increment MRC build revision

2019-10-07 19:04:18 +0000
Original commit date: 2019-10-07 19:04:18 +0000
Original commit hash: 9fda6116445bf871f8292c5232d8f4ea2000c662

-------------------------------------------------------------------------------- 
[Changed Files]
IceLakeSiliconPkg/SystemAgent/MemoryInit/LibraryPrivate/PeiMemoryInitLib/Source/Include/MrcVersion.h

================================================================================ 
Commit: 237b4fb49d6c3100dd9e529f059f9a6e1f3c6f9d 
Author: ClientSysFWGit <clientsysfwgit@intel.com> 
Date: 2019-10-15 15:28:58 -0700 
-------------------------------------------------------------------------------- 
[ICL MRC]:Add MRC support for ICL-U Type-3 DOE LPDDR4 boards with BOM_ID=2
This BOM_ID will use LPDDR4X memory: Micron MT53E512M32D2NP-046 WT:E, 200b, 8Gb 1x16 DDP, 1R, 8GB total, 4267
DQS mapping:
 { 2, 1, 0, 3, 4, 5, 6, 7 }, // Ch 0
 { 1, 0, 2, 3, 5, 4, 7, 6 }, // Ch 1

Original commit date: 2019-09-04 18:25:32 -0700
Change-Id: I2e586a5fa33731ce36e2c3ca883e0ad6b725cdb8
Original commit hash: 8cb60e12e47161ec44fcf18d7b348e3fd3f0567f

-------------------------------------------------------------------------------- 
[Changed Files]
IceLakePlatSamplePkg/Board/Others/PeiBoardInitLib/BoardSaConfigPreMem.h
IceLakePlatSamplePkg/Board/Others/PeiBoardInitLib/BoardSaInitPreMemLib.c
IceLakePlatSamplePkg/Include/PlatformBoardId.h
IceLakeSiliconPkg/SystemAgent/MemoryInit/MiniBios/Common/PlatformBoardId.h
IceLakeSiliconPkg/SystemAgent/MemoryInit/MiniBios/MEMORY/MrcOemPlatform.c

================================================================================ 
Commit: c610aae2d5ede4dd583b7679439fc88cc13fc210 
Author: ClientSysFWGit <clientsysfwgit@intel.com> 
Date: 2019-10-15 15:28:57 -0700 
-------------------------------------------------------------------------------- 
Integrate New IceLake Microcode Patch 0x4e

Updated Microcode Patch

Hsd-es-id: No HSD
Original commit date: 2019-10-07 10:32:51 -0700
Change-Id: I08f7acf88474466eda8f3d006563e3b10325f40d
Original commit hash: 6919daf2d85b6802dda986f3a378efb08e146a19

-------------------------------------------------------------------------------- 
[Changed Files]
IceLakeOpenBoardPkg/IclUDdr4Type3Tcpd/OpenBoardPkg.fdf
IceLakePlatSamplePkg/PlatformPkg.fdf

================================================================================ 
Commit: 7c162415f4b66e14f099758117b00fd72dfd9aa3 
Author: ClientSysFWGit <clientsysfwgit@intel.com> 
Date: 2019-10-15 15:28:55 -0700 
-------------------------------------------------------------------------------- 
[TCSS] Check iTBT PCIe RP physically existing before enable TBT IOMMU.

Original commit date: 2019-10-01 13:27:05 +0800
Change-Id: I3f657668fb0e9311995e13f3a53508df25615544
Original commit hash: 94d7eb207e517920d07250ef224c1b0007d9f79c

-------------------------------------------------------------------------------- 
[Changed Files]
IceLakeSiliconPkg/SystemAgent/Library/Private/PeiVtdInitLib/PeiVtdInitLib.c

================================================================================ 
Commit: 893efb05dd3581013f5040b21af04ccd390864ee 
Author: ClientSysFWGit <clientsysfwgit@intel.com> 
Date: 2019-10-15 15:28:55 -0700 
-------------------------------------------------------------------------------- 
Update MRC Release Notes and increment MRC build revision

2019-10-07 17:45:32 +0000
Original commit date: 2019-10-07 17:45:32 +0000
Original commit hash: f18383a075976defc775a2b11bf109211ecad5ad

-------------------------------------------------------------------------------- 
[Changed Files]
IceLakeSiliconPkg/SystemAgent/MemoryInit/LibraryPrivate/PeiMemoryInitLib/Source/Include/MrcVersion.h

================================================================================ 
Commit: a835f856f266ee85530e234fed791b9837054dd3 
Author: ClientSysFWGit <clientsysfwgit@intel.com> 
Date: 2019-10-15 15:28:54 -0700 
-------------------------------------------------------------------------------- 
Description: Memory Type is showing wrong value in FSP Scope Tool log
Solution: Updated HOB info with the information alligned to SMBIOS spec.

Original commit date: 2019-08-16 15:27:12 +0530
Change-Id: I98ced53c56518053355f3671efb18935f39e8127
Original commit hash: 8c10686bfdb815b6fecf9365b8dbce053f613287

-------------------------------------------------------------------------------- 
[Changed Files]
IceLakePlatSamplePkg/Include/DimmInfo.h
IceLakePlatSamplePkg/Platform/PlatformSetup/Dxe/PlatformPolicySetup.c
IceLakePlatSamplePkg/Setup/DimmInfo.c
IceLakePlatSamplePkg/Setup/SaSetup.c
IceLakeSiliconPkg/SystemAgent/Include/MemInfoHob.h
IceLakeSiliconPkg/SystemAgent/Include/Protocol/MemInfo.h
IceLakeSiliconPkg/SystemAgent/Library/Private/DxeSmbiosMemoryLib/SmbiosType16.c
IceLakeSiliconPkg/SystemAgent/MemoryInit/LibraryPrivate/PeiMemoryInitLib/MemoryInit.c

================================================================================ 
Commit: 57f7187b53d3de9c689d0e336dbb6b2c2d3879df 
Author: ClientSysFWGit <clientsysfwgit@intel.com> 
Date: 2019-10-15 15:28:53 -0700 
-------------------------------------------------------------------------------- 
[TeamCity] ICL Auto-Commit BIOS ID update CI

2019-10-06 20:26:03 -0700
Original commit date: 2019-10-06 20:26:03 -0700
Original commit hash: eb9ba127e23b73c97569a118d3bf6f7252edec63

-------------------------------------------------------------------------------- 
[Changed Files]
IceLakePlatSamplePkg/Tools/GenBiosId/BiosId.env

================================================================================ 
Commit: accd35589829b664fde28cf55967f15bb9ab2960 
Author: ClientSysFWGit <clientsysfwgit@intel.com> 
Date: 2019-10-15 15:28:52 -0700 
-------------------------------------------------------------------------------- 
[TeamCity] ICL Auto-Commit DailyUpdate_FSP/RC version CI Increment FSP Revision Number and reset FSP Build Number to 1

2019-10-06 20:12:43 -0700
Original commit date: 2019-10-06 20:12:43 -0700
Original commit hash: bbcd1d19c947fb88c9f17f0a84fbcec921b7769f

-------------------------------------------------------------------------------- 
[Changed Files]
IceLakeFspPkg/IceLakeFspPkg.dec
IceLakeSiliconPkg/SiPkg.dec

================================================================================ 
Commit: a803d2480dc16f2a955dd9d3b23c752b15863d5c 
Author: ClientSysFWGit <clientsysfwgit@intel.com> 
Date: 2019-10-15 15:28:51 -0700 
-------------------------------------------------------------------------------- 
[TeamCity] ICL Auto-Commit BIOS ID update CI

2019-10-05 20:24:21 -0700
Original commit date: 2019-10-05 20:24:21 -0700
Original commit hash: 37b001bd9ee6e1dc3f92c38060e0cce25b0d7ce4

-------------------------------------------------------------------------------- 
[Changed Files]
IceLakePlatSamplePkg/Tools/GenBiosId/BiosId.env

================================================================================ 
Commit: bae4da93f0f0d8d9a9c2ac8e820e1b5004c01bdd 
Author: ClientSysFWGit <clientsysfwgit@intel.com> 
Date: 2019-10-15 15:28:50 -0700 
-------------------------------------------------------------------------------- 
[TeamCity] ICL Auto-Commit DailyUpdate_FSP/RC version CI Increment FSP Revision Number and reset FSP Build Number to 1

2019-10-05 20:07:26 -0700
Original commit date: 2019-10-05 20:07:26 -0700
Original commit hash: 62c748801c2afcb0aa892def52941876b82307be

-------------------------------------------------------------------------------- 
[Changed Files]
IceLakeFspPkg/IceLakeFspPkg.dec
IceLakeSiliconPkg/SiPkg.dec

================================================================================ 
Commit: 4d521aeba97bce2fdd21a2741f9c748a7feac7c9 
Author: ClientSysFWGit <clientsysfwgit@intel.com> 
Date: 2019-10-15 15:28:48 -0700 
-------------------------------------------------------------------------------- 
[TeamCity] ICL Auto-Commit BIOS ID update CI

2019-10-04 20:24:09 -0700
Original commit date: 2019-10-04 20:24:09 -0700
Original commit hash: 1f6a9cff5fd14f167e8609a6d7e1cc2d5e091c0b

-------------------------------------------------------------------------------- 
[Changed Files]
IceLakePlatSamplePkg/Tools/GenBiosId/BiosId.env

================================================================================ 
Commit: 6744c14103a45e81096f5ec2db0708669be46078 
Author: ClientSysFWGit <clientsysfwgit@intel.com> 
Date: 2019-10-15 15:28:48 -0700 
-------------------------------------------------------------------------------- 
[TeamCity] ICL Auto-Commit DailyUpdate_FSP/RC version CI Increment FSP Revision Number and reset FSP Build Number to 1

2019-10-04 20:12:58 -0700
Original commit date: 2019-10-04 20:12:58 -0700
Original commit hash: 10df177b1857c8e3e09e06378526ecc974836b92

-------------------------------------------------------------------------------- 
[Changed Files]
IceLakeFspPkg/IceLakeFspPkg.dec
IceLakeSiliconPkg/SiPkg.dec

================================================================================ 
Commit: 75d2f9d99129ba9716039dbaecbccba43a4aa6ee 
Author: ClientSysFWGit <clientsysfwgit@intel.com> 
Date: 2019-10-15 15:28:47 -0700 
-------------------------------------------------------------------------------- 
[TeamCity] ICL Auto-Commit FSP Daily

2019-10-04 20:01:22 -0700
Original commit date: 2019-10-04 20:01:22 -0700
Original commit hash: 08c682696239a152f246e0003651fe2e80214c35

-------------------------------------------------------------------------------- 
[Changed Files]
IceLakeFspBinPkg/Fsp.bsf
IceLakeFspPkg/Include/FspsUpd.h

================================================================================ 
Commit: fd948ef965ecba5a1778f6dc9c531f1087066fb0 
Author: ClientSysFWGit <clientsysfwgit@intel.com> 
Date: 2019-10-15 15:28:46 -0700 
-------------------------------------------------------------------------------- 
Update MRC Release Notes and increment MRC build revision

2019-10-04 17:56:24 +0000
Original commit date: 2019-10-04 17:56:24 +0000
Original commit hash: f844a3a4cf88172e287610a50d634cec11c503bc

-------------------------------------------------------------------------------- 
[Changed Files]
IceLakeSiliconPkg/SystemAgent/MemoryInit/LibraryPrivate/PeiMemoryInitLib/Source/Include/MrcVersion.h

================================================================================ 
Commit: de21f4e4828b113586d246314ccd3b6cfcc955ec 
Author: ClientSysFWGit <clientsysfwgit@intel.com> 
Date: 2019-10-15 15:28:45 -0700 
-------------------------------------------------------------------------------- 
Description: Not able to protect whole DMA region with PMR

[Platfrom Change]
1) Changed PMR coverage region: PLMR = 0 to (IMR - DMA buffer), PHMR = 4G to TOUUD
2) Moved the VTD driver call back to End of PEI to allign with EDK2 and FSP boot flow
3) Force re-boot DMA protection enable for the first boot after flash

[EDK2 change]
1) IOMMU PMR feature should be generic to support different hardware
architecture. Platforms may request no overlap between PMR regions
and system reserve memory. Create an interface to control PLMR/PHMR
regions. It allows silicon code to adjust PLMR/PHMR region base on
the project needs.
2) DisableDMAr Function Code Optimization
3) Renamed InitDmar() to InitGlobalVtd()
4) A new GetVtdPmrAlignmentLib for silicon code to get
PMR alignment values.

Original commit date: 2019-09-23 15:28:59 -0700
Change-Id: If97298b9710a6455adb4ab0ff1dc8a4ed269c409
Original commit hash: 8299575286f3f0f6ec9117cd4472715b2f7da0ea

-------------------------------------------------------------------------------- 
[Changed Files]
IceLakeFspPkg/IceLakeFspPkg.dsc
IceLakePlatSamplePkg/Features/VTd/IntelVTdPmrPei/IntelVTdPmrPei.uni
IceLakePlatSamplePkg/Features/VTd/IntelVTdPmrPei/IntelVTdPmrPeiExtra.uni
IceLakePlatSamplePkg/Features/VTd/PlatformVTdInfoSamplePei/PlatformVTdInfoSamplePei.c
IceLakePlatSamplePkg/Features/VTd/PlatformVTdInfoSamplePei/PlatformVTdInfoSamplePei.inf
IceLakePlatSamplePkg/PlatformPkg.dsc
IceLakePlatSamplePkg/PlatformPkg.fdf
IceLakeSiliconPkg/IceLakeSiliconPkg.dsc
IceLakeSiliconPkg/Override/DoxygenSiOverride.h
IceLakeSiliconPkg/Override/IntelSiliconPkg/Feature/VTd/IntelVTdPmrPei/DmarTable.c
IceLakeSiliconPkg/Override/IntelSiliconPkg/Feature/VTd/IntelVTdPmrPei/IntelVTdPmr.c
IceLakeSiliconPkg/Override/IntelSiliconPkg/Feature/VTd/IntelVTdPmrPei/IntelVTdPmrPei.c
IceLakeSiliconPkg/Override/IntelSiliconPkg/Feature/VTd/IntelVTdPmrPei/IntelVTdPmrPei.h
IceLakeSiliconPkg/Override/IntelSiliconPkg/Feature/VTd/IntelVTdPmrPei/IntelVTdPmrPei.inf
IceLakeSiliconPkg/Override/IntelSiliconPkg/Feature/VTd/IntelVTdPmrPei/IntelVTdPmrPei.uni
IceLakeSiliconPkg/Override/IntelSiliconPkg/Feature/VTd/IntelVTdPmrPei/IntelVTdPmrPeiExtra.uni
IceLakeSiliconPkg/Override/IntelSiliconPkg/Feature/VTd/IntelVTdPmrPei/VtdReg.c
IceLakeSiliconPkg/Override/IntelSiliconPkg/Include/Library/PeiGetVtdPmrAlignmentLib.h
IceLakeSiliconPkg/Override/IntelSiliconPkg/Include/VtdPmrInfoHob.h
IceLakeSiliconPkg/Override/IntelSiliconPkg/Library/PeiGetVtdPmrAlignmentLib/PeiGetVtdPmrAlignmentLib.c
IceLakeSiliconPkg/Override/IntelSiliconPkg/Library/PeiGetVtdPmrAlignmentLib/PeiGetVtdPmrAlignmentLib.inf
IceLakeSiliconPkg/SiPkg.dec
IceLakeSiliconPkg/SystemAgent/Include/ConfigBlock/MemoryConfig.h
IceLakeSiliconPkg/SystemAgent/Include/Private/SaConfigHob.h
IceLakeSiliconPkg/SystemAgent/Library/PeiSaPolicyLib/PeiSaPolicyLib.c
IceLakeSiliconPkg/SystemAgent/Library/PeiSaPolicyLib/PeiSaPolicyLib.inf
IceLakeSiliconPkg/SystemAgent/Library/PeiSaPolicyLib/PeiSaPolicyLibFsp.inf
IceLakeSiliconPkg/SystemAgent/Library/Private/PeiVtdInitLib/PeiVtdInitLib.c
IceLakeSiliconPkg/SystemAgent/Library/Private/PeiVtdInitLib/PeiVtdInitLib.inf
IceLakeSiliconPkg/SystemAgent/MemoryInit/Include/MrcInterface.h
IceLakeSiliconPkg/SystemAgent/MemoryInit/LibraryPrivate/PeiMemoryInitLib/MemoryInit.c
IceLakeSiliconPkg/SystemAgent/MemoryInit/LibraryPrivate/PeiMemoryInitLib/PeiMemoryInitLib.inf
IceLakeSiliconPkg/SystemAgent/MemoryInit/LibraryPrivate/PeiMemoryInitLib/PeiMemoryInitLibFsp.inf
IceLakeSiliconPkg/SystemAgent/MemoryInit/LibraryPrivate/PeiMemoryInitLib/Source/Services/MrcMemoryMap.c

================================================================================ 
Commit: 96e52ae95861ecb9e170c7f14e561bbcf9bea5d9 
Author: ClientSysFWGit <clientsysfwgit@intel.com> 
Date: 2019-10-15 15:28:42 -0700 
-------------------------------------------------------------------------------- 
[TeamCity] ICL Auto-Commit BIOS ID update CI

2019-10-03 20:22:32 -0700
Original commit date: 2019-10-03 20:22:32 -0700
Original commit hash: c1fd85a7ec818989af705e43c13ea5b53ad2d075

-------------------------------------------------------------------------------- 
[Changed Files]
IceLakePlatSamplePkg/Tools/GenBiosId/BiosId.env

================================================================================ 
Commit: 03fb2fd02e923c7c71698b1e2643cecba9f4a199 
Author: ClientSysFWGit <clientsysfwgit@intel.com> 
Date: 2019-10-15 15:28:41 -0700 
-------------------------------------------------------------------------------- 
[TeamCity] ICL Auto-Commit DailyUpdate_FSP/RC version CI Increment FSP Revision Number and reset FSP Build Number to 1

2019-10-03 20:07:41 -0700
Original commit date: 2019-10-03 20:07:41 -0700
Original commit hash: 5fb1033ce2b4bb9cf1eefb778127134880208fb4

-------------------------------------------------------------------------------- 
[Changed Files]
IceLakeFspPkg/IceLakeFspPkg.dec
IceLakeSiliconPkg/SiPkg.dec

================================================================================ 
Commit: 17c0756e7d8eab4b5741cc59f03d8997f912441e 
Author: ClientSysFWGit <clientsysfwgit@intel.com> 
Date: 2019-10-15 15:28:41 -0700 
-------------------------------------------------------------------------------- 
[TeamCity] ICL Auto-Commit BIOS ID update CI

2019-10-03 17:05:30 -0700
Original commit date: 2019-10-03 17:05:30 -0700
Original commit hash: 3afb58cf17ed7bdbf374842c4a3f4d57ef6d5fb3

-------------------------------------------------------------------------------- 
[Changed Files]
IceLakePlatSamplePkg/Tools/GenBiosId/BiosId.env

================================================================================ 
Commit: 49335610d51aed53dbf5ce2b9d4623693f876efa 
Author: ClientSysFWGit <clientsysfwgit@intel.com> 
Date: 2019-10-15 15:28:39 -0700 
-------------------------------------------------------------------------------- 
ICL BIOS ID Major version update to 3403

BIOS ID change from 3402 to 3403

Hsd-es-id: No-HSD
Original commit date: 2019-10-02 17:40:20 -0700
Change-Id: I0f028b7c56c8a89d838e4387a6a211f813b8134b
Original commit hash: e9edec442a6e0acefcfcb7d548457c8883159edd

-------------------------------------------------------------------------------- 
[Changed Files]
IceLakePlatSamplePkg/Tools/GenBiosId/BiosId.env

================================================================================ 
Commit: bb18bf730be523361d4ce9a449c2f80beb9c0d82 
Author: ClientSysFWGit <clientsysfwgit@intel.com> 
Date: 2019-10-15 15:28:38 -0700 
-------------------------------------------------------------------------------- 
[ICL] Update MLEFLAGS into BIOSDATA table

Original commit date: 2019-09-19 16:57:00 -0700
Change-Id: I95eed3f595b735f72cf79adbe6c58063f046aed8
Original commit hash: 8b5db9feb60c9f31f2076ae506973fe3a9e3af96

-------------------------------------------------------------------------------- 
[Changed Files]
IceLakeSiliconPkg/Cpu/TxtInit/Dxe/TxtDxeLib.c

================================================================================ 
Commit: 7693a8bacc945eb646ba4656a97bca58266f4bbf 
Author: ClientSysFWGit <clientsysfwgit@intel.com> 
Date: 2019-10-15 15:28:37 -0700 
-------------------------------------------------------------------------------- 
[ICL] Gfx Peim is disabled by default in FSPWrapper

Enabling PeiGraphicsPeimInit by default.

Original commit date: 2019-09-09 09:02:59 -0700
Change-Id: I0703840555792426913066fa1b8c3dcdcdf298ba
Original commit hash: de931576177b6bc5d96f963655014faa361cce87

-------------------------------------------------------------------------------- 
[Changed Files]
IceLakeFspPkg/Upd/FspsUpd.dsc
IceLakePlatSamplePkg/Setup/SaSetup.hfr
IceLakeSiliconPkg/SystemAgent/Include/ConfigBlock/GraphicsPeiConfig.h
IceLakeSiliconPkg/SystemAgent/Library/PeiSaPolicyLib/PeiSaPolicyLib.c

================================================================================ 
Commit: c07439b0a6f6d9c82b9ccfe90968afacb6691ab9 
Author: ClientSysFWGit <clientsysfwgit@intel.com> 
Date: 2019-10-15 15:28:36 -0700 
-------------------------------------------------------------------------------- 
Correct ITbtVtdEnable default for UN/YN SKU

Original commit date: 2019-10-02 10:52:07 +0800
Change-Id: Ie7835e7f63079fc162c4aa72ad9c828dfbd6be03
Original commit hash: 5ee9669a673187bbfc67a4bbb966ded0ce10a720

-------------------------------------------------------------------------------- 
[Changed Files]
IceLakeSiliconPkg/SystemAgent/Library/PeiSaPolicyLib/PeiSaPolicyLib.c

================================================================================ 
Commit: a824cd38cbd9fc558f415438a52d09020539ff08 
Author: ClientSysFWGit <clientsysfwgit@intel.com> 
Date: 2019-10-15 15:28:35 -0700 
-------------------------------------------------------------------------------- 
[WWAN] Modem is not enumerating automatically after issueing AT+XLOG=4 command

1.Added 200ms between two notify ( to provide enough time between two notify methods)
2.Increased the existing 200ms delay after PERST deassertion to 300ms

Hsd-es-id: 1607835431
Original commit date: 2019-10-01 00:34:03 -0700
Change-Id: Ifbc6509a71168a4efd59b8e79908ac4e7a3f1fb4
Original commit hash: 2978a31611f77e567a84d2df9b4ed7483572f089

-------------------------------------------------------------------------------- 
[Changed Files]
IceLakePlatSamplePkg/Acpi/AcpiTables/SsdtRtd3/IclSdsRtd3.asl
IceLakePlatSamplePkg/Acpi/AcpiTables/SsdtRtd3/IclURvpRtd3.asl
IceLakePlatSamplePkg/Acpi/AcpiTables/SsdtRtd3/IclYRvpCRtd3.asl
IceLakePlatSamplePkg/Acpi/AcpiTables/SsdtRtd3/IclYRvpRtd3.asl

================================================================================ 
Commit: 173dac06a22114e4f093c636bef5db061e35d039 
Author: ClientSysFWGit <clientsysfwgit@intel.com> 
Date: 2019-10-15 15:28:34 -0700 
-------------------------------------------------------------------------------- 
[TeamCity] ICL Auto-Commit BIOS ID update CI

2019-10-01 20:21:45 -0700
Original commit date: 2019-10-01 20:21:45 -0700
Original commit hash: 2755b5a250cac456220edd0695603bbcf965d997

-------------------------------------------------------------------------------- 
[Changed Files]
IceLakePlatSamplePkg/Tools/GenBiosId/BiosId.env

================================================================================ 
Commit: 4f81cd5fbab52a3923e59eba22d6d9938e4a8ebd 
Author: ClientSysFWGit <clientsysfwgit@intel.com> 
Date: 2019-10-15 15:28:33 -0700 
-------------------------------------------------------------------------------- 
[TeamCity] ICL Auto-Commit DailyUpdate_FSP/RC version CI Increment FSP Revision Number and reset FSP Build Number to 1

2019-10-01 20:08:52 -0700
Original commit date: 2019-10-01 20:08:52 -0700
Original commit hash: 5a29df37cac15c1f608a0ddf1a144c32f4bbe625

-------------------------------------------------------------------------------- 
[Changed Files]
IceLakeFspPkg/IceLakeFspPkg.dec
IceLakeSiliconPkg/SiPkg.dec

================================================================================ 
Commit: 21275e680a8731e76c520fcc07fbf768d582f31b 
Author: ClientSysFWGit <clientsysfwgit@intel.com> 
Date: 2019-10-15 15:28:32 -0700 
-------------------------------------------------------------------------------- 
[TeamCity] ICL Auto-Commit WeeklyUpdate_FSP/RC version CI Increment FSP Revision Number and reset FSP Build Number to 1

2019-09-30 22:05:36 -0700
Original commit date: 2019-09-30 22:05:36 -0700
Original commit hash: 88b77b7ab1f723c17aafd2ef8f0f49cac1b8b03d

-------------------------------------------------------------------------------- 
[Changed Files]
IceLakeFspPkg/IceLakeFspPkg.dec
IceLakeSiliconPkg/SiPkg.dec

================================================================================ 
Commit: 1cd35b97f4e44c8998f9a7789775e36b6eeae3c6 
Author: ClientSysFWGit <clientsysfwgit@intel.com> 
Date: 2019-10-15 15:28:32 -0700 
-------------------------------------------------------------------------------- 
[TeamCity] ICL Auto-Commit BIOS ID update CI

2019-09-30 21:06:10 -0700
Original commit date: 2019-09-30 21:06:10 -0700
Original commit hash: c06253342715ba2960243874e0aa9e0a91478ed0

-------------------------------------------------------------------------------- 
[Changed Files]
IceLakePlatSamplePkg/Tools/GenBiosId/BiosId.env

================================================================================ 
Commit: bf0758ae0dd2f6c284c63e008f06b98659a1e4b3 
Author: ClientSysFWGit <clientsysfwgit@intel.com> 
Date: 2019-10-15 15:28:31 -0700 
-------------------------------------------------------------------------------- 
[TeamCity] ICL Auto-Commit DailyUpdate_FSP/RC version CI Increment FSP Revision Number and reset FSP Build Number to 1

2019-09-30 20:37:58 -0700
Original commit date: 2019-09-30 20:37:58 -0700
Original commit hash: 79107883a3a41400b7c593d62144eae97284c366

-------------------------------------------------------------------------------- 
[Changed Files]
IceLakeFspPkg/IceLakeFspPkg.dec
IceLakeSiliconPkg/SiPkg.dec

================================================================================ 
Commit: 7e6b22799281e19f48c816b22880e03f611af3c1 
Author: ClientSysFWGit <clientsysfwgit@intel.com> 
Date: 2019-10-15 15:28:30 -0700 
-------------------------------------------------------------------------------- 
[TeamCity] ICL Auto-Commit BIOS ID update CI

2019-09-29 20:37:16 -0700
Original commit date: 2019-09-29 20:37:16 -0700
Original commit hash: 9010f5424ab852fee5c61f7ab2559e10a2811834

-------------------------------------------------------------------------------- 
[Changed Files]
IceLakePlatSamplePkg/Tools/GenBiosId/BiosId.env

================================================================================ 
Commit: 4f03fd9602047325ff1f77b9e0e5e54953207b52 
Author: ClientSysFWGit <clientsysfwgit@intel.com> 
Date: 2019-10-15 15:28:29 -0700 
-------------------------------------------------------------------------------- 
[TeamCity] ICL Auto-Commit DailyUpdate_FSP/RC version CI Increment FSP Revision Number and reset FSP Build Number to 1

2019-09-29 20:07:55 -0700
Original commit date: 2019-09-29 20:07:55 -0700
Original commit hash: c5951a4e4476defff566111cb886b9e4f48c0bea

-------------------------------------------------------------------------------- 
[Changed Files]
IceLakeFspPkg/IceLakeFspPkg.dec
IceLakeSiliconPkg/SiPkg.dec

================================================================================ 
Commit: 3e79e72e03020863d4a47833722e9f7586ec02d7 
Author: ClientSysFWGit <clientsysfwgit@intel.com> 
Date: 2019-10-15 15:28:28 -0700 
-------------------------------------------------------------------------------- 
[TeamCity] ICL Auto-Commit BIOS ID update CI

2019-09-28 20:24:33 -0700
Original commit date: 2019-09-28 20:24:33 -0700
Original commit hash: e3e8690ac08f9a50a03f806cd132d449ce392131

-------------------------------------------------------------------------------- 
[Changed Files]
IceLakePlatSamplePkg/Tools/GenBiosId/BiosId.env

================================================================================ 
Commit: 637d9da2ffe1f6119d4bd66e5bd3da12cca30932 
Author: ClientSysFWGit <clientsysfwgit@intel.com> 
Date: 2019-10-15 15:28:27 -0700 
-------------------------------------------------------------------------------- 
[TeamCity] ICL Auto-Commit DailyUpdate_FSP/RC version CI Increment FSP Revision Number and reset FSP Build Number to 1

2019-09-28 20:07:41 -0700
Original commit date: 2019-09-28 20:07:41 -0700
Original commit hash: 1c680681ac1194b2755bf7f72b26b263e8cf6262

-------------------------------------------------------------------------------- 
[Changed Files]
IceLakeFspPkg/IceLakeFspPkg.dec
IceLakeSiliconPkg/SiPkg.dec

================================================================================ 
Commit: 5c8bdca4a9aff5cd9e99037ec658345416915eb8 
Author: ClientSysFWGit <clientsysfwgit@intel.com> 
Date: 2019-10-15 15:28:26 -0700 
-------------------------------------------------------------------------------- 
[TeamCity] ICL Auto-Commit BIOS ID update CI

2019-09-27 20:22:35 -0700
Original commit date: 2019-09-27 20:22:35 -0700
Original commit hash: 371bf8af8487e8ef486002f0ce8ea2c43b2adfe4

-------------------------------------------------------------------------------- 
[Changed Files]
IceLakePlatSamplePkg/Tools/GenBiosId/BiosId.env

================================================================================ 
Commit: 07121f44f4297385b4085d7314f358b7054111ad 
Author: ClientSysFWGit <clientsysfwgit@intel.com> 
Date: 2019-10-15 15:28:25 -0700 
-------------------------------------------------------------------------------- 
[TeamCity] ICL Auto-Commit DailyUpdate_FSP/RC version CI Increment FSP Revision Number and reset FSP Build Number to 1

2019-09-27 20:07:59 -0700
Original commit date: 2019-09-27 20:07:59 -0700
Original commit hash: bb1c597e328079d5afb2d142618193b584c961b8

-------------------------------------------------------------------------------- 
[Changed Files]
IceLakeFspPkg/IceLakeFspPkg.dec
IceLakeSiliconPkg/SiPkg.dec

================================================================================ 
Commit: 7bac1824058eecc962a54b839614d21289c482a7 
Author: ClientSysFWGit <clientsysfwgit@intel.com> 
Date: 2019-10-15 15:28:24 -0700 
-------------------------------------------------------------------------------- 
Update MRC Release Notes and increment MRC build revision

2019-09-28 01:08:26 +0000
Original commit date: 2019-09-28 01:08:26 +0000
Original commit hash: 486f3795b6e750348d53a9b3f85babfdb69566c2

-------------------------------------------------------------------------------- 
[Changed Files]
IceLakeSiliconPkg/SystemAgent/MemoryInit/LibraryPrivate/PeiMemoryInitLib/Source/Include/MrcVersion.h

================================================================================ 
Commit: fc3e483c6772dbb9258f383c9f7fbc0b69f52f19 
Author: ClientSysFWGit <clientsysfwgit@intel.com> 
Date: 2019-10-15 15:28:23 -0700 
-------------------------------------------------------------------------------- 
[TeamCity] ICL Auto-Commit BIOS ID update CI

2019-09-26 15:52:36 -0700
Original commit date: 2019-09-26 15:52:36 -0700
Original commit hash: 59fb3dea738021934aa4de9f321267dade62832e

-------------------------------------------------------------------------------- 
[Changed Files]
IceLakePlatSamplePkg/Tools/GenBiosId/BiosId.env

================================================================================ 
Commit: 45a956f2aabb15f3c4dfa2b1068176cc6f7bdcbb 
Author: ClientSysFWGit <clientsysfwgit@intel.com> 
Date: 2019-10-15 15:28:22 -0700 
-------------------------------------------------------------------------------- 
Description: Updating LTR High Idle Time and Medium Idle Time for ICPN

Original commit date: 2019-09-26 11:09:20 -0700
Change-Id: I2c7233b9ae4a0fbf9850c32e187458f4e17491e2
Original commit hash: 61785a23e6337e008afa72e80ba221c3dda6771e

-------------------------------------------------------------------------------- 
[Changed Files]
IceLakeSiliconPkg/Library/Private/PeiUsbInitLib/XhciInit.c

================================================================================ 
Commit: 077cf106f9aee283d9e56a4008de2a4f3779d749 
Author: ClientSysFWGit <clientsysfwgit@intel.com> 
Date: 2019-10-15 15:28:21 -0700 
-------------------------------------------------------------------------------- 
Integrate New IceLake Microcode Patch 0x4c

Update Microcode Patch

Hsd-es-id: No HSD
Original commit date: 2019-09-26 14:18:16 -0700
Change-Id: I609d5c7f64546778740b1cabae795775199d70a0
Original commit hash: dd7da9d006e0d848447677e353bb8180b8089506

-------------------------------------------------------------------------------- 
[Changed Files]
IceLakeOpenBoardPkg/IclUDdr4Type3Tcpd/OpenBoardPkg.fdf
IceLakePlatSamplePkg/PlatformPkg.fdf

================================================================================ 
Commit: 304856484fe57139878e2791028ab1abe7698ca6 
Author: ClientSysFWGit <clientsysfwgit@intel.com> 
Date: 2019-10-15 15:28:20 -0700 
-------------------------------------------------------------------------------- 
Revert "[WWAN]Modem is not enumerating automatically after issueing AT+XLOG=4 command"

This reverts commit 50c535f1e9ccc452472df01aa7d58cd3b950c882.

Hsd-es-id: 1607835431
Original commit date: 2019-09-26 13:01:58 -0700
Change-Id: I6a4b0985cc8cd327f07a43ef6e0f336e986ace65
Original commit hash: 786fc8acfb26b6c26d71ea5848d112799105c590

-------------------------------------------------------------------------------- 
[Changed Files]
IceLakePlatSamplePkg/Acpi/AcpiTables/SsdtRtd3/IclSdsRtd3.asl
IceLakePlatSamplePkg/Acpi/AcpiTables/SsdtRtd3/IclURvpRtd3.asl
IceLakePlatSamplePkg/Acpi/AcpiTables/SsdtRtd3/IclYRvpCRtd3.asl
IceLakePlatSamplePkg/Acpi/AcpiTables/SsdtRtd3/IclYRvpRtd3.asl

================================================================================ 
Commit: 3a0aa481cf59e8e9ecab6f3ed34d7daf4a317009 
Author: ClientSysFWGit <clientsysfwgit@intel.com> 
Date: 2019-10-15 15:28:19 -0700 
-------------------------------------------------------------------------------- 
[ICL][MRC] ReadAmplifierPower TotalScore calculation cause to failure
Solution: Add a check to prevent TotalScore becoming negative.

Original commit date: 2019-09-26 16:56:17 +0300
Change-Id: I3441d8d12f61eb4c27098e2fb2e078960002f1ea
Original commit hash: 962137400c02f54016d990e223020a00b86844f8

-------------------------------------------------------------------------------- 
[Changed Files]
IceLakeSiliconPkg/SystemAgent/MemoryInit/LibraryPrivate/PeiMemoryInitLib/Source/Services/MrcCrosser.c

================================================================================ 
Commit: 66327d90354e64d1324d2d6117ab5e13196c5758 
Author: ClientSysFWGit <clientsysfwgit@intel.com> 
Date: 2019-10-15 15:28:18 -0700 
-------------------------------------------------------------------------------- 
[TeamCity] ICL Auto-Commit BIOS ID update CI

2019-09-25 21:05:53 -0700
Original commit date: 2019-09-25 21:05:53 -0700
Original commit hash: 9d5c162cda07691a7b4b70478df3a7d3522e7517

-------------------------------------------------------------------------------- 
[Changed Files]
IceLakePlatSamplePkg/Tools/GenBiosId/BiosId.env

================================================================================ 
Commit: 208f1edf7ede27685a394022549887b5e2ba25aa 
Author: ClientSysFWGit <clientsysfwgit@intel.com> 
Date: 2019-10-15 15:28:17 -0700 
-------------------------------------------------------------------------------- 
Description: Enable fast rosc clock gate when DCI debug is disabled.
CSME disables fast rosc clock gate before setting HEEN(0->1), BIOS enables it back when DCI debug is disabled.

Original commit date: 2019-09-25 14:13:04 +0800
Change-Id: I6f6d9e4a19f47fe5f39ca7295015ea8897b55c03
Original commit hash: 0c2db17e94d1ac2957053053d224afdc8ac5b72a

-------------------------------------------------------------------------------- 
[Changed Files]
IceLakeSiliconPkg/Pch/Include/Register/PchRegsDci.h
IceLakeSiliconPkg/Pch/Library/Private/PeiDxeSmmDciPrivateLib/PeiDciLib.c

================================================================================ 
Commit: cc356330018d4d17598cbdf0ed0b6f27994281a9 
Author: ClientSysFWGit <clientsysfwgit@intel.com> 
Date: 2019-10-15 15:28:16 -0700 
-------------------------------------------------------------------------------- 
[TeamCity] ICL Auto-Commit DailyUpdate_FSP/RC version CI Increment FSP Revision Number and reset FSP Build Number to 1

2019-09-25 20:08:03 -0700
Original commit date: 2019-09-25 20:08:03 -0700
Original commit hash: 5f4fe8f7553b0dc55478b9c3592654c0e6926cbe

-------------------------------------------------------------------------------- 
[Changed Files]
IceLakeFspPkg/IceLakeFspPkg.dec
IceLakeSiliconPkg/SiPkg.dec

================================================================================ 
Commit: dd72669268c07d77c92c8d60755712d85e5dd861 
Author: ClientSysFWGit <clientsysfwgit@intel.com> 
Date: 2019-10-15 15:28:16 -0700 
-------------------------------------------------------------------------------- 
[WWAN]Modem is not enumerating automatically after issueing AT+XLOG=4 command

1.Added 200ms between two notify ( to provide enough time between two notify methods)
2.Increased the existing 200ms delay after PERST deassertion to 300ms

Hsd-es-id: 1607835431
Original commit date: 2019-09-19 17:54:12 +0800
Change-Id: I537f49435519b086c4f4d74b56fd8f558c794560
Original commit hash: 50c535f1e9ccc452472df01aa7d58cd3b950c882

-------------------------------------------------------------------------------- 
[Changed Files]
IceLakePlatSamplePkg/Acpi/AcpiTables/SsdtRtd3/IclSdsRtd3.asl
IceLakePlatSamplePkg/Acpi/AcpiTables/SsdtRtd3/IclURvpRtd3.asl
IceLakePlatSamplePkg/Acpi/AcpiTables/SsdtRtd3/IclYRvpCRtd3.asl
IceLakePlatSamplePkg/Acpi/AcpiTables/SsdtRtd3/IclYRvpRtd3.asl

================================================================================ 
Commit: 7cb863e24e727a1e7d666ff43d476c14cbf7b771 
Author: ClientSysFWGit <clientsysfwgit@intel.com> 
Date: 2019-10-15 15:28:15 -0700 
-------------------------------------------------------------------------------- 
[TeamCity] ICL Auto-Commit BIOS ID update CI

2019-09-24 20:53:20 -0700
Original commit date: 2019-09-24 20:53:20 -0700
Original commit hash: d4900145630a8c2c6f9b7b394e84b656bbcaa7a3

-------------------------------------------------------------------------------- 
[Changed Files]
IceLakePlatSamplePkg/Tools/GenBiosId/BiosId.env

================================================================================ 
Commit: 572acef1a99e5c4f784074e217d0644c0e54e915 
Author: ClientSysFWGit <clientsysfwgit@intel.com> 
Date: 2019-10-15 15:28:14 -0700 
-------------------------------------------------------------------------------- 
[TeamCity] ICL Auto-Commit DailyUpdate_FSP/RC version CI Increment FSP Revision Number and reset FSP Build Number to 1

2019-09-24 20:07:48 -0700
Original commit date: 2019-09-24 20:07:48 -0700
Original commit hash: 1b32d53332ada556c2c7d7566ad250a99425326c

-------------------------------------------------------------------------------- 
[Changed Files]
IceLakeFspPkg/IceLakeFspPkg.dec
IceLakeSiliconPkg/SiPkg.dec

================================================================================ 
Commit: 51121d7623b6e9a20700a0fd1781f053d616426b 
Author: ClientSysFWGit <clientsysfwgit@intel.com> 
Date: 2019-10-15 15:28:13 -0700 
-------------------------------------------------------------------------------- 
[TeamCity] ICL Auto-Commit BIOS ID update CI

2019-09-24 14:30:31 -0700
Original commit date: 2019-09-24 14:30:31 -0700
Original commit hash: 6d74411dd21e456e6754a9f1f6feb701f83bbb18

-------------------------------------------------------------------------------- 
[Changed Files]
IceLakePlatSamplePkg/Tools/GenBiosId/BiosId.env

================================================================================ 
Commit: f122a08e34742635fd28e5e858f3855d175aae0c 
Author: ClientSysFWGit <clientsysfwgit@intel.com> 
Date: 2019-10-15 15:28:12 -0700 
-------------------------------------------------------------------------------- 
IceLakeSiliconPkg: Disable ExI clock gating before enabling HEEN to workaround ICP silicon bug

Enable ExI clock gating when booting in debug disabled case.

Hsd-es-id: 14010034033
Original commit date: 2019-09-23 15:52:06 -0700
Change-Id: I0a3f9c33afc7a7268c82cff629c9dcdd7afea04e
Original commit hash: 1b21327e27fa452d3a983193cf1cb71a0dd1e4e1

-------------------------------------------------------------------------------- 
[Changed Files]
IceLakeSiliconPkg/Pch/Library/Private/PeiDxeSmmDciPrivateLib/PeiDciLib.c

================================================================================ 
Commit: f647a912b0c0392dd57c7df7947cb997eeb2486f 
Author: ClientSysFWGit <clientsysfwgit@intel.com> 
Date: 2019-10-15 15:28:11 -0700 
-------------------------------------------------------------------------------- 
[LPSS][UART][COM] Communication Port YB error Code 10 with Power Gating set to Auto

- Removed D3 transition at the end of DXE for COM UART
it will be handled by ACPI code if needed
- Fixed IO APIC interrupt configuration for COM UART

Hsd-es-id: 2208938672
Original commit date: 2019-09-18 15:51:38 -0700
Change-Id: Id22efe9c22fc97758094a2488925222a0f8cf8fc
Original commit hash: 4cb538232e79f631bb478b5139f0c0e10cc3a420

-------------------------------------------------------------------------------- 
[Changed Files]
IceLakeSiliconPkg/Pch/Library/Private/PeiDxeSmmSerialIoPrivateLib/SerialIoPrivateLibUart.c
IceLakeSiliconPkg/Pch/Library/Private/PeiSerialIoInitLib/PeiSerialIoUartLib.c

================================================================================ 
Commit: 477e4476218ae9abf5e2556e0ed3969741b6e22f 
Author: ClientSysFWGit <clientsysfwgit@intel.com> 
Date: 2019-10-15 15:28:10 -0700 
-------------------------------------------------------------------------------- 
Description : SGX EPOCH values and update procedure details are Capturing with External BIOS in debug log

Original commit date: 2019-09-23 12:04:31 -0700
Change-Id: I2c47abeb5d3383c05116729bb76fdbb93094012d
Original commit hash: 04ad8c5cfa33d2409b3ea549ce182a0e9d866639

-------------------------------------------------------------------------------- 
[Changed Files]
IceLakePlatSamplePkg/Setup/CpuSetup.c
IceLakeSiliconPkg/Cpu/Library/PeiCpuPolicyLib/CpuPrintPolicy.c

================================================================================ 
Commit: d756c962ab55e1a490e7588bee5c495a67f9cc6b 
Author: ClientSysFWGit <clientsysfwgit@intel.com> 
Date: 2019-10-15 15:28:09 -0700 
-------------------------------------------------------------------------------- 
Fix PWRSCH_IT_IN_LTR for CPU xHCI

Due to invalid setting of PWRSCH_IT_IN_LTR in CPU as well there was
flickering observed in USB 3.0 camer when connected through dongle.
CPU xHCI works in NDE mode and not LTR hence this bit doesn't apply to it.


Original commit date: 2019-09-23 12:22:05 +0200
Change-Id: I183c64543212a687cbe810b6127c347a63136a36
Original commit hash: 334664d506d35aec98c70cdda4fda21c78b148ee

-------------------------------------------------------------------------------- 
[Changed Files]
IceLakeSiliconPkg/Library/Private/PeiUsbInitLib/XhciInit.c

================================================================================ 
Commit: 15576c2adfaea060b639cd49dd1cff181ace5f9a 
Author: ClientSysFWGit <clientsysfwgit@intel.com> 
Date: 2019-10-15 15:28:08 -0700 
-------------------------------------------------------------------------------- 
[TeamCity] ICL Auto-Commit DailyUpdate_FSP/RC version CI Increment FSP Revision Number and reset FSP Build Number to 1

2019-09-23 21:32:49 -0700
Original commit date: 2019-09-23 21:32:49 -0700
Original commit hash: 75a36c5b6e50a04cf1377a3a6cc36e4fc3dd5fb6

-------------------------------------------------------------------------------- 
[Changed Files]
IceLakeFspPkg/IceLakeFspPkg.dec
IceLakeSiliconPkg/SiPkg.dec

================================================================================ 
Commit: 2510506ec992b8268396d2c992553f92e0063104 
Author: ClientSysFWGit <clientsysfwgit@intel.com> 
Date: 2019-10-15 15:28:07 -0700 
-------------------------------------------------------------------------------- 
[TeamCity] ICL Auto-Commit WeeklyUpdate_FSP/RC version CI Increment FSP Revision Number and reset FSP Build Number to 1

2019-09-23 21:03:02 -0700
Original commit date: 2019-09-23 21:03:02 -0700
Original commit hash: 39cb7094a703e810603161527cfee78b6c3f79fe

-------------------------------------------------------------------------------- 
[Changed Files]
IceLakeFspPkg/IceLakeFspPkg.dec
IceLakeSiliconPkg/SiPkg.dec

================================================================================ 
Commit: ed2a57bf4ac263804d51d1df8b4593e1246f632c 
Author: ClientSysFWGit <clientsysfwgit@intel.com> 
Date: 2019-10-15 15:28:07 -0700 
-------------------------------------------------------------------------------- 
[TeamCity] ICL Auto-Commit BIOS ID update CI

2019-09-23 20:41:20 -0700
Original commit date: 2019-09-23 20:41:20 -0700
Original commit hash: d8b88938860adc667ace622a1d0a30baa2b0b54e

-------------------------------------------------------------------------------- 
[Changed Files]
IceLakePlatSamplePkg/Tools/GenBiosId/BiosId.env

================================================================================ 
Commit: be9ba95a027e882aa8f77012c87c31da1003615d 
Author: ClientSysFWGit <clientsysfwgit@intel.com> 
Date: 2019-10-15 15:28:06 -0700 
-------------------------------------------------------------------------------- 
[ICLU][ICLY] Dual OV9234 IR sensor support for PPV

ICLU and ICLY camera configuration in PPV requieres 2 IR sensors OV9234 installed on Camera 2 and Camera 4
Current BIOS knobs configuration supports this sensor on Camera 4 only

Hsd-es-id: 1507413656
Original commit date: 2019-09-19 17:31:32 +0800
Change-Id: I2afc5c5c4f660a7415435828873b9fb59a99bbab
Original commit hash: ed509367d4991b2d68c290c5c53fa5dc311d0527

-------------------------------------------------------------------------------- 
[Changed Files]
IceLakePlatSamplePkg/Board/Include/OtherBoardConfigPatchTable.h
IceLakePlatSamplePkg/Board/Others/DxeBoardInitLib/BoardInitLib.c
IceLakePlatSamplePkg/Board/Others/PeiBoardInitLib/BoardInitPreMemLib.c
IceLakePlatSamplePkg/Include/PlatformBoardId.h
IceLakePlatSamplePkg/Setup/SaSetup.hfr

================================================================================ 
Commit: 35eac51c389c1ca356436a801d294a1be2be44de 
Author: ClientSysFWGit <clientsysfwgit@intel.com> 
Date: 2019-10-15 15:28:04 -0700 
-------------------------------------------------------------------------------- 
[TeamCity] ICL Auto-Commit BIOS ID update CI

2019-09-22 20:38:25 -0700
Original commit date: 2019-09-22 20:38:25 -0700
Original commit hash: 694af070122747a2b386392cb791378e920399b0

-------------------------------------------------------------------------------- 
[Changed Files]
IceLakePlatSamplePkg/Tools/GenBiosId/BiosId.env

================================================================================ 
Commit: 520528da9403e642f406bfad4b2927eb732be9e1 
Author: ClientSysFWGit <clientsysfwgit@intel.com> 
Date: 2019-10-15 15:28:04 -0700 
-------------------------------------------------------------------------------- 
[TeamCity] ICL Auto-Commit DailyUpdate_FSP/RC version CI Increment FSP Revision Number and reset FSP Build Number to 1

2019-09-22 20:31:01 -0700
Original commit date: 2019-09-22 20:31:01 -0700
Original commit hash: bc3c96752cf71a2b92eed93e6dc47e525dcd0a43

-------------------------------------------------------------------------------- 
[Changed Files]
IceLakeFspPkg/IceLakeFspPkg.dec
IceLakeSiliconPkg/SiPkg.dec

================================================================================ 
Commit: 837b46c396e71913fc8bb35171c5bca7dacfa5e0 
Author: ClientSysFWGit <clientsysfwgit@intel.com> 
Date: 2019-10-15 15:28:03 -0700 
-------------------------------------------------------------------------------- 
[TeamCity] ICL Auto-Commit BIOS ID update CI

2019-09-21 21:00:25 -0700
Original commit date: 2019-09-21 21:00:25 -0700
Original commit hash: 43e5a2e0cba4fbbd3e24de969aab317a16362e32

-------------------------------------------------------------------------------- 
[Changed Files]
IceLakePlatSamplePkg/Tools/GenBiosId/BiosId.env

================================================================================ 
Commit: a817f43640d34e2e7c837bc487e75fe5e2ed5cca 
Author: ClientSysFWGit <clientsysfwgit@intel.com> 
Date: 2019-10-15 15:28:02 -0700 
-------------------------------------------------------------------------------- 
[TeamCity] ICL Auto-Commit DailyUpdate_FSP/RC version CI Increment FSP Revision Number and reset FSP Build Number to 1

2019-09-21 20:08:31 -0700
Original commit date: 2019-09-21 20:08:31 -0700
Original commit hash: b4c20f156bea5853325f67a0dc64a19348eb3cc8

-------------------------------------------------------------------------------- 
[Changed Files]
IceLakeFspPkg/IceLakeFspPkg.dec
IceLakeSiliconPkg/SiPkg.dec

================================================================================ 
Commit: a4409357ab1a8b44da5354edcb0f0ac676fb8d57 
Author: ClientSysFWGit <clientsysfwgit@intel.com> 
Date: 2019-10-15 15:28:01 -0700 
-------------------------------------------------------------------------------- 
[TeamCity] ICL Auto-Commit BIOS ID update CI

2019-09-20 20:26:03 -0700
Original commit date: 2019-09-20 20:26:03 -0700
Original commit hash: b9546499fa5db3228b477b605658be1bf8237bc9

-------------------------------------------------------------------------------- 
[Changed Files]
IceLakePlatSamplePkg/Tools/GenBiosId/BiosId.env

================================================================================ 
Commit: 75f6fea1e9d2dea7e41760a78b1d4f3e3312a2f5 
Author: ClientSysFWGit <clientsysfwgit@intel.com> 
Date: 2019-10-15 15:28:00 -0700 
-------------------------------------------------------------------------------- 
[TeamCity] ICL Auto-Commit DailyUpdate_FSP/RC version CI Increment FSP Revision Number and reset FSP Build Number to 1

2019-09-20 20:07:20 -0700
Original commit date: 2019-09-20 20:07:20 -0700
Original commit hash: 25870d401e21e47bc629264a989729eaa1ad33f4

-------------------------------------------------------------------------------- 
[Changed Files]
IceLakeFspPkg/IceLakeFspPkg.dec
IceLakeSiliconPkg/SiPkg.dec

================================================================================ 
Commit: 804ef6b1c585e869ee6c16f19bb8464c274a589e 
Author: ClientSysFWGit <clientsysfwgit@intel.com> 
Date: 2019-10-15 15:27:59 -0700 
-------------------------------------------------------------------------------- 
Incorrect iDisp verbs comments

Update comments.

Hsd-es-id: 1808546106
Original commit date: 2019-09-19 13:54:29 +0200
Change-Id: Ic86ac3b69cc52d710937767db72632ae09308f4f
Original commit hash: 26c66e4b567879590e35b4c8929f68d9e905ba1b

-------------------------------------------------------------------------------- 
[Changed Files]
ICLversionlog.txt
IceLakePlatSamplePkg/Board/Others/PeiBoardInitLib/PchHdaVerbTables.h
exportlog.txt

================================================================================ 
Commit: 10c54dd163145cd2c648e117ca705212ee43a221 
Author: ClientSysFWGit <clientsysfwgit@intel.com> 
Date: 2019-10-15 15:21:54 -0700 
-------------------------------------------------------------------------------- 
Merge branch 'master' of ssh://git-amr-2.devtools.intel.com:29418/client_sil_code-ccg-cr-icl-intel

-------------------------------------------------------------------------------- 
[Changed Files]
================================================================================ 
Commit: 2089247f91981ce4fa61625faa91e5c02dc3c291 
Author: ClientSysFWGit <clientsysfwgit@intel.com> 
Date: 2019-10-04 10:46:13 -0700 
-------------------------------------------------------------------------------- 
Sync files for ICL BIOS 3384.02

-------------------------------------------------------------------------------- 
[Changed Files]
IceLakePlatSamplePkg/PlatformPkg.fdf
staging.lo

================================================================================ 
Commit: 3b068c4b5518b040b3ad1c2be97e589e53750901 
Author: ClientSysFWGit <clientsysfwgit@intel.com> 
Date: 2019-09-30 11:40:28 -0700 
-------------------------------------------------------------------------------- 
Cleanup Directory

-------------------------------------------------------------------------------- 
[Changed Files]
ReportText.txt
staging.lo

================================================================================ 
Commit: fb06dcbad5af54a9afc1402f86f75ecc919f3d73 
Author: ClientSysFWGit <clientsysfwgit@intel.com> 
Date: 2019-09-27 13:29:35 -0700 
-------------------------------------------------------------------------------- 
Added documents for ICL BIOS 3384.02

-------------------------------------------------------------------------------- 
[Changed Files]
IceLakePlatSamplePkg/PlatformPkg.fdf
ReportText.txt

================================================================================ 
Commit: 2c91b1a275597585adeecbea431d39b51e74ec47 
Author: ClientSysFWGit <clientsysfwgit@intel.com> 
Date: 2019-09-26 13:44:02 -0700 
-------------------------------------------------------------------------------- 
ICL BIOS ID minor version update to 3384.02
BIOS ID change from 3384.01 to 3384.02
Change-Id: Icde8c77c544f835b17fb979454d25bba7baa959a


-------------------------------------------------------------------------------- 
[Changed Files]
IceLakePlatSamplePkg/Tools/GenBiosId/BiosId.env

================================================================================ 
Commit: a5c8888e24415658d2803fb71ea668c1a62f8ac3 
Author: ClientSysFWGit <clientsysfwgit@intel.com> 
Date: 2019-09-26 13:44:00 -0700 
-------------------------------------------------------------------------------- 
IceLakeSiliconPkg: Disable ExI clock gating before enabling HEEN and modifying CLK_disable bit number
Change-Id: I50cca366a1d09939baa075bad9fac6f6897039c5


-------------------------------------------------------------------------------- 
[Changed Files]
IceLakeSiliconPkg/Pch/Include/Register/PchRegsDci.h

================================================================================ 
Commit: 0282a83ba8725d93d4eacbcff08205856a441bd5 
Author: ClientSysFWGit <clientsysfwgit@intel.com> 
Date: 2019-09-26 13:43:59 -0700 
-------------------------------------------------------------------------------- 
[TeamCity] ICL Auto-Commit DailyUpdate_FSP/RC version CI Increment FSP Revision Number and reset FSP Build Number to 1
2019-09-19 20:46:32 -0700


-------------------------------------------------------------------------------- 
[Changed Files]
IceLakeFspPkg/IceLakeFspPkg.dec
IceLakeSiliconPkg/SiPkg.dec

================================================================================ 
Commit: 8593a6b2bae1646bfbc05b527c604caf800d96f7 
Author: ClientSysFWGit <clientsysfwgit@intel.com> 
Date: 2019-09-26 13:43:58 -0700 
-------------------------------------------------------------------------------- 
[TeamCity] ICL Auto-Commit BIOS ID update CI
2019-09-19 20:27:49 -0700


-------------------------------------------------------------------------------- 
[Changed Files]
IceLakePlatSamplePkg/Tools/GenBiosId/BiosId.env

================================================================================ 
Commit: 2bc7600027592c8944b57e67869633b82e876cd6 
Author: ClientSysFWGit <clientsysfwgit@intel.com> 
Date: 2019-09-26 13:43:57 -0700 
-------------------------------------------------------------------------------- 
[TeamCity] ICL Auto-Commit BIOS ID update CI
2019-09-19 17:28:06 -0700


-------------------------------------------------------------------------------- 
[Changed Files]
IceLakePlatSamplePkg/Tools/GenBiosId/BiosId.env

================================================================================ 
Commit: a84adee0f3496fe6ec50e3c71318d8092d18da2f 
Author: ClientSysFWGit <clientsysfwgit@intel.com> 
Date: 2019-09-26 13:43:56 -0700 
-------------------------------------------------------------------------------- 
IceLakeSiliconPkg: Disable ExI clock gating before enabling HEEN
Change-Id: Ib1afcf072c810a0d1419f4331f56070341eb2310


-------------------------------------------------------------------------------- 
[Changed Files]
IceLakeSiliconPkg/Pch/Include/Register/PchRegsDci.h
IceLakeSiliconPkg/Pch/Library/Private/PeiDxeSmmDciPrivateLib/PeiDciLib.c

================================================================================ 
Commit: b4f16f63c8b33a9c74f69843e4d905de1de59e59 
Author: ClientSysFWGit <clientsysfwgit@intel.com> 
Date: 2019-09-26 13:43:54 -0700 
-------------------------------------------------------------------------------- 
IceLakePlatformPkg:[ICL Y] PCH PM Test Configuration
PCH PM Test enabled by default for ICL Y
Change-Id: I9594789e50d776825927fa5228956fb24d00aaf6


-------------------------------------------------------------------------------- 
[Changed Files]
IceLakePlatSamplePkg/Board/Include/OtherBoardConfigPatchTable.h
IceLakePlatSamplePkg/Library/PeiPolicyUpdateLib/PeiPchPolicyUpdate.c
IceLakeSiliconPkg/Pch/Library/PeiPchPolicyLib/PeiPchPolicyLib.c

================================================================================ 
Commit: 1fa71bb8734b272d6bf13c2ebfa511f88ace5df3 
Author: ClientSysFWGit <clientsysfwgit@intel.com> 
Date: 2019-09-26 13:43:53 -0700 
-------------------------------------------------------------------------------- 
Integrate New IceLake Microcode Patch 0x4a
Update Microcode Patch
Change-Id: I74d4abc5eee5bc2ac902a705c579d27486048ae7


-------------------------------------------------------------------------------- 
[Changed Files]
IceLakeOpenBoardPkg/IclUDdr4Type3Tcpd/OpenBoardPkg.fdf
IceLakePlatSamplePkg/PlatformPkg.fdf

================================================================================ 
Commit: bcb0a56368b4dc87ac8d9bc563e1cbe37f19a19e 
Author: ClientSysFWGit <clientsysfwgit@intel.com> 
Date: 2019-09-26 13:43:52 -0700 
-------------------------------------------------------------------------------- 
[TeamCity] ICL Auto-Commit BIOS ID update CI
2019-09-18 20:35:52 -0700


-------------------------------------------------------------------------------- 
[Changed Files]
IceLakePlatSamplePkg/Tools/GenBiosId/BiosId.env

================================================================================ 
Commit: 78c38ab96447a7be9f0183e1e6586d49082c9162 
Author: ClientSysFWGit <clientsysfwgit@intel.com> 
Date: 2019-09-26 13:43:50 -0700 
-------------------------------------------------------------------------------- 
[TeamCity] ICL Auto-Commit DailyUpdate_FSP/RC version CI Increment FSP Revision Number and reset FSP Build Number to 1
2019-09-18 20:08:20 -0700


-------------------------------------------------------------------------------- 
[Changed Files]
IceLakeFspPkg/IceLakeFspPkg.dec
IceLakeSiliconPkg/SiPkg.dec

================================================================================ 
Commit: ea78e8cc2c8506c312e218724fe4df5b43ee3596 
Author: ClientSysFWGit <clientsysfwgit@intel.com> 
Date: 2019-09-26 13:43:49 -0700 
-------------------------------------------------------------------------------- 
[TeamCity] ICL Auto-Commit BIOS ID update CI
2019-09-17 20:23:12 -0700


-------------------------------------------------------------------------------- 
[Changed Files]
IceLakePlatSamplePkg/Tools/GenBiosId/BiosId.env

================================================================================ 
Commit: 8e1b7b45035a464a4087188203c137c8c2db6076 
Author: ClientSysFWGit <clientsysfwgit@intel.com> 
Date: 2019-09-26 13:43:48 -0700 
-------------------------------------------------------------------------------- 
[TeamCity] ICL Auto-Commit DailyUpdate_FSP/RC version CI Increment FSP Revision Number and reset FSP Build Number to 1
2019-09-17 20:07:46 -0700


-------------------------------------------------------------------------------- 
[Changed Files]
IceLakeFspPkg/IceLakeFspPkg.dec
IceLakeSiliconPkg/SiPkg.dec

================================================================================ 
Commit: 1bfe7a98399d14fa9ab5c9af267edecca4a250d3 
Author: ClientSysFWGit <clientsysfwgit@intel.com> 
Date: 2019-09-26 13:43:47 -0700 
-------------------------------------------------------------------------------- 
[TeamCity] ICL Auto-Commit BIOS ID update CI
2019-09-17 10:34:16 -0700


-------------------------------------------------------------------------------- 
[Changed Files]
IceLakePlatSamplePkg/Tools/GenBiosId/BiosId.env

================================================================================ 
Commit: 42ecf320e0e513964497163bc4e646867434083b 
Author: ClientSysFWGit <clientsysfwgit@intel.com> 
Date: 2019-09-26 13:43:46 -0700 
-------------------------------------------------------------------------------- 
UN/YN need to enable ITBT VTD by default
Change-Id: I682e78d893748af96e0f484ced9bd0a717318137


-------------------------------------------------------------------------------- 
[Changed Files]
IceLakePlatSamplePkg/Board/Include/OtherBoardConfigPatchTable.h
IceLakeSiliconPkg/SystemAgent/Library/PeiSaPolicyLib/PeiSaPolicyLib.c

================================================================================ 
Commit: 68f09b176cabcf4e5b988be066cf447e9af030d4 
Author: ClientSysFWGit <clientsysfwgit@intel.com> 
Date: 2019-09-26 13:43:44 -0700 
-------------------------------------------------------------------------------- 
[TCSS] Enable ADBG ACPI debug message to external customers
Change-Id: I06a3b4426f04f4cd83ac8b979af9002d915c601d


-------------------------------------------------------------------------------- 
[Changed Files]
IceLakePlatSamplePkg/Acpi/AcpiTables/Dsdt/DiscreteConnectivityReset.asl
IceLakePlatSamplePkg/Acpi/AcpiTables/Dsdt/PCIEDOCK.ASL
IceLakePlatSamplePkg/Acpi/AcpiTables/Dsdt/PinDriverLib.asl
IceLakePlatSamplePkg/Acpi/AcpiTables/Dsdt/Platform.asl
IceLakePlatSamplePkg/Acpi/AcpiTables/Dsdt/Wifi.asl
IceLakePlatSamplePkg/Acpi/AcpiTables/Dsdt/Wwan.asl
IceLakePlatSamplePkg/Acpi/AcpiTables/SsdtRtd3/IclHRvpRtd3.asl
IceLakePlatSamplePkg/Acpi/AcpiTables/SsdtRtd3/ZpoddDsm.asl
IceLakePlatSamplePkg/EC/Asl/EC.ASL
IceLakePlatSamplePkg/Features/Dptf/AcpiTables/Dptf.asl
IceLakePlatSamplePkg/Features/Dptf/AcpiTables/PchpParticipant.asl
IceLakePlatSamplePkg/Features/Dptf/AcpiTables/Sds/DptfSds.asl
IceLakePlatSamplePkg/Features/Dptf/AcpiTables/TPwrParticipant.asl
IceLakePlatSamplePkg/Features/OverClocking/OverclockInterface/OverclockInterfaceACPI.asl
IceLakePlatSamplePkg/Features/Pep/AcpiTables/Pep.asl
IceLakePlatSamplePkg/Features/Tbt/AcpiTables/DTbt.asl
IceLakeSiliconPkg/Pch/AcpiTables/Dsdt/PchHda.asl
IceLakeSiliconPkg/Pch/AcpiTables/Dsdt/PchHdaSoundWireCtrl.asl
IceLakeSiliconPkg/Pch/AcpiTables/Dsdt/PchRstPcieStorage.asl
IceLakeSiliconPkg/Pch/AcpiTables/Dsdt/PchSata.asl
IceLakeSiliconPkg/Pch/AcpiTables/Dsdt/PchScs.asl
IceLakeSiliconPkg/Pch/AcpiTables/Dsdt/PchXdci.asl
IceLakeSiliconPkg/Pch/AcpiTables/Dsdt/PchXhci.asl
IceLakeSiliconPkg/Pch/AcpiTables/Dsdt/Pmc.asl
IceLakeSiliconPkg/Pch/AcpiTables/Dsdt/RstRaid.asl
IceLakeSiliconPkg/SystemAgent/AcpiTables/HostBus.asl
IceLakeSiliconPkg/SystemAgent/AcpiTables/TcssSsdt/TcssDma.asl
IceLakeSiliconPkg/SystemAgent/AcpiTables/TcssSsdt/TcssItbtPcieRp.asl
IceLakeSiliconPkg/SystemAgent/AcpiTables/TcssSsdt/TcssSsdt.asl
IceLakeSiliconPkg/SystemAgent/AcpiTables/TcssSsdt/TcssXdci.asl
IceLakeSiliconPkg/SystemAgent/AcpiTables/TcssSsdt/TcssXhci.asl

================================================================================ 
Commit: 3c69242f81c3733a7202d0f017b77c6defd8ab80 
Author: ClientSysFWGit <clientsysfwgit@intel.com> 
Date: 2019-09-26 13:43:42 -0700 
-------------------------------------------------------------------------------- 
[TCSS] TBT cannot be assigned the expected buses in pre-boot environment
Count the consumer for root port, upstream port, and downstream port in the calculation.
Change-Id: Id0ce72fae73987231234bcc2ed5f191f1f9a1183


-------------------------------------------------------------------------------- 
[Changed Files]
IceLakePlatSamplePkg/Platform/PciHotPlug/PciHotPlug.c
IceLakePlatSamplePkg/Platform/PciHotPlug/PciHotPlug.h
IceLakePlatSamplePkg/Platform/PciHotPlug/PciHotPlugHelpers.c
IceLakePlatSamplePkg/Platform/PciHotPlug/PciHotPlugHelpers.h

================================================================================ 
Commit: e1fd347639027d6f189468385fcb3880f4e777d4 
Author: ClientSysFWGit <clientsysfwgit@intel.com> 
Date: 2019-09-26 13:43:41 -0700 
-------------------------------------------------------------------------------- 
[TeamCity] ICL Auto-Commit BIOS ID update CI
2019-09-16 20:32:22 -0700


-------------------------------------------------------------------------------- 
[Changed Files]
IceLakePlatSamplePkg/Tools/GenBiosId/BiosId.env

================================================================================ 
Commit: c025ff07c8e39765b8d4a5082d3bc1652f92894c 
Author: ClientSysFWGit <clientsysfwgit@intel.com> 
Date: 2019-09-26 13:43:40 -0700 
-------------------------------------------------------------------------------- 
[TeamCity] ICL Auto-Commit WeeklyUpdate_FSP/RC version CI Increment FSP Revision Number and reset FSP Build Number to 1
2019-09-16 20:25:34 -0700


-------------------------------------------------------------------------------- 
[Changed Files]
IceLakeFspPkg/IceLakeFspPkg.dec
IceLakeSiliconPkg/SiPkg.dec

================================================================================ 
Commit: 72fedef19ce370cb8d9b4506ad9572ebfc487d30 
Author: ClientSysFWGit <clientsysfwgit@intel.com> 
Date: 2019-09-26 13:43:38 -0700 
-------------------------------------------------------------------------------- 
[TeamCity] ICL Auto-Commit DailyUpdate_FSP/RC version CI Increment FSP Revision Number and reset FSP Build Number to 1
2019-09-16 20:05:08 -0700


-------------------------------------------------------------------------------- 
[Changed Files]
IceLakeFspPkg/IceLakeFspPkg.dec
IceLakeSiliconPkg/SiPkg.dec

================================================================================ 
Commit: ea8c1b693d66d4ffa3debc6f3fe5396518d56492 
Author: ClientSysFWGit <clientsysfwgit@intel.com> 
Date: 2019-09-26 13:43:37 -0700 
-------------------------------------------------------------------------------- 
[TeamCity] ICL Auto-Commit DailyUpdate_FSP/RC version CI Increment FSP Revision Number and reset FSP Build Number to 1
2019-09-15 20:33:33 -0700


-------------------------------------------------------------------------------- 
[Changed Files]
IceLakeFspPkg/IceLakeFspPkg.dec
IceLakeSiliconPkg/SiPkg.dec

================================================================================ 
Commit: 5f21860e2bccd4fe6b8f46ed0cc16d32f971985c 
Author: ClientSysFWGit <clientsysfwgit@intel.com> 
Date: 2019-09-26 13:43:36 -0700 
-------------------------------------------------------------------------------- 
[TeamCity] ICL Auto-Commit BIOS ID update CI
2019-09-15 20:21:57 -0700


-------------------------------------------------------------------------------- 
[Changed Files]
IceLakePlatSamplePkg/Tools/GenBiosId/BiosId.env

================================================================================ 
Commit: 9ee173b42ccd644eb2054f308c415edfb6190163 
Author: ClientSysFWGit <clientsysfwgit@intel.com> 
Date: 2019-09-26 13:43:35 -0700 
-------------------------------------------------------------------------------- 
[TeamCity] ICL Auto-Commit BIOS ID update CI
2019-09-14 20:28:23 -0700


-------------------------------------------------------------------------------- 
[Changed Files]
IceLakePlatSamplePkg/Tools/GenBiosId/BiosId.env

================================================================================ 
Commit: 8fe56bb776561c1775e4528c7e5a550d266b2258 
Author: ClientSysFWGit <clientsysfwgit@intel.com> 
Date: 2019-09-26 13:43:33 -0700 
-------------------------------------------------------------------------------- 
[TeamCity] ICL Auto-Commit DailyUpdate_FSP/RC version CI Increment FSP Revision Number and reset FSP Build Number to 1
2019-09-14 20:20:48 -0700


-------------------------------------------------------------------------------- 
[Changed Files]
IceLakeFspPkg/IceLakeFspPkg.dec
IceLakeSiliconPkg/SiPkg.dec

================================================================================ 
Commit: 269b005154118cdfbde25e1840cde66edc1da779 
Author: ClientSysFWGit <clientsysfwgit@intel.com> 
Date: 2019-09-26 13:43:32 -0700 
-------------------------------------------------------------------------------- 
[TeamCity] ICL Auto-Commit BIOS ID update CI
2019-09-13 20:20:19 -0700


-------------------------------------------------------------------------------- 
[Changed Files]
IceLakePlatSamplePkg/Tools/GenBiosId/BiosId.env

================================================================================ 
Commit: c7d75d6470188f4dc033240d596c441be6c0e7ef 
Author: ClientSysFWGit <clientsysfwgit@intel.com> 
Date: 2019-09-26 13:43:30 -0700 
-------------------------------------------------------------------------------- 
[TeamCity] ICL Auto-Commit DailyUpdate_FSP/RC version CI Increment FSP Revision Number and reset FSP Build Number to 1
2019-09-13 20:07:26 -0700


-------------------------------------------------------------------------------- 
[Changed Files]
IceLakeFspPkg/IceLakeFspPkg.dec
IceLakeSiliconPkg/SiPkg.dec

================================================================================ 
Commit: faabe7c3a8de0ab6fe50969d21a35436a86fde5f 
Author: ClientSysFWGit <clientsysfwgit@intel.com> 
Date: 2019-09-26 13:43:29 -0700 
-------------------------------------------------------------------------------- 
ICL [ICP-PCH] New ICL Platform VR 
Change-Id: Icddbf72fae4dc95c058f69ba1f13414b19e37954


-------------------------------------------------------------------------------- 
[Changed Files]
IceLakeSiliconPkg/Cpu/Library/Private/PeiCpuPowerMgmtLib/PowerLimits.c

================================================================================ 
Commit: 2fa319cfc3a168603f43f2f7b9a2c444ed1fea7c 
Author: ClientSysFWGit <clientsysfwgit@intel.com> 
Date: 2019-09-26 13:43:28 -0700 
-------------------------------------------------------------------------------- 
[TeamCity] ICL Auto-Commit BIOS ID update CI
2019-09-12 20:20:25 -0700


-------------------------------------------------------------------------------- 
[Changed Files]
IceLakePlatSamplePkg/Tools/GenBiosId/BiosId.env

================================================================================ 
Commit: 35c70fde75f07f77bdf69bf0372e381596c26619 
Author: ClientSysFWGit <clientsysfwgit@intel.com> 
Date: 2019-09-26 13:43:25 -0700 
-------------------------------------------------------------------------------- 
[TeamCity] ICL Auto-Commit DailyUpdate_FSP/RC version CI Increment FSP Revision Number and reset FSP Build Number to 1
2019-09-12 20:08:04 -0700


-------------------------------------------------------------------------------- 
[Changed Files]
IceLakeFspPkg/IceLakeFspPkg.dec
IceLakeSiliconPkg/SiPkg.dec
