================================================================================ 
Commit: bd344e9533e3d47d7e0df8648a18cd8f5c286e41 
Author: ClientSysFWGit <clientsysfwgit@intel.com> 
Date: Wed May 8 17:35:03 2024 +0530 
-------------------------------------------------------------------------------- 
Updated SiPkg.dec, Doxygen and LICENSE.txt

-------------------------------------------------------------------------------- 
[Changed Files]
ClientOneSiliconPkg/SiPkg.dec
Doxygen/BoardApi.chm
Doxygen/FspApi.chm
Doxygen/MeteorLake_FSP_Integration_Guide.chm
Doxygen/MeteorLake_FSP_Integration_Guide.pdf
Doxygen/PlatApi.chm
Doxygen/SiPkgApi.chm
LICENSE.txt

================================================================================ 
Commit: 91f1fc5f176dd4da8a7aa140e82698b3944bc5d2 
Author: ClientSysFWGit <clientsysfwgit@intel.com> 
Date: Wed May 8 17:15:22 2024 +0530 
-------------------------------------------------------------------------------- 
"[TeamCity] MTL MeteorLake_arrowlake_s_program_platform_Daily Daily Updating Version/ID: MeteorLake_4185_80

Hsd-es-id: N/A"
Original commit date: Thu May 2 19:38:24 2024 -0700
Original commit hash: 0a5a7614dcc6f8a420754dfc1d496405c3cd3305

-------------------------------------------------------------------------------- 
[Changed Files]
MeteorLakeBoardPkg/BiosId.env

================================================================================ 
Commit: 6c1f678913424102472e91424e1d356e7ef338e0 
Author: ClientSysFWGit <clientsysfwgit@intel.com> 
Date: Wed May 8 17:15:08 2024 +0530 
-------------------------------------------------------------------------------- 
Update BiosId VERSION_MINOR to 79

[Feature Description]
Update BiosId VERSION_MINOR to 79

Package/Module: MeteorLakeBoardPkg

[Impacted Platform]
S

Hsd-es-id: NA
Original commit date: Thu May 2 18:58:41 2024 -0700
Change-Id: Ia098d2fce81090cccd56890749efb0d31c5ed6ff
Original commit hash: 19fddcbfae29bae8ac5c5b36b974677a6dba4c00

-------------------------------------------------------------------------------- 
[Changed Files]
MeteorLakeBoardPkg/BiosId.env

================================================================================ 
Commit: ae676c74656fd6de7be51ba226056015424f676b 
Author: ClientSysFWGit <clientsysfwgit@intel.com> 
Date: Wed May 8 17:14:55 2024 +0530 
-------------------------------------------------------------------------------- 
[ARL-S][ARL-Hx] Observed Incorrect DIMM slot info in Windows

[Issue Description]
SMBIOS table 17 shows extra DIMM slot information with no DIMMs
connected while the actual no. of slots on the board available
are only 2 on 1DPC RVP.
On 2DPC Board, two extra slot details are seen in SMBIOS
table 17.
On Hx 1DPC, two extra slot details are seen are seen in SMBIOS
table 17

[Resolution]
On ARL-S RVP, one DIMM is connected cross Controller-0/1, so the
second DIMM should be still set under Controller-0
On ARL-Hx 1DPC RVP, DIMM is connected to DIMM-1, so 0x2 should be used
Need to update VpdPcdMrcNoOfDimmSlot accordingly.

Package/Module: MeteorLakeBoardPkg/MeteorLakeBoards

[Impacted Platform]
S

Hsd-es-id: 15015971269
Original commit date: Mon Apr 29 14:11:53 2024 +0800
Change-Id: I934143d8e469a3f7bac2a84c08583e3054357027
Original commit hash: c5efdf4f4cadcd269290d1fe11e0185ede1e695b

-------------------------------------------------------------------------------- 
[Changed Files]
MeteorLakeBoardPkg/MeteorLakeBoards/BoardVpdPcdsInit/ArlS/SkuIdArlSBGASodimm1DCrb.dsc
MeteorLakeBoardPkg/MeteorLakeBoards/BoardVpdPcdsInit/ArlS/SkuIdArlSBGASodimm1DErb.dsc
MeteorLakeBoardPkg/MeteorLakeBoards/BoardVpdPcdsInit/ArlS/SkuIdArlSBGASodimm2DCrb.dsc
MeteorLakeBoardPkg/MeteorLakeBoards/BoardVpdPcdsInit/MtlS/SkuIdMtlSOcRvp.dsc
MeteorLakeBoardPkg/MeteorLakeBoards/BoardVpdPcdsInit/MtlS/SkuIdMtlSSODimm1DEvcrb.dsc
MeteorLakeBoardPkg/MeteorLakeBoards/BoardVpdPcdsInit/MtlS/SkuIdMtlSSODimm2DEvcrb.dsc
MeteorLakeBoardPkg/MeteorLakeBoards/BoardVpdPcdsInit/MtlS/SkuIdMtlSUDimm1DEvcrb.dsc
MeteorLakeBoardPkg/MeteorLakeBoards/BoardVpdPcdsInit/MtlS/SkuIdMtlSUDimm2DEvcrb.dsc

================================================================================ 
Commit: ce829cc9006199a9925fd9bc62f31231cab491c9 
Author: ClientSysFWGit <clientsysfwgit@intel.com> 
Date: Wed May 8 17:14:41 2024 +0530 
-------------------------------------------------------------------------------- 
"[TeamCity] MTL MeteorLake_meteorlake_family_Daily Daily Updating Version/ID: MeteorLake_4185_00

Hsd-es-id: N/A"
Original commit date: Fri May 3 01:27:48 2024 +0000
Original commit hash: f7d2783e505c8780ee7e259114a12223266bfe0e

-------------------------------------------------------------------------------- 
[Changed Files]
ClientOneSiliconPkg/Product/MeteorLake/SiPkgPcdInit.dsc
MeteorLakeBoardPkg/BiosId.env
MeteorLakeFspPkg/FspPkgPcdInit.dsc

================================================================================ 
Commit: f8075c388226ad200a4c3f66b76b1e152b5b0ed2 
Author: ClientSysFWGit <clientsysfwgit@intel.com> 
Date: Wed May 8 17:14:27 2024 +0530 
-------------------------------------------------------------------------------- 
Add Preset 7 and 8 in PCH PCIe4 ports.

[Feature Description]
Add Preset 7 and 8 in PCH PCIe4 ports.

Package/Module: MtlPchPolicyLib

[Impacted Platform]
S

Hsd-es-id: 14022156526
Original commit date: Wed May 1 10:17:44 2024 -0700
Change-Id: I5c93e2ec2a3bb27ffe0c2f71fc17ee844252cf3b
Original commit hash: 50a097c821ee2274845df840235f0cee4fe65777

-------------------------------------------------------------------------------- 
[Changed Files]
ClientOneSiliconPkg/Fru/MtlPch/LibraryPrivate/MtlPchPolicyLib/PeiPchPolicyLib.c
ClientOneSiliconPkg/Fru/MtlPch/LibraryPrivate/PeiMtlPchInitLib/MtlPchRootPorts.c
MeteorLakeFspPkg/Upd/FspsUpd.dsc
MeteorLakePlatSamplePkg/Setup/PchPcieSetupSinglePort.hfr

================================================================================ 
Commit: a64ae854db0c1cf588c966c6c5787f6300f65c60 
Author: ClientSysFWGit <clientsysfwgit@intel.com> 
Date: Wed May 8 17:14:13 2024 +0530 
-------------------------------------------------------------------------------- 
Program Ep MRRS to 256B when link runs at gen5x16

[Feature Description]
MRRS set to 256B on PEG10 when link runs at Gen5 x16
(MemRd 4KB BW does NOT meet target), follow RPL WA

Package/Module:
ClientOneSiliconPkg

[Impacted Platform]
S

Hsd-es-id: 22019986387
Original commit date: Thu Apr 25 23:01:23 2024 +0530
Change-Id: I62a5cd6763ee099f1f3d65a58f4a46f537ff7f1d
Original commit hash: 8a06298a4345320a07c59bb127c0bed0f9782dc7

-------------------------------------------------------------------------------- 
[Changed Files]
ClientOneSiliconPkg/Include/PcieRegs.h
ClientOneSiliconPkg/IpBlock/PcieRp/LibraryPrivate/PciExpressHelpersLibrary/PciExpressHelpersLibrary.c

================================================================================ 
Commit: 2ef4bec2c0d558eaccbce981fbdd8c304f22b964 
Author: ClientSysFWGit <clientsysfwgit@intel.com> 
Date: Wed May 8 17:14:00 2024 +0530 
-------------------------------------------------------------------------------- 
"[TeamCity] MTL MeteorLake_meteorlake_family_Daily Daily Updating Version/ID: MeteorLake_4184_01

Hsd-es-id: N/A"
Original commit date: Thu May 2 13:44:10 2024 -0700
Original commit hash: 1fa4ec95696e33758972e330ec208ed2a265b508

-------------------------------------------------------------------------------- 
[Changed Files]
ClientOneSiliconPkg/Product/MeteorLake/SiPkgPcdInit.dsc
MeteorLakeBoardPkg/BiosId.env
MeteorLakeFspPkg/FspPkgPcdInit.dsc

================================================================================ 
Commit: 758f1d30fc87c24f4b1963d67703e25fe9b377cf 
Author: ClientSysFWGit <clientsysfwgit@intel.com> 
Date: Wed May 8 17:13:48 2024 +0530 
-------------------------------------------------------------------------------- 
[USB4v2] BR support Win10 with EC cmd

[Feature Description]
BIOS USB4 driver to support Win10 with sending EC cmd to notify PD
to TBT to enable/disable TBT/USB4 capability.
- Provide upgrade/downgrade mechanism in _OSC and PEI phase, to
switch BR in MFDP mode in Win10
- Raise OS change bit store in CMOS to record OS occured windows
switch.
- Provide Win10MFDEnable in Usb4PlatformInfo and Usb4Win10MFDEnable
in NVS to represent current boot is in MFD mode or not.
- BIOS USB4 driver will skip ITBT when BR in MFD mode, since it must
work at FWCM mode.
- Set OS depend as default in setup variable when BR enable.
- Support corner case of boot to SWCM incompatible OS first then
enable DTBT controller in setup later.

Package/Module:
CmosFeaturePkg/
BoardPkg/Acpi/
PlatSamplePkg/Usb4Cm
PlatSamplePkg/Setup

[Impacted Platform]
Hx/H

Hsd-es-id: 15015918803
Original commit date: Tue Apr 30 15:24:24 2024 +0800
Change-Id: Ic14ad345f6fde30452b1b273e127cfd81936fea9
Original commit hash: bf131d0b2f368a599b96d53a286c1f2cde5d08be

-------------------------------------------------------------------------------- 
[Changed Files]
MeteorLakeBoardPkg/Acpi/AcpiTables/AcpiTables.inf
MeteorLakeBoardPkg/Acpi/AcpiTables/Dsdt/Platform.asl
MeteorLakeBoardPkg/Acpi/AcpiTables/Dsdt/PlatformNvs.asl
MeteorLakeBoardPkg/Acpi/AdvancedAcpiDxe/AcpiPlatform.c
MeteorLakeBoardPkg/Acpi/AdvancedAcpiDxe/AdvancedAcpiDxe.inf
MeteorLakeBoardPkg/BoardPkgPcdInit.dsc
MeteorLakeBoardPkg/BoardPkgPcdUpdate.dsc
MeteorLakeBoardPkg/Include/PlatformNvsAreaDef.h
MeteorLakeBoardPkg/Library/PeiPolicyBoardConfigLib/PeiPolicyBoardConfigLib.inf
MeteorLakeBoardPkg/Library/PeiPolicyBoardConfigLib/PeiPolicyBoardConfigLibFsp.inf
MeteorLakeBoardPkg/Library/PeiPolicyBoardConfigLib/PeiPreMemPolicyBoardConfigLibFsp.inf
MeteorLakeBoardPkg/Library/PeiPolicyBoardConfigLib/PeiTbtPolicyBoardConfig.c
MeteorLakeBoardPkg/MeteorLakeBoards/Include/ThunderboltConfigPatchTable.h
MeteorLakeBoardPkg/MeteorLakeBoards/Library/BoardInitLib/Dxe/DxeMultiBoardInitlib.inf
MeteorLakeBoardPkg/MeteorLakeBoards/Library/BoardInitLib/Pei/PeiMultiBoardInitPreMemLib.inf
MeteorLakePlatSamplePkg/Features/Tbt/Include/PeiDTbtGenericStructure.h
MeteorLakePlatSamplePkg/Features/Usb4Cm/Include/Usb4PlatformInfo.h
MeteorLakePlatSamplePkg/Features/Usb4Cm/Library/DUsb4HrPeiLib/DUsb4HrPeiLib.c
MeteorLakePlatSamplePkg/Features/Usb4Cm/Library/DUsb4HrPeiLib/DUsb4HrPeiLib.inf
MeteorLakePlatSamplePkg/Features/Usb4Cm/Usb4CmDxe/Usb4Cm.c
MeteorLakePlatSamplePkg/Features/Usb4Cm/Usb4CmDxe/Usb4CmDxe.c
MeteorLakePlatSamplePkg/Features/Usb4Cm/Usb4PlatformPei/Usb4PlatformDriver.c
MeteorLakePlatSamplePkg/Library/PeiPolicyUpdateLib/PeiPolicyUpdateLib.inf
MeteorLakePlatSamplePkg/Library/PeiPolicyUpdateLib/PeiPolicyUpdateLibFsp.inf
MeteorLakePlatSamplePkg/Library/PeiPolicyUpdateLib/PeiTbtPolicyUpdate.c
MeteorLakePlatSamplePkg/Platform/PlatformSetup/Dxe/PlatformSetup.inf
MeteorLakePlatSamplePkg/PlatformPkg.dec
MeteorLakePlatSamplePkg/Setup/PlatformSetup.c
MeteorLakePlatSamplePkg/Setup/PlatformSetup.hfr
MeteorLakePlatSamplePkg/Setup/Setup.inf
MeteorLakePlatSamplePkg/Setup/TbtSetup.c
MeteorLakePlatSamplePkg/Setup/TbtSetup.hfr
MeteorLakePlatSamplePkg/Setup/TbtSetup.uni

================================================================================ 
Commit: 232caee8a744139087332b34f441d33c59e9233c 
Author: ClientSysFWGit <clientsysfwgit@intel.com> 
Date: Wed May 8 17:13:34 2024 +0530 
-------------------------------------------------------------------------------- 
WIN10 BR EC CMD

[Feature Description]
BIOS sends UCSI EC cmd to disable USB4/TBT capabilities
and reset PD for BR CIO ports by _OSC when current OS
doesn't support USB4 capability.
BIOS should check CM CMOS setting to downgrade PD to
MFDP mode in next G3.
If user upgrades OS to Win10 w/o a G3,
BIOS should send UCSI cmd to enable USB4/TBT capability
by _OSC once learn current OS is USB4 capable.

Package/Module:
Features/Ec/EcFeaturePkg

[Impacted Platform]
All

Hsd-es-id: 15015918803
Original commit date: Mon Mar 11 21:25:35 2024 +0800
Change-Id: I8423ac1bb72fe5d4f387c7aa27a445e1e164b54c
Original commit hash: a34338f53b8d7d16033795c23f836f15f3db9a0c

-------------------------------------------------------------------------------- 
[Changed Files]
Features/Ec/EcFeaturePkg/AcpiTables/EcSsdt/EcExternalMethod.asl
Features/Ec/EcFeaturePkg/Include/Library/EcMiscLib.h
Features/Ec/EcFeaturePkg/IncludePrivate/EcCommands.h
Features/Ec/EcFeaturePkg/Library/BaseEcMiscLib/BaseEcMiscLib.c

================================================================================ 
Commit: d938f330c11dc7320e404d5e4c7a99a0261b69af 
Author: ClientSysFWGit <clientsysfwgit@intel.com> 
Date: Wed May 8 17:13:22 2024 +0530 
-------------------------------------------------------------------------------- 
"[TeamCity] MTL MeteorLake_meteorlake_family_Daily Daily Updating Version/ID: MeteorLake_4184_00

Hsd-es-id: N/A"
Original commit date: Thu May 2 11:11:53 2024 -0700
Original commit hash: eee8de1d3203ba8623d2312c1c971c36ae0721ae

-------------------------------------------------------------------------------- 
[Changed Files]
ClientOneSiliconPkg/Product/MeteorLake/SiPkgPcdInit.dsc
MeteorLakeBoardPkg/BiosId.env
MeteorLakeFspPkg/FspPkgPcdInit.dsc

================================================================================ 
Commit: ca9471b5abdd918fa6d08060ea5ab2a20369d46f 
Author: ClientSysFWGit <clientsysfwgit@intel.com> 
Date: Wed May 8 17:13:10 2024 +0530 
-------------------------------------------------------------------------------- 
FCTL2.HPICTL is not programmed as per BWG.

[Issue Description]
Curent hotplug implementation is facing SD Express card
de-enumeration issue.

[Resolution]
FCTL2.HPICTL bit is to be programmed as per latest BWG.

Package/Module:
ClientOneSiliconPkg

[Impacted Platform]
ALL.

Hsd-es-id: 18038180041
Original commit date: Thu Apr 25 09:24:27 2024 +0200
Change-Id: I1c276bc8dbb432c5eb34a8ae3f9af2152bb73e0b
Original commit hash: 6e97bdd8a68ae190ed65a32d7a0084843c67f28e

-------------------------------------------------------------------------------- 
[Changed Files]
ClientOneSiliconPkg/IpBlock/PcieRp/LibraryPrivate/PeiPcieSipInitLib/PeiPcieSipInitLib.c

================================================================================ 
Commit: 48b3b7b683396e391af140b5d3af864be340b49b 
Author: ClientSysFWGit <clientsysfwgit@intel.com> 
Date: Wed May 8 17:12:53 2024 +0530 
-------------------------------------------------------------------------------- 
Assign the default MMIO size to 2GB when it ran out of resources

[Feature Description]
Whenever there are multiple GFX card connected, their might be chances
that when 2 cards required 32b memory at a same time, which may not be
available during the PEI phase. in such scenario we should reset the
MMIO Size to 2GB.

Tested the Dual GFX Cards, 64b resources are not allocating in PEI phase
, during the PCI enumaration in the DXE phase, the required MMIOs for
connected cards will be allocated.

Package/Module: HostBridge

[Impacted Platform]
ALL

Hsd-es-id: 22019859336
Original commit date: Thu May 2 16:30:19 2024 +0530
Change-Id: Ib75b0414e13f8b998e61087c47f648a36a3743f6
Original commit hash: f6a7ce32c94c74f0ee54f7fa04ce430b1ac446fc

-------------------------------------------------------------------------------- 
[Changed Files]
ClientOneSiliconPkg/Product/MeteorLake/LibraryPrivate/PeiMmioAssignmentLib/PeiMmioAssignmentLib.c

================================================================================ 
Commit: 98c08c30f57888307657c24311a4f4b516fb20b7 
Author: ClientSysFWGit <clientsysfwgit@intel.com> 
Date: Wed May 8 17:12:21 2024 +0530 
-------------------------------------------------------------------------------- 
Add MTL-P/PS NEX GOP VBT config

[Feature Description]
Enable MTL-P/PS NEX GOP VBT config

Package/Module: MeteorLakeBoardPkg

[Impacted Platform]
MTLPS, MTLP

Hsd-es-id: 15015925309
Original commit date: Tue Apr 23 16:00:22 2024 +0800
Change-Id: I848da0ee3e0a0335e11d424ac7266f006449e1ba
Original commit hash: 121a6e41bad9eaeef5a111d28222bdc4ea04c94f

-------------------------------------------------------------------------------- 
[Changed Files]
MeteorLakeBoardPkg/BoardPkg.dec
MeteorLakeBoardPkg/BoardPkg.dsc
MeteorLakeBoardPkg/BoardPkg.fdf
MeteorLakePlatSamplePkg/Include/SetupVariable.h
MeteorLakePlatSamplePkg/Library/PeiPolicyUpdateLib/PeiPolicyUpdateLib.inf
MeteorLakePlatSamplePkg/Library/PeiPolicyUpdateLib/PeiPolicyUpdateLibFsp.inf
MeteorLakePlatSamplePkg/Library/PeiPolicyUpdateLib/PeiSaPolicyUpdatePreMem.c
MeteorLakePlatSamplePkg/Setup/SaSetup.hfr
MeteorLakePlatSamplePkg/Setup/SaSetup.uni

================================================================================ 
Commit: 7df68e644bf726b16b132be168304368dbc0b9fb 
Author: ClientSysFWGit <clientsysfwgit@intel.com> 
Date: Wed May 8 17:11:55 2024 +0530 
-------------------------------------------------------------------------------- 
OC State: P-Core voltage altered bit set after enabling OC flow in BIOS

[Issue Description]
P-core voltage altered bit is getting set after enabling OC flow in
BIOS. This is happening, Due to

[Resolution]
1. Issue has been root caused to wrong default value for AVX2 scaling
factor in BIOS.
2. Corrected the default value of AXV2 scaling factor from 0 to 100.
3. Also removed AVX3 and AVX512 related code as it is not applicable.

Package/Module: ClientOneSiliconPkg, MeteorLakePlatSamplePkg, MeteorLakeFspPkg

[Impacted Platform]
S

Hsd-es-id: 22020004435
Original commit date: Wed May 1 09:09:32 2024 -0700
Change-Id: I6b8de38f73bac8690002116ad00f8e1a5808ff6c
Original commit hash: 3bd9c51737ea8d4f58dabeb14026683268d4fd0c

-------------------------------------------------------------------------------- 
[Changed Files]
ClientOneSiliconPkg/Include/ConfigBlock/Overclocking/OverclockingConfig.h
ClientOneSiliconPkg/Include/Library/OcMailboxLib.h
ClientOneSiliconPkg/IpBlock/Overclocking/LibraryPrivate/PeiOcInitLib/PeiOcInitLib.c
ClientOneSiliconPkg/IpBlock/Overclocking/LibraryPrivate/PeiOcLib/OcLibrary.c
ClientOneSiliconPkg/IpBlock/Overclocking/LibraryPrivate/PeiOcPolicyLib/PeiOcPolicyLib.c
MeteorLakeFspPkg/Upd/FspmUpd.dsc
MeteorLakePlatSamplePkg/Setup/OverClockSetup.hfr

================================================================================ 
Commit: fe09104f1ed3c11abbd8e2b5d355d973d93d8558 
Author: ClientSysFWGit <clientsysfwgit@intel.com> 
Date: Wed May 8 17:11:42 2024 +0530 
-------------------------------------------------------------------------------- 
"[TeamCity] MTL MeteorLake_meteorlake_family_Daily Daily Updating Version/ID: MeteorLake_4183_00

Hsd-es-id: N/A"
Original commit date: Wed May 1 21:32:02 2024 -0700
Original commit hash: 2e7e44c7d403b5d88fe4a7378a111c7599819880

-------------------------------------------------------------------------------- 
[Changed Files]
ClientOneSiliconPkg/Product/MeteorLake/SiPkgPcdInit.dsc
MeteorLakeBoardPkg/BiosId.env
MeteorLakeFspPkg/FspPkgPcdInit.dsc

================================================================================ 
Commit: 3d01b6f91b12c6fec9f8fcc9512a86a2a1c22d10 
Author: ClientSysFWGit <clientsysfwgit@intel.com> 
Date: Wed May 8 17:11:30 2024 +0530 
-------------------------------------------------------------------------------- 
SUT will BSOD with onboard Killer LAN driver.

[Issue Description]
System BSODs after 058bdaccb403264bad7177feaec42d918ca7f39a

[Resolution]
It appears that PR 058bdaccb403264bad7177feaec42d918ca7f39a
reveals another issue - wrong programming of Upstream
non-posted.
This change is correcting that by setting UNSD to 0.

Package/Module:
ClientOneSiliconPkg

[Impacted Platform]
ALL.

Hsd-es-id: 15015717015
Original commit date: Tue Apr 9 09:51:22 2024 +0200
Change-Id: I9ea765f544236db7055f8ca08ec29e699262b7d8
Original commit hash: 0603bc6a0c4ad588d2b472e8ee1fe81121e7ba21

-------------------------------------------------------------------------------- 
[Changed Files]
ClientOneSiliconPkg/Fru/MtlPch/LibraryPrivate/PeiMtlPchInitLib/MtlPchRootPorts.c
ClientOneSiliconPkg/Include/PcieRegs.h
ClientOneSiliconPkg/IpBlock/PcieRp/LibraryPrivate/PciExpressHelpersLibrary/PciExpressHelpersLibrary.c
ClientOneSiliconPkg/IpBlock/PcieRp/LibraryPrivate/PeiPcieSipInitLib/PeiPcieSipInitLib.c

================================================================================ 
Commit: 5b3c7b6e8c1ddc8c310469b5b984bd6a59b080ce 
Author: ClientSysFWGit <clientsysfwgit@intel.com> 
Date: Wed May 8 17:11:12 2024 +0530 
-------------------------------------------------------------------------------- 
"[TeamCity] MTL MeteorLake_meteorlake_family_Daily Daily Updating Version/ID: MeteorLake_4182_00

Hsd-es-id: N/A"
Original commit date: Tue Apr 30 21:31:11 2024 -0700
Original commit hash: 06f1b1f12cb240195f78386c843b15dec11e2af8

-------------------------------------------------------------------------------- 
[Changed Files]
ClientOneSiliconPkg/Product/MeteorLake/SiPkgPcdInit.dsc
MeteorLakeBoardPkg/BiosId.env
MeteorLakeFspPkg/FspPkgPcdInit.dsc

================================================================================ 
Commit: d2fb262ce0f49616e2984844013c9d21f757ff73 
Author: ClientSysFWGit <clientsysfwgit@intel.com> 
Date: Wed May 8 17:10:54 2024 +0530 
-------------------------------------------------------------------------------- 
"[TeamCity] MTL MeteorLake_meteorlake_family_Daily Daily Updating Version/ID: MeteorLake_4181_01

Hsd-es-id: N/A"
Original commit date: Mon Apr 29 21:31:35 2024 -0700
Original commit hash: eaef215005dfe9734d5eaf5ce8d9cedf7f347c13

-------------------------------------------------------------------------------- 
[Changed Files]
ClientOneSiliconPkg/Product/MeteorLake/SiPkgPcdInit.dsc
MeteorLakeBoardPkg/BiosId.env
MeteorLakeFspPkg/FspPkgPcdInit.dsc

================================================================================ 
Commit: 14f2420b9be69d48cef8d08d04045cfe5a4d37ef 
Author: ClientSysFWGit <clientsysfwgit@intel.com> 
Date: Wed May 8 17:10:39 2024 +0530 
-------------------------------------------------------------------------------- 
Correct RTC SMI handling for MTL-S

[Issue Description]
System hangs on reboot once RTC alarm SMI is enabled.

[Resolution]
Corrected RTC SMI installation flow for PCH.

Package/Module: ClientOneSiliconPkg/Smm

[Impacted Platform]
MTL, ARL

Hsd-es-id: 18038159697
Original commit date: Wed Apr 24 09:06:14 2024 +0200
Change-Id: I452008f29ff58e59f3da05b77e2515a9384dc8fb
Original commit hash: f750a15c0ec0904a733604642b7eb615d718c3aa

-------------------------------------------------------------------------------- 
[Changed Files]
ClientOneSiliconPkg/Product/MeteorLake/PchSmiDispatcher/Smm/Mtls/PchDieSmiDispatch.c
ClientOneSiliconPkg/Product/MeteorLake/PchSmiDispatcher/Smm/Mtls/PchDieSmiDispatch.h
ClientOneSiliconPkg/Product/MeteorLake/PchSmiDispatcher/Smm/Mtls/PchSmiDispatch.c

================================================================================ 
Commit: 78ef58ff4653adbbfc4f1e24f1c1c898dcba7ffd 
Author: ClientSysFWGit <clientsysfwgit@intel.com> 
Date: Wed May 8 17:10:25 2024 +0530 
-------------------------------------------------------------------------------- 
"[TeamCity] MTL MeteorLake_meteorlake_family_Daily Daily Updating Version/ID: MeteorLake_4181_00

Hsd-es-id: N/A"
Original commit date: Mon Apr 29 10:25:31 2024 +0000
Original commit hash: 986f74038e010595311a0fe5d5a4923eb4a9d5ab

-------------------------------------------------------------------------------- 
[Changed Files]
ClientOneSiliconPkg/Product/MeteorLake/SiPkgPcdInit.dsc
MeteorLakeBoardPkg/BiosId.env
MeteorLakeFspPkg/FspPkgPcdInit.dsc

================================================================================ 
Commit: 092b005e6686b2dca606d0290c39f854f182316e 
Author: ClientSysFWGit <clientsysfwgit@intel.com> 
Date: Wed May 8 17:10:12 2024 +0530 
-------------------------------------------------------------------------------- 
[CNVi] [MTL] Move ACPI GUID lock indicator for Common

[Feature Description]
Move ACPI GUID lock indicator for Common

Package/Module:
CnvFeaturePkg

[Impacted Platform]
MTL

Hsd-es-id: 15015673624
Original commit date: Sun Apr 28 19:16:59 2024 -0700
Change-Id: I864ab893f0f94d4381043a10c69108122d192d12
Original commit hash: fe161ee009aa7ce6235c92a86692e1d1d7ec468a

-------------------------------------------------------------------------------- 
[Changed Files]
MeteorLakeBoardPkg/Acpi/AcpiTables/AcpiTables.inf
MeteorLakeBoardPkg/Acpi/AdvancedAcpiDxe/AcpiPlatform.c
MeteorLakeBoardPkg/Acpi/AdvancedAcpiDxe/AdvancedAcpiDxe.inf
MeteorLakeBoardPkg/BoardPkg.dec
MeteorLakeBoardPkg/BoardPkgPcdInit.dsc
MeteorLakeBoardPkg/MeteorLakeBoards/Library/BoardInitLib/Pei/PeiInitPostMemLib.c
MeteorLakeBoardPkg/MeteorLakeBoards/Library/BoardInitLib/Pei/PeiMultiBoardInitPostMemLib.inf
MeteorLakePlatSamplePkg/PlatformInitAdvanced/PlatformInitAdvancedPei/PlatformInitAdvancedPostMem.inf
MeteorLakePlatSamplePkg/PlatformInitAdvanced/PolicyInitAdvancedDxe/CnvPolicyInitDxe.c
MeteorLakePlatSamplePkg/PlatformInitAdvanced/PolicyInitAdvancedDxe/PolicyInitAdvancedDxe.inf
MeteorLakePlatSamplePkg/Setup/ConnectivitySetup.hfr
MeteorLakePlatSamplePkg/Setup/ConnectivitySetup.uni

================================================================================ 
Commit: 7c100e436b828795f6d9696a42d7a2bcf343481d 
Author: ClientSysFWGit <clientsysfwgit@intel.com> 
Date: Wed May 8 17:10:00 2024 +0530 
-------------------------------------------------------------------------------- 
"[TeamCity] MTL MeteorLake_meteorlake_family_Daily Daily Updating Version/ID: MeteorLake_4180_00

Hsd-es-id: N/A"
Original commit date: Sun Apr 28 21:31:13 2024 -0700
Original commit hash: 1fe748c9b6ab68c335daa69e0880b1022102cfd9

-------------------------------------------------------------------------------- 
[Changed Files]
ClientOneSiliconPkg/Product/MeteorLake/SiPkgPcdInit.dsc
MeteorLakeBoardPkg/BiosId.env
MeteorLakeFspPkg/FspPkgPcdInit.dsc

================================================================================ 
Commit: b11c8e9c0335b9f66bbd12230efd41ee23dd2167 
Author: ClientSysFWGit <clientsysfwgit@intel.com> 
Date: Wed May 8 17:09:47 2024 +0530 
-------------------------------------------------------------------------------- 
"[TeamCity] MTL MeteorLake_meteorlake_family_Daily Daily Updating Version/ID: MeteorLake_4176_00

Hsd-es-id: N/A"
Original commit date: Sat Apr 27 21:31:11 2024 -0700
Original commit hash: a7926c74cdbf9c9cb43ac45188c319f714d3a8f8

-------------------------------------------------------------------------------- 
[Changed Files]
ClientOneSiliconPkg/Product/MeteorLake/SiPkgPcdInit.dsc
MeteorLakeBoardPkg/BiosId.env
MeteorLakeFspPkg/FspPkgPcdInit.dsc

================================================================================ 
Commit: 3a4c4ee9fdcd16cce8f2ceec98defb8e2c1396ad 
Author: ClientSysFWGit <clientsysfwgit@intel.com> 
Date: Wed May 8 17:09:34 2024 +0530 
-------------------------------------------------------------------------------- 
"[TeamCity] MTL MeteorLake_meteorlake_family_Daily Daily Updating Version/ID: MeteorLake_4175_00

Hsd-es-id: N/A"
Original commit date: Fri Apr 26 21:31:07 2024 -0700
Original commit hash: 88a66264214eaaeb51becf4248b31406622d08cf

-------------------------------------------------------------------------------- 
[Changed Files]
ClientOneSiliconPkg/Product/MeteorLake/SiPkgPcdInit.dsc
MeteorLakeBoardPkg/BiosId.env
MeteorLakeFspPkg/FspPkgPcdInit.dsc

================================================================================ 
Commit: 9414314155426708e3bd9d9103b6a60bbac57926 
Author: ClientSysFWGit <clientsysfwgit@intel.com> 
Date: Wed May 8 17:09:20 2024 +0530 
-------------------------------------------------------------------------------- 
"[TeamCity] MTL MeteorLake_meteorlake_family_Daily Daily Updating Version/ID: MeteorLake_4174_00

Hsd-es-id: N/A"
Original commit date: Thu Apr 25 21:31:13 2024 -0700
Original commit hash: 370239f27971968bead56a69119fff21699822cc

-------------------------------------------------------------------------------- 
[Changed Files]
ClientOneSiliconPkg/Product/MeteorLake/SiPkgPcdInit.dsc
MeteorLakeBoardPkg/BiosId.env
MeteorLakeFspPkg/FspPkgPcdInit.dsc

================================================================================ 
Commit: 0d99eb7607ea9f02a4e48f42aaac23361e4caab0 
Author: ClientSysFWGit <clientsysfwgit@intel.com> 
Date: Wed May 8 17:09:03 2024 +0530 
-------------------------------------------------------------------------------- 
[ARL-Desktop] Separate the different CSME ImageTypeGuid

[Feature Description]
- To support the CSME reselling model, different types of the CSME
configuration should be separated by different GUIDs.

[Changes]
- Generate the GUID for different types of CSME
- Consumer (Gen-19): 00259545-C2DB-45F4-AA3E-45A2B646DED7
- Corporate (Gen-19): 4D93A1C8-C524-4DEE-B737-9DDD155967B3

- GenCapsuleSysFwMe.bat
- Add the GUID for CSME GEN-19
- Support to build the capsule with correspond GUID
- "-mesku" shall be Cons_19/Corp_19

- Readme.md
- Add the document for supporting CSME Gen-19

- PlatformMeUpdateHookLib
- Add the support to report the GUID for CSME Gen-19

- BoardPkg.dsc
- Set the "CSME_GENERATION" to 19 for ARL Desktop platform

- Integrate the CSME Gen-19 EDSS production certificate
- Subject Name: PROD_ARLDT_CSME19_SELFSIGNED_3K_KEY

Package/Module:
CapsuleFeaturePkg/SigningKeys
BoardPkg/CapsuleUpdateConfig
BoardPkg/Features/CapsuleUpdate/PlatformMeUpdateHookLib
BoardPkg/Features/CapsuleUpdate/Tools/CapsuleGenerate/Me

[Impacted Platform]
ALL

Hsd-es-id: 15015583590
Original commit date: Wed Apr 10 12:48:32 2024 +0800
Change-Id: I1128d8971d8a33894ec8639a41533cac7c94b507
Original commit hash: 86b78783d12909863a97b2d029382ac2500f079a

-------------------------------------------------------------------------------- 
[Changed Files]
Features/FirmwareGuard/CapsuleFeaturePkg/CapsuleFeaturePkg.dec
Features/FirmwareGuard/CapsuleFeaturePkg/SigningKeys/Production/Csme/Gen19.inc
Features/FirmwareGuard/CapsuleFeaturePkg/SigningKeys/Production/Csme/Gen19.pub.pem
MeteorLakeBoardPkg/BoardPkg.dsc
MeteorLakeBoardPkg/CapsuleUpdateConfig/Readme.md
MeteorLakeBoardPkg/Features/CapsuleUpdate/Library/PlatformMeUpdateHookLib/PlatformMeUpdateHookLib.c
MeteorLakeBoardPkg/Features/CapsuleUpdate/Library/PlatformMeUpdateHookLib/PlatformMeUpdateHookLib.inf
MeteorLakeBoardPkg/Features/CapsuleUpdate/Tools/CapsuleGenerate/Me/GenCapsuleSysFwMe.bat
MeteorLakeBoardPkg/Features/CapsuleUpdate/Tools/ToolScripts/WinDriverUpd/GenWinCat.py
MeteorLakeBoardPkg/Features/CapsuleUpdate/Tools/ToolScripts/WinDriverUpd/SignWinCat.py

================================================================================ 
Commit: 8fa39f584be419a12138ad1f9d06cb60a1bde3ae 
Author: ClientSysFWGit <clientsysfwgit@intel.com> 
Date: Wed May 8 17:08:48 2024 +0530 
-------------------------------------------------------------------------------- 
SLP_S0 residency <90% in 30min & SW drips 0% in Sleep study logs

[Issue Description]
SWDRIPS is 0, since SOC XHCI constraint is exposed. XHCI is on PCH in
desktop

[Resolution]
Removed SOC xHCI pep constraint setting for Desktop

Package/Module:PlatSamplePkg

[Impacted Platform]
S, H

Hsd-es-id: 16023950834
Original commit date: Wed Apr 24 16:26:24 2024 -0700
Change-Id: I55f96122afb1eef3dc81137b30711bff037ee559
Original commit hash: 578956de3e53b31aeca0ae33d9d8023ae65b666e

-------------------------------------------------------------------------------- 
[Changed Files]
MeteorLakePlatSamplePkg/Features/Pep/AcpiTables/Pep.asl

================================================================================ 
Commit: cec5fbbabc0f0ac03aa280efe4e0c827836d855c 
Author: ClientSysFWGit <clientsysfwgit@intel.com> 
Date: Wed May 8 17:08:30 2024 +0530 
-------------------------------------------------------------------------------- 
[ARL-HX] SoC PkgC Demotion feature enablement in BIOS

[Feature Description]
SoC PkgC Demotion feature enablement in BIOS.

Package/Module:
MeteorLakeBoardPkg/MeteorLakeBoards/Library/BoardInitLib
MeteorLakeOpenBoardPkg/MeteorLakeBoards/Library/BoardInitLib

[Impacted Platform]
ARL-Hx

Hsd-es-id: 15015898817
Original commit date: Mon Apr 15 20:23:46 2024 +0800
Change-Id: Iada58362ee3b868be2b4c7d005996b4fe614ff87
Original commit hash: e167b1899c37d76dcc7d8eeb33434ed6437c1e85

-------------------------------------------------------------------------------- 
[Changed Files]
MeteorLakeBoardPkg/MeteorLakeBoards/Include/MeteorLakeSRvpBoardConfigPatchTable.h
MeteorLakeBoardPkg/MeteorLakeBoards/Library/BoardInitLib/Dxe/DxeInitLib.c
MeteorLakeBoardPkg/MeteorLakeBoards/Library/BoardInitLib/Pei/PeiInitPreMemLib.c
MeteorLakeOpenBoardPkg/MeteorLakeBoards/Library/BoardInitLib/Dxe/DxeMultiBoardInitlib.inf
MeteorLakeOpenBoardPkg/MeteorLakeBoards/Library/BoardInitLib/PeiMultiBoardInitPreMemLib.inf

================================================================================ 
Commit: a01372fc82f8fdc305642852a3a40a176b512178 
Author: ClientSysFWGit <clientsysfwgit@intel.com> 
Date: Wed May 8 17:08:18 2024 +0530 
-------------------------------------------------------------------------------- 
"[TeamCity] MTL MeteorLake_meteorlake_family_Daily Daily Updating Version/ID: MeteorLake_4173_00

Hsd-es-id: N/A"
Original commit date: Wed Apr 24 21:31:33 2024 -0700
Original commit hash: aa1a8777346d4b74205bec41f8912dd254d32711

-------------------------------------------------------------------------------- 
[Changed Files]
ClientOneSiliconPkg/Product/MeteorLake/SiPkgPcdInit.dsc
MeteorLakeBoardPkg/BiosId.env
MeteorLakeFspPkg/FspPkgPcdInit.dsc

================================================================================ 
Commit: 987aeb1921c3d491ad50451cdc73e60e41df1cb1 
Author: ClientSysFWGit <clientsysfwgit@intel.com> 
Date: Wed May 8 17:08:03 2024 +0530 
-------------------------------------------------------------------------------- 
"[TeamCity] MTL MeteorLake_meteorlake_family_Daily Daily Updating Version/ID: MeteorLake_4172_00

Hsd-es-id: N/A"
Original commit date: Tue Apr 23 21:31:32 2024 -0700
Original commit hash: 36074c177871a3737239a21c600c85dc89414204

-------------------------------------------------------------------------------- 
[Changed Files]
ClientOneSiliconPkg/Product/MeteorLake/SiPkgPcdInit.dsc
MeteorLakeBoardPkg/BiosId.env
MeteorLakeFspPkg/FspPkgPcdInit.dsc

================================================================================ 
Commit: 4509da035093cae670b576c7b67fbcfcb3940afd 
Author: ClientSysFWGit <clientsysfwgit@intel.com> 
Date: Wed May 8 17:07:50 2024 +0530 
-------------------------------------------------------------------------------- 
"[TeamCity] MTL MeteorLake_meteorlake_family_Daily Daily Updating Version/ID: MeteorLake_4171_00

Hsd-es-id: N/A"
Original commit date: Mon Apr 22 21:33:36 2024 -0700
Original commit hash: beb8cc691fc49d821cc9fc0a210a3fca55380e13

-------------------------------------------------------------------------------- 
[Changed Files]
ClientOneSiliconPkg/Product/MeteorLake/SiPkgPcdInit.dsc
MeteorLakeBoardPkg/BiosId.env
MeteorLakeFspPkg/FspPkgPcdInit.dsc

================================================================================ 
Commit: a8013721c85e36a3046e35ae4c9b35e96032818e 
Author: ClientSysFWGit <clientsysfwgit@intel.com> 
Date: Wed May 8 17:07:28 2024 +0530 
-------------------------------------------------------------------------------- 
"[TeamCity] MTL MeteorLake_meteorlake_family_Daily Daily Updating Version/ID: MeteorLake_4170_00

Hsd-es-id: N/A"
Original commit date: Sun Apr 21 21:31:10 2024 -0700
Original commit hash: bc44b62e7f34071af22ba6869fe8fd86af7255c1

-------------------------------------------------------------------------------- 
[Changed Files]
ClientOneSiliconPkg/Product/MeteorLake/SiPkgPcdInit.dsc
MeteorLakeBoardPkg/BiosId.env
MeteorLakeFspPkg/FspPkgPcdInit.dsc

================================================================================ 
Commit: bf9acd83304763dff3d09650f7397899f914c495 
Author: ClientSysFWGit <clientsysfwgit@intel.com> 
Date: Wed May 8 17:07:08 2024 +0530 
-------------------------------------------------------------------------------- 
"[TeamCity] MTL MeteorLake_meteorlake_family_Daily Daily Updating Version/ID: MeteorLake_4166_00

Hsd-es-id: N/A"
Original commit date: Sat Apr 20 21:31:09 2024 -0700
Original commit hash: 68eab6d538f2f39763321f0615cadbe6c66cb471

-------------------------------------------------------------------------------- 
[Changed Files]
ClientOneSiliconPkg/Product/MeteorLake/SiPkgPcdInit.dsc
MeteorLakeBoardPkg/BiosId.env
MeteorLakeFspPkg/FspPkgPcdInit.dsc

================================================================================ 
Commit: 45affc74f2ca052bf2c04d9224abf8435af6e4d3 
Author: ClientSysFWGit <clientsysfwgit@intel.com> 
Date: Wed May 8 17:06:56 2024 +0530 
-------------------------------------------------------------------------------- 
"[TeamCity] MTL MeteorLake_meteorlake_family_Daily Daily Updating Version/ID: MeteorLake_4165_01

Hsd-es-id: N/A"
Original commit date: Fri Apr 19 21:31:17 2024 -0700
Change-Id: I518414435aadc8df9bb318fcd9ec16a03989d8a6
Original commit hash: f3e4636b0d5541ea16461b418f2655bac5c764e3

-------------------------------------------------------------------------------- 
[Changed Files]
ClientOneSiliconPkg/Product/MeteorLake/SiPkgPcdInit.dsc
MeteorLakeBoardPkg/BiosId.env
MeteorLakeFspPkg/FspPkgPcdInit.dsc

================================================================================ 
Commit: 6f0363f5ccc188a08a72bfe57c2d2e215357e23a 
Author: ClientSysFWGit <clientsysfwgit@intel.com> 
Date: Wed May 8 17:06:45 2024 +0530 
-------------------------------------------------------------------------------- 
"[TeamCity] MTL MeteorLake_arrowlake_s_program_platform_Daily Daily Updating Version/ID: MeteorLake_4165_02

Hsd-es-id: N/A"
Original commit date: Mon Apr 29 23:29:25 2024 -0700
Original commit hash: ccd18186adb9f4ec56fdb32fa79e2eb2bc239907

-------------------------------------------------------------------------------- 
[Changed Files]
MeteorLakeBoardPkg/BiosId.env

================================================================================ 
Commit: c74e9068c20dc7e16cfc6049770798fc05b8b8c8 
Author: ClientSysFWGit <clientsysfwgit@intel.com> 
Date: Wed May 8 17:06:22 2024 +0530 
-------------------------------------------------------------------------------- 
"[TeamCity] MTL MeteorLake_arrowlake_s_program_platform_Daily Daily Updating Version/ID: MeteorLake_4165_01

Hsd-es-id: N/A"
Original commit date: Fri Apr 19 22:03:49 2024 -0700
Original commit hash: 2613cb537a0234da534e0ffce8ff3aa222f25405

-------------------------------------------------------------------------------- 
[Changed Files]
ClientOneSiliconPkg/SiPkg.dec
Doxygen/BoardApi.chm
Doxygen/FspApi.chm
Doxygen/MeteorLake_FSP_Integration_Guide.chm
Doxygen/MeteorLake_FSP_Integration_Guide.pdf
Doxygen/PlatApi.chm
Doxygen/SiPkgApi.chm
LICENSE.txt
