================================================================================ 
Commit: b83e1da9659e3ae0e5246f5963266bc3f3e4f7d4 
Author: ClientSysFWGit <clientsysfwgit@intel.com> 
Date: Wed Oct 8 11:12:12 2025 +0530 
-------------------------------------------------------------------------------- 
Added Doxygen and License file for ARL-S 5385_80 label.

-------------------------------------------------------------------------------- 
[Changed Files]
ClientOneSiliconPkg/SiPkg.dec
Doxygen/BoardApi.chm
Doxygen/FspApi.chm
Doxygen/MeteorLake_FSP_Integration_Guide.chm
Doxygen/MeteorLake_FSP_Integration_Guide.pdf
Doxygen/PlatApi.chm
Doxygen/SiPkgApi.chm
LICENSE.txt

================================================================================ 
Commit: d8e32819ca58c7eddaabf129655427c6460c653f 
Author: ClientSysFWGit <clientsysfwgit@intel.com> 
Date: Tue Oct 7 21:11:29 2025 +0530 
-------------------------------------------------------------------------------- 
"[TeamCity] MTL MeteorLakeJenkins_arrowlake_s_program_platform_Daily Daily Updating Version/ID: MeteorLake_5385_80

Hsd-es-id: N/A"
Original commit date: Tue Sep 23 06:48:21 2025 +0000
Original commit hash: 5fcc7eed2fa367ef8b0881700e3ce8950ce0c702

-------------------------------------------------------------------------------- 
[Changed Files]
MeteorLakeBoardPkg/BiosId.env

================================================================================ 
Commit: 21c75b5f4bd6b41f3076d07081cf4c14e2750732 
Author: ClientSysFWGit <clientsysfwgit@intel.com> 
Date: Tue Oct 7 21:11:26 2025 +0530 
-------------------------------------------------------------------------------- 
"[TeamCity] MTL MeteorLake_meteorlake_family_Daily Daily Updating Version/ID: MeteorLake_5385_00

Hsd-es-id: N/A"
Original commit date: Fri Sep 19 07:37:57 2025 -0700
Change-Id: If858e27d0792db1652c4047304c0aa378e5b5f48
Original commit hash: 84658e3486410b22f5f8ab56cf6c2e3dd1d94bd8

-------------------------------------------------------------------------------- 
[Changed Files]
ClientOneSiliconPkg/Product/MeteorLake/SiPkgPcdInit.dsc
MeteorLakeBoardPkg/BiosId.env
MeteorLakeFspPkg/FspPkgPcdInit.dsc

================================================================================ 
Commit: dec4e89ce170780a49dff679c45650d7bbfc5aaa 
Author: ClientSysFWGit <clientsysfwgit@intel.com> 
Date: Tue Oct 7 21:11:22 2025 +0530 
-------------------------------------------------------------------------------- 
Remove the ACPI IDs created for IPF

[Feature Description]
Remove the ACPI IDs created for IPF

Package/Module: PlatSamplePkg

[Impacted Platform]
ARL-R

Hsd-es-id: 22021579484
Original commit date: Tue Sep 16 11:12:00 2025 +0530
Change-Id: Ie6fb718cead44efb27ec77ffe1921263e2f8b5c6
Original commit hash: ee0365acc31449c0f08cfce8da045c80f4fae34c

-------------------------------------------------------------------------------- 
[Changed Files]
MeteorLakePlatSamplePkg/Features/Dptf/AcpiTables/HID.h
MeteorLakePlatSamplePkg/Features/PlatformData/Acpi/PlatformData.asl

================================================================================ 
Commit: 5f92d6976fa931fb26094a7c9583bfdcc0dd67d0 
Author: ClientSysFWGit <clientsysfwgit@intel.com> 
Date: Tue Oct 7 21:11:17 2025 +0530 
-------------------------------------------------------------------------------- 
Wake from PS_ON/S0ix seen with D3Cold enabled on IOE M.2 slot

[Issue Description]
Observing wake from PS_ON/S0ix when D3Cold setting for Storage is
enabled with NVME connected to IOE M.2 Slot

[Resolution]
Updated srcclk in ACPI method for IOE M.2 slot.

Package/Module:BoardPkg

[Impacted Platform]
S

Hsd-es-id: 16028415484
Original commit date: Tue Sep 9 09:17:07 2025 -0700
Change-Id: I51449a21c8c9eea586c1d1678df2e67988ed86a2
Original commit hash: 5cd1b6f3d39ce8c37b8e9f80e8a5a43ea2f1f1b4

-------------------------------------------------------------------------------- 
[Changed Files]
MeteorLakeBoardPkg/Acpi/AcpiTables/SsdtRtd3/MtlSRvpOcRtd3.asl

================================================================================ 
Commit: ccc0ad104ea3ce5f1584440b3e546a2f19d60988 
Author: ClientSysFWGit <clientsysfwgit@intel.com> 
Date: Tue Oct 7 21:11:14 2025 +0530 
-------------------------------------------------------------------------------- 
Unable to get the event ID-600 in event viewer log when DLRM is enabled

[Issue Description]
When DLRM is enabled, the system fails to log event ID-600 in the
Windows Event Viewer. This prevents tracking of specific system events
related to DLRM functionality, impacting diagnostics and monitoring.

[Resolution]
Added DLRM feature support for platform delta configuration

Package/Module:BoardPkg

[Impacted Platform]
S

Hsd-es-id: 16028200281
Original commit date: Tue Sep 9 10:13:57 2025 -0700
Change-Id: Ie0ec44036ae845613a5035fe98e9437b0fa85b74
Original commit hash: 1d130713f0f531556c8ca902158d3fd4b4ea348a

-------------------------------------------------------------------------------- 
[Changed Files]
MeteorLakeBoardPkg/Acpi/AdvancedAcpiDxe/AcpiPlatform.c

================================================================================ 
Commit: 8532dd8d0cc95631ecdcd685c8b2050dcf528954 
Author: ClientSysFWGit <clientsysfwgit@intel.com> 
Date: Tue Oct 7 21:11:10 2025 +0530 
-------------------------------------------------------------------------------- 
_L6E storm with LAN cable connected

[Issue Description]
_L6E ACPI method storm is preventing to enter low power states.

[Resolution]
Create handler for GPE0_127_96_STS GPE register and add LANWAKE
 to the aggregated events that need to be cleared.
Call the handler in both L6E and L6B.

Package/Module:
ClientOneSiliconPkg/Fru/MtlPch/Include/AcpiTables/Pch

[Impacted Platform]
MTL,ARL

Hsd-es-id: 18043276327
Original commit date: Mon Aug 25 17:49:53 2025 +0200
Change-Id: I35c353468f630c8c70c375b69354bed1885a1dc4
Original commit hash: 98c25db29ff653809e56e0fbeef1fcffd90ae5a4

-------------------------------------------------------------------------------- 
[Changed Files]
ClientOneSiliconPkg/Fru/MtlPch/Include/AcpiTables/Pch/PchGpeSsdt.asl

================================================================================ 
Commit: 9f10e73fef0ca8d2a1076cf818ff51b0a52e15dc 
Author: ClientSysFWGit <clientsysfwgit@intel.com> 
Date: Tue Oct 7 21:11:07 2025 +0530 
-------------------------------------------------------------------------------- 
After Warm or Cold restart BLE Keyboard is removed in UEFI mode

[Issue Description]
In case of a specific Keyboard, after G3 or Warm or Cold restart BLE-Keyboard is removed in UEFI mode. Its a device specific issue, After connecting the KB and going for a warm or cold reboot, the device is expected to be auto connected, but the device is been removed in UEFI.

[Resolution]
That specific KB IDAddr is getting invalid during bonding, so fallback to Direct_BD_ADDR Or BDAddr which is valid at that time.

Package/Module: Intel\Features\BluetoothPkg\BluetoothBusDxe

[Impacted Platform]
ArrowLake

Hsd-es-id: 16028419675
Original commit date: Mon Sep 8 14:37:29 2025 +0530
Change-Id: If09ed0ccea278a37eee2eebb187801dea426c843
Original commit hash: 8ee479e235b1fa72c6f0ca0612e229dd54f32ac0

-------------------------------------------------------------------------------- 
[Changed Files]
Features/BluetoothPkg/BluetoothBusDxe/iLE/apps/src/uefi_app.c

================================================================================ 
Commit: 6fdd337ab41530578b015a90f36ea21e68a0fc34 
Author: ClientSysFWGit <clientsysfwgit@intel.com> 
Date: Tue Oct 7 21:11:03 2025 +0530 
-------------------------------------------------------------------------------- 
SUT is repeatedly restarting with EXT GCC Release

[Issue Description]
SUT gets restart repeatedly and hang observed.

[Resolution]
 Disable biosguard for GCC build.

Package/Module:

[Impacted Platform]
 U, H

Hsd-es-id: 16027530099
Original commit date: Tue Sep 9 00:12:10 2025 +0530
Change-Id: I3b99cc150b7b8d85497b7519bbb39ce28cc06a9b
Original commit hash: 93ded39910c1d1ab57bcf7faabdc26e74cb9c879

-------------------------------------------------------------------------------- 
[Changed Files]
MeteorLakeBoardPkg/BuildIafw.sh
MeteorLakePlatSamplePkg/Library/PeiPolicyUpdateLib/PeiCpuPolicyUpdatePreMem.c

================================================================================ 
Commit: 68042fb159f67d76121a6bd40a1a1bfeb1ea7d32 
Author: ClientSysFWGit <clientsysfwgit@intel.com> 
Date: Tue Oct 7 21:11:00 2025 +0530 
-------------------------------------------------------------------------------- 
Wrong offset of TopMemoryCacheSize when setting MTRR in SecCarInit

[Issue Description]
Offset was not updated in "SecCpuLib.nasm" whenever the changes were made in DSC file.

[Resolution]
Updated the offset according to DSC file.

Package/Module:
OneSiliconPkg

[Impacted Platform]
ALL

Hsd-es-id: 16028210880
Original commit date: Thu Aug 14 12:21:33 2025 +0530
Change-Id: I521c2809b9607fde6388765706418dc880f373ab
Original commit hash: bdb27a5e0e35ef93e4695b71c2ce132b7cf8f191

-------------------------------------------------------------------------------- 
[Changed Files]
ClientOneSiliconPkg/Cpu/Library/SecCpuLib/Ia32/SecCpuLib.nasm
ClientOneSiliconPkg/Cpu/Library/SecCpuLib/X64/SecCpuLib.nasm

================================================================================ 
Commit: 9c68481b80696a819f71e4c8c704b25041a56ef5 
Author: ClientSysFWGit <clientsysfwgit@intel.com> 
Date: Tue Oct 7 21:10:56 2025 +0530 
-------------------------------------------------------------------------------- 
"[TeamCity] MTL MeteorLake_arrowlake_s_program_platform_Daily Daily Updating Version/ID: MeteorLake_5303_82

Hsd-es-id: N/A"
Original commit date: Thu Aug 7 06:27:37 2025 -0700
Original commit hash: f44aaeabdd75a0e38d05590804ced60b42c32c86

-------------------------------------------------------------------------------- 
[Changed Files]
MeteorLakeBoardPkg/BiosId.env

================================================================================ 
Commit: 9143d58a8891d4faf498991d368e5cf97622c710 
Author: ClientSysFWGit <clientsysfwgit@intel.com> 
Date: Tue Oct 7 21:10:52 2025 +0530 
-------------------------------------------------------------------------------- 
Move NCLK TTP setup control knob to NGU domain

[Feature Description]
Wrong category planning in SA domain
Move NCLK TTP setup control knob from SA to NGU domain

Package/Module:PlatSamplePkg

[Impacted Platform]
ALL

Hsd-es-id: 15018170166
Original commit date: Tue Jul 29 14:11:01 2025 +0800
Change-Id: I438779ba4afe13e60436f5cea9611e78cfc50ef5
Original commit hash: 5e1478375e8ea7bd163d3a4fdc003a9fef3e25c4

-------------------------------------------------------------------------------- 
[Changed Files]
MeteorLakePlatSamplePkg/Setup/OverClockSetup.hfr

================================================================================ 
Commit: e9f5f674e660adbbbfb2c4eae3aa2f2f6efd382f 
Author: ClientSysFWGit <clientsysfwgit@intel.com> 
Date: Tue Oct 7 21:10:48 2025 +0530 
-------------------------------------------------------------------------------- 
TTP Disable is not effective for Ring and NCLK

[Issue Description]
TTP Disable is not effective for Ring and NCLK

[Resolution]
Adjust Misc Turbo Config sequence for TTP programming.

Package/Module:
ClientOneSiliconPkg

[Impacted Platform]
S

Hsd-es-id: 15018182653
Original commit date: Thu Jul 31 17:17:45 2025 +0800
Change-Id: Ie2b2204bd8bfd638f2f1c210fec6eae944c979c9
Original commit hash: cc97aeeff5456f62c5ef1a5bc5cc46ef3653fb85

-------------------------------------------------------------------------------- 
[Changed Files]
ClientOneSiliconPkg/IpBlock/Overclocking/LibraryPrivate/PeiOcInitLib/PeiOcInitLib.c

================================================================================ 
Commit: 9565679cc16db0c5f4fe27b884d7045346ea55fd 
Author: ClientSysFWGit <clientsysfwgit@intel.com> 
Date: Tue Oct 7 21:10:44 2025 +0530 
-------------------------------------------------------------------------------- 
SMI_LOCK fix for FSP

[Issue Description]
SMI_LOCK in PMC does not set in FSP API mode

[Resolution]
moved SMI_LOCK programming so it executes in FSP

Package/Module:
ClientOneSiliconPkg/Fru

[Impacted Platform]
ALL

Hsd-es-id: 18042994211
Original commit date: Thu Jul 17 10:40:18 2025 +0200
Change-Id: I92b37add1ba1d17c8489f90da33b1aeeccf271c3
Original commit hash: f845143e1b5af6632c3df0397f9d7fe83d867deb

-------------------------------------------------------------------------------- 
[Changed Files]
ClientOneSiliconPkg/Fru/MtlPch/Dxe/PchInit.c
ClientOneSiliconPkg/Fru/MtlPch/Dxe/PchInit.h
ClientOneSiliconPkg/Fru/MtlPch/Dxe/PchInitDxe.c
ClientOneSiliconPkg/Fru/MtlSoc/SocInit/Dxe/PchInit.c
ClientOneSiliconPkg/Fru/MtlSoc/SocInit/Dxe/PchInit.h
ClientOneSiliconPkg/Fru/MtlSoc/SocInit/Dxe/PchInitDxe.c

================================================================================ 
Commit: d364074fa051fffb38e86241b9420577ce7ca3ff 
Author: ClientSysFWGit <clientsysfwgit@intel.com> 
Date: Tue Oct 7 21:10:39 2025 +0530 
-------------------------------------------------------------------------------- 
Revert "Create PO build flag and pcd"

[Feature Description]
Revert "created PO PCD to add PO specific
change". This reverts commit
52d6591792e6899b72ff757d54c14452929d318e.

Package/Module: ClientOneSiliconPkg, BoardPkg

[Impacted Platform]
S

Hsd-es-id: 16028146780
Original commit date: Tue Aug 5 19:23:25 2025 +0530
Change-Id: I6b79df16f998f7a7d90c483e5634470f69c608bf
Original commit hash: e231bf6fa3f00db77beb00bf88329e532ea678ba

-------------------------------------------------------------------------------- 
[Changed Files]
ClientOneSiliconPkg/Product/MeteorLake/SiPkgPcdInit.dsc
MeteorLakeBoardPkg/prep.bat

================================================================================ 
Commit: dac6391c02dd1b5d3d1df2c4d95f04c47cfb4425 
Author: ClientSysFWGit <clientsysfwgit@intel.com> 
Date: Tue Oct 7 21:10:33 2025 +0530 
-------------------------------------------------------------------------------- 
Update MRC Release Notes MTL MRC 2.10.8.4

[Feature Description]
Update MRC version.

Package/Module: ClientOneSiliconPkg/IpBlock/MemoryInit/Mtl

[Impacted Platform]
ALL

Hsd-es-id: 22014478540
Original commit date: Wed Aug 6 08:34:23 2025 -0700
Change-Id: I4beabe878471490f701666d3327c19470502f722
Original commit hash: c587404ea356a4b5f83b1327bfe0a05849de9f1a

-------------------------------------------------------------------------------- 
[Changed Files]
ClientOneSiliconPkg/IpBlock/MemoryInit/Mtl/LibraryPrivate/PeiMemoryInitLib/Source/Include/MrcVersion.h

================================================================================ 
Commit: 5e7c1fadd117974b279089d6f0b04f46ffb56190 
Author: ClientSysFWGit <clientsysfwgit@intel.com> 
Date: Tue Oct 7 21:10:28 2025 +0530 
-------------------------------------------------------------------------------- 
[ARLSR] Set IsCaParityForCmd for OCProfile

[Feature Description]
Using Functional CMD stress will cause XMP DIMM failed in MRC
when XMP profile is selected.
Only allow non OCProfile to use Functional CMD stress
(IsCaParityForCmd = FALSE) when Auto mode is selected.

Package/Module: ClientOneSiliconPkg/IpBlock/MemoryInit/Mtl

[Impacted Platform]
S

Hsd-es-id: 15018146500
Original commit date: Thu Jul 24 20:54:52 2025 +0800
Change-Id: I3baff50c166f05093d55b834e39803b591b297a6
Original commit hash: 1a8485531e3ed5692e71cc8442144b3ed0bb3940

-------------------------------------------------------------------------------- 
[Changed Files]
ClientOneSiliconPkg/IpBlock/MemoryInit/Mtl/LibraryPrivate/PeiMemoryInitLib/Source/Api/MrcGeneral.c

================================================================================ 
Commit: 062a4fe05ad640f145af3f05538af6e243e6c9b0 
Author: ClientSysFWGit <clientsysfwgit@intel.com> 
Date: Tue Oct 7 21:10:22 2025 +0530 
-------------------------------------------------------------------------------- 
Update MRC Release Notes MTL MRC 2.10.8.3

[Feature Description]
Update MRC version.

Package/Module: ClientOneSiliconPkg/IpBlock/MemoryInit/Mtl

[Impacted Platform]
ALL

Hsd-es-id: 22014478540
Original commit date: Tue Aug 5 10:33:39 2025 -0700
Change-Id: Ifbc0ce9f32eb6cef582097e37d329334ac21ab6e
Original commit hash: f838d660dddf36bf8e515817b58894d7e75cc435

-------------------------------------------------------------------------------- 
[Changed Files]
ClientOneSiliconPkg/IpBlock/MemoryInit/Mtl/LibraryPrivate/PeiMemoryInitLib/Source/Include/MrcVersion.h

================================================================================ 
Commit: e77bb58b737e69006db6bf05e22840f87e65c5e9 
Author: ClientSysFWGit <clientsysfwgit@intel.com> 
Date: Tue Oct 7 21:10:16 2025 +0530 
-------------------------------------------------------------------------------- 
[ARLSR] Fix WP2 for SAGV when 6400 dimm is detected

[Issue Description]
When a 6400 capable dimm is detected in the configuration, the
incorrect frequency for WP2 was set in the SAGV table

[Resolution]
Use SPD max dimm frequency as part of the detection logic.

Package/Module: ClientOneSiliconPkg/IpBlock/MemoryInit/Mtl

[Impacted Platform]
S

Hsd-es-id: 14025649348
Original commit date: Mon Aug 4 19:00:19 2025 -0700
Change-Id: I83604c6a3eedd1cf0186e3aa48730d072453ba08
Original commit hash: d3c3de6a5dc714e362c797dfb37842d425928d31

-------------------------------------------------------------------------------- 
[Changed Files]
ClientOneSiliconPkg/IpBlock/MemoryInit/Mtl/LibraryPrivate/PeiMemoryInitLib/Source/Api/MrcGeneral.c

================================================================================ 
Commit: 3681c89d58046a06b98d372bd7561bdeb46dfcd4 
Author: ClientSysFWGit <clientsysfwgit@intel.com> 
Date: Tue Oct 7 21:10:04 2025 +0530 
-------------------------------------------------------------------------------- 
"[TeamCity] MTL MeteorLake_arrowlake_s_program_platform_Daily Daily Updating Version/ID: MeteorLake_5303_81

Hsd-es-id: N/A"
Original commit date: Tue Jul 29 22:46:21 2025 -0700
Original commit hash: 2db893a9bd70c21ad075adbb8400dd27c431d9ad

-------------------------------------------------------------------------------- 
[Changed Files]
ClientOneSiliconPkg/SiPkg.dec
Doxygen/BoardApi.chm
Doxygen/FspApi.chm
Doxygen/MeteorLake_FSP_Integration_Guide.chm
Doxygen/MeteorLake_FSP_Integration_Guide.pdf
Doxygen/PlatApi.chm
Doxygen/SiPkgApi.chm
LICENSE.txt
