================================================================================ 
Commit: 409daa821d944985b6c64226f1e40062558d251f 
Author: ClientSysFWGit <clientsysfwgit@intel.com> 
Date: Wed Jul 3 16:29:51 2024 -0700 
-------------------------------------------------------------------------------- 
Added SiPkg and Doxygen files for LNL.3220.86

-------------------------------------------------------------------------------- 
[Changed Files]
Doxygen/BoardApi.chm
Doxygen/FspApi.chm
Doxygen/LunarLake_FSP_Integration_Guide.chm
Doxygen/LunarLake_FSP_Integration_Guide.pdf
Doxygen/PlatApi.chm
Doxygen/SiPkgApi.chm
LICENSE.txt
OneSiliconPkg/SiPkg.dec

================================================================================ 
Commit: ed21f62d1f3fe0e89e22eaa8587a9a368bf870ab 
Author: ClientSysFWGit <clientsysfwgit@intel.com> 
Date: Wed Jul 3 16:15:58 2024 -0700 
-------------------------------------------------------------------------------- 
"[TeamCity] LNL LunarLake_lunarlake_program_platform_Daily Daily Updating Version/ID: LunarLake_3220_86

Hsd-es-id: N/A"
Original commit date: Tue Jun 25 07:38:27 2024 -0700
Original commit hash: f2c0170866662fc4dd513771438473b3e2cbcabd

-------------------------------------------------------------------------------- 
[Changed Files]
LunarLakeBoardPkg/BiosId.env
OneSiliconPkg/Product/LunarLake/SiPkgPcdInit.dsc

================================================================================ 
Commit: a189b0874f2fc745d9e6bda0957217403aacdcee 
Author: ClientSysFWGit <clientsysfwgit@intel.com> 
Date: Wed Jul 3 16:15:45 2024 -0700 
-------------------------------------------------------------------------------- 
[LNL-M][BIOS][RVP1] ASSERT Error observed with BIOS 3220_85

[Issue Description]
ASSERT Error observed while booting to BIOS

[Resolution]
Roll back BGNV update

Package/Module:
OneSiliconPkg

[Impacted Platform]
ALL

Hsd-es-id: 15016334819
Original commit date: Tue Jun 25 17:33:56 2024 +0800
Change-Id: Icc98e3aa3b442cad269530f7fc6c2d582d85d9ba
Original commit hash: 30e19ee2dbb34baf76900703e4a75c6ac93f0675

-------------------------------------------------------------------------------- 
[Changed Files]
OneSiliconPkg/IpBlock/BiosGuard/AcpiTables/BiosGuardSsdt.asl

================================================================================ 
Commit: aba8cc7dfcae65f58d7cd1f7766db2b728b70371 
Author: ClientSysFWGit <clientsysfwgit@intel.com> 
Date: Wed Jul 3 16:15:33 2024 -0700 
-------------------------------------------------------------------------------- 
"[TeamCity] LNL LunarLake_lunarlake_program_platform_Daily Daily Updating Version/ID: LunarLake_3220_85

Hsd-es-id: N/A"
Original commit date: Mon Jun 24 21:31:02 2024 -0700
Original commit hash: c430ad9127b7406b042beefedc981fb6bf3f8afb

-------------------------------------------------------------------------------- 
[Changed Files]
LunarLakeBoardPkg/BiosId.env
OneSiliconPkg/Product/LunarLake/SiPkgPcdInit.dsc

================================================================================ 
Commit: 237ffffff9cd430f2f8d9fd67b32d664ac94826b 
Author: ClientSysFWGit <clientsysfwgit@intel.com> 
Date: Wed Jul 3 16:15:21 2024 -0700 
-------------------------------------------------------------------------------- 
Update MRC Green Payload for MRC build revision 0.1.92.0

[Feature Description]
Updating MrcVersion.h and ReleaseNotes.

Package/Module:OneSiliconPkg/MemoryInit/Lnl

[Impacted Platform] All

Hsd-es-id: 22014478540
Original commit date: Mon Jun 24 20:09:41 2024 -0700
Original commit hash: 0ec441b38584179e1f6ef57176b91de32bf5033c

-------------------------------------------------------------------------------- 
[Changed Files]
OneSiliconPkg/IpBlock/MemoryInit/Lnl/Blue/PeiMemoryInitLib/Source/UcManagement/MrcUcPayloadData.c

================================================================================ 
Commit: 566860b7f8e5821a77811faa1928c362424cb50b 
Author: ClientSysFWGit <clientsysfwgit@intel.com> 
Date: Wed Jul 3 16:15:09 2024 -0700 
-------------------------------------------------------------------------------- 
Update MrcVersion.h and ReleaseNotes to 0.1.92.0

[Issue Description]
Need to update lunarlake_family to the most recent MRC version.

[Resolution]
Updating MrcVersion.h and ReleaseNotes

Package/Module:OneSiliconPkg/MemoryInit/Lnl

[Impacted Platform]
All

Registers impacted: None

Hsd-es-id: 14022683515
Original commit date: Mon Jun 24 17:41:56 2024 -0700
Change-Id: I5fdc1708265f7d3e137dde4f5be96fa9a9985489
Original commit hash: cf578b636bfccaf56338e35bfc50d0f192de218b

-------------------------------------------------------------------------------- 
[Changed Files]
OneSiliconPkg/IpBlock/MemoryInit/Lnl/Common/Include/MrcVersion.h

================================================================================ 
Commit: aeaf3f7d5606973d13be3238c749ee75a9939e9e 
Author: ClientSysFWGit <clientsysfwgit@intel.com> 
Date: Wed Jul 3 16:14:52 2024 -0700 
-------------------------------------------------------------------------------- 
Update MRC Release Notes and increment MRC build revision to 0.1.91.2

[Feature Description]
Updating MrcVersion.h and ReleaseNotes.

Package/Module:OneSiliconPkg/MemoryInit/Lnl

[Impacted Platform] All

Hsd-es-id: 22014478540
Original commit date: Tue Jun 25 00:28:26 2024 +0000
Original commit hash: ccb434ca19abf28f2fcb5cd06d37c926f8035c88

-------------------------------------------------------------------------------- 
[Changed Files]
OneSiliconPkg/IpBlock/MemoryInit/Lnl/Common/Include/MrcVersion.h

================================================================================ 
Commit: 447969d75e5cd80def257617ce70169aee69176c 
Author: ClientSysFWGit <clientsysfwgit@intel.com> 
Date: Wed Jul 3 16:14:40 2024 -0700 
-------------------------------------------------------------------------------- 
[LNL] Optimize MRC binary by removing unused functions

[Feature Description]
1. Remove unused tasks from Blue call table:
- MrcRxRank2Rank
- MrcTxRank2Rank
- MrcEnergyPerfGain

2. Remove unused tasks from Green call table:
- MrcVccLVRAutoTrim
- MrcVccClkCompFsm5
- MrcPowerSavingMeter
- MrcCmdVoltageCentering
- MrcDimmOdtTraining
- MrcReadODTTraining
- MrcOptimizeComp
- MrcWriteVoltageCentering2D
- MrcReadVoltageCentering2D
- MrcWriteTimingCentering2D
- MrcReadTimingCentering2D
- MrcDbiTraining
- MrcRetrainMarginCheck

3. Use MrcDdr5Null.c instead of MrcDdr5.c / BlueMrcDdr5.c in full BIOS

Package/Module: OneSiliconPkg/MemoryInit

[Impacted Platform] all

Hsd-es-id: 14022677725
Original commit date: Mon Jun 24 15:54:15 2024 -0700
Change-Id: I22aeb286071b77b6f81a6314f63fa72dc9adcbeb
Original commit hash: 5a4fff232d1afd555a27b1cfdede50e2f4937cb7

-------------------------------------------------------------------------------- 
[Changed Files]
OneSiliconPkg/IpBlock/MemoryInit/Lnl/Blue/PeiMemoryInitLib/Source/Api/BlueMrcStartMemoryConfiguration.c
OneSiliconPkg/IpBlock/MemoryInit/Lnl/PeiMemoryInitLib.inf
OneSiliconPkg/IpBlock/MemoryInit/Lnl/PeiMemoryInitLibFsp.inf

================================================================================ 
Commit: 31cc4491bee371f7417062bead2cb1d719a86f43 
Author: ClientSysFWGit <clientsysfwgit@intel.com> 
Date: Wed Jul 3 16:14:27 2024 -0700 
-------------------------------------------------------------------------------- 
Update MRC Release Notes and increment MRC build revision to 0.1.91.1

[Feature Description]
Updating MrcVersion.h and ReleaseNotes.

Package/Module:OneSiliconPkg/MemoryInit/Lnl

[Impacted Platform] All

Hsd-es-id: 22014478540
Original commit date: Mon Jun 24 20:20:02 2024 +0000
Original commit hash: 0428df2afe275f5722e99462e3463cd136136ed4

-------------------------------------------------------------------------------- 
[Changed Files]
OneSiliconPkg/IpBlock/MemoryInit/Lnl/Common/Include/MrcVersion.h

================================================================================ 
Commit: 6e7a23d59391488444d9076b2d96072756537d08 
Author: ClientSysFWGit <clientsysfwgit@intel.com> 
Date: Wed Jul 3 16:14:15 2024 -0700 
-------------------------------------------------------------------------------- 
[LNL] Change default freq to 8533 for both 2R and 1R configs

[Feature Description]
Raise default speed on 2R from 7467 to 8533.
This makes default freq = 8533 for both 2R and 1R configs.

Package/Module: OneSiliconPkg/MemoryInit

[Impacted Platform] all

Hsd-es-id: 14022677512
Original commit date: Mon Jun 24 12:07:02 2024 -0700
Change-Id: I5bf3f12d3da60434274b2a7e380e64cbfd34fcdf
Original commit hash: 2dcf3e0a03722aac0ee40d7950c506ec1aa50050

-------------------------------------------------------------------------------- 
[Changed Files]
OneSiliconPkg/IpBlock/MemoryInit/Lnl/Blue/PeiMemoryInitLib/Source/Chip/Pma/MrcPmaApi.c

================================================================================ 
Commit: 9818c57276ce83c74c340505748564dad70bf3d7 
Author: ClientSysFWGit <clientsysfwgit@intel.com> 
Date: Wed Jul 3 16:14:03 2024 -0700 
-------------------------------------------------------------------------------- 
Update MrcVersion.h and ReleaseNotes to 0.1.91.0

[Issue Description]
Need to update lnl_dev to the MRC 0.1.91.0 version.

[Resolution]
Updating MrcVersion.h and ReleaseNotes

Package/Module:OneSiliconPkg/MemoryInit/Lnl

[Impacted Platform]
All

Hsd-es-id: 14022654390
Original commit date: Thu Jun 20 18:01:39 2024 -0700
Change-Id: I268a2b9c5dbaf2618375b98b5c27e89a1c4f6177
Original commit hash: 32cc5ae0a402787575e1b0b46ae69cb04f4807ce

-------------------------------------------------------------------------------- 
[Changed Files]
OneSiliconPkg/IpBlock/MemoryInit/Lnl/Common/Include/MrcVersion.h

================================================================================ 
Commit: 6da3ea8843063b7d00e85abebf7508d511d23896 
Author: ClientSysFWGit <clientsysfwgit@intel.com> 
Date: Wed Jul 3 16:13:46 2024 -0700 
-------------------------------------------------------------------------------- 
[LNL] Fix BGNV operationRegion would be defined in two SSDT table

[Issue Description]
BGNV operationRegion would be defined in two SSDT table.

[Resolution]
Modify back the parts lost due to renaming the package.

Package/Module:
OneSiliconPkg
LunarLakeBoardPkg

[Impacted Platform]
ALL

Hsd-es-id: 15016298484
Original commit date: Fri Jun 21 12:19:56 2024 +0800
Change-Id: Ic027644087845b02c92e77b360a37538333805cb
Original commit hash: d21ec7b73a0e3bd9ec1361b5a0f72b1d3e6e54bb

-------------------------------------------------------------------------------- 
[Changed Files]
OneSiliconPkg/IpBlock/BiosGuard/AcpiTables/BiosGuardSsdt.asl

================================================================================ 
Commit: 45997589c3721e29ab0c10d6c021e613c84ae53e 
Author: ClientSysFWGit <clientsysfwgit@intel.com> 
Date: Wed Jul 3 16:13:20 2024 -0700 
-------------------------------------------------------------------------------- 
New Subcommand under Acoustic Noise :Hysterisis Window

[Feature Description]
1.Under acoustic noise:
Voltage Hysterisis control knob for P Core and E Core
2.BIOS need to enable back the Slow Slew Rate

Package/Module:LunarLakeFspPkg
LunarLakePlatSamplePkg
OneSiliconPkg

[Impacted Platform]
LNL

Hsd-es-id: 16024470776
Original commit date: Tue Jun 18 16:37:51 2024 +0530
Change-Id: If4462f12ad167efba79571d178677efc5730bd88
Original commit hash: 26d852bc9e63d44ea8a0c2becfe8a45e4b5ac808

-------------------------------------------------------------------------------- 
[Changed Files]
LunarLakeFspPkg/Library/PeiPolicyUpdatePreMemLib/PeiCpuPolicyUpdatePreMem.c
LunarLakeFspPkg/Upd/FspmUpd.dsc
LunarLakePlatSamplePkg/Include/SetupVariable.h
LunarLakePlatSamplePkg/Library/PeiPolicyUpdateLib/PeiCpuPolicyUpdatePreMem.c
LunarLakePlatSamplePkg/Setup/CpuSetup.hfr
LunarLakePlatSamplePkg/Setup/CpuSetup.uni
OneSiliconPkg/Include/ConfigBlock/VoltageRegulator/CpuPowerMgmtVrConfig.h
OneSiliconPkg/Include/VoltageRegulatorCommands.h
OneSiliconPkg/IpBlock/VoltageRegulator/LibraryPrivate/PeiVrLib/PeiVrLib.c
OneSiliconPkg/IpBlock/VoltageRegulator/LibraryPrivate/PeiVrPolicyLib/PeiVrPolicyLib.c

================================================================================ 
Commit: 3d7eef8edcad75f75ae8103264e0c40ba9d6f763 
Author: ClientSysFWGit <clientsysfwgit@intel.com> 
Date: Wed Jul 3 16:13:07 2024 -0700 
-------------------------------------------------------------------------------- 
PCIE BT interface connection function for BT mouse

[Feature Description]
Forked connin drv to be used when
KB installation is done on Controller handle.

Package/Module:
BluetoothPkg

[Impacted Platform]
LNL

Hsd-es-id: 16024539478
Original commit date: Mon Jun 24 16:45:32 2024 +0530
Change-Id: Id46ecf911da52c955a7c043bcd500e65b55253fe
Original commit hash: c334d7063882bfe095daff2b8e5119be29032fb6

-------------------------------------------------------------------------------- 
[Changed Files]
Features/BluetoothPkg/BleConPlatformDxe/BleConPlatform.c
Features/BluetoothPkg/BleConPlatformDxe/BleConPlatform.h
Features/BluetoothPkg/BleConPlatformDxe/BleConPlatformDxe.inf
Features/BluetoothPkg/BluetoothPkg.dsc
Features/BluetoothPkg/HidKbDxe/HidKbDxe.c
Features/BluetoothPkg/HidMouseDxe/HidMouseDxe.c
LunarLakeBoardPkg/BoardPkg.dsc
LunarLakeBoardPkg/BoardPkg.fdf

================================================================================ 
Commit: c0cfe7ec24d2b8c0b54ccdb822db0a631217b161 
Author: ClientSysFWGit <clientsysfwgit@intel.com> 
Date: Wed Jul 3 16:12:52 2024 -0700 
-------------------------------------------------------------------------------- 
[LNL] Address failures from EDKII CI tests

[Feature Description]
Resolved Duplicate GUID in LunarLakePlatSamplePkg and Features

Package/Module:
LunarLakePlatSamplePkg, Features

[Impacted Platform]
ALL

Hsd-es-id: 16024511900
Original commit date: Fri Jun 21 06:39:29 2024 -0700
Change-Id: I37fe1c8d7d373a34054d5d949e32add742c8d469
Original commit hash: 626711d33ed143d0e70bd8db8a09763367af7090

-------------------------------------------------------------------------------- 
[Changed Files]
Features/Camera/MipiCamFeaturePkg/MipiCamFeaturePkg.dec
LunarLakePlatSamplePkg/PlatformPkg.dec

================================================================================ 
Commit: 2683994e7a5d499415da457412272f6e8384a021 
Author: ClientSysFWGit <clientsysfwgit@intel.com> 
Date: Wed Jul 3 16:12:37 2024 -0700 
-------------------------------------------------------------------------------- 
Address failures from EDKII CI tests on LunarLakePlatSamplePkg

[Feature Description]
Resolved Duplicate GUID in LunarLakePlatSamplePkg

Package/Module:
LunarLakePlatSamplePkg

[Impacted Platform]
ALL

Hsd-es-id: 16024511900
Original commit date: Wed Jun 19 20:20:09 2024 +0530
Change-Id: If24d55bbb7357b965e338def97effe3abffd0731
Original commit hash: 9b3ce861626667991e6a2827a61504c0605331ee

-------------------------------------------------------------------------------- 
[Changed Files]
LunarLakePlatSamplePkg/Features/OfflineCrashDump/Dxe/OfflineCrashDumpDxe.c
LunarLakePlatSamplePkg/Features/OfflineCrashDump/Dxe/OfflineCrashDumpDxe.inf
LunarLakePlatSamplePkg/Include/Guid/CpuContext.h
LunarLakePlatSamplePkg/Library/BeepLib/BeepLib.inf
LunarLakePlatSamplePkg/PlatformInitAdvanced/PlatformInitAdvancedSmm/PlatformInitAdvancedSmm.c
LunarLakePlatSamplePkg/PlatformInitAdvanced/PlatformInitAdvancedSmm/PlatformInitAdvancedSmm.inf
LunarLakePlatSamplePkg/PlatformPkg.dec

================================================================================ 
Commit: 678cd1366d0004ea9dfa66b2bb2347075da56c13 
Author: ClientSysFWGit <clientsysfwgit@intel.com> 
Date: Wed Jul 3 16:12:23 2024 -0700 
-------------------------------------------------------------------------------- 
Update MRC Green Payload for MRC build revision 0.1.90.0

[Feature Description]
Updating MrcVersion.h and ReleaseNotes.

Package/Module:OneSiliconPkg/MemoryInit/Lnl

[Impacted Platform] All

Hsd-es-id: 22014478540
Original commit date: Thu Jun 20 18:14:04 2024 -0700
Original commit hash: 38bdf324dc3edd7e99cc24215863a675fb6f84a4

-------------------------------------------------------------------------------- 
[Changed Files]
OneSiliconPkg/IpBlock/MemoryInit/Lnl/Blue/PeiMemoryInitLib/Source/UcManagement/MrcUcPayloadData.c

================================================================================ 
Commit: 5b9a04fe82fe8a30acde9dedeffb6b27a3279927 
Author: ClientSysFWGit <clientsysfwgit@intel.com> 
Date: Wed Jul 3 16:12:11 2024 -0700 
-------------------------------------------------------------------------------- 
Update MrcVersion.h and ReleaseNotes to 0.1.90.0

[Issue Description]
Need to update lunarlake_family to the most recent MRC version.

[Resolution]
Updating MrcVersion.h and ReleaseNotes

Package/Module:OneSiliconPkg/MemoryInit/Lnl

[Impacted Platform]
All

Registers impacted: None

Hsd-es-id: 14022654390
Original commit date: Thu Jun 20 16:30:26 2024 -0700
Change-Id: I6c13d93e16ffb0c0fca1dfc7e0e14661906d4425
Original commit hash: aa1486a9f6c4062e583d046599accc45115cf972

-------------------------------------------------------------------------------- 
[Changed Files]
OneSiliconPkg/IpBlock/MemoryInit/Lnl/Common/Include/MrcVersion.h

================================================================================ 
Commit: 0aec6aa58c8752462ede5487d06a5795619bc061 
Author: ClientSysFWGit <clientsysfwgit@intel.com> 
Date: Wed Jul 3 16:11:59 2024 -0700 
-------------------------------------------------------------------------------- 
Update MRC Release Notes and increment MRC build revision to 0.1.89.3

[Feature Description]
Updating MrcVersion.h and ReleaseNotes.

Package/Module:OneSiliconPkg/MemoryInit/Lnl

[Impacted Platform] All

Hsd-es-id: 22014478540
Original commit date: Thu Jun 20 23:11:32 2024 +0000
Original commit hash: 14bcaa135e11658b0e5fe53a707d6ad207d33e2d

-------------------------------------------------------------------------------- 
[Changed Files]
OneSiliconPkg/IpBlock/MemoryInit/Lnl/Common/Include/MrcVersion.h

================================================================================ 
Commit: 03faa502f6a5c6aa7d68d32ca9961e17f4878da4 
Author: ClientSysFWGit <clientsysfwgit@intel.com> 
Date: Wed Jul 3 16:11:33 2024 -0700 
-------------------------------------------------------------------------------- 
Update MRC Release Notes and increment MRC build revision to 0.1.89.2

[Feature Description]
Updating MrcVersion.h and ReleaseNotes.

Package/Module:OneSiliconPkg/MemoryInit/Lnl

[Impacted Platform] All

Hsd-es-id: 22014478540
Original commit date: Thu Jun 20 22:29:35 2024 +0000
Original commit hash: 478346a23a2a333046b3445b16a97dd4eb5a3696

-------------------------------------------------------------------------------- 
[Changed Files]
OneSiliconPkg/IpBlock/MemoryInit/Lnl/Common/Include/MrcVersion.h

================================================================================ 
Commit: 541fa7ddb583f0a163de161ec716854a8bfdb434 
Author: ClientSysFWGit <clientsysfwgit@intel.com> 
Date: Wed Jul 3 16:11:05 2024 -0700 
-------------------------------------------------------------------------------- 
Update MRC Release Notes and increment MRC build revision to 0.1.89.1

[Feature Description]
Updating MrcVersion.h and ReleaseNotes.

Package/Module:OneSiliconPkg/MemoryInit/Lnl

[Impacted Platform] All

Hsd-es-id: 22014478540
Original commit date: Thu Jun 20 19:22:36 2024 +0000
Original commit hash: ff0b57b30942f6f814246c6e656d003b2972c6b5

-------------------------------------------------------------------------------- 
[Changed Files]
OneSiliconPkg/IpBlock/MemoryInit/Lnl/Common/Include/MrcVersion.h

================================================================================ 
Commit: 3286ae656f79afdec64f48ac9d12f89281e08110 
Author: ClientSysFWGit <clientsysfwgit@intel.com> 
Date: Wed Jul 3 16:10:53 2024 -0700 
-------------------------------------------------------------------------------- 
[LNL] Account for periodic retraining in TxRankMuxDelay formula

[Feature Description]
TxRankMuxDelay is based on the smallest TxDq PI across all ranks.
At runtime TxDq PI may be further reduced due to periodic WrDqDqs
retraining, hence need to take this into account, otherwise rankmux
delay will be too large. Subtract 70ps to account for this case.

Package/Module: OneSiliconPkg/MemoryInit

[Impacted Platform] all

Hsd-es-id: 22020196261
Original commit date: Mon Jun 17 21:29:04 2024 -0700
Change-Id: I724e8135e844090ccba6512f06c9eb2a1e16a761
Original commit hash: 664e1f867b65b1488f5beb9501174fadbd0ea973

-------------------------------------------------------------------------------- 
[Changed Files]
OneSiliconPkg/IpBlock/MemoryInit/Lnl/Blue/PeiMemoryInitLib/Source/Hal/MrcHalRegisterAccess.c

================================================================================ 
Commit: 96c107b5b1c2827c1a99093cce26360b4af92c9f 
Author: ClientSysFWGit <clientsysfwgit@intel.com> 
Date: Wed Jul 3 16:10:40 2024 -0700 
-------------------------------------------------------------------------------- 
Update MrcVersion.h and ReleaseNotes to 0.1.89.0

[Issue Description]
Need to update lunarlake_family to the most recent MRC version.

[Resolution]
Updating MrcVersion.h and ReleaseNotes

Package/Module:OneSiliconPkg/MemoryInit/Lnl

[Impacted Platform]
All

Registers impacted: None

Hsd-es-id: 22020196113
Original commit date: Mon Jun 17 23:13:28 2024 -0700
Change-Id: I0558411fd622c01c419982581e70af6fea4ba548
Original commit hash: a0c24e36ca38701b6d5f6182a3f75f8a2b063114

-------------------------------------------------------------------------------- 
[Changed Files]
OneSiliconPkg/IpBlock/MemoryInit/Lnl/Common/Include/MrcVersion.h

================================================================================ 
Commit: 75cb54a0c80d135247e2ab2c4370e00f8f954f31 
Author: ClientSysFWGit <clientsysfwgit@intel.com> 
Date: Wed Jul 3 16:10:28 2024 -0700 
-------------------------------------------------------------------------------- 
Update MRC Release Notes and increment MRC build revision to 0.1.88.1

[Feature Description]
Updating MrcVersion.h and ReleaseNotes.

Package/Module:OneSiliconPkg/MemoryInit/Lnl

[Impacted Platform] All

Hsd-es-id: 22014478540
Original commit date: Wed Jun 19 16:32:07 2024 +0000
Original commit hash: b7a35d1af26a8a4ead6274083d2be5f53b0910f5

-------------------------------------------------------------------------------- 
[Changed Files]
OneSiliconPkg/IpBlock/MemoryInit/Lnl/Common/Include/MrcVersion.h

================================================================================ 
Commit: 6cd787a2bcbf3dad34a59b028687629c40d05885 
Author: ClientSysFWGit <clientsysfwgit@intel.com> 
Date: Wed Jul 3 16:10:16 2024 -0700 
-------------------------------------------------------------------------------- 
Memory allocation at 4GB location

[Feature Description]
Memory allocation at 4GB location

Package/Module: FSP

[Impacted Platform]
ALL

Hsd-es-id: 15016271867
Original commit date: Tue Jun 18 22:56:01 2024 +0530
Change-Id: Ib1cd34158451372251296c6d1b8ddc9533673fb7
Original commit hash: b463d57b396270db9b7d45649b9558a4809b9fad

-------------------------------------------------------------------------------- 
[Changed Files]
LunarLakeFspPkg/Library/PeiPolicyUpdatePreMemLib/PeiSiPolicyUpdatePreMem.c
OneSiliconPkg/IpBlock/MemoryInit/Lnl/Blue/PeiMemoryInitLib/MemoryInit.c

================================================================================ 
Commit: a0c08701d1a41f10d8106017a69f9aeacf529acb 
Author: ClientSysFWGit <clientsysfwgit@intel.com> 
Date: Wed Jul 3 16:10:01 2024 -0700 
-------------------------------------------------------------------------------- 
Set DC.COM = 0 for TBT PCIe RPs

[Feature Description]
* Set DC.COM = 0 for TBT PCIe RPs

* Better coalescing using single tag0.
Set DC.COM for TBT PCIe RPs and change BWG
accordingly.

* TBT PCIe RPs do not support Atomic operations.

Package/Module: OneSilicon

[Impacted Platform]
LNL-M

Hsd-es-id: 14022634588
Original commit date: Thu Jun 13 00:04:22 2024 -0700
Change-Id: I7f00b7765bad2447734755824babdf377b216033
Original commit hash: 5f4c6c0e25a11ed520521ccf435dca06be225a6d

-------------------------------------------------------------------------------- 
[Changed Files]
OneSiliconPkg/IpBlock/Tcss/LibraryPrivate/PeiItbtPcieRpInitLib/ItbtPcieRpInitLib.c

================================================================================ 
Commit: 2771371523f962c473f57fc09d062a4de44d1b40 
Author: ClientSysFWGit <clientsysfwgit@intel.com> 
Date: Wed Jul 3 16:09:37 2024 -0700 
-------------------------------------------------------------------------------- 
"[TeamCity] LNL LunarLake_lunarlake_program_platform_Daily Daily Updating Version/ID: LunarLake_3220_84

Hsd-es-id: N/A"
Original commit date: Mon Jun 17 23:40:43 2024 -0700
Original commit hash: 6c0f49380f1481d360ff3b1848923798c0f1d850

-------------------------------------------------------------------------------- 
[Changed Files]
Doxygen/BoardApi.chm
Doxygen/FspApi.chm
Doxygen/LunarLake_FSP_Integration_Guide.chm
Doxygen/LunarLake_FSP_Integration_Guide.pdf
Doxygen/SiPkgApi.chm
LICENSE.txt
OneSiliconPkg/IpBlock/MemoryInit/Lnl/Blue/PeiMemoryInitLib/Source/JedecLib/Ddr5/BlueMrcDdr5.c
OneSiliconPkg/IpBlock/MemoryInit/Lnl/Common/PeiMemoryInitLib/Source/MemoryTypes/MrcDdr5.c
OneSiliconPkg/IpBlock/MemoryInit/Lnl/Common/PeiMemoryInitLib/Source/MemoryTypes/MrcDdr5Null.c
OneSiliconPkg/SiPkg.dec
