================================================================================ 
Commit: 42c827fccd2b6033ff4a5d3fd74815410fd8fa4c 
Author: DCPAE SERVER <dcpae.server@intel.com> 
Date: Mon Jun 9 12:05:15 2025 -0700 
-------------------------------------------------------------------------------- 
"[TeamCity] SvrG3 ServerGen3_main_gen3_Daily Daily Updating Version/ID: BCHSTRM.0.RPB.0042.D.47,
	LOGANVL.0.RPB.0038.D.32,
	KSYVLLE.1.RPB.0032.D.60,
	GNRSPWS.0.RPB.0036.D.63

Hsd-es-id: N/A"
Original commit date: Wed May 28 23:00:35 2025 -0700
Original commit hash: a9a89251cbae462170b8b6dda2c0a03f7c28e80d

-------------------------------------------------------------------------------- 
[Changed Files]
GnrwsRpPkg/Tool/GenBiosId/BiosId.env
GnrwsRpPkg/Tool/GenBiosId/BiosIdD.env
GnrwsRpPkg/Tool/GenBiosId/BiosIdR.env
GnrwsRpPkg/Tool/GenBiosId/BiosIdS.env
GnrwsRpPkg/Tool/GenIfwiId/IfwiIdD.env
GnrwsRpPkg/Tool/GenIfwiId/IfwiIdR.env
GnrwsRpPkg/Tool/GenIfwiId/IfwiIdS.env

================================================================================ 
Commit: 33c4801685e5093f4f67942be4de2bc33ab5cec8 
Author: DCPAE SERVER <dcpae.server@intel.com> 
Date: Mon Jun 9 12:05:11 2025 -0700 
-------------------------------------------------------------------------------- 
PrebootBleEnable is not functioning.

[Issue Description]
The knob PrebootBleEnable is not functioning for GnrWs.
When it is set to 0 the BLE functionalities are supposed
to be turned off. But they are not.

[Resolution]
Add the code logic associated with the knob - PrebootBleEnable.

Package/Module:ServerPlatformPkg/PlatformBootManagerLib

[Impacted Platform]
GnrWs.

Hsd-es-id: 16027566916

Original commit date: Wed May 28 12:32:35 2025 +0800
Change-Id: I832d522bf78a639956f4fc9d4851180b68770224
Original commit hash: c118b6cc8d663b802f0b186d6f36b1cf47efa561

-------------------------------------------------------------------------------- 
[Changed Files]
ServerPlatformPkg/Library/PlatformBootManagerLib/BdsPlatform.c
ServerPlatformPkg/Library/PlatformBootManagerLib/PlatformBootManagerLib.inf
ServerPlatformPkg/PlatformPkg.dec

================================================================================ 
Commit: d9111b9377ec18934179ce88f1d09d681465e9d4 
Author: DCPAE SERVER <dcpae.server@intel.com> 
Date: Mon Jun 9 12:05:07 2025 -0700 
-------------------------------------------------------------------------------- 
"[TeamCity] SvrG3 ServerGen3_main_gen3_Daily Daily Updating Version/ID: BCHSTRM.0.RPB.0042.D.46,
	LOGANVL.0.RPB.0038.D.31,
	KSYVLLE.1.RPB.0032.D.59,
	GNRSPWS.0.RPB.0036.D.62

Hsd-es-id: N/A"
Original commit date: Wed May 28 21:43:36 2025 -0700
Original commit hash: 71aaf7e5a569b39d76a06e0320b4716f2644d49a

-------------------------------------------------------------------------------- 
[Changed Files]
GnrwsRpPkg/Tool/GenBiosId/BiosId.env
GnrwsRpPkg/Tool/GenBiosId/BiosIdD.env
GnrwsRpPkg/Tool/GenBiosId/BiosIdR.env
GnrwsRpPkg/Tool/GenBiosId/BiosIdS.env
GnrwsRpPkg/Tool/GenIfwiId/IfwiIdD.env
GnrwsRpPkg/Tool/GenIfwiId/IfwiIdR.env
GnrwsRpPkg/Tool/GenIfwiId/IfwiIdS.env

================================================================================ 
Commit: 4ffca4ef492554ffae0f84d1528d8c88601585e9 
Author: DCPAE SERVER <dcpae.server@intel.com> 
Date: Mon Jun 9 12:05:04 2025 -0700 
-------------------------------------------------------------------------------- 
"[TeamCity] SvrG3 ServerGen3_main_gen3_Daily Daily Updating Version/ID: BCHSTRM.0.RPB.0042.D.45,
	LOGANVL.0.RPB.0038.D.30,
	KSYVLLE.1.RPB.0032.D.58,
	GNRSPWS.0.RPB.0036.D.61,
	Server-RC-0x02.0x00.0x01.0350

Hsd-es-id: N/A"
Original commit date: Wed May 28 18:48:41 2025 -0700
Original commit hash: b56bfaa7545deb3f7502c64d5e6d81729454b72f

-------------------------------------------------------------------------------- 
[Changed Files]
CpRcPkg/CpRcPkg.dec
GnrwsRpPkg/Tool/GenBiosId/BiosId.env
GnrwsRpPkg/Tool/GenBiosId/BiosIdD.env
GnrwsRpPkg/Tool/GenBiosId/BiosIdR.env
GnrwsRpPkg/Tool/GenBiosId/BiosIdS.env
GnrwsRpPkg/Tool/GenIfwiId/IfwiIdD.env
GnrwsRpPkg/Tool/GenIfwiId/IfwiIdR.env
GnrwsRpPkg/Tool/GenIfwiId/IfwiIdS.env

================================================================================ 
Commit: 55344a166a6cf651fa8f0679cded13d6b2b9e1d2 
Author: DCPAE SERVER <dcpae.server@intel.com> 
Date: Mon Jun 9 12:05:00 2025 -0700 
-------------------------------------------------------------------------------- 
[GNRWS] Disable CPU DAM and Consent for non-prod IFWI

[Feature Description]
Per the request, need to disable CPU DAM and Consent in non-prod IFWI

Package/Module: ServerPlatformPkg/BuildScript

[Impacted Platform]
GNRWS

Hsd-es-id: 15017891544

Original commit date: Thu May 29 09:24:21 2025 +0800
Change-Id: I44ae5dcb87a1cced5d7f4b38dbd48d83c5cf2a02
Original commit hash: e4149f181954c960a25a4c00ae0f0070488ccf8f

-------------------------------------------------------------------------------- 
[Changed Files]
ServerPlatformPkg/BuildScript/Source/BuildStep/IFWIGen.py

================================================================================ 
Commit: 770e525e91f53fa1d2aaab5049d7d4c35c16d5e5 
Author: DCPAE SERVER <dcpae.server@intel.com> 
Date: Mon Jun 9 12:04:57 2025 -0700 
-------------------------------------------------------------------------------- 
Update Imode TxDFE Tap1 Initial Value for Vendor and DIE specific

[Feature Description]
Change Q-die values for Imode and Tap1.

Package/Module:

[Impacted Platform]
Granite Rapids AP, Granite Rapids SP, Loganville, Kaseyville, Sierra Forest

Hsd-es-id: 14024939296

Original commit date: Wed Apr 23 14:26:16 2025 -0600
Change-Id: I5ba23720210aadaeccc854d27b1fb4bc41e1ac59
Original commit hash: b39ca2860087133c998171215a4040c0f2d86507

-------------------------------------------------------------------------------- 
[Changed Files]
CpRcPkg/Library/BaseDdr5CoreLib/Ddr5CoreLibInternal.h
CpRcPkg/Library/BaseDdr5CoreLib/MemDfe.c
ServerSiliconPkg/Mem/Library/MemDdrioIpLib/Gen3/MemIOControl.c

================================================================================ 
Commit: 6b4b7d1f177cc969f6fc7a601e1ec502e2add6dc 
Author: DCPAE SERVER <dcpae.server@intel.com> 
Date: Mon Jun 9 12:04:52 2025 -0700 
-------------------------------------------------------------------------------- 
Update Vendor Specific Tap1 Override

[Feature Description]
Update Tap1 Overrride for specific Dimm configurations.

Package/Module:

[Impacted Platform]
GRANITE RAPIDS SP, GRANITE RAPIDS WS, GNR-D

Hsd-es-id: 14025043891

Original commit date: Fri May 2 16:13:08 2025 -0600
Change-Id: I4f3ad3dcf0c06cb44fe2bcfabfe7bac58a1c11fe
Original commit hash: 64f1a82d95d8d39b52b9985bd1a27b8caf922ed9

-------------------------------------------------------------------------------- 
[Changed Files]
CpRcPkg/Library/BaseDdr5CoreLib/Ddr5CoreLibInternal.h
CpRcPkg/Library/BaseDdr5CoreLib/MemDfe.c

================================================================================ 
Commit: 8c5c9527bced1e99426930348ec6559fe849f5be 
Author: DCPAE SERVER <dcpae.server@intel.com> 
Date: Mon Jun 9 12:04:47 2025 -0700 
-------------------------------------------------------------------------------- 
"[TeamCity] SvrG3 ServerGen3_main_gen3_Daily Daily Updating Version/ID: BCHSTRM.0.RPB.0042.D.44,
	LOGANVL.0.RPB.0038.D.29,
	KSYVLLE.1.RPB.0032.D.57,
	GNRSPWS.0.RPB.0036.D.60

Hsd-es-id: N/A"
Original commit date: Wed May 28 11:11:09 2025 -0700
Original commit hash: 8193773af2d6347a2ffce3bb76d092ab8610189d

-------------------------------------------------------------------------------- 
[Changed Files]
GnrwsRpPkg/Tool/GenBiosId/BiosId.env
GnrwsRpPkg/Tool/GenBiosId/BiosIdD.env
GnrwsRpPkg/Tool/GenBiosId/BiosIdR.env
GnrwsRpPkg/Tool/GenBiosId/BiosIdS.env
GnrwsRpPkg/Tool/GenIfwiId/IfwiIdD.env
GnrwsRpPkg/Tool/GenIfwiId/IfwiIdR.env
GnrwsRpPkg/Tool/GenIfwiId/IfwiIdS.env

================================================================================ 
Commit: b6da2b47d815919262a78cf3ccece76cdd8df248 
Author: DCPAE SERVER <dcpae.server@intel.com> 
Date: Mon Jun 9 12:04:43 2025 -0700 
-------------------------------------------------------------------------------- 
"[TeamCity] SvrG3 ServerGen3_main_gen3_Daily Daily Updating Version/ID: BCHSTRM.0.RPB.0042.D.43,
	LOGANVL.0.RPB.0038.D.28,
	KSYVLLE.1.RPB.0032.D.56,
	GNRSPWS.0.RPB.0036.D.59

Hsd-es-id: N/A"
Original commit date: Wed May 28 04:11:24 2025 -0700
Original commit hash: 2c667a7d8ca851403eebd9d6129648662f2224b8

-------------------------------------------------------------------------------- 
[Changed Files]
GnrwsRpPkg/Tool/GenBiosId/BiosId.env
GnrwsRpPkg/Tool/GenBiosId/BiosIdD.env
GnrwsRpPkg/Tool/GenBiosId/BiosIdR.env
GnrwsRpPkg/Tool/GenBiosId/BiosIdS.env
GnrwsRpPkg/Tool/GenIfwiId/IfwiIdD.env
GnrwsRpPkg/Tool/GenIfwiId/IfwiIdR.env
GnrwsRpPkg/Tool/GenIfwiId/IfwiIdS.env

================================================================================ 
Commit: 9e131d403919d55249f19958f0a59c8fd91da2d2 
Author: DCPAE SERVER <dcpae.server@intel.com> 
Date: Mon Jun 9 12:04:36 2025 -0700 
-------------------------------------------------------------------------------- 
"[TeamCity] SvrG3 ServerGen3_main_gen3_Daily Daily Updating Version/ID: BCHSTRM.0.RPB.0042.D.42,
	LOGANVL.0.RPB.0038.D.27,
	KSYVLLE.1.RPB.0032.D.55,
	GNRSPWS.0.RPB.0036.D.58,
	Server-RC-0x02.0x00.0x01.034F

Hsd-es-id: N/A"
Original commit date: Tue May 27 19:06:14 2025 -0700
Original commit hash: 89d5698b7871d0d4dfa65d607b50a6aa85babe8b

-------------------------------------------------------------------------------- 
[Changed Files]
CpRcPkg/CpRcPkg.dec
GnrwsRpPkg/Tool/GenBiosId/BiosId.env
GnrwsRpPkg/Tool/GenBiosId/BiosIdD.env
GnrwsRpPkg/Tool/GenBiosId/BiosIdR.env
GnrwsRpPkg/Tool/GenBiosId/BiosIdS.env
GnrwsRpPkg/Tool/GenIfwiId/IfwiIdD.env
GnrwsRpPkg/Tool/GenIfwiId/IfwiIdR.env
GnrwsRpPkg/Tool/GenIfwiId/IfwiIdS.env

================================================================================ 
Commit: c5fa78b349f73339b9bcae9b2f81e6289b465310 
Author: DCPAE SERVER <dcpae.server@intel.com> 
Date: Mon Jun 9 12:04:32 2025 -0700 
-------------------------------------------------------------------------------- 
Fix 3DS DIMM Rank Calculation

[Issue Description]
3D stacked DIMMs report their logical ranks which does not match the
total physical ranks. The total physical ranks depends on the number of
stacked dies. Currently, we blindly report the logical rank count to the
system, as such we underreport the number of ranks on 3DS DIMMs.

[Resolution]
The EncodedDieCount represents the number of stacked dies on the 3DS
DIMM. As such, we can properly report the number of physical ranks on
the DIMM by multiplying the number of logical ranks by the
EncodedDieCount when we detect that the system is running 3DS DIMMs.

Package/Module: ServerSiliconPkg

[Impacted Platform]
GRANITE RAPIDS

Hsd-es-id: 15017814306

Original commit date: Wed May 21 18:13:44 2025 -0700
Change-Id: Ibe68571ac2ad8060092279b6bb14bb4c97be8a91
Original commit hash: 0f553a98d3624da93f54498d6e4241e7a09c7944

-------------------------------------------------------------------------------- 
[Changed Files]
ServerSiliconPkg/Library/MemMapDataLib/MemMapDataLib.c

================================================================================ 
Commit: e44483bd25b3c88c0c35e38851f511c6e359d1da 
Author: DCPAE SERVER <dcpae.server@intel.com> 
Date: Mon Jun 9 12:04:28 2025 -0700 
-------------------------------------------------------------------------------- 
"[TeamCity] SvrG3 ServerGen3_main_gen3_Daily Daily Updating Version/ID: BCHSTRM.0.RPB.0042.D.41,
	LOGANVL.0.RPB.0038.D.26,
	KSYVLLE.1.RPB.0032.D.54,
	GNRSPWS.0.RPB.0036.D.57,
	Server-RC-0x02.0x00.0x01.034E

Hsd-es-id: N/A"
Original commit date: Tue May 27 04:11:38 2025 -0700
Original commit hash: 4c4b6ae966413622af5cc04aef4ed54f76da4311

-------------------------------------------------------------------------------- 
[Changed Files]
CpRcPkg/CpRcPkg.dec
GnrwsRpPkg/Tool/GenBiosId/BiosId.env
GnrwsRpPkg/Tool/GenBiosId/BiosIdD.env
GnrwsRpPkg/Tool/GenBiosId/BiosIdR.env
GnrwsRpPkg/Tool/GenBiosId/BiosIdS.env
GnrwsRpPkg/Tool/GenIfwiId/IfwiIdD.env
GnrwsRpPkg/Tool/GenIfwiId/IfwiIdR.env
GnrwsRpPkg/Tool/GenIfwiId/IfwiIdS.env

================================================================================ 
Commit: df3260d3fb816d514cb4a360d49e38f29eafbcd4 
Author: DCPAE SERVER <dcpae.server@intel.com> 
Date: Mon Jun 9 12:04:24 2025 -0700 
-------------------------------------------------------------------------------- 
[RAS] Rectifying Logic Error while merging Bank Group and Bank Address

[Issue Description]
The logic used to merge Bank Group and Bank Address while creating CPER doesn't align with UEFI spec.
As per the spec, the Bank field (Offset 38) is of 2-byte length and the Bank Group should be indicated by the higher-byte. The current logic isn't satisfying it.

[Resolution]
Rectifying the logic used to merge Bank Group and Bank Address, such that the Bank Group will be indicated by higher-byte

Package/Module: ServerRasPkg

[Impacted Platform]
GNR, GNRD, GRR

Hsd-es-id: 16027337084

Original commit date: Mon Apr 28 10:16:52 2025 +0530
Change-Id: I2c4adffede9657e62a8d884d31f27dfbe2f1e479
Original commit hash: 720d55d645afe49cbf018d4d67ef57e99d052dd9

-------------------------------------------------------------------------------- 
[Changed Files]
ServerRasPkg/Library/LibraryGen3/PlatMemErrorDataLibGnrSrf/PlatMemErrorDataLib.c
ServerRasPkg/Library/SmmImcRoutingLib/ImcCe.c

================================================================================ 
Commit: 591be111a548f9ff2f3aa7b93eda5e3d2d9b604c 
Author: DCPAE SERVER <dcpae.server@intel.com> 
Date: Mon Jun 9 12:04:19 2025 -0700 
-------------------------------------------------------------------------------- 
"[TeamCity] SvrG3 ServerGen3_main_gen3_Daily Daily Updating Version/ID: BCHSTRM.0.RPB.0042.D.40,
	LOGANVL.0.RPB.0038.D.25,
	KSYVLLE.1.RPB.0032.D.53,
	GNRSPWS.0.RPB.0036.D.56,
	Server-RC-0x02.0x00.0x01.034D

Hsd-es-id: N/A"
Original commit date: Mon May 26 23:14:07 2025 -0700
Original commit hash: 720815d72ba997d2d5380508e5b9270769cb424e

-------------------------------------------------------------------------------- 
[Changed Files]
CpRcPkg/CpRcPkg.dec
GnrwsRpPkg/Tool/GenBiosId/BiosId.env
GnrwsRpPkg/Tool/GenBiosId/BiosIdD.env
GnrwsRpPkg/Tool/GenBiosId/BiosIdR.env
GnrwsRpPkg/Tool/GenBiosId/BiosIdS.env

================================================================================ 
Commit: be80028b497a0496096a555331f1607189e2b6b9 
Author: DCPAE SERVER <dcpae.server@intel.com> 
Date: Mon Jun 9 12:04:14 2025 -0700 
-------------------------------------------------------------------------------- 
[MiscVendor] Support CXL Device Built-in Self Test (BIST) functionality

[Feature Description]
Intel needs to provide a hook for OEM to implement some extra CXL initialization step

Package/Module: ServerSiliconPkg/CxlMemLib

[Impacted Platform]
GRANITE RAPIDS AP
GRANITE RAPIDS SP

Hsd-es-id: 15017872232

Original commit date: Mon Apr 21 16:01:15 2025 +0800
Change-Id: I8d92b61065377de152313897962f4d3c46ec3770
Original commit hash: d6ec14b72d885b94423c85e626adb9f601567099

-------------------------------------------------------------------------------- 
[Changed Files]
CpRcPkg/Include/Guid/MrcPlatformHooksGuid.h
CpRcPkg/Include/Library/OemProcMemInitLib.h
CpRcPkg/Library/BaseOemProcMemInitLibNull/BaseOemProcMemInitLibNull.c
ServerPlatformPkg/Library/OemProcMemInitLib/MemHooks.c
ServerPlatformPkg/Platform/Pei/MrcPlatformHooksPeim/MrcPlatformHooksPeim.c
ServerSiliconPkg/Mem/Library/CxlMemLib/CxlMemInternal.h
ServerSiliconPkg/Mem/Library/CxlMemLib/CxlMemLibHwTargetGen3.inf
ServerSiliconPkg/Mem/Library/CxlMemLib/HwTarget/CxlMemHwGen.c
ServerSiliconPkg/Mem/Library/CxlMemLib/HwTarget/Gen3/CxlMemHwTopology.c

================================================================================ 
Commit: 05f883598af13fc28011a85415432cfc9aefc2c7 
Author: DCPAE SERVER <dcpae.server@intel.com> 
Date: Mon Jun 9 12:04:08 2025 -0700 
-------------------------------------------------------------------------------- 
Fix coverity Error -PerNibbleCenter not initialized in MemDdr5Lrdimm.c

CID 11778: (#1 of 1): Uninitialized scalar variable (UNINIT)

[Resolution]
  Initialized PerNibbleCenter Variable

Package/Module:
  CpRcPkg

[Impacted Platform]
  GNRWS

Hsd-es-id: 16027517236

Original commit date: Wed May 21 15:26:35 2025 +0800
Change-Id: Ie85041f6904d061bdc5a3e26f73b9789bdc98692
Original commit hash: a3c95c3f102ff1c960826aa34c9890b20218dfb5

-------------------------------------------------------------------------------- 
[Changed Files]
CpRcPkg/Library/BaseDdr5CoreLib/MemDdr5Lrdimm.c

================================================================================ 
Commit: 41777d633742ca92c5e4f8d9c9a94bca4a73f111 
Author: DCPAE SERVER <dcpae.server@intel.com> 
Date: Mon Jun 9 12:04:01 2025 -0700 
-------------------------------------------------------------------------------- 
"[TeamCity] SvrG3 ServerGen3_main_gen3_Daily Daily Updating Version/ID: BCHSTRM.0.RPB.0042.D.39,
	LOGANVL.0.RPB.0038.D.24,
	KSYVLLE.1.RPB.0032.D.52,
	GNRSPWS.0.RPB.0036.D.55

Hsd-es-id: N/A"
Original commit date: Mon May 26 11:11:23 2025 -0700
Original commit hash: ebc884399b35a6f6993add2ed17d1886526a9051

-------------------------------------------------------------------------------- 
[Changed Files]
GnrwsRpPkg/Tool/GenBiosId/BiosId.env
GnrwsRpPkg/Tool/GenBiosId/BiosIdD.env
GnrwsRpPkg/Tool/GenBiosId/BiosIdR.env
GnrwsRpPkg/Tool/GenBiosId/BiosIdS.env

================================================================================ 
Commit: ad3d9f03f361a0f5542ea52f5b8b32403233211a 
Author: DCPAE SERVER <dcpae.server@intel.com> 
Date: Mon Jun 9 12:03:54 2025 -0700 
-------------------------------------------------------------------------------- 
"[TeamCity] SvrG3 ServerGen3_main_gen3_Daily Daily Updating Version/ID: BCHSTRM.0.RPB.0042.D.38,
	LOGANVL.0.RPB.0038.D.23,
	KSYVLLE.1.RPB.0032.D.51,
	GNRSPWS.0.RPB.0036.D.54

Hsd-es-id: N/A"
Original commit date: Mon May 26 07:46:51 2025 -0700
Original commit hash: bd98b00d255893f003d07778010ca3f2899ea6ea

-------------------------------------------------------------------------------- 
[Changed Files]
GnrwsRpPkg/Tool/GenBiosId/BiosId.env
GnrwsRpPkg/Tool/GenBiosId/BiosIdD.env
GnrwsRpPkg/Tool/GenBiosId/BiosIdR.env
GnrwsRpPkg/Tool/GenBiosId/BiosIdS.env

================================================================================ 
Commit: 7f81e114714c9eecd2d02c14e4a7ede44b81dc72 
Author: DCPAE SERVER <dcpae.server@intel.com> 
Date: Mon Jun 9 12:03:49 2025 -0700 
-------------------------------------------------------------------------------- 
CF9GR register is not locked after EOM while running PETS

[Issue Description]
CF9GR not getting locked when Auto policy is set
GR Lock policy.

[Resolution]
Removed unsupported PCD

Package/Module:
OneSiliconPkg

[Impacted Platform]
ALL

Hsd-es-id: 16027534346

Original commit date: Mon May 26 10:44:09 2025 +0200
Change-Id: I1563ee191aecc2b56179a178c5775e5e63ac99ae
Original commit hash: 6a8f19b8e1a7dd8776898d88c41035fb08c789d5

-------------------------------------------------------------------------------- 
[Changed Files]
OneSiliconPkg/IpBlock/Me/HeciInit/Dxe/HeciInit.inf
OneSiliconPkg/IpBlock/Me/HeciInit/Dxe/MeReadyToBoot.c

================================================================================ 
Commit: 443c8bd3ee6a8389728a42afd8d01c5e809f0b58 
Author: DCPAE SERVER <dcpae.server@intel.com> 
Date: Mon Jun 9 12:03:44 2025 -0700 
-------------------------------------------------------------------------------- 
"[TeamCity] SvrG3 ServerGen3_main_gen3_Daily Daily Updating Version/ID: BCHSTRM.0.RPB.0042.D.37,
	LOGANVL.0.RPB.0038.D.22,
	KSYVLLE.1.RPB.0032.D.50,
	GNRSPWS.0.RPB.0036.D.53

Hsd-es-id: N/A"
Original commit date: Mon May 26 04:11:43 2025 -0700
Original commit hash: f09b13b3f3abde7d036e2208f5a86552c092afdf

-------------------------------------------------------------------------------- 
[Changed Files]
GnrwsRpPkg/Tool/GenBiosId/BiosId.env
GnrwsRpPkg/Tool/GenBiosId/BiosIdD.env
GnrwsRpPkg/Tool/GenBiosId/BiosIdR.env
GnrwsRpPkg/Tool/GenBiosId/BiosIdS.env
GnrwsRpPkg/Tool/GenIfwiId/IfwiIdD.env
GnrwsRpPkg/Tool/GenIfwiId/IfwiIdR.env
GnrwsRpPkg/Tool/GenIfwiId/IfwiIdS.env

================================================================================ 
Commit: 032bf535aa34e9aec9a82fb60af62fe25299cf7a 
Author: DCPAE SERVER <dcpae.server@intel.com> 
Date: Mon Jun 9 12:03:39 2025 -0700 
-------------------------------------------------------------------------------- 
"[TeamCity] SvrG3 ServerGen3_main_gen3_Daily Daily Updating Version/ID: BCHSTRM.0.RPB.0042.D.36,
	LOGANVL.0.RPB.0038.D.21,
	KSYVLLE.1.RPB.0032.D.49,
	GNRSPWS.0.RPB.0036.D.52

Hsd-es-id: N/A"
Original commit date: Sun May 25 11:11:23 2025 -0700
Original commit hash: 2863ea9237656cf07150c40b1839b261a54d2ba1

-------------------------------------------------------------------------------- 
[Changed Files]
GnrwsRpPkg/Tool/GenBiosId/BiosId.env
GnrwsRpPkg/Tool/GenBiosId/BiosIdD.env
GnrwsRpPkg/Tool/GenBiosId/BiosIdR.env
GnrwsRpPkg/Tool/GenBiosId/BiosIdS.env
GnrwsRpPkg/Tool/GenIfwiId/IfwiIdD.env
GnrwsRpPkg/Tool/GenIfwiId/IfwiIdR.env
GnrwsRpPkg/Tool/GenIfwiId/IfwiIdS.env

================================================================================ 
Commit: 6934de4471f29cf1880814f63c9fc45ff7fd0f98 
Author: DCPAE SERVER <dcpae.server@intel.com> 
Date: Mon Jun 9 12:03:35 2025 -0700 
-------------------------------------------------------------------------------- 
"[TeamCity] SvrG3 ServerGen3_main_gen3_Daily Daily Updating Version/ID: BCHSTRM.0.RPB.0042.D.35,
	LOGANVL.0.RPB.0038.D.20,
	KSYVLLE.1.RPB.0032.D.48,
	GNRSPWS.0.RPB.0036.D.51

Hsd-es-id: N/A"
Original commit date: Sun May 25 04:11:43 2025 -0700
Original commit hash: 3231a6c5789221833e36012dd6af58180f7698a7

-------------------------------------------------------------------------------- 
[Changed Files]
GnrwsRpPkg/Tool/GenBiosId/BiosId.env
GnrwsRpPkg/Tool/GenBiosId/BiosIdD.env
GnrwsRpPkg/Tool/GenBiosId/BiosIdR.env
GnrwsRpPkg/Tool/GenBiosId/BiosIdS.env
GnrwsRpPkg/Tool/GenIfwiId/IfwiIdD.env
GnrwsRpPkg/Tool/GenIfwiId/IfwiIdR.env
GnrwsRpPkg/Tool/GenIfwiId/IfwiIdS.env

================================================================================ 
Commit: f2da680db7f75fc286bb41c874be676997b64ce4 
Author: DCPAE SERVER <dcpae.server@intel.com> 
Date: Mon Jun 9 12:03:30 2025 -0700 
-------------------------------------------------------------------------------- 
Nv Variable Seamless Update -- Revision Data Update

Hsd-es-id: 14025207540

Original commit date: Sat May 24 11:49:21 2025 -0700
Change-Id: I5wc7unr49kb4ewv0p16ue3vgxi19baj6mi9dgpia
Original commit hash: 6dac4f126782651fd43400fdb43c02e7f9163aa2

-------------------------------------------------------------------------------- 
[Changed Files]
BirchStreamOpenBoardPkg/PreBuildSetupPcdDefaults.dsc.inc
ServerPlatformPkg/Include/NvVariableUpdateRule.h

================================================================================ 
Commit: 72802068560366aff2a1e895adde6638bce2169a 
Author: DCPAE SERVER <dcpae.server@intel.com> 
Date: Mon Jun 9 12:03:26 2025 -0700 
-------------------------------------------------------------------------------- 
"[TeamCity] SvrG3 ServerGen3_main_gen3_Daily Daily Updating Version/ID: BCHSTRM.0.RPB.0042.D.34,
	LOGANVL.0.RPB.0038.D.19,
	KSYVLLE.1.RPB.0032.D.47,
	GNRSPWS.0.RPB.0036.D.50

Hsd-es-id: N/A"
Original commit date: Sat May 24 11:11:29 2025 -0700
Original commit hash: d7bfc5ce2eac16b87c0d741ac35e5d96c0f4f402

-------------------------------------------------------------------------------- 
[Changed Files]
GnrwsRpPkg/Tool/GenBiosId/BiosId.env
GnrwsRpPkg/Tool/GenBiosId/BiosIdD.env
GnrwsRpPkg/Tool/GenBiosId/BiosIdR.env
GnrwsRpPkg/Tool/GenBiosId/BiosIdS.env
GnrwsRpPkg/Tool/GenIfwiId/IfwiIdD.env
GnrwsRpPkg/Tool/GenIfwiId/IfwiIdR.env
GnrwsRpPkg/Tool/GenIfwiId/IfwiIdS.env

================================================================================ 
Commit: 675fada6ce81bb35e02498606abd29dd99e902bc 
Author: DCPAE SERVER <dcpae.server@intel.com> 
Date: Mon Jun 9 12:03:22 2025 -0700 
-------------------------------------------------------------------------------- 
"[TeamCity] SvrG3 ServerGen3_main_gen3_Daily Daily Updating Version/ID: BCHSTRM.0.RPB.0042.D.33,
	LOGANVL.0.RPB.0038.D.18,
	KSYVLLE.1.RPB.0032.D.46,
	GNRSPWS.0.RPB.0036.D.49

Hsd-es-id: N/A"
Original commit date: Sat May 24 04:11:09 2025 -0700
Original commit hash: 159c6fc0dc38180b6498964044d2c3fa7ad2b293

-------------------------------------------------------------------------------- 
[Changed Files]
GnrwsRpPkg/Tool/GenBiosId/BiosId.env
GnrwsRpPkg/Tool/GenBiosId/BiosIdD.env
GnrwsRpPkg/Tool/GenBiosId/BiosIdR.env
GnrwsRpPkg/Tool/GenBiosId/BiosIdS.env
GnrwsRpPkg/Tool/GenIfwiId/IfwiIdD.env
GnrwsRpPkg/Tool/GenIfwiId/IfwiIdR.env
GnrwsRpPkg/Tool/GenIfwiId/IfwiIdS.env

================================================================================ 
Commit: bf006145c77088e10567d018a12fc24f7e580e4d 
Author: DCPAE SERVER <dcpae.server@intel.com> 
Date: Mon Jun 9 12:03:18 2025 -0700 
-------------------------------------------------------------------------------- 
"[TeamCity] SvrG3 ServerGen3_main_gen3_Daily Daily Updating Version/ID: BCHSTRM.0.RPB.0042.D.32,
	LOGANVL.0.RPB.0038.D.17,
	KSYVLLE.1.RPB.0032.D.45,
	GNRSPWS.0.RPB.0036.D.48

Hsd-es-id: N/A"
Original commit date: Fri May 23 11:11:17 2025 -0700
Original commit hash: 0df08ae7f0d2f3248724ed28c06084de23ebf261

-------------------------------------------------------------------------------- 
[Changed Files]
GnrwsRpPkg/Tool/GenBiosId/BiosId.env
GnrwsRpPkg/Tool/GenBiosId/BiosIdD.env
GnrwsRpPkg/Tool/GenBiosId/BiosIdR.env
GnrwsRpPkg/Tool/GenBiosId/BiosIdS.env
GnrwsRpPkg/Tool/GenIfwiId/IfwiIdD.env
GnrwsRpPkg/Tool/GenIfwiId/IfwiIdR.env
GnrwsRpPkg/Tool/GenIfwiId/IfwiIdS.env

================================================================================ 
Commit: b650187a0907aef3ba864506de8e6b91c1033106 
Author: DCPAE SERVER <dcpae.server@intel.com> 
Date: Mon Jun 9 12:03:13 2025 -0700 
-------------------------------------------------------------------------------- 
"[TeamCity] SvrG3 ServerGen3_main_gen3_Daily Daily Updating Version/ID: BCHSTRM.0.RPB.0042.D.31,
	LOGANVL.0.RPB.0038.D.16,
	KSYVLLE.1.RPB.0032.D.44,
	GNRSPWS.0.RPB.0036.D.47

Hsd-es-id: N/A"
Original commit date: Fri May 23 04:11:25 2025 -0700
Original commit hash: 92f448eb02771efc620f57b3021bec35044d47a0

-------------------------------------------------------------------------------- 
[Changed Files]
GnrwsRpPkg/Tool/GenBiosId/BiosId.env
GnrwsRpPkg/Tool/GenBiosId/BiosIdD.env
GnrwsRpPkg/Tool/GenBiosId/BiosIdR.env
GnrwsRpPkg/Tool/GenBiosId/BiosIdS.env
GnrwsRpPkg/Tool/GenIfwiId/IfwiIdD.env
GnrwsRpPkg/Tool/GenIfwiId/IfwiIdR.env
GnrwsRpPkg/Tool/GenIfwiId/IfwiIdS.env

================================================================================ 
Commit: 5fdf8e4056d1e6f766df227ccf2a3979a7e83ab1 
Author: DCPAE SERVER <dcpae.server@intel.com> 
Date: Mon Jun 9 12:03:05 2025 -0700 
-------------------------------------------------------------------------------- 
Hide CXL Hetero Interleave Knob Option on LCC Chop

[Issue Description]
GNR LCC attempts to enable hetero and fails.

[Resolution]
Suppress the GNR LCC Hetero Interleave Knob Option

Package/Module:

[Impacted Platform]
GNR-LCC

Hsd-es-id: 22021265353

Original commit date: Wed May 21 11:01:26 2025 -0700
Change-Id: I039ab539bb4629df2da3a0f8465f0aefc033ef13
Original commit hash: fddec31df79dfe81034749819c1cb61e75e19f9e

-------------------------------------------------------------------------------- 
[Changed Files]
ServerPlatformPkg/Platform/Dxe/SocketSetup/MemorySetup.hfr

================================================================================ 
Commit: f1e70e57b08a98def4af3a28545ac5e1b4fb9edb 
Author: DCPAE SERVER <dcpae.server@intel.com> 
Date: Mon Jun 9 12:03:01 2025 -0700 
-------------------------------------------------------------------------------- 
enhance the solution of "Remove some code in DeleteNvStorageVariableInSmm"

[Issue Description] or [Feature Description]
hide Fspmode for External code

[Resolution]
hide Fspmode for External code

Package/Module:
BirchStreamRpPkg/Platform
[Impacted Platform]
GNR

Hsd-es-id: 15017828983

Original commit date: Fri May 16 09:52:52 2025 +0800
Change-Id: I3a447483d260fd8769bfcb57e8369cdb15262fc6
Original commit hash: afd18f30fea7e6d8c8a1bfd74e8324cba4063a7c

-------------------------------------------------------------------------------- 
[Changed Files]
BirchStreamOpenBoardPkg/PreBuildSetupPcdDefaults.dsc.inc

================================================================================ 
Commit: 385ca73b4370ae42ed585a7e0b5555c444a437c0 
Author: DCPAE SERVER <dcpae.server@intel.com> 
Date: Mon Jun 9 12:02:56 2025 -0700 
-------------------------------------------------------------------------------- 
"[TeamCity] SvrG3 ServerGen3_main_gen3_Daily Daily Updating Version/ID: BCHSTRM.0.RPB.0042.D.30,
	LOGANVL.0.RPB.0038.D.15,
	KSYVLLE.1.RPB.0032.D.43,
	GNRSPWS.0.RPB.0036.D.46,
	Server-RC-0x02.0x00.0x01.034C

Hsd-es-id: N/A"
Original commit date: Thu May 22 11:11:31 2025 -0700
Original commit hash: 504d5c7441fb6148d6c1001f58b959d1c2ac454f

-------------------------------------------------------------------------------- 
[Changed Files]
CpRcPkg/CpRcPkg.dec
GnrwsRpPkg/Tool/GenBiosId/BiosId.env
GnrwsRpPkg/Tool/GenBiosId/BiosIdD.env
GnrwsRpPkg/Tool/GenBiosId/BiosIdR.env
GnrwsRpPkg/Tool/GenBiosId/BiosIdS.env
GnrwsRpPkg/Tool/GenIfwiId/IfwiIdD.env
GnrwsRpPkg/Tool/GenIfwiId/IfwiIdR.env
GnrwsRpPkg/Tool/GenIfwiId/IfwiIdS.env

================================================================================ 
Commit: 8f11cfe1ff46431ab47ad4704b105d73ff9fb2ed 
Author: DCPAE SERVER <dcpae.server@intel.com> 
Date: Mon Jun 9 12:02:52 2025 -0700 
-------------------------------------------------------------------------------- 
Slot Power Limit value and scaling update for server.

[Feature Description]
Customer devices require power limit exceeding 25W.
This code is correcting PCIe slot power limit.

Package/Module:
OneSiliconPkg

[Impacted Platform]
S.

Hsd-es-id: 18042342702

Original commit date: Wed May 21 13:39:48 2025 +0200
Change-Id: I8a420fced4f0fd1936b11673a0999953b8521a37
Original commit hash: 041fffb7a6ea9069e7ec508648be299c27d98172

-------------------------------------------------------------------------------- 
[Changed Files]
OneSiliconPkg/IpBlock/PcieRp/LibraryPrivate/PeiPcieSipInitLib/PeiPcieSipInitLib.c

================================================================================ 
Commit: 12b3a587529ec074a8339b3201a6898233999952 
Author: DCPAE SERVER <dcpae.server@intel.com> 
Date: Mon Jun 9 12:02:48 2025 -0700 
-------------------------------------------------------------------------------- 
CWF PM:Added SubCommand to enable TurboRatioLimit

[Issue Description] or [Feature Description]
Support for higher turbo freq in low utilization
 scenarios

[Resolution]
New BIOS knob and B2P command to be added for this feature.
If through BIOS knob, TRL is disabled, the B2P cmd will be sent
and warm reset issued.
SUBCOMMAND - 0xA - DISABLE_TRL.

Package/Module:

[Impacted Platform]
Default ALL, Y, U, S, H, etc.

Hsd-es-id: 16027011356

Original commit date: Thu Mar 13 12:18:03 2025 +0530
Change-Id: If1a8e2453e636ed4f0e76d8158df57e57749bf9c
Original commit hash: 8c628cc8e85a6862d2b1c01c79325684293ec276

-------------------------------------------------------------------------------- 
[Changed Files]
BirchStreamOpenBoardPkg/PreBuildSetupPcdDefaults.dsc.inc
ServerPlatformPkg/Library/PeiCpuPreMemPolicyUpdateLib/PeiCpuPreMemPolicyUpdateLib.c
ServerPlatformPkg/Platform/Dxe/SocketSetup/PowerManagementSetup.hfr
ServerPlatformPkg/Platform/Dxe/SocketSetup/PowerManagmentSetupStrings.uni
ServerPlatformPkg/Platform/Dxe/SocketSetup/SocketSetup.c
ServerSiliconPkg/Cpu/Include/Library/CpuIpLib.h
ServerSiliconPkg/Cpu/Include/Library/CpuPreMemPolicyLib.h
ServerSiliconPkg/Cpu/Library/CpuInitLib/CpuInitPeiLib.c
ServerSiliconPkg/Cpu/Library/CpuIpLib/GnrSrf/CpuIpLib.c
ServerSiliconPkg/Include/Guid/SocketPowermanagementVariable.h
ServerSiliconPkg/Include/Library/PcuMailBoxLib.h

================================================================================ 
Commit: e4faddcc6b2015c48f64a838dd1382f50175ecfb 
Author: DCPAE SERVER <dcpae.server@intel.com> 
Date: Mon Jun 9 12:02:42 2025 -0700 
-------------------------------------------------------------------------------- 
"[TeamCity] SvrG3 ServerGen3_main_gen3_Daily Daily Updating Version/ID: BCHSTRM.0.RPB.0042.D.29,
	LOGANVL.0.RPB.0038.D.14,
	KSYVLLE.1.RPB.0032.D.42,
	GNRSPWS.0.RPB.0036.D.45,
	Server-RC-0x02.0x00.0x01.034B

Hsd-es-id: N/A"
Original commit date: Thu May 22 04:11:17 2025 -0700
Original commit hash: 74802134866c107b8f34f937c648417f47be8d42

-------------------------------------------------------------------------------- 
[Changed Files]
CpRcPkg/CpRcPkg.dec
GnrwsRpPkg/Tool/GenBiosId/BiosId.env
GnrwsRpPkg/Tool/GenBiosId/BiosIdD.env
GnrwsRpPkg/Tool/GenBiosId/BiosIdR.env
GnrwsRpPkg/Tool/GenBiosId/BiosIdS.env
GnrwsRpPkg/Tool/GenIfwiId/IfwiIdD.env
GnrwsRpPkg/Tool/GenIfwiId/IfwiIdR.env
GnrwsRpPkg/Tool/GenIfwiId/IfwiIdS.env

================================================================================ 
Commit: dacc3ecb78ba785cd9064645ceb491b5cb2b13be 
Author: DCPAE SERVER <dcpae.server@intel.com> 
Date: Mon Jun 9 12:02:38 2025 -0700 
-------------------------------------------------------------------------------- 
Refine ANFE handling logic

[Issue Description] or [Feature Description]
Error status bits irrelevant with Advisory Non-Fatal Error (ANFE) in AER
Uncorrectable Error Status Register got improperly cleared during PCIe CE
handling.

[Resolution]
Update codes in function PcieAerClearCorrErrSts() to properly clear AER
Uncorrectable Error Status Register when ANFE happens.
Also remove unnecessary PcieAerClearUncErrSts() calls within
IehRciepDevicesErrorHandler() and PcieRootPortErrorHandler().

Package/Module:ServerRasPkg

[Impacted Platform]
GNR_WS, GNR-AP, GNR-SP, SRF

Hsd-es-id: 14024949913

Original commit date: Thu Apr 24 21:55:51 2025 -0700
Change-Id: If4ec8312407a248398d4ec162a5d6c557f0947f5
Original commit hash: 329543a8d20e7d9a49210660bc13c72a36bc047d

-------------------------------------------------------------------------------- 
[Changed Files]
ServerRasPkg/Library/IehRasLib/IehErrorHandling.c
ServerRasPkg/Library/LibraryGen3/PcieRasLibGnrSrf/PcieRasLib.c
ServerRasPkg/Library/PcieStdLib/Aer.c

================================================================================ 
Commit: f85d426c88a06a7393fcfe972943a40829bad156 
Author: DCPAE SERVER <dcpae.server@intel.com> 
Date: Mon Jun 9 12:02:34 2025 -0700 
-------------------------------------------------------------------------------- 
GNRWS: Enhanced SMBIOS Type9 Design

[Issue Description]
Current BIOS design has below gaps:
1.Only report the CPU slots in SMBIOS Type9, not covering PCH slots
2.The Slot ID fields are all zeros for CPU slots

[Solution]
1.Added support for PCH slots in SMBIOS Type9
2.For CPU slots, retrieve Slot ID from board IIO UBA settings HOB
  For PCH slots, retrieve Slot ID from the PCH RP SlotCap register

Package/Module:
GnrwsRpPkg/Uba/UbaMain/TypeGnrwsCRB/Dxe/SmbiosDataUpdateDxe

[Impacted Platform]
GNRWS

Hsd-es-id: 15017847034

Original commit date: Mon May 19 15:05:07 2025 +0800
Change-Id: I9cc071d9fa47ca76d4dd70a35e94048e97e1af16
Original commit hash: 083f002b24628d5f2906c32fe2b7189a82badf4a

-------------------------------------------------------------------------------- 
[Changed Files]
GnrwsRpPkg/Uba/UbaMain/TypeGnrwsCRB/Dxe/SmbiosDataUpdateDxe/SmbiosDataUpdateDxe.c
GnrwsRpPkg/Uba/UbaMain/TypeGnrwsCRB/Dxe/SmbiosDataUpdateDxe/SmbiosDataUpdateDxe.inf
GnrwsRpPkg/Uba/UbaMain/TypeGnrwsCRB/Dxe/SmbiosDataUpdateDxe/SmbiosDataUpdateDxe.uni

================================================================================ 
Commit: 0231d2da24da4913178b52373a311ebef5bf0737 
Author: DCPAE SERVER <dcpae.server@intel.com> 
Date: Mon Jun 9 12:02:31 2025 -0700 
-------------------------------------------------------------------------------- 
Update Die Specific Vref offset

[Feature Description]
Vref Offset update to RDIMMx8 2DPC vendor/die specific.

Package/Module:

[Impacted Platform]
GRANITE RAPIDS SP, GRANITE RAPIDS WS, GNR-D

Hsd-es-id: 14025090936

Original commit date: Fri May 16 15:47:36 2025 -0600
Change-Id: Iba9e709b2bce9b0d2b2986920379c5ad0d0630e1
Original commit hash: b01bb28c80d117be2c3a867e81d30dd7565b9f91

-------------------------------------------------------------------------------- 
[Changed Files]
CpRcPkg/Library/BaseMemoryCoreLib/Core/Mem/MemMargins.c

================================================================================ 
Commit: 04754a60ee3e83cb6fb297cd57d3c84612c3bac2 
Author: DCPAE SERVER <dcpae.server@intel.com> 
Date: Mon Jun 9 12:02:28 2025 -0700 
-------------------------------------------------------------------------------- 
"[TeamCity] SvrG3 ServerGen3_main_gen3_Daily Daily Updating Version/ID: BCHSTRM.0.RPB.0042.D.28,
	LOGANVL.0.RPB.0038.D.13,
	KSYVLLE.1.RPB.0032.D.41,
	GNRSPWS.0.RPB.0036.D.44

Hsd-es-id: N/A"
Original commit date: Wed May 21 11:11:17 2025 -0700
Original commit hash: ac36a3f582257d88ed96b3befa3a4a8746082575

-------------------------------------------------------------------------------- 
[Changed Files]
GnrwsRpPkg/Tool/GenBiosId/BiosId.env
GnrwsRpPkg/Tool/GenBiosId/BiosIdD.env
GnrwsRpPkg/Tool/GenBiosId/BiosIdR.env
GnrwsRpPkg/Tool/GenBiosId/BiosIdS.env
GnrwsRpPkg/Tool/GenIfwiId/IfwiIdD.env
GnrwsRpPkg/Tool/GenIfwiId/IfwiIdR.env
GnrwsRpPkg/Tool/GenIfwiId/IfwiIdS.env

================================================================================ 
Commit: 0d9f5982f4eb0b8965d6b3c88cf06d879efdb6ac 
Author: DCPAE SERVER <dcpae.server@intel.com> 
Date: Mon Jun 9 12:02:25 2025 -0700 
-------------------------------------------------------------------------------- 
"[TeamCity] SvrG3 ServerGen3_main_gen3_Daily Daily Updating Version/ID: BCHSTRM.0.RPB.0042.D.27,
	LOGANVL.0.RPB.0038.D.12,
	KSYVLLE.1.RPB.0032.D.40,
	GNRSPWS.0.RPB.0036.D.43

Hsd-es-id: N/A"
Original commit date: Wed May 21 04:11:23 2025 -0700
Original commit hash: cadc1aec8e55a7fe2dfa906c9ab666bbee388dfa

-------------------------------------------------------------------------------- 
[Changed Files]
GnrwsRpPkg/Tool/GenBiosId/BiosId.env
GnrwsRpPkg/Tool/GenBiosId/BiosIdD.env
GnrwsRpPkg/Tool/GenBiosId/BiosIdR.env
GnrwsRpPkg/Tool/GenBiosId/BiosIdS.env
GnrwsRpPkg/Tool/GenIfwiId/IfwiIdD.env
GnrwsRpPkg/Tool/GenIfwiId/IfwiIdR.env
GnrwsRpPkg/Tool/GenIfwiId/IfwiIdS.env

================================================================================ 
Commit: 5397323e93d5171446e75237e788daadc385b667 
Author: DCPAE SERVER <dcpae.server@intel.com> 
Date: Mon Jun 9 12:02:23 2025 -0700 
-------------------------------------------------------------------------------- 
"[TeamCity] SvrG3 ServerGen3_main_gen3_Daily Daily Updating Version/ID: BCHSTRM.0.RPB.0042.D.26,
	LOGANVL.0.RPB.0038.D.11,
	KSYVLLE.1.RPB.0032.D.39,
	GNRSPWS.0.RPB.0036.D.42

Hsd-es-id: N/A"
Original commit date: Tue May 20 21:11:32 2025 -0700
Original commit hash: 0184251409f487ddec78284683249ed2d78e3770

-------------------------------------------------------------------------------- 
[Changed Files]
GnrwsRpPkg/Tool/GenBiosId/BiosId.env
GnrwsRpPkg/Tool/GenBiosId/BiosIdD.env
GnrwsRpPkg/Tool/GenBiosId/BiosIdR.env
GnrwsRpPkg/Tool/GenBiosId/BiosIdS.env
GnrwsRpPkg/Tool/GenIfwiId/IfwiIdD.env
GnrwsRpPkg/Tool/GenIfwiId/IfwiIdR.env
GnrwsRpPkg/Tool/GenIfwiId/IfwiIdS.env

================================================================================ 
Commit: 69de3cfe00a5b2d8a9bc1c3ec592fada4d34482c 
Author: DCPAE SERVER <dcpae.server@intel.com> 
Date: Mon Jun 9 12:02:20 2025 -0700 
-------------------------------------------------------------------------------- 
"[TeamCity] SvrG3 ServerGen3_main_gen3_Daily Daily Updating Version/ID: BCHSTRM.0.RPB.0042.D.25,
	LOGANVL.0.RPB.0038.D.10,
	KSYVLLE.1.RPB.0032.D.38,
	GNRSPWS.0.RPB.0036.D.41

Hsd-es-id: N/A"
Original commit date: Tue May 20 11:11:14 2025 -0700
Original commit hash: 03a0078f55887f5bbc03d097f5c51c4f2d562658

-------------------------------------------------------------------------------- 
[Changed Files]
GnrwsRpPkg/Tool/GenBiosId/BiosId.env
GnrwsRpPkg/Tool/GenBiosId/BiosIdD.env
GnrwsRpPkg/Tool/GenBiosId/BiosIdR.env
GnrwsRpPkg/Tool/GenBiosId/BiosIdS.env
GnrwsRpPkg/Tool/GenIfwiId/IfwiIdD.env
GnrwsRpPkg/Tool/GenIfwiId/IfwiIdR.env
GnrwsRpPkg/Tool/GenIfwiId/IfwiIdS.env

================================================================================ 
Commit: a4f4cd402adf96eeae46385ddcde1bac3f69b89d 
Author: DCPAE SERVER <dcpae.server@intel.com> 
Date: Mon Jun 9 12:02:15 2025 -0700 
-------------------------------------------------------------------------------- 
"[TeamCity] SvrG3 ServerGen3_main_gen3_Daily Daily Updating Version/ID: BCHSTRM.0.RPB.0042.D.24,
	LOGANVL.0.RPB.0038.D.09,
	KSYVLLE.1.RPB.0032.D.37,
	GNRSPWS.0.RPB.0036.D.40,
	Server-RC-0x02.0x00.0x01.034A

Hsd-es-id: N/A"
Original commit date: Tue May 20 04:11:18 2025 -0700
Original commit hash: c041a8683ba44093b412872716ee2d356889156b

-------------------------------------------------------------------------------- 
[Changed Files]
CpRcPkg/CpRcPkg.dec
GnrwsRpPkg/Tool/GenBiosId/BiosId.env
GnrwsRpPkg/Tool/GenBiosId/BiosIdD.env
GnrwsRpPkg/Tool/GenBiosId/BiosIdR.env
GnrwsRpPkg/Tool/GenBiosId/BiosIdS.env
GnrwsRpPkg/Tool/GenIfwiId/IfwiIdD.env
GnrwsRpPkg/Tool/GenIfwiId/IfwiIdR.env
GnrwsRpPkg/Tool/GenIfwiId/IfwiIdS.env

================================================================================ 
Commit: 3716ebd016db050b0f4b790a8a0de1a17ec76ccf 
Author: DCPAE SERVER <dcpae.server@intel.com> 
Date: Mon Jun 9 12:02:12 2025 -0700 
-------------------------------------------------------------------------------- 
Updating thermal code according latest BWG

[Feature Description]
Updates in thermal BWG were showing some missing locks.

[Resolution]
Set PM_DOWN_PPB_CFG lock in PeiThermalLib
Set AdditionalPmcLocks TRUE in PeiMtlPchInitLib

Package/Module:
OneSiliconPkg/PeiThermalLib

[Impacted Platform]
GNRWS

Hsd-es-id: 15017823452

Original commit date: Thu May 15 13:57:58 2025 +0800
Change-Id: Ifcc31cd7aadec4397f53fbd52c45709790a1c315
Original commit hash: a286a623657ac93a40a7ebace34b89ad06c9da67

-------------------------------------------------------------------------------- 
[Changed Files]
OneSiliconPkg/Fru/MtlPch/LibraryPrivate/PeiMtlPchInitLib/MtlPchPmc.c
OneSiliconPkg/IpBlock/Thermal/LibraryPrivate/PeiThermalLib/PeiThermalLib.c

================================================================================ 
Commit: e1dd44c3e2fb7c981de3d322f4ebb898507874d0 
Author: DCPAE SERVER <dcpae.server@intel.com> 
Date: Mon Jun 9 12:02:09 2025 -0700 
-------------------------------------------------------------------------------- 
[GNR-WS][GNR-SP][GNR-D] To change TxDFETap1Init=0 and DqsImode=7 for RDIMM MiscVendor 2Rx8 E die 16 Gb at 2DPC

[Feature Description]
Default value of TxDFETap1Init for MiscVendor 2Rx8 16 Gb case is -5
Changed values as below:
TxDFETap1Init=0
dqsImode=0x7

[Impacted Platform]
GNR-WS
GNR-SP
GNR-D

Hsd-es-id: 16027484802

Original commit date: Fri May 16 00:51:33 2025 +0530
Change-Id: I55edf259d51769155d5d422936ae21cdd01b3c0f
Original commit hash: 84b226386b8cf85e60e5322279b02fe382301813

-------------------------------------------------------------------------------- 
[Changed Files]
CpRcPkg/Include/Library/MemoryServicesLib.h
CpRcPkg/Library/BaseDdr5CoreLib/Ddr5CoreLibInternal.h
CpRcPkg/Library/BaseDdr5CoreLib/MemDfe.c
CpRcPkg/Library/BaseMemoryServicesLib/ConvenienceFunctions.c
ServerSiliconPkg/Mem/Library/MemDdrioIpLib/Gen3/MemIOControl.c

================================================================================ 
Commit: cc9caa46719d611d98d7859d81e6b96d4d0fe941 
Author: DCPAE SERVER <dcpae.server@intel.com> 
Date: Mon Jun 9 12:02:05 2025 -0700 
-------------------------------------------------------------------------------- 
"[TeamCity] SvrG3 ServerGen3_main_gen3_Daily Daily Updating Version/ID: BCHSTRM.0.RPB.0042.D.23,
	LOGANVL.0.RPB.0038.D.08,
	KSYVLLE.1.RPB.0032.D.36,
	GNRSPWS.0.RPB.0036.D.39,
	Server-RC-0x02.0x00.0x01.0349

Hsd-es-id: N/A"
Original commit date: Mon May 19 23:15:57 2025 -0700
Original commit hash: 6aade8dba212dd4276a4e4554c9bed27428e35bc

-------------------------------------------------------------------------------- 
[Changed Files]
CpRcPkg/CpRcPkg.dec
GnrwsRpPkg/Tool/GenBiosId/BiosId.env
GnrwsRpPkg/Tool/GenBiosId/BiosIdD.env
GnrwsRpPkg/Tool/GenBiosId/BiosIdR.env
GnrwsRpPkg/Tool/GenBiosId/BiosIdS.env

================================================================================ 
Commit: f203e0cba0b3347a2abc41a341b57a4256bddbb0 
Author: DCPAE SERVER <dcpae.server@intel.com> 
Date: Mon Jun 9 12:02:02 2025 -0700 
-------------------------------------------------------------------------------- 
Add CXL Mailbox command op code to the EWL

[Feature Description]
Need to add the CXL Mailbox command opcode such that if there are multiple failures with same status code, the Opcode would help to point out the failure specifically.

Package/Module:

[Impacted Platform]
GNR, SRF, CWF, GNR-D

Hsd-es-id: 22021212043

Original commit date: Fri May 2 15:10:14 2025 -0700
Change-Id: I2266019565c7f39860b24dbb9de0806f530f2a2f
Original commit hash: 2cb784d0bf32a6b229b0c92fb09863c4b884e3b3

-------------------------------------------------------------------------------- 
[Changed Files]
ServerRasPkg/Include/Guid/RasNonStandardErrorSection.h
ServerRasPkg/Include/Library/ErrorReportLib.h
ServerRasPkg/Include/Library/RasEwlLib.h
ServerRasPkg/Library/CxlStdLib/CxlRasMailbox.c
ServerRasPkg/Library/LibraryGen3/ErrorReportLib/ErrorReportLib.c
ServerRasPkg/Library/LibraryGen3/SmmRasSiliconLibGnrSrf/RasCxl.c
ServerRasPkg/Library/RasEwlLib/RasEwlDefs.h
ServerRasPkg/Library/RasEwlLib/RasEwlLib.c
ServerRasPkg/Library/RasEwlLib/RasEwlLibNull.c

================================================================================ 
Commit: f62819246e89ee29261dd8877a7022ff61cfd4b6 
Author: DCPAE SERVER <dcpae.server@intel.com> 
Date: Mon Jun 9 12:01:59 2025 -0700 
-------------------------------------------------------------------------------- 
"[TeamCity] SvrG3 ServerGen3_main_gen3_Daily Daily Updating Version/ID: BCHSTRM.0.RPB.0042.D.22,
	LOGANVL.0.RPB.0038.D.07,
	KSYVLLE.1.RPB.0032.D.35,
	GNRSPWS.0.RPB.0036.D.38

Hsd-es-id: N/A"
Original commit date: Mon May 19 11:11:09 2025 -0700
Original commit hash: 91b838cc17e613c0f5a0a4a85be7b88ccc4a586c

-------------------------------------------------------------------------------- 
[Changed Files]
GnrwsRpPkg/Tool/GenBiosId/BiosId.env
GnrwsRpPkg/Tool/GenBiosId/BiosIdD.env
GnrwsRpPkg/Tool/GenBiosId/BiosIdR.env
GnrwsRpPkg/Tool/GenBiosId/BiosIdS.env

================================================================================ 
Commit: b2e82f3f7acffbc7f5994f2b4aa729178bd88d9e 
Author: DCPAE SERVER <dcpae.server@intel.com> 
Date: Mon Jun 9 12:01:56 2025 -0700 
-------------------------------------------------------------------------------- 
"[TeamCity] SvrG3 ServerGen3_main_gen3_Daily Daily Updating Version/ID: BCHSTRM.0.RPB.0042.D.21,
	LOGANVL.0.RPB.0038.D.06,
	KSYVLLE.1.RPB.0032.D.34,
	GNRSPWS.0.RPB.0036.D.37

Hsd-es-id: N/A"
Original commit date: Mon May 19 04:11:12 2025 -0700
Original commit hash: 5229953174167125fa497f1f6ec4eadd29a4400a

-------------------------------------------------------------------------------- 
[Changed Files]
GnrwsRpPkg/Tool/GenBiosId/BiosId.env
GnrwsRpPkg/Tool/GenBiosId/BiosIdD.env
GnrwsRpPkg/Tool/GenBiosId/BiosIdR.env
GnrwsRpPkg/Tool/GenBiosId/BiosIdS.env
GnrwsRpPkg/Tool/GenIfwiId/IfwiIdD.env
GnrwsRpPkg/Tool/GenIfwiId/IfwiIdR.env
GnrwsRpPkg/Tool/GenIfwiId/IfwiIdS.env

================================================================================ 
Commit: bae9c4e75e37e6ccc8e347ffb6883463fc6de579 
Author: DCPAE SERVER <dcpae.server@intel.com> 
Date: Mon Jun 9 12:01:54 2025 -0700 
-------------------------------------------------------------------------------- 
Update the CPU bifurcation to align with RVP board TOPS setting

[Issue Description] or [Feature Description]
The default PCIe BIF and CXL enable UBA settings is not correct for GnrWs

[Resolution]
Change the default PCIe BIF and CXL enable UBA settings for GnrWs

Package/Module:
GnrwsRpPkg/TypeGnrwsCRB

[Impacted Platform]
GNRWS

Hsd-es-id: 15017831033

Original commit date: Sun May 18 19:14:16 2025 +0800
Change-Id: I6760b262822263c1bdc0dffe6ededdbfea29616c
Original commit hash: b8fc1f9aa02844bcf16572cb4af27ef5f6bda9de

-------------------------------------------------------------------------------- 
[Changed Files]
GnrwsRpPkg/Uba/UbaMain/TypeGnrwsCRB/Pei/IioBifurInit.c

================================================================================ 
Commit: e65861117729c47e33a0aae08a4885893b249c07 
Author: DCPAE SERVER <dcpae.server@intel.com> 
Date: Mon Jun 9 12:01:52 2025 -0700 
-------------------------------------------------------------------------------- 
"[TeamCity] SvrG3 ServerGen3_main_gen3_Daily Daily Updating Version/ID: BCHSTRM.0.RPB.0042.D.20,
	LOGANVL.0.RPB.0038.D.05,
	KSYVLLE.1.RPB.0032.D.33,
	GNRSPWS.0.RPB.0036.D.36

Hsd-es-id: N/A"
Original commit date: Sun May 18 11:11:26 2025 -0700
Original commit hash: 725f8acf79a5ef9dc9f018adf9b277f0db6fec65

-------------------------------------------------------------------------------- 
[Changed Files]
GnrwsRpPkg/Tool/GenBiosId/BiosId.env
GnrwsRpPkg/Tool/GenBiosId/BiosIdD.env
GnrwsRpPkg/Tool/GenBiosId/BiosIdR.env
GnrwsRpPkg/Tool/GenBiosId/BiosIdS.env
GnrwsRpPkg/Tool/GenIfwiId/IfwiIdD.env
GnrwsRpPkg/Tool/GenIfwiId/IfwiIdR.env
GnrwsRpPkg/Tool/GenIfwiId/IfwiIdS.env

================================================================================ 
Commit: 2c6ec964925d46247581f59685791c986deea4d4 
Author: DCPAE SERVER <dcpae.server@intel.com> 
Date: Mon Jun 9 12:01:50 2025 -0700 
-------------------------------------------------------------------------------- 
"[TeamCity] SvrG3 ServerGen3_main_gen3_Daily Daily Updating Version/ID: BCHSTRM.0.RPB.0042.D.19,
	LOGANVL.0.RPB.0038.D.04,
	KSYVLLE.1.RPB.0032.D.32,
	GNRSPWS.0.RPB.0036.D.35

Hsd-es-id: N/A"
Original commit date: Sun May 18 04:11:22 2025 -0700
Original commit hash: 044ecdb58bfad18e0fef7ca0298074f3ed41ba9f

-------------------------------------------------------------------------------- 
[Changed Files]
GnrwsRpPkg/Tool/GenBiosId/BiosId.env
GnrwsRpPkg/Tool/GenBiosId/BiosIdD.env
GnrwsRpPkg/Tool/GenBiosId/BiosIdR.env
GnrwsRpPkg/Tool/GenBiosId/BiosIdS.env
GnrwsRpPkg/Tool/GenIfwiId/IfwiIdD.env
GnrwsRpPkg/Tool/GenIfwiId/IfwiIdR.env
GnrwsRpPkg/Tool/GenIfwiId/IfwiIdS.env

================================================================================ 
Commit: 0cd2754f55edf20063c5bd936216391ad0ff1338 
Author: DCPAE SERVER <dcpae.server@intel.com> 
Date: Mon Jun 9 12:01:48 2025 -0700 
-------------------------------------------------------------------------------- 
"[TeamCity] SvrG3 ServerGen3_main_gen3_Daily Daily Updating Version/ID: BCHSTRM.0.RPB.0042.D.18,
	LOGANVL.0.RPB.0038.D.03,
	KSYVLLE.1.RPB.0032.D.31,
	GNRSPWS.0.RPB.0036.D.34

Hsd-es-id: N/A"
Original commit date: Sat May 17 11:11:34 2025 -0700
Original commit hash: 966ebefbae7a439cfad7f172cc6bd4a79abd851c

-------------------------------------------------------------------------------- 
[Changed Files]
GnrwsRpPkg/Tool/GenBiosId/BiosId.env
GnrwsRpPkg/Tool/GenBiosId/BiosIdD.env
GnrwsRpPkg/Tool/GenBiosId/BiosIdR.env
GnrwsRpPkg/Tool/GenBiosId/BiosIdS.env
GnrwsRpPkg/Tool/GenIfwiId/IfwiIdD.env
GnrwsRpPkg/Tool/GenIfwiId/IfwiIdR.env
GnrwsRpPkg/Tool/GenIfwiId/IfwiIdS.env

================================================================================ 
Commit: 943a12a204b899e8119451b34008f3f85558f53a 
Author: DCPAE SERVER <dcpae.server@intel.com> 
Date: Mon Jun 9 12:01:46 2025 -0700 
-------------------------------------------------------------------------------- 
"[TeamCity] SvrG3 ServerGen3_main_gen3_Daily Daily Updating Version/ID: BCHSTRM.0.RPB.0042.D.17,
	LOGANVL.0.RPB.0038.D.02,
	KSYVLLE.1.RPB.0032.D.30,
	GNRSPWS.0.RPB.0036.D.33,
	Server-RC-0x02.0x00.0x01.0348

Hsd-es-id: N/A"
Original commit date: Sat May 17 04:11:24 2025 -0700
Original commit hash: 2009444ebc66b92349f7f38a4566f27fc3debefa

-------------------------------------------------------------------------------- 
[Changed Files]
CpRcPkg/CpRcPkg.dec
GnrwsRpPkg/Tool/GenBiosId/BiosId.env
GnrwsRpPkg/Tool/GenBiosId/BiosIdD.env
GnrwsRpPkg/Tool/GenBiosId/BiosIdR.env
GnrwsRpPkg/Tool/GenBiosId/BiosIdS.env
GnrwsRpPkg/Tool/GenIfwiId/IfwiIdD.env
GnrwsRpPkg/Tool/GenIfwiId/IfwiIdR.env
GnrwsRpPkg/Tool/GenIfwiId/IfwiIdS.env

================================================================================ 
Commit: 773fe10c23c15e933d337ea468fdad99e8f4b983 
Author: DCPAE SERVER <dcpae.server@intel.com> 
Date: Mon Jun 9 12:01:44 2025 -0700 
-------------------------------------------------------------------------------- 
Fix Pcie segment hardcoded to 0

[Issue Description]
Fix Pcie segment hardcoded to 0 to socket for leaky bucket handle error sections.

[Resolution]
Fix Pcie segment to socket for leaky bucket handle error sections.

Package/Module:ServerRasPkg/Library

[Impacted Platform]
GNR-SP, GNR-AP, SRF

Hsd-es-id: 14025049207

Original commit date: Thu May 8 23:32:35 2025 -0700
Change-Id: I94f5757b8b820c36968c8739b9b2d13cd117acf6
Original commit hash: 6c2ebeebcdd25b16de0b7b2b809d59d94470e3a7

-------------------------------------------------------------------------------- 
[Changed Files]
ServerRasPkg/Library/IioRasLib/Iio.c
ServerRasPkg/Library/IioRasLib/IioRasLibInternal.h

================================================================================ 
Commit: 67a1bd4f4a5cb70d415cc59d284bd42f39c4cac5 
Author: DCPAE SERVER <dcpae.server@intel.com> 
Date: Mon Jun 9 12:01:42 2025 -0700 
-------------------------------------------------------------------------------- 
Excessive SMIs due to aggressive memory scrub cycle.

[Feature Description]
Implement BIOS changes to suppress excessive SMIs
by adjusting patrol scrub completion signaling.

[Resolution]
Implementing a workaround to suppress excessive SMIs by
adjusting the patrol scrub completion signaling mechanism,
ensuring only one SMI is generated per 24-hour cycle.

1. When MiscVendor(Enable with Results) is enabled bios sets scratchpad8
bit 31
2. Once Pcode samples, handles the timer and trigger SMI.
3. Bios services SMI and clears the bit 31

Package/Module:

[Impacted Platform]
GNR-SP, GNR-D, SRF/CWF

Hsd-es-id: 14024375990

Original commit date: Wed Jan 15 14:56:53 2025 -0800
Change-Id: Ie9be31e90e54e2941ac6d22a657f6099dc663ddf
Original commit hash: 8e40ebffa875c821175b790d20462e2e46082665

-------------------------------------------------------------------------------- 
[Changed Files]
CpRcPkg/Include/Library/MemMcIpRasLib.h
CpRcPkg/Include/ScratchpadList.h
ServerRasPkg/Driver/Smm/Gen3/RasSmiHandler/RasSmiHandlerSmm.c
ServerRasPkg/Library/SmmImcRoutingLib/EcsRas.c
ServerSiliconPkg/Include/Ras/MemMcIpRasLib.h
ServerSiliconPkg/Mem/Library/MemMcIpLib/Gen3/MemRAS.c
ServerSiliconPkg/Mem/Library/MemMcIpLib/Ras/MemRasPatrolScrubCommon.c

================================================================================ 
Commit: b48c630839b7061c4a3a5aae0cec6378ab46b796 
Author: DCPAE SERVER <dcpae.server@intel.com> 
Date: Mon Jun 9 12:01:39 2025 -0700 
-------------------------------------------------------------------------------- 
"[TeamCity] SvrG3 ServerGen3_main_gen3_Daily Daily Updating Version/ID: BCHSTRM.0.RPB.0042.D.16,
	LOGANVL.0.RPB.0038.D.01,
	KSYVLLE.1.RPB.0032.D.29,
	GNRSPWS.0.RPB.0036.D.32

Hsd-es-id: N/A"
Original commit date: Fri May 16 11:11:15 2025 -0700
Original commit hash: 5c01e2075728515e5f2d4fa1361e2bd4cb13cf95

-------------------------------------------------------------------------------- 
[Changed Files]
GnrwsRpPkg/Tool/GenBiosId/BiosId.env
GnrwsRpPkg/Tool/GenBiosId/BiosIdD.env
GnrwsRpPkg/Tool/GenBiosId/BiosIdR.env
GnrwsRpPkg/Tool/GenBiosId/BiosIdS.env
GnrwsRpPkg/Tool/GenIfwiId/IfwiIdD.env
GnrwsRpPkg/Tool/GenIfwiId/IfwiIdR.env
GnrwsRpPkg/Tool/GenIfwiId/IfwiIdS.env

================================================================================ 
Commit: efe1c64e4f5626d93c852b06b874512862c1e9ad 
Author: DCPAE SERVER <dcpae.server@intel.com> 
Date: Mon Jun 9 12:01:37 2025 -0700 
-------------------------------------------------------------------------------- 
[CWF-CCB] DKT: Deprecating SGX_DEBUG_MODE[NPK_REQUEST] bit

[Feature Description]
Deprecate the SGX_DEBUG_MODE[NPK_REQUEST] bit and its functionality.

Package/Module:BirchStreamFspPkg,BirchStreamOpenBoardPkg,
ServerPlatformPkg,ServerSecurityPkg

[Impacted Platform]
CWF

Hsd-es-id: 18042273760

Original commit date: Tue May 13 09:57:42 2025 +0200
Change-Id: I7e78f6648b40e631d65a6463445e5c90cc9599fe
Original commit hash: b3bdd40d6c62a01a122e1557b77f7d609e3503eb

-------------------------------------------------------------------------------- 
[Changed Files]
BirchStreamFspPkg/Library/PeiPolicyUpdatePreMemLib/PeiSecurityPolicyUpdatePreMem.c
BirchStreamOpenBoardPkg/Library/PeiSecurityPolicyUpdateFspLib/PeiSecurityPolicyUpdateFspLib.c
ServerPlatformPkg/Library/PeiSecurityPolicyUpdateLib/1v0/PeiSecurityPolicyUpdate.c
ServerPlatformPkg/Library/PeiSecurityPolicyUpdateLib/2v0/PeiSecurityPolicyUpdate.c
ServerPlatformPkg/Platform/Dxe/SocketSetup/SocketSetup.c

================================================================================ 
Commit: c2ce14a28eb283ec9de3f67e867a2552bc9c2566 
Author: DCPAE SERVER <dcpae.server@intel.com> 
Date: Mon Jun 9 12:01:35 2025 -0700 
-------------------------------------------------------------------------------- 
"[TeamCity] SvrG3 ServerGen3_main_gen3_Daily Daily Updating Version/ID: BCHSTRM.0.RPB.0042.D.15,
	LOGANVL.0.RPB.0037.D.99,
	KSYVLLE.1.RPB.0032.D.28,
	GNRSPWS.0.RPB.0036.D.31,
	Server-RC-0x02.0x00.0x01.0347

Hsd-es-id: N/A"
Original commit date: Fri May 16 04:11:15 2025 -0700
Original commit hash: a100171b1f9b237001ab61f863b47a73ddf3c2dd

-------------------------------------------------------------------------------- 
[Changed Files]
CpRcPkg/CpRcPkg.dec
GnrwsRpPkg/Tool/GenBiosId/BiosId.env
GnrwsRpPkg/Tool/GenBiosId/BiosIdD.env
GnrwsRpPkg/Tool/GenBiosId/BiosIdR.env
GnrwsRpPkg/Tool/GenBiosId/BiosIdS.env
GnrwsRpPkg/Tool/GenIfwiId/IfwiIdD.env
GnrwsRpPkg/Tool/GenIfwiId/IfwiIdR.env
GnrwsRpPkg/Tool/GenIfwiId/IfwiIdS.env

================================================================================ 
Commit: 4eb49bf62d90f6bacc5ab64bad23cdd90748a206 
Author: DCPAE SERVER <dcpae.server@intel.com> 
Date: Mon Jun 9 12:01:33 2025 -0700 
-------------------------------------------------------------------------------- 
[GnrWS] Clear PME_STS in power button handler

[Issue Description]
System auto-wakes from S5 state after pressing power button in EFI Shell

[Resolution]
PME_STS bit remains uncleared without OS ACPI intervention, it leads to
system auto-wakes from S5 state after pressing power button in EFI Shell.

Implement PME_STS clearing in power button handler

Package/Module:
ServerPlatformPkg

[Impacted Platform]
GnrWS

Hsd-es-id: 15017831005

Original commit date: Thu May 15 13:14:05 2025 +0800
Change-Id: I3f3f1abf435749b3257924a34acfc1c97cce9ec6
Original commit hash: 85e5bf75a995eda218954177719158e83f1bcc86

-------------------------------------------------------------------------------- 
[Changed Files]
ServerPlatformPkg/Platform/Dxe/PlatformPowerButton/PlatformPowerButton.c
ServerPlatformPkg/Platform/Dxe/PlatformPowerButton/PlatformPowerButton.inf

================================================================================ 
Commit: c991c18eb856f5ba0b42e3328f6eb11835ba5f89 
Author: DCPAE SERVER <dcpae.server@intel.com> 
Date: Mon Jun 9 12:01:31 2025 -0700 
-------------------------------------------------------------------------------- 
Need to send P2B command for TXT ENABLE before CPL3

[Issue Description]
Seeing Overclokcing failure when TXT is enabled. This
happened because P2B mailbox is not getting locked at CPL3.
So there is need that TXT Enable P2B command needs to be send
before CPL3.

[Resolution]
Move the command before CPL3

Package/Module:
ServerSecurityPkg/Universal/GetSec/Dxe/TxtDxe

[Impacted Platform]
ALL

Hsd-es-id: 15017604390

Original commit date: Wed Apr 30 13:19:05 2025 -0700
Change-Id: I2485d3f411359c1b1f8770ae234e9467795d9b74
Original commit hash: a0b3aa22c2d40506883b1f4fb9e3ef1dbae47aa4

-------------------------------------------------------------------------------- 
[Changed Files]
ServerSecurityPkg/Universal/GetSec/Dxe/TxtDxe.c

================================================================================ 
Commit: 961878dc95fe388b77c121e2ab87b81e9ab10b0e 
Author: DCPAE SERVER <dcpae.server@intel.com> 
Date: Mon Jun 9 12:01:29 2025 -0700 
-------------------------------------------------------------------------------- 
Fix Jedec Init for MRDIMM

[Issue Description]
RCD RW01.OP[3] is not set to 1 before restoring DB settings,
this blocks commands to databuffers.

[Resolution]
RCD RW01.OP[3] set to 1 before databuffer writes and restore after databuffers writes
are complete.

Package/Module: BaseDdr5CoreLib

[Impacted Platform]
GRANITE RAPIDS AP, GRANITE RAPIDS SP, SIERRA FOREST, CLEAR WATER FOREST

Hsd-es-id: 14025027596

Original commit date: Tue May 6 17:24:33 2025 -0600
Change-Id: I40976266504a3d888bf0f1c9ee4ee4d1c932b8db
Original commit hash: 4b2b17f81f40bcacf80d3789413e177e6b89a771

-------------------------------------------------------------------------------- 
[Changed Files]
CpRcPkg/Include/Library/MemoryTrainingLib.h
CpRcPkg/Include/ReferenceCodeFatalErrors.h
CpRcPkg/Library/BaseDdr5CoreLib/MemBcom.c
CpRcPkg/Library/BaseDdr5CoreLib/MemDbAccess.c
CpRcPkg/Library/BaseDdr5CoreLib/MemJedecDdr5.c
CpRcPkg/Library/BaseMemoryTrainingLib/MemJedec.c

================================================================================ 
Commit: 67167a4be6168b62708e51ee1016ced8fa4ae10c 
Author: DCPAE SERVER <dcpae.server@intel.com> 
Date: Mon Jun 9 12:01:26 2025 -0700 
-------------------------------------------------------------------------------- 
"[TeamCity] SvrG3 ServerGen3_main_gen3_Daily Daily Updating Version/ID: BCHSTRM.0.RPB.0042.D.14,
	LOGANVL.0.RPB.0037.D.98,
	KSYVLLE.1.RPB.0032.D.27,
	GNRSPWS.0.RPB.0036.D.30

Hsd-es-id: N/A"
Original commit date: Thu May 15 11:11:21 2025 -0700
Original commit hash: ba582785017442ab16de91bf1edc08b2ec8a208f

-------------------------------------------------------------------------------- 
[Changed Files]
GnrwsRpPkg/Tool/GenBiosId/BiosId.env
GnrwsRpPkg/Tool/GenBiosId/BiosIdD.env
GnrwsRpPkg/Tool/GenBiosId/BiosIdR.env
GnrwsRpPkg/Tool/GenBiosId/BiosIdS.env
GnrwsRpPkg/Tool/GenIfwiId/IfwiIdD.env
GnrwsRpPkg/Tool/GenIfwiId/IfwiIdR.env
GnrwsRpPkg/Tool/GenIfwiId/IfwiIdS.env

================================================================================ 
Commit: 253b883078c79612bed7d3d10690277079785abb 
Author: DCPAE SERVER <dcpae.server@intel.com> 
Date: Mon Jun 9 12:01:24 2025 -0700 
-------------------------------------------------------------------------------- 
"[TeamCity] SvrG3 ServerGen3_main_gen3_Daily Daily Updating Version/ID: BCHSTRM.0.RPB.0042.D.13,
	LOGANVL.0.RPB.0037.D.97,
	KSYVLLE.1.RPB.0032.D.26,
	GNRSPWS.0.RPB.0036.D.29,
	Server-RC-0x02.0x00.0x01.0346

Hsd-es-id: N/A"
Original commit date: Thu May 15 04:11:26 2025 -0700
Original commit hash: e945ab4c77634dc39060c110d2e68eed14063a5b

-------------------------------------------------------------------------------- 
[Changed Files]
CpRcPkg/CpRcPkg.dec
GnrwsRpPkg/Tool/GenBiosId/BiosId.env
GnrwsRpPkg/Tool/GenBiosId/BiosIdD.env
GnrwsRpPkg/Tool/GenBiosId/BiosIdR.env
GnrwsRpPkg/Tool/GenBiosId/BiosIdS.env
GnrwsRpPkg/Tool/GenIfwiId/IfwiIdD.env
GnrwsRpPkg/Tool/GenIfwiId/IfwiIdR.env
GnrwsRpPkg/Tool/GenIfwiId/IfwiIdS.env

================================================================================ 
Commit: a3be24d2125254b2ac4cb060049fd211dbc62f29 
Author: DCPAE SERVER <dcpae.server@intel.com> 
Date: Mon Jun 9 12:01:22 2025 -0700 
-------------------------------------------------------------------------------- 
[BHS GNR-SP][B3][CoVal][MiscVendor][RP][RAS] Under FFM, CXL.MEM Poison consumption under memory contention scenario may hang in SMRAM

[Issue Description]
When multiple threads are consuming the poison error, there is chance that threads can step on each other while creating the CPER via Status report.

[Resolution]
Make sure when multiple threads are consuming the poison error, the status report is serialized to handle the error consumption path.

Package/Module:
ErrorReportLib

[Impacted Platform]
GNR, SRF, CWF, GNR-D, GNRWS

Hsd-es-id: 22021186516

Original commit date: Tue Apr 15 11:25:58 2025 -0700
Change-Id: Ie143c3cddc5e6d5355e6d1f5f7cead9fab537937
Original commit hash: fcd501c752eed6d91485cf2e7be3911ac39e9ad2

-------------------------------------------------------------------------------- 
[Changed Files]
ServerRasPkg/Include/Library/ErrorReportLib.h
ServerRasPkg/Library/LibraryGen3/ErrorReportLib/ErrorReportLib.c
ServerRasPkg/Library/LibraryGen3/ErrorReportLib/ErrorReportLibPrivate.h
ServerRasPkg/Library/LibraryGen3/ProcessorRasLib/ProcessorErrorHandling.c

================================================================================ 
Commit: 0b36d57de0d4c77758227ea4b4b908ba17f03861 
Author: DCPAE SERVER <dcpae.server@intel.com> 
Date: Mon Jun 9 12:01:20 2025 -0700 
-------------------------------------------------------------------------------- 
"[TeamCity] SvrG3 ServerGen3_main_gen3_Daily Daily Updating Version/ID: BCHSTRM.0.RPB.0042.D.12,
	LOGANVL.0.RPB.0037.D.96,
	KSYVLLE.1.RPB.0032.D.25,
	GNRSPWS.0.RPB.0036.D.28

Hsd-es-id: N/A"
Original commit date: Wed May 14 20:47:26 2025 -0700
Original commit hash: 86afe4561270b30ff196d2ee2ee12daea7371722

-------------------------------------------------------------------------------- 
[Changed Files]
GnrwsRpPkg/Tool/GenBiosId/BiosId.env
GnrwsRpPkg/Tool/GenBiosId/BiosIdD.env
GnrwsRpPkg/Tool/GenBiosId/BiosIdR.env
GnrwsRpPkg/Tool/GenBiosId/BiosIdS.env
GnrwsRpPkg/Tool/GenIfwiId/IfwiIdD.env
GnrwsRpPkg/Tool/GenIfwiId/IfwiIdR.env
GnrwsRpPkg/Tool/GenIfwiId/IfwiIdS.env
