================================================================================ 
Commit: 1dcc3d1f1275ef0cd0e3601ad5a9effbbe8a37ae 
Author: ClientSysFWGit <clientsysfwgit@intel.com> 
Date: Fri Oct 30 17:18:14 2020 +0530 
-------------------------------------------------------------------------------- 
Revert "Update RKLS_B0 Production patchID to 0x00000010" 

Original commit date: Wed Oct 28 11:23:16 2020 -0700
Change-Id: Ia23a97d86172139bd3896c0b1430bd100fcafcd6
Original commit hash: 65cb38e412b36566b8196df0cecf82f2698a9720

-------------------------------------------------------------------------------- 
[Changed Files]
CometLakePlatSamplePkg/PlatformPkg.fdf

================================================================================ 
Commit: 24b5b3d3011e1feb5df1dfa9831cb3e987207260 
Author: ClientSysFWGit <clientsysfwgit@intel.com> 
Date: Fri Oct 30 17:18:12 2020 +0530 
-------------------------------------------------------------------------------- 
[TeamCity] RKLERB Auto-Commit BIOS ID update CI Increment BIOS Major Version () and reset Minor Version to 0

Original commit date: Wed Oct 28 11:34:41 2020 -0700
Change-Id: Ia871111788790a0672645433f5d17f1ca90ccb1d
Original commit hash: 32fe783b74d1fadda26eeebb5710e2e789f9a496

-------------------------------------------------------------------------------- 
[Changed Files]
CometLakePlatSamplePkg/Tools/GenBiosId/BiosId.env

================================================================================ 
Commit: 54f87ee4cf61590f81b9c1d91621468e9ecdd058 
Author: ClientSysFWGit <clientsysfwgit@intel.com> 
Date: Fri Oct 30 17:18:09 2020 +0530 
-------------------------------------------------------------------------------- 
Update CD Clock programming as per latest Bspec
- Updated PLL ratio value for all reference clock
- Updated CD clock divider values


Original commit date: Wed Sep 9 01:11:46 2020 +0530
Change-Id: I88d1f3f13e324255664b317a3f68ca085ae747fb
Original commit hash: 0f87aa1859ac49189220e45bddfe005bfcc71761

-------------------------------------------------------------------------------- 
[Changed Files]
CometLakeFspPkg/Upd/FspsUpd.dsc
CometLakePlatSamplePkg/Setup/SaSetup.hfr
CometLakePlatSamplePkg/Setup/SaSetup.uni
CometLakeSiliconPkg/SystemAgent/Include/ConfigBlock/GraphicsPeiConfig.h
CometLakeSiliconPkg/SystemAgent/Include/Register/SaRegsIgd.h
CometLakeSiliconPkg/SystemAgent/Library/PeiSaPolicyLib/PeiSaPolicyLib.c
CometLakeSiliconPkg/SystemAgent/Library/Private/PeiGraphicsInitLib/PeiGraphicsPmInit.c

================================================================================ 
Commit: 14ab0ef4f9506d0fc5cc9e0aac87ec4325ed1aa9 
Author: ClientSysFWGit <clientsysfwgit@intel.com> 
Date: Fri Oct 30 17:18:06 2020 +0530 
-------------------------------------------------------------------------------- 
[RKL-S CMPH] Integrate GOP 1046


Original commit date: Thu Oct 22 14:17:09 2020 +0530
Change-Id: I19b221c666a75e297d210fd159ea729b3b1ae15c
Original commit hash: 25e39c7532a7613731d96afe53cb0c594cb4e132

-------------------------------------------------------------------------------- 
[Changed Files]
CometLakeFspBinPkg/SampleCode/Vbt/VbtRkl.bin
CometLakeFspBinPkg/SampleCode/Vbt/VbtRkl.json
CometLakeFspPkg/CometLakeFspPkg.fdf
CometLakeSiliconPkg/SystemAgent/IntelGraphicsPeim/Binaries/IntelGraphicsPeimRkl.efi
CometLakeSiliconPkg/SystemAgent/IntelGraphicsPeim/Binaries/IntelGraphicsPeimRklDebug.efi

================================================================================ 
Commit: 2221e7c48fb447d89158c8d7eb6f24f79de97b5a 
Author: ClientSysFWGit <clientsysfwgit@intel.com> 
Date: Fri Oct 30 17:18:02 2020 +0530 
-------------------------------------------------------------------------------- 
[TeamCity] RKLERB Auto-Commit DailyUpdate_FSP/RC CI

Original commit date: Wed Oct 28 01:25:23 2020 -0700
Change-Id: I6be675a2f15c505998b1c0b48225035595f0792f
Original commit hash: 7febc6b3cd0c35d112841b837f58a8fee641e3f0

-------------------------------------------------------------------------------- 
[Changed Files]
CometLakeFspPkg/CometLakeFspPkg.dec
CometLakeSiliconPkg/SiPkg.dec.template

================================================================================ 
Commit: 45f2b639022b33ddb7d0cd51d6a7c9843e3a7258 
Author: ClientSysFWGit <clientsysfwgit@intel.com> 
Date: Fri Oct 30 17:17:59 2020 +0530 
-------------------------------------------------------------------------------- 
Added pre-boot DMA buffer allocation code.

Original commit date: Fri Oct 23 10:24:14 2020 +0200
Change-Id: Ie67f719452952d6c154f5ece5459bc771af755c5
Original commit hash: c180290276363ffa5faa6c6889fba363af2339d0

-------------------------------------------------------------------------------- 
[Changed Files]
CometLakeFspPkg/CometLakeFspPkg.fdf
CometLakeSiliconPkg/SystemAgent/Library/Private/PeiVtdInitLib/PeiVtdInitLib.c
CometLakeSiliconPkg/SystemAgent/MemoryInitCfl/Library/Private/PeiMemoryInitLib/MemoryInit.c
CometLakeSiliconPkg/SystemAgent/MemoryInitCfl/Library/Private/PeiMemoryInitLib/PeiMemoryInitLib.inf
CometLakeSiliconPkg/SystemAgent/MemoryInitCfl/Library/Private/PeiMemoryInitLib/PeiMemoryInitLibFsp.inf

================================================================================ 
Commit: 641d9b22b3734ebaf45d28b632b3f449952c92d5 
Author: ClientSysFWGit <clientsysfwgit@intel.com> 
Date: Fri Oct 30 17:17:56 2020 +0530 
-------------------------------------------------------------------------------- 
Disable TXT in case S-ACM reports TXT failed


Original commit date: Wed Oct 21 16:09:52 2020 -0700
Change-Id: Ifa17db7fb0c1a8ab75211bd891d496b3c03952f8
Original commit hash: da5067e70e5c2ac43f72dfd756365a94ee901a3c

-------------------------------------------------------------------------------- 
[Changed Files]
CometLakeSiliconPkg/Cpu/Include/Private/Library/TxtPeiLib.h
CometLakeSiliconPkg/Cpu/Include/Txt.h
CometLakeSiliconPkg/Cpu/Library/Private/PeiTxtLib/TxtPei.c
CometLakeSiliconPkg/Cpu/Library/Private/PeiTxtLib/TxtPeiLib.c

================================================================================ 
Commit: 99d817999772b6c0300171a1d638f8b228d3330c 
Author: ClientSysFWGit <clientsysfwgit@intel.com> 
Date: Fri Oct 30 17:17:54 2020 +0530 
-------------------------------------------------------------------------------- 
RocketLake: replace the warm reset with cold reset 

Original commit date: Thu Oct 22 21:42:56 2020 +0800
Change-Id: I62bab65f14cfdb0fbf620739332bd57372efaf9c
Original commit hash: 29ba0dbd81ef476cc4c7884a983bb863d39d289f

-------------------------------------------------------------------------------- 
[Changed Files]
CometLakeSiliconPkg/Cpu/Library/Private/PeiCpuPowerOnConfigLib/PeiCpuPowerOnConfigLib.c

================================================================================ 
Commit: 0e07d7d34512349f9b64f06dfdbf92b86fd4f624 
Author: ClientSysFWGit <clientsysfwgit@intel.com> 
Date: Fri Oct 30 17:17:51 2020 +0530 
-------------------------------------------------------------------------------- 
CometLakePlatSamplePkg/VT-d: Update for SUT goes to auto recovery page while waking from S3


Original commit date: Wed Oct 14 18:16:45 2020 +0800
Change-Id: I09f491480f7ff75b9a351b9fdadc8ad2115f26d1
Original commit hash: ecd3ff04ea13e578457fede42fbad0ed4ccf0d40

-------------------------------------------------------------------------------- 
[Changed Files]
CometLakePlatSamplePkg/Features/VTd/PlatformVTdInfoSamplePei/PlatformVTdInfoSamplePei.c

================================================================================ 
Commit: 7d72d87d8bbf15d831ddb7ce5474eab2a13203b1 
Author: ClientSysFWGit <clientsysfwgit@intel.com> 
Date: Fri Oct 30 17:17:48 2020 +0530 
-------------------------------------------------------------------------------- 
Program L0LFFS register for PCIe stable link 

Original commit date: Fri Oct 23 13:48:09 2020 +0530
Change-Id: I954cf3341a612474b0ac77de157065d7fd1e65e7
Original commit hash: 50a7c72096c5ba74cbd1c8413045f1ef2e0f8c64

-------------------------------------------------------------------------------- 
[Changed Files]
CometLakeSiliconPkg/SystemAgent/Library/Private/PeiCpuPcieRpInitLibGen4/PeiCpuPcieRpInitLib.c

================================================================================ 
Commit: 67460416e6fee4b03938a57310cee54578fe4378 
Author: ClientSysFWGit <clientsysfwgit@intel.com> 
Date: Fri Oct 30 17:17:45 2020 +0530 
-------------------------------------------------------------------------------- 
Update RKLS_B0 Production patchID to 0x00000010

Original commit date: Mon Oct 26 16:48:30 2020 -0700
Change-Id: I26cbfe32607dedf2b77ad95cc305dd742bc54d24
Original commit hash: b7f527cc4c4646f20cc9e360a02b3db7ff77e458

-------------------------------------------------------------------------------- 
[Changed Files]
CometLakePlatSamplePkg/PlatformPkg.fdf

================================================================================ 
Commit: b2667ebeefc1574894eec327c357f96b4295ec05 
Author: ClientSysFWGit <clientsysfwgit@intel.com> 
Date: Fri Oct 30 17:17:42 2020 +0530 
-------------------------------------------------------------------------------- 
[TeamCity] RKLERB Auto-Commit DailyUpdate_FSP/RC CI

Original commit date: Tue Oct 27 07:56:44 2020 -0700
Change-Id: I87008512e5b941f1c577105ebc8f22bcb63e3f5b
Original commit hash: 16c2ee69ec90e31d5b74b378885af9b2e5aa8736

-------------------------------------------------------------------------------- 
[Changed Files]
CometLakeFspPkg/CometLakeFspPkg.dec
CometLakeSiliconPkg/SiPkg.dec.template

================================================================================ 
Commit: b3b98a4cbff59499c7eedde3b1873383c3748e30 
Author: ClientSysFWGit <clientsysfwgit@intel.com> 
Date: Fri Oct 30 17:17:40 2020 +0530 
-------------------------------------------------------------------------------- 
[TeamCity] RKLERB Auto-Commit BIOS ID update CI Increment BIOS Major Version () and reset Minor Version to 0

Original commit date: Tue Oct 27 07:55:27 2020 -0700
Change-Id: Ide2cceb24065da66a447aa2dd8c6485a0ffab32c
Original commit hash: 3fec94f10a5b0ba6929e57d5aa91452ca3b6e8ac

-------------------------------------------------------------------------------- 
[Changed Files]
CometLakePlatSamplePkg/Tools/GenBiosId/BiosId.env

================================================================================ 
Commit: 0c2d90da726c6d20ac311f7ceef0b1f755da3a7c 
Author: ClientSysFWGit <clientsysfwgit@intel.com> 
Date: Fri Oct 30 17:17:35 2020 +0530 
-------------------------------------------------------------------------------- 
Update for code scan 


Original commit date: Mon Oct 12 16:39:42 2020 +0530
Change-Id: Ie5ec26d1e349cfb8deda01769d63351863d476b9
Original commit hash: 635f022a7db978350108385db5009ed7fd47a6e3

-------------------------------------------------------------------------------- 
[Changed Files]
CometLakeSiliconPkg/SystemAgent/Include/ConfigBlock/PcieDxeConfig.h
CometLakeSiliconPkg/SystemAgent/Library/PeiDxeSmmSaPlatformLib/SaPlatformLibrary.c
CometLakeSiliconPkg/SystemAgent/Library/Private/PeiSaPcieInitLib/LowLevel/SklPegLowLevel.c

================================================================================ 
Commit: e07183b85233c8d776f19c0c5c1b4bcecc39baca 
Author: ClientSysFWGit <clientsysfwgit@intel.com> 
Date: Fri Oct 30 17:17:31 2020 +0530 
-------------------------------------------------------------------------------- 
[TeamCity] RKLERB Auto-Commit WeeklyUpdate_FSP/RC CI

Original commit date: Mon Oct 26 09:27:31 2020 -0700
Change-Id: I1f225123dea659fa77a200d9fc35c998cb3a693a
Original commit hash: f4a4d2d989782d13cbd83246515e61e91bd4e5ba

-------------------------------------------------------------------------------- 
[Changed Files]
CometLakeFspPkg/CometLakeFspPkg.dec
CometLakeSiliconPkg/SiPkg.dec.template

================================================================================ 
Commit: 340b09fc469bf08d2fb12023b73718f798937ce7 
Author: ClientSysFWGit <clientsysfwgit@intel.com> 
Date: Fri Oct 30 17:17:28 2020 +0530 
-------------------------------------------------------------------------------- 
[TeamCity] RKLERB Auto-Commit BIOS ID update CI Increment BIOS Major Version () and reset Minor Version to 0

Original commit date: Mon Oct 26 08:28:54 2020 -0700
Change-Id: I3243809445d0c4bf5caf0395dc7045b6ef4b89f6
Original commit hash: cad926b9bc0986297f776d22a4edc82d5b849158

-------------------------------------------------------------------------------- 
[Changed Files]
CometLakePlatSamplePkg/Tools/GenBiosId/BiosId.env

================================================================================ 
Commit: 596b0ead9618db1fb458e9b25c21786c8353bbc0 
Author: ClientSysFWGit <clientsysfwgit@intel.com> 
Date: Fri Oct 30 17:17:25 2020 +0530 
-------------------------------------------------------------------------------- 
[TeamCity] RKLERB Auto-Commit DailyUpdate_FSP/RC CI

Original commit date: Mon Oct 26 08:27:54 2020 -0700
Change-Id: I27af0a6857c64d1d3e0969dc69b6933558ed140e
Original commit hash: 26628489d7dd02ea782ac276764f2de168f38a87

-------------------------------------------------------------------------------- 
[Changed Files]
CometLakeFspPkg/CometLakeFspPkg.dec
CometLakeSiliconPkg/SiPkg.dec.template

================================================================================ 
Commit: 1158fdfc49b35a6b6616b0ab2e622b2876765f3a 
Author: ClientSysFWGit <clientsysfwgit@intel.com> 
Date: Fri Oct 30 17:17:23 2020 +0530 
-------------------------------------------------------------------------------- 
[TeamCity] RKLERB Auto-Commit BIOS ID update CI Increment BIOS Major Version () and reset Minor Version to 0

Original commit date: Sun Oct 25 11:12:22 2020 -0700
Change-Id: I0dcdc766a45bf61c02755e5aaec794208ea00e3a
Original commit hash: a176973dd17dd6e9e205e969c3938e1bf931fc0d

-------------------------------------------------------------------------------- 
[Changed Files]
CometLakePlatSamplePkg/Tools/GenBiosId/BiosId.env

================================================================================ 
Commit: 95211cb07dc3bb34f1dabf02f0b3646da70337f6 
Author: ClientSysFWGit <clientsysfwgit@intel.com> 
Date: Fri Oct 30 17:17:20 2020 +0530 
-------------------------------------------------------------------------------- 
[TeamCity] RKLERB Auto-Commit DailyUpdate_FSP/RC CI

Original commit date: Sun Oct 25 05:05:52 2020 -0700
Change-Id: I2b8ea1f0b9dd3882b47c5b9790610ff3e3fb2ef0
Original commit hash: 5fc130753799af2e8fdc3a7555f402dee351a7d7

-------------------------------------------------------------------------------- 
[Changed Files]
CometLakeFspPkg/CometLakeFspPkg.dec
CometLakeSiliconPkg/SiPkg.dec.template

================================================================================ 
Commit: 5720079dd084131059a7ec43eff4c05008068a01 
Author: ClientSysFWGit <clientsysfwgit@intel.com> 
Date: Fri Oct 30 17:17:15 2020 +0530 
-------------------------------------------------------------------------------- 
[TeamCity] RKLERB Auto-Commit BIOS ID update CI Increment BIOS Major Version () and reset Minor Version to 0

Original commit date: Sat Oct 24 10:18:25 2020 -0700
Change-Id: I26e476dc84da05eabacd716780db63cec7a4b17e
Original commit hash: c5062bb4faac66ffb508ecbee593977c933fb8e8

-------------------------------------------------------------------------------- 
[Changed Files]
CometLakePlatSamplePkg/Tools/GenBiosId/BiosId.env

================================================================================ 
Commit: 82f826bf7cbfbe2d7f7c59318f372aa6d7e3e4fc 
Author: ClientSysFWGit <clientsysfwgit@intel.com> 
Date: Fri Oct 30 17:17:11 2020 +0530 
-------------------------------------------------------------------------------- 
[TeamCity] RKLERB Auto-Commit DailyUpdate_FSP/RC CI

Original commit date: Sat Oct 24 03:49:17 2020 -0700
Change-Id: I7401306e1fa28523a1fa0702e9ac2d9a80c9b956
Original commit hash: 3c71cc99596e2241f26f041095a0af8887c65419

-------------------------------------------------------------------------------- 
[Changed Files]
CometLakeFspPkg/CometLakeFspPkg.dec
CometLakeSiliconPkg/SiPkg.dec.template

================================================================================ 
Commit: 49484865a24c3c82402fe004ac51231043431c35 
Author: ClientSysFWGit <clientsysfwgit@intel.com> 
Date: Fri Oct 30 17:17:06 2020 +0530 
-------------------------------------------------------------------------------- 
[TeamCity] RKLERB Auto-Commit DailyUpdate_FSP/RC CI

Original commit date: Fri Oct 23 06:18:45 2020 -0700
Change-Id: I8cb8686eb8d46894e685b74e8d58ff7d940b999a
Original commit hash: b80ea574edcc1cddfbe1b17380cf47a09681f9fd

-------------------------------------------------------------------------------- 
[Changed Files]
CometLakeFspPkg/CometLakeFspPkg.dec
CometLakeSiliconPkg/SiPkg.dec.template

================================================================================ 
Commit: d88705b142c36b1d23370fdd4c6c8087daf24216 
Author: ClientSysFWGit <clientsysfwgit@intel.com> 
Date: Fri Oct 30 17:17:02 2020 +0530 
-------------------------------------------------------------------------------- 
[TeamCity] RKLERB Auto-Commit BIOS ID update CI Increment BIOS Major Version () and reset Minor Version to 0

Original commit date: Fri Oct 23 06:18:13 2020 -0700
Change-Id: I12689ff2335aa9abca82fe2b6a5cf416e07dea91
Original commit hash: 698c8a82a2bd64a10eb1520cbc54dbe0fb05eb8c

-------------------------------------------------------------------------------- 
[Changed Files]
CometLakePlatSamplePkg/Tools/GenBiosId/BiosId.env

================================================================================ 
Commit: d51988e695d79c87e3883a58aec4a15aefd51614 
Author: ClientSysFWGit <clientsysfwgit@intel.com> 
Date: Fri Oct 30 17:16:57 2020 +0530 
-------------------------------------------------------------------------------- 
TopBlock caching support for fault tolerant BIOS update


Original commit date: Tue Oct 13 15:51:21 2020 +0800
Change-Id: Idce4a24cdb64a676557ac07ed80d26f5f142cb3f
Original commit hash: eadea2850b35a8bc28745b72fd12ae08d49ef38b

-------------------------------------------------------------------------------- 
[Changed Files]
CometLakeFspPkg/Upd/FsptUpd.dsc
CometLakePlatSamplePkg/FspWrapper/Library/SecFspWrapperPlatformSecLib/SecFspWrapperPlatformSecLib.inf
CometLakePlatSamplePkg/FspWrapper/Library/SecFspWrapperPlatformSecLib/SecRamInitData.c
CometLakeSiliconPkg/Cpu/Library/SecCpuLib/Ia32/SecCpuLib.nasm
CometLakeSiliconPkg/Cpu/Library/SecCpuLib/SecCpuLib.inf
CometLakeSiliconPkg/Cpu/Library/SecCpuLib/SecCpuLibFsp.inf
CometLakeSiliconPkg/SiPkg.dec.template

================================================================================ 
Commit: d1ddfec857d59acb37ebae21def8cea6e1cc0054 
Author: ClientSysFWGit <clientsysfwgit@intel.com> 
Date: Fri Oct 30 17:16:52 2020 +0530 
-------------------------------------------------------------------------------- 
[CMLS/RKLS][TXT]Remove hyperthreading dependency on TXT option


Original commit date: Tue Oct 20 15:37:05 2020 -0700
Change-Id: I191608b31319f710aad7107bd8d14212e4d63c3b
Original commit hash: d54bbe9251751237549f1969ffb378f518877531

-------------------------------------------------------------------------------- 
[Changed Files]
CometLakePlatSamplePkg/Setup/CpuSetup.hfr

================================================================================ 
Commit: 1633c3e9841a59b4ea88ac646ce98bed5f999c51 
Author: ClientSysFWGit <clientsysfwgit@intel.com> 
Date: Fri Oct 30 17:16:47 2020 +0530 
-------------------------------------------------------------------------------- 
Disable C6dram for RKL platforms

Original commit date: Tue Oct 20 14:50:27 2020 -0700
Change-Id: Ice382e1922b44b8008ff558a66c9d47ff1830c80
Original commit hash: b8a9cc609f634e29f37003e0d6e9c32ec35789fc

-------------------------------------------------------------------------------- 
[Changed Files]
CometLakeFspPkg/Upd/FspmUpd.dsc
CometLakePlatSamplePkg/Setup/CpuSetup.hfr
CometLakeSiliconPkg/Cpu/Include/ConfigBlock/CpuSecurityPreMemConfig.h
CometLakeSiliconPkg/Cpu/Library/PeiCpuPolicyLib/PeiCpuPolicyLibPreMem.c

================================================================================ 
Commit: 83491e46f8de5185bc065d2dddd746030cbbe914 
Author: ClientSysFWGit <clientsysfwgit@intel.com> 
Date: Fri Oct 30 17:16:42 2020 +0530 
-------------------------------------------------------------------------------- 
[TeamCity] RKLERB Auto-Commit BIOS ID update CI Increment BIOS Major Version () and reset Minor Version to 0

Original commit date: Thu Oct 22 08:01:42 2020 -0700
Change-Id: I4567c0110b99ce887bae4549fc1cd775d1e4aa45
Original commit hash: 617155c17e7693a49723edccb8cea77c72194483

-------------------------------------------------------------------------------- 
[Changed Files]
CometLakePlatSamplePkg/Tools/GenBiosId/BiosId.env

================================================================================ 
Commit: d37efb57352bc2cf3219d1b1cf9fe237c1576049 
Author: ClientSysFWGit <clientsysfwgit@intel.com> 
Date: Fri Oct 30 17:16:40 2020 +0530 
-------------------------------------------------------------------------------- 
[TeamCity] RKLERB Auto-Commit DailyUpdate_FSP/RC CI

Original commit date: Thu Oct 22 08:01:44 2020 -0700
Change-Id: I84063f6abf04ddd2cdf1c79c02ce88f3f15991db
Original commit hash: 77b521b6ad6e52ea20d7de74588140ce81c3ece7

-------------------------------------------------------------------------------- 
[Changed Files]
CometLakeFspPkg/CometLakeFspPkg.dec
CometLakeSiliconPkg/SiPkg.dec.template

================================================================================ 
Commit: 4aa9f3d9114eb72b0ecfba5332d06ed1c27cf473 
Author: ClientSysFWGit <clientsysfwgit@intel.com> 
Date: Fri Oct 30 17:16:37 2020 +0530 
-------------------------------------------------------------------------------- 
[TeamCity] RKLERB Auto-Commit BIOS ID update CI Increment BIOS Major Version () and reset Minor Version to 0

Original commit date: Wed Oct 21 21:14:45 2020 -0700
Change-Id: Ic5bff7f0edac2754711ae6a77c14c7b4d8b17129
Original commit hash: dd1ec3ae0d737c9d67273a1d4ac09b89cb86f0cf

-------------------------------------------------------------------------------- 
[Changed Files]
CometLakePlatSamplePkg/Tools/GenBiosId/BiosId.env

================================================================================ 
Commit: 9168ece9a8ac096111ccf497c6566cf7534ea62c 
Author: ClientSysFWGit <clientsysfwgit@intel.com> 
Date: Fri Oct 30 17:16:34 2020 +0530 
-------------------------------------------------------------------------------- 
[TeamCity] RKLERB Auto-Commit DailyUpdate_FSP/RC CI

Original commit date: Tue Oct 20 11:30:59 2020 -0700
Change-Id: I1fb4d95baaf82e11094a680cbbbcd8fa3c69138b
Original commit hash: 18b61bb17dc67e44f14f529061a341f905bf7be3

-------------------------------------------------------------------------------- 
[Changed Files]
CometLakeFspPkg/CometLakeFspPkg.dec
CometLakeSiliconPkg/SiPkg.dec.template

================================================================================ 
Commit: 560b866c4ff9b56559e6909c3469befc02f46780 
Author: ClientSysFWGit <clientsysfwgit@intel.com> 
Date: Fri Oct 30 17:16:31 2020 +0530 
-------------------------------------------------------------------------------- 
[TeamCity] RKLERB Auto-Commit BIOS ID update CI Increment BIOS Major Version () and reset Minor Version to 0

Original commit date: Tue Oct 20 11:30:34 2020 -0700
Change-Id: If8ddb80325ce283e5e4700c3d79b4941320b0b9f
Original commit hash: 47459a866e7595d71adbb94e090f0e1f82fc4822

-------------------------------------------------------------------------------- 
[Changed Files]
CometLakePlatSamplePkg/Tools/GenBiosId/BiosId.env
