================================================================================ 
Commit: 8d0f8cbad51dbda71c284dc6a8cfe3a482004473 
Author: ClientSysFWGit <clientsysfwgit@intel.com> 
Date: Thu Nov 5 09:13:45 2020 +0530 
-------------------------------------------------------------------------------- 
Update RKLS_B0 Production patchID to 0x00000012

Original commit date: Thu Oct 29 22:36:51 2020 -0700
Change-Id: Ie9cd3e2d28b269029296139b035f36a9d2861020
Original commit hash: a60176cc34a492f4efdaa662a7f96914ef89dc11

-------------------------------------------------------------------------------- 
[Changed Files]
CometLakePlatSamplePkg/PlatformPkg.fdf

================================================================================ 
Commit: 2ce87a6f3f9537651f755d08171ea5d83a86478d 
Author: ClientSysFWGit <clientsysfwgit@intel.com> 
Date: Thu Nov 5 09:13:41 2020 +0530 
-------------------------------------------------------------------------------- 
[TeamCity] RKLERB Auto-Commit WeeklyUpdate_FSP/RC CI

Original commit date: Mon Nov 2 06:04:19 2020 -0800
Change-Id: I34744f232d79f3891e1e4ea0f996f695d7bf51fe
Original commit hash: c3d53e6f0598e72b00449976bf7819dd491e7162

-------------------------------------------------------------------------------- 
[Changed Files]
CometLakeFspPkg/CometLakeFspPkg.dec
CometLakeSiliconPkg/SiPkg.dec.template

================================================================================ 
Commit: f8aaba5ccda2ad97eda22903840ba035ec8c4420 
Author: ClientSysFWGit <clientsysfwgit@intel.com> 
Date: Thu Nov 5 09:13:36 2020 +0530 
-------------------------------------------------------------------------------- 
[TeamCity] RKLERB Auto-Commit BIOS ID update CI Increment BIOS Major Version () and reset Minor Version to 0

Original commit date: Mon Nov 2 05:14:21 2020 -0800
Change-Id: Ieea781ea37effeb8c8a92eaa3a05056da3be0816
Original commit hash: 3a59d8bda2aeaa8f0f0880179adf2e53382752af

-------------------------------------------------------------------------------- 
[Changed Files]
CometLakePlatSamplePkg/Tools/GenBiosId/BiosId.env

================================================================================ 
Commit: 3a42fb50134b54256253f4314952cbc538a24f51 
Author: ClientSysFWGit <clientsysfwgit@intel.com> 
Date: Thu Nov 5 09:13:32 2020 +0530 
-------------------------------------------------------------------------------- 
[TeamCity] RKLERB Auto-Commit DailyUpdate_FSP/RC CI

Original commit date: Mon Nov 2 01:38:32 2020 -0800
Change-Id: Icd0021b3ba121c1ac9e55f3ea91dcb2a7357aebb
Original commit hash: b584deb3655bb9cd00cd4671cc1915cc1c561660

-------------------------------------------------------------------------------- 
[Changed Files]
CometLakeFspPkg/CometLakeFspPkg.dec
CometLakeSiliconPkg/SiPkg.dec.template

================================================================================ 
Commit: 4bb3daaa4ebee53c7b50d6a85a379b95aa975568 
Author: ClientSysFWGit <clientsysfwgit@intel.com> 
Date: Thu Nov 5 09:13:27 2020 +0530 
-------------------------------------------------------------------------------- 
[TeamCity] RKLERB Auto-Commit BIOS ID update CI Increment BIOS Major Version () and reset Minor Version to 0

Original commit date: Sun Nov 1 05:13:18 2020 -0800
Change-Id: I73c252882f6289cf148df5aca41bc5a2338196f1
Original commit hash: aa403da589f183212ab478b370cfa23907bd5b42

-------------------------------------------------------------------------------- 
[Changed Files]
CometLakePlatSamplePkg/Tools/GenBiosId/BiosId.env

================================================================================ 
Commit: 479858340de43aabc060c17dacb7601cc41cae54 
Author: ClientSysFWGit <clientsysfwgit@intel.com> 
Date: Thu Nov 5 09:13:23 2020 +0530 
-------------------------------------------------------------------------------- 
[TeamCity] RKLERB Auto-Commit DailyUpdate_FSP/RC CI

Original commit date: Sun Nov 1 01:25:15 2020 -0800
Change-Id: I57a461cee6fc0cbef657437be4d6a6f0095e05b5
Original commit hash: c8e7b735841468663f3471c43e692a53fcc011b7

-------------------------------------------------------------------------------- 
[Changed Files]
CometLakeFspPkg/CometLakeFspPkg.dec
CometLakeSiliconPkg/SiPkg.dec.template

================================================================================ 
Commit: e30dbdea4a55f7bc411a54c8c49f1e7e4f0dddd2 
Author: ClientSysFWGit <clientsysfwgit@intel.com> 
Date: Thu Nov 5 09:13:18 2020 +0530 
-------------------------------------------------------------------------------- 
[TeamCity] RKLERB Auto-Commit BIOS ID update CI Increment BIOS Major Version () and reset Minor Version to 0

Original commit date: Sat Oct 31 05:13:39 2020 -0700
Change-Id: Ifc104a364dd997847788d8bb1ad86a401d7003d8
Original commit hash: 5b7e5fdac976170c8b9f9de021db5d06a86c5fe0

-------------------------------------------------------------------------------- 
[Changed Files]
CometLakePlatSamplePkg/Tools/GenBiosId/BiosId.env

================================================================================ 
Commit: b01a6074cfc2330bf358273d4d12cbd9e8ba8f7b 
Author: ClientSysFWGit <clientsysfwgit@intel.com> 
Date: Thu Nov 5 09:13:14 2020 +0530 
-------------------------------------------------------------------------------- 
[TeamCity] RKLERB Auto-Commit DailyUpdate_FSP/RC CI

Original commit date: Sat Oct 31 01:25:11 2020 -0700
Change-Id: I76855b792a81f98b86929fc6f9dccd361a4ed7e5
Original commit hash: 8bce21b20473be90d42a3b0f563094e4c0f763da

-------------------------------------------------------------------------------- 
[Changed Files]
CometLakeFspPkg/CometLakeFspPkg.dec
CometLakeSiliconPkg/SiPkg.dec.template

================================================================================ 
Commit: 4e84fc2adc8dfc0234b60b797180bb9ea0697458 
Author: ClientSysFWGit <clientsysfwgit@intel.com> 
Date: Thu Nov 5 09:13:09 2020 +0530 
-------------------------------------------------------------------------------- 
[TeamCity] RKLERB Auto-Commit BIOS ID update CI Increment BIOS Major Version () and reset Minor Version to 0

Original commit date: Fri Oct 30 05:14:25 2020 -0700
Change-Id: I44c20173ae07e023ff61c50a24c651d196b16e5c
Original commit hash: cdaac522f0a52253ef3c8fb067a44e48ec4812fb

-------------------------------------------------------------------------------- 
[Changed Files]
CometLakePlatSamplePkg/Tools/GenBiosId/BiosId.env

================================================================================ 
Commit: 41d95683caa4ecee626d23b37112f64a7c1aad05 
Author: ClientSysFWGit <clientsysfwgit@intel.com> 
Date: Thu Nov 5 09:13:04 2020 +0530 
-------------------------------------------------------------------------------- 
[TeamCity] RKLERB Auto-Commit DailyUpdate_FSP/RC CI

Original commit date: Fri Oct 30 01:25:03 2020 -0700
Change-Id: Ic30ff6d82de1c3e3b2b190075ad88c003c061426
Original commit hash: 47bd53ef3a825e8c27afa47ccb30a9330cbac819

-------------------------------------------------------------------------------- 
[Changed Files]
CometLakeFspPkg/CometLakeFspPkg.dec
CometLakeSiliconPkg/SiPkg.dec.template

================================================================================ 
Commit: ca42468c155d4072431286c2ca325338a84b21d7 
Author: ClientSysFWGit <clientsysfwgit@intel.com> 
Date: Thu Nov 5 09:12:59 2020 +0530 
-------------------------------------------------------------------------------- 
[TeamCity] RKLERB Auto-Commit BIOS ID update CI Increment BIOS Major Version () and reset Minor Version to 0

Original commit date: Thu Oct 29 05:16:32 2020 -0700
Change-Id: I2d736fadd9fbeb10a9e91fa5246de958cf19b161
Original commit hash: 3c50d60582e629116c6c0afd4575d54d6316d08f

-------------------------------------------------------------------------------- 
[Changed Files]
CometLakePlatSamplePkg/Tools/GenBiosId/BiosId.env

================================================================================ 
Commit: 1dddb843ed8a72d015f6f6876ce706dadddd3aca 
Author: ClientSysFWGit <clientsysfwgit@intel.com> 
Date: Thu Nov 5 09:12:54 2020 +0530 
-------------------------------------------------------------------------------- 
[TeamCity] RKLERB Auto-Commit DailyUpdate_FSP/RC CI


Original commit date: Thu Oct 29 01:33:07 2020 -0700
Change-Id: Iec1cb10956b7cdee8b6cf61f8613e135ed773c3f
Original commit hash: da2b62407edbfe6bcc5ac9e7684f22b66bff66b6

-------------------------------------------------------------------------------- 
[Changed Files]
CometLakeFspPkg/CometLakeFspPkg.dec
CometLakeSiliconPkg/SiPkg.dec.template
