================================================================================ 
Commit: 0b89fb9f0e59b3ad6a5240ce48dc44ece520b1ad 
Author: ClientSysFWGit <clientsysfwgit@intel.com> 
Date: Fri Sep 29 12:14:29 2023 +0530 
-------------------------------------------------------------------------------- 
Added Doxygen and License files. 

-------------------------------------------------------------------------------- 
[Changed Files]
Doxygen/BoardApi.chm
Doxygen/FspApi.chm
Doxygen/MeteorLake_FSP_Integration_Guide.chm
Doxygen/MeteorLake_FSP_Integration_Guide.pdf
Doxygen/PlatApi.chm
Doxygen/SiPkgApi.chm
LICENSE.txt

================================================================================ 
Commit: e1d2d60d5253e0fc88cc2e03febef25c79314690 
Author: ClientSysFWGit <clientsysfwgit@intel.com> 
Date: Fri Sep 29 11:58:38 2023 +0530 
-------------------------------------------------------------------------------- 
Removed and updated files for MTL 3323.92 Release.

-------------------------------------------------------------------------------- 
[Changed Files]
ClientOneSiliconPkg/Include/Library/PmcSsramLib.h
ClientOneSiliconPkg/IpBlock/MemoryInit/.gitignore
ClientOneSiliconPkg/IpBlock/Pmc/Library/PeiDxeSmmPmcSsramLib/PmcSsramLib.c
ClientOneSiliconPkg/IpBlock/Pmc/Library/PeiDxeSmmPmcSsramLib/PmcSsramLib.inf
MeteorLakeBoardPkg/CapsuleUpdateConfig/.gitignore
MeteorLakeBoardPkg/Features/CapsuleUpdate/Tools/CapsuleGenerate/Ucode/.gitignore

================================================================================ 
Commit: 26d9decf905cd582e32c27e5759f6fb15960b2f0 
Author: ClientSysFWGit <clientsysfwgit@intel.com> 
Date: Fri Sep 29 11:47:50 2023 +0530 
-------------------------------------------------------------------------------- 
"[TeamCity] MTL MeteorLake_meteorlake_program_platform_Daily Daily Updating Version/ID: MeteorLake_3323_92

Hsd-es-id: N/A"
Original commit date: Mon Sep 25 09:18:07 2023 -0700
Original commit hash: 787422e2524c90715ad513be955c3fa9774d2c6c

Mon Sep 25 09:40:52 2023 -0700
Original commit date: Mon Sep 25 09:40:52 2023 -0700
Original commit hash: 0dbb43b0129dce8852f69df4dc43e85c35b0c1aa

-------------------------------------------------------------------------------- 
[Changed Files]
MeteorLakeBoardPkg/BiosId.env

================================================================================ 
Commit: 8cb6621383fd7db61909119cc5b685acb858416d 
Author: ClientSysFWGit <clientsysfwgit@intel.com> 
Date: Fri Sep 29 11:47:47 2023 +0530 
-------------------------------------------------------------------------------- 
Update MRC Release Notes MTL MRC 1.0.0.5

[Feature Description]
Update MRC version.

Package/Module: ClientOneSiliconPkg/IpBlock/MemoryInit/Mtl

[Impacted Platform]
ALL

Hsd-es-id: 22014478540
Original commit date: Mon Sep 25 08:47:08 2023 -0700
Original commit hash: af02aa75f0ff680feb0a39e6173fa05f8558950b

Mon Sep 25 09:40:49 2023 -0700
Original commit date: Mon Sep 25 09:40:49 2023 -0700
Change-Id: I11cc2fde73428189a2c9fdd862a1d5af45cdf659
Original commit hash: d04243fbd6e0b55550f5fd3592106ceacd37b085

-------------------------------------------------------------------------------- 
[Changed Files]
ClientOneSiliconPkg/IpBlock/MemoryInit/Mtl/LibraryPrivate/PeiMemoryInitLib/Source/Include/MrcVersion.h

================================================================================ 
Commit: 673efbc48ee8071801e211eadc5ed104afedb63d 
Author: ClientSysFWGit <clientsysfwgit@intel.com> 
Date: Fri Sep 29 11:47:43 2023 +0530 
-------------------------------------------------------------------------------- 
[MTL-M MTL-P | DDR5 LP5] change DDR safemode to 0x81 and limit DDR5 ODT

[Feature Description]
1. For both LP5 and DDR5 all frequencies DDR safemode default change
from 0x80 to 0x81, add DdrSafeMode[0]: Basic PM Features in safe mode
2. For DDR5 only: Limit DIMM ODT range to 120ohm only
(exclude 240ohm and no ODT case)

Package/Module: ClientOneSiliconPkg/IpBlock/MemoryInit/Mtl

[Impacted Platform]
M, P

Hsd-es-id: 22018870460
Original commit date: Wed Sep 20 13:57:30 2023 -0700
Original commit hash: d07276d73dadca0fa93022f869d7c34accadb0af

Mon Sep 25 09:40:46 2023 -0700
Original commit date: Mon Sep 25 09:40:46 2023 -0700
Change-Id: I2b1fee076c1401a7107863345c9bea7d83018ac5
Original commit hash: 815992d9b97b621640577ab903bce9f601283753

-------------------------------------------------------------------------------- 
[Changed Files]
ClientOneSiliconPkg/IpBlock/MemoryInit/Mtl/LibraryPrivate/PeiMemoryInitLib/Source/Api/MrcGeneral.c
ClientOneSiliconPkg/IpBlock/MemoryInit/Mtl/LibraryPrivate/PeiMemoryInitLib/Source/Services/MrcCrosser.c

================================================================================ 
Commit: 6639b5fdca9c54e549df31a403d8d21d70b991e5 
Author: ClientSysFWGit <clientsysfwgit@intel.com> 
Date: Fri Sep 29 11:47:39 2023 +0530 
-------------------------------------------------------------------------------- 
"[TeamCity] MTL MeteorLake_meteorlake_program_platform_Daily Daily Updating Version/ID: MeteorLake_3323_91

Hsd-es-id: N/A"
Original commit date: Mon Sep 18 09:21:01 2023 -0700
Original commit hash: 53b9d78deec9d26d28b26cc22520af64f2d6a346

Mon Sep 18 09:35:01 2023 -0700
Original commit date: Mon Sep 18 09:35:01 2023 -0700
Original commit hash: e97a07637c94da4da41a4dc1e8382c3bb42512f1

-------------------------------------------------------------------------------- 
[Changed Files]
MeteorLakeBoardPkg/BiosId.env

================================================================================ 
Commit: 6b48f3093ce1444d699f059e9d68a33b908cabbb 
Author: ClientSysFWGit <clientsysfwgit@intel.com> 
Date: Fri Sep 29 11:47:36 2023 +0530 
-------------------------------------------------------------------------------- 
"[TeamCity] MTL MeteorLake_meteorlake_program_platform_Daily Daily Updating Version/ID: MeteorLake_3323_90

Hsd-es-id: N/A"
Original commit date: Mon Sep 18 09:13:45 2023 +0000
Original commit hash: ff1470a792853168df54a8f23872cd4c74d248cc

Mon Sep 18 02:47:57 2023 -0700
Original commit date: Mon Sep 18 02:47:57 2023 -0700
Original commit hash: 0bfd2441e6fb7d9dd43ffc413e80a204c2d93b0c

-------------------------------------------------------------------------------- 
[Changed Files]
MeteorLakeBoardPkg/BiosId.env

================================================================================ 
Commit: f43803531103f87cf697675c5d50193c41083bc7 
Author: ClientSysFWGit <clientsysfwgit@intel.com> 
Date: Fri Sep 29 11:47:33 2023 +0530 
-------------------------------------------------------------------------------- 
Update MRC Release Notes MTL MRC 1.0.0.4

[Feature Description]
Update MRC version.

Package/Module: ClientOneSiliconPkg/IpBlock/MemoryInit/Mtl

[Impacted Platform]
ALL

Hsd-es-id: 22014478540
Original commit date: Wed Sep 13 08:59:13 2023 -0700
Original commit hash: cac2181ee582acfdf130f4c0ac1ea3f424ec7442

Mon Sep 18 02:47:55 2023 -0700
Original commit date: Mon Sep 18 02:47:55 2023 -0700
Original commit hash: 5583add6eca451b138ce7649452bcae9a3aaf956

-------------------------------------------------------------------------------- 
[Changed Files]
ClientOneSiliconPkg/IpBlock/MemoryInit/Mtl/LibraryPrivate/PeiMemoryInitLib/Source/Include/MrcVersion.h

================================================================================ 
Commit: 850f050b1583c998bc4e4a073782076e64df9493 
Author: ClientSysFWGit <clientsysfwgit@intel.com> 
Date: Fri Sep 29 11:47:29 2023 +0530 
-------------------------------------------------------------------------------- 
[MTL-P | DDR5] Set Max Freq For 2R to 3200 and disable SAGV for SOC A...

[Feature Description]
MRC must limit DDR5 2R data rate to 3200G4 with SAGV disable for
MTL-P A and B units.

Package/Module: ClientOneSiliconPkg/IpBlock/MemoryInit/Mtl

[Impacted Platform]
P

Hsd-es-id: 22018830533
Original commit date: Tue Sep 12 17:39:34 2023 -0700
Original commit hash: 631370aa606cf1ca1c04c5fea7648fe5b088c9b4

Mon Sep 18 02:47:54 2023 -0700
Original commit date: Mon Sep 18 02:47:54 2023 -0700
Change-Id: I639726efc439cad7d0b80638f935235526d8dbd2
Original commit hash: 6d424c48d237b8d9cc289d23e0262951068b3361

-------------------------------------------------------------------------------- 
[Changed Files]
ClientOneSiliconPkg/IpBlock/MemoryInit/Mtl/LibraryPrivate/PeiMemoryInitLib/Source/Api/MrcGeneral.c
ClientOneSiliconPkg/IpBlock/MemoryInit/Mtl/LibraryPrivate/PeiMemoryInitLib/Source/Chip/Pma/MrcPmaApi.c

================================================================================ 
Commit: fd5f6150214bda896181634a1e37bbe5695482df 
Author: ClientSysFWGit <clientsysfwgit@intel.com> 
Date: Fri Sep 29 11:47:25 2023 +0530 
-------------------------------------------------------------------------------- 
Update MRC Release Notes MTL MRC 1.0.0.3

[Feature Description]
Update MRC version.

Package/Module: ClientOneSiliconPkg/IpBlock/MemoryInit/Mtl

[Impacted Platform]
ALL

Hsd-es-id: 22014478540
Original commit date: Wed Sep 13 08:57:46 2023 -0700
Original commit hash: e27fb228838d73c52fbcc39642e73a380f870605

Mon Sep 18 02:47:52 2023 -0700
Original commit date: Mon Sep 18 02:47:52 2023 -0700
Original commit hash: 40bd879707928484d051400ad75c39b3ca89d12a

-------------------------------------------------------------------------------- 
[Changed Files]
ClientOneSiliconPkg/IpBlock/MemoryInit/Mtl/LibraryPrivate/PeiMemoryInitLib/Source/Include/MrcVersion.h

================================================================================ 
Commit: 05abb9f56c805446fe38a2b6390fdfe74dd03d3a 
Author: ClientSysFWGit <clientsysfwgit@intel.com> 
Date: Fri Sep 29 11:47:22 2023 +0530 
-------------------------------------------------------------------------------- 
[MTL-S MTL-M MTL-P | DDR5 LP5] RefPI4xOver maxval Fix

[Feature Description]
MRC must configure a RefPiFsmControl MaxVal of (511 - RefPi4XoverOffset)
before running the RefPi FSM for the RefPi4Xover sync.

Package/Module: ClientOneSiliconPkg/IpBlock/MemoryInit/Mtl

[Impacted Platform]
ALL

Hsd-es-id: 22018829363
Original commit date: Tue Sep 12 11:29:44 2023 -0700
Original commit hash: 632a79b6ca39f435bd35d3e40e69d8032523ee3b

Mon Sep 18 02:47:51 2023 -0700
Original commit date: Mon Sep 18 02:47:51 2023 -0700
Change-Id: I750a00bc842dd674155f6b33f3db1ccd837825c1
Original commit hash: 800b7b53a13336f17bae4e79c037e638f147c720

-------------------------------------------------------------------------------- 
[Changed Files]
ClientOneSiliconPkg/IpBlock/MemoryInit/Mtl/Include/MrcInterface.h
ClientOneSiliconPkg/IpBlock/MemoryInit/Mtl/LibraryPrivate/PeiMemoryInitLib/Source/Chip/DdrIo/MrcDdrIoConfig.c

================================================================================ 
Commit: 300c646e19c21bbb7d7099f86d2b9d8e2b12da2a 
Author: ClientSysFWGit <clientsysfwgit@intel.com> 
Date: Fri Sep 29 11:47:13 2023 +0530 
-------------------------------------------------------------------------------- 
"[TeamCity] MTL MeteorLake_meteorlake_program_platform_Daily Daily Updating Version/ID: MeteorLake_3323_89

Hsd-es-id: N/A"
Original commit date: Sun Sep 10 21:56:03 2023 -0700
Original commit hash: 701dbb22022156828d5e17d45551f0d39b9b5de4
Original commit date: Sun Sep 10 22:25:04 2023 -0700
Original commit hash: 633286e2886e7197d471c44bee3694761a631c56

-------------------------------------------------------------------------------- 
[Changed Files]
ClientOneSiliconPkg/Include/Library/PmcSsramLib.h
ClientOneSiliconPkg/IpBlock/MemoryInit/.gitignore
ClientOneSiliconPkg/IpBlock/Pmc/Library/PeiDxeSmmPmcSsramLib/PmcSsramLib.c
ClientOneSiliconPkg/IpBlock/Pmc/Library/PeiDxeSmmPmcSsramLib/PmcSsramLib.inf
Doxygen/BoardApi.chm
Doxygen/FspApi.chm
Doxygen/MeteorLake_FSP_Integration_Guide.chm
Doxygen/MeteorLake_FSP_Integration_Guide.pdf
Doxygen/PlatApi.chm
Doxygen/SiPkgApi.chm
LICENSE.txt
MeteorLakeBoardPkg/CapsuleUpdateConfig/.gitignore
MeteorLakeBoardPkg/Features/CapsuleUpdate/Tools/CapsuleGenerate/Ucode/.gitignore
