================================================================================ 
Commit: 0e8729d0c5bf636abeab2cfbc1dae79704f62506 
Author: ClientSysFWGit <clientsysfwgit@intel.com> 
Date: Tue Dec 8 10:37:27 2020 -0800 
-------------------------------------------------------------------------------- 
Update SiPkg.dec for 3483_01

-------------------------------------------------------------------------------- 
[Changed Files]
ClientOneSiliconPkg/SiPkg.dec

================================================================================ 
Commit: b609145cb7e8e5411d0f933e84cbe3607b377f4b 
Author: ClientSysFWGit <clientsysfwgit@intel.com> 
Date: Tue Dec 8 10:26:56 2020 -0800 
-------------------------------------------------------------------------------- 
[TeamCity] TGL Auto-Commit BIOS ID update TGLMaster BIOS Version to 3483_01

Hsd-es-id: N/A
Original commit date: Wed Nov 25 22:00:35 2020 -0800
Change-Id: I73bd86961c9129c6458dc8947d67078a68991310
Original commit hash: d2e3869f44aed3de458cd3383dfcd31b0c860b9e

-------------------------------------------------------------------------------- 
[Changed Files]
TigerLakeBoardPkg/BiosId.env

================================================================================ 
Commit: 75d0691d4b632f35388fc2653863aaa025911192 
Author: ClientSysFWGit <clientsysfwgit@intel.com> 
Date: Tue Dec 8 10:26:47 2020 -0800 
-------------------------------------------------------------------------------- 
[TeamCity] TGL Auto-Commit DailyUpdate_FSP/RC TGLMaster

Hsd-es-id: no sighting
Original commit date: Wed Nov 25 21:56:31 2020 -0800
Change-Id: Ie9b185f1cf5038a89192acaf4d6e2cdc659b356a
Original commit hash: 1bcf7cdcd5f0b1fa3d342564794c2867d4d992c3

-------------------------------------------------------------------------------- 
[Changed Files]
TigerLakeFspPkg/TigerLakeFspPkg.dec

================================================================================ 
Commit: 950b56658bb25c2861b9a459e66b6bda0657c707 
Author: ClientSysFWGit <clientsysfwgit@intel.com> 
Date: Tue Dec 8 10:26:38 2020 -0800 
-------------------------------------------------------------------------------- 
Revert "[TGL-H][IMAGING] Add new platform ID in bios for TGL-H"

This reverts commit ac4a1cac77e0c1db5e729880ca5c3f5c4673ef9f.

Hsd-es-id: 22011757056
Original commit date: Wed Nov 25 22:27:48 2020 -0700
Change-Id: I61c23ec2814e7c129d257616054fcba2a33db8e7
Original commit hash: 84eb37d90d6958c022006d69baf6dd45ae1eb112

-------------------------------------------------------------------------------- 
[Changed Files]
TigerLakeBoardPkg/Acpi/AcpiTables/Dsdt/MipiCamSensors.asl

================================================================================ 
Commit: 96fbe5b558a51c9be332356807c054344ed17e43 
Author: ClientSysFWGit <clientsysfwgit@intel.com> 
Date: Tue Dec 8 10:26:29 2020 -0800 
-------------------------------------------------------------------------------- 
[TeamCity] TGL Auto-Commit BIOS ID update TGLMaster BIOS Version to 3483_00

Hsd-es-id: N/A
Original commit date: Wed Nov 25 11:03:31 2020 -0800
Change-Id: I9253ea1396b5131c0b3629ab3b8b870a65a8b853
Original commit hash: 90d62109a5968fb72b73608cb00f661fa94d2ea0

-------------------------------------------------------------------------------- 
[Changed Files]
TigerLakeBoardPkg/BiosId.env

================================================================================ 
Commit: c3f57580ed13f3bea32105685c843672d8b9b6a7 
Author: ClientSysFWGit <clientsysfwgit@intel.com> 
Date: Tue Dec 8 10:26:21 2020 -0800 
-------------------------------------------------------------------------------- 
[TeamCity] TGL Auto-Commit DailyUpdate_FSP/RC TGLMaster

Hsd-es-id: no sighting
Original commit date: Wed Nov 25 10:34:10 2020 -0800
Change-Id: I14af55bdecb7e3425c2134749eef9646854f4742
Original commit hash: 38005cd7aa3a414a9ef19227618fea41f73f4999

-------------------------------------------------------------------------------- 
[Changed Files]
TigerLakeFspPkg/TigerLakeFspPkg.dec

================================================================================ 
Commit: 0dffacd243719f2cf35ee1c66e76454f4667cef9 
Author: ClientSysFWGit <clientsysfwgit@intel.com> 
Date: Tue Dec 8 10:26:03 2020 -0800 
-------------------------------------------------------------------------------- 
[HP_CMIT_NB][IonianW][TGL-H] Lack of Pcie1Gpio control, HoldRst and PwrEnable in UpdateGlobalNvsData

Hsd-es-id: 1508436734
Original commit date: Thu Nov 19 17:15:13 2020 +0530
Change-Id: I6e4154d27e7069f9a6c522e8617ca56fbbdaa21a
Original commit hash: 146e70e98b99246a4f704f09891fdd018aaf7325

-------------------------------------------------------------------------------- 
[Changed Files]
ClientOneSiliconPkg/IpBlock/HybridGraphics/LibraryPrivate/DxeHybridGraphicsInitLib/DxeHybridGraphicsInitLib.c
ClientOneSiliconPkg/IpBlock/HybridGraphics/LibraryPrivate/PeiHybridGraphicsInitLib/PeiHybridGraphicsInit.c
ClientOneSiliconPkg/SystemAgent/AcpiTables/SaSsdt/PegCommon.asl
TigerLakeBoardPkg/TigerLakeHBoards/Library/BoardInitLib/Pei/BoardSaInitPreMemLib.c

================================================================================ 
Commit: d64bdc986f553cef99470c9063c74bd8df4a6c81 
Author: ClientSysFWGit <clientsysfwgit@intel.com> 
Date: Tue Dec 8 10:25:54 2020 -0800 
-------------------------------------------------------------------------------- 
[TGL] Remove WA in SpdPresent handling after Simics model is fixed.

Hsd-es-id: 16011962383
Original commit date: Mon Oct 19 10:08:25 2020 +0530
Change-Id: Ia340f7b43dc335f28a652d4fcf1002aaa944fb64
Original commit hash: e883b8a1dc17894228d37f25e8e5eb0be4ae8540

-------------------------------------------------------------------------------- 
[Changed Files]
TigerLakeBoardPkg/TigerLakeHBoards/Library/BoardInitLib/Pei/BoardSaInitPreMemLib.c
TigerLakeBoardPkg/TigerLakeUBoards/Library/BoardInitLib/Pei/BoardSaInitPreMemLib.c
TigerLakeBoardPkg/TigerLakeYBoards/Library/BoardInitLib/Pei/BoardSaInitPreMemLib.c

================================================================================ 
Commit: aa5ecda2fa42f6aed8f114f908bcb609e2da8c0f 
Author: ClientSysFWGit <clientsysfwgit@intel.com> 
Date: Tue Dec 8 10:25:45 2020 -0800 
-------------------------------------------------------------------------------- 
Update MRC Release Notes and increment MRC build revision

Tue Nov 24 23:21:22 2020 +0000
Original commit date: Tue Nov 24 23:21:22 2020 +0000
Original commit hash: c916dbede6519ce2760f336eddc06497605e6d60

-------------------------------------------------------------------------------- 
[Changed Files]
ClientOneSiliconPkg/IpBlock/MemoryInit/Tgl/LibraryPrivate/PeiMemoryInitLib/Source/Include/MrcVersion.h

================================================================================ 
Commit: 14371602431abe7c04a9a10eb8ef3436b6379bbf 
Author: ClientSysFWGit <clientsysfwgit@intel.com> 
Date: Tue Dec 8 10:25:34 2020 -0800 
-------------------------------------------------------------------------------- 
ClientOneSiliconPkg/MemoryInit/Tgl:[TGL-C0]FLL recipe change request: FLL_STATIC_CFG_1_REG.VSUPPLY_CFG

[Issue/Feature Description]
    ECO implemented in TGL-C0 to support VDD2 of 1.05V in LPDDR5.

[Resolution]
    The following register config need to be changed in TGL-C0 depending on the DDR technology
      DDR4 (1.2V VDD2G): FLL_STATIC_CFG_1_REG.VSUPPLY_CFG = 0
      LPDDR4/DDR5 (1.1V VDD2G): FLL_STATIC_CFG_1_REG.VSUPPLY_CFG = 1
      LPDDR5 (1.05V VDD2G): FLL_STATIC_CFG_1_REG.VSUPPLY_CFG = 2

[Impacted Platform]
TGL-C0 only

Hsd-es-id: 22011564940
Original commit date: Thu Oct 29 12:11:53 2020 +0800
Change-Id: I1c21243b3e6d466e18ae835c9e628ab6b7302dae
Original commit hash: 0b06a1a282746b7833506b6e19a8c2db9014e6fb

-------------------------------------------------------------------------------- 
[Changed Files]
ClientOneSiliconPkg/IpBlock/MemoryInit/Tgl/Include/MrcInterface.h
ClientOneSiliconPkg/IpBlock/MemoryInit/Tgl/LibraryPrivate/PeiMemoryInitLib/Source/Api/MrcGeneral.c
ClientOneSiliconPkg/IpBlock/MemoryInit/Tgl/LibraryPrivate/PeiMemoryInitLib/Source/Services/MrcMcConfiguration.c
ClientOneSiliconPkg/IpBlock/MemoryInit/Tgl/MiniBios/Common/CpuRegs.h
