================================================================================ 
Commit: 9d67da7313dda9637dba8dd5aa99d8591e102722 
Author: ClientSysFWGit <clientsysfwgit@intel.com> 
Date: Thu May 27 09:32:51 2021 +0530 
-------------------------------------------------------------------------------- 
[TeamCity] RKLERB Auto-Commit BIOS ID update CI Increment BIOS Major Version () and reset Minor Version to 0

Original commit date: Wed May 26 05:27:45 2021 -0700
Change-Id: I0a1f37f28e1804d0cad2bd3051518716abc49bf8
Original commit hash: 5bbb8ef8c37e775d80ee9453d7014b0fd25d382f

-------------------------------------------------------------------------------- 
[Changed Files]
CometLakePlatSamplePkg/Tools/GenBiosId/BiosId.env

================================================================================ 
Commit: a7ff84b627239346e61679872185601d403c0d58 
Author: ClientSysFWGit <clientsysfwgit@intel.com> 
Date: Thu May 27 09:32:45 2021 +0530 
-------------------------------------------------------------------------------- 
[TeamCity] RKLERB Auto-Commit DailyUpdate_FSP/RC CI

Original commit date: Wed May 26 01:40:46 2021 -0700
Change-Id: I4f10616e4a4b61ea086763668753f6d9a45f5bd8
Original commit hash: dcae9ddfef866bc3cab5af82adbe76e40301ab38

-------------------------------------------------------------------------------- 
[Changed Files]
CometLakeFspPkg/CometLakeFspPkg.dec
CometLakeSiliconPkg/SiPkg.dec.template

================================================================================ 
Commit: 46b9b6c0322e8ddb92f4cb1fc16c3e036b6e4e4a 
Author: ClientSysFWGit <clientsysfwgit@intel.com> 
Date: Thu May 27 09:32:38 2021 +0530 
-------------------------------------------------------------------------------- 
Update RKLS_B0 Production patchID to 0x42


Original commit date: Tue May 25 07:25:51 2021 -0700
Change-Id: I51d2a7d6837cc4687790edf92badb700c3c5200e
Original commit hash: 02312b230527c39510125ac34efda1c3228155e0

-------------------------------------------------------------------------------- 
[Changed Files]
CometLakePlatSamplePkg/PlatformPkg.fdf

================================================================================ 
Commit: 03d70f2ef38f52903460605b3d2ac69fd7f130b1 
Author: ClientSysFWGit <clientsysfwgit@intel.com> 
Date: Thu May 27 09:32:32 2021 +0530 
-------------------------------------------------------------------------------- 
[TeamCity] RKLERB Auto-Commit BIOS ID update CI Increment BIOS Major Version () and reset Minor Version to 0

Original commit date: Tue May 25 05:14:56 2021 -0700
Change-Id: I30d50d5847a7da847a9f294a85e7f052fb714672
Original commit hash: 7bab00f12ca29f2b64a651fabfd6af233284b7f1

-------------------------------------------------------------------------------- 
[Changed Files]
CometLakePlatSamplePkg/Tools/GenBiosId/BiosId.env

================================================================================ 
Commit: 3210ced3dc6a36d0fbf536d5b97f21a0ee4ddb5c 
Author: ClientSysFWGit <clientsysfwgit@intel.com> 
Date: Thu May 27 09:32:22 2021 +0530 
-------------------------------------------------------------------------------- 
[TeamCity] RKLERB Auto-Commit DailyUpdate_FSP/RC CI

Original commit date: Tue May 25 01:29:33 2021 -0700
Change-Id: I5a9cfda305a8f3c7dcd0c7e1d1f0ecc3c77e6821
Original commit hash: 307868b784bc7b41c3bc27c8098f9a686cdc8149

-------------------------------------------------------------------------------- 
[Changed Files]
CometLakeFspPkg/CometLakeFspPkg.dec
CometLakeSiliconPkg/SiPkg.dec.template
