================================================================================ 
Commit: a8d1a46e51fddd2e17db0481c725d520660f3f78 
Author: ClientSysFWGit <clientsysfwgit@intel.com> 
Date: Tue Apr 8 16:07:38 2025 +0530 
-------------------------------------------------------------------------------- 
Added Doxygen folder and License.txt file for ARL-S 5124.83 label.

-------------------------------------------------------------------------------- 
[Changed Files]
ClientOneSiliconPkg/Product/MeteorLake/EarlyDevices/Readme.md
ClientOneSiliconPkg/SiPkg.dec
Doxygen/BoardApi.chm
Doxygen/FspApi.chm
Doxygen/MeteorLake_FSP_Integration_Guide.chm
Doxygen/MeteorLake_FSP_Integration_Guide.pdf
Doxygen/PlatApi.chm
Doxygen/SiPkgApi.chm
LICENSE.txt
MeteorLakeBoardPkg/CapsuleUpdateConfig/.gitignore
MeteorLakeBoardPkg/Features/CapsuleUpdate/Tools/CapsuleGenerate/Ucode/.gitignore

================================================================================ 
Commit: d8c3f6f453b82f1b4cf2e9a3a2771607de8fb364 
Author: ClientSysFWGit <clientsysfwgit@intel.com> 
Date: Tue Apr 8 15:04:52 2025 +0530 
-------------------------------------------------------------------------------- 
"[TeamCity] MTL MeteorLake_arrowlake_s_program_platform_Daily Daily Updating Version/ID: MeteorLake_5124_83

Hsd-es-id: N/A"
Original commit date: Tue Apr 1 07:25:44 2025 -0700
Original commit hash: 45ce09039fad37486ac76c63fa16c43438d4d689

-------------------------------------------------------------------------------- 
[Changed Files]
MeteorLakeBoardPkg/BiosId.env

================================================================================ 
Commit: 8a713b2c4fba4c7b75a0bdc1f483ec00d3824993 
Author: ClientSysFWGit <clientsysfwgit@intel.com> 
Date: Tue Apr 8 15:04:49 2025 +0530 
-------------------------------------------------------------------------------- 
[Responsiveness] Refactor PCIeSpeedChange API and skip PCM programming

[Feature Description]
Split PCIeSpeedChange() into PCIeSpeedChangeStart/PCIeSpeedChangeEnd
to consume natural code execution delaytime while polling for
LSTS.LA to be set indicating training is complete.

And skip PresetToCoeffient(PCM) reg programming for PCIe and DMI Ports

Package/Module: ClientOneSiliconPkg

[Impacted Platform]
ALL

Hsd-es-id: 16027136725
Original commit date: Thu Feb 13 18:18:12 2025 +0530
Change-Id: I6cf0f13df0b7784bc25068ab74543cd4d5c0d0be
Original commit hash: 701d38209e0440269d694f1f7ae812ed304d7534

-------------------------------------------------------------------------------- 
[Changed Files]
ClientOneSiliconPkg/Fru/MtlPch/IncludePrivate/Library/PeiMtlPchInitLib.h
ClientOneSiliconPkg/Fru/MtlPch/LibraryPrivate/PeiMtlPchInitLib/MtlPchRootPorts.c
ClientOneSiliconPkg/Fru/MtlSoc/IncludePrivate/Library/PeiMtlSocInitLib.h
ClientOneSiliconPkg/Fru/MtlSoc/LibraryPrivate/PeiMtlSocInitLib/MtlSocRootPorts.c
ClientOneSiliconPkg/Include/ConfigBlock/PcieRp/PcieConfig.h
ClientOneSiliconPkg/IpBlock/Dmi/LibraryPrivate/PeiDmiInitLib/PeiDmiInitLib.c
ClientOneSiliconPkg/IpBlock/Dmi/LibraryPrivate/PeiDmiInitLib/PeiDmiInitLib.inf
ClientOneSiliconPkg/IpBlock/PcieRp/IncludePrivate/Library/PeiPcieSipInitLib.h
ClientOneSiliconPkg/IpBlock/PcieRp/LibraryPrivate/PeiPcieSipInitLib/PeiPcieSipEqLib.c
ClientOneSiliconPkg/IpBlock/PcieRp/LibraryPrivate/PeiPcieSipInitLib/PeiPcieSipInitLib.c
ClientOneSiliconPkg/Product/MeteorLake/SiInit/Pei/SiInit.c

================================================================================ 
Commit: ef76890b571d3c3d502a492199d7eee9dcc9ae33 
Author: ClientSysFWGit <clientsysfwgit@intel.com> 
Date: Tue Apr 8 15:04:47 2025 +0530 
-------------------------------------------------------------------------------- 
"[TeamCity] MTL MeteorLake_arrowlake_s_program_platform_Daily Daily Updating Version/ID: MeteorLake_5124_82

Hsd-es-id: N/A"
Original commit date: Fri Mar 28 05:16:03 2025 -0700
Original commit hash: ad101a771db6ec7cb6a385f5a509b8fdab105c8c

-------------------------------------------------------------------------------- 
[Changed Files]
MeteorLakeBoardPkg/BiosId.env

================================================================================ 
Commit: 9e85b10becb86f6cdd4b8789e5b099bc2ee6a3f9 
Author: ClientSysFWGit <clientsysfwgit@intel.com> 
Date: Tue Apr 8 15:04:44 2025 +0530 
-------------------------------------------------------------------------------- 
"[TeamCity] MTL MeteorLake_arrowlake_s_program_platform_Daily Daily Updating Version/ID: MeteorLake_5124_81

Hsd-es-id: N/A"
Original commit date: Fri Mar 21 03:46:26 2025 -0700
Original commit hash: f8227da07d573e8a7b453564f4d2a9bedcda230a

-------------------------------------------------------------------------------- 
[Changed Files]
MeteorLakeBoardPkg/BiosId.env

================================================================================ 
Commit: 77956e51ebab7bdfdb210267e1e0777b62c6bba9 
Author: ClientSysFWGit <clientsysfwgit@intel.com> 
Date: Tue Apr 8 15:04:42 2025 +0530 
-------------------------------------------------------------------------------- 
"[TeamCity] MTL MeteorLake_meteorlake_family_Daily Daily Updating Version/ID: MeteorLake_5124_00

Hsd-es-id: N/A"
Original commit date: Thu Mar 20 21:31:27 2025 -0700
Change-Id: Ibdcfc52b3da2099c460a15fa6418ce9d41f4eed3
Original commit hash: 63e7630baa1ffc0553474259d8768716a61824e3

-------------------------------------------------------------------------------- 
[Changed Files]
ClientOneSiliconPkg/Product/MeteorLake/SiPkgPcdInit.dsc
MeteorLakeBoardPkg/BiosId.env
MeteorLakeFspPkg/FspPkgPcdInit.dsc

================================================================================ 
Commit: a8b9e1904656484805baa1fa92d5ef20b3f2aa5e 
Author: ClientSysFWGit <clientsysfwgit@intel.com> 
Date: Tue Apr 8 15:04:39 2025 +0530 
-------------------------------------------------------------------------------- 
Wrong preprocessor directives in SaSetup.hfr

[Issue Description]
Wrong preprocessor directives in SaSetup.hfr

[Resolution]
Use correct preprocessor directives
in SaSetup.hfr

Package/Module: MeteorLakePlatSamplePkg

[Impacted Platform]
All

Hsd-es-id: 15017559393
Original commit date: Fri Mar 14 07:10:59 2025 -0700
Change-Id: I1e57fe2edcd9abdb64fa7ac2e233a52266caff22
Original commit hash: a9be175d15a28b3db0111c1b0dd5d640c79201d5

-------------------------------------------------------------------------------- 
[Changed Files]
MeteorLakePlatSamplePkg/Setup/SaSetup.hfr

================================================================================ 
Commit: b92ed6ea1a5c667446c06987fcdee640e448a9aa 
Author: ClientSysFWGit <clientsysfwgit@intel.com> 
Date: Tue Apr 8 15:04:37 2025 +0530 
-------------------------------------------------------------------------------- 
GetRuleData PEI uninitialized buffer fix

[Issue Description]
RuleData is defined in BIOS as 4 bytes, but it's not always
filled with data. CSME FW can respond with just 1 byte of data,
and the rest of the buffer is not touched.

Example is UserConsent flow, where BIOS should expect just
1 byte, but because it wasn't cleared before, it could contain
some garbage data and result in skipping UserConsent flow.

[Resolution]
Whole message buffer should be zeroed before using.

Package/Module:
OneSiliconPkg

[Impacted Platform]
MeteorLake, ArrowLake

Hsd-es-id: 18041757572
Original commit date: Tue Mar 11 09:32:45 2025 +0100
Change-Id: Ie021c6ad95f89b6867477f21306c83214460d722
Original commit hash: 689594ed1a9249aa7bb2e6e0a7d55f9367a115ee

-------------------------------------------------------------------------------- 
[Changed Files]
ClientOneSiliconPkg/IpBlock/Me/Library/PeiMeLib/HeciMsgPeiLib.c

================================================================================ 
Commit: de6bc5a78bef5d5cb0f4ef7853e46b13b02ecfbc 
Author: ClientSysFWGit <clientsysfwgit@intel.com> 
Date: Tue Apr 8 15:04:34 2025 +0530 
-------------------------------------------------------------------------------- 
System hangs with kernel panic due to ACPI error

[Issue Description]
System hangs and "ACPI Error: Unknown opcode 0x6B6B"
is observed.

[Resolution]
Fixed missing a parameter for a method.

Package/Module: MeteorLakeBoardPkg

[Impacted Platform]
ARL-Hx

Hsd-es-id: 15016450353
Original commit date: Wed Jan 22 12:07:35 2025 +0800
Change-Id: I5a67a29f4d4f6de73725210d58680712477c559d
Original commit hash: 8e7c2cf5a3fd89d94b526ba3791e6ce22e84fe8f

-------------------------------------------------------------------------------- 
[Changed Files]
MeteorLakeBoardPkg/Acpi/AcpiTables/SsdtXhci/UsbPortXhciArlSbgaUDimm2Dpc.asl

================================================================================ 
Commit: e5187bb2a1e746a640a59a00d045b642ed9be91a 
Author: ClientSysFWGit <clientsysfwgit@intel.com> 
Date: Tue Apr 8 15:04:31 2025 +0530 
-------------------------------------------------------------------------------- 
Possible endless loop in DisplayUsbProvisionError ()

[Issue Description]
DisplayUsbProvisionError () might be stuck in endless loop
when certain conditions are encountered:
a) UserInput is uniinitialized (0 might be assigned)
b) MebxReadUserInput returns an error (this can happen for example if
there is no implementation of MebxDisplayProtocol.

[Resolution]
Added return statement to the problematic loop

Package/Module:
ClientOneSiliconPkg

[Impacted Platform]
ALL

Hsd-es-id: 18041713838
Original commit date: Thu Mar 6 11:55:25 2025 +0100
Change-Id: Ieda52957d2f077beadfdfd27ae1f7ebf71037f04
Original commit hash: a63bab78fdb669c7fa0505d4f42031d014d03c70

-------------------------------------------------------------------------------- 
[Changed Files]
ClientOneSiliconPkg/IpBlock/Amt/Mebx/Dxe/MebxUsbProvision.c

================================================================================ 
Commit: 57d3b7f02e4048fbab7a57836911da18a88a1445 
Author: ClientSysFWGit <clientsysfwgit@intel.com> 
Date: Tue Apr 8 15:04:28 2025 +0530 
-------------------------------------------------------------------------------- 
Out of Resource with external graphic if PCIE Tunneling is disabled

[Issue Description]
Out of Resource occurred with external graphic card if there is
no IGD in CPU and "PCIE Tunneling over USB4" is disabled.

[Resolution]
When disabling PCIe Tunneling, BIOS won't reserve PCI resources
to TCSS Root Ports.

Package/Module: MeteorLakePlatSamplePkg

[Impacted Platform]
ARL-S, Hx

Hsd-es-id: 15017475206
Original commit date: Tue Mar 4 21:14:40 2025 +0800
Change-Id: I8cb4f77c8aed0baa14f2c05f8107ebaa88bda885
Original commit hash: 2534ca494dbbe90b7af04ba66f53d93363de1191

-------------------------------------------------------------------------------- 
[Changed Files]
MeteorLakePlatSamplePkg/Platform/PciHotPlug/PciHotPlugHelpersS.c

================================================================================ 
Commit: 0f9dd8197167d0dac4d4d73fdb987dd1ca229b58 
Author: ClientSysFWGit <clientsysfwgit@intel.com> 
Date: Tue Apr 8 15:04:25 2025 +0530 
-------------------------------------------------------------------------------- 
[ARLHx 1DPC RVP]Enable eDP MUX in PreMem for SOL

[Issue Description]
SOL (Sign-Of-Life) for Pre-memory Display (uGOP)
fails on ARL-Hx 1DPC RVP

[Resolution]
Program eDP MUX GPIO in PreMem

Package/Module: MeteorLakeBoardPkg

[Impacted Platform]
ARLHx Sodimm 1DPC

Hsd-es-id: 15017488594
Original commit date: Fri Mar 7 17:04:56 2025 +0800
Change-Id: Ifd909f02264a67b386cdb986709ca7eefad87154
Original commit hash: a9c7690bcf40dacc12a518e0f06741dde263ee75

-------------------------------------------------------------------------------- 
[Changed Files]
MeteorLakeBoardPkg/MeteorLakeBoards/BoardVpdPcdsInit/ArlS/SkuIdArlSBGASodimm1DCrb.dsc

================================================================================ 
Commit: 17debba361859cbc330cf06eb7a35486ee258ff9 
Author: ClientSysFWGit <clientsysfwgit@intel.com> 
Date: Tue Apr 8 15:04:22 2025 +0530 
-------------------------------------------------------------------------------- 
Build script update to support different OS image build processes

[Feature Description]
The ubuntu package manager has removed gcc11.1 from it and now supports 11.4,
so in order to do that the Team had to build it from source which adds additional OS param in there,
need build script update to support different OS image build processes.

Package/Module:
MeteorLakeBoardPkg
MeteorLakeFspPkg

[Impacted Platform]
MeteorLake

Hsd-es-id: 16026915065
Original commit date: Fri Mar 7 22:54:45 2025 +0800
Change-Id: I89e9b80dfb679938f9dbd47a18a88271c865e664
Original commit hash: 07364bd868001798a14bbe56480bf7a54d169460

-------------------------------------------------------------------------------- 
[Changed Files]
MeteorLakeBoardPkg/BuildIafw.sh
MeteorLakeFspPkg/BuildFv.sh

================================================================================ 
Commit: c9914234a292e824a707b3514e2601279e42f535 
Author: ClientSysFWGit <clientsysfwgit@intel.com> 
Date: Tue Apr 8 15:04:19 2025 +0530 
-------------------------------------------------------------------------------- 
[ARL-S]Fixed bluetooth devices were treated as removable devices

[Issue Description]
Bluetooth devices seem to be visible in the OS
When disabled TCSS XHCI Support in BIOS setup

[Resolution]
Add if condition to check the THXC USB PORT.
Avoid TCSS SSDT didn't dispatch when TCSS XHCI option disable

Package/Module:xxxBoardPkg

[Impacted Platform]
Default ALL.

Hsd-es-id: 15017459551
Original commit date: Mon Mar 3 14:35:27 2025 +0800
Change-Id: I60257fbc5e53220b12ca988403138e4d9c7709a7
Original commit hash: 6f6a914610686333da909c3fca3d01d97ffff115

-------------------------------------------------------------------------------- 
[Changed Files]
MeteorLakeBoardPkg/Acpi/AcpiTables/SsdtXhci/UsbPortXhciArlHBep.asl
MeteorLakeBoardPkg/Acpi/AcpiTables/SsdtXhci/UsbPortXhciArlHDdr5SODimmAep.asl
MeteorLakeBoardPkg/Acpi/AcpiTables/SsdtXhci/UsbPortXhciArlSDdr5SODimm2DpcAep.asl
MeteorLakeBoardPkg/Acpi/AcpiTables/SsdtXhci/UsbPortXhciArlSbgaErb.asl
MeteorLakeBoardPkg/Acpi/AcpiTables/SsdtXhci/UsbPortXhciArlSbgaUDimm2Dpc.asl
MeteorLakeBoardPkg/Acpi/AcpiTables/SsdtXhci/UsbPortXhciMtlHLpCammModPc.asl
MeteorLakeBoardPkg/Acpi/AcpiTables/SsdtXhci/UsbPortXhciMtlMLp5xAep.asl
MeteorLakeBoardPkg/Acpi/AcpiTables/SsdtXhci/UsbPortXhciMtlMLp5xConf1Rvp.asl
MeteorLakeBoardPkg/Acpi/AcpiTables/SsdtXhci/UsbPortXhciMtlMLp5xConf1RvpBom1.asl
MeteorLakeBoardPkg/Acpi/AcpiTables/SsdtXhci/UsbPortXhciMtlPDdr5Crb.asl
MeteorLakeBoardPkg/Acpi/AcpiTables/SsdtXhci/UsbPortXhciMtlPDdr5MemSolderDowndTBTRvp.asl
MeteorLakeBoardPkg/Acpi/AcpiTables/SsdtXhci/UsbPortXhciMtlPDdr5SODimmB2bHsioRvp.asl
MeteorLakeBoardPkg/Acpi/AcpiTables/SsdtXhci/UsbPortXhciMtlPDdr5SODimmSbsRvp.asl
MeteorLakeBoardPkg/Acpi/AcpiTables/SsdtXhci/UsbPortXhciMtlPDdr5SODimmSbsRvpBom2.asl
MeteorLakeBoardPkg/Acpi/AcpiTables/SsdtXhci/UsbPortXhciMtlPDdr5T4SODimmSbsRvp.asl
MeteorLakeBoardPkg/Acpi/AcpiTables/SsdtXhci/UsbPortXhciMtlPGcs.asl
MeteorLakeBoardPkg/Acpi/AcpiTables/SsdtXhci/UsbPortXhciMtlPLp5xAep.asl
MeteorLakeBoardPkg/Acpi/AcpiTables/SsdtXhci/UsbPortXhciMtlPLp5xBep.asl
MeteorLakeBoardPkg/Acpi/AcpiTables/SsdtXhci/UsbPortXhciMtlPLp5xT3Rvp.asl
MeteorLakeBoardPkg/Acpi/AcpiTables/SsdtXhci/UsbPortXhciMtlPsDdr5CrbFabB.asl
MeteorLakeBoardPkg/Acpi/AcpiTables/SsdtXhci/UsbPortXhciMtlPsDdr5OnlyDpRvp.asl
MeteorLakeBoardPkg/Acpi/AcpiTables/SsdtXhci/UsbPortXhciMtlPsDdr5Ppv.asl
MeteorLakeBoardPkg/Acpi/AcpiTables/SsdtXhci/UsbPortXhciMtlPsDdr5PpvFabB.asl
MeteorLakeBoardPkg/Acpi/AcpiTables/SsdtXhci/UsbPortXhciMtlPsDdr5Rvp.asl
MeteorLakeBoardPkg/Acpi/AcpiTables/SsdtXhci/UsbPortXhciMtlPsDdr5RvpFabB.asl
MeteorLakeBoardPkg/Acpi/AcpiTables/SsdtXhci/UsbPortXhciMtlPsDdr5Sbc.asl
MeteorLakeBoardPkg/Acpi/AcpiTables/SsdtXhci/UsbPortXhciMtlPsDdr5TcpRvp.asl
MeteorLakeBoardPkg/Acpi/AcpiTables/SsdtXhci/UsbPortXhciMtlSSD02Rvp.asl
MeteorLakeBoardPkg/Acpi/AcpiTables/SsdtXhci/UsbPortXhciMtlSU1D01Rvp.asl
MeteorLakeBoardPkg/Acpi/AcpiTables/SsdtXhci/UsbPortXhciMtlSU1DOC04Rvp.asl
MeteorLakeBoardPkg/Acpi/AcpiTables/SsdtXhci/UsbPortXhciMtlSU2D03Rvp.asl

================================================================================ 
Commit: 3f1988cc97c9eced925093f333836a55e31b68ab 
Author: ClientSysFWGit <clientsysfwgit@intel.com> 
Date: Tue Apr 8 15:04:11 2025 +0530 
-------------------------------------------------------------------------------- 
Fix for embedded resiliency build and rpmc debug build

[Issue Description]
Build failure for embedded resiliency build and rpmc debug build

[Resolution]
Fixed embedded resiliency build issue by adding the missed check for mtls build to a function call. 
Fixed rpmc debug build by adjusting the size by taking free memory of FVPOSTMEMORY

Package/Module: PlatSamplePkg, BoardPkg

[Impacted Platform]
MTLS.

Hsd-es-id: 16026836756
Original commit date: Thu Feb 20 17:04:10 2025 +0530
Change-Id: I5db111b224b8bdcdfffcc3e575e26656875bff7d
Original commit hash: dbc4ef0374e2e5394e1c0207c7cbf94584a8fd81

-------------------------------------------------------------------------------- 
[Changed Files]
MeteorLakePlatSamplePkg/PlatformInitAdvanced/PlatformInitAdvancedPei/PlatformInitAdvancedPostMem.c
MeteorLakePlatSamplePkg/Setup/SetupId.h

================================================================================ 
Commit: ed19613b16237ad6cfe0a54da7994da544b94897 
Author: ClientSysFWGit <clientsysfwgit@intel.com> 
Date: Tue Apr 8 15:04:05 2025 +0530 
-------------------------------------------------------------------------------- 
GetRuleData uninitialized buffer fix

[Issue Description]
RuleData is defined in BIOS as 4 bytes, but it's not always
filled with data. CSME FW can respond with just 1 byte of data,
and the rest of the buffer is not touched.

Example is UserConsent flow, where BIOS should expect just
1 byte, but because it wasn't cleared before, it could contain
some garbage data and result in skipping UserConsent flow.

[Resolution]
Whole message buffer should be zeroed before using.

Package/Module:
OneSiliconPkg

[Impacted Platform]
NewPlatform

Hsd-es-id: 18041512670
Original commit date: Fri Feb 14 15:25:44 2025 +0100
Change-Id: Id3414540c29cff8d99aef2b9aa6de605190d1aa0
Original commit hash: a5b58ec6dd4991b925ea4ec9cedeb75c9c1c7fd0

-------------------------------------------------------------------------------- 
[Changed Files]
ClientOneSiliconPkg/IpBlock/Me/Library/DxeMeLib/HeciMsgDxeLib.c

================================================================================ 
Commit: 12389f0dd4ec2f745397aaf61f0dc8b17b090299 
Author: ClientSysFWGit <clientsysfwgit@intel.com> 
Date: Tue Apr 8 15:04:01 2025 +0530 
-------------------------------------------------------------------------------- 
BIOS Guide Updates for BR (v19.1) Programs (Rev28)

[Feature Description]
update Engine Idle Hysteresis

Package/Module: OneSiliconPkg, USB3

[Impacted Platform]
MTL M/U/P/H, ARL P/H/S

Hsd-es-id: 18041238936
Original commit date: Mon Dec 30 11:43:09 2024 +0100
Change-Id: I1f8e0c051962d0001c95082cfed66b4235368850
Original commit hash: 30469719f5695ed1a83d5625039f74022ed1ba2c

-------------------------------------------------------------------------------- 
[Changed Files]
ClientOneSiliconPkg/Include/Register/UsbHostRegs.h
ClientOneSiliconPkg/IpBlock/Usb/LibraryPrivate/PeiUsbHostControllerInitLib/UsbHostControllerInit.c

================================================================================ 
Commit: 30d1e53bbed8d780bbc4b877d7a2a2d22767d4de 
Author: ClientSysFWGit <clientsysfwgit@intel.com> 
Date: Tue Apr 8 15:03:56 2025 +0530 
-------------------------------------------------------------------------------- 
Update MRC Release Notes MTL MRC 2.10.2.0

[Feature Description]
Update MRC version.

Package/Module: ClientOneSiliconPkg/IpBlock/MemoryInit/Mtl

[Impacted Platform]
ALL

Hsd-es-id: 22014478540
Original commit date: Fri Mar 7 20:36:12 2025 -0800
Change-Id: I23831eb3606fa917b4733138c886e816031a714f
Original commit hash: 658e0d2def8a1639416a3f670809e5e7fcb7cf4e

-------------------------------------------------------------------------------- 
[Changed Files]
ClientOneSiliconPkg/IpBlock/MemoryInit/Mtl/LibraryPrivate/PeiMemoryInitLib/Source/Include/MrcVersion.h

================================================================================ 
Commit: 8035448fcac1975d738dd885a91b32084e96123e 
Author: ClientSysFWGit <clientsysfwgit@intel.com> 
Date: Tue Apr 8 15:03:50 2025 +0530 
-------------------------------------------------------------------------------- 
Update MRC Release Notes MTL MRC 2.10.1.2

[Feature Description]
Update MRC version.

Package/Module: ClientOneSiliconPkg/IpBlock/MemoryInit/Mtl

[Impacted Platform]
ALL

Hsd-es-id: 22014478540
Original commit date: Fri Mar 7 20:35:50 2025 -0800
Change-Id: I4f6de5fbae51f817981fcb0341b06226b39fce33
Original commit hash: c86503abab74f35e27849195ef271be9718576e1

-------------------------------------------------------------------------------- 
[Changed Files]
ClientOneSiliconPkg/IpBlock/MemoryInit/Mtl/LibraryPrivate/PeiMemoryInitLib/Source/Include/MrcVersion.h

================================================================================ 
Commit: e7d844a173f1f54669c57859b07e69a26044b59d 
Author: ClientSysFWGit <clientsysfwgit@intel.com> 
Date: Tue Apr 8 15:03:46 2025 +0530 
-------------------------------------------------------------------------------- 
[ARL-S/Hx | DDR5] Vendor 16Gb 5600 P-die & E-die SODIMM/UDIMM

[Feature Description]
MRC must apply the following settings for Single and Dual rank specific vendor:
1. RdOdt set to 60
2. RttPark set to 48
3. RttParkDqs set to 34
4. DQS CTLE (DqsEqLegs) set to 11
5. Dfe Tap override to:
   Tap0: 9, Tap1: 3, Tap2: 2
6. Increase tRW_sg/dg by 2tCK

Package/Module: ClientOneSiliconPkg/IpBlock/MemoryInit/Mtl

[Impacted Platform]
S, Hx

Hsd-es-id: 14024534808, 14024540218
Original commit date: Wed Feb 26 14:07:38 2025 -0800
Change-Id: Ib08ec2c44d5cf9b880b8018092adb3c560ca11aa
Original commit hash: 000613abdc2889f5402ce683adc6be9183edef55

-------------------------------------------------------------------------------- 
[Changed Files]
ClientOneSiliconPkg/IpBlock/MemoryInit/Mtl/Include/MrcInterface.h
ClientOneSiliconPkg/IpBlock/MemoryInit/Mtl/LibraryPrivate/PeiMemoryInitLib/Source/Api/MrcGeneral.c
ClientOneSiliconPkg/IpBlock/MemoryInit/Mtl/LibraryPrivate/PeiMemoryInitLib/Source/Chip/DdrIo/MrcDdrIoConfig.c
ClientOneSiliconPkg/IpBlock/MemoryInit/Mtl/LibraryPrivate/PeiMemoryInitLib/Source/MemoryTypes/MrcDdr5.c
ClientOneSiliconPkg/IpBlock/MemoryInit/Mtl/LibraryPrivate/PeiMemoryInitLib/Source/Services/MrcTurnAround.c
ClientOneSiliconPkg/IpBlock/MemoryInit/Mtl/LibraryPrivate/PeiMemoryInitLib/Source/SpdProcessing/MrcSpdProcessing.c

================================================================================ 
Commit: d8cf088bec7a9ad15c7cf0a93d8c8664cdccb535 
Author: ClientSysFWGit <clientsysfwgit@intel.com> 
Date: Tue Apr 8 15:03:42 2025 +0530 
-------------------------------------------------------------------------------- 
Update MRC Release Notes MTL MRC 2.10.1.1

[Feature Description]
Update MRC version.

Package/Module: ClientOneSiliconPkg/IpBlock/MemoryInit/Mtl

[Impacted Platform]
ALL

Hsd-es-id: 22014478540
Original commit date: Fri Mar 7 20:15:01 2025 -0800
Change-Id: I18b96f761ae7b18359a1879cf69e004375df5a9b
Original commit hash: 17eec59c8909fa3ccf7c2eb0f9782f1c7b5db5cb

-------------------------------------------------------------------------------- 
[Changed Files]
ClientOneSiliconPkg/IpBlock/MemoryInit/Mtl/LibraryPrivate/PeiMemoryInitLib/Source/Include/MrcVersion.h

================================================================================ 
Commit: ab53532f2da7c257a62c0431340aed525c29c930 
Author: ClientSysFWGit <clientsysfwgit@intel.com> 
Date: Tue Apr 8 15:03:37 2025 +0530 
-------------------------------------------------------------------------------- 
[ARL-S/Hx | DDR5 LP5] Add IoReset for RMT

[Issue Description]
RMT data is showing the same values for all bytes.

[Resolution]
Perform an IoReset at the end of every parameter for RMT Per bit.
Boot time impact is negligible

Package/Module: ClientOneSiliconPkg/IpBlock/MemoryInit/Mtl

[Impacted Platform]
S, Hx

Hsd-es-id: 14024571429
Original commit date: Tue Mar 4 10:10:18 2025 -0800
Change-Id: Ib12cbddd2ad5c8ccb469bcea5690295ec07e715d
Original commit hash: 8b5e4934e1f0ac5305ce75150674f2a885987305

-------------------------------------------------------------------------------- 
[Changed Files]
ClientOneSiliconPkg/IpBlock/MemoryInit/Mtl/LibraryPrivate/PeiMemoryInitLib/Source/Services/MrcCommon.c

================================================================================ 
Commit: 7c44a32466c87ab65d0d75145b8e88ceb2a051f9 
Author: ClientSysFWGit <clientsysfwgit@intel.com> 
Date: Tue Apr 8 15:03:33 2025 +0530 
-------------------------------------------------------------------------------- 
Update MRC Release Notes MTL MRC 2.10.1.0

[Feature Description]
Update MRC version.

Package/Module: ClientOneSiliconPkg/IpBlock/MemoryInit/Mtl

[Impacted Platform]
ALL

Hsd-es-id: 22014478540
Original commit date: Fri Mar 7 20:13:53 2025 -0800
Change-Id: I3215ebc08031f0b235d318f6311566661bd956e0
Original commit hash: 2aee1bd78b4befa2d378a3c09340ae8ce1b96559

-------------------------------------------------------------------------------- 
[Changed Files]
ClientOneSiliconPkg/IpBlock/MemoryInit/Mtl/LibraryPrivate/PeiMemoryInitLib/Source/Include/MrcVersion.h

================================================================================ 
Commit: dc8547c0be889d1ef9f023cce9cb8931335605d0 
Author: ClientSysFWGit <clientsysfwgit@intel.com> 
Date: Tue Apr 8 15:03:29 2025 +0530 
-------------------------------------------------------------------------------- 
Revert "[ARL-S]Fixed bluetooth devices were treated as removable devices"

[Issue Description]
Wrong HSD number

[Resolution]
This reverts commit 36ab04b98036efb8a4daa4d1ae9b0b4b3f91816b.

Package/Module:xxxBoardPkg

[Impacted Platform]
Default ALL.

Hsd-es-id: 15017459551
Original commit date: Mon Mar 3 12:02:58 2025 +0800
Change-Id: I1a8aced11bf224866ca984e2dc37865896ca634e
Original commit hash: 334ba2b9a9ebe208f34ad37dac6e8d0596e1e4d3

-------------------------------------------------------------------------------- 
[Changed Files]
MeteorLakeBoardPkg/Acpi/AcpiTables/SsdtXhci/UsbPortXhciArlHBep.asl
MeteorLakeBoardPkg/Acpi/AcpiTables/SsdtXhci/UsbPortXhciArlHDdr5SODimmAep.asl
MeteorLakeBoardPkg/Acpi/AcpiTables/SsdtXhci/UsbPortXhciArlSDdr5SODimm2DpcAep.asl
MeteorLakeBoardPkg/Acpi/AcpiTables/SsdtXhci/UsbPortXhciArlSbgaErb.asl
MeteorLakeBoardPkg/Acpi/AcpiTables/SsdtXhci/UsbPortXhciArlSbgaUDimm2Dpc.asl
MeteorLakeBoardPkg/Acpi/AcpiTables/SsdtXhci/UsbPortXhciMtlHLpCammModPc.asl
MeteorLakeBoardPkg/Acpi/AcpiTables/SsdtXhci/UsbPortXhciMtlMLp5xAep.asl
MeteorLakeBoardPkg/Acpi/AcpiTables/SsdtXhci/UsbPortXhciMtlMLp5xConf1Rvp.asl
MeteorLakeBoardPkg/Acpi/AcpiTables/SsdtXhci/UsbPortXhciMtlMLp5xConf1RvpBom1.asl
MeteorLakeBoardPkg/Acpi/AcpiTables/SsdtXhci/UsbPortXhciMtlPDdr5Crb.asl
MeteorLakeBoardPkg/Acpi/AcpiTables/SsdtXhci/UsbPortXhciMtlPDdr5MemSolderDowndTBTRvp.asl
MeteorLakeBoardPkg/Acpi/AcpiTables/SsdtXhci/UsbPortXhciMtlPDdr5SODimmB2bHsioRvp.asl
MeteorLakeBoardPkg/Acpi/AcpiTables/SsdtXhci/UsbPortXhciMtlPDdr5SODimmSbsRvp.asl
MeteorLakeBoardPkg/Acpi/AcpiTables/SsdtXhci/UsbPortXhciMtlPDdr5SODimmSbsRvpBom2.asl
MeteorLakeBoardPkg/Acpi/AcpiTables/SsdtXhci/UsbPortXhciMtlPDdr5T4SODimmSbsRvp.asl
MeteorLakeBoardPkg/Acpi/AcpiTables/SsdtXhci/UsbPortXhciMtlPGcs.asl
MeteorLakeBoardPkg/Acpi/AcpiTables/SsdtXhci/UsbPortXhciMtlPLp5xAep.asl
MeteorLakeBoardPkg/Acpi/AcpiTables/SsdtXhci/UsbPortXhciMtlPLp5xBep.asl
MeteorLakeBoardPkg/Acpi/AcpiTables/SsdtXhci/UsbPortXhciMtlPLp5xT3Rvp.asl
MeteorLakeBoardPkg/Acpi/AcpiTables/SsdtXhci/UsbPortXhciMtlPsDdr5CrbFabB.asl
MeteorLakeBoardPkg/Acpi/AcpiTables/SsdtXhci/UsbPortXhciMtlPsDdr5OnlyDpRvp.asl
MeteorLakeBoardPkg/Acpi/AcpiTables/SsdtXhci/UsbPortXhciMtlPsDdr5Ppv.asl
MeteorLakeBoardPkg/Acpi/AcpiTables/SsdtXhci/UsbPortXhciMtlPsDdr5PpvFabB.asl
MeteorLakeBoardPkg/Acpi/AcpiTables/SsdtXhci/UsbPortXhciMtlPsDdr5Rvp.asl
MeteorLakeBoardPkg/Acpi/AcpiTables/SsdtXhci/UsbPortXhciMtlPsDdr5RvpFabB.asl
MeteorLakeBoardPkg/Acpi/AcpiTables/SsdtXhci/UsbPortXhciMtlPsDdr5Sbc.asl
MeteorLakeBoardPkg/Acpi/AcpiTables/SsdtXhci/UsbPortXhciMtlPsDdr5TcpRvp.asl
MeteorLakeBoardPkg/Acpi/AcpiTables/SsdtXhci/UsbPortXhciMtlSSD02Rvp.asl
MeteorLakeBoardPkg/Acpi/AcpiTables/SsdtXhci/UsbPortXhciMtlSU1D01Rvp.asl
MeteorLakeBoardPkg/Acpi/AcpiTables/SsdtXhci/UsbPortXhciMtlSU1DOC04Rvp.asl
MeteorLakeBoardPkg/Acpi/AcpiTables/SsdtXhci/UsbPortXhciMtlSU2D03Rvp.asl

================================================================================ 
Commit: cbdd628b78890a799cfcb93335c87e94612b5247 
Author: ClientSysFWGit <clientsysfwgit@intel.com> 
Date: Tue Apr 8 15:03:25 2025 +0530 
-------------------------------------------------------------------------------- 
[ARL-S]Fixed bluetooth devices were treated as removable devices

[Issue Description]
Bluetooth devices seem to be visible in the OS
When disabled TCSS XHCI Support in BIOS setup

[Resolution]
Add if condition to check the THXC USB PORT.
Avoid TCSS SSDT didn't dispatch when TCSS XHCI option disable

Package/Module:xxxBoardPkg

[Impacted Platform]
Default ALL.

Hsd-es-id: 15017172144
Original commit date: Thu Feb 20 12:21:11 2025 +0800
Change-Id: I2e625599802b5c403b4431762ff07e323df1285e
Original commit hash: 36ab04b98036efb8a4daa4d1ae9b0b4b3f91816b

-------------------------------------------------------------------------------- 
[Changed Files]
MeteorLakeBoardPkg/Acpi/AcpiTables/SsdtXhci/UsbPortXhciArlHBep.asl
MeteorLakeBoardPkg/Acpi/AcpiTables/SsdtXhci/UsbPortXhciArlHDdr5SODimmAep.asl
MeteorLakeBoardPkg/Acpi/AcpiTables/SsdtXhci/UsbPortXhciArlSDdr5SODimm2DpcAep.asl
MeteorLakeBoardPkg/Acpi/AcpiTables/SsdtXhci/UsbPortXhciArlSbgaErb.asl
MeteorLakeBoardPkg/Acpi/AcpiTables/SsdtXhci/UsbPortXhciArlSbgaUDimm2Dpc.asl
MeteorLakeBoardPkg/Acpi/AcpiTables/SsdtXhci/UsbPortXhciMtlHLpCammModPc.asl
MeteorLakeBoardPkg/Acpi/AcpiTables/SsdtXhci/UsbPortXhciMtlMLp5xAep.asl
MeteorLakeBoardPkg/Acpi/AcpiTables/SsdtXhci/UsbPortXhciMtlMLp5xConf1Rvp.asl
MeteorLakeBoardPkg/Acpi/AcpiTables/SsdtXhci/UsbPortXhciMtlMLp5xConf1RvpBom1.asl
MeteorLakeBoardPkg/Acpi/AcpiTables/SsdtXhci/UsbPortXhciMtlPDdr5Crb.asl
MeteorLakeBoardPkg/Acpi/AcpiTables/SsdtXhci/UsbPortXhciMtlPDdr5MemSolderDowndTBTRvp.asl
MeteorLakeBoardPkg/Acpi/AcpiTables/SsdtXhci/UsbPortXhciMtlPDdr5SODimmB2bHsioRvp.asl
MeteorLakeBoardPkg/Acpi/AcpiTables/SsdtXhci/UsbPortXhciMtlPDdr5SODimmSbsRvp.asl
MeteorLakeBoardPkg/Acpi/AcpiTables/SsdtXhci/UsbPortXhciMtlPDdr5SODimmSbsRvpBom2.asl
MeteorLakeBoardPkg/Acpi/AcpiTables/SsdtXhci/UsbPortXhciMtlPDdr5T4SODimmSbsRvp.asl
MeteorLakeBoardPkg/Acpi/AcpiTables/SsdtXhci/UsbPortXhciMtlPGcs.asl
MeteorLakeBoardPkg/Acpi/AcpiTables/SsdtXhci/UsbPortXhciMtlPLp5xAep.asl
MeteorLakeBoardPkg/Acpi/AcpiTables/SsdtXhci/UsbPortXhciMtlPLp5xBep.asl
MeteorLakeBoardPkg/Acpi/AcpiTables/SsdtXhci/UsbPortXhciMtlPLp5xT3Rvp.asl
MeteorLakeBoardPkg/Acpi/AcpiTables/SsdtXhci/UsbPortXhciMtlPsDdr5CrbFabB.asl
MeteorLakeBoardPkg/Acpi/AcpiTables/SsdtXhci/UsbPortXhciMtlPsDdr5OnlyDpRvp.asl
MeteorLakeBoardPkg/Acpi/AcpiTables/SsdtXhci/UsbPortXhciMtlPsDdr5Ppv.asl
MeteorLakeBoardPkg/Acpi/AcpiTables/SsdtXhci/UsbPortXhciMtlPsDdr5PpvFabB.asl
MeteorLakeBoardPkg/Acpi/AcpiTables/SsdtXhci/UsbPortXhciMtlPsDdr5Rvp.asl
MeteorLakeBoardPkg/Acpi/AcpiTables/SsdtXhci/UsbPortXhciMtlPsDdr5RvpFabB.asl
MeteorLakeBoardPkg/Acpi/AcpiTables/SsdtXhci/UsbPortXhciMtlPsDdr5Sbc.asl
MeteorLakeBoardPkg/Acpi/AcpiTables/SsdtXhci/UsbPortXhciMtlPsDdr5TcpRvp.asl
MeteorLakeBoardPkg/Acpi/AcpiTables/SsdtXhci/UsbPortXhciMtlSSD02Rvp.asl
MeteorLakeBoardPkg/Acpi/AcpiTables/SsdtXhci/UsbPortXhciMtlSU1D01Rvp.asl
MeteorLakeBoardPkg/Acpi/AcpiTables/SsdtXhci/UsbPortXhciMtlSU1DOC04Rvp.asl
MeteorLakeBoardPkg/Acpi/AcpiTables/SsdtXhci/UsbPortXhciMtlSU2D03Rvp.asl

================================================================================ 
Commit: 6c2fc9b6e5e9a5adf701d35876ad6b9f64b0e94f 
Author: ClientSysFWGit <clientsysfwgit@intel.com> 
Date: Tue Apr 8 15:03:15 2025 +0530 
-------------------------------------------------------------------------------- 
"[TeamCity] MTL MeteorLake_arrowlake_s_program_platform_Daily Daily Updating Version/ID: MeteorLake_5083_81

Hsd-es-id: N/A"
Original commit date: Sat Feb 22 09:41:58 2025 -0800
Original commit hash: 263d9224c7e89b88dd93a2907f58700d72dd5177

-------------------------------------------------------------------------------- 
[Changed Files]
ClientOneSiliconPkg/Product/MeteorLake/EarlyDevices/Readme.md
ClientOneSiliconPkg/SiPkg.dec
Doxygen/BoardApi.chm
Doxygen/FspApi.chm
Doxygen/MeteorLake_FSP_Integration_Guide.chm
Doxygen/MeteorLake_FSP_Integration_Guide.pdf
Doxygen/PlatApi.chm
Doxygen/SiPkgApi.chm
LICENSE.txt
MeteorLakeBoardPkg/CapsuleUpdateConfig/.gitignore
MeteorLakeBoardPkg/Features/CapsuleUpdate/Tools/CapsuleGenerate/Ucode/.gitignore
