================================================================================ 
Commit: cea9eb530bb4accbb186db45577eb3817cb7a5d3 
Author: DCPAE SERVER <dcpae.server@intel.com> 
Date: Thu Oct 24 11:50:31 2024 -0700 
-------------------------------------------------------------------------------- 
"[TeamCity] SvrG3 ServerGen3_main_gen3_Daily Daily Updating Version/ID: BCHSTRM.0.RPB.0036.D.85,
LOGANVL.0.RPB.0032.D.70,
KSYVLLE.1.RPB.0026.D.98,
GNRSPWS.0.RPB.0031.D.02

Hsd-es-id: N/A"
Original commit date: Wed Oct 16 11:10:51 2024 -0700
Original commit hash: 3764146315632d11791ddb43e9dfe4366a64ab76

-------------------------------------------------------------------------------- 
[Changed Files]
GnrwsRpPkg/Tool/GenBiosId/BiosId.env
GnrwsRpPkg/Tool/GenBiosId/BiosIdD.env
GnrwsRpPkg/Tool/GenBiosId/BiosIdR.env
GnrwsRpPkg/Tool/GenBiosId/BiosIdS.env
GnrwsRpPkg/Tool/GenIfwiId/IfwiIdD.env
GnrwsRpPkg/Tool/GenIfwiId/IfwiIdR.env
GnrwsRpPkg/Tool/GenIfwiId/IfwiIdS.env

================================================================================ 
Commit: da0475afc80f9267842600968b6f2636f86b7adc 
Author: DCPAE SERVER <dcpae.server@intel.com> 
Date: Thu Oct 24 11:50:29 2024 -0700 
-------------------------------------------------------------------------------- 
"[TeamCity] SvrG3 ServerGen3_main_gen3_Daily Daily Updating Version/ID: BCHSTRM.0.RPB.0036.D.84,
LOGANVL.0.RPB.0032.D.69,
KSYVLLE.1.RPB.0026.D.97,
GNRSPWS.0.RPB.0031.D.01,
Server-RC-0x02.0x00.0x01.0283

Hsd-es-id: N/A"
Original commit date: Wed Oct 16 04:11:10 2024 -0700
Original commit hash: 8e692692e7bfd078ff6104aa8a2b55bfe4672c6b

-------------------------------------------------------------------------------- 
[Changed Files]
CpRcPkg/CpRcPkg.dec
GnrwsRpPkg/Tool/GenBiosId/BiosId.env
GnrwsRpPkg/Tool/GenBiosId/BiosIdD.env
GnrwsRpPkg/Tool/GenBiosId/BiosIdR.env
GnrwsRpPkg/Tool/GenBiosId/BiosIdS.env
GnrwsRpPkg/Tool/GenIfwiId/IfwiIdD.env
GnrwsRpPkg/Tool/GenIfwiId/IfwiIdR.env
GnrwsRpPkg/Tool/GenIfwiId/IfwiIdS.env

================================================================================ 
Commit: c973847cf0f273549fe37e591ad4235d800cd05f 
Author: DCPAE SERVER <dcpae.server@intel.com> 
Date: Thu Oct 24 11:50:26 2024 -0700 
-------------------------------------------------------------------------------- 
"[TeamCity] SvrG3 ServerGen3_main_gen3_Daily Daily Updating Version/ID: BCHSTRM.0.RPB.0036.D.83,
LOGANVL.0.RPB.0032.D.68,
KSYVLLE.1.RPB.0026.D.96,
GNRSPWS.0.RPB.0030.D.99,
Server-RC-0x02.0x00.0x01.0282

Hsd-es-id: N/A"
Original commit date: Wed Oct 16 04:06:55 2024 -0700
Original commit hash: 46aa667849904c253eada438f3344ae905e6acc6

-------------------------------------------------------------------------------- 
[Changed Files]
CpRcPkg/CpRcPkg.dec
GnrwsRpPkg/Tool/GenBiosId/BiosId.env
GnrwsRpPkg/Tool/GenBiosId/BiosIdD.env
GnrwsRpPkg/Tool/GenBiosId/BiosIdR.env
GnrwsRpPkg/Tool/GenBiosId/BiosIdS.env
GnrwsRpPkg/Tool/GenIfwiId/IfwiIdD.env
GnrwsRpPkg/Tool/GenIfwiId/IfwiIdR.env
GnrwsRpPkg/Tool/GenIfwiId/IfwiIdS.env

================================================================================ 
Commit: 9a9796275ae5451829a8ffe0d7e68056ab461f71 
Author: DCPAE SERVER <dcpae.server@intel.com> 
Date: Thu Oct 24 11:50:22 2024 -0700 
-------------------------------------------------------------------------------- 
Nv Variable Seamless Update -- Revision Data Update

Hsd-es-id: 22020565832

Original commit date: Tue Oct 15 17:35:14 2024 -0700
Change-Id: Ixmsgn8mhgxgyr75qkb66fzrjhqdm0y4va2ccnacz
Original commit hash: c52e2b070cb609d86b775688e003b4f76e5024ba

-------------------------------------------------------------------------------- 
[Changed Files]
BirchStreamOpenBoardPkg/PreBuildSetupPcdDefaults.dsc.inc
ServerPlatformPkg/Include/NvVariableUpdateRule.h

================================================================================ 
Commit: 299c91844add12d493baabc484181093d438176b 
Author: DCPAE SERVER <dcpae.server@intel.com> 
Date: Thu Oct 24 11:50:19 2024 -0700 
-------------------------------------------------------------------------------- 
[GNR-WS] Set SGX/TDX capabilty to INCAPABLE

[Issue Description]
SGX/TDX lib were removed because SGX/TDX feature are not POR for
GNR-WS project, capabilty of SGX/TDX not initialized and impact
memory RAS setting.

[Resolution]
Set SGX/TDX capabilty to INCAPABLE.

Package/Module:
ServerSiliconPkg

[Impacted Platform]
GNR-WS

Hsd-es-id: 15016952454

Original commit date: Tue Oct 15 18:06:56 2024 +0800
Change-Id: Id888f34635ceb159001a502d656a85daec3caf58
Original commit hash: b7b0980ccf930eefb588e5631ae7dcc0f9a03ae2

-------------------------------------------------------------------------------- 
[Changed Files]
ServerSiliconPkg/Security/Cct/Library/FruCpuFeaturePrmLib/4v0/FruCpuFeaturePrmPreMemLibNull.c
ServerSiliconPkg/Security/Cct/Library/SecurityIdePreMemLib/4v0/SgxPreMemInitNull.c
ServerSiliconPkg/Security/Cct/Library/SecurityIdePreMemLib/4v0/TdxPreMemInitNull.c

================================================================================ 
Commit: fff74e6bf7c6c45e16a9660b40fddc3764a29483 
Author: DCPAE SERVER <dcpae.server@intel.com> 
Date: Thu Oct 24 11:50:15 2024 -0700 
-------------------------------------------------------------------------------- 
[GNR-WS][RVP-B2][Thermal] - Intel Dynamic Tunning Technology does not work
with new BIOS knob (IPClean Release & Debug IFWI 30.D59)

[Issue Description]
DTT UI should show connection and Application status in GREEN

[Resolution]
Adding Sensors related code to WS causing DTT UI connection failed.
DPTF Sensors code is not applicable for WS. Removing sensor related
code fixing this issue.

Package/Module:
GnrwsRpPkg

[Impacted Platform]
GNRWS

Hsd-es-id: 22020541127

Original commit date: Tue Oct 15 18:11:27 2024 +0530
Change-Id: Ia2260ffd368bbc788ee05378f34525c26f4142fb
Original commit hash: 9587f16cc5618e0d19fae36f69595b57e5d48504

-------------------------------------------------------------------------------- 
[Changed Files]
BirchStreamOpenBoardPkg/PreBuildSetupPcdDefaults.dsc.inc
GnrwsRpPkg/Features/Ec/EcFeaturePkg/AcpiTables/EcSsdt/EcBase.asl
GnrwsRpPkg/Features/Ec/EcFeaturePkg/AcpiTables/EcSsdt/EcDevice.asl
GnrwsRpPkg/Features/Ec/EcFeaturePkg/EcDxe/EcDxe.c
GnrwsRpPkg/Platform/Dxe/Dptf/AcpiTables/Dptf.asl
GnrwsRpPkg/Platform/Dxe/Setup/Advanced.vfr
GnrwsRpPkg/Platform/Dxe/Setup/SetupStrings.uni
ServerPlatformPkg/Features/Acpi/Dxe/AcpiPlatform/AcpiPlatformHooks.c
ServerPlatformPkg/Include/Guid/SetupVariable.h
ServerPlatformPkg/Include/NvVariableUpdateRule.h

================================================================================ 
Commit: e82a3aa5f4f8efa278204febfe66427aff2d3599 
Author: DCPAE SERVER <dcpae.server@intel.com> 
Date: Thu Oct 24 11:50:10 2024 -0700 
-------------------------------------------------------------------------------- 
"[TeamCity] SvrG3 ServerGen3_main_gen3_Daily Daily Updating Version/ID: BCHSTRM.0.RPB.0036.D.82,
LOGANVL.0.RPB.0032.D.67,
KSYVLLE.1.RPB.0026.D.95,
GNRSPWS.0.RPB.0030.D.98,
Server-RC-0x02.0x00.0x01.0281

Hsd-es-id: N/A"
Original commit date: Tue Oct 15 11:10:56 2024 -0700
Original commit hash: ab48957b7f5861219997be49fa8f84866d192539

-------------------------------------------------------------------------------- 
[Changed Files]
CpRcPkg/CpRcPkg.dec
GnrwsRpPkg/Tool/GenBiosId/BiosId.env
GnrwsRpPkg/Tool/GenBiosId/BiosIdD.env
GnrwsRpPkg/Tool/GenBiosId/BiosIdR.env
GnrwsRpPkg/Tool/GenBiosId/BiosIdS.env
GnrwsRpPkg/Tool/GenIfwiId/IfwiIdD.env
GnrwsRpPkg/Tool/GenIfwiId/IfwiIdR.env
GnrwsRpPkg/Tool/GenIfwiId/IfwiIdS.env

================================================================================ 
Commit: 584122e0286158b2950db792eff5b98bdabf393d 
Author: DCPAE SERVER <dcpae.server@intel.com> 
Date: Thu Oct 24 11:50:07 2024 -0700 
-------------------------------------------------------------------------------- 
[GNR SP B1] [4S] [SAF]Mcheck error is F6C3 when only enabling SAF

[Issue Description]
Security BIOS does not add UPL size when UPL is supported and IFS-only
flow is requested. This leads to MCHECK error 6C3 when only enabling
SAF

[Resolution]
Add UPL PRMRR size to a TotalPrmrrSize requested by Security domain.

Package/Module:
ServerSiliconPkg/Security

[Impacted Platform]
BIRCHSTREAM-SP 4S ANY SOC

Hsd-es-id: 18040279554

Original commit date: Mon Oct 14 16:54:26 2024 +0200
Change-Id: I947b0b6a7e22fb243d0564e36a697acf8af0dc9f
Original commit hash: 131da770902ef50761046197df73397c86592570

-------------------------------------------------------------------------------- 
[Changed Files]
ServerSiliconPkg/Security/Cct/Library/FruCpuFeaturePrmLib/4v0/Private/Common.c

================================================================================ 
Commit: 230a442869eb8d15b50c8118eeab55132bf8773f 
Author: DCPAE SERVER <dcpae.server@intel.com> 
Date: Thu Oct 24 11:50:04 2024 -0700 
-------------------------------------------------------------------------------- 
"[TeamCity] SvrG3 ServerGen3_main_gen3_Daily Daily Updating Version/ID: BCHSTRM.0.RPB.0036.D.81,
LOGANVL.0.RPB.0032.D.66,
KSYVLLE.1.RPB.0026.D.94,
GNRSPWS.0.RPB.0030.D.97,
Server-RC-0x02.0x00.0x01.0280

Hsd-es-id: N/A"
Original commit date: Tue Oct 15 04:10:58 2024 -0700
Original commit hash: 17458d2227ddcd1b74e5c53ffbfda66c10a307c7

-------------------------------------------------------------------------------- 
[Changed Files]
CpRcPkg/CpRcPkg.dec
GnrwsRpPkg/Tool/GenBiosId/BiosId.env
GnrwsRpPkg/Tool/GenBiosId/BiosIdD.env
GnrwsRpPkg/Tool/GenBiosId/BiosIdR.env
GnrwsRpPkg/Tool/GenBiosId/BiosIdS.env
GnrwsRpPkg/Tool/GenIfwiId/IfwiIdD.env
GnrwsRpPkg/Tool/GenIfwiId/IfwiIdR.env
GnrwsRpPkg/Tool/GenIfwiId/IfwiIdS.env

================================================================================ 
Commit: 70dc757cfe12439e7b1e1dcbbd5037b3d6ac25d2 
Author: DCPAE SERVER <dcpae.server@intel.com> 
Date: Thu Oct 24 11:50:01 2024 -0700 
-------------------------------------------------------------------------------- 
Unable to boot to bios page when Ubios is enabled

[Issue Description] or [Feature Description]
The root cause is While ubios enabled,will skip the Function
SendPermanentMemoryAddressToAp, which lead to the S1's EfiNvramSocketXDataHobGuids hob is NULL.

[Resolution]
skip assert if ubios

Package/Module:
ServerSiliconPkg/MemDataInterfaceLib

[Impacted Platform]
GNR AP

Hsd-es-id: 15016931083

Original commit date: Fri Oct 11 21:19:05 2024 +0800
Change-Id: Ieedc8ff38da98851cfc276dd0711efc86ed2d421
Original commit hash: 7157e6cceb6648ad650e11dbd8c4fe09bb9e29f6

-------------------------------------------------------------------------------- 
[Changed Files]
ServerSiliconPkg/Mem/Library/MemDataInterfaceLib/Common/MemDataCommonDxeLib.c
ServerSiliconPkg/Mem/Library/MemDataInterfaceLib/MemDataInterfaceDxeSmmLibGnr.inf
ServerSiliconPkg/Mem/Library/MemDataInterfaceLib/MemDataInterfaceLibGnr.inf

================================================================================ 
Commit: c4ca7141add6f6607f0c3b062ce4c125c749049a 
Author: DCPAE SERVER <dcpae.server@intel.com> 
Date: Thu Oct 24 11:49:58 2024 -0700 
-------------------------------------------------------------------------------- 
"[TeamCity] SvrG3 ServerGen3_main_gen3_Daily Daily Updating Version/ID: BCHSTRM.0.RPB.0036.D.80,
LOGANVL.0.RPB.0032.D.65,
KSYVLLE.1.RPB.0026.D.93,
GNRSPWS.0.RPB.0030.D.96,
Server-RC-0x02.0x00.0x01.027F

Hsd-es-id: N/A"
Original commit date: Tue Oct 15 01:58:24 2024 -0700
Original commit hash: fae9488b6495586f800c56c2f413d32cd8762def

-------------------------------------------------------------------------------- 
[Changed Files]
CpRcPkg/CpRcPkg.dec
GnrwsRpPkg/Tool/GenBiosId/BiosId.env
GnrwsRpPkg/Tool/GenBiosId/BiosIdD.env
GnrwsRpPkg/Tool/GenBiosId/BiosIdR.env
GnrwsRpPkg/Tool/GenBiosId/BiosIdS.env
GnrwsRpPkg/Tool/GenIfwiId/IfwiIdD.env
GnrwsRpPkg/Tool/GenIfwiId/IfwiIdR.env
GnrwsRpPkg/Tool/GenIfwiId/IfwiIdS.env

================================================================================ 
Commit: ed0e64360a58b5892fcf2c99dae4585dddf852e7 
Author: DCPAE SERVER <dcpae.server@intel.com> 
Date: Thu Oct 24 11:49:55 2024 -0700 
-------------------------------------------------------------------------------- 
Remove duplicated PPR memflow bit MemFlowPostPackageRepairMainStep

[Issue Description]
duplicated PPR memflow bit used

[Resolution]
Remove duplicated PPR memflow bit MemFlowPostPackageRepairMainStep

Package/Module: CpRcPkg/BaseDdr5CoreLib

[Impacted Platform]
GNR, SRF, CWF

Hsd-es-id: 15016926061

Original commit date: Fri Oct 11 15:36:54 2024 +0800
Change-Id: Ib0c52a21de2b6813879d5c2c43ca394df6f5d134
Original commit hash: f26e4733e38c1690b6700bb4137418a000d8fd59

-------------------------------------------------------------------------------- 
[Changed Files]
CpRcPkg/Include/Memory/MemFlowsDefinitions.h
CpRcPkg/Library/BaseDdr5CoreLib/MemPpr.c
CpRcPkg/Library/BaseMemoryCoreLib/Core/Mem/MemStart.c
ServerPlatformPkg/Platform/Dxe/SocketSetup/MemorySetupStrings.uni
ServerSiliconPkg/Mem/Library/MemTrainingLib/Gnr/MemTrainingCallTable.c

================================================================================ 
Commit: b8e19bd60bf8b0deeb72b368f30da319cd400be6 
Author: DCPAE SERVER <dcpae.server@intel.com> 
Date: Thu Oct 24 11:49:52 2024 -0700 
-------------------------------------------------------------------------------- 
BIOS should resume i3c controller and switch i3c mode when it is in halt state

[Feature Description]
BIOS should resume i3c controller and switch i3c mode when it is in halt state

Package/Module: ServerSiliconPkg/ProcSmbIpLib

[Impacted Platform]
GNR, SRF, CWF

Hsd-es-id: 15016899087

Original commit date: Tue Oct 8 14:14:26 2024 +0800
Change-Id: I211189af82d53785ee6841b6491db9aca1c81481
Original commit hash: d8a0c33bd92bce7cbf4093d309bd05808272d6f2

-------------------------------------------------------------------------------- 
[Changed Files]
ServerSiliconPkg/Library/ProcSmbIpLib/Common/ProcSmbChipCommon.c

================================================================================ 
Commit: 6ebf88a27fc63ed6706f94ba964b80c6ec434bd3 
Author: DCPAE SERVER <dcpae.server@intel.com> 
Date: Thu Oct 24 11:49:49 2024 -0700 
-------------------------------------------------------------------------------- 
"[TeamCity] SvrG3 ServerGen3_main_gen3_Daily Daily Updating Version/ID: BCHSTRM.0.RPB.0036.D.79,
LOGANVL.0.RPB.0032.D.64,
KSYVLLE.1.RPB.0026.D.92,
GNRSPWS.0.RPB.0030.D.95,
Server-RC-0x02.0x00.0x01.027E

Hsd-es-id: N/A"
Original commit date: Mon Oct 14 20:18:04 2024 -0700
Original commit hash: 96dee3deb3f7f19f345c10895a51b7297a06abd3

-------------------------------------------------------------------------------- 
[Changed Files]
CpRcPkg/CpRcPkg.dec
GnrwsRpPkg/Tool/GenBiosId/BiosId.env
GnrwsRpPkg/Tool/GenBiosId/BiosIdD.env
GnrwsRpPkg/Tool/GenBiosId/BiosIdR.env
GnrwsRpPkg/Tool/GenBiosId/BiosIdS.env

================================================================================ 
Commit: 46e47cc140f1c01fc182e1aea682aa9d4ef6b5e7 
Author: DCPAE SERVER <dcpae.server@intel.com> 
Date: Thu Oct 24 11:49:46 2024 -0700 
-------------------------------------------------------------------------------- 
"[TeamCity] SvrG3 ServerGen3_main_gen3_Daily Daily Updating Version/ID: BCHSTRM.0.RPB.0036.D.78,
LOGANVL.0.RPB.0032.D.63,
KSYVLLE.1.RPB.0026.D.91,
GNRSPWS.0.RPB.0030.D.94

Hsd-es-id: N/A"
Original commit date: Mon Oct 14 17:48:39 2024 -0700
Original commit hash: 1a2ced3e9ca06bf0848dcba78d5d73e0b438b3de

-------------------------------------------------------------------------------- 
[Changed Files]
GnrwsRpPkg/Tool/GenBiosId/BiosId.env
GnrwsRpPkg/Tool/GenBiosId/BiosIdD.env
GnrwsRpPkg/Tool/GenBiosId/BiosIdR.env
GnrwsRpPkg/Tool/GenBiosId/BiosIdS.env

================================================================================ 
Commit: 747ed92e9523d73ef1c249ce37ae22eb24195687 
Author: DCPAE SERVER <dcpae.server@intel.com> 
Date: Thu Oct 24 11:49:42 2024 -0700 
-------------------------------------------------------------------------------- 
[GNRWS] LTR RCIL and UPDMI

[Issue Description]
DEVCAP2.ltrms and DEVCTL2.ltrme are not getting set in the right sequence
relative to UPDMI registers. UPDMI is sending LTR when RCIL (DPDMI)
is not yet configured to receive it.

[Resolution]
LTR enabling sequence change to be as described below:
1) Enable LTR support on RCIL side
2) Enable LTR support on UPDMI side

Package/Module:

[Impacted Platform]
GNR-WS

Hsd-es-id: 13012440796

Original commit date: Mon Oct 14 02:45:48 2024 -0700
Change-Id: Iac0bcffee6a52b18bf4f9dae74744af76f0eac89
Original commit hash: 8a009198b9783ef854f2eeb570970efef4920049

-------------------------------------------------------------------------------- 
[Changed Files]
OneSiliconPkg/Fru/MtlPch/Library/PchDmiExtLib/PchDmiExtLib.c
OneSiliconPkg/IpBlock/PcieRp/IncludePrivate/Library/PeiDmiSipInitLib.h
OneSiliconPkg/IpBlock/PcieRp/LibraryPrivate/PeiPcieSipInitLib/PeiDmiSipInitLib.c
OneSiliconPkg/Product/GnrWs/Include/Library/DmiExtLib.h
ServerSiliconPkg/Iio/Library/IioDmiLib/IioDmiLibGnrWs/IioDmiInitGnrWs.c

================================================================================ 
Commit: 3cd595cba9af4b3b873293a70a54c176b21c4503 
Author: DCPAE SERVER <dcpae.server@intel.com> 
Date: Thu Oct 24 11:49:39 2024 -0700 
-------------------------------------------------------------------------------- 
"[TeamCity] SvrG3 ServerGen3_main_gen3_Daily Daily Updating Version/ID: BCHSTRM.0.RPB.0036.D.77,
LOGANVL.0.RPB.0032.D.62,
KSYVLLE.1.RPB.0026.D.90,
GNRSPWS.0.RPB.0030.D.93

Hsd-es-id: N/A"
Original commit date: Mon Oct 14 11:10:51 2024 -0700
Original commit hash: fbd7b24a1817bfb8cc7d4b463a15b6bf0b17473f

-------------------------------------------------------------------------------- 
[Changed Files]
GnrwsRpPkg/Tool/GenBiosId/BiosId.env
GnrwsRpPkg/Tool/GenBiosId/BiosIdD.env
GnrwsRpPkg/Tool/GenBiosId/BiosIdR.env
GnrwsRpPkg/Tool/GenBiosId/BiosIdS.env

================================================================================ 
Commit: 71c4ca24aeeb828afd73d0aef2c182bd1aa00386 
Author: DCPAE SERVER <dcpae.server@intel.com> 
Date: Thu Oct 24 11:49:37 2024 -0700 
-------------------------------------------------------------------------------- 
"[TeamCity] SvrG3 ServerGen3_main_gen3_Daily Daily Updating Version/ID: BCHSTRM.0.RPB.0036.D.76,
LOGANVL.0.RPB.0032.D.61,
KSYVLLE.1.RPB.0026.D.89,
GNRSPWS.0.RPB.0030.D.92,
Server-RC-0x02.0x00.0x01.027D

Hsd-es-id: N/A"
Original commit date: Mon Oct 14 04:11:02 2024 -0700
Original commit hash: ad37f897b1b5551cc6ee9acdf35545a6cdf455cf

-------------------------------------------------------------------------------- 
[Changed Files]
CpRcPkg/CpRcPkg.dec
GnrwsRpPkg/Tool/GenBiosId/BiosId.env
GnrwsRpPkg/Tool/GenBiosId/BiosIdD.env
GnrwsRpPkg/Tool/GenBiosId/BiosIdR.env
GnrwsRpPkg/Tool/GenBiosId/BiosIdS.env
GnrwsRpPkg/Tool/GenIfwiId/IfwiIdD.env
GnrwsRpPkg/Tool/GenIfwiId/IfwiIdR.env
GnrwsRpPkg/Tool/GenIfwiId/IfwiIdS.env

================================================================================ 
Commit: 55550df8a10acd6e5361993c43165b5408063055 
Author: DCPAE SERVER <dcpae.server@intel.com> 
Date: Thu Oct 24 11:49:34 2024 -0700 
-------------------------------------------------------------------------------- 
[GNRWS] System is not entering S3 using power button in second cycle.

[Issue Description]
System is not entering S3 using power button in second cycle.

[Resolution]
Apply power button wake enable in PEI flow.

Package/Module:
OneSiliconPkg

[Impacted Platform]
GNR-WS

Hsd-es-id: 13012408913

Original commit date: Fri Oct 11 10:04:21 2024 +0200
Change-Id: I999421b2a34e357d4f4457443a5931b3622c3653
Original commit hash: 39c284c43751e8a7ed22a6bf170e5f7707b0a3a9

-------------------------------------------------------------------------------- 
[Changed Files]
OneSiliconPkg/Fru/Ibl/LibraryPrivate/PeiIblInitLib/IblInitPreMem.c

================================================================================ 
Commit: e5da2da7433e7273646147241e7f2486be0d5855 
Author: DCPAE SERVER <dcpae.server@intel.com> 
Date: Thu Oct 24 11:49:30 2024 -0700 
-------------------------------------------------------------------------------- 
[GNRWS][OC] Add Support for MAX Voltage Limit OCMB 0x28/0x29

[Feature Description]
Add Support for MAX Voltage Limit OCMB 0x28/0x29

Package/Module: ServerSiliconPkg/Overclocking

[Impacted Platform]
GNRWS

Hsd-es-id: 15016771859

Original commit date: Wed Sep 11 13:38:12 2024 +0800
Change-Id: Id399cb08325c0e4c7adf03f0d37853d0f9839f3a
Original commit hash: f33264b8c311fb729f366f9dd9bad634f8a4c3b2

-------------------------------------------------------------------------------- 
[Changed Files]
BirchStreamOpenBoardPkg/PreBuildSetupPcdDefaults.dsc.inc
GnrwsRpPkg/Platform/Dxe/Setup/OverclockSetup.hfr
GnrwsRpPkg/Platform/Dxe/Setup/OverclockSetup.uni
ServerPlatformPkg/Include/Configuration.h
ServerPlatformPkg/Include/Guid/OcSetupVariable.h
ServerPlatformPkg/Library/OcPolicyUpdateCommonLib/OcPolicyUpdateCommonLib.c
ServerPlatformPkg/Library/PpmPolicyUpdateCommonLib/PpmPolicyUpdateCommonLib.inf
ServerSiliconPkg/Overclocking/Include/Library/OcCommonLib.h
ServerSiliconPkg/Overclocking/Include/OcPolicyPei.h
ServerSiliconPkg/Overclocking/OcInitPostMem.c

================================================================================ 
Commit: 9d059bcd4357d7df70fdc3f292223877faf61ac8 
Author: DCPAE SERVER <dcpae.server@intel.com> 
Date: Thu Oct 24 11:49:28 2024 -0700 
-------------------------------------------------------------------------------- 
"[TeamCity] SvrG3 ServerGen3_main_gen3_Daily Daily Updating Version/ID: BCHSTRM.0.RPB.0036.D.75,
LOGANVL.0.RPB.0032.D.60,
KSYVLLE.1.RPB.0026.D.88,
GNRSPWS.0.RPB.0030.D.91

Hsd-es-id: N/A"
Original commit date: Sun Oct 13 11:10:59 2024 -0700
Original commit hash: 89ba354b35a2495457b65817a614f9e79afc3e0e

-------------------------------------------------------------------------------- 
[Changed Files]
GnrwsRpPkg/Tool/GenBiosId/BiosId.env
GnrwsRpPkg/Tool/GenBiosId/BiosIdD.env
GnrwsRpPkg/Tool/GenBiosId/BiosIdR.env
GnrwsRpPkg/Tool/GenBiosId/BiosIdS.env
GnrwsRpPkg/Tool/GenIfwiId/IfwiIdD.env
GnrwsRpPkg/Tool/GenIfwiId/IfwiIdR.env
GnrwsRpPkg/Tool/GenIfwiId/IfwiIdS.env

================================================================================ 
Commit: 171147f3ab102be26bf9b6a667180527d9715c4b 
Author: DCPAE SERVER <dcpae.server@intel.com> 
Date: Thu Oct 24 11:49:25 2024 -0700 
-------------------------------------------------------------------------------- 
"[TeamCity] SvrG3 ServerGen3_main_gen3_Daily Daily Updating Version/ID: BCHSTRM.0.RPB.0036.D.74,
LOGANVL.0.RPB.0032.D.59,
KSYVLLE.1.RPB.0026.D.87,
GNRSPWS.0.RPB.0030.D.90

Hsd-es-id: N/A"
Original commit date: Sun Oct 13 04:11:08 2024 -0700
Original commit hash: bfda0a3a0267375801e6dab75a13e7da6b31dd03

-------------------------------------------------------------------------------- 
[Changed Files]
GnrwsRpPkg/Tool/GenBiosId/BiosId.env
GnrwsRpPkg/Tool/GenBiosId/BiosIdD.env
GnrwsRpPkg/Tool/GenBiosId/BiosIdR.env
GnrwsRpPkg/Tool/GenBiosId/BiosIdS.env
GnrwsRpPkg/Tool/GenIfwiId/IfwiIdD.env
GnrwsRpPkg/Tool/GenIfwiId/IfwiIdR.env
GnrwsRpPkg/Tool/GenIfwiId/IfwiIdS.env

================================================================================ 
Commit: 77eb05d4021276739aae073cf62670769a6bbe8e 
Author: DCPAE SERVER <dcpae.server@intel.com> 
Date: Thu Oct 24 11:49:23 2024 -0700 
-------------------------------------------------------------------------------- 
"[TeamCity] SvrG3 ServerGen3_main_gen3_Daily Daily Updating Version/ID: BCHSTRM.0.RPB.0036.D.73,
LOGANVL.0.RPB.0032.D.58,
KSYVLLE.1.RPB.0026.D.86,
GNRSPWS.0.RPB.0030.D.89

Hsd-es-id: N/A"
Original commit date: Sat Oct 12 11:10:57 2024 -0700
Original commit hash: 42ebaa3ea7a49ea2d944a0f5463d636da241f468

-------------------------------------------------------------------------------- 
[Changed Files]
GnrwsRpPkg/Tool/GenBiosId/BiosId.env
GnrwsRpPkg/Tool/GenBiosId/BiosIdD.env
GnrwsRpPkg/Tool/GenBiosId/BiosIdR.env
GnrwsRpPkg/Tool/GenBiosId/BiosIdS.env
GnrwsRpPkg/Tool/GenIfwiId/IfwiIdD.env
GnrwsRpPkg/Tool/GenIfwiId/IfwiIdR.env
GnrwsRpPkg/Tool/GenIfwiId/IfwiIdS.env

================================================================================ 
Commit: 336d8ad626446cbccf170d390ba208fdc2f95669 
Author: DCPAE SERVER <dcpae.server@intel.com> 
Date: Thu Oct 24 11:49:21 2024 -0700 
-------------------------------------------------------------------------------- 
"[TeamCity] SvrG3 ServerGen3_main_gen3_Daily Daily Updating Version/ID: BCHSTRM.0.RPB.0036.D.72,
LOGANVL.0.RPB.0032.D.57,
KSYVLLE.1.RPB.0026.D.85,
GNRSPWS.0.RPB.0030.D.88

Hsd-es-id: N/A"
Original commit date: Sat Oct 12 04:10:47 2024 -0700
Original commit hash: 1be8fb0781a1e0b33f4ecb95ae51c7134fa775ed

-------------------------------------------------------------------------------- 
[Changed Files]
GnrwsRpPkg/Tool/GenBiosId/BiosId.env
GnrwsRpPkg/Tool/GenBiosId/BiosIdD.env
GnrwsRpPkg/Tool/GenBiosId/BiosIdR.env
GnrwsRpPkg/Tool/GenBiosId/BiosIdS.env
GnrwsRpPkg/Tool/GenIfwiId/IfwiIdD.env
GnrwsRpPkg/Tool/GenIfwiId/IfwiIdR.env
GnrwsRpPkg/Tool/GenIfwiId/IfwiIdS.env

================================================================================ 
Commit: cd84ff5f474933835dfae510a5c30b1f53330173 
Author: DCPAE SERVER <dcpae.server@intel.com> 
Date: Thu Oct 24 11:49:18 2024 -0700 
-------------------------------------------------------------------------------- 
"[TeamCity] SvrG3 ServerGen3_main_gen3_Daily Daily Updating Version/ID: BCHSTRM.0.RPB.0036.D.71,
LOGANVL.0.RPB.0032.D.56,
KSYVLLE.1.RPB.0026.D.84,
GNRSPWS.0.RPB.0030.D.87,
Server-RC-0x02.0x00.0x01.027C

Hsd-es-id: N/A"
Original commit date: Fri Oct 11 22:16:45 2024 -0700
Original commit hash: 00a1880c74936794e9679b6c123c822ae843bf75

-------------------------------------------------------------------------------- 
[Changed Files]
CpRcPkg/CpRcPkg.dec
GnrwsRpPkg/Tool/GenBiosId/BiosId.env
GnrwsRpPkg/Tool/GenBiosId/BiosIdD.env
GnrwsRpPkg/Tool/GenBiosId/BiosIdR.env
GnrwsRpPkg/Tool/GenBiosId/BiosIdS.env
GnrwsRpPkg/Tool/GenIfwiId/IfwiIdD.env
GnrwsRpPkg/Tool/GenIfwiId/IfwiIdR.env
GnrwsRpPkg/Tool/GenIfwiId/IfwiIdS.env

================================================================================ 
Commit: dfe21f4ed4a74c19a8568d5f7b1e75b8a9366380 
Author: DCPAE SERVER <dcpae.server@intel.com> 
Date: Thu Oct 24 11:49:16 2024 -0700 
-------------------------------------------------------------------------------- 
Enhanced System/ME FW Capsule Update via FMP

[Issue Description]
When PCH SATA RAID disk exists, System/ME FW Capsule Update fails in
FmpDeviceSetImageWithStatus() with DXE assert error. Root cause is
that other non-platform UEFI drivers like VROC SATA RAID UEFI driver
will also install FMP protocols without driver private data support.

[Resolution]
Identify the FMP protocol installed by platform FMP DXE driver

Package/Module: GnrwsRpPkg/Features/CapsuleUpdate/Library/FmpDeviceLibMonolithic

[Impacted Platform]
GNRWS

Hsd-es-id: 16025255780

Original commit date: Fri Oct 11 14:51:13 2024 +0800
Change-Id: Ibe8fce0f6a0a737a3ca799e5054107e4749764d3
Original commit hash: 6bc8269dccafa30f0041af8831f12a6ee25c443d

-------------------------------------------------------------------------------- 
[Changed Files]
GnrwsRpPkg/Features/CapsuleUpdate/Library/FmpDeviceLibMonolithic/FmpDeviceLibMonolithic.c
GnrwsRpPkg/Features/CapsuleUpdate/Library/FmpDeviceLibMonolithic/FmpDeviceLibMonolithic.inf

================================================================================ 
Commit: 5f421876be937dbec9b5785ddd087f3fa9c98465 
Author: DCPAE SERVER <dcpae.server@intel.com> 
Date: Thu Oct 24 11:49:14 2024 -0700 
-------------------------------------------------------------------------------- 
Adjust the debug log level to INFO.

[Issue Description]
Observing Unsupported strings while booting to bios page.

[Resolution]
Adjust the debug level to INFO as it does not impact real functionalities.

Package/Module:BluetoothPkg

[Impacted Platform]
GnrWS.

Hsd-es-id: 16025700438

Original commit date: Fri Oct 11 15:29:28 2024 +0800
Change-Id: Ib4a12b3a2dea82167726dba5360e2f90ce35afe6
Original commit hash: 5244db1f313eb863d8bcefec9dbf1b2e65bd04e9

-------------------------------------------------------------------------------- 
[Changed Files]
Features/BluetoothPkg/BleConPlatformDxe/BleConPlatform.c

================================================================================ 
Commit: 01dff3d5e69e1ec0263c981af4bfcfd2637165b0 
Author: DCPAE SERVER <dcpae.server@intel.com> 
Date: Thu Oct 24 11:49:11 2024 -0700 
-------------------------------------------------------------------------------- 
[GNR][MRC][PPR] Potential problems for PPR flow chang about multiple rows repair

[Issue Description] or [Feature Description]
Need to update with PprRepairUnknownPassed, otherwise PprRepairUnknownPassed will be considered as PPR repair failure

[Resolution]
Fix PprRepairUnknownPassed

Package/Module:CpRcPkg/BaseDdr5CoreLib

[Impacted Platform]
GNR

Hsd-es-id: 15016922997

Original commit date: Thu Sep 26 10:08:36 2024 +0800
Change-Id: I04ea3f3f1abc0e2f3f4d0fabf679d3be8d03d2ae
Original commit hash: 578cc422b7edfe2edb648860f1a6109871388abf

-------------------------------------------------------------------------------- 
[Changed Files]
CpRcPkg/Library/BaseDdr5CoreLib/MemPpr.c

================================================================================ 
Commit: 607cb9aa8dc7b713d9b008c1045f4a60f273079d 
Author: DCPAE SERVER <dcpae.server@intel.com> 
Date: Thu Oct 24 11:49:09 2024 -0700 
-------------------------------------------------------------------------------- 
[GNRWS] MXTP method parse error in linux

[Issue Description]
ERMT method missing in EC device
MXTP method scope is not cottect

[Resolution]
porting ERMT method to GNRWS
MXTP method scope should be \MXTP

Package/Module: GnrwsRpPkg/EcFeaturePkg

[Impacted Platform]
GNRWS

Hsd-es-id: 16025716663

Original commit date: Fri Oct 11 21:52:54 2024 +0800
Change-Id: Ie922f7ef8b37bc695a8c8ae240c209c57afe2798
Original commit hash: cb03e23f722b8ea5d9b60942096adfd883421ec5

-------------------------------------------------------------------------------- 
[Changed Files]
GnrwsRpPkg/Features/Ec/EcFeaturePkg/AcpiTables/EcSsdt/EcExternalMethod.asl
GnrwsRpPkg/Platform/Dxe/Dptf/AcpiTables/Thermal.asl

================================================================================ 
Commit: 336c17a6bfc741978a22a60b9bf681d9974b9957 
Author: DCPAE SERVER <dcpae.server@intel.com> 
Date: Thu Oct 24 11:49:06 2024 -0700 
-------------------------------------------------------------------------------- 
"[TeamCity] SvrG3 ServerGen3_main_gen3_Daily Daily Updating Version/ID: BCHSTRM.0.RPB.0036.D.70,
LOGANVL.0.RPB.0032.D.55,
KSYVLLE.1.RPB.0026.D.83,
GNRSPWS.0.RPB.0030.D.86,
Server-RC-0x02.0x00.0x01.027B

Hsd-es-id: N/A"
Original commit date: Fri Oct 11 11:11:00 2024 -0700
Original commit hash: 5e5a864950b5797fe2522159c3d40c2152483639

-------------------------------------------------------------------------------- 
[Changed Files]
CpRcPkg/CpRcPkg.dec
GnrwsRpPkg/Tool/GenBiosId/BiosId.env
GnrwsRpPkg/Tool/GenBiosId/BiosIdD.env
GnrwsRpPkg/Tool/GenBiosId/BiosIdR.env
GnrwsRpPkg/Tool/GenBiosId/BiosIdS.env
GnrwsRpPkg/Tool/GenIfwiId/IfwiIdD.env
GnrwsRpPkg/Tool/GenIfwiId/IfwiIdR.env
GnrwsRpPkg/Tool/GenIfwiId/IfwiIdS.env

================================================================================ 
Commit: a16cc8e141cef58a66f13a96662f66ff2c1f6e40 
Author: DCPAE SERVER <dcpae.server@intel.com> 
Date: Thu Oct 24 11:49:02 2024 -0700 
-------------------------------------------------------------------------------- 
[GNR-WS] RCIL init for Warm reset

[Feature Description]
For warm reset pending enabling normal RCIL initilization flow.

Package/Module:
ServerSiliconPkg/Iio

[Impacted Platform]
GNR-WS

Hsd-es-id: 13012407559

Original commit date: Thu Sep 26 07:20:05 2024 -0700
Change-Id: Ib51e3c973da2e1fe8c6383d3a927cf398852a99a
Original commit hash: 85ee6066c5e6f86e6ee11dd776faf5857c880c44

-------------------------------------------------------------------------------- 
[Changed Files]
ServerSiliconPkg/Iio/Include/Library/IioDmiLib.h
ServerSiliconPkg/Iio/Library/IioDmiLib/IioDmiInit.c
ServerSiliconPkg/Iio/Library/IioDmiLib/IioDmiLibGnrWs/IioDmiInitGnrWs.c
ServerSiliconPkg/Iio/Library/IioDmiLib/IioDmiLibNull/IioDmiInitNull.c
ServerSiliconPkg/Iio/Library/PeiIioInitLib/IioEarlyInit.c
ServerSiliconPkg/Iio/Library/PeiIioInitLib/PeiIioInitLib.inf

================================================================================ 
Commit: 7464883705afc123ed751265f11a7d97941515bf 
Author: DCPAE SERVER <dcpae.server@intel.com> 
Date: Thu Oct 24 11:48:59 2024 -0700 
-------------------------------------------------------------------------------- 
SPI register value mismatch fix

[Issue Description]
PCH.SPI.PCR.SPI_CLK_PWR_GATE_CNTRL.CLKGATE_HOLDOFF_TYMOUT register
has mismatch value with SPI BWG. This value should be programmed
to 0x0 value.

[Resolution]
PCH.SPI.PCR.SPI_CLK_PWR_GATE_CNTRL.CLKGATE_HOLDOFF_TYMOUT is
programmed to 0x0.

Package/Module:
OneSiliconPkg

[Impacted Platform]
GNR-WS

Hsd-es-id: 13012389087

Original commit date: Fri Oct 11 14:02:45 2024 +0200
Change-Id: I350494bc5bb3df6d5b67299ec6d7fd70ec4eb315
Original commit hash: 9387528e8731ced93d267e23984b44fda57c432f

-------------------------------------------------------------------------------- 
[Changed Files]
OneSiliconPkg/Fru/MtlPch/LibraryPrivate/PeiMtlPchInitLib/MtlPchEspi.c
OneSiliconPkg/Fru/MtlPch/LibraryPrivate/PeiMtlPchInitLib/PeiMtlPchInitLib.inf
OneSiliconPkg/Fru/MtlPch/LibraryPrivate/PeiMtlPchInitLib/PeiMtlPchInitLibFsp.inf

================================================================================ 
Commit: 6c654230bf22471eb471802074691095fb49dad5 
Author: DCPAE SERVER <dcpae.server@intel.com> 
Date: Thu Oct 24 11:48:56 2024 -0700 
-------------------------------------------------------------------------------- 
"[TeamCity] SvrG3 ServerGen3_main_gen3_Daily Daily Updating Version/ID: BCHSTRM.0.RPB.0036.D.69,
LOGANVL.0.RPB.0032.D.54,
KSYVLLE.1.RPB.0026.D.82,
GNRSPWS.0.RPB.0030.D.85

Hsd-es-id: N/A"
Original commit date: Fri Oct 11 04:09:19 2024 -0700
Original commit hash: 25561985371400aeb57157b60892be4a411232f6

-------------------------------------------------------------------------------- 
[Changed Files]
GnrwsRpPkg/Tool/GenBiosId/BiosId.env
GnrwsRpPkg/Tool/GenBiosId/BiosIdD.env
GnrwsRpPkg/Tool/GenBiosId/BiosIdR.env
GnrwsRpPkg/Tool/GenBiosId/BiosIdS.env
GnrwsRpPkg/Tool/GenIfwiId/IfwiIdD.env
GnrwsRpPkg/Tool/GenIfwiId/IfwiIdR.env
GnrwsRpPkg/Tool/GenIfwiId/IfwiIdS.env

================================================================================ 
Commit: 9462a765c018ab05bab1bc730401916b77876397 
Author: DCPAE SERVER <dcpae.server@intel.com> 
Date: Thu Oct 24 11:48:53 2024 -0700 
-------------------------------------------------------------------------------- 
"[TeamCity] SvrG3 ServerGen3_main_gen3_Daily Daily Updating Version/ID: BCHSTRM.0.RPB.0036.D.68,
LOGANVL.0.RPB.0032.D.53,
KSYVLLE.1.RPB.0026.D.81,
GNRSPWS.0.RPB.0030.D.84

Hsd-es-id: N/A"
Original commit date: Fri Oct 11 03:56:11 2024 -0700
Original commit hash: a3c56153b961b10f9f380607231daa0e3833e171

-------------------------------------------------------------------------------- 
[Changed Files]
GnrwsRpPkg/Tool/GenBiosId/BiosId.env
GnrwsRpPkg/Tool/GenBiosId/BiosIdD.env
GnrwsRpPkg/Tool/GenBiosId/BiosIdR.env
GnrwsRpPkg/Tool/GenBiosId/BiosIdS.env
GnrwsRpPkg/Tool/GenIfwiId/IfwiIdD.env
GnrwsRpPkg/Tool/GenIfwiId/IfwiIdR.env
GnrwsRpPkg/Tool/GenIfwiId/IfwiIdS.env

================================================================================ 
Commit: 3ee666192d721756f00a494fcd26a4112ce73122 
Author: DCPAE SERVER <dcpae.server@intel.com> 
Date: Thu Oct 24 11:48:51 2024 -0700 
-------------------------------------------------------------------------------- 
[GnrWs] Added HECI Host Reset Notification message

[Feature Description]
Host should send HRN message to the CSME FW before non power cycle
reset to inform CSME FW about the host reset.
Added sending HRN message to the CSME FW in ME reset handlers.

Package/Module:
OneSiliconPkg

[Impacted Platform]
GnrWs

Hsd-es-id: 13012387711

Original commit date: Wed Oct 9 15:37:56 2024 +0200
Change-Id: If4df41aa572a821623875956aa11d2697d5ca364
Original commit hash: a0faa9375ad1c83eec2bf044904f745dde19af3f

-------------------------------------------------------------------------------- 
[Changed Files]
OneSiliconPkg/Include/Library/DxeMeLib.h
OneSiliconPkg/Include/Library/PeiMeLib.h
OneSiliconPkg/IpBlock/Me/Library/DxeMeLib/HeciMsgDxeLib.c
OneSiliconPkg/IpBlock/Me/Library/PeiMeLib/HeciMsgPeiLib.c
OneSiliconPkg/IpBlock/Me/Library/PeiMeLib/MeHeciReset.c
OneSiliconPkg/IpBlock/Me/ResetHandler/Dxe/ResetHandler.c

================================================================================ 
Commit: 41129f00721bfd62dde1fd888315ac024418f22f 
Author: DCPAE SERVER <dcpae.server@intel.com> 
Date: Thu Oct 24 11:48:48 2024 -0700 
-------------------------------------------------------------------------------- 
"[TeamCity] SvrG3 ServerGen3_main_gen3_Daily Daily Updating Version/ID: BCHSTRM.0.RPB.0036.D.67,
LOGANVL.0.RPB.0032.D.52,
KSYVLLE.1.RPB.0026.D.80,
GNRSPWS.0.RPB.0030.D.83,
Server-RC-0x02.0x00.0x01.027A

Hsd-es-id: N/A"
Original commit date: Fri Oct 11 02:06:05 2024 -0700
Original commit hash: 80ad6bd871287b23ccfd1a3da51cc5495bac8d81

-------------------------------------------------------------------------------- 
[Changed Files]
CpRcPkg/CpRcPkg.dec
GnrwsRpPkg/Tool/GenBiosId/BiosId.env
GnrwsRpPkg/Tool/GenBiosId/BiosIdD.env
GnrwsRpPkg/Tool/GenBiosId/BiosIdR.env
GnrwsRpPkg/Tool/GenBiosId/BiosIdS.env
GnrwsRpPkg/Tool/GenIfwiId/IfwiIdD.env
GnrwsRpPkg/Tool/GenIfwiId/IfwiIdR.env
GnrwsRpPkg/Tool/GenIfwiId/IfwiIdS.env

================================================================================ 
Commit: e4c07b76b5f285dbc64cee260c0a3d3e9de6ae0f 
Author: DCPAE SERVER <dcpae.server@intel.com> 
Date: Thu Oct 24 11:48:45 2024 -0700 
-------------------------------------------------------------------------------- 
[GNRWS] Remove the depex of TDX protocol in IehRasLib for GNRWS

[Issue Description]
Some of the RAS initialize flow didn't trigger. Caused by TDX/SGX security
feature removed from GNRWS project.

[Resolution]
Remove the depex of TDX protocol, since TDX/SGX didn't supported on GNRWS

Package/Module: ServerRasPkg/IehRasLib

[Impacted Platform]
GNRWS

Hsd-es-id: 16025717703

Original commit date: Fri Oct 11 15:39:17 2024 +0800
Change-Id: I130a74dd435b9bb67c04f3321533c5b36f85bba6
Original commit hash: 14fc38db85916c930c3dad862369c066ee46ec4e

-------------------------------------------------------------------------------- 
[Changed Files]
ServerRasPkg/Library/IehRasLib/IehRasLibGnrws.inf
ServerRasPkg/Ras.dsc

================================================================================ 
Commit: 9adf6d156600ab48cb0bb8aa327300bbd4b5a7db 
Author: DCPAE SERVER <dcpae.server@intel.com> 
Date: Thu Oct 24 11:48:42 2024 -0700 
-------------------------------------------------------------------------------- 
"[TeamCity] SvrG3 ServerGen3_main_gen3_Daily Daily Updating Version/ID: BCHSTRM.0.RPB.0036.D.66,
LOGANVL.0.RPB.0032.D.51,
KSYVLLE.1.RPB.0026.D.79,
GNRSPWS.0.RPB.0030.D.82,
Server-RC-0x02.0x00.0x01.0279

Hsd-es-id: N/A"
Original commit date: Thu Oct 10 11:10:53 2024 -0700
Original commit hash: 4b7cc6600746362ea8de9e091c679a148ec507cd

-------------------------------------------------------------------------------- 
[Changed Files]
CpRcPkg/CpRcPkg.dec
GnrwsRpPkg/Tool/GenBiosId/BiosId.env
GnrwsRpPkg/Tool/GenBiosId/BiosIdD.env
GnrwsRpPkg/Tool/GenBiosId/BiosIdR.env
GnrwsRpPkg/Tool/GenBiosId/BiosIdS.env
GnrwsRpPkg/Tool/GenIfwiId/IfwiIdD.env
GnrwsRpPkg/Tool/GenIfwiId/IfwiIdR.env
GnrwsRpPkg/Tool/GenIfwiId/IfwiIdS.env

================================================================================ 
Commit: bab7ead5f741f4bb27cbce3c5daf98247e3aed7d 
Author: DCPAE SERVER <dcpae.server@intel.com> 
Date: Thu Oct 24 11:48:40 2024 -0700 
-------------------------------------------------------------------------------- 
Enhance SLIT ACPI table entries for single socket SNC6.

[Feature Description]
Modiy SLIT ACPI table entries to represent shorter distance
for neighbor nodes so the same workload could be assigned.

Package/Module: ServerPlatformPkg/Acpi

[Impacted Platform]
BHS AP UCC

Hsd-es-id: 22020496385

[Testing Completed] SIMICS

Original commit date: Wed Oct 9 15:06:50 2024 -0700
Change-Id: I237077dbef3b7330b710ee43be82a0ee31cba405
Original commit hash: b4b8659aa44121055779799e403eecb0a2f05566

-------------------------------------------------------------------------------- 
[Changed Files]
CpRcPkg/Include/Guid/MemoryMapData.h
ServerPlatformPkg/Include/Acpi/Slit.h
ServerPlatformPkg/Include/Acpi/Srat.h
ServerPlatformPkg/Library/AcpiPlatformTableLib/AcpiPlatformLibSlit.c

================================================================================ 
Commit: 0b4908d2df6c8970e45ef4e4936e118dec306575 
Author: DCPAE SERVER <dcpae.server@intel.com> 
Date: Thu Oct 24 11:48:37 2024 -0700 
-------------------------------------------------------------------------------- 
"[TeamCity] SvrG3 ServerGen3_main_gen3_Daily Daily Updating Version/ID: BCHSTRM.0.RPB.0036.D.65,
LOGANVL.0.RPB.0032.D.50,
KSYVLLE.1.RPB.0026.D.78,
GNRSPWS.0.RPB.0030.D.81

Hsd-es-id: N/A"
Original commit date: Thu Oct 10 04:10:58 2024 -0700
Original commit hash: 346c7d9b195eaf09a0b0a27ef53b3d7a05c0991b

-------------------------------------------------------------------------------- 
[Changed Files]
GnrwsRpPkg/Tool/GenBiosId/BiosId.env
GnrwsRpPkg/Tool/GenBiosId/BiosIdD.env
GnrwsRpPkg/Tool/GenBiosId/BiosIdR.env
GnrwsRpPkg/Tool/GenBiosId/BiosIdS.env
GnrwsRpPkg/Tool/GenIfwiId/IfwiIdD.env
GnrwsRpPkg/Tool/GenIfwiId/IfwiIdR.env
GnrwsRpPkg/Tool/GenIfwiId/IfwiIdS.env

================================================================================ 
Commit: dffca45e597557dc4fa7716ab14c431c4494e7f0 
Author: DCPAE SERVER <dcpae.server@intel.com> 
Date: Thu Oct 24 11:48:35 2024 -0700 
-------------------------------------------------------------------------------- 
[GNRWS]Setting EC Critical ShutDown Temperature

[Feature Description]
EC does not receive the Critical Shutdown Temperature from BIOS, Inorder
to report shutdown duirng critical temperature events

[Implementation]
Bios needs to communicate the critical shutdown temperature value
as threshold input to EC by sending EC_C_SET_CRITICAL_TEMP command.
Added the appropriate API Call for that communication.

Package/Module:
GnrwsRpPkg

[Impacted Platform]
GNRWS

Hsd-es-id: 16025721948

Original commit date: Wed Oct 9 16:45:04 2024 +0530
Change-Id: I5bee3cd8c80c9bfcf288240eb07abda168d71494
Original commit hash: 816b0f1eaddfcfd5d96640687a0ecb580c282b33

-------------------------------------------------------------------------------- 
[Changed Files]
GnrwsRpPkg/Features/Ec/EcFeaturePkg/EcDxe/EcDxe.c

================================================================================ 
Commit: e78851112d8b983e3bc26e40e051d3cf4bd9810d 
Author: DCPAE SERVER <dcpae.server@intel.com> 
Date: Thu Oct 24 11:48:33 2024 -0700 
-------------------------------------------------------------------------------- 
"[TeamCity] SvrG3 ServerGen3_main_gen3_Daily Daily Updating Version/ID: BCHSTRM.0.RPB.0036.D.64,
LOGANVL.0.RPB.0032.D.49,
KSYVLLE.1.RPB.0026.D.77,
GNRSPWS.0.RPB.0030.D.80,
Server-RC-0x02.0x00.0x01.0278

Hsd-es-id: N/A"
Original commit date: Thu Oct 10 00:49:12 2024 -0700
Original commit hash: d2edf68cf960ec8ff4b74382802683d93dbed569

-------------------------------------------------------------------------------- 
[Changed Files]
CpRcPkg/CpRcPkg.dec
GnrwsRpPkg/Tool/GenBiosId/BiosId.env
GnrwsRpPkg/Tool/GenBiosId/BiosIdD.env
GnrwsRpPkg/Tool/GenBiosId/BiosIdR.env
GnrwsRpPkg/Tool/GenBiosId/BiosIdS.env
GnrwsRpPkg/Tool/GenIfwiId/IfwiIdD.env
GnrwsRpPkg/Tool/GenIfwiId/IfwiIdR.env
GnrwsRpPkg/Tool/GenIfwiId/IfwiIdS.env

================================================================================ 
Commit: 165412cbd6645020da39c591c46c52a9662be3e2 
Author: DCPAE SERVER <dcpae.server@intel.com> 
Date: Thu Oct 24 11:48:31 2024 -0700 
-------------------------------------------------------------------------------- 
[GNR] Change NotficationType to CMC in case of CE

[Issue Description]
For IFU/DCU CE errors, the path taken was via ReportProcessErrorRecord which always filled MCE GUID in notification type section.

[Resolution]
Fixed by checking the error severity and assigning corrent NotificationType.

Package/Module:
ServerRasPkg/ErrorReportLib

[Impacted Platform]
GNR

Hsd-es-id: 14023498623
Original commit date: Fri Sep 20 02:42:17 2024 -0700
Change-Id: I5a1a83c2a8d7b4f06222a792e5d25fe166422e98
Original commit hash: f07dd62e102c485b9da2453ee2614cad282499e7

-------------------------------------------------------------------------------- 
[Changed Files]
ServerRasPkg/Library/LibraryGen3/ErrorReportLib/ErrorReportLib.c

================================================================================ 
Commit: 5461143cd5ec51b6ee8ea9da4a292d4cd9806144 
Author: DCPAE SERVER <dcpae.server@intel.com> 
Date: Thu Oct 24 11:48:29 2024 -0700 
-------------------------------------------------------------------------------- 
"[TeamCity] SvrG3 ServerGen3_main_gen3_Daily Daily Updating Version/ID: BCHSTRM.0.RPB.0036.D.63,
LOGANVL.0.RPB.0032.D.48,
KSYVLLE.1.RPB.0026.D.76,
GNRSPWS.0.RPB.0030.D.79,
Server-RC-0x02.0x00.0x01.0277

Hsd-es-id: N/A"
Original commit date: Wed Oct 9 11:10:52 2024 -0700
Original commit hash: c211c8866b4d26470bc0c3dfff6194e5fc5bf113

-------------------------------------------------------------------------------- 
[Changed Files]
CpRcPkg/CpRcPkg.dec
GnrwsRpPkg/Tool/GenBiosId/BiosId.env
GnrwsRpPkg/Tool/GenBiosId/BiosIdD.env
GnrwsRpPkg/Tool/GenBiosId/BiosIdR.env
GnrwsRpPkg/Tool/GenBiosId/BiosIdS.env
GnrwsRpPkg/Tool/GenIfwiId/IfwiIdD.env
GnrwsRpPkg/Tool/GenIfwiId/IfwiIdR.env
GnrwsRpPkg/Tool/GenIfwiId/IfwiIdS.env

================================================================================ 
Commit: a8a7e73e12f98976095be186d798955495680825 
Author: DCPAE SERVER <dcpae.server@intel.com> 
Date: Thu Oct 24 11:48:27 2024 -0700 
-------------------------------------------------------------------------------- 
[GNR][SAF]mcheck error 0x1381 after executing warm reset with SAF enabled

[Issue Description]
SAF cannot be enabled when warm-reset occurs after the BIOS option is modified using OS/EFI Shell.
There is no warm reset to cold boot promotion on SecurityPolicy change
for other features than SGX.

[Resolution]
Refactor warm reset to a cold boot promotion so it happens for all TEE
features, including SGX, SAF and SBFT.

Package/Module:
ServerSiliconPkg/Security/Cct/Library/SecurityCctVarStorageLib
ServerSecurityPkg/Cct/Feature/SgxLate

[Impacted Platform]
ALL

Hsd-es-id: 15016818214

Original commit date: Thu Oct 3 15:08:10 2024 +0200
Change-Id: I9fe71186c6f1ddbefdeaaced36b249e033b499ab
Original commit hash: c16bc3fe89ddd3851d6ff0f9c68511b47b2673e6

-------------------------------------------------------------------------------- 
[Changed Files]
ServerSecurityPkg/Cct/Dxe/SecurityIdeLate/4v0/SecurityIdeLate.c
ServerSecurityPkg/Cct/Dxe/SecurityIdeLate/4v0/SecurityIdeLate.h
ServerSecurityPkg/Cct/Dxe/SecurityIdeLate/4v0/SecurityIdeLateCallback.c
ServerSecurityPkg/Cct/Dxe/SecurityIdeLate/4v0/SecurityIdeLateInitialize.c
ServerSecurityPkg/Cct/Feature/Actm/4v0/Actm.c
ServerSecurityPkg/Cct/Feature/SgxLate/4v0/SgxLate.c
ServerSecurityPkg/Cct/Feature/SgxLate/4v0/SgxLate.h
ServerSecurityPkg/Cct/Feature/SgxLate/4v1/SgxLate.c
ServerSecurityPkg/Cct/Feature/SgxLate/4v1/SgxLateCallbackPostMcheck.c
ServerSecurityPkg/Cct/Feature/SgxLate/4v1/SgxLateCommon.c
ServerSecurityPkg/Cct/Feature/TeeLate/4v0/TeeLate.c
ServerSecurityPkg/Cct/Feature/TeeLate/4v0/TeeLate.h
ServerSecurityPkg/Cct/Feature/TeeLate/4v0/TeeLateNull.c
ServerSecurityPkg/Cct/IncludePrivate/Feature/Tee/TeeLate4v0.h
ServerSecurityPkg/Cct/Pei/SecurityIdeLatePei/4v1/SecurityIdeLate.c
ServerSecurityPkg/Cct/Pei/SecurityIdeLatePei/4v1/SecurityIdeLate.h
ServerSecurityPkg/Cct/Pei/SecurityIdeLatePei/4v1/SecurityIdeLateCallback.c
ServerSecurityPkg/Cct/Pei/SecurityIdeLatePei/4v1/SecurityIdeLateInitialize.c
ServerSecurityPkg/Cct/SecurityIdeLateGnrSrf.inf
ServerSecurityPkg/Cct/SecurityIdeLateGnrSrfPeim.inf
ServerSecurityPkg/Cct/SecurityIdeLateGnrws.inf
ServerSecurityPkg/Cct/SecurityIdeLateGrr.inf
ServerSiliconPkg/Include/Guid/SecurityIdeLateCallback4v0.h
ServerSiliconPkg/Security/Cct/Include/Library/SecurityApiLib.h
ServerSiliconPkg/Security/Cct/Include/Library/SecurityCctVarStorageLib/4v0/VariableManifest/VariableManifest5v0.h
ServerSiliconPkg/Security/Cct/Include/Library/SecurityCctVarStorageLib/4v0/VariableManifest/VariableManifest5v1.h
ServerSiliconPkg/Security/Cct/Include/Library/SecurityCctVarStorageLib/4v0/VariableManifest/VariableManifest5v2.h
ServerSiliconPkg/Security/Cct/Include/Library/SecurityCctVarStorageLib/4v0/VariableManifest/VariableManifestCommon.h
ServerSiliconPkg/Security/Cct/Include/Library/SecurityCctVarStorageLib/4v0/VariableTee/Private/SystemState5v0.h
ServerSiliconPkg/Security/Cct/Include/Library/SecurityDebugLib.h
ServerSiliconPkg/Security/Cct/Library/FruCpuFeatureUcodeLib/4v0/SecondUcodeLaunch/MicrocodePatch.c
ServerSiliconPkg/Security/Cct/Library/SecurityApi/2v0/SecurityApiLib.c
ServerSiliconPkg/Security/Cct/Library/SecurityCctVarStorageLib/4v0/Common/VariableManifest/VariableManifest5v0.c
ServerSiliconPkg/Security/Cct/Library/SecurityCctVarStorageLib/4v0/Common/VariableManifest/VariableManifest5v1.c
ServerSiliconPkg/Security/Cct/Library/SecurityCctVarStorageLib/4v0/Common/VariableTee/Private/SystemState5v0.c
ServerSiliconPkg/Security/Cct/Library/SecurityCctVarStorageLib/4v0/SecurityCctVarStorageLibDxe.inf
ServerSiliconPkg/Security/Cct/Library/SecurityCctVarStorageLib/4v0/SecurityCctVarStorageLibPei.inf

================================================================================ 
Commit: 1fdc2e5de7673604c9aa4e97b4af78d4853271d1 
Author: DCPAE SERVER <dcpae.server@intel.com> 
Date: Thu Oct 24 11:48:22 2024 -0700 
-------------------------------------------------------------------------------- 
"[TeamCity] SvrG3 ServerGen3_main_gen3_Daily Daily Updating Version/ID: BCHSTRM.0.RPB.0036.D.62,
LOGANVL.0.RPB.0032.D.47,
KSYVLLE.1.RPB.0026.D.75,
GNRSPWS.0.RPB.0030.D.78,
Server-RC-0x02.0x00.0x01.0276

Hsd-es-id: N/A"
Original commit date: Wed Oct 9 04:08:14 2024 -0700
Original commit hash: 188ab04590c4fb08e452e2295c40a9d4613b06d4

-------------------------------------------------------------------------------- 
[Changed Files]
CpRcPkg/CpRcPkg.dec
GnrwsRpPkg/Tool/GenBiosId/BiosId.env
GnrwsRpPkg/Tool/GenBiosId/BiosIdD.env
GnrwsRpPkg/Tool/GenBiosId/BiosIdR.env
GnrwsRpPkg/Tool/GenBiosId/BiosIdS.env
GnrwsRpPkg/Tool/GenIfwiId/IfwiIdD.env
GnrwsRpPkg/Tool/GenIfwiId/IfwiIdR.env
GnrwsRpPkg/Tool/GenIfwiId/IfwiIdS.env

================================================================================ 
Commit: 613468f80c9635ba2700c4763f74eeb2ba52836f 
Author: DCPAE SERVER <dcpae.server@intel.com> 
Date: Thu Oct 24 11:48:20 2024 -0700 
-------------------------------------------------------------------------------- 
BIOS shall skip IMR4 programming when CNVI is not available.

[Feature Description]
BIOS shall program IMR Disable Mask accordingly taking
into account the availability of the CNVI device.
If CNVI is not available - BIOS shall leave the bit set.
In such case CNVI IMR (IMR4) shall not be programmed.

Package/Module:
ServerSiliconPkg

[Impacted Platform]
ALL

Hsd-es-id: 13012351206

Original commit date: Fri Oct 4 13:12:18 2024 +0200
Change-Id: I68c0fc43388323d7f09de395c411cb18fcaea66c
Original commit hash: 374f0e5dde54a119160747a105da339f92dc37cb

-------------------------------------------------------------------------------- 
[Changed Files]
ServerSiliconPkg/Library/PeiUmaLib/PeiUmaLibGnrWs/PeiUmaLibGnrWs.c
ServerSiliconPkg/Library/PeiUmaLib/PeiUmaLibGnrWs/PeiUmaLibGnrWs.inf

================================================================================ 
Commit: ad96b92c67f4743ddf843a6559442ccdfabc732d 
Author: DCPAE SERVER <dcpae.server@intel.com> 
Date: Thu Oct 24 11:48:17 2024 -0700 
-------------------------------------------------------------------------------- 
ServerSiliconPkg/Cpu: Remove Thermal Monitor menu option.

The related code is removed since Thermal Monitor is enabled from pCode by default.

This reverts commit 368868a60b0639ea5ad7ad81fec21f00cd7d1274.
Revert "[GNRWS]Porting Thermal Monitor knob from MTL to Gnrws"
but it keep the changes for the SOCKET_POWERMANAGEMENT_CONFIGURATION
and PPM_POLICY_CONFIGURATION variable.

Hsd-es-id: 16025694409

Original commit date: Wed Oct 9 14:45:22 2024 +0800
Change-Id: I97b8991bf323fd184969d68b756c91c4d787da9a
Original commit hash: 695ce829c192df4ce9ec71fc8d7a4d691befe589

-------------------------------------------------------------------------------- 
[Changed Files]
BirchStreamFspPkg/Upd/FspUpd.yaml
BirchStreamOpenBoardPkg/Library/PeiCpuPolicyUpdateFspLib/PeiCpuPolicyUpdateFspLib.c
BirchStreamOpenBoardPkg/PreBuildSetupPcdDefaults.dsc.inc
ServerPlatformPkg/Library/PpmPolicyUpdateCommonLib/PpmPolicyUpdateCommonLib.c
ServerPlatformPkg/Platform/Dxe/SocketSetup/PowerManagementSetup.hfr
ServerPlatformPkg/Platform/Dxe/SocketSetup/PowerManagmentSetupStrings.uni

================================================================================ 
Commit: 5241b60ec738248d2764ceea4071005a23addf75 
Author: DCPAE SERVER <dcpae.server@intel.com> 
Date: Thu Oct 24 11:48:11 2024 -0700 
-------------------------------------------------------------------------------- 
Remove DOE-D prime for 5600 Mbps and below.

[Feature Description]
Remove DOE-D prime since not required.

Package/Module:

[Impacted Platform]
GRANITE RAPIDS
SIERRA FOREST

Hsd-es-id: 14023611740

Original commit date: Fri Oct 4 11:02:11 2024 -0600
Change-Id: Iedcf26f60246544f6a5b7ca718c7b1549a8b6782
Original commit hash: ab8ea9d7b56a12b3b61bd0107f161628033d18b6

-------------------------------------------------------------------------------- 
[Changed Files]
CpRcPkg/Library/BaseDdr5CoreLib/MemJedecDdr5.c

================================================================================ 
Commit: df12e352095d4202e159ae40b0d634dc9beeb546 
Author: DCPAE SERVER <dcpae.server@intel.com> 
Date: Thu Oct 24 11:48:09 2024 -0700 
-------------------------------------------------------------------------------- 
"[TeamCity] SvrG3 ServerGen3_main_gen3_Daily Daily Updating Version/ID: BCHSTRM.0.RPB.0036.D.61,
LOGANVL.0.RPB.0032.D.46,
KSYVLLE.1.RPB.0026.D.74,
GNRSPWS.0.RPB.0030.D.77,
Server-RC-0x02.0x00.0x01.0275

Hsd-es-id: N/A"
Original commit date: Tue Oct 8 11:10:57 2024 -0700
Original commit hash: 910aad8b219fa95ce4dbc6e1749f1ea6009e7edc

-------------------------------------------------------------------------------- 
[Changed Files]
CpRcPkg/CpRcPkg.dec
GnrwsRpPkg/Tool/GenBiosId/BiosId.env
GnrwsRpPkg/Tool/GenBiosId/BiosIdD.env
GnrwsRpPkg/Tool/GenBiosId/BiosIdR.env
GnrwsRpPkg/Tool/GenBiosId/BiosIdS.env
GnrwsRpPkg/Tool/GenIfwiId/IfwiIdD.env
GnrwsRpPkg/Tool/GenIfwiId/IfwiIdR.env
GnrwsRpPkg/Tool/GenIfwiId/IfwiIdS.env

================================================================================ 
Commit: 760cd6f4f6e1aea3228588a72b52b5deb58448bd 
Author: DCPAE SERVER <dcpae.server@intel.com> 
Date: Thu Oct 24 11:48:06 2024 -0700 
-------------------------------------------------------------------------------- 
Update Vendor Specific AdvMemTest pattern

[Feature Description]
Update vendor Specific AdvMemTest pattern

Package/Module:

[Impacted Platform]
BIRCHSTREAM

Hsd-es-id: 14023488565

Original commit date: Wed Sep 18 15:21:25 2024 -0600
Change-Id: I2790cb1d4855a95d1f9a69dc5771d5030461ab70
Original commit hash: 48272ad1f0ef4ab5d9964ae65773b612e90dd872

-------------------------------------------------------------------------------- 
[Changed Files]
ServerSiliconPkg/Mem/Library/MemCpgcIpLib/Common/VendorContent/MuRMW_AMT.c

================================================================================ 
Commit: cc2c69d8ec6b6584553ae6d05b97838ebb8d80dc 
Author: DCPAE SERVER <dcpae.server@intel.com> 
Date: Thu Oct 24 11:48:04 2024 -0700 
-------------------------------------------------------------------------------- 
[BHS][BKC][BEECHNUT CITY] [SRF SP] [Security][SGX] SGX cannot be enabled by setting MMIO based to 1T/512G on 2DPC Memory config (SgxErrorCode = 0x19)

[Issue Description]
Lowering MMIOH Base down to 512G/1T causes MemDecode to allocate just a
single PRMRR in a 2S system with 2DPC config.
This causes SGX BIOS to follow disabled scenario on equal PRMRR
distribution check.

[Resolution]
Remove WA to enforce equal PRMRR distribution

Package/Module:
ServerSiliconPkg/Security/Cct/Library/SecurityIdePreMemLib

[Impacted Platform]
ALL

Hsd-es-id: 13012389262

Original commit date: Tue Oct 8 10:26:13 2024 +0200
Change-Id: Ic04cd4db56562d80f99cb0a836d0ea577e2ff2df
Original commit hash: a2ce701bbf72c7fc071836d3f42c2877a11307a4

-------------------------------------------------------------------------------- 
[Changed Files]
ServerSiliconPkg/Security/Cct/Library/SecurityIdePreMemLib/4v0/SgxPreMemInit.c

================================================================================ 
Commit: af26521e666b8a935fae3534be046608a18c3200 
Author: DCPAE SERVER <dcpae.server@intel.com> 
Date: Thu Oct 24 11:48:02 2024 -0700 
-------------------------------------------------------------------------------- 
"[TeamCity] SvrG3 ServerGen3_main_gen3_Daily Daily Updating Version/ID: BCHSTRM.0.RPB.0036.D.60,
LOGANVL.0.RPB.0032.D.45,
KSYVLLE.1.RPB.0026.D.73,
GNRSPWS.0.RPB.0030.D.76,
Server-RC-0x02.0x00.0x01.0274

Hsd-es-id: N/A"
Original commit date: Tue Oct 8 04:08:24 2024 -0700
Original commit hash: e1ec41d05ae98afc9df72a4ca09ac1d903dd4494

-------------------------------------------------------------------------------- 
[Changed Files]
CpRcPkg/CpRcPkg.dec
GnrwsRpPkg/Tool/GenBiosId/BiosId.env
GnrwsRpPkg/Tool/GenBiosId/BiosIdD.env
GnrwsRpPkg/Tool/GenBiosId/BiosIdR.env
GnrwsRpPkg/Tool/GenBiosId/BiosIdS.env
GnrwsRpPkg/Tool/GenIfwiId/IfwiIdD.env
GnrwsRpPkg/Tool/GenIfwiId/IfwiIdR.env
GnrwsRpPkg/Tool/GenIfwiId/IfwiIdS.env

================================================================================ 
Commit: 71c1f552ed3c4c905917bb335118106aa07d40c9 
Author: DCPAE SERVER <dcpae.server@intel.com> 
Date: Thu Oct 24 11:47:58 2024 -0700 
-------------------------------------------------------------------------------- 
[KVL]Change SpiService PEIM to SpiServiceLib and add it to PlatformInfo.

[Feature Description]
Merge the SpiService to PlatformInfo PEIM and remove TraceHubStatusCodeHandlerPei to save NEM size.

Before the change:
SpiService PEIM occupy 11878(14.6KB) NEM size
PlatformInfo PEIM occupy 15878(13.9) NEM size
Total Size -- 28.5
After the change:
No SpiService PEIM
PlatformInfo PEIM occupy 23878(23KB) NEM size
Total saved size for NEM is 5.5KB (28.5-23)

Package/Module: KaseyvilleRpPkg

[Impacted Platform]
KVL.

Hsd-es-id:16025652781

Original commit date: Tue Sep 10 09:34:25 2024 +0530
Change-Id: I54f2629c2da68e6c90a5fa5f8423606ffd4a7d29
Original commit hash: ea6d5ff01ee2c5fc64721f1e14ac46933dd3b28a

-------------------------------------------------------------------------------- 
[Changed Files]
BirchStreamOpenBoardPkg/Include/Dsc/Common/PlatformPkgComponents.dsc
BirchStreamOpenBoardPkg/Include/Dsc/PlatformPkgComponents.dsc
BirchStreamOpenBoardPkg/KaseyvillePkg.fdf

================================================================================ 
Commit: 0d8cf20ab9cf9a178ab044416ad663c7c57ad9bd 
Author: DCPAE SERVER <dcpae.server@intel.com> 
Date: Thu Oct 24 11:47:56 2024 -0700 
-------------------------------------------------------------------------------- 
[GNRWS] MTL LPSS DXE runtime library

[Feature Description]
BIOS shall integrate MTL PCH code to GNR Workstation project.

Resolution:
- Added MTL LPSS DXE runtime library.

Package/Module:
OneSiliconPkg

[Impacted Platform]
GNRWS

Hsd-es-id: 13012374638

Original commit date: Mon Oct 7 15:54:38 2024 +0200
Change-Id: I346221bda38e367d4ce562845238f712521b4938
Original commit hash: 247bc04807f144567f0df0a71c731c4fb837b5e0

-------------------------------------------------------------------------------- 
[Changed Files]
OneSiliconPkg/Fru/MtlPch/CommonLib.dsc
OneSiliconPkg/Fru/MtlPch/DxeLib.dsc
OneSiliconPkg/Fru/MtlPch/PeiLib.dsc
OneSiliconPkg/IpBlock/LpssUart/Library/LpssUartLib/DxeRuntimeLpssUartLib.c
OneSiliconPkg/IpBlock/LpssUart/Library/LpssUartLib/DxeRuntimeLpssUartLib.inf

================================================================================ 
Commit: 57554dbbc3ac4e682cad750ac1675a871b93a914 
Author: DCPAE SERVER <dcpae.server@intel.com> 
Date: Thu Oct 24 11:47:54 2024 -0700 
-------------------------------------------------------------------------------- 
[GNRWS] Update VPP/NPEM UBA to support U.2/EDSFF HSBP

[Feature Description]
Update VPP/NPEM UBA for PE4/5/7/8 to support U.2/EDSFF HSBP

Package/Module: GnrwsRpPkg/Uba/UbaMain/TypeGnrwsCRB/Pei/IioBifurInit.c

[Impacted Platform]
GNRWS

Hsd-es-id: 15016898635

Original commit date: Sun Sep 29 11:06:43 2024 +0800
Change-Id: I55ad0ac3a7abe0512f98bc563968ce5a955bd3e6
Original commit hash: 412cf4f97be6d2e6a152a37a5f061de3969e4749

-------------------------------------------------------------------------------- 
[Changed Files]
GnrwsRpPkg/Uba/UbaMain/TypeGnrwsCRB/Pei/IioBifurInit.c

================================================================================ 
Commit: 05ed743a1a1d01ff1d9b720ee9093c7d4d8faecc 
Author: DCPAE SERVER <dcpae.server@intel.com> 
Date: Thu Oct 24 11:47:52 2024 -0700 
-------------------------------------------------------------------------------- 
[OC] Refine OC common libraries

[Feature Description]
To reduce duplicated definitions in Platform code
create OcCommonLib.h library for silicon and platform using.

Package/Module:
GnrwsRpPkg
ServerSiliconPkg

[Impacted Platform]
BirchStream Granirapids

Hsd-es-id: 15016810530

Original commit date: Tue Oct 1 10:26:13 2024 +0800
Change-Id: Id6519d9a378e849440dc9437c4cd058130a0c657
Original commit hash: a900de6a8a0e52eee1f273584f36e215b711223c

-------------------------------------------------------------------------------- 
[Changed Files]
GnrwsRpPkg/Platform/Dxe/Setup/DxePlatform.inf
GnrwsRpPkg/Platform/Dxe/Setup/OverclockSetup.c
ServerSiliconPkg/Overclocking/Include/Library/OcCommonLib.h
ServerSiliconPkg/Overclocking/Include/OcDataHob.h
ServerSiliconPkg/Overclocking/Library/OcCommonLib/OcCommonLib.c
ServerSiliconPkg/Overclocking/Library/OcCommonLib/OcCommonLib.inf
ServerSiliconPkg/Overclocking/Library/PeiOcPolicyLib/PeiOcPolicyLib.c
ServerSiliconPkg/Overclocking/Library/PeiOcPolicyLib/PeiOcPolicyLib.inf
ServerSiliconPkg/Overclocking/OcInit.c
ServerSiliconPkg/Overclocking/OcInit.h
ServerSiliconPkg/Overclocking/OcInit.inf
ServerSiliconPkg/Overclocking/OcInitPostMem.c
ServerSiliconPkg/Overclocking/OcInitPostMem.inf
ServerSiliconPkg/Overclocking/OcSupport.c
ServerSiliconPkg/Overclocking/OcSupport.h
ServerSiliconPkg/Product/BirchStream/SiPkgCommonLib.dsc

================================================================================ 
Commit: 6a60b6d0fae64ef0a51507f8f52a274d0eaf5bbc 
Author: DCPAE SERVER <dcpae.server@intel.com> 
Date: Thu Oct 24 11:47:50 2024 -0700 
-------------------------------------------------------------------------------- 
Apply Samsung's Patch for 1bnm 16Gb E-die DIMM

[Feature Description]
Apply Samsung's Patch for 1bnm 16Gb E-die DIMM.

[Resolution]
Failures seen with E-die DIMM are due to invalid commands at SRX. BIOS update is needed to disable CA buffer BW control during self refresh.

Package/Module: CpRcPkg

[Impacted Platform]
BHS

Hsd-es-id: 15016898243

Original commit date: Tue Oct 8 12:40:10 2024 +0800
Change-Id: Ieec8701f6b43e60cdc614cda373111afb3b97630
Original commit hash: fe1a94abe6d5ce97ea40a4d68fc45416779a06a4

-------------------------------------------------------------------------------- 
[Changed Files]
CpRcPkg/Library/BaseDdr5CoreLib/MemJedecDdr5.c

================================================================================ 
Commit: 9686e58f8b54fb1234cc4eb6ae082cf7eaa630eb 
Author: DCPAE SERVER <dcpae.server@intel.com> 
Date: Thu Oct 24 11:47:48 2024 -0700 
-------------------------------------------------------------------------------- 
[GNRWS] Remove the capability of clear admin password through hardware jumper

[Feature Description]
De-feature the clear admin password by HW jumper.
Since no hardware support for it.

Package/Module: GnrwsRpPkg/PlatformPasswordLib

[Impacted Platform]
GNRWS

Hsd-es-id: 15016846152

Original commit date: Sun Sep 29 11:16:37 2024 +0800
Change-Id: If47fbb7e88c8f9f4d54797838852e51c992ad8d5
Original commit hash: adfc95b70d63a9b50718a4a596e3de46177d98bf

-------------------------------------------------------------------------------- 
[Changed Files]
GnrwsRpPkg/Include/Dsc/PlatformPkgCommonLib.dsc
GnrwsRpPkg/Library/PlatformPasswordLib/PlatformPasswordLib.c
GnrwsRpPkg/Library/PlatformPasswordLib/PlatformPasswordLib.inf
GnrwsRpPkg/Library/PlatformPasswordLib/PlatformPasswordLib.uni
GnrwsRpPkg/Library/PlatformPasswordLib/UnitTest/PlatformPasswordLibTest.c
GnrwsRpPkg/Library/PlatformPasswordLib/UnitTest/PlatformPasswordLibTest.inf
GnrwsRpPkg/Library/PlatformPasswordLib/UnitTest/PlatformPasswordLibTestCase.c

================================================================================ 
Commit: 6686cf1054c4c2e3d5ca68ce600941bc44d17acb 
Author: DCPAE SERVER <dcpae.server@intel.com> 
Date: Thu Oct 24 11:47:46 2024 -0700 
-------------------------------------------------------------------------------- 
"[TeamCity] SvrG3 ServerGen3_main_gen3_Daily Daily Updating Version/ID: BCHSTRM.0.RPB.0036.D.59,
LOGANVL.0.RPB.0032.D.44,
KSYVLLE.1.RPB.0026.D.72,
GNRSPWS.0.RPB.0030.D.75,
Server-RC-0x02.0x00.0x01.0273

Hsd-es-id: N/A"
Original commit date: Mon Oct 7 11:11:15 2024 -0700
Original commit hash: 64297fd40125902bc4e8109015d68772d8f3c134

-------------------------------------------------------------------------------- 
[Changed Files]
CpRcPkg/CpRcPkg.dec
GnrwsRpPkg/Tool/GenBiosId/BiosId.env
GnrwsRpPkg/Tool/GenBiosId/BiosIdD.env
GnrwsRpPkg/Tool/GenBiosId/BiosIdR.env
GnrwsRpPkg/Tool/GenBiosId/BiosIdS.env

================================================================================ 
Commit: 1b4021a9e9469b08687e88b220497d0088726b88 
Author: DCPAE SERVER <dcpae.server@intel.com> 
Date: Thu Oct 24 11:47:44 2024 -0700 
-------------------------------------------------------------------------------- 
Root Port SHPC error record is filled in Non-standard error record

[Issue Description] When a RP SHPC error happens the SHPC error record should be filled and non-standard error record needs to sent out (OS/external agent)

[Resolution]
The RP SHPC error was not handled and the same has been fixed.

Package/Module:ServerRasPkg/ErrorReportLib/

[Impacted Platform]
Default ALL

Hsd-es-id: 14023509954

Original commit date: Fri Sep 20 10:37:39 2024 -0700
Change-Id: If487da34568b34b940ff0025c72088ebbaae7af7
Original commit hash: 1bd9e53b1463a87bc2295379215bb54ea04fa43b

-------------------------------------------------------------------------------- 
[Changed Files]
ServerRasPkg/Library/LibraryGen3/ErrorReportLib/ErrorReportLib.c

================================================================================ 
Commit: 3a94a6ab87378554ef1b876ad3eb5d71a8f05955 
Author: DCPAE SERVER <dcpae.server@intel.com> 
Date: Thu Oct 24 11:47:42 2024 -0700 
-------------------------------------------------------------------------------- 
"[TeamCity] SvrG3 ServerGen3_main_gen3_Daily Daily Updating Version/ID: BCHSTRM.0.RPB.0036.D.58,
LOGANVL.0.RPB.0032.D.43,
KSYVLLE.1.RPB.0026.D.71,
GNRSPWS.0.RPB.0030.D.74

Hsd-es-id: N/A"
Original commit date: Mon Oct 7 04:10:58 2024 -0700
Original commit hash: 0ffc121791e40fd1274551d5905fb09f99519e90

-------------------------------------------------------------------------------- 
[Changed Files]
GnrwsRpPkg/Tool/GenBiosId/BiosId.env
GnrwsRpPkg/Tool/GenBiosId/BiosIdD.env
GnrwsRpPkg/Tool/GenBiosId/BiosIdR.env
GnrwsRpPkg/Tool/GenBiosId/BiosIdS.env
GnrwsRpPkg/Tool/GenIfwiId/IfwiIdD.env
GnrwsRpPkg/Tool/GenIfwiId/IfwiIdR.env
GnrwsRpPkg/Tool/GenIfwiId/IfwiIdS.env

================================================================================ 
Commit: 6c29a36efa551cef73b7d5ea859ae956e1465751 
Author: DCPAE SERVER <dcpae.server@intel.com> 
Date: Thu Oct 24 11:47:40 2024 -0700 
-------------------------------------------------------------------------------- 
[GNR-WS] Foxville I226-LM LAN to be enabled by default

[Feature Description]
Update BIOS setting "Foxville I226-LM LAN" to be
enabled by default.

Package/Module:
GnrwsPkg

[Impacted Platform]
GNRWS

Hsd-es-id: 13012359064

Original commit date: Mon Oct 7 10:40:58 2024 +0200
Change-Id: I893849bdaf8e477c4dd667473838f03821218733
Original commit hash: d108276d6e2eb15934408cdeab5ebd6aed0b1eda

-------------------------------------------------------------------------------- 
[Changed Files]
GnrwsRpPkg/PchSetupPcdDefaults.dsc.inc

================================================================================ 
Commit: a3d7cadf7b4db83f5eeca102dc4f8dca9e34ea4a 
Author: DCPAE SERVER <dcpae.server@intel.com> 
Date: Thu Oct 24 11:47:38 2024 -0700 
-------------------------------------------------------------------------------- 
Revert of I8af61da0979168cb4fb24d4a909656d2eeea8805.

[Issue Description]
Change I8af61da0979168cb4fb24d4a909656d2eeea8805
causing IpClean builds to fail.

[Resolution]
I8af61da0979168cb4fb24d4a909656d2eeea8805 gets reverted
because HotPlug is not POR on GNRWS.

Package/Module:
OneSiliconPkg

[Impacted Platform]
ALL.

Hsd-es-id: 14023595728

Original commit date: Fri Oct 4 15:36:22 2024 +0200
Change-Id: If86982e712b1d29645c11eac604c59123fbab24b
Original commit hash: 106550b09f47f7c26ca07d7745f7f6614b7bd099

-------------------------------------------------------------------------------- 
[Changed Files]
OneSiliconPkg/Fru/MtlPch/Smm/PchPcieSmm.c
OneSiliconPkg/IpBlock/PcieRp/LibraryPrivate/PeiPcieSipInitLib/PeiPcieSipInitLib.c

================================================================================ 
Commit: 95b573104665e04cbbef1db2ff7649363d518536 
Author: DCPAE SERVER <dcpae.server@intel.com> 
Date: Thu Oct 24 11:47:36 2024 -0700 
-------------------------------------------------------------------------------- 
[GNR WS]PlatformInfo PEIM hits EC timeout when getting board info

[Issue Description]
GetEcSupportAndVersion function returns Timeout which also causing
boot performance down grade by increasing overall PEI phase execution
duration.

[Resolution]
Observed Timeout because Decoding is not enabled before when we send
the first command to EC. And without enabling, No commands will be sent
to EC. So, Called PchLpcIoEnableDecodingAndThenOr first and initiating
Communication with EC. Now no Timeout issue observed.

Package/Module:
GnrwsRpPkg

[Impacted Platform]
GNRWS

Hsd-es-id: 15016823384

Original commit date: Mon Sep 30 12:42:36 2024 +0530
Change-Id: I237f563d6adf40e1d1741d50a418c6acade6cd6b
Original commit hash: 36a007222035ac8033c6c94f7fcf6a1c2c9d467d

-------------------------------------------------------------------------------- 
[Changed Files]
GnrwsRpPkg/Platform/Pei/PlatformInfo/PlatformInfo.c

================================================================================ 
Commit: 3d1a2d6bf1d73ea517dc2136520b608acb1179fc 
Author: DCPAE SERVER <dcpae.server@intel.com> 
Date: Thu Oct 24 11:47:34 2024 -0700 
-------------------------------------------------------------------------------- 
"[TeamCity] SvrG3 ServerGen3_main_gen3_Daily Daily Updating Version/ID: BCHSTRM.0.RPB.0036.D.57,
LOGANVL.0.RPB.0032.D.42,
KSYVLLE.1.RPB.0026.D.70,
GNRSPWS.0.RPB.0030.D.73

Hsd-es-id: N/A"
Original commit date: Sun Oct 6 11:11:00 2024 -0700
Original commit hash: e5e3c4e7bc66ef425bdae8e2a93072fc9558ba04

-------------------------------------------------------------------------------- 
[Changed Files]
GnrwsRpPkg/Tool/GenBiosId/BiosId.env
GnrwsRpPkg/Tool/GenBiosId/BiosIdD.env
GnrwsRpPkg/Tool/GenBiosId/BiosIdR.env
GnrwsRpPkg/Tool/GenBiosId/BiosIdS.env
GnrwsRpPkg/Tool/GenIfwiId/IfwiIdD.env
GnrwsRpPkg/Tool/GenIfwiId/IfwiIdR.env
GnrwsRpPkg/Tool/GenIfwiId/IfwiIdS.env

================================================================================ 
Commit: 2af4b4d308c2641cc9ae9fd29dffd6368d22b6c2 
Author: DCPAE SERVER <dcpae.server@intel.com> 
Date: Thu Oct 24 11:47:32 2024 -0700 
-------------------------------------------------------------------------------- 
"[TeamCity] SvrG3 ServerGen3_main_gen3_Daily Daily Updating Version/ID: BCHSTRM.0.RPB.0036.D.56,
LOGANVL.0.RPB.0032.D.41,
KSYVLLE.1.RPB.0026.D.69,
GNRSPWS.0.RPB.0030.D.72

Hsd-es-id: N/A"
Original commit date: Sun Oct 6 04:11:04 2024 -0700
Original commit hash: dd3e8dc2ff357306d2e4f16371bc43f973330a0f

-------------------------------------------------------------------------------- 
[Changed Files]
GnrwsRpPkg/Tool/GenBiosId/BiosId.env
GnrwsRpPkg/Tool/GenBiosId/BiosIdD.env
GnrwsRpPkg/Tool/GenBiosId/BiosIdR.env
GnrwsRpPkg/Tool/GenBiosId/BiosIdS.env
GnrwsRpPkg/Tool/GenIfwiId/IfwiIdD.env
GnrwsRpPkg/Tool/GenIfwiId/IfwiIdR.env
GnrwsRpPkg/Tool/GenIfwiId/IfwiIdS.env

================================================================================ 
Commit: a8f9ceffa6628a467908bf2e672ac2824cf9e7f3 
Author: DCPAE SERVER <dcpae.server@intel.com> 
Date: Thu Oct 24 11:47:30 2024 -0700 
-------------------------------------------------------------------------------- 
"[TeamCity] SvrG3 ServerGen3_main_gen3_Daily Daily Updating Version/ID: BCHSTRM.0.RPB.0036.D.55,
LOGANVL.0.RPB.0032.D.40,
KSYVLLE.1.RPB.0026.D.68,
GNRSPWS.0.RPB.0030.D.71

Hsd-es-id: N/A"
Original commit date: Sat Oct 5 11:08:18 2024 -0700
Original commit hash: 7fa07eb125c1b967b47197bd5b624cad182cf6ba

-------------------------------------------------------------------------------- 
[Changed Files]
GnrwsRpPkg/Tool/GenBiosId/BiosId.env
GnrwsRpPkg/Tool/GenBiosId/BiosIdD.env
GnrwsRpPkg/Tool/GenBiosId/BiosIdR.env
GnrwsRpPkg/Tool/GenBiosId/BiosIdS.env
GnrwsRpPkg/Tool/GenIfwiId/IfwiIdD.env
GnrwsRpPkg/Tool/GenIfwiId/IfwiIdR.env
GnrwsRpPkg/Tool/GenIfwiId/IfwiIdS.env

================================================================================ 
Commit: b7145a86b648fdf1bb890ba789f365f513ad54d1 
Author: DCPAE SERVER <dcpae.server@intel.com> 
Date: Thu Oct 24 11:47:27 2024 -0700 
-------------------------------------------------------------------------------- 
"[TeamCity] SvrG3 ServerGen3_main_gen3_Daily Daily Updating Version/ID: BCHSTRM.0.RPB.0036.D.54,
LOGANVL.0.RPB.0032.D.39,
KSYVLLE.1.RPB.0026.D.67,
GNRSPWS.0.RPB.0030.D.70,
Server-RC-0x02.0x00.0x01.0272

Hsd-es-id: N/A"
Original commit date: Sat Oct 5 04:10:48 2024 -0700
Original commit hash: 0ebfe2380ab26c4e70911afe4660fe2e35be30af

-------------------------------------------------------------------------------- 
[Changed Files]
CpRcPkg/CpRcPkg.dec
GnrwsRpPkg/Tool/GenBiosId/BiosId.env
GnrwsRpPkg/Tool/GenBiosId/BiosIdD.env
GnrwsRpPkg/Tool/GenBiosId/BiosIdR.env
GnrwsRpPkg/Tool/GenBiosId/BiosIdS.env
GnrwsRpPkg/Tool/GenIfwiId/IfwiIdD.env
GnrwsRpPkg/Tool/GenIfwiId/IfwiIdR.env
GnrwsRpPkg/Tool/GenIfwiId/IfwiIdS.env

================================================================================ 
Commit: a645380120566f1b67932020517cebb844db2572 
Author: DCPAE SERVER <dcpae.server@intel.com> 
Date: Thu Oct 24 11:47:25 2024 -0700 
-------------------------------------------------------------------------------- 
[GNR-WS]Cleanup, optimization of MemXmp.c and enabling of "PcdMrcXmpSupport"

[Feature Description]
1. Cleaning up and optimising the reused code
2. Enabling of PCD PcdMrcXmpSupport

Package/Module:

[Impacted Platform]
GNR-WS

Hsd-es-id: 16025605180

Original commit date: Tue Sep 24 13:27:20 2024 +0530
Change-Id: Ide3682021679d4da31a47f574f6967b101d18ff1
Original commit hash: cc09bd33379efd6f1fbcb8aac135b5e2b5665e0c

-------------------------------------------------------------------------------- 
[Changed Files]
BirchStreamOpenBoardPkg/PreBuildSetupPcdDefaults.dsc.inc
CpRcPkg/Include/Memory/MemDefaults.h
CpRcPkg/Include/Memory/MemFlowsDefinitions.h
CpRcPkg/Library/BaseMemoryCoreLib/Core/Mem/MemStart.c
CpRcPkg/Library/BaseMemoryCoreLib/Core/Mem/MemXMP.c
GnrwsRpPkg/Include/Dsc/PlatformPkgPcds.dsc
ServerPlatformPkg/Platform/Dxe/SocketSetup/MemoryDfxSetup.hfr
ServerPlatformPkg/Platform/Dxe/SocketSetup/MemorySetup.hfr
ServerPlatformPkg/Platform/Dxe/SocketSetup/SocketSetup.c
ServerSiliconPkg/Mem/Library/MemCallTableLib/GnrSrf/MemCallTableSoc.c
ServerSiliconPkg/Mem/Library/MemCallTableLib/MemCallTableLibGnrSrf.inf

================================================================================ 
Commit: d7dac139634a07698e7ad33fb51687238dc0da2f 
Author: DCPAE SERVER <dcpae.server@intel.com> 
Date: Thu Oct 24 11:47:20 2024 -0700 
-------------------------------------------------------------------------------- 
"[TeamCity] SvrG3 ServerGen3_main_gen3_Daily Daily Updating Version/ID: BCHSTRM.0.RPB.0036.D.53,
LOGANVL.0.RPB.0032.D.38,
KSYVLLE.1.RPB.0026.D.66,
GNRSPWS.0.RPB.0030.D.69

Hsd-es-id: N/A"
Original commit date: Fri Oct 4 11:10:44 2024 -0700
Original commit hash: 129fd0273a5a7f5cf6d217a9f9f300d9e71aa453

-------------------------------------------------------------------------------- 
[Changed Files]
GnrwsRpPkg/Tool/GenBiosId/BiosId.env
GnrwsRpPkg/Tool/GenBiosId/BiosIdD.env
GnrwsRpPkg/Tool/GenBiosId/BiosIdR.env
GnrwsRpPkg/Tool/GenBiosId/BiosIdS.env
GnrwsRpPkg/Tool/GenIfwiId/IfwiIdD.env
GnrwsRpPkg/Tool/GenIfwiId/IfwiIdR.env
GnrwsRpPkg/Tool/GenIfwiId/IfwiIdS.env

================================================================================ 
Commit: df7cffea443678a3cabcd0983abbd2987159ccf5 
Author: DCPAE SERVER <dcpae.server@intel.com> 
Date: Thu Oct 24 11:47:18 2024 -0700 
-------------------------------------------------------------------------------- 
[RPE] Capability report incorrectly in SMBIOS

[Issue Description]
RPE_CAPABILITY_SUPPORT is redefined
without RPE_SUPPORTED bit set.
And it causes RPE cannot be enabled in MeshCMD.

[Resolution]
Use RPE_SMBIOS_CAPABILITY_SUPPORT to replace
RPE_CAPABILITY_SUPPORT

Package/Module:
RpPkg/Features/Me/MeSmbiosUpdateConfigDxe

[Impacted Platform]
GnrWs

Hsd-es-id: 16025659012

Original commit date: Thu Oct 3 18:13:54 2024 +0800
Change-Id: Ife72981e0bf713e2134600745e19e9f6345307c8
Original commit hash: bb5d5af6b4293c49458e64cc22b8a9c94b44210b

-------------------------------------------------------------------------------- 
[Changed Files]
GnrwsRpPkg/Features/Me/MeSmbiosUpdateConfigDxe/MeSmbiosUpdateConfig.c

================================================================================ 
Commit: 1ea98aa7092e60f2d94ebde8ca805b45e34ff7c9 
Author: DCPAE SERVER <dcpae.server@intel.com> 
Date: Thu Oct 24 11:47:16 2024 -0700 
-------------------------------------------------------------------------------- 
"[TeamCity] SvrG3 ServerGen3_main_gen3_Daily Daily Updating Version/ID: BCHSTRM.0.RPB.0036.D.52,
LOGANVL.0.RPB.0032.D.37,
KSYVLLE.1.RPB.0026.D.65,
GNRSPWS.0.RPB.0030.D.68

Hsd-es-id: N/A"
Original commit date: Fri Oct 4 04:10:55 2024 -0700
Original commit hash: 39530fbaafb802da84e22db11a909c321f5dbdd2

-------------------------------------------------------------------------------- 
[Changed Files]
GnrwsRpPkg/Tool/GenBiosId/BiosId.env
GnrwsRpPkg/Tool/GenBiosId/BiosIdD.env
GnrwsRpPkg/Tool/GenBiosId/BiosIdR.env
GnrwsRpPkg/Tool/GenBiosId/BiosIdS.env
GnrwsRpPkg/Tool/GenIfwiId/IfwiIdD.env
GnrwsRpPkg/Tool/GenIfwiId/IfwiIdR.env
GnrwsRpPkg/Tool/GenIfwiId/IfwiIdS.env

================================================================================ 
Commit: 638f85beaec95daf726cd710ac4c89f94f30b0f5 
Author: DCPAE SERVER <dcpae.server@intel.com> 
Date: Thu Oct 24 11:47:12 2024 -0700 
-------------------------------------------------------------------------------- 
"[TeamCity] SvrG3 ServerGen3_main_gen3_Daily Daily Updating Version/ID: BCHSTRM.0.RPB.0036.D.51,
LOGANVL.0.RPB.0032.D.36,
KSYVLLE.1.RPB.0026.D.64,
GNRSPWS.0.RPB.0030.D.67,
Server-RC-0x02.0x00.0x01.0271

Hsd-es-id: N/A"
Original commit date: Thu Oct 3 11:10:53 2024 -0700
Original commit hash: 28f2796052724402c0f413cb1a5ff6f1bd0c6f22

-------------------------------------------------------------------------------- 
[Changed Files]
CpRcPkg/CpRcPkg.dec
GnrwsRpPkg/Tool/GenBiosId/BiosId.env
GnrwsRpPkg/Tool/GenBiosId/BiosIdD.env
GnrwsRpPkg/Tool/GenBiosId/BiosIdR.env
GnrwsRpPkg/Tool/GenBiosId/BiosIdS.env
GnrwsRpPkg/Tool/GenIfwiId/IfwiIdD.env
GnrwsRpPkg/Tool/GenIfwiId/IfwiIdR.env
GnrwsRpPkg/Tool/GenIfwiId/IfwiIdS.env

================================================================================ 
Commit: 360ee7a03b22c246c12b687f32e57282ceacd20e 
Author: DCPAE SERVER <dcpae.server@intel.com> 
Date: Thu Oct 24 11:47:10 2024 -0700 
-------------------------------------------------------------------------------- 
[GNRD][RAS] Remove Extended PPR variable for GNRD-Ax

[Feature Description]
Extended PPR will be updated with RT-SPPR, which is not supported on GNRD-Ax, hence remove it to save BIOS ROM space

Package/Module: ServerRasPkg/Library

[Impacted Platform]
GNRD

Hsd-es-id: 16024637725

Original commit date: Tue Jul 2 23:45:27 2024 +0530
Change-Id: I47da535e17bc852881322ec4a1eb80c096471168
Original commit hash: 5447225885bd27662134ea86b9d05560e46f41ae

-------------------------------------------------------------------------------- 
[Changed Files]
ServerRasPkg/Driver/Smm/PprVlsErrorLogListener/PprVlsErrorLogListener.c
ServerRasPkg/Library/PprNvVarUpdateLib/PprNvVarUpdateLib.c

================================================================================ 
Commit: ab1bed0e7028fc3d6cc961f5d6ac4992625fb0bc 
Author: DCPAE SERVER <dcpae.server@intel.com> 
Date: Thu Oct 24 11:47:08 2024 -0700 
-------------------------------------------------------------------------------- 
GNRWS: Compilation using GCC fails

[Feature Description]
Add support and build script changes for GCC

[Resolution]
- Fixed linking issue.

Package/Module:
ServerPlatformPkg

[Impacted Platform]
GNRWS

Hsd-es-id: 18040206982

Original commit date: Thu Oct 3 09:10:43 2024 +0200
Change-Id: I888613bda39e9aad4cf777482738547693b3288
Original commit hash: 2e2c7821fbadbaba4c7c179a982b691373ce2940

-------------------------------------------------------------------------------- 
[Changed Files]
ServerPlatformPkg/Library/PeiPolicyUpdateLib/PeiPchPolicyUpdateGnrWs.c
ServerPlatformPkg/Library/PeiPolicyUpdateLib/PeiPolicyUpdateGnrWs.c

================================================================================ 
Commit: 3816b640f2655a862f8075a0538bbc0f2aab22a0 
Author: DCPAE SERVER <dcpae.server@intel.com> 
Date: Thu Oct 24 11:47:05 2024 -0700 
-------------------------------------------------------------------------------- 
"[TeamCity] SvrG3 ServerGen3_main_gen3_Daily Daily Updating Version/ID: BCHSTRM.0.RPB.0036.D.50,
LOGANVL.0.RPB.0032.D.35,
KSYVLLE.1.RPB.0026.D.63,
GNRSPWS.0.RPB.0030.D.66

Hsd-es-id: N/A"
Original commit date: Thu Oct 3 04:08:39 2024 -0700
Original commit hash: f51ddfc96ced052ca324bfa476234cfb53c10e40

-------------------------------------------------------------------------------- 
[Changed Files]
GnrwsRpPkg/Tool/GenBiosId/BiosId.env
GnrwsRpPkg/Tool/GenBiosId/BiosIdD.env
GnrwsRpPkg/Tool/GenBiosId/BiosIdR.env
GnrwsRpPkg/Tool/GenBiosId/BiosIdS.env
GnrwsRpPkg/Tool/GenIfwiId/IfwiIdD.env
GnrwsRpPkg/Tool/GenIfwiId/IfwiIdR.env
GnrwsRpPkg/Tool/GenIfwiId/IfwiIdS.env

================================================================================ 
Commit: 8ae8e0108a7fd4955be525b9e337bc7742e4d017 
Author: DCPAE SERVER <dcpae.server@intel.com> 
Date: Thu Oct 24 11:47:02 2024 -0700 
-------------------------------------------------------------------------------- 
"[TeamCity] SvrG3 ServerGen3_main_gen3_Daily Daily Updating Version/ID: BCHSTRM.0.RPB.0036.D.49,
LOGANVL.0.RPB.0032.D.34,
KSYVLLE.1.RPB.0026.D.62,
GNRSPWS.0.RPB.0030.D.65

Hsd-es-id: N/A"
Original commit date: Wed Oct 2 11:11:27 2024 -0700
Original commit hash: b62c1b04934a8ed09f26b25ac96f1d4806815b73

-------------------------------------------------------------------------------- 
[Changed Files]
GnrwsRpPkg/Tool/GenBiosId/BiosId.env
GnrwsRpPkg/Tool/GenBiosId/BiosIdD.env
GnrwsRpPkg/Tool/GenBiosId/BiosIdR.env
GnrwsRpPkg/Tool/GenBiosId/BiosIdS.env
GnrwsRpPkg/Tool/GenIfwiId/IfwiIdD.env
GnrwsRpPkg/Tool/GenIfwiId/IfwiIdR.env
GnrwsRpPkg/Tool/GenIfwiId/IfwiIdS.env

================================================================================ 
Commit: b08b6adf4a463c812a700b6c6e9edecae8d7afa7 
Author: DCPAE SERVER <dcpae.server@intel.com> 
Date: Thu Oct 24 11:46:58 2024 -0700 
-------------------------------------------------------------------------------- 
"[TeamCity] SvrG3 ServerGen3_main_gen3_Daily Daily Updating Version/ID: BCHSTRM.0.RPB.0036.D.48,
LOGANVL.0.RPB.0032.D.33,
KSYVLLE.1.RPB.0026.D.61,
GNRSPWS.0.RPB.0030.D.64,
Server-RC-0x02.0x00.0x01.0270

Hsd-es-id: N/A"
Original commit date: Wed Oct 2 04:10:49 2024 -0700
Original commit hash: ff4bbd18e11c7f58f7f84c4ea5ea9a42c2db9343

-------------------------------------------------------------------------------- 
[Changed Files]
CpRcPkg/CpRcPkg.dec
GnrwsRpPkg/Tool/GenBiosId/BiosId.env
GnrwsRpPkg/Tool/GenBiosId/BiosIdD.env
GnrwsRpPkg/Tool/GenBiosId/BiosIdR.env
GnrwsRpPkg/Tool/GenBiosId/BiosIdS.env
GnrwsRpPkg/Tool/GenIfwiId/IfwiIdD.env
GnrwsRpPkg/Tool/GenIfwiId/IfwiIdR.env
GnrwsRpPkg/Tool/GenIfwiId/IfwiIdS.env

================================================================================ 
Commit: 4b5bad9fcb0dfb93bc5ad4fed506a6266894a91b 
Author: DCPAE SERVER <dcpae.server@intel.com> 
Date: Thu Oct 24 11:46:55 2024 -0700 
-------------------------------------------------------------------------------- 
[GNR-WS][XCC][B0] Observing Failures in FWTS live tool(Ver:24.03) test

[Issue Description]
Incorrect function in address field in _PRT methods

[Resolution]
Fixed function to proper value 0xFFFF to fix PRT FWTS issue

Package/Module:
GnrwsRpPkg

[Impacted Platform]
GNRWS

Hsd-es-id: 16025648054

Original commit date: Mon Sep 30 17:50:10 2024 +0530
Change-Id: Idb213519084e71db5b0f44498c1ab7ae96abb1a7
Original commit hash: 59a49014cf5f0b2c8f8e278db54dd4e5a149e193

-------------------------------------------------------------------------------- 
[Changed Files]
GnrwsRpPkg/Tool/BoardInfo/GNRWS/Iio/IioPrt.asi

================================================================================ 
Commit: 2466ec04215ddd835a757c06a6a76c7dfc227ee1 
Author: DCPAE SERVER <dcpae.server@intel.com> 
Date: Thu Oct 24 11:46:51 2024 -0700 
-------------------------------------------------------------------------------- 
Nv Variable Seamless Update -- Revision Data Update

Hsd-es-id: 14023588034

Original commit date: Tue Oct 1 12:30:05 2024 -0700
Change-Id: Ithsohyxkkldj8yl2fr6weju2hqqoccw35979ukqv
Original commit hash: b82fcc54c3829b89b07b37ba0d59c31fee4a912f

-------------------------------------------------------------------------------- 
[Changed Files]
BirchStreamOpenBoardPkg/PreBuildSetupPcdDefaults.dsc.inc
ServerPlatformPkg/Include/NvVariableUpdateRule.h

================================================================================ 
Commit: 623bb19fd63dd4ebdedf550c4cc69ea5751d1520 
Author: DCPAE SERVER <dcpae.server@intel.com> 
Date: Thu Oct 24 11:46:48 2024 -0700 
-------------------------------------------------------------------------------- 
[Gen3]Add Dfx knob to configure bank_idle_bypass_en

[Feature Description]
1. Add a knob to enable\disable by setting 1\0 respectively for register
field sv.sockets.computes.uncore.memss.mcs.chs.mcchan.scheduler_enables.bank_idle_bypass_en
on populated MCs
2. Make the knob default disable to match existing behaviour
3. Make the knob changes take effect after exiting the CPGC mode

Package/Module:
ServerSiliconPkg
CpRcPkg
ServerPlatformPkg

[Impacted Platform]
Graniterapids-AP

Hsd-es-id: 14023544435

Original commit date: Wed Sep 25 09:11:19 2024 -0600
Change-Id: I6aa2e79f4d371d51514ccccc4665a4b9e87fcbd4
Original commit hash: a246a89b5e6d42e90354a83ac03b046b2e6c52a1

-------------------------------------------------------------------------------- 
[Changed Files]
BirchStreamOpenBoardPkg/PreBuildSetupPcdDefaults.dsc.inc
CpRcPkg/Include/Memory/MemDefaults.h
CpRcPkg/Include/Ppi/MemoryPolicyPpi.h
CpRcPkg/Library/BaseMemoryCoreLib/Core/Mem/MemStart.c
ServerPlatformPkg/Library/PeiMemoryPolicyUpdateLib/PeiMemoryPolicyUpdateLib.c
ServerPlatformPkg/Platform/Dxe/SocketSetup/MemorySetup.hfr
ServerPlatformPkg/Platform/Dxe/SocketSetup/MemorySetupStrings.uni
ServerSiliconPkg/Include/Guid/SocketMemoryVariable.h
ServerSiliconPkg/Library/PeiMemoryPolicyLib/PeiMemoryPolicyLib.c
ServerSiliconPkg/Library/SimulationServicesLib/MemSpdSimInit.c
ServerSiliconPkg/Mem/Library/MemMcIpLib/Common/MemConfigMc.c
ServerSiliconPkg/Mem/Library/MemMcIpLib/Common/MemProjectCommon.c
ServerSiliconPkg/Mem/Library/MemMcIpLib/Include/MemMcIpLibInternal.h

================================================================================ 
Commit: 53c3d14b400e6d58dac9facad6e6b85814671938 
Author: DCPAE SERVER <dcpae.server@intel.com> 
Date: Thu Oct 24 11:46:44 2024 -0700 
-------------------------------------------------------------------------------- 
"[TeamCity] SvrG3 ServerGen3_main_gen3_Daily Daily Updating Version/ID: BCHSTRM.0.RPB.0036.D.47,
LOGANVL.0.RPB.0032.D.32,
KSYVLLE.1.RPB.0026.D.60,
GNRSPWS.0.RPB.0030.D.63,
Server-RC-0x02.0x00.0x01.026F

Hsd-es-id: N/A"
Original commit date: Tue Oct 1 11:10:56 2024 -0700
Original commit hash: cb7341365eaaa784195afc59a1c9efd1acd3efa7

-------------------------------------------------------------------------------- 
[Changed Files]
CpRcPkg/CpRcPkg.dec
GnrwsRpPkg/Tool/GenBiosId/BiosId.env
GnrwsRpPkg/Tool/GenBiosId/BiosIdD.env
GnrwsRpPkg/Tool/GenBiosId/BiosIdR.env
GnrwsRpPkg/Tool/GenBiosId/BiosIdS.env
GnrwsRpPkg/Tool/GenIfwiId/IfwiIdD.env
GnrwsRpPkg/Tool/GenIfwiId/IfwiIdR.env
GnrwsRpPkg/Tool/GenIfwiId/IfwiIdS.env

================================================================================ 
Commit: 65a5f74ffcd2386d949a42584954582fd19312ac 
Author: DCPAE SERVER <dcpae.server@intel.com> 
Date: Thu Oct 24 11:46:41 2024 -0700 
-------------------------------------------------------------------------------- 
[SysDebug FWD][GNR-AP B0 EVs] 1300 DPM observed in PPV for UPI COR Phy Reset

[Feature Description]
Mask 0x21 Cor Phy reset bits

Package/Module:
ServerSiliconPkg/Library

[Impacted Platform]
BIRCHSTREAM GRANITERAPIDS

Hsd-es-id: 14023510571

Original commit date: Fri Sep 20 11:32:33 2024 -0700
Change-Id: I0a6acc711865230784a5b88ebbea71cb0d3e31f6
Original commit hash: a8dfa4cfc3d4bedf460fee2ac0cc03ba5145e829

-------------------------------------------------------------------------------- 
[Changed Files]
ServerSiliconPkg/Library/UpiIpBlock/Gen3/Ipfw/LibraryPrivate/IpUpiLib/IpUpi.c

================================================================================ 
Commit: 40a6bfe38ddfb48354f44fe93a7641774e907247 
Author: DCPAE SERVER <dcpae.server@intel.com> 
Date: Thu Oct 24 11:46:37 2024 -0700 
-------------------------------------------------------------------------------- 
"[TeamCity] SvrG3 ServerGen3_main_gen3_Daily Daily Updating Version/ID: BCHSTRM.0.RPB.0036.D.46,
LOGANVL.0.RPB.0032.D.31,
KSYVLLE.1.RPB.0026.D.59,
GNRSPWS.0.RPB.0030.D.62

Hsd-es-id: N/A"
Original commit date: Tue Oct 1 04:11:02 2024 -0700
Original commit hash: b4878546b9e2d33676d613f15c2dffd25890dd69

-------------------------------------------------------------------------------- 
[Changed Files]
GnrwsRpPkg/Tool/GenBiosId/BiosId.env
GnrwsRpPkg/Tool/GenBiosId/BiosIdD.env
GnrwsRpPkg/Tool/GenBiosId/BiosIdR.env
GnrwsRpPkg/Tool/GenBiosId/BiosIdS.env
GnrwsRpPkg/Tool/GenIfwiId/IfwiIdD.env
GnrwsRpPkg/Tool/GenIfwiId/IfwiIdR.env
GnrwsRpPkg/Tool/GenIfwiId/IfwiIdS.env

================================================================================ 
Commit: 13f36d0b21201b5147e83e55bd249cc9a40878f6 
Author: DCPAE SERVER <dcpae.server@intel.com> 
Date: Thu Oct 24 11:46:34 2024 -0700 
-------------------------------------------------------------------------------- 
"[TeamCity] SvrG3 ServerGen3_main_gen3_Daily Daily Updating Version/ID: BCHSTRM.0.RPB.0036.D.45,
LOGANVL.0.RPB.0032.D.30,
KSYVLLE.1.RPB.0026.D.58,
GNRSPWS.0.RPB.0030.D.61,
Server-RC-0x02.0x00.0x01.026E

Hsd-es-id: N/A"
Original commit date: Tue Oct 1 01:11:46 2024 -0700
Original commit hash: 0ebdc4316465db7fa912339e48e43e1e6951b883

-------------------------------------------------------------------------------- 
[Changed Files]
CpRcPkg/CpRcPkg.dec
GnrwsRpPkg/Tool/GenBiosId/BiosId.env
GnrwsRpPkg/Tool/GenBiosId/BiosIdD.env
GnrwsRpPkg/Tool/GenBiosId/BiosIdR.env
GnrwsRpPkg/Tool/GenBiosId/BiosIdS.env
GnrwsRpPkg/Tool/GenIfwiId/IfwiIdD.env
GnrwsRpPkg/Tool/GenIfwiId/IfwiIdR.env
GnrwsRpPkg/Tool/GenIfwiId/IfwiIdS.env

================================================================================ 
Commit: 76b82bd63e27fa0b6d2ca1423c60c6a51d72a2a2 
Author: DCPAE SERVER <dcpae.server@intel.com> 
Date: Thu Oct 24 11:46:31 2024 -0700 
-------------------------------------------------------------------------------- 
[GNR-WS][XMP3.0]Clean up of "XmpSpdDecodeLibDdr.c & MemRegs.h" from XMP support

[Feature Description]
1. Clean-up and optimisation of "XmpSpdDecodeLibDdr.c & MemRegs.h"
2. Code alignment with Gen3

Package/Module:

[Impacted Platform]
GNR-WS

Hsd-es-id: 16025516399

Original commit date: Wed Sep 18 19:34:34 2024 +0530
Change-Id: I0a3821124db3ebb319af866ed998f46d7886ee28
Original commit hash: 1d25fb2812d36f123636bf3187df0fea5541ace1

-------------------------------------------------------------------------------- 
[Changed Files]
CpRcPkg/Include/Library/EnhancedWarningLogLib.h
CpRcPkg/Include/Library/SpdDecodeLib.h
CpRcPkg/Include/Memory/Ddr5SpdRegisters.h
CpRcPkg/Include/Memory/MemRegs.h
CpRcPkg/Library/SpdDecodeLib/Ddr5/XmpSpdDecodeLibDdr.c

================================================================================ 
Commit: 4d8df13c5f37ec621e22af9cbedba56dd09e0513 
Author: DCPAE SERVER <dcpae.server@intel.com> 
Date: Thu Oct 24 11:46:27 2024 -0700 
-------------------------------------------------------------------------------- 
"[TeamCity] SvrG3 ServerGen3_main_gen3_Daily Daily Updating Version/ID: BCHSTRM.0.RPB.0036.D.44,
LOGANVL.0.RPB.0032.D.29,
KSYVLLE.1.RPB.0026.D.57,
GNRSPWS.0.RPB.0030.D.60,
Server-RC-0x02.0x00.0x01.026D

Hsd-es-id: N/A"
Original commit date: Mon Sep 30 22:33:55 2024 -0700
Original commit hash: 9b4b80cec1039df87d0673b5f5895463dbdab64e

-------------------------------------------------------------------------------- 
[Changed Files]
CpRcPkg/CpRcPkg.dec
GnrwsRpPkg/Tool/GenBiosId/BiosId.env
GnrwsRpPkg/Tool/GenBiosId/BiosIdD.env
GnrwsRpPkg/Tool/GenBiosId/BiosIdR.env
GnrwsRpPkg/Tool/GenBiosId/BiosIdS.env

================================================================================ 
Commit: 40f82534ec2eb82fbb577f18a7be71d807f88ea7 
Author: DCPAE SERVER <dcpae.server@intel.com> 
Date: Thu Oct 24 11:46:23 2024 -0700 
-------------------------------------------------------------------------------- 
Add deadloop in BIOS code after CF9 when doing reset before CPL1 phase

[Feature Description]
Add deadloop in BIOS code after CF9 when doing reset before CPL1 phase

Package/Module:
ServerSiliconPkg/Library

[Impacted Platform]
BIRCHSTREAM GRANITERAPIDS

Hsd-es-id: 14023512628

Original commit date: Fri Sep 20 15:32:54 2024 -0700
Change-Id: I58edd18c5235058aea930c1f2b1868351313e771
Original commit hash: 79c5e666ff671ff2bc0d050ef07cdb73c1abc601

-------------------------------------------------------------------------------- 
[Changed Files]
ServerSiliconPkg/Library/ProcessorStartup/Ia32/ProcessorStartupUncoreGen3.nasm
ServerSiliconPkg/Library/ProcessorStartup/X64/ProcessorStartupUncoreGen3.nasm
