================================================================================ 
Commit: 16372820d672e15d113c7ecc5f202f4372d53811 
Author: ClientSysFWGit <clientsysfwgit@intel.com> 
Date: Fri Mar 12 14:00:52 2021 +0530 
-------------------------------------------------------------------------------- 
Update RKLS_B0 Production patchID to 0x38

Original commit date: Tue Mar 9 13:12:40 2021 -0800
Change-Id: Ie85351898da3d5b25b0a8992eb481abb2a79cce0
Original commit hash: ffa7f096899c2e01a78ef763925a43dea25b9927

-------------------------------------------------------------------------------- 
[Changed Files]
CometLakePlatSamplePkg/PlatformPkg.fdf

================================================================================ 
Commit: e30592fca1cf19d588e97add784c1fdd79f2006d 
Author: ClientSysFWGit <clientsysfwgit@intel.com> 
Date: Fri Mar 12 14:00:27 2021 +0530 
-------------------------------------------------------------------------------- 
[TeamCity] RKLERB Auto-Commit BIOS ID update CI Increment BIOS Major Version () and reset Minor Version to 0


Original commit date: Tue Mar 9 05:15:52 2021 -0800
Change-Id: Iabae2b653ead07f69de8025792d72ae610c75d77
Original commit hash: 1672f49d7fecbbd208a45e6540ea400ba1eb233e

-------------------------------------------------------------------------------- 
[Changed Files]
CometLakePlatSamplePkg/Tools/GenBiosId/BiosId.env

================================================================================ 
Commit: c48263cc42a5a1d5aaec04cb17aca7290f12ff2b 
Author: ClientSysFWGit <clientsysfwgit@intel.com> 
Date: Fri Mar 12 14:00:07 2021 +0530 
-------------------------------------------------------------------------------- 
[TeamCity] RKLERB Auto-Commit DailyUpdate_FSP/RC CI

Original commit date: Tue Mar 9 01:52:32 2021 -0800
Change-Id: I52ec205f9f2c59e1f6e293c4439b63873bb8ccbb
Original commit hash: 8555f3dfa9f4db6f2c64c7f43c622383a3055e69

-------------------------------------------------------------------------------- 
[Changed Files]
CometLakeFspPkg/CometLakeFspPkg.dec
CometLakeSiliconPkg/SiPkg.dec.template

================================================================================ 
Commit: b766338d81c2d9eff6802d90480ded777fde8817 
Author: ClientSysFWGit <clientsysfwgit@intel.com> 
Date: Fri Mar 12 13:59:44 2021 +0530 
-------------------------------------------------------------------------------- 
[RKL][CPU] Addition of Intel Adaptive Boost Technology.


Original commit date: Thu Feb 18 15:36:28 2021 -0800
Change-Id: I35bcbe3137329c6c998aa3254187f112ee146990
Original commit hash: 10867ae051c0a98a06d943fde90f249ac28606b0

-------------------------------------------------------------------------------- 
[Changed Files]
CometLakeFspPkg/Library/PeiPolicyUpdateLib/PeiCpuPolicyUpdate.c
CometLakeFspPkg/Upd/FspsUpd.dsc
CometLakePlatSamplePkg/Include/SetupVariable.h
CometLakePlatSamplePkg/Library/PeiPolicyUpdateLib/PeiCpuPolicyUpdate.c
CometLakePlatSamplePkg/Setup/CpuSetup.hfr
CometLakePlatSamplePkg/Setup/CpuSetup.uni
CometLakeSiliconPkg/Cpu/Include/ConfigBlock/CpuPowerMgmtBasicConfig.h
CometLakeSiliconPkg/Cpu/Include/Library/CpuMailboxLib.h
CometLakeSiliconPkg/Cpu/Library/PeiCpuPolicyLib/CpuPrintPolicy.c
CometLakeSiliconPkg/Cpu/Library/PeiCpuPolicyLib/PeiCpuPolicyLib.c
CometLakeSiliconPkg/Cpu/Library/Private/PeiCpuPowerMgmtLib/PerformanceStates.c
CometLakeSiliconPkg/Cpu/Library/Private/PeiCpuPowerMgmtLib/PowerMgmtCommon.h
CometLakeSiliconPkg/Cpu/Library/Private/PeiCpuPowerMgmtLib/PowerMgmtInitPeim.c

================================================================================ 
Commit: 6eb063baf04c94ec328ed085260a4dacff7bc61d 
Author: ClientSysFWGit <clientsysfwgit@intel.com> 
Date: Fri Mar 12 13:59:11 2021 +0530 
-------------------------------------------------------------------------------- 
[TeamCity] RKLERB Auto-Commit WeeklyUpdate_FSP/RC CI

Original commit date: Mon Mar 8 06:03:48 2021 -0800
Change-Id: Ic2de0b08904b8ab1aa6ee0624c29769bea3b5b74
Original commit hash: 40dec27832fc38dd6669c655d30ee6bb7a31dbf1

-------------------------------------------------------------------------------- 
[Changed Files]
CometLakeFspPkg/CometLakeFspPkg.dec
CometLakeSiliconPkg/SiPkg.dec.template

================================================================================ 
Commit: 41e4a77bf467d216b3e4ac382fa18595810f0c2d 
Author: ClientSysFWGit <clientsysfwgit@intel.com> 
Date: Fri Mar 12 13:58:41 2021 +0530 
-------------------------------------------------------------------------------- 
[TeamCity] RKLERB Auto-Commit BIOS ID update CI Increment BIOS Major Version () and reset Minor Version to 0

Original commit date: Mon Mar 8 05:25:42 2021 -0800
Change-Id: I858307d5c9a1ce24546bb8caf78ef3e9b4d45cc1
Original commit hash: c1954cd76b373d9e6db0daf109de91919987bd5d

-------------------------------------------------------------------------------- 
[Changed Files]
CometLakePlatSamplePkg/Tools/GenBiosId/BiosId.env

================================================================================ 
Commit: 39d944399a0fe8d781674d5437e62b100fdeb602 
Author: ClientSysFWGit <clientsysfwgit@intel.com> 
Date: Fri Mar 12 13:58:11 2021 +0530 
-------------------------------------------------------------------------------- 
[TeamCity] RKLERB Auto-Commit DailyUpdate_FSP/RC CI

Hsd-es-id: no sighting
Original commit date: Mon Mar 8 01:24:45 2021 -0800
Change-Id: I9c459bd3afaa22f20f3ad46754565ab235ffd69f
Original commit hash: 719a0f7799952aec24af1e08653fdef9c7239aa0

-------------------------------------------------------------------------------- 
[Changed Files]
CometLakeFspPkg/CometLakeFspPkg.dec
CometLakeSiliconPkg/SiPkg.dec.template

================================================================================ 
Commit: a5ac3e047667bc5fb1a9d9ee9d5d34039546e9d7 
Author: ClientSysFWGit <clientsysfwgit@intel.com> 
Date: Fri Mar 12 13:57:42 2021 +0530 
-------------------------------------------------------------------------------- 
[TeamCity] RKLERB Auto-Commit BIOS ID update CI Increment BIOS Major Version () and reset Minor Version to 0

Original commit date: Sun Mar 7 05:13:05 2021 -0800
Change-Id: I487ff75230d932832f00a668e0cf94f625b362fb
Original commit hash: 9c80e512c7a50fcbac69e233a3c684f864594243

-------------------------------------------------------------------------------- 
[Changed Files]
CometLakePlatSamplePkg/Tools/GenBiosId/BiosId.env

================================================================================ 
Commit: 370fbb7836d6e79e169b3efda2ed615ea019cae4 
Author: ClientSysFWGit <clientsysfwgit@intel.com> 
Date: Fri Mar 12 13:57:14 2021 +0530 
-------------------------------------------------------------------------------- 
[TeamCity] RKLERB Auto-Commit DailyUpdate_FSP/RC CI

Original commit date: Sun Mar 7 01:23:53 2021 -0800
Change-Id: I61be765c2b603bbbf5ca5ad557fe012025a586ae
Original commit hash: 23ded179d849c007e02907f2bd26f59f516a8f34

-------------------------------------------------------------------------------- 
[Changed Files]
CometLakeFspPkg/CometLakeFspPkg.dec
CometLakeSiliconPkg/SiPkg.dec.template

================================================================================ 
Commit: 76e40efa7ce38026c34f3f6785aaea284d407da5 
Author: ClientSysFWGit <clientsysfwgit@intel.com> 
Date: Fri Mar 12 13:56:49 2021 +0530 
-------------------------------------------------------------------------------- 
[TeamCity] RKLERB Auto-Commit BIOS ID update CI Increment BIOS Major Version () and reset Minor Version to 0

Original commit date: Sat Mar 6 05:13:33 2021 -0800
Change-Id: If323f224f18a7db07c5aa3902d484a7348159d9b
Original commit hash: e93c398aa5ae28ddbace46f37f846a0be0bdd942

-------------------------------------------------------------------------------- 
[Changed Files]
CometLakePlatSamplePkg/Tools/GenBiosId/BiosId.env

================================================================================ 
Commit: 800649cf29645a3a86f0aff8744e1f9d0fc28d27 
Author: ClientSysFWGit <clientsysfwgit@intel.com> 
Date: Fri Mar 12 13:56:25 2021 +0530 
-------------------------------------------------------------------------------- 
[TeamCity] RKLERB Auto-Commit DailyUpdate_FSP/RC CI

Original commit date: Sat Mar 6 01:24:58 2021 -0800
Change-Id: If30c14ad7487f3ce4a2f74fe6ab1ae38f54ee386
Original commit hash: e65db9f22074e48e97f2f813c66836a44e35acb2

-------------------------------------------------------------------------------- 
[Changed Files]
CometLakeFspPkg/CometLakeFspPkg.dec
CometLakeSiliconPkg/SiPkg.dec.template

================================================================================ 
Commit: 4d447c37c0b4fd5b0d5e41abaccbf224454891fe 
Author: ClientSysFWGit <clientsysfwgit@intel.com> 
Date: Fri Mar 12 13:56:05 2021 +0530 
-------------------------------------------------------------------------------- 
[TeamCity] RKLERB Auto-Commit BIOS ID update CI Increment BIOS Major Version () and reset Minor Version to 0

Original commit date: Fri Mar 5 05:12:39 2021 -0800
Change-Id: I81395e55eda4b6ceef940fd06a60419348dac4bc
Original commit hash: 91b2e00783b4314bcccf4501f05de3d072f6f081

-------------------------------------------------------------------------------- 
[Changed Files]
CometLakePlatSamplePkg/Tools/GenBiosId/BiosId.env

================================================================================ 
Commit: 2a1578fd37b5bf564db5e2e34b026c0a37293fb6 
Author: ClientSysFWGit <clientsysfwgit@intel.com> 
Date: Fri Mar 12 13:55:42 2021 +0530 
-------------------------------------------------------------------------------- 
[TeamCity] RKLERB Auto-Commit DailyUpdate_FSP/RC CI

Original commit date: Fri Mar 5 01:36:11 2021 -0800
Change-Id: Ifd1e3ee704d8385b44b5217316e8da14370778b2
Original commit hash: 6a73176def33c4c848db23fb923ab27c6fa3c6c4

-------------------------------------------------------------------------------- 
[Changed Files]
CometLakeFspPkg/CometLakeFspPkg.dec
CometLakeSiliconPkg/SiPkg.dec.template

================================================================================ 
Commit: dcd282ab751d19a1e1adbd9d2aeac63c7d41d322 
Author: ClientSysFWGit <clientsysfwgit@intel.com> 
Date: Fri Mar 12 13:55:24 2021 +0530 
-------------------------------------------------------------------------------- 
pCODE Mailbox Command


Original commit date: Tue Mar 2 23:21:59 2021 -0800
Change-Id: I7e98febeaa62a85414ebb55edc62000df28089a6
Original commit hash: c6f24d5a3f7a6b51247143a836526ba6ec794d69

-------------------------------------------------------------------------------- 
[Changed Files]
CometLakeSiliconPkg/SystemAgent/Library/Private/PeiSaOcInitLib/PeiSaOcInitLib.c

================================================================================ 
Commit: 9fd264d65bce7c3a2ba70e01c1ab1a88561c17b4 
Author: ClientSysFWGit <clientsysfwgit@intel.com> 
Date: Fri Mar 12 13:55:06 2021 +0530 
-------------------------------------------------------------------------------- 
SMBIOS V3.4 support


Original commit date: Tue Mar 2 13:28:02 2021 -0800
Change-Id: I4da547af86d8b281c039665146cde3af2b29fc6c
Original commit hash: f048eb03165d718977fbaa4557b056315f603c23

-------------------------------------------------------------------------------- 
[Changed Files]
CometLakePlatSamplePkg/PlatformPkg.dsc

================================================================================ 
Commit: 9349ffbf95f8451a696c2ef874f8264db94c42f7 
Author: ClientSysFWGit <clientsysfwgit@intel.com> 
Date: Fri Mar 12 13:54:48 2021 +0530 
-------------------------------------------------------------------------------- 
[TeamCity] RKLERB Auto-Commit BIOS ID update CI Increment BIOS Major Version () and reset Minor Version to 0

Original commit date: Thu Mar 4 05:15:21 2021 -0800
Change-Id: I12e23b5a1043d3322edcbedd3189f714a4da2e97
Original commit hash: 7a1c4ca7eaf3b5a05a1fef3a15b2075999773739

-------------------------------------------------------------------------------- 
[Changed Files]
CometLakePlatSamplePkg/Tools/GenBiosId/BiosId.env

================================================================================ 
Commit: 622fce608869fb01b77b32ad99d7616c01e9e061 
Author: ClientSysFWGit <clientsysfwgit@intel.com> 
Date: Fri Mar 12 13:54:34 2021 +0530 
-------------------------------------------------------------------------------- 
[TeamCity] RKLERB Auto-Commit DailyUpdate_FSP/RC CI

Original commit date: Thu Mar 4 01:26:46 2021 -0800
Change-Id: I41a54ec36429d47d438f37afd83856832689b34e
Original commit hash: fc99c4183c0b0d45cfae4a52ebbff3c124bf365f

-------------------------------------------------------------------------------- 
[Changed Files]
CometLakeFspPkg/CometLakeFspPkg.dec
CometLakeSiliconPkg/SiPkg.dec.template

================================================================================ 
Commit: bec5945734691023a9c8e7cef4c5f55ce98bd814 
Author: ClientSysFWGit <clientsysfwgit@intel.com> 
Date: Fri Mar 12 13:54:25 2021 +0530 
-------------------------------------------------------------------------------- 
[TeamCity] RKLERB Auto-Commit BIOS ID update CI Increment BIOS Major Version () and reset Minor Version to 0

Original commit date: Wed Mar 3 05:14:52 2021 -0800
Change-Id: I7789ac1afb34e2c30fe51858e8b13bb70f978022
Original commit hash: 538697d2128221080d8efe8584864985edd1e4ff

-------------------------------------------------------------------------------- 
[Changed Files]
CometLakePlatSamplePkg/Tools/GenBiosId/BiosId.env

================================================================================ 
Commit: e4a38e917c3a7c378f8bd3d0c4852c4df2ff42d6 
Author: ClientSysFWGit <clientsysfwgit@intel.com> 
Date: Fri Mar 12 13:54:12 2021 +0530 
-------------------------------------------------------------------------------- 
[TeamCity] RKLERB Auto-Commit DailyUpdate_FSP/RC CI

Original commit date: Wed Mar 3 01:31:28 2021 -0800
Change-Id: I431422bfd105163a0ed7758aa59b74b71fc97690
Original commit hash: db9027e53fa941fac81e02386c61a5de977b46f4

-------------------------------------------------------------------------------- 
[Changed Files]
CometLakeFspPkg/CometLakeFspPkg.dec
CometLakeSiliconPkg/SiPkg.dec.template
