================================================================================ 
Commit: 8d96e7c32033f60c9cdb9d123fcbc3284b2a124d 
Author: ClientSysFWGit <clientsysfwgit@intel.com> 
Date: Tue Dec 29 09:04:17 2020 +0530 
-------------------------------------------------------------------------------- 
Update BIOS ID to v2011


Original commit date: Mon Dec 28 09:47:29 2020 -0800
Change-Id: I9090464005b6b396cb47a5b28f375a1964b4cbba
Original commit hash: 5c8fe4d5ef99d0e19b1175c665fdf77d27d598a2

-------------------------------------------------------------------------------- 
[Changed Files]
CometLakePlatSamplePkg/Tools/GenBiosId/BiosId.env

================================================================================ 
Commit: d039d118dab064b117ca9483b926d90be1b004dd 
Author: ClientSysFWGit <clientsysfwgit@intel.com> 
Date: Tue Dec 29 09:04:15 2020 +0530 
-------------------------------------------------------------------------------- 
Update RKLS_B0 Production patchID to 0x00000020


Original commit date: Sat Dec 26 10:06:00 2020 -0800
Change-Id: Id85c8359af3a06c1c777cbf99b420781cf38cf4c
Original commit hash: 532ad4ac2a3be348e30c359efc1aa2fa4bcf6fb5

-------------------------------------------------------------------------------- 
[Changed Files]
CometLakePlatSamplePkg/PlatformPkg.fdf

================================================================================ 
Commit: 48e77a01fbec27e4dc68aa2df2cdb541badbb241 
Author: ClientSysFWGit <clientsysfwgit@intel.com> 
Date: Tue Dec 29 09:04:11 2020 +0530 
-------------------------------------------------------------------------------- 
[TeamCity] RKLERB Auto-Commit WeeklyUpdate_FSP/RC CI

Original commit date: Mon Dec 28 06:03:48 2020 -0800
Change-Id: Ic795d5636baa1e62f952764f6c9a7a1a1d7476be
Original commit hash: 9bb9eca1b3de91bbb5400f59662e41b63acfb225

-------------------------------------------------------------------------------- 
[Changed Files]
CometLakeFspPkg/CometLakeFspPkg.dec
CometLakeSiliconPkg/SiPkg.dec.template

================================================================================ 
Commit: 3df3ec781cd7836ad69ec24f94e77cbcc76fb4d8 
Author: ClientSysFWGit <clientsysfwgit@intel.com> 
Date: Tue Dec 29 09:04:09 2020 +0530 
-------------------------------------------------------------------------------- 
[TeamCity] RKLERB Auto-Commit BIOS ID update CI Increment BIOS Major Version () and reset Minor Version to 0

Original commit date: Mon Dec 28 05:13:39 2020 -0800
Change-Id: I4b564bf7c4c7da66a8eb9540f8e352ed97f3edcc
Original commit hash: 5f2e8766ea2b490401d58fc23eb927d28d5ef2a3

-------------------------------------------------------------------------------- 
[Changed Files]
CometLakePlatSamplePkg/Tools/GenBiosId/BiosId.env

================================================================================ 
Commit: a85597c81d4fb3915481730b15ce1f0007b260cb 
Author: ClientSysFWGit <clientsysfwgit@intel.com> 
Date: Tue Dec 29 09:04:07 2020 +0530 
-------------------------------------------------------------------------------- 
[TeamCity] RKLERB Auto-Commit DailyUpdate_FSP/RC CI

Original commit date: Mon Dec 28 01:23:44 2020 -0800
Change-Id: Iae681cc269fdc2fd191918432b105acb191a5dc9
Original commit hash: f7351e818b7462468c8e3d737dac6939b17bfc48

-------------------------------------------------------------------------------- 
[Changed Files]
CometLakeFspPkg/CometLakeFspPkg.dec
CometLakeSiliconPkg/SiPkg.dec.template

================================================================================ 
Commit: f599b2281c1b8c9ffb3cbacefffa08f822389154 
Author: ClientSysFWGit <clientsysfwgit@intel.com> 
Date: Tue Dec 29 09:04:04 2020 +0530 
-------------------------------------------------------------------------------- 
[TeamCity] RKLERB Auto-Commit BIOS ID update CI Increment BIOS Major Version () and reset Minor Version to 0

Original commit date: Sun Dec 27 05:12:44 2020 -0800
Change-Id: If9867a1ec70ca3ff2c9aa2b96aea752652d1a357
Original commit hash: de09826195a069709c4c952fa34e8a994c153289

-------------------------------------------------------------------------------- 
[Changed Files]
CometLakePlatSamplePkg/Tools/GenBiosId/BiosId.env

================================================================================ 
Commit: 12ab662a215d56a54d76d585136366da517ed149 
Author: ClientSysFWGit <clientsysfwgit@intel.com> 
Date: Tue Dec 29 09:04:02 2020 +0530 
-------------------------------------------------------------------------------- 
[TeamCity] RKLERB Auto-Commit DailyUpdate_FSP/RC CI

Original commit date: Sun Dec 27 01:24:07 2020 -0800
Change-Id: Ie63f824347b2d7870105e14a4c63451dde7ae5ce
Original commit hash: f3cd7b5aa39656073015d27747f89a8b5aa882cd

-------------------------------------------------------------------------------- 
[Changed Files]
CometLakeFspPkg/CometLakeFspPkg.dec
CometLakeSiliconPkg/SiPkg.dec.template

================================================================================ 
Commit: 042696595b1d73c22c8f66b3b5df42886a5d5278 
Author: ClientSysFWGit <clientsysfwgit@intel.com> 
Date: Tue Dec 29 09:04:00 2020 +0530 
-------------------------------------------------------------------------------- 
[TeamCity] RKLERB Auto-Commit BIOS ID update CI Increment BIOS Major Version () and reset Minor Version to 0

Original commit date: Sat Dec 26 05:13:51 2020 -0800
Change-Id: I5a9f78f693e61952edadb2358dc414befeb39766
Original commit hash: 882e9a11a46f1b78a2ed8be6eaec3e037f3e40fe

-------------------------------------------------------------------------------- 
[Changed Files]
CometLakePlatSamplePkg/Tools/GenBiosId/BiosId.env

================================================================================ 
Commit: 6ba356af722e4d66eaa1a52197e4bd8dc410bdb3 
Author: ClientSysFWGit <clientsysfwgit@intel.com> 
Date: Tue Dec 29 09:03:56 2020 +0530 
-------------------------------------------------------------------------------- 
[TeamCity] RKLERB Auto-Commit DailyUpdate_FSP/RC CI

Original commit date: Sat Dec 26 01:24:42 2020 -0800
Change-Id: Iaa49e706593be8aff0583b2a40df8f057d20aa01
Original commit hash: 5a6fc2799de08feff2e85299e5b89ded49b7e299

-------------------------------------------------------------------------------- 
[Changed Files]
CometLakeFspPkg/CometLakeFspPkg.dec
CometLakeSiliconPkg/SiPkg.dec.template

================================================================================ 
Commit: 09ed44074bd7aef10e5c4c936718ccce70459387 
Author: ClientSysFWGit <clientsysfwgit@intel.com> 
Date: Tue Dec 29 09:03:52 2020 +0530 
-------------------------------------------------------------------------------- 
[TeamCity] RKLERB Auto-Commit BIOS ID update CI Increment BIOS Major Version () and reset Minor Version to 0

Original commit date: Fri Dec 25 05:14:05 2020 -0800
Change-Id: I02027e3a91af66c29a2d5e68f868a52f235745ba
Original commit hash: 7c52d090517fa117628fca4a44d3033f02afabf3

-------------------------------------------------------------------------------- 
[Changed Files]
CometLakePlatSamplePkg/Tools/GenBiosId/BiosId.env

================================================================================ 
Commit: e072771d55f967c10ef3f3f4e25cc615836ff8a8 
Author: ClientSysFWGit <clientsysfwgit@intel.com> 
Date: Tue Dec 29 09:03:50 2020 +0530 
-------------------------------------------------------------------------------- 
[TeamCity] RKLERB Auto-Commit DailyUpdate_FSP/RC CI

Original commit date: Fri Dec 25 01:24:21 2020 -0800
Change-Id: Ic1c5c46766048c72b899470fb5e01e1bd57d4b0c
Original commit hash: afdb7bc22677a1b4db01e36cbd59e034be7281f5

-------------------------------------------------------------------------------- 
[Changed Files]
CometLakeFspPkg/CometLakeFspPkg.dec
CometLakeSiliconPkg/SiPkg.dec.template

================================================================================ 
Commit: b4230ded1ea00529eca47146d0437b3ac44937a8 
Author: ClientSysFWGit <clientsysfwgit@intel.com> 
Date: Tue Dec 29 09:03:47 2020 +0530 
-------------------------------------------------------------------------------- 
[TeamCity] RKLERB Auto-Commit BIOS ID update CI Increment BIOS Major Version () and reset Minor Version to 0

Original commit date: Thu Dec 24 05:14:01 2020 -0800
Change-Id: I00a1c0709f805fad5c015f687d6c6fda336d62a5
Original commit hash: 2b4c24f87445205f53024bc934664befd1bd1219

-------------------------------------------------------------------------------- 
[Changed Files]
CometLakePlatSamplePkg/Tools/GenBiosId/BiosId.env

================================================================================ 
Commit: 18b32cc33571b6fa025444ae72ca59f270767948 
Author: ClientSysFWGit <clientsysfwgit@intel.com> 
Date: Tue Dec 29 09:03:45 2020 +0530 
-------------------------------------------------------------------------------- 
[TeamCity] RKLERB Auto-Commit DailyUpdate_FSP/RC CI

Original commit date: Thu Dec 24 01:23:32 2020 -0800
Change-Id: I05d021b1a9a3e8bc8e30f3527aef689ef8770b99
Original commit hash: 2b4a62c3b15312436d994c57a77c301e2c262c56

-------------------------------------------------------------------------------- 
[Changed Files]
CometLakeFspPkg/CometLakeFspPkg.dec
CometLakeSiliconPkg/SiPkg.dec.template

================================================================================ 
Commit: 22b80e898ec3dfd5253fc8b9d44cda6b6d293a1b 
Author: ClientSysFWGit <clientsysfwgit@intel.com> 
Date: Tue Dec 29 09:03:43 2020 +0530 
-------------------------------------------------------------------------------- 
[RKL][MRC] Update MRC Version

Original commit date: Wed Dec 23 19:25:23 2020 +0200
Change-Id: I3a7c6e9ba26c7c23088aaf771c49fa06845d146f
Original commit hash: c33e21508d9e457c16383cef65dac8107d9ce544

-------------------------------------------------------------------------------- 
[Changed Files]
CometLakeSiliconPkg/SystemAgent/MemoryInitRkl/LibraryPrivate/PeiMemoryInitLib/Source/Include/MrcVersion.h

================================================================================ 
Commit: 1f8ab5ecb1411b3095b757e8629562842abdd36f 
Author: ClientSysFWGit <clientsysfwgit@intel.com> 
Date: Tue Dec 29 09:03:39 2020 +0530 
-------------------------------------------------------------------------------- 
Memory Reference Clock and Memory Ratio when compared to XMP1 tCK value

Original commit date: Sun Dec 6 17:07:49 2020 +0200
Change-Id: I87c3ad61578b1dac8394867fd292c708462eb803
Original commit hash: 2d28cc325dcd69d2c72c74d0c6eb0578da70b0f3

-------------------------------------------------------------------------------- 
[Changed Files]
CometLakePlatSamplePkg/Setup/OverClockSetup.c
CometLakePlatSamplePkg/Setup/OverClockSetup.h

================================================================================ 
Commit: 8bf77d514b5586320f00195cf1e81a95bc666015 
Author: ClientSysFWGit <clientsysfwgit@intel.com> 
Date: Tue Dec 29 09:03:34 2020 +0530 
-------------------------------------------------------------------------------- 
Enable TAT by default for RKL MRC


Original commit date: Tue Dec 8 08:59:16 2020 -0800
Change-Id: I4750a67a08086f9428e0d85bf2edf6289ebe5352
Original commit hash: 1c57365c807b4bf705709ebba8fefa47ce1a4df5

-------------------------------------------------------------------------------- 
[Changed Files]
CometLakeSiliconPkg/SystemAgent/Library/PeiSaPolicyLib/PeiSaPolicyLib.c

================================================================================ 
Commit: 18f9f6888115ac4475564daaddbab47858a2113a 
Author: ClientSysFWGit <clientsysfwgit@intel.com> 
Date: Tue Dec 29 09:03:29 2020 +0530 
-------------------------------------------------------------------------------- 
MRC: Runtime Memory Overclocking Frequency support with SAGV

Original commit date: Mon Dec 7 14:53:46 2020 +0200
Change-Id: I70148afdb3b4ba417beed4971b7071c7fc0086c9
Original commit hash: 8b83824ae3b61a8f5627d0a84d945dde2559cd47

-------------------------------------------------------------------------------- 
[Changed Files]
CometLakeFspPkg/Library/PeiPolicyUpdatePreMemLib/PeiSaPolicyUpdatePreMem.c
CometLakeFspPkg/Upd/FspmUpd.dsc
CometLakePlatSamplePkg/Include/SetupVariable.h
CometLakePlatSamplePkg/Library/PeiPolicyUpdateLib/PeiSaPolicyUpdatePreMem.c
CometLakePlatSamplePkg/Setup/OverClockSetup.hfr
CometLakePlatSamplePkg/Setup/OverClockSetup.uni
CometLakeSiliconPkg/SystemAgent/Include/ConfigBlock/MemoryConfig.h
CometLakeSiliconPkg/SystemAgent/MemoryInitRkl/Include/MrcInterface.h
CometLakeSiliconPkg/SystemAgent/MemoryInitRkl/LibraryPrivate/PeiMemoryInitLib/MemoryInit.c
CometLakeSiliconPkg/SystemAgent/MemoryInitRkl/LibraryPrivate/PeiMemoryInitLib/Source/Api/MrcGeneral.c
CometLakeSiliconPkg/SystemAgent/MemoryInitRkl/LibraryPrivate/PeiMemoryInitLib/Source/Api/MrcStartMemoryConfiguration.c

================================================================================ 
Commit: 35c76a3f2c8dbaa48d9d87127306b4a610b3c715 
Author: ClientSysFWGit <clientsysfwgit@intel.com> 
Date: Tue Dec 29 09:03:22 2020 +0530 
-------------------------------------------------------------------------------- 
set MinWidth to 1 for OverCLock

Original commit date: Sun Dec 6 16:20:47 2020 +0200
Change-Id: I96607bf094c8c86fdbb8c04895d2fd351e9bad1b
Original commit hash: 270f72647475c876264eac04e612b33e27aeedf7

-------------------------------------------------------------------------------- 
[Changed Files]
CometLakeSiliconPkg/SystemAgent/MemoryInitRkl/LibraryPrivate/PeiMemoryInitLib/Source/Services/MrcCommon.c

================================================================================ 
Commit: a8fcc46c1c5a6ab218be00d6dc9ba0ed7af8cd21 
Author: ClientSysFWGit <clientsysfwgit@intel.com> 
Date: Tue Dec 29 09:03:17 2020 +0530 
-------------------------------------------------------------------------------- 
Relax tRDRDsg/dg with offset 6

Original commit date: Sun Dec 6 16:14:00 2020 +0200
Change-Id: I5f907160e52ef49fcc51e5700fc6469b195fc6b5
Original commit hash: 41830577507c0339b4aa6531977447b236942ce4

-------------------------------------------------------------------------------- 
[Changed Files]
CometLakeSiliconPkg/SystemAgent/MemoryInitRkl/LibraryPrivate/PeiMemoryInitLib/Source/Include/MrcCommon.h
CometLakeSiliconPkg/SystemAgent/MemoryInitRkl/LibraryPrivate/PeiMemoryInitLib/Source/Services/MrcCommon.c
CometLakeSiliconPkg/SystemAgent/MemoryInitRkl/LibraryPrivate/PeiMemoryInitLib/Source/WriteTraining/MrcWriteLeveling.c

================================================================================ 
Commit: 52c4c6e6edacf9b0d14b75c7d3f373591003b7d2 
Author: ClientSysFWGit <clientsysfwgit@intel.com> 
Date: Tue Dec 29 09:03:11 2020 +0530 
-------------------------------------------------------------------------------- 
MRC: OverClock tuning around ReadLeveling for XMP memory

Original commit date: Sun Dec 6 15:50:39 2020 +0200
Change-Id: Ic09bf498ed32f89c6d14bd9755c08c09def5f68a
Original commit hash: 689456ac1928856ccfabed7dcd87c11e19e819c0

-------------------------------------------------------------------------------- 
[Changed Files]
CometLakeSiliconPkg/SystemAgent/MemoryInitRkl/LibraryPrivate/PeiMemoryInitLib/Source/ReadTraining/MrcReadReceiveEnable.c
CometLakeSiliconPkg/SystemAgent/MemoryInitRkl/LibraryPrivate/PeiMemoryInitLib/Source/Services/MrcMcConfiguration.c

================================================================================ 
Commit: 651118de438d71cf52fe86141011670b5d12b5a1 
Author: ClientSysFWGit <clientsysfwgit@intel.com> 
Date: Tue Dec 29 09:03:07 2020 +0530 
-------------------------------------------------------------------------------- 
Tuning tCCD_L

Original commit date: Sun Dec 6 15:44:07 2020 +0200
Change-Id: I0581ff99a9031dbb7800a67de3b61f8627071716
Original commit hash: 392ef97b475d0f7c3400a5ab1120d75f264e9e28

-------------------------------------------------------------------------------- 
[Changed Files]
CometLakeSiliconPkg/SystemAgent/MemoryInitRkl/LibraryPrivate/PeiMemoryInitLib/Source/Include/MrcDdr4Registers.h
CometLakeSiliconPkg/SystemAgent/MemoryInitRkl/LibraryPrivate/PeiMemoryInitLib/Source/SpdProcessing/MrcSpdProcessing.c

================================================================================ 
Commit: f5e8dbddd75a2f455c24f0e19193ce3970c0d245 
Author: ClientSysFWGit <clientsysfwgit@intel.com> 
Date: Tue Dec 29 09:03:02 2020 +0530 
-------------------------------------------------------------------------------- 
MRC: force to use Gear2 for high point at OverClock

Original commit date: Sun Dec 6 15:41:49 2020 +0200
Change-Id: Ic6d738d5ea0c74a150b0af3b019b0e041bef7cb5
Original commit hash: 9057b6f2a636deb599d7868b7df1ac62348a8a7a

-------------------------------------------------------------------------------- 
[Changed Files]
CometLakeSiliconPkg/SystemAgent/MemoryInitRkl/LibraryPrivate/PeiMemoryInitLib/Source/Api/MrcGeneral.c

================================================================================ 
Commit: 91a2bec2c83f6243f61748b6f3b8aea2145f191b 
Author: ClientSysFWGit <clientsysfwgit@intel.com> 
Date: Tue Dec 29 09:02:57 2020 +0530 
-------------------------------------------------------------------------------- 
OverClock: decrease default RcompTargetHDdr4 values for OverClock

Original commit date: Sun Dec 6 15:30:14 2020 +0200
Change-Id: Ifad041547057704ca078ccdf83c9923fecf1d0f7
Original commit hash: ccb4f5c4f6d852bcec46ee610899618f9411a026

-------------------------------------------------------------------------------- 
[Changed Files]
CometLakeSiliconPkg/SystemAgent/MemoryInitRkl/LibraryPrivate/PeiMemoryInitLib/Source/Api/MrcGeneral.c

================================================================================ 
Commit: 6a44b2a149fe20eea6439338264189a2cb6aa800 
Author: ClientSysFWGit <clientsysfwgit@intel.com> 
Date: Tue Dec 29 09:02:50 2020 +0530 
-------------------------------------------------------------------------------- 
OverClock: force to use RefClk133 at OverClock highfreq

Original commit date: Sun Dec 6 15:38:59 2020 +0200
Change-Id: I8bb3a1a1a3f9e368bff3844c0b0f882869198f2b
Original commit hash: aff477d4e6d586f1346e02b0211758dbc47e407a

-------------------------------------------------------------------------------- 
[Changed Files]
CometLakeSiliconPkg/SystemAgent/MemoryInitRkl/LibraryPrivate/PeiMemoryInitLib/Source/Api/MrcGeneral.c

================================================================================ 
Commit: cf06b7c50b4c7d8712aa0ca76d89948a6052e80c 
Author: ClientSysFWGit <clientsysfwgit@intel.com> 
Date: Tue Dec 29 09:02:44 2020 +0530 
-------------------------------------------------------------------------------- 
[TeamCity] RKLERB Auto-Commit BIOS ID update CI Increment BIOS Major Version () and reset Minor Version to 0

Original commit date: Wed Dec 23 05:13:21 2020 -0800
Change-Id: I037620d8c84298d9cf87793ead68d70060d3ce4b
Original commit hash: d2b58fb971e1b025e3d37abc9b451ad9b5aa3176

-------------------------------------------------------------------------------- 
[Changed Files]
CometLakePlatSamplePkg/Tools/GenBiosId/BiosId.env

================================================================================ 
Commit: de2d13d2a4b60256056b34e6d77cf951aead30e9 
Author: ClientSysFWGit <clientsysfwgit@intel.com> 
Date: Tue Dec 29 09:02:39 2020 +0530 
-------------------------------------------------------------------------------- 
[TeamCity] RKLERB Auto-Commit DailyUpdate_FSP/RC CI

Original commit date: Wed Dec 23 01:24:04 2020 -0800
Change-Id: I7c3c13518fc5929d7f8405500e96208fb9b5744b
Original commit hash: 451c537a3105563a6480d122c2fc4405bd91b4c3

-------------------------------------------------------------------------------- 
[Changed Files]
CometLakeFspPkg/CometLakeFspPkg.dec
CometLakeSiliconPkg/SiPkg.dec.template

================================================================================ 
Commit: 45af115bb17ac3a6ecea1e42d51edb7967c28855 
Author: ClientSysFWGit <clientsysfwgit@intel.com> 
Date: Tue Dec 29 09:02:34 2020 +0530 
-------------------------------------------------------------------------------- 
[TeamCity] RKLERB Auto-Commit BIOS ID update CI Increment BIOS Major Version () and reset Minor Version to 0

Original commit date: Tue Dec 22 05:13:46 2020 -0800
Change-Id: I49e484379ad3d0b4bc5acbbae8aba1fc352eff23
Original commit hash: 88a60c5480370c6aea6f383da88f629332c197d8

-------------------------------------------------------------------------------- 
[Changed Files]
CometLakePlatSamplePkg/Tools/GenBiosId/BiosId.env

================================================================================ 
Commit: e7c4b9292352714e38ec72bb4462eecd16ea1f77 
Author: ClientSysFWGit <clientsysfwgit@intel.com> 
Date: Tue Dec 29 09:02:29 2020 +0530 
-------------------------------------------------------------------------------- 
[TeamCity] RKLERB Auto-Commit DailyUpdate_FSP/RC CI

Original commit date: Tue Dec 22 01:24:35 2020 -0800
Change-Id: I8a51f143c4323c1fae1916d33d05effb2b4af392
Original commit hash: 81d40853b97a30d25ddeea8d6d72362dd419a189

-------------------------------------------------------------------------------- 
[Changed Files]
CometLakeFspPkg/CometLakeFspPkg.dec
CometLakeSiliconPkg/SiPkg.dec.template

================================================================================ 
Commit: 530071d4815cf88d71e8fb702c390744602226a4 
Author: ClientSysFWGit <clientsysfwgit@intel.com> 
Date: Tue Dec 29 09:02:24 2020 +0530 
-------------------------------------------------------------------------------- 
[TeamCity] RKLERB Auto-Commit WeeklyUpdate_FSP/RC CI

Original commit date: Mon Dec 21 06:04:42 2020 -0800
Change-Id: If107587fedcf416f60c0237ffdd352a72e29774e
Original commit hash: a4cdaf3e280e9199cb1c2972d8cfc11bc7a1cd59

-------------------------------------------------------------------------------- 
[Changed Files]
CometLakeFspPkg/CometLakeFspPkg.dec
CometLakeSiliconPkg/SiPkg.dec.template

================================================================================ 
Commit: 4b3656ccc56b54ddfc17549a76c11f4e9990c24a 
Author: ClientSysFWGit <clientsysfwgit@intel.com> 
Date: Tue Dec 29 09:02:21 2020 +0530 
-------------------------------------------------------------------------------- 
[TeamCity] RKLERB Auto-Commit BIOS ID update CI Increment BIOS Major Version () and reset Minor Version to 0

Original commit date: Mon Dec 21 05:15:40 2020 -0800
Change-Id: If99c6985f194b6a4d5bb3026940e389d8602995e
Original commit hash: 1f76bd376067b6e0c331372a6f546f3f135b7d88

-------------------------------------------------------------------------------- 
[Changed Files]
CometLakePlatSamplePkg/Tools/GenBiosId/BiosId.env

================================================================================ 
Commit: 645d2fef072da3c6c8b16efc3338e768b63df96a 
Author: ClientSysFWGit <clientsysfwgit@intel.com> 
Date: Tue Dec 29 09:02:17 2020 +0530 
-------------------------------------------------------------------------------- 
[TeamCity] RKLERB Auto-Commit DailyUpdate_FSP/RC CI

Original commit date: Mon Dec 21 01:36:51 2020 -0800
Change-Id: I286338ecbe961b8abbfd2445dad676767669bb3c
Original commit hash: 0649770c56bb6fbbb50eecf6fe98793956d43e90

-------------------------------------------------------------------------------- 
[Changed Files]
CometLakeFspPkg/CometLakeFspPkg.dec
CometLakeSiliconPkg/SiPkg.dec.template

================================================================================ 
Commit: 502ceec5682a39690d1da1c8e32536e7f73f7190 
Author: ClientSysFWGit <clientsysfwgit@intel.com> 
Date: Tue Dec 29 09:02:13 2020 +0530 
-------------------------------------------------------------------------------- 
[TeamCity] RKLERB Auto-Commit BIOS ID update CI Increment BIOS Major Version () and reset Minor Version to 0

Original commit date: Sun Dec 20 05:14:14 2020 -0800
Change-Id: Ied0b7a85164c2031d44d0a6ba57b581a985b2309
Original commit hash: ea3b3a91407ed4417e8f0f7c440b23b19bc4c9fb

-------------------------------------------------------------------------------- 
[Changed Files]
CometLakePlatSamplePkg/Tools/GenBiosId/BiosId.env

================================================================================ 
Commit: 016eb9becc356ff3c47ae5d5dbe7c4984cafe6d9 
Author: ClientSysFWGit <clientsysfwgit@intel.com> 
Date: Tue Dec 29 09:02:08 2020 +0530 
-------------------------------------------------------------------------------- 
[TeamCity] RKLERB Auto-Commit DailyUpdate_FSP/RC CI

Original commit date: Sun Dec 20 01:24:47 2020 -0800
Change-Id: Idea6beea418766f246c308332552aacc674c73e3
Original commit hash: 59c768f9257c8d0702a71ec6c7e0ebc7e79faf35

-------------------------------------------------------------------------------- 
[Changed Files]
CometLakeFspPkg/CometLakeFspPkg.dec
CometLakeSiliconPkg/SiPkg.dec.template

================================================================================ 
Commit: e36428dffb83bf5446a6ff7d3d6a1a07da7666ef 
Author: ClientSysFWGit <clientsysfwgit@intel.com> 
Date: Tue Dec 29 09:02:05 2020 +0530 
-------------------------------------------------------------------------------- 
[TeamCity] RKLERB Auto-Commit BIOS ID update CI Increment BIOS Major Version () and reset Minor Version to 0

Original commit date: Sat Dec 19 05:14:41 2020 -0800
Change-Id: I82f4d8658317f441bf1986e98b1337b227cb3e72
Original commit hash: 1471523e917f1c5817916613d75facb12535d969

-------------------------------------------------------------------------------- 
[Changed Files]
CometLakePlatSamplePkg/Tools/GenBiosId/BiosId.env

================================================================================ 
Commit: e1c263d926c16b32dda3bc458efaf4f77e389ffe 
Author: ClientSysFWGit <clientsysfwgit@intel.com> 
Date: Tue Dec 29 09:02:01 2020 +0530 
-------------------------------------------------------------------------------- 
[TeamCity] RKLERB Auto-Commit BIOS ID update CI Increment BIOS Major Version () and reset Minor Version to 0

Original commit date: Fri Dec 18 05:15:07 2020 -0800
Change-Id: Iefe671ab0a8264aa37cd7eed50078ff5b6b60894
Original commit hash: eabbe1bad0d5b559a7a4c64f74607a578896f210

-------------------------------------------------------------------------------- 
[Changed Files]
CometLakePlatSamplePkg/Tools/GenBiosId/BiosId.env

================================================================================ 
Commit: 911123b1eae490349feed72775d864edf3da1f15 
Author: ClientSysFWGit <clientsysfwgit@intel.com> 
Date: Tue Dec 29 09:01:58 2020 +0530 
-------------------------------------------------------------------------------- 
[TeamCity] RKLERB Auto-Commit DailyUpdate_FSP/RC CI


Original commit date: Fri Dec 18 01:43:59 2020 -0800
Change-Id: If79d0f7c2af864eb7314f8a0f4047889a9f99b59
Original commit hash: e329fcd36fc082b047f9235a5622ad2ef3eb3fa8

-------------------------------------------------------------------------------- 
[Changed Files]
CometLakeFspPkg/CometLakeFspPkg.dec
CometLakeSiliconPkg/SiPkg.dec.template
