================================================================================ 
Commit: 48759ed31e40c7468679b34fc4a45e3a21585271 
Author: ClientSysFWGit <clientsysfwgit@intel.com> 
Date: Fri Jun 3 12:40:46 2022 +0530 
-------------------------------------------------------------------------------- 
Added ClientOneSiliconPkg/SiPkg.dec

-------------------------------------------------------------------------------- 
[Changed Files]
ClientOneSiliconPkg/SiPkg.dec

================================================================================ 
Commit: 4a0659420c1aa926ae2497f64aaec2fe95f52bfd 
Author: ClientSysFWGit <clientsysfwgit@intel.com> 
Date: Fri Jun 3 12:37:29 2022 +0530 
-------------------------------------------------------------------------------- 
Update BIOS ID 3221_02

Hsd-es-id: N/A
Original commit date: Mon May 30 14:29:39 2022 +0530
Change-Id: Id5eb33f26f5a6dcd6af9f9c835193936fa3dae48
Original commit hash: bf43a02b33dc01e5a423aa4f96db902e21f3ab12

-------------------------------------------------------------------------------- 
[Changed Files]
AlderLakeBoardPkg/BiosId.env

================================================================================ 
Commit: f39600026243dc26a2e5d893bcac882223174267 
Author: ClientSysFWGit <clientsysfwgit@intel.com> 
Date: Fri Jun 3 12:37:26 2022 +0530 
-------------------------------------------------------------------------------- 
[ADL] Revert Celeron 7305 base and dynamic speed changes

- Revert 2 changes:
1. 22015103442 - [ADL] Celeron 7305 base frequency in system setting and task manager is displayed as 1.11GHz, can't meet SPEC 1.1GHZ.(F/R:2/2 unit,10/10 times,100%)
2. 22015135473 - [ADL] Celeron 7305 dynamic frequency in task manager is abnormal issue

This reverts commit 2bafd5819dabe2defe58781fe916950a9afc3f28.

Hsd-es-id: 22015176392
Original commit date: Thu May 26 19:14:24 2022 -0700
Change-Id: Ie5f8e4a7959b92a2a04caa80859728c97ee294cb
Original commit hash: 01a4fd1307625681c9266174333c5156d7092bd4

-------------------------------------------------------------------------------- 
[Changed Files]
ClientOneSiliconPkg/Cpu/AcpiTables/CpuSsdt/Cpu0Hwp.asl
ClientOneSiliconPkg/Cpu/AcpiTables/CpuSsdt/CpuNvs.asl
ClientOneSiliconPkg/Cpu/CpuInit/Dxe/CpuAcpi.c
ClientOneSiliconPkg/Cpu/CpuInit/Dxe/CpuInitDxe.c
ClientOneSiliconPkg/Cpu/CpuInit/Dxe/CpuInitDxe.h
ClientOneSiliconPkg/Cpu/IncludePrivate/CpuNvsAreaDef.h

================================================================================ 
Commit: 5e00465fdbbbd4c867aa6a2b704d145bbec98142 
Author: ClientSysFWGit <clientsysfwgit@intel.com> 
Date: Fri Jun 3 12:37:22 2022 +0530 
-------------------------------------------------------------------------------- 
Revert "[ADL] Celeron 7305 dynamic frequency in task manager is abnormal issue"

This reverts commit 062480e557ee04ca91c4cbc80982f5aefb19f306.

Hsd-es-id: 22015135473
Original commit date: Thu May 26 19:09:48 2022 -0700
Original commit hash: 2e0f5348caa969779051cbee8f08c89e0a6bec56

-------------------------------------------------------------------------------- 
[Changed Files]
ClientOneSiliconPkg/Cpu/CpuInit/Dxe/CpuAcpi.c

================================================================================ 
Commit: adf94ef75c4ee6c6989b079c2bdf73bb79f20b40 
Author: ClientSysFWGit <clientsysfwgit@intel.com> 
Date: Fri Jun 3 12:37:19 2022 +0530 
-------------------------------------------------------------------------------- 
Revert "[ADL-P/M] Add new microcode for Lx/Rx Production patchID 0x0000041f"

Reverting to resolve: System is not waking from Pseudo S4 & S5 with PWR_BTN with Type-C hub
This reverts commit 3d766e8bdb9032188b38a9ae73640d7ebbf555ef.

Hsd-es-id: 16016820579
Original commit date: Mon May 30 11:57:55 2022 +0530
Original commit hash: f5a8a713ed3b158f73872b33dffba1c916a20ae1

-------------------------------------------------------------------------------- 
[Changed Files]
AlderLakeBoardPkg/BoardPkg.fdf
