================================================================================ 
Commit: b4d8d4447c1320ece293606dcc013e1db841dbfc 
Author: ClientSysFWGit <clientsysfwgit@intel.com> 
Date: Fri Apr 4 16:42:25 2025 +0530 
-------------------------------------------------------------------------------- 
Added Doxygen folder and License.txt file for PTL 3103_09 label.

-------------------------------------------------------------------------------- 
[Changed Files]
Doxygen/BoardApi.chm
Doxygen/FspApi.chm
Doxygen/PantherLake_FSP_Integration_Guide.chm
Doxygen/PantherLake_FSP_Integration_Guide.pdf
Doxygen/PlatApi.chm
Doxygen/SiPkgApi.chm
Features/UsbC/UsbCCapsuleFeaturePkg/UsbCCapsuleFeaturePkg.dec
LICENSE.txt

================================================================================ 
Commit: a5d131c6dc1800c998612791a3f4701e79d55bc3 
Author: ClientSysFWGit <clientsysfwgit@intel.com> 
Date: Fri Apr 4 15:43:23 2025 +0530 
-------------------------------------------------------------------------------- 
"[TeamCity] PTL PantherLake_pantherlake_program_platform_Daily Daily Updating Version/ID: PantherLake_3103_09

Hsd-es-id: N/A"
Original commit date: Tue Mar 25 07:10:30 2025 -0700
Original commit hash: 3657c0731b03f02e846853bcf08329636dd316c0

-------------------------------------------------------------------------------- 
[Changed Files]
OneSiliconPkg/Product/PantherLake/SiPkgPcdInit.dsc
PantherLakeBoardPkg/BiosId.env

================================================================================ 
Commit: 1b13659581c776faf3309157d921bd2e336a664a 
Author: ClientSysFWGit <clientsysfwgit@intel.com> 
Date: Fri Apr 4 15:43:20 2025 +0530 
-------------------------------------------------------------------------------- 
Skip UPD region verification

[Issue Description]
Capsule update is failing because if UPD region digest mismatch.

[Resolution]
Signed FSP is currently designed only for dispatch mode customers and
UPD region is not referred by dispatch mode customers.
UPD region verification is not required and can be skipped.

Package/Module:
FspPkg

[Impacted Platform]
ALL

Hsd-es-id: 16027103023
Original commit date: Tue Mar 25 13:17:07 2025 +0530
Change-Id: Ifda682426162617ec095f076e7ea7b69edbd3553
Original commit hash: 2c5ab686147a89edf0c84b6edad7a5a283b2d9e1

-------------------------------------------------------------------------------- 
[Changed Files]
PantherLakeFspPkg/FspLoaderPeim/FspLoaderPeim.c
PantherLakeFspPkg/Include/Library/FspMeasurementLib.h
PantherLakeFspPkg/Include/Library/FspVerificationLib.h
PantherLakeFspPkg/Library/BaseFspVerificationLib/BaseFspVerificationLib.c
PantherLakeFspPkg/Library/FspLoadComponentsLib/FspLoadComponents.c
PantherLakeFspPkg/Library/MeasurementLib/FspMeasurementLib.c

================================================================================ 
Commit: 79a9d7cec5ac4e8e60bc8079c3b06aee9fc2cb1b 
Author: ClientSysFWGit <clientsysfwgit@intel.com> 
Date: Fri Apr 4 15:43:17 2025 +0530 
-------------------------------------------------------------------------------- 
Add build script to check MRCversion compatibility

[Feature Description]
Need to implement script for the MRC  version
compatibility check for Green and Blue MRC version

Package/Module: BoardPkg

[Impacted Platform]
ALL

Hsd-es-id: 22020927067
Original commit date: Thu Mar 20 13:56:15 2025 +0530
Change-Id: I8945bf2c92ab8bf26653d7f85a098ec8dda0790f
Original commit hash: 3b135f8af38f818f716b1cbc1d8d23fc1f128b93

-------------------------------------------------------------------------------- 
[Changed Files]
OneSiliconPkg/Fsp/MrcVersionCompatibilityCheck.py

================================================================================ 
Commit: b943f237506d35da13bca3ac6bddd6cec1430171 
Author: ClientSysFWGit <clientsysfwgit@intel.com> 
Date: Fri Apr 4 15:43:14 2025 +0530 
-------------------------------------------------------------------------------- 
Legacy P-State can not arrive higher frequency

[Issue Description]
_PPC is not correct which stores in ACPI SSDT table

[Resolution]
1) _PPC shall return 0 when turbo mode enabled which represents the
highest P-State.
2) When turbo mode disabled, _PPC shall return the P-State index with
corresponding Ctdp level.

Package/Module:
OneSiliconPkg/AcpiTables
OneSiliconPkg/PeiCpuPowerManagementLib

[Impacted Platform]
ALL

Hsd-es-id: 13012870079
Original commit date: Wed Mar 19 14:06:12 2025 +0800
Change-Id: I2a0c53bf95c064b04bff54774d847543c605b43e
Original commit hash: ff63ce085a2ad433a13b8ffc736399ac664e2137

-------------------------------------------------------------------------------- 
[Changed Files]
OneSiliconPkg/Fru/PtlPcd/Include/AcpiTables/Soc/PtlPcdCommonSsdt.asl
OneSiliconPkg/IncludePrivate/CpuNvsAreaDef.h
OneSiliconPkg/IpBlock/CpuPowerManagement/AcpiTables/CpuNvs.asl
OneSiliconPkg/IpBlock/CpuPowerManagement/Dxe/CpuNvsAreaInit.c
OneSiliconPkg/IpBlock/CpuPowerManagement/LibraryPrivate/PeiCpuPowerManagementLib/PowerManagementInit.c

================================================================================ 
Commit: 52dba85516720c872b79f03d8eb0bfcea987ac6a 
Author: ClientSysFWGit <clientsysfwgit@intel.com> 
Date: Fri Apr 4 15:43:11 2025 +0530 
-------------------------------------------------------------------------------- 
Update MRC Green Payload for MRC build revision 0.0.72.0

[Feature Description]
Updating MrcVersion.h and ReleaseNotes.

Package/Module:OneSiliconPkg/MemoryInit

[Impacted Platform]
All

Registers impacted: None

Hsd-es-id: 22014478540
Original commit date: Mon Mar 24 06:33:37 2025 -0700
Original commit hash: 95c77717dd3fcba59145a72af8987dd4b36095cb

-------------------------------------------------------------------------------- 
[Changed Files]
OneSiliconPkg/IpBlock/MemoryInit/src/UcManagement/Ptl/MrcUcPayloadData.c

================================================================================ 
Commit: c5c665ffb6cdd3ffdb0b4e34f98517774a3261dd 
Author: ClientSysFWGit <clientsysfwgit@intel.com> 
Date: Fri Apr 4 15:43:08 2025 +0530 
-------------------------------------------------------------------------------- 
PTL MRC increment 0.0.72.0

[Feature Description]
Update Program-P Platform BIOS with Program-P MRC drop 0.0.72.0

Package/Module: OneSiliconPkg/IpBlock/MemoryInit

[Impacted Platform]
All

Hsd-es-id: 18041832022
Original commit date: Wed Mar 19 08:56:30 2025 +0100
Change-Id: Ie78dc5d5c450b74e0787bee6b45bdb3e917bd538
Original commit hash: fe87b954d26274e04d050fafee166bab544919e4

-------------------------------------------------------------------------------- 
[Changed Files]
OneSiliconPkg/IpBlock/MemoryInit/Include/CMrcInterface.h
OneSiliconPkg/IpBlock/MemoryInit/src/ApiLib/BlueMrcStartMemoryConfiguration.c
OneSiliconPkg/IpBlock/MemoryInit/src/ApiLib/IncludePublic/CMrcStartMemoryConfiguration.h
OneSiliconPkg/IpBlock/MemoryInit/src/ApiLib/Ptl/BlueMrcStartMemoryConfigurationPtl.c
OneSiliconPkg/IpBlock/MemoryInit/src/IncludePrivate/Ptl/MrcVersion.h
OneSiliconPkg/IpBlock/MemoryInit/src/IncludePublic/CMrcSpdDataDdr5.h
OneSiliconPkg/IpBlock/MemoryInit/src/ServicesLib/BlueMrcPpr.c
OneSiliconPkg/IpBlock/MemoryInit/src/ServicesLib/MrcCommon.c
OneSiliconPkg/IpBlock/MemoryInit/src/ServicesLib/MrcCommonModeRegisterHandler.h
OneSiliconPkg/IpBlock/MemoryInit/src/ServicesLib/MrcDdr5ModeRegisterHandler.c
OneSiliconPkg/IpBlock/MemoryInit/src/ServicesLib/MrcPpr.c
OneSiliconPkg/IpBlock/MemoryInit/src/ServicesLib/MrcPpr.h
OneSiliconPkg/IpBlock/MemoryInit/src/SpdProcessing/MrcSpdProcessing.c
PantherLakeBoardPkg/Include/Dsc/HiiStructurePcd.dsc
PantherLakeFspPkg/Upd/FspmUpd.dsc
PantherLakePlatSamplePkg/Setup/SaSetup.hfr

================================================================================ 
Commit: d6832b557f92e70f0ac580d0cc1fec280eea68bc 
Author: ClientSysFWGit <clientsysfwgit@intel.com> 
Date: Fri Apr 4 15:43:04 2025 +0530 
-------------------------------------------------------------------------------- 
"[TeamCity] PTL PantherLake_pantherlake_program_platform_Daily Daily Updating Version/ID: PantherLake_3103_08

Hsd-es-id: N/A"
Original commit date: Thu Mar 20 20:06:59 2025 -0700
Original commit hash: 46d0da482c09393345219a3c8809b5a7c75af7cb

-------------------------------------------------------------------------------- 
[Changed Files]
OneSiliconPkg/Product/PantherLake/SiPkgPcdInit.dsc
PantherLakeBoardPkg/BiosId.env

================================================================================ 
Commit: 5bd7d7d335050764ae97cceec7c16df3bc554ba0 
Author: ClientSysFWGit <clientsysfwgit@intel.com> 
Date: Fri Apr 4 15:43:01 2025 +0530 
-------------------------------------------------------------------------------- 
"[TeamCity] PTL PantherLake_pantherlake_program_platform_Daily Daily Updating Version/ID: PantherLake_3103_07

Hsd-es-id: N/A"
Original commit date: Wed Mar 19 23:45:08 2025 -0700
Original commit hash: e390808f00d01e6b9158b1ecdb9a11afb26e210b

-------------------------------------------------------------------------------- 
[Changed Files]
OneSiliconPkg/Product/PantherLake/SiPkgPcdInit.dsc
PantherLakeBoardPkg/BiosId.env

================================================================================ 
Commit: 9f7f6a84e25c31618ddfb012c26069186213ffc0 
Author: ClientSysFWGit <clientsysfwgit@intel.com> 
Date: Fri Apr 4 15:42:58 2025 +0530 
-------------------------------------------------------------------------------- 
Integrate Latest Capsule Generation Toolkit - v1.0.12

[Feature Description]
- Integrate the latest capsule generation toolkit.

[Changes]
- CapsuleCommon - 1.0.11:
    - Feature:
        - Correct the typo presented in CapsuleCommon

- CapsuleGenerate - 1.0.18:
    - Feature:
        - Correct the typo presented in CapsuleGenerate

- Update the FSP FV information for FSP capsule update

Package/Module:
CapsuleFeaturePkg/Tools
BoardPkg/Features/CapsuleUpdate

[Impacted Platform]
ALL

Hsd-es-id: 15017581313
Original commit date: Wed Mar 19 17:45:02 2025 +0800
Change-Id: Ida69888dd0c46f65a5b7008eff9df092f2731534
Original commit hash: 23f0f9a8086c116c1770adac0853c9248748366a

-------------------------------------------------------------------------------- 
[Changed Files]
Features/FirmwareGuard/CapsuleFeaturePkg/Tools/CapsuleCommon/Intel/Foxville/FoxvilleFwHdrParserLib.py
Features/FirmwareGuard/CapsuleFeaturePkg/Tools/CapsuleCommon/_Version.py
Features/FirmwareGuard/CapsuleFeaturePkg/Tools/CapsuleGenerate/Config/Common.toml
Features/FirmwareGuard/CapsuleFeaturePkg/Tools/CapsuleGenerate/Config/PlatformSample.toml
Features/FirmwareGuard/CapsuleFeaturePkg/Tools/CapsuleGenerate/_Version.py
PantherLakeBoardPkg/Features/CapsuleUpdate/Config/PTL_P.toml

================================================================================ 
Commit: 633a01a0fc444c62a5d64386b9288bd3ea47c802 
Author: ClientSysFWGit <clientsysfwgit@intel.com> 
Date: Fri Apr 4 15:42:55 2025 +0530 
-------------------------------------------------------------------------------- 
Update MRC Release Notes and increment MRC build revision to 0.0.70.2

[Feature Description]
Updating MrcVersion.h and ReleaseNotes.

Package/Module:OneSiliconPkg/MemoryInit

[Impacted Platform]
All

Registers impacted: None

Hsd-es-id: 22014478540
Original commit date: Thu Mar 20 01:53:13 2025 +0000
Change-Id: Ifcc63aa0d502acf8909f1b16c774e8aada69b6cf
Original commit hash: 217c54ef72582e6abe3dc5a44aa621c9422ca619

-------------------------------------------------------------------------------- 
[Changed Files]
OneSiliconPkg/IpBlock/MemoryInit/src/IncludePrivate/Ptl/MrcVersion.h
OneSiliconPkg/IpBlock/MemoryInit/src/UcManagement/Ptl/MrcUcPayloadData.c

================================================================================ 
Commit: 8e16bfcf39e84ba9e880b48204d73de8824ace3e 
Author: ClientSysFWGit <clientsysfwgit@intel.com> 
Date: Fri Apr 4 15:42:49 2025 +0530 
-------------------------------------------------------------------------------- 
Update MRC Release Notes and increment MRC build revision to 0.0.70.1

[Feature Description]
Updating MrcVersion.h and ReleaseNotes.

Package/Module:OneSiliconPkg/MemoryInit

[Impacted Platform]
All

Registers impacted: None

Hsd-es-id: 22014478540
Original commit date: Wed Mar 19 15:29:50 2025 +0000
Change-Id: Iceff015ebb87e15a0839caa17859880369a8c423
Original commit hash: b5dac8da0d05b7d94db2c6c1696c038906a4f801

-------------------------------------------------------------------------------- 
[Changed Files]
OneSiliconPkg/IpBlock/MemoryInit/src/IncludePrivate/Ptl/MrcVersion.h
OneSiliconPkg/IpBlock/MemoryInit/src/UcManagement/Ptl/MrcUcPayloadData.c

================================================================================ 
Commit: 0bc591732f731e2199dd90cfa2b45d4803590354 
Author: ClientSysFWGit <clientsysfwgit@intel.com> 
Date: Fri Apr 4 15:42:46 2025 +0530 
-------------------------------------------------------------------------------- 
[PTL] TxPiOn, InternalClocksOn, IntCkOn must stay Enabled

[Feature Description]
TxPiOn, InternalClocksOn, and IntCkOn needs to remain 1 which
is set part of Phy Init.
MRC should not be overriding these register fields in DdrIoFinalize

Additional change: remove the maximum frequency changes
done recently for the LP5 1R config.

Package/Module: MemoryInit

[Impacted Platform]
All

Hsd-es-id: 18041834983
Original commit date: Wed Mar 19 12:06:54 2025 +0100
Change-Id: Iae2be064e0c08ab3958e42e6d3bdace6f0eca17f
Original commit hash: 6f6fcdb7df58dfa00eafa2fdf6b01cd5a40c9d50

-------------------------------------------------------------------------------- 
[Changed Files]
OneSiliconPkg/IpBlock/MemoryInit/src/PmaLib/Ptl/BluePmMessageApiPtl.c

================================================================================ 
Commit: 8d75c922e2e3ca58a86d2d7fbc8bfac145b99a27 
Author: ClientSysFWGit <clientsysfwgit@intel.com> 
Date: Fri Apr 4 15:42:43 2025 +0530 
-------------------------------------------------------------------------------- 
PTL MRC increment 0.0.70.0

[Feature Description]
Update Program-P Platform BIOS with Program-P MRC drop 0.0.70.0

Package/Module: OneSiliconPkg/IpBlock/MemoryInit

[Impacted Platform]
All

Hsd-es-id: 18041767847
Original commit date: Wed Mar 12 09:38:25 2025 +0100
Change-Id: I93be73c29c41556c6db5d2efa6b613a3aefcd444
Original commit hash: 13b991066eb8ba0b8d9940d54c32c9b642d7ee82

-------------------------------------------------------------------------------- 
[Changed Files]
OneSiliconPkg/IpBlock/MemoryInit/src/ApiLib/BlueMrcGeneral.c
OneSiliconPkg/IpBlock/MemoryInit/src/ApiLib/Ptl/BlueMrcStartMemoryConfigurationPtl.c
OneSiliconPkg/IpBlock/MemoryInit/src/DdrIoLib/IncludePublic/MrcDdrIoApi.h
OneSiliconPkg/IpBlock/MemoryInit/src/DdrIoLib/MrcDdrIoDll.c
OneSiliconPkg/IpBlock/MemoryInit/src/DdrIoLib/MrcDdrIoHalOffsets.c
OneSiliconPkg/IpBlock/MemoryInit/src/DdrIoLib/Ptl/BlueMrcDdrIoHalOffsets.c
OneSiliconPkg/IpBlock/MemoryInit/src/DdrIoLib/Ptl/MrcDdrIoLvrPtl.c
OneSiliconPkg/IpBlock/MemoryInit/src/IncludePrivate/Ptl/MrcVersion.h
OneSiliconPkg/IpBlock/MemoryInit/src/IncludePublic/Ptl/CMrcExtTypes.h
OneSiliconPkg/IpBlock/MemoryInit/src/PmaLib/Ptl/BluePmMessageApiPtl.c
OneSiliconPkg/IpBlock/MemoryInit/src/PmaLib/Ptl/MrcPmaApiPtl.c
OneSiliconPkg/IpBlock/MemoryInit/src/ServicesLib/IncludePublic/MrcReset.h
OneSiliconPkg/IpBlock/MemoryInit/src/ServicesLib/MrcPpr.c
OneSiliconPkg/IpBlock/MemoryInit/src/UcManagement/Ptl/MrcUcPayloadData.c

================================================================================ 
Commit: 8d7e84348398afee5c64823ab61aa05611497ea3 
Author: ClientSysFWGit <clientsysfwgit@intel.com> 
Date: Fri Apr 4 15:42:39 2025 +0530 
-------------------------------------------------------------------------------- 
"[TeamCity] PTL PantherLake_pantherlake_program_platform_Daily Daily Updating Version/ID: PantherLake_3103_06

Hsd-es-id: N/A"
Original commit date: Tue Mar 18 18:44:07 2025 -0700
Original commit hash: 0375c3a1a4974d0b4b132b30ef2cd13adb8fdbf2

-------------------------------------------------------------------------------- 
[Changed Files]
OneSiliconPkg/Product/PantherLake/SiPkgPcdInit.dsc
PantherLakeBoardPkg/BiosId.env

================================================================================ 
Commit: a575456f56b0760512ed95ef9221abda49f88558 
Author: ClientSysFWGit <clientsysfwgit@intel.com> 
Date: Fri Apr 4 15:42:35 2025 +0530 
-------------------------------------------------------------------------------- 
Clear tco_sts during Boot

[Feature Description]
Always clear tco_sts bit in
smi handler during boot

Package/Module:
OneSiliconPkg

[Impacted Platform]
ALL

Hsd-es-id: 16027012617
Original commit date: Thu Mar 13 02:49:36 2025 -0700
Change-Id: Iccc6e97949cecf28d1ebdcac44166914b6fd56c7
Original commit hash: 0a99b79be17b493d2826aff2eb1f0567e3e41d3d

-------------------------------------------------------------------------------- 
[Changed Files]
OneSiliconPkg/Pch/PchSmiDispatcher/Smm/PchSmmCore.c

================================================================================ 
Commit: a3d821e749e6fbf46538d90082e6c44b4636fbe0 
Author: ClientSysFWGit <clientsysfwgit@intel.com> 
Date: Fri Apr 4 15:42:32 2025 +0530 
-------------------------------------------------------------------------------- 
Update FSP-M size

[Feature Description]
FSP-M size has reached its
threshold.Increase in space of
64KB to accommodate FSP size
for future milestones.

Package/Module:FspPkg/BoardPkg

[Impacted Platform]
Default ALL

Hsd-es-id: 16026980619
Original commit date: Wed Mar 5 15:44:06 2025 +0530
Change-Id: I46147a56488b458fc48fa7ba947209f7831dee37
Original commit hash: a4de552de14c21bb4abd81dcee288e3f70b601c5

-------------------------------------------------------------------------------- 
[Changed Files]
PantherLakeBoardPkg/Include/Fdf/FlashMapInclude.fdf
PantherLakeFspPkg/PantherLakeFspPkg.fdf

================================================================================ 
Commit: 7b78fd155b8426079d66eae3850daa9f96558748 
Author: ClientSysFWGit <clientsysfwgit@intel.com> 
Date: Fri Apr 4 15:42:28 2025 +0530 
-------------------------------------------------------------------------------- 
Update Unit type field in Unit Discovery Table

[Feature Description]
BIOS shall update the Unit Type field in Unit Discovery Table according
to Unit Type Decode Table.

Package/Module:
OneSiliconPkg

[Impacted Platform]
ALL

Hsd-es-id: 16026980748
Original commit date: Mon Mar 10 10:14:03 2025 +0530
Change-Id: I978a625a67749d2491a8d19bc3d0e4a4b686a02e
Original commit hash: 9122843d928fb63ae43449d225bb69bd43aa1547

-------------------------------------------------------------------------------- 
[Changed Files]
OneSiliconPkg/Fru/PtlCDie/LibraryPrivate/PmonDataLib/PmonUnit.h

================================================================================ 
Commit: a63c2e708249d9dc117f5fd0dd06aac91f94c259 
Author: ClientSysFWGit <clientsysfwgit@intel.com> 
Date: Fri Apr 4 15:42:22 2025 +0530 
-------------------------------------------------------------------------------- 
Revert "PTL MRC increment 0.0.70.0"

[Feature Description]
This reverts commit 19964aac9b735598d530766381a3cf7dcbc49662.

Package/Module: OneSiliconPkg/IpBlock/MemoryInit

[Impacted Platform]
All

Hsd-es-id: 18041767847
Original commit date: Tue Mar 18 22:32:07 2025 +0530
Change-Id: Iecfae66d95e037f072c4684e4f6c410c9159ab6a
Original commit hash: 998124c7d8964fcb083ee04fc458ff6fa0f12bfa

-------------------------------------------------------------------------------- 
[Changed Files]
OneSiliconPkg/IpBlock/MemoryInit/src/ApiLib/BlueMrcGeneral.c
OneSiliconPkg/IpBlock/MemoryInit/src/ApiLib/Ptl/BlueMrcStartMemoryConfigurationPtl.c
OneSiliconPkg/IpBlock/MemoryInit/src/DdrIoLib/IncludePublic/MrcDdrIoApi.h
OneSiliconPkg/IpBlock/MemoryInit/src/DdrIoLib/MrcDdrIoDll.c
OneSiliconPkg/IpBlock/MemoryInit/src/DdrIoLib/MrcDdrIoHalOffsets.c
OneSiliconPkg/IpBlock/MemoryInit/src/DdrIoLib/Ptl/BlueMrcDdrIoHalOffsets.c
OneSiliconPkg/IpBlock/MemoryInit/src/DdrIoLib/Ptl/MrcDdrIoLvrPtl.c
OneSiliconPkg/IpBlock/MemoryInit/src/IncludePrivate/Ptl/MrcVersion.h
OneSiliconPkg/IpBlock/MemoryInit/src/IncludePublic/Ptl/CMrcExtTypes.h
OneSiliconPkg/IpBlock/MemoryInit/src/PmaLib/Ptl/BluePmMessageApiPtl.c
OneSiliconPkg/IpBlock/MemoryInit/src/PmaLib/Ptl/MrcPmaApiPtl.c
OneSiliconPkg/IpBlock/MemoryInit/src/ServicesLib/IncludePublic/MrcReset.h
OneSiliconPkg/IpBlock/MemoryInit/src/ServicesLib/MrcPpr.c
OneSiliconPkg/IpBlock/MemoryInit/src/UcManagement/Ptl/MrcUcPayloadData.c

================================================================================ 
Commit: 5b07917fffb84fe13caa5dc2e11739d3e7291275 
Author: ClientSysFWGit <clientsysfwgit@intel.com> 
Date: Fri Apr 4 15:42:17 2025 +0530 
-------------------------------------------------------------------------------- 
Debug strings are missing on LPSS UART

[Issue Description]
Debug messages are missing on LPSS UART.

[Resolution]
Enable SerialIoDebugInterface to support messages on LPSS UART.
there is no impact on EC to print debug messages.

Package/Module:
BoardPkg

[Impacted Platform]
Default ALL.

Hsd-es-id: 16026771170
Original commit date: Mon Mar 17 10:50:15 2025 +0530
Change-Id: I54c8ef713cdf8ca1e78b5f12c35967c5f31b12c8
Original commit hash: 2f72d30094183a23e4a6e88db34e76fd04dc74d1

-------------------------------------------------------------------------------- 
[Changed Files]
PantherLakeBoardPkg/Include/Dsc/HiiStructurePcd.dsc

================================================================================ 
Commit: 645fa8243c08f42b6c13c816ffa1716b0ceef4e6 
Author: ClientSysFWGit <clientsysfwgit@intel.com> 
Date: Fri Apr 4 15:42:12 2025 +0530 
-------------------------------------------------------------------------------- 
PTL MRC increment 0.0.70.0

[Feature Description]
Update Program-P Platform BIOS with Program-P MRC drop 0.0.70.0

Package/Module: OneSiliconPkg/IpBlock/MemoryInit

[Impacted Platform]
All

Hsd-es-id: 18041767847
Original commit date: Wed Mar 12 09:38:25 2025 +0100
Change-Id: I93be73c29c41556c6db5d2efa6b613a3aefcd444
Original commit hash: 19964aac9b735598d530766381a3cf7dcbc49662

-------------------------------------------------------------------------------- 
[Changed Files]
OneSiliconPkg/IpBlock/MemoryInit/src/ApiLib/BlueMrcGeneral.c
OneSiliconPkg/IpBlock/MemoryInit/src/ApiLib/Ptl/BlueMrcStartMemoryConfigurationPtl.c
OneSiliconPkg/IpBlock/MemoryInit/src/DdrIoLib/IncludePublic/MrcDdrIoApi.h
OneSiliconPkg/IpBlock/MemoryInit/src/DdrIoLib/MrcDdrIoDll.c
OneSiliconPkg/IpBlock/MemoryInit/src/DdrIoLib/MrcDdrIoHalOffsets.c
OneSiliconPkg/IpBlock/MemoryInit/src/DdrIoLib/Ptl/BlueMrcDdrIoHalOffsets.c
OneSiliconPkg/IpBlock/MemoryInit/src/DdrIoLib/Ptl/MrcDdrIoLvrPtl.c
OneSiliconPkg/IpBlock/MemoryInit/src/IncludePrivate/Ptl/MrcVersion.h
OneSiliconPkg/IpBlock/MemoryInit/src/IncludePublic/Ptl/CMrcExtTypes.h
OneSiliconPkg/IpBlock/MemoryInit/src/PmaLib/Ptl/BluePmMessageApiPtl.c
OneSiliconPkg/IpBlock/MemoryInit/src/PmaLib/Ptl/MrcPmaApiPtl.c
OneSiliconPkg/IpBlock/MemoryInit/src/ServicesLib/IncludePublic/MrcReset.h
OneSiliconPkg/IpBlock/MemoryInit/src/ServicesLib/MrcPpr.c
OneSiliconPkg/IpBlock/MemoryInit/src/UcManagement/Ptl/MrcUcPayloadData.c

================================================================================ 
Commit: 8846d4f85556b1955e256a348a23f227f5510a7b 
Author: ClientSysFWGit <clientsysfwgit@intel.com> 
Date: Fri Apr 4 15:42:05 2025 +0530 
-------------------------------------------------------------------------------- 
Capsule update is not working for dual PD bridge module

[Issue Description]
Capsule update is not working for dual PD bridge module. It failed to
execute authenticate command.

[Resolution]
For the dual PD bridge module, it will be shared flash mode and need
to send two extra command, STALL_NVM_ACCESS and RESET.
Those two command needs to send to 2nd PD bridge, not the 1st one

Package/Module:
UsbCPdBridgeUpdateLib

[Impacted Platform]
PTL

Hsd-es-id: 15017551898
Original commit date: Thu Mar 13 15:54:12 2025 +0800
Change-Id: Iba59dc2b5ef9e2797f660ea7dc55d5c9947bae0b
Original commit hash: dfb35d2fa399d2dcea0aac9294c00b61bc5d9752

-------------------------------------------------------------------------------- 
[Changed Files]
Features/UsbC/UsbCCapsuleFeaturePkg/Library/UsbCPdBridgeUpdateLib/UsbCPdBridgeUpdateLib.c

================================================================================ 
Commit: 7fcf549fa04622ff87c8c88d25b1854b456c80c8 
Author: ClientSysFWGit <clientsysfwgit@intel.com> 
Date: Fri Apr 4 15:41:59 2025 +0530 
-------------------------------------------------------------------------------- 
FSP build error found with Debug Macro Check plugin.

[Issue Description]
FSP build error due to missing format specifiers.

[Resolution]
Added the missing format specifiers

Package/Module:

[Impacted Platform]
ALL

Hsd-es-id: 14024518449
Original commit date: Tue Mar 4 12:37:15 2025 +0530
Change-Id: I5b95dd02b69289ce8da97fa04771213f1a7e5f95
Original commit hash: 44c4e0f00678f1071ddff75bd04309d861a203ed

-------------------------------------------------------------------------------- 
[Changed Files]
Features/FirmwareGuard/CapsuleFeaturePkg/Library/FmpDeviceLibFoxville/FoxvilleApi.c
PantherLakeFspPkg/Library/MeasurementLib/FspMeasurementLib.c

================================================================================ 
Commit: b75ab41bf665a2f23bc179c829d6af1b9ac8819e 
Author: ClientSysFWGit <clientsysfwgit@intel.com> 
Date: Fri Apr 4 15:41:54 2025 +0530 
-------------------------------------------------------------------------------- 
Incorrect parameter definition that can cause GCC boot failure

[Issue Description]
Incorrect parameter definition that can cause GCC boot failure.

[Resolution]
Add EFIAPI in the function definition

Package/Module:
FspPkg

[Impacted Platform]
ALL

Hsd-es-id: 16027002459
Original commit date: Wed Mar 12 12:13:10 2025 +0530
Change-Id: I6a4e8827be436539593e35150a92eeccefd72a13
Original commit hash: 31db7d97082fcc7e3de082cbf18a8206ca4fb8ad

-------------------------------------------------------------------------------- 
[Changed Files]
PantherLakeFspPkg/Library/ExtractFspmLib/ExtractFspmLib.c

================================================================================ 
Commit: 110768956b3643a5a465314acd34c957aa195ec0 
Author: ClientSysFWGit <clientsysfwgit@intel.com> 
Date: Fri Apr 4 15:41:47 2025 +0530 
-------------------------------------------------------------------------------- 
Program PSF clocking hysteresis value

[Feature Description]
Program PSF clocking hysteresis on PSF6 with value of 0x9c4

Package/Module:
OneSiliconPkg/Fru/

[Impacted Platform]
All

Hsd-es-id: 18041750406
Original commit date: Mon Mar 10 19:13:00 2025 +0100
Change-Id: I3effa5db2b3d5ccfb0c63e86e02bed4c2a8ab09a
Original commit hash: e8a552155951d1d215344d749f2adeb43972b378

-------------------------------------------------------------------------------- 
[Changed Files]
OneSiliconPkg/Fru/PtlPcd/IncludePrivate/Library/PtlPcdHPsfLib.h
OneSiliconPkg/Fru/PtlPcd/IncludePrivate/Library/PtlPcdPPsfLib.h
OneSiliconPkg/Fru/PtlPcd/IncludePrivate/Library/PtlPcdPsfSocLib.h
OneSiliconPkg/Fru/PtlPcd/LibraryPrivate/PtlPcdPeiDxeSmmPsfLib/PsfSocLib.c
OneSiliconPkg/Fru/PtlPcd/LibraryPrivate/PtlPcdPeiDxeSmmPsfLib/PtlPcdHPsfLib.c
OneSiliconPkg/Fru/PtlPcd/LibraryPrivate/PtlPcdPeiDxeSmmPsfLib/PtlPcdPPsfLib.c
OneSiliconPkg/Fru/PtlPcd/LibraryPrivate/PtlPcdPeiInitLib/PtlPcdInitPreMem.c
OneSiliconPkg/IpBlock/Psf/IncludePrivate/Register/PchRegsPsf.h

================================================================================ 
Commit: 2848f38dc07b836345ecf5071fed7fb03832c34f 
Author: ClientSysFWGit <clientsysfwgit@intel.com> 
Date: Fri Apr 4 15:41:29 2025 +0530 
-------------------------------------------------------------------------------- 
"[TeamCity] PTL PantherLake_pantherlake_program_platform_Daily Daily Updating Version/ID: PantherLake_3103_05

Hsd-es-id: N/A"
Original commit date: Tue Mar 11 17:50:23 2025 -0700
Original commit hash: 69ad5680628ee2a9c76e3c1f5c54c69db9536487

-------------------------------------------------------------------------------- 
[Changed Files]
Doxygen/BoardApi.chm
Doxygen/FspApi.chm
Doxygen/PantherLake_FSP_Integration_Guide.chm
Doxygen/PantherLake_FSP_Integration_Guide.pdf
Doxygen/PlatApi.chm
Doxygen/SiPkgApi.chm
Features/PowerManagement/LpitFeaturePkg/Readme.md
Features/UsbC/UsbCCapsuleFeaturePkg/UsbCCapsuleFeaturePkg.dec
LICENSE.txt
