================================================================================ 
Commit: fcae58aa3d1abbc4fd3b0d0bbeeb4e9dffdc984b 
Author: ClientSysFWGit <clientsysfwgit@intel.com> 
Date: Sat Feb 29 11:28:35 2020 +0530 
-------------------------------------------------------------------------------- 
Changing BIOS ID to 4082.00

Original commit date: Tue Feb 18 22:21:59 2020 +0530
Change-Id: I839c46eb0142d1b0c4e88454cb662a1591cd3f85
Original commit hash: bc41e2a44c6c5cf7944b5d5a2eea4f57ba0932d0

-------------------------------------------------------------------------------- 
[Changed Files]
LakeFieldPlatSamplePkg/Tools/GenBiosId/BiosId.env

================================================================================ 
Commit: 9fbd000431fd1300b4486a40729ce8eb49c87dd7 
Author: ClientSysFWGit <clientsysfwgit@intel.com> 
Date: Sat Feb 29 11:28:27 2020 +0530 
-------------------------------------------------------------------------------- 
Changing BIOS ID to 4081.00

Original commit date: Tue Feb 18 22:16:58 2020 +0530
Change-Id: I37166274f57984de23a6f00a70da345f14aa86c3
Original commit hash: b0732253d57f527d7cc01619f041c5a12d9b25d7

-------------------------------------------------------------------------------- 
[Changed Files]
LakeFieldPlatSamplePkg/Tools/GenBiosId/BiosId.env

================================================================================ 
Commit: a9a9670073327ddb244edf18398cb61b9cde660d 
Author: ClientSysFWGit <clientsysfwgit@intel.com> 
Date: Sat Feb 29 11:28:18 2020 +0530 
-------------------------------------------------------------------------------- 
Adding new microcode 

Original commit date: Tue Feb 18 22:13:38 2020 +0530
Change-Id: I611b16f9ba5f77d9552a53ebd9f303278dcc43a4
Original commit hash: 616792062f6cf4ea47b6d154809db4ee119b5c8b

-------------------------------------------------------------------------------- 
[Changed Files]
LakeFieldPlatSamplePkg/PlatformPkg.fdf

================================================================================ 
Commit: eb584bb5ebb8bb24b4adb2480cacd1499dc88ec4 
Author: ClientSysFWGit <clientsysfwgit@intel.com> 
Date: Sat Feb 29 11:28:08 2020 +0530 
-------------------------------------------------------------------------------- 
BIOS update for preventing spurious SD card insert interrupt

Original commit date: Wed Feb 12 11:21:19 2020 +0530
Change-Id: I451ff5926dc7c27f2c3d30c0754800a934a3ce67
Original commit hash: daa16976b44d529be276167c02e9b601452331ec

-------------------------------------------------------------------------------- 
[Changed Files]
LakeFieldSiliconPkg/Pch/AcpiTables/Dsdt/PchScs.asl
LakeFieldSiliconPkg/Pch/Include/PchReservedResources.h

================================================================================ 
Commit: e1401c29836f811156eb4a89e1f61612fe8962fe 
Author: ClientSysFWGit <clientsysfwgit@intel.com> 
Date: Sat Feb 29 11:27:59 2020 +0530 
-------------------------------------------------------------------------------- 
Changing BIOS ID to 4065.01

Original commit date: Thu Feb 13 09:13:48 2020 +0530
Change-Id: I0c46c82ac31cb40361c912f41474b4c8a6d2ccc9
Original commit hash: e184d43c8a2734377946b756a94a50f83f9f1447

-------------------------------------------------------------------------------- 
[Changed Files]
LakeFieldPlatSamplePkg/Tools/GenBiosId/BiosId.env

================================================================================ 
Commit: 1e5d5b3d7626560373be9cf7fc4b02bf7105c92c 
Author: ClientSysFWGit <clientsysfwgit@intel.com> 
Date: Sat Feb 29 11:27:51 2020 +0530 
-------------------------------------------------------------------------------- 
Revert "Platform behaviour improvement in case of thermtrip and 10s power button shutdown."

This reverts commit e211331061e7028350de23e24e62810ee7881c31.

Original commit date: Thu Feb 13 09:04:47 2020 +0530
Change-Id: If246258c1cb9788f5b4cbf004f8405ca09c31658
Original commit hash: f1bdcd9788b93ad5ac979dd77fa653c6702943a2

-------------------------------------------------------------------------------- 
[Changed Files]
LakeFieldPlatSamplePkg/Board/Others/PeiBoardInitLib/BoardInitLib.c
LakeFieldPlatSamplePkg/Features/ChargingApplet/DxeChargingApplet/DxeChargingApplet.c
LakeFieldPlatSamplePkg/Features/ChargingApplet/PeiChargingApplet/PeiChargingApplet.c
LakeFieldPlatSamplePkg/Features/Pmic/Include/WarrenCovePmicRegisters.h
LakeFieldPlatSamplePkg/Include/Library/PlatformMiscLib.h
LakeFieldPlatSamplePkg/Library/PeiPolicyUpdateLib/PeiPchPolicyUpdatePreMem.c
LakeFieldPlatSamplePkg/Library/PlatformMiscLib/PlatformMiscLib.c

================================================================================ 
Commit: 64d6519873e6525ec302fd803b74c66d697ae2b0 
Author: ClientSysFWGit <clientsysfwgit@intel.com> 
Date: Sat Feb 29 11:27:41 2020 +0530 
-------------------------------------------------------------------------------- 
Removing WWAN polling complaince WA.

Original commit date: Thu Feb 13 09:01:09 2020 +0530
Change-Id: Ib93115d5059f1ccab035ea98d10bf6a1bc50f4b0
Original commit hash: 4c04b14ea2950e78f04f69cccd644e541e56f6f2

-------------------------------------------------------------------------------- 
[Changed Files]
LakeFieldSiliconPkg/Pch/Library/Private/PeiPcieRpInitLib/PeiPcieRpInitLib.c

================================================================================ 
Commit: 05979c335a730a713eab3427272d9bed21845c6a 
Author: ClientSysFWGit <clientsysfwgit@intel.com> 
Date: Sat Feb 29 11:27:32 2020 +0530 
-------------------------------------------------------------------------------- 
Changing BIOS ID to 4065.00

Original commit date: Sun Feb 9 18:13:40 2020 +0530
Change-Id: Ifb88c252e2a555e4b51426d70de3f562e29387a8
Original commit hash: d91c40b582d0016141484ff12eba03bdf439e9ec

-------------------------------------------------------------------------------- 
[Changed Files]
LakeFieldPlatSamplePkg/Tools/GenBiosId/BiosId.env

================================================================================ 
Commit: 4f9f24bcde2a7d80402a8223d4c29f4b9b984fb9 
Author: ClientSysFWGit <clientsysfwgit@intel.com> 
Date: Sat Feb 29 11:27:22 2020 +0530 
-------------------------------------------------------------------------------- 
Platform behaviour improvement in case of thermtrip and 10s power button shutdown.

Original commit date: Wed Jan 29 15:30:32 2020 +0530
Change-Id: Ia51fa89a6857ea7b76e12d31e083af549b2bb77a
Original commit hash: e211331061e7028350de23e24e62810ee7881c31

-------------------------------------------------------------------------------- 
[Changed Files]
LakeFieldPlatSamplePkg/Board/Others/PeiBoardInitLib/BoardInitLib.c
LakeFieldPlatSamplePkg/Features/ChargingApplet/DxeChargingApplet/DxeChargingApplet.c
LakeFieldPlatSamplePkg/Features/ChargingApplet/PeiChargingApplet/PeiChargingApplet.c
LakeFieldPlatSamplePkg/Features/Pmic/Include/WarrenCovePmicRegisters.h
LakeFieldPlatSamplePkg/Include/Library/PlatformMiscLib.h
LakeFieldPlatSamplePkg/Library/PeiPolicyUpdateLib/PeiPchPolicyUpdatePreMem.c
LakeFieldPlatSamplePkg/Library/PlatformMiscLib/PlatformMiscLib.c

================================================================================ 
Commit: e94340a796b87bf8bc96ccc9b882861a15f0fcaa 
Author: ClientSysFWGit <clientsysfwgit@intel.com> 
Date: Sat Feb 29 11:27:13 2020 +0530 
-------------------------------------------------------------------------------- 
Updating microcode  

Original commit date: Sat Feb 8 13:43:40 2020 +0530
Change-Id: I2c08d6b69210b4494e07a029deb8ebe237dcfd75
Original commit hash: dd06e1a2e02be43be82a5fbc7beae4623c84d8ff

-------------------------------------------------------------------------------- 
[Changed Files]
LakeFieldPlatSamplePkg/PlatformPkg.fdf

================================================================================ 
Commit: ee685b1fe6dc900fd655796c922f74f4bfce8ac4 
Author: ClientSysFWGit <clientsysfwgit@intel.com> 
Date: Sat Feb 29 11:27:03 2020 +0530 
-------------------------------------------------------------------------------- 
BIOS change required to make Tcc Activation Window = 1.

Original commit date: Thu Feb 6 16:39:57 2020 +0530
Change-Id: Id68d6451436c44a2e5eb44e9a33b9d0f7fa54b30
Original commit hash: e62c2f547a7f303a82f2a5a360008074cf8abf03

-------------------------------------------------------------------------------- 
[Changed Files]
LakeFieldPlatSamplePkg/Setup/PlatformSetup.hfr

================================================================================ 
Commit: 3ec70c1698cf0badc2bb68b3a60e0ecde90b1095 
Author: ClientSysFWGit <clientsysfwgit@intel.com> 
Date: Sat Feb 29 11:26:55 2020 +0530 
-------------------------------------------------------------------------------- 
Update IMON slope correction factors for IA/GT/SA/Ring rails.

Original commit date: Thu Feb 6 17:02:07 2020 +0530
Change-Id: I5376fde313574621d0e88ee4b5203bd30fb39569
Original commit hash: 259c39ccfbefa97d3f2c42ebf2db7ce82ee77991

-------------------------------------------------------------------------------- 
[Changed Files]
LakeFieldPlatSamplePkg/Setup/CpuSetup.hfr

================================================================================ 
Commit: 7dc0b505a2ecaa510b9c65ebbf7d172195c898c5 
Author: ClientSysFWGit <clientsysfwgit@intel.com> 
Date: Sat Feb 29 11:26:46 2020 +0530 
-------------------------------------------------------------------------------- 
FVRECOVERY size correction

Original commit date: Fri Feb 7 15:11:07 2020 +0530
Change-Id: If99a72fe41045dee76e3387e2fbe9a5889bd396d
Original commit hash: e5665b097f0896dd707c6f160cd903abc8b6a933

-------------------------------------------------------------------------------- 
[Changed Files]
LakeFieldPlatSamplePkg/PlatformPkg.fdf
LakeFieldPlatSamplePkg/prep.bat

================================================================================ 
Commit: aa937a40ea98881e0d30f0e7f695349d9d7a519c 
Author: ClientSysFWGit <clientsysfwgit@intel.com> 
Date: Sat Feb 29 11:26:37 2020 +0530 
-------------------------------------------------------------------------------- 
Recovery Flow (Power off/on Modem) workaround when link enters Polling Compliance

Original commit date: Thu Feb 6 15:37:40 2020 +0530
Change-Id: I2d364e61bba3c6c07947b7b7009a3fe20bca3f22
Original commit hash: e64965686e57b89006f9a54867f4381f5f2ec8d5

-------------------------------------------------------------------------------- 
[Changed Files]
LakeFieldSiliconPkg/Pch/Library/Private/PeiPcieRpInitLib/PeiPcieRpInitLib.c

================================================================================ 
Commit: 861647ab822f9d87d41008c9140c2faec9c4d665 
Author: ClientSysFWGit <clientsysfwgit@intel.com> 
Date: Sat Feb 29 11:26:27 2020 +0530 
-------------------------------------------------------------------------------- 
Implementation of new requirements for HW Rooted Boot Integrity test for PSCS and HSTI

Original commit date: Mon Feb 3 21:10:14 2020 -0800
Change-Id: Ibe5f05b01ee3094bcf5c5b9be8b53fe6aa0d1063
Original commit hash: 70ebc487ef9aeaaf119cfae618bfe722209f843d

-------------------------------------------------------------------------------- 
[Changed Files]
LakeFieldPlatSamplePkg/Features/Hsti/HstiIhvDxe/HardwareRootedBootIntegrity.c

================================================================================ 
Commit: 097fbd7192b558997dfca9279ec0c4445b121d68 
Author: ClientSysFWGit <clientsysfwgit@intel.com> 
Date: Sat Feb 29 11:26:18 2020 +0530 
-------------------------------------------------------------------------------- 
Update fPowerOnWPEn flag for all LUN

Original commit date: Mon Feb 3 17:24:06 2020 +0530
Change-Id: I62e6b5f43d4dd81221c93e8f7a01397b498171c7
Original commit hash: 8ef5b65d4f6e77772e68594ca0f07acbfe1ee5d4

-------------------------------------------------------------------------------- 
[Changed Files]
LakeFieldPlatSamplePkg/PlatformInit/PlatformInitDxe/PlatformInitDxe.c

================================================================================ 
Commit: bfbeb4762c22fdbe80579cb33d1e887b1640c5c6 
Author: ClientSysFWGit <clientsysfwgit@intel.com> 
Date: Sat Feb 29 11:26:11 2020 +0530 
-------------------------------------------------------------------------------- 
Updated microcode and changed BIOS ID to 4055.01

Original commit date: Sat Feb 1 13:41:40 2020 +0530
Change-Id: I866724fe3f4160532e3d87fe82031b7d25614070
Original commit hash: 521626d8ddc0696cbcf13999656e5b460ec69766

-------------------------------------------------------------------------------- 
[Changed Files]
LakeFieldPlatSamplePkg/PlatformPkg.fdf
LakeFieldPlatSamplePkg/Tools/GenBiosId/BiosId.env

================================================================================ 
Commit: 310d2f15d18594127c316426dd54c7839c8652d9 
Author: ClientSysFWGit <clientsysfwgit@intel.com> 
Date: Sat Feb 29 11:26:06 2020 +0530 
-------------------------------------------------------------------------------- 
Changing BIOS ID to 4055.00

Original commit date: Fri Jan 31 22:07:53 2020 +0530
Change-Id: I3cae5c84c5017d1b9fe7e5f3ca1598666e46653d
Original commit hash: 55fda8a948cd4d70566fa149c6605117bd1fdfa5

-------------------------------------------------------------------------------- 
[Changed Files]
LakeFieldPlatSamplePkg/Tools/GenBiosId/BiosId.env
