================================================================================ 
Commit: 2dabeba4b1da1f08ce35fd958d7141201f8e6830 
Author: ClientSysFWGit <clientsysfwgit@intel.com> 
Date: Sun May 4 11:14:10 2025 -0700 
-------------------------------------------------------------------------------- 
added build file for LNL.3223.96

-------------------------------------------------------------------------------- 
[Changed Files]
Doxygen/BoardApi.chm
Doxygen/FspApi.chm
Doxygen/LunarLake_FSP_Integration_Guide.chm
Doxygen/PlatApi.chm
Doxygen/SiPkgApi.chm
LICENSE.txt
OneSiliconPkg/SiPkg.dec

================================================================================ 
Commit: fd479f283c788e4c08b8c16eceb4337c369d75e1 
Author: ClientSysFWGit <clientsysfwgit@intel.com> 
Date: Sun May 4 11:06:24 2025 -0700 
-------------------------------------------------------------------------------- 
"[TeamCity] LNL LunarLake_lunarlake_program_platform_Daily Daily Updating Version/ID: LunarLake_3223_96

Hsd-es-id: N/A"
Original commit date: Wed Apr 23 20:25:58 2025 +0000
Original commit hash: f34e2c0991a5d44a24ef905730abbb158c7c35fd

-------------------------------------------------------------------------------- 
[Changed Files]
LunarLakeBoardPkg/BiosId.env
OneSiliconPkg/Product/LunarLake/SiPkgPcdInit.dsc

================================================================================ 
Commit: b8fde6ac5ba61ae8ec33e88b2605d86c977f2edb 
Author: ClientSysFWGit <clientsysfwgit@intel.com> 
Date: Sun May 4 11:06:20 2025 -0700 
-------------------------------------------------------------------------------- 
"[TeamCity] LNL LunarLake_lunarlake_program_platform_Daily Daily Updating Version/ID: LunarLake_3223_95

Hsd-es-id: N/A"
Original commit date: Mon Apr 21 16:42:30 2025 +0000
Original commit hash: a3e56cd47833cc3fd19d3cb8080e24e398b8fdca

-------------------------------------------------------------------------------- 
[Changed Files]
LunarLakeBoardPkg/BiosId.env
OneSiliconPkg/Product/LunarLake/SiPkgPcdInit.dsc

================================================================================ 
Commit: caa118a2711ea7631f8c6d3d080ae22ca99551bc 
Author: ClientSysFWGit <clientsysfwgit@intel.com> 
Date: Sun May 4 11:06:16 2025 -0700 
-------------------------------------------------------------------------------- 
Remove "Raise exception when KVM detected"

[Issue Description]
Remove "BIOS didn't take normal boot flow when fast boot is
enabled in BIOS menu with KVM connected"

Package/Module:
LunarLakePlatSamplePkg

[Impacted Platform]
All

Hsd-es-id: 16027279101
Original commit date: Mon Apr 21 14:20:59 2025 +0530
Change-Id: I50b4b930f4f8eead3ac42e478286da1845d7118c
Original commit hash: 8fca6a387953ca03bdfdefe1b8104c8fa94d0fea

-------------------------------------------------------------------------------- 
[Changed Files]
LunarLakePlatSamplePkg/Features/FastBoot/FastBootHandlerDxe/FastBootHandlerDxe.c
LunarLakePlatSamplePkg/Features/FastBoot/FastBootSetupDxe/FastBootSetupDxe.c
LunarLakePlatSamplePkg/Features/FastBoot/FastBootSetupDxe/FastBootSetupDxe.h
LunarLakePlatSamplePkg/Library/DxePlatformBootManagerLib/FastBootSupport.c

================================================================================ 
Commit: 6c870da44ce250a0e970b3d0f5cc7045d38da7de 
Author: ClientSysFWGit <clientsysfwgit@intel.com> 
Date: Sun May 4 11:06:11 2025 -0700 
-------------------------------------------------------------------------------- 
"[TeamCity] LNL LunarLake_lunarlake_program_platform_Daily Daily Updating Version/ID: LunarLake_3223_94

Hsd-es-id: N/A"
Original commit date: Fri Apr 11 19:44:37 2025 +0000
Original commit hash: 2cc182469706c9db32e631c445250c18f91af049

-------------------------------------------------------------------------------- 
[Changed Files]
LunarLakeBoardPkg/BiosId.env
OneSiliconPkg/Product/LunarLake/SiPkgPcdInit.dsc

================================================================================ 
Commit: aee114e7968bc4d94e684787569f6d1a83c62ab1 
Author: ClientSysFWGit <clientsysfwgit@intel.com> 
Date: Sun May 4 11:06:07 2025 -0700 
-------------------------------------------------------------------------------- 
Raise exception when KVM detected

[Issue Description]
BIOS didn't take normal boot flow when fast boot is
enabled in BIOS menu with KVM connected.

[Resolution]
1. Raise Exception when KVM is present.
2. Based on the exception raised, Bios will set BootMode as Full configuration.
3. When exception is raised, Console variables are not set to NULL.

Package/Module:
LunarLakePlatSamplePkg

[Impacted Platform]
All

Hsd-es-id: 15017428060
Original commit date: Tue Apr 8 00:31:29 2025 -0700
Change-Id: Ib1be4d1fb1364e5b7f5dbc103d6bdc9348710a4c
Original commit hash: b3ddf995d41e6989c9f6ddca2f6ac13007e5b875

-------------------------------------------------------------------------------- 
[Changed Files]
LunarLakePlatSamplePkg/Features/FastBoot/FastBootHandlerDxe/FastBootHandlerDxe.c
LunarLakePlatSamplePkg/Features/FastBoot/FastBootSetupDxe/FastBootSetupDxe.c
LunarLakePlatSamplePkg/Features/FastBoot/FastBootSetupDxe/FastBootSetupDxe.h
LunarLakePlatSamplePkg/Library/DxePlatformBootManagerLib/FastBootSupport.c

================================================================================ 
Commit: 317ad3f282384ebccdb8e9b81df83ba5921a96ca 
Author: ClientSysFWGit <clientsysfwgit@intel.com> 
Date: Sun May 4 11:06:01 2025 -0700 
-------------------------------------------------------------------------------- 
Pen Testing fixes for LNL

[Feature Description]
Pen Testing fixes for LNL

Package/Module: Intel\Features\BluetoothPkg

[Impacted Platform]
LunarLake

Hsd-es-id: 16027212672
Original commit date: Fri Apr 11 12:35:44 2025 +0530
Change-Id: I9f02538322000b1d22cebfc75acd149e2e5caf4d
Original commit hash: 668c9046b2038a2f6503bc9a97b84d88b8466a44

-------------------------------------------------------------------------------- 
[Changed Files]
Features/BluetoothPkg/BluetoothBusDxe/BluetoothConfigGetRemoteData.c
Features/BluetoothPkg/BluetoothBusDxe/iLE/core/src/gap.c
Features/BluetoothPkg/BluetoothBusDxe/iLE/core/src/gatt_client.c
Features/BluetoothPkg/BluetoothBusDxe/iLE/core/src/hci.c
Features/BluetoothPkg/BluetoothBusDxe/iLE/core/src/l2cap.c
Features/BluetoothPkg/BluetoothBusDxe/iLE/core/src/smp.c
Features/BluetoothPkg/BluetoothBusDxe/iLE/utils/src/utils.c
Features/BluetoothPkg/BluetoothHidDxe/BluetoothHidDxe.c
Features/BluetoothPkg/BluetoothHidDxe/BluetoothHidParser.c
Features/BluetoothPkg/BluetoothHidDxe/BluetoothHidProtocol.c
Features/BluetoothPkg/HidKbDxe/KeyBoard.c
Features/BluetoothPkg/HidMouseDxe/EfiMouse.c

================================================================================ 
Commit: b89119e3a6e7895c0a16419573afb82a0a3b2a22 
Author: ClientSysFWGit <clientsysfwgit@intel.com> 
Date: Sun May 4 11:05:54 2025 -0700 
-------------------------------------------------------------------------------- 
Disable IO Bit When External Graphics Card Connected and IGFX enabled

[Feature Description]
When the external Graphics card connected and IGFX is force enabled
in such case GOP will enable the IO Bit.
During the exit boot service clear the IO bit of IGFX when external
card is detected.

Package/Module: DxePlatformBootManagerLib

[Impacted Platform]
ALL

Hsd-es-id: 16027225378
Original commit date: Thu Apr 10 19:36:06 2025 +0530
Change-Id: Ief1bd1d9171c8bed36148a7758cd134fe919cb85
Original commit hash: 8ad92bf3ae9bbbd66ec30216fe87410298b966b0

-------------------------------------------------------------------------------- 
[Changed Files]
LunarLakePlatSamplePkg/Library/DxePlatformBootManagerLib/BdsPlatform.c
LunarLakePlatSamplePkg/Library/DxePlatformBootManagerLib/DxePlatformBootManagerHiiFreeLib.inf
LunarLakePlatSamplePkg/Library/DxePlatformBootManagerLib/DxePlatformBootManagerLib.inf

================================================================================ 
Commit: 01682cda1ebde35ef1c8f78da865d49e4cb9c630 
Author: ClientSysFWGit <clientsysfwgit@intel.com> 
Date: Sun May 4 11:05:48 2025 -0700 
-------------------------------------------------------------------------------- 
Remove XmlCli setup knob from external Bios

[Issue Description]
Unable to enter XMLCLI subpage with external BIOS

[Resolution]
Remove XmlCli setup knob from external Bios

Package/Module:
OneSiliconPkg

[Impacted Platform]
LNL-M

Hsd-es-id: 16027121320
Original commit date: Thu Mar 27 21:52:11 2025 -0700
Change-Id: I47338f2f67c5441cfbedf2151cae018d9504620f
Original commit hash: dde64ed5fa0f9a2a8f20062329c5e066778c2835

-------------------------------------------------------------------------------- 
[Changed Files]
LunarLakePlatSamplePkg/Setup/Advanced.vfr
LunarLakePlatSamplePkg/Setup/Setup.inf

================================================================================ 
Commit: 539601fc61679c5445c95ae216710db77895f646 
Author: ClientSysFWGit <clientsysfwgit@intel.com> 
Date: Sun May 4 11:05:39 2025 -0700 
-------------------------------------------------------------------------------- 
"[TeamCity] LNL LunarLake_lunarlake_program_platform_Daily Daily Updating Version/ID: LunarLake_3223_93

Hsd-es-id: N/A"
Original commit date: Fri Mar 21 01:13:28 2025 +0000
Original commit hash: 821acaa3351120c50b6b181caee7ce2a254a7174

-------------------------------------------------------------------------------- 
[Changed Files]
Doxygen/BoardApi.chm
Doxygen/FspApi.chm
Doxygen/LunarLake_FSP_Integration_Guide.chm
Doxygen/LunarLake_FSP_Integration_Guide.pdf
Doxygen/PlatApi.chm
Doxygen/SiPkgApi.chm
LICENSE.txt
OneSiliconPkg/SiPkg.dec
