================================================================================ 
Commit: 84ea2970f5055516504b3e43206a6a656084c03c 
Author: ClientSysFWGit <clientsysfwgit@intel.com> 
Date: 2019-08-28 13:53:06 -0700 
-------------------------------------------------------------------------------- 
[TeamCity] ICL Auto-Commit BIOS ID update CI

2019-08-22 13:32:43 -0700
Original commit date: 2019-08-22 13:32:43 -0700
Original commit hash: 8bc0c23c7432f11a0dfb0fd1ac2bd930f5d61ed7

-------------------------------------------------------------------------------- 
[Changed Files]
IceLakePlatSamplePkg/Tools/GenBiosId/BiosId.env

================================================================================ 
Commit: 3b49d7a65a53e5b2d59b63960853ffcc1a2569a8 
Author: ClientSysFWGit <clientsysfwgit@intel.com> 
Date: 2019-08-28 13:53:05 -0700 
-------------------------------------------------------------------------------- 
External monitor flicker on second screen only after resume from S3 on MVR units

Setting VoltageLevel to 2 in case of ref frequency set to 648/652

Hsd-es-id: 2208188414
Original commit date: 2019-08-22 10:57:49 +0530
Change-Id: Iee806da78f64e9d48ba916cef679bd9a5dbc58b0
Original commit hash: 2d2b72b0da5f587f74f4ccb1f8c4a38c8257588f

-------------------------------------------------------------------------------- 
[Changed Files]
IceLakeSiliconPkg/SystemAgent/Library/Private/PeiGraphicsInitLib/PeiGraphicsPmInit.c

================================================================================ 
Commit: fb62f53174ddf48ef33ac6dd3af92b34df5b291a 
Author: ClientSysFWGit <clientsysfwgit@intel.com> 
Date: 2019-08-28 13:53:04 -0700 
-------------------------------------------------------------------------------- 
[TeamCity] ICL Auto-Commit BIOS ID update CI

2019-08-22 12:31:22 -0700
Original commit date: 2019-08-22 12:31:22 -0700
Original commit hash: 68e998419c4d0ddf58d9a982b9d2de2295ef104e

-------------------------------------------------------------------------------- 
[Changed Files]
IceLakePlatSamplePkg/Tools/GenBiosId/BiosId.env

================================================================================ 
Commit: 619e421686d737d62bfc5031a864001f96a68f61 
Author: ClientSysFWGit <clientsysfwgit@intel.com> 
Date: 2019-08-28 13:53:02 -0700 
-------------------------------------------------------------------------------- 
[TeamCity] ICL Auto-Commit DailyUpdate_FSP/RC version CI Increment FSP Revision Number and reset FSP Build Number to 1

2019-08-22 12:13:17 -0700
Original commit date: 2019-08-22 12:13:17 -0700
Original commit hash: 0b66f7e524b30af8626d124a5350f0b1128ac7bd

-------------------------------------------------------------------------------- 
[Changed Files]
IceLakeFspPkg/IceLakeFspPkg.dec
IceLakeSiliconPkg/SiPkg.dec

================================================================================ 
Commit: 8ab0636ce9b7aa793dfd2602e4dcd3c70a61cf62 
Author: ClientSysFWGit <clientsysfwgit@intel.com> 
Date: 2019-08-28 13:53:01 -0700 
-------------------------------------------------------------------------------- 
Integrate  ICL GOP 14.0.1029

Hsd-es-id: 1607658346
Original commit date: 2019-08-22 23:04:33 +0530
Change-Id: I93a2d7de1b61762214b1cae54819f9ad976c1a7e
Original commit hash: 0901f85b9dea714023199f3bafb5f34c411deabb

-------------------------------------------------------------------------------- 
[Changed Files]
IceLakeFspBinPkg/SampleCode/Vbt/Vbt.bin
IceLakeFspBinPkg/SampleCode/Vbt/Vbt.bsf
IceLakeSiliconPkg/SampleCode/IntelGraphicsVbt/Vbt.bin
IceLakeSiliconPkg/SystemAgent/IntelGraphicsPeim/Binaries/IntelGraphicsPeim.efi
IceLakeSiliconPkg/SystemAgent/IntelGraphicsPeim/Binaries/IntelGraphicsPeimDebug.efi
IceLakeSiliconPkg/SystemAgent/IntelGraphicsPeim/Binaries/IntelGraphicsPeimSimics.efi

================================================================================ 
Commit: f58e6bb0ea3acd0cbd0764f481d46d185f3b116c 
Author: ClientSysFWGit <clientsysfwgit@intel.com> 
Date: 2019-08-28 13:52:59 -0700 
-------------------------------------------------------------------------------- 
ClientCommonPkg/Override: Second Addendum to SecurityPkg for RPCO-0095

While porting the Tpm2GetIdleByPass () into the current ICL Tpm2Ptp.c override a
bug was introduced, which made the function always return the value 0,
regardless of the feedback from the TPM HW.

The latest implementation of Tpm2Ptp.c is using an updated version of the
industry standards. The PTP_CRB_INTERFACE_IDENTIFIER structure now defines one
of the previously reserved bits for reporting this
capability: (CapCRBIdleBypass: BIT-9).

Since such definition is not currently available in the Icelake definitions, the
value was read directly from the structure as an UINT32 variable, masked with
BIT-9 and finally cast to the return type UINT8. Unlike the result from reading
the bitfield, casting the entire UINT32 value will only preserve the lower 8
bits, thus always returning 0.

Hsd-es-id: 1607633893
Original commit date: 2019-08-21 20:12:28 -0700
Change-Id: I253b0e172dac972f5fead74ae6b53ccb87158a2c
Original commit hash: 632936bb6c7a5395374584940115af42a66a6919

-------------------------------------------------------------------------------- 
[Changed Files]
ClientCommonPkg/Override/SecurityPkg/Library/Tpm2DeviceLibDTpm/Tpm2Ptp.c

================================================================================ 
Commit: 62e0c1776381cba5c0614a6c8de991ca62a3f655 
Author: ClientSysFWGit <clientsysfwgit@intel.com> 
Date: 2019-08-28 13:52:58 -0700 
-------------------------------------------------------------------------------- 
[TeamCity] ICL Auto-Commit BIOS ID update CI

2019-08-21 20:23:25 -0700
Original commit date: 2019-08-21 20:23:25 -0700
Original commit hash: ba8d039dbdb14dd8c0c40b6423860088cc0bb96b

-------------------------------------------------------------------------------- 
[Changed Files]
IceLakePlatSamplePkg/Tools/GenBiosId/BiosId.env

================================================================================ 
Commit: 959850a2a6bde9eb93cbb8fe3c0421d328ac11e8 
Author: ClientSysFWGit <clientsysfwgit@intel.com> 
Date: 2019-08-28 13:52:57 -0700 
-------------------------------------------------------------------------------- 
[TeamCity] ICL Auto-Commit BIOS ID update CI

2019-08-20 20:23:31 -0700
Original commit date: 2019-08-20 20:23:31 -0700
Original commit hash: 4785a01474b8d91a3702d059bc25a4e7a1ff1416

-------------------------------------------------------------------------------- 
[Changed Files]
IceLakePlatSamplePkg/Tools/GenBiosId/BiosId.env

================================================================================ 
Commit: c2498b740753bf8a69f44c3f8a9a7bb5ee286a94 
Author: ClientSysFWGit <clientsysfwgit@intel.com> 
Date: 2019-08-28 13:52:56 -0700 
-------------------------------------------------------------------------------- 
[TeamCity] ICL Auto-Commit DailyUpdate_FSP/RC version CI Increment FSP Revision Number and reset FSP Build Number to 1

2019-08-20 20:03:41 -0700
Original commit date: 2019-08-20 20:03:41 -0700
Original commit hash: e00a91ab7edc24190a3388d3288af93e6469c87b

-------------------------------------------------------------------------------- 
[Changed Files]
IceLakeFspPkg/IceLakeFspPkg.dec
IceLakeSiliconPkg/SiPkg.dec

================================================================================ 
Commit: f4e824cf9802b2dd2270732c98d83b975f270a1a 
Author: ClientSysFWGit <clientsysfwgit@intel.com> 
Date: 2019-08-28 13:52:55 -0700 
-------------------------------------------------------------------------------- 
[TeamCity] ICL Auto-Commit BIOS ID update CI

2019-08-20 13:38:53 -0700
Original commit date: 2019-08-20 13:38:53 -0700
Original commit hash: e11afc3fb0ad44a9115e46d61f905b93f9f19a89

-------------------------------------------------------------------------------- 
[Changed Files]
IceLakePlatSamplePkg/Tools/GenBiosId/BiosId.env

================================================================================ 
Commit: 035b03525f6f7438fc86b6b345909424971d62bd 
Author: ClientSysFWGit <clientsysfwgit@intel.com> 
Date: 2019-08-28 13:52:52 -0700 
-------------------------------------------------------------------------------- 
ICL_security[ICL_UN/YN] : System is on shutdown mode while running shutdown /r command and (pressing ESC) with opal password

Added additional power pin pull low to make the behavior of M.2 device on ICL-YN/UN in sync with ICL-Y/U after system reset

Hsd-es-id: 1607485397
Original commit date: 2019-08-20 14:07:58 +0800
Change-Id: Ib01171dbcf8b21e4615341fa95849d62f8a69864
Original commit hash: b89dd31dad57ccd65677c85ff50305fa187494be

-------------------------------------------------------------------------------- 
[Changed Files]
IceLakePlatSamplePkg/Board/Others/PeiBoardInitLib/BoardPchInitPreMemLib.c
IceLakePlatSamplePkg/Board/Others/PeiBoardInitLib/GpioTableIclPreMem.h
IceLakePlatSamplePkg/Board/Others/PeiBoardInitLib/GpioTableIclU.h
IceLakePlatSamplePkg/Board/Others/PeiBoardInitLib/GpioTableIclY.h

================================================================================ 
Commit: 0e3a5dc88ac4210daf069e464a1f2c034ec6361d 
Author: ClientSysFWGit <clientsysfwgit@intel.com> 
Date: 2019-08-28 13:52:51 -0700 
-------------------------------------------------------------------------------- 
[TeamCity] ICL Auto-Commit BIOS ID update CI

2019-08-19 20:36:19 -0700
Original commit date: 2019-08-19 20:36:19 -0700
Original commit hash: 2eacbe680367ea8b82ca8d846e50b9b1bc8f33b9

-------------------------------------------------------------------------------- 
[Changed Files]
IceLakePlatSamplePkg/Tools/GenBiosId/BiosId.env

================================================================================ 
Commit: 3393a498d27856524bd0d5689c48f3d27a3e30de 
Author: ClientSysFWGit <clientsysfwgit@intel.com> 
Date: 2019-08-28 13:52:50 -0700 
-------------------------------------------------------------------------------- 
[TeamCity] ICL Auto-Commit DailyUpdate_FSP/RC version CI Increment FSP Revision Number and reset FSP Build Number to 1

2019-08-19 20:27:00 -0700
Original commit date: 2019-08-19 20:27:00 -0700
Original commit hash: 354f864020425d0eeb2b09f5d40b73ae8080f682

-------------------------------------------------------------------------------- 
[Changed Files]
IceLakeFspPkg/IceLakeFspPkg.dec
IceLakeSiliconPkg/SiPkg.dec

================================================================================ 
Commit: d1131ad6cdfa17780731b5e1853c8284e541741a 
Author: ClientSysFWGit <clientsysfwgit@intel.com> 
Date: 2019-08-28 13:52:49 -0700 
-------------------------------------------------------------------------------- 
[TeamCity] ICL Auto-Commit WeeklyUpdate_FSP/RC version CI Increment FSP Revision Number and reset FSP Build Number to 1

2019-08-19 20:14:28 -0700
Original commit date: 2019-08-19 20:14:28 -0700
Original commit hash: 37f06e21af473470ac70838e364579ee585dc395

-------------------------------------------------------------------------------- 
[Changed Files]
IceLakeFspPkg/IceLakeFspPkg.dec
IceLakeSiliconPkg/SiPkg.dec

================================================================================ 
Commit: a5a40badb6c9ec0272a9f413bd15297a4240c0a2 
Author: ClientSysFWGit <clientsysfwgit@intel.com> 
Date: 2019-08-28 13:52:48 -0700 
-------------------------------------------------------------------------------- 
[WWAN] _DSM with function 0(Query) impementation is not as per the ACPI Spec.

_DSM with function 0 Query should return the supported functions in a BitMap.

Hsd-es-id: 1607631393
Original commit date: 2019-08-16 15:47:30 +0800
Change-Id: I4dcace286df379244cdee093ec769729299b153e
Original commit hash: d1bb6ce9df4e48e1c70677f1729f9663a15bfe9d

-------------------------------------------------------------------------------- 
[Changed Files]
IceLakePlatSamplePkg/Acpi/AcpiTables/SsdtRtd3/IclSdsRtd3.asl
IceLakePlatSamplePkg/Acpi/AcpiTables/SsdtRtd3/IclURvpRtd3.asl
IceLakePlatSamplePkg/Acpi/AcpiTables/SsdtRtd3/IclYRvpCRtd3.asl
IceLakePlatSamplePkg/Acpi/AcpiTables/SsdtRtd3/IclYRvpRtd3.asl

================================================================================ 
Commit: 7ff5682dbd1a03d06ab9b6dffbc8f072e671f118 
Author: ClientSysFWGit <clientsysfwgit@intel.com> 
Date: 2019-08-28 13:52:46 -0700 
-------------------------------------------------------------------------------- 
[TeamCity] ICL Auto-Commit BIOS ID update CI

2019-08-18 20:20:47 -0700
Original commit date: 2019-08-18 20:20:47 -0700
Original commit hash: 7f9964381e64b899ea976739de2f0f297579eb51

-------------------------------------------------------------------------------- 
[Changed Files]
IceLakePlatSamplePkg/Tools/GenBiosId/BiosId.env

================================================================================ 
Commit: e8c5392903a599f8b7a7c5a882bbca1ec93936ca 
Author: ClientSysFWGit <clientsysfwgit@intel.com> 
Date: 2019-08-28 13:52:45 -0700 
-------------------------------------------------------------------------------- 
[TeamCity] ICL Auto-Commit DailyUpdate_FSP/RC version CI Increment FSP Revision Number and reset FSP Build Number to 1

2019-08-18 20:03:28 -0700
Original commit date: 2019-08-18 20:03:28 -0700
Original commit hash: a133a14bd099e6924ead1999319d6a5f6ba38254

-------------------------------------------------------------------------------- 
[Changed Files]
IceLakeFspPkg/IceLakeFspPkg.dec
IceLakeSiliconPkg/SiPkg.dec

================================================================================ 
Commit: 7fc2bf562a66bfa6a560403abd2754ed183f1926 
Author: ClientSysFWGit <clientsysfwgit@intel.com> 
Date: 2019-08-28 13:52:44 -0700 
-------------------------------------------------------------------------------- 
[TeamCity] ICL Auto-Commit BIOS ID update CI

2019-08-17 20:20:35 -0700
Original commit date: 2019-08-17 20:20:35 -0700
Original commit hash: 1945140dfd9314794f6d2cd8be0a155a429e9566

-------------------------------------------------------------------------------- 
[Changed Files]
IceLakePlatSamplePkg/Tools/GenBiosId/BiosId.env

================================================================================ 
Commit: b693159fb495ea7cc89fc216493bcb9cc7355f90 
Author: ClientSysFWGit <clientsysfwgit@intel.com> 
Date: 2019-08-28 13:52:43 -0700 
-------------------------------------------------------------------------------- 
[TeamCity] ICL Auto-Commit DailyUpdate_FSP/RC version CI Increment FSP Revision Number and reset FSP Build Number to 1

2019-08-17 20:03:30 -0700
Original commit date: 2019-08-17 20:03:30 -0700
Original commit hash: 5859ccb94a1a9305b1249846fac229211b868568

-------------------------------------------------------------------------------- 
[Changed Files]
IceLakeFspPkg/IceLakeFspPkg.dec
IceLakeSiliconPkg/SiPkg.dec

================================================================================ 
Commit: 83e179f1ae51f539570efbbb4ccd75c976e69b24 
Author: ClientSysFWGit <clientsysfwgit@intel.com> 
Date: 2019-08-28 13:52:42 -0700 
-------------------------------------------------------------------------------- 
[TeamCity] ICL Auto-Commit FSP Daily

2019-08-16 20:27:53 -0700
Original commit date: 2019-08-16 20:27:53 -0700
Original commit hash: 6fa64059bc89f81759e1561f6b563bfa308a64d6

-------------------------------------------------------------------------------- 
[Changed Files]
IceLakeFspBinPkg/Fsp.bsf
IceLakeFspPkg/Include/FspsUpd.h

================================================================================ 
Commit: 23516aab5317bb031fafe2378aa95fc3482ed75a 
Author: ClientSysFWGit <clientsysfwgit@intel.com> 
Date: 2019-08-28 13:52:41 -0700 
-------------------------------------------------------------------------------- 
[TeamCity] ICL Auto-Commit BIOS ID update CI

2019-08-16 20:20:42 -0700
Original commit date: 2019-08-16 20:20:42 -0700
Original commit hash: 84e93f0fdae7f0a3c11c34ac993bfc038101fe1f

-------------------------------------------------------------------------------- 
[Changed Files]
IceLakePlatSamplePkg/Tools/GenBiosId/BiosId.env

================================================================================ 
Commit: 5f78059ea10509a8d9d54105399442395403e2c7 
Author: ClientSysFWGit <clientsysfwgit@intel.com> 
Date: 2019-08-28 13:52:40 -0700 
-------------------------------------------------------------------------------- 
[TeamCity] ICL Auto-Commit DailyUpdate_FSP/RC version CI Increment FSP Revision Number and reset FSP Build Number to 1

2019-08-16 20:07:49 -0700
Original commit date: 2019-08-16 20:07:49 -0700
Original commit hash: 93dcd383de617ca700c7dbaf4b58a56c283a93ed

-------------------------------------------------------------------------------- 
[Changed Files]
IceLakeFspPkg/IceLakeFspPkg.dec
IceLakeSiliconPkg/SiPkg.dec

================================================================================ 
Commit: 39147b400af1390f1e14ff13de03cff90dd9f3cb 
Author: ClientSysFWGit <clientsysfwgit@intel.com> 
Date: 2019-08-28 13:52:38 -0700 
-------------------------------------------------------------------------------- 
ICL UN: Enable External Bypass VR by default

Enable external VR Rails for all S0ix/Sx states by default for ICL-UN

Hsd-es-id: 1409699424
Original commit date: 2019-08-16 10:51:39 -0700
Change-Id: Ia5ec8b3399d426bafb2b76fa27fa668e40b9ddf8
Original commit hash: 4ba341657aa7a57bc2eb41f63ae1d2edde96bf13

-------------------------------------------------------------------------------- 
[Changed Files]
IceLakeFspPkg/Upd/FspsUpd.dsc
IceLakePlatSamplePkg/Board/Include/OtherBoardConfigPatchTable.h
IceLakeSiliconPkg/Pch/Library/PeiPchPolicyLib/PeiPchPolicyLib.c

================================================================================ 
Commit: e4c0e80920f3a1b0f2a0c46beb5b239f79e54e0c 
Author: ClientSysFWGit <clientsysfwgit@intel.com> 
Date: 2019-08-28 13:52:37 -0700 
-------------------------------------------------------------------------------- 
[ICL_SDS_Ebat_Validation][ICL U SDS PR3] [EXT_FspWrapper 3262] PCH SLP-S0 can't reach to 90%

We have gSmmThunkProtocolGuid dependency in EC.inf but not consumed, remove this dependency to avoid this driver not load when PcdSmmThunkEnable is disabled.

Hsd-es-id: 1607399934
Original commit date: 2019-08-13 14:05:13 +0800
Change-Id: I791edd3f25a1403f8a79a6feebfa57f9f8633ac0
Original commit hash: 20ba9cad96abef68f01ed458042bdd0c6d5a9a62

-------------------------------------------------------------------------------- 
[Changed Files]
IceLakePlatSamplePkg/EC/EC.inf

================================================================================ 
Commit: b9672d4722b3595801f98e7ae899b446c66124b7 
Author: ClientSysFWGit <clientsysfwgit@intel.com> 
Date: 2019-08-28 13:52:36 -0700 
-------------------------------------------------------------------------------- 
The BASE() implementation of TBT PCIe RP is incorrect when multiple segment is enabled

Use the full path "\_SB.PCI0.GPCB()" to get PCIe base address

Hsd-es-id: 1607628639
Original commit date: 2019-08-13 19:04:54 +0800
Change-Id: I0c9b7e1e6f2b22dd08bcad48f3f3cdcd2673a18a
Original commit hash: a4fc8530fc1c28046a7e65f45e68c1395e8192c9

-------------------------------------------------------------------------------- 
[Changed Files]
IceLakePlatSamplePkg/Acpi/AcpiTables/Dsdt/Gpe.asl
IceLakeSiliconPkg/SystemAgent/AcpiTables/TcssSsdt/TcssItbtPcieRp.asl
IceLakeSiliconPkg/SystemAgent/AcpiTables/TcssSsdt/TcssSsdt.asl
IceLakeSiliconPkg/SystemAgent/AcpiTables/TcssSsdt/TcssXhci.asl

================================================================================ 
Commit: c6dac0ed0f47e76f756748de4b94bb5fceb483d9 
Author: ClientSysFWGit <clientsysfwgit@intel.com> 
Date: 2019-08-28 13:52:35 -0700 
-------------------------------------------------------------------------------- 
[ICL] Fix that MTRR setting does not get update with BIOS enable above 4GB in non-FSP BIOS built

Hsd-es-id: 1507354781
Original commit date: 2019-08-15 15:29:57 +0800
Change-Id: Ib285a228d709a2eaaae577395590c69ae82c1f67
Original commit hash: 7cccfdb048e4686be67678d5e8e17afc4e368021

-------------------------------------------------------------------------------- 
[Changed Files]
IceLakePlatSamplePkg/PlatformInit/PlatformInitDxe/SaPlatformInitDxe.c

================================================================================ 
Commit: 0c41535b501ef40e6c81e745919af583a54759ba 
Author: ClientSysFWGit <clientsysfwgit@intel.com> 
Date: 2019-08-28 13:52:34 -0700 
-------------------------------------------------------------------------------- 
Enable TC cold capability and request bit once prior to boot to OS if all TCSS devices are disabled.

Hsd-es-id: 2208191598
Original commit date: 2019-08-01 17:22:40 +0800
Change-Id: I6306beeb660903c7d28b586f9417ccc9b9e753ce
Original commit hash: 063bc67acb7a1dea6a96ab129679e44721af8cd1

-------------------------------------------------------------------------------- 
[Changed Files]
IceLakeSiliconPkg/SystemAgent/Include/Register/SaRegsHostBridge.h
IceLakeSiliconPkg/SystemAgent/Include/Register/SaRegsIom.h
IceLakeSiliconPkg/SystemAgent/Library/Private/PeiTcssInitLib/TcssInit.c

================================================================================ 
Commit: 6db3572ae8a56414c5f0f80e08af5619bf87b11b 
Author: ClientSysFWGit <clientsysfwgit@intel.com> 
Date: 2019-08-28 13:52:32 -0700 
-------------------------------------------------------------------------------- 
[ICL] Optimization disabled build gives error for unresolved external __allshr for using >> in PchSerialIoUartPrivateLib.c file.

SerialIoUartSetBaudRate changes:
 - Used RShiftU64 instead of >> operator to avoid build problems.
 - Removed dead ASSERT code.

Hsd-es-id: 2208150997
Original commit date: 2019-08-13 14:34:17 -0700
Change-Id: I7a8f7ee0608f0f140a909e7d9079b69a185a4ef4
Original commit hash: f96e39d935de42590d9a6293df6209f2cc03f4bf

-------------------------------------------------------------------------------- 
[Changed Files]
IceLakeSiliconPkg/Pch/Library/PeiDxeSmmPchSerialIoUartLib/PchSerialIoUartPrivateLib.c

================================================================================ 
Commit: 26cac1dd1a5c2231243799f709a43ec322afffa2 
Author: ClientSysFWGit <clientsysfwgit@intel.com> 
Date: 2019-08-28 13:52:31 -0700 
-------------------------------------------------------------------------------- 
ICL:  The size of 4KN HDD is not correct in SATA And RSTe BIOS Setup Configuration page.

Check bit 12 of word 106 from IdentifyDriveInfo
   - If is set to 1, then logical sector size should be read from words 117 and 118.
   - If bit 12 is cleared, then logical sector size is 256 words.

Hsd-es-id: 2207845176
Original commit date: 2019-08-06 13:50:51 +0200
Change-Id: I0b2035d790d03fb943e7c553c311283e3f39c934
Original commit hash: 4bf0aa44f524c3b429768eaa1bc0eacf22942c1a

-------------------------------------------------------------------------------- 
[Changed Files]
IceLakePlatSamplePkg/Setup/PchSetup.c

================================================================================ 
Commit: 063451c753f22c8c7ff294c2d9865977c75c4b03 
Author: ClientSysFWGit <clientsysfwgit@intel.com> 
Date: 2019-08-28 13:52:30 -0700 
-------------------------------------------------------------------------------- 
[TeamCity] ICL Auto-Commit BIOS ID update CI

2019-08-15 20:23:56 -0700
Original commit date: 2019-08-15 20:23:56 -0700
Original commit hash: 3894fc3ef79dfa8953f557754d68f33076398c1a

-------------------------------------------------------------------------------- 
[Changed Files]
IceLakePlatSamplePkg/Tools/GenBiosId/BiosId.env

================================================================================ 
Commit: 475cc13bda484bd720840592594b153c7632fa49 
Author: ClientSysFWGit <clientsysfwgit@intel.com> 
Date: 2019-08-28 13:52:29 -0700 
-------------------------------------------------------------------------------- 
[TeamCity] ICL Auto-Commit DailyUpdate_FSP/RC version CI Increment FSP Revision Number and reset FSP Build Number to 1

2019-08-15 20:19:43 -0700
Original commit date: 2019-08-15 20:19:43 -0700
Original commit hash: 2807f18df01d38eb93c28910783288c1c99c705c

-------------------------------------------------------------------------------- 
[Changed Files]
IceLakeFspPkg/IceLakeFspPkg.dec
IceLakeSiliconPkg/SiPkg.dec

================================================================================ 
Commit: 984dd008f5e348e07e150888671fb6f4c9f9814f 
Author: ClientSysFWGit <clientsysfwgit@intel.com> 
Date: 2019-08-28 13:52:27 -0700 
-------------------------------------------------------------------------------- 
Update MRC Release Notes and increment MRC build revision

2019-08-15 22:22:35 +0000
Original commit date: 2019-08-15 22:22:35 +0000
Original commit hash: e60351f3296ca52a30af5eea77c0dba76dd0f036

-------------------------------------------------------------------------------- 
[Changed Files]
IceLakeSiliconPkg/SystemAgent/MemoryInit/LibraryPrivate/PeiMemoryInitLib/Source/Include/MrcVersion.h

================================================================================ 
Commit: cb875a1cba336cc341cf497971838e00bc5e47ca 
Author: ClientSysFWGit <clientsysfwgit@intel.com> 
Date: 2019-08-28 13:52:26 -0700 
-------------------------------------------------------------------------------- 
[ICL][MRC][2208073021] Memory Training Fails in 32GB SKU (low RdT/RdV margins)
Issue:
  Customer board fails on Ch1 Byte5 in Early Read Timing Centering 2D due to low RdT / RdV margins.
Solution:
  Set the MinRequired Eye width to 1 in GetMinRequiredEyeWidth for EarlyCentering.

Hsd-es-id: 2208073021
Original commit date: 2019-08-15 16:12:44 +0300
Change-Id: Iaa3200addadb677ab41432af42238cede422e8d2
Original commit hash: 4b7297e4c8c0704c6d4d6e4b6bc8249ad9e90896

-------------------------------------------------------------------------------- 
[Changed Files]
IceLakeSiliconPkg/SystemAgent/MemoryInit/LibraryPrivate/PeiMemoryInitLib/Source/Services/MrcCommon.c

================================================================================ 
Commit: e85c540eb84b23daa6368bc30973537847404a1d 
Author: ClientSysFWGit <clientsysfwgit@intel.com> 
Date: 2019-08-28 13:52:25 -0700 
-------------------------------------------------------------------------------- 
[TeamCity] ICL Auto-Commit FSP Daily

2019-08-15 11:31:03 -0700
Original commit date: 2019-08-15 11:31:03 -0700
Original commit hash: d8afb63c48fac8ac52d0c3080f5666fafd1e13ef

-------------------------------------------------------------------------------- 
[Changed Files]
IceLakeFspBinPkg/Fsp.bsf
IceLakeFspBinPkg/Include/FspmUpd.h
IceLakeFspPkg/Include/FspmUpd.h

================================================================================ 
Commit: c07632eb595760e818d682bec83a190d9b11d579 
Author: ClientSysFWGit <clientsysfwgit@intel.com> 
Date: 2019-08-28 13:52:23 -0700 
-------------------------------------------------------------------------------- 
[TeamCity] ICL Auto-Commit BIOS ID update CI

2019-08-15 11:03:16 -0700
Original commit date: 2019-08-15 11:03:16 -0700
Original commit hash: 6eea58b3f9ad07a88829760c6bf415772e79d579

-------------------------------------------------------------------------------- 
[Changed Files]
IceLakePlatSamplePkg/Tools/GenBiosId/BiosId.env

================================================================================ 
Commit: 6db74717064e45cf7b36e26151657f2167792b57 
Author: ClientSysFWGit <clientsysfwgit@intel.com> 
Date: 2019-08-28 13:52:22 -0700 
-------------------------------------------------------------------------------- 
Integrate New IceLake Microcode Patch 0x42

Update Microcode Patch

Hsd-es-id: No HSD
Original commit date: 2019-08-15 08:50:28 -0700
Change-Id: Iabcfe5cb6bcb9938482484db486a77103f8f6ee8
Original commit hash: 78cf438b7b87b8ddbe512f77122894059ca2ace3

-------------------------------------------------------------------------------- 
[Changed Files]
IceLakeOpenBoardPkg/IclUDdr4Type3Tcpd/OpenBoardPkg.fdf
IceLakePlatSamplePkg/PlatformPkg.fdf

================================================================================ 
Commit: e6309e1d0b3dbe8e5fcce4e2be220a20c38ec2c4 
Author: ClientSysFWGit <clientsysfwgit@intel.com> 
Date: 2019-08-28 13:52:21 -0700 
-------------------------------------------------------------------------------- 
Add BIOS logic and knob to control TBT PCIe IOMMUs VTd enabling

Hsd-es-id: 2208195395
Original commit date: 2019-08-08 16:13:51 +0530
Change-Id: Iba10a5ec1dbd6c5797946429d7e384c4199faccc
Original commit hash: ead9c59c8addd5272afe78a611f09894c8af62f1

-------------------------------------------------------------------------------- 
[Changed Files]
IceLakeFspPkg/Library/PeiPolicyUpdatePreMemLib/PeiSaPolicyUpdatePreMem.c
IceLakeFspPkg/Upd/FspmUpd.dsc
IceLakePlatSamplePkg/Include/SetupVariable.h
IceLakePlatSamplePkg/Library/PeiPolicyUpdateLib/PeiSaPolicyUpdatePreMem.c
IceLakePlatSamplePkg/Setup/SaSetup.hfr
IceLakePlatSamplePkg/Setup/SaSetup.uni
IceLakeSiliconPkg/Cpu/Include/Library/CpuMailboxLib.h
IceLakeSiliconPkg/SystemAgent/Include/ConfigBlock/VtdConfig.h
IceLakeSiliconPkg/SystemAgent/Library/PeiSaPolicyLib/PeiSaPolicyLib.c
IceLakeSiliconPkg/SystemAgent/Library/PeiSaPolicyLib/SaPrintPolicy.c
IceLakeSiliconPkg/SystemAgent/Library/Private/PeiVtdInitLib/PeiVtdInitLib.c
IceLakeSiliconPkg/SystemAgent/Library/Private/PeiVtdInitLib/PeiVtdInitLib.inf

================================================================================ 
Commit: 25d46a32c94c65e87a9ea64b60a5f4881a9ea510 
Author: ClientSysFWGit <clientsysfwgit@intel.com> 
Date: 2019-08-28 13:52:18 -0700 
-------------------------------------------------------------------------------- 
[TeamCity] ICL Auto-Commit BIOS ID update CI

2019-08-14 20:20:37 -0700
Original commit date: 2019-08-14 20:20:37 -0700
Original commit hash: 1b0c034cd51d5749544915809adfcf9376ef8032

-------------------------------------------------------------------------------- 
[Changed Files]
IceLakePlatSamplePkg/Tools/GenBiosId/BiosId.env

================================================================================ 
Commit: 4ef8803d7967a0fcec8d66e771014d462e9e1900 
Author: ClientSysFWGit <clientsysfwgit@intel.com> 
Date: 2019-08-28 13:52:17 -0700 
-------------------------------------------------------------------------------- 
[TeamCity] ICL Auto-Commit DailyUpdate_FSP/RC version CI Increment FSP Revision Number and reset FSP Build Number to 1

2019-08-14 20:12:30 -0700
Original commit date: 2019-08-14 20:12:30 -0700
Original commit hash: ddced4407ba889406cbcb4c137768619ad108f4a

-------------------------------------------------------------------------------- 
[Changed Files]
IceLakeFspPkg/IceLakeFspPkg.dec
IceLakeSiliconPkg/SiPkg.dec

================================================================================ 
Commit: f28f452a051fe4b3bc0f91d5adfb0ee5836c319b 
Author: ClientSysFWGit <clientsysfwgit@intel.com> 
Date: 2019-08-28 13:52:16 -0700 
-------------------------------------------------------------------------------- 
[TeamCity] ICL Auto-Commit BIOS ID update CI

2019-08-13 20:20:45 -0700
Original commit date: 2019-08-13 20:20:45 -0700
Original commit hash: eacbfab0d9fe5003eec6705708377a1694bb9f37

-------------------------------------------------------------------------------- 
[Changed Files]
IceLakePlatSamplePkg/Tools/GenBiosId/BiosId.env

================================================================================ 
Commit: aec9f37ec61caa3567cd58188877bbf104c4e01b 
Author: ClientSysFWGit <clientsysfwgit@intel.com> 
Date: 2019-08-28 13:52:15 -0700 
-------------------------------------------------------------------------------- 
[TeamCity] ICL Auto-Commit DailyUpdate_FSP/RC version CI Increment FSP Revision Number and reset FSP Build Number to 1

2019-08-13 20:06:01 -0700
Original commit date: 2019-08-13 20:06:01 -0700
Original commit hash: 99de0e6d9b1d9218597ba2dad62f679b267657e6

-------------------------------------------------------------------------------- 
[Changed Files]
IceLakeFspPkg/IceLakeFspPkg.dec
IceLakeSiliconPkg/SiPkg.dec

================================================================================ 
Commit: 1efb4e7937bf203390f4733ad1db569acb687b40 
Author: ClientSysFWGit <clientsysfwgit@intel.com> 
Date: 2019-08-28 13:52:14 -0700 
-------------------------------------------------------------------------------- 
[TeamCity] ICL Auto-Commit BIOS ID update CI

2019-08-13 11:02:40 -0700
Original commit date: 2019-08-13 11:02:40 -0700
Original commit hash: 5c10a52e693879aadeda94d174638e69f0e6c616

-------------------------------------------------------------------------------- 
[Changed Files]
IceLakePlatSamplePkg/Tools/GenBiosId/BiosId.env

================================================================================ 
Commit: 9266c75de8bfa2dbe7d64ce675d20e6653f744d7 
Author: ClientSysFWGit <clientsysfwgit@intel.com> 
Date: 2019-08-28 13:52:13 -0700 
-------------------------------------------------------------------------------- 
PPIN feature MUST be disabled and locked by BIOS when EOM flag is set

Hsd-es-id: 2208130058
Original commit date: 2019-08-06 18:38:08 +0800
Change-Id: Ia89126cb8171d3a4701285e1b64bbbc23eb88645
Original commit hash: 964abefd4b22ecfb5984afd61f04af9b8db7c1bf

-------------------------------------------------------------------------------- 
[Changed Files]
IceLakePlatSamplePkg/Platform/PlatformSetup/Dxe/PlatformSetup.c
IceLakePlatSamplePkg/Setup/CpuSetup.hfr
IceLakeSiliconPkg/Cpu/Library/Private/PeiCpuInitLib/Features.c

================================================================================ 
Commit: e875242fb8f3607a16b413ff07f4601c22cdd4cf 
Author: ClientSysFWGit <clientsysfwgit@intel.com> 
Date: 2019-08-28 13:52:11 -0700 
-------------------------------------------------------------------------------- 
[TeamCity] ICL Auto-Commit BIOS ID update CI

2019-08-13 08:00:54 -0700
Original commit date: 2019-08-13 08:00:54 -0700
Original commit hash: c300f42ea04587276df56a68bae54ec2f78af1ef

-------------------------------------------------------------------------------- 
[Changed Files]
IceLakePlatSamplePkg/Tools/GenBiosId/BiosId.env

================================================================================ 
Commit: f11bb854added221f18389ecd84fb287e1f55342 
Author: ClientSysFWGit <clientsysfwgit@intel.com> 
Date: 2019-08-28 13:52:10 -0700 
-------------------------------------------------------------------------------- 
Title: [1607614934] IFWI ICL_U/Y_D1D0 : PROD : World Facing/ primary Camera is not working with the latest IFWI

Resolution:  Revert Commit ID: 2f1854b565e495d2ece2d4926ef3633bf104fa7a
             It will cause primary camera issue.

Hsd-es-id: 1607614934
Original commit date: 2019-08-13 18:29:52 +0800
Change-Id: I36c219c109b1225dd23f320a1114c13b71417076
Original commit hash: 587cd6838b0697087e3c630ce444bbb8652422fd

-------------------------------------------------------------------------------- 
[Changed Files]
IceLakePlatSamplePkg/Board/Include/OtherBoardConfigPatchTable.h
IceLakePlatSamplePkg/Board/Others/DxeBoardInitLib/BoardInitLib.c
IceLakePlatSamplePkg/Board/Others/PeiBoardInitLib/BoardInitPreMemLib.c
IceLakePlatSamplePkg/Setup/SaSetup.hfr
IceLakePlatSamplePkg/Setup/SaSetup.uni

================================================================================ 
Commit: c02ff0144b6402a49600cc531cbd6df5450d158a 
Author: ClientSysFWGit <clientsysfwgit@intel.com> 
Date: 2019-08-28 13:52:09 -0700 
-------------------------------------------------------------------------------- 
[TeamCity] ICL Auto-Commit BIOS ID update CI

2019-08-12 20:24:22 -0700
Original commit date: 2019-08-12 20:24:22 -0700
Original commit hash: 144736ab75f8bde241e727179f2f53465f81b1da

-------------------------------------------------------------------------------- 
[Changed Files]
IceLakePlatSamplePkg/Tools/GenBiosId/BiosId.env

================================================================================ 
Commit: 396e041b6d2f78c15f047dcf3fb79e3373d7ae2d 
Author: ClientSysFWGit <clientsysfwgit@intel.com> 
Date: 2019-08-28 13:52:08 -0700 
-------------------------------------------------------------------------------- 
[TeamCity] ICL Auto-Commit WeeklyUpdate_FSP/RC version CI Increment FSP Revision Number and reset FSP Build Number to 1

2019-08-12 20:15:53 -0700
Original commit date: 2019-08-12 20:15:53 -0700
Original commit hash: 25cc3c160eef0ed179b4199573f0d50411eeefbd

-------------------------------------------------------------------------------- 
[Changed Files]
IceLakeFspPkg/IceLakeFspPkg.dec
IceLakeSiliconPkg/SiPkg.dec

================================================================================ 
Commit: 77d3cb44ef2100ad991dfd9d5c255bbdbdbd9c42 
Author: ClientSysFWGit <clientsysfwgit@intel.com> 
Date: 2019-08-28 13:52:07 -0700 
-------------------------------------------------------------------------------- 
[TeamCity] ICL Auto-Commit DailyUpdate_FSP/RC version CI Increment FSP Revision Number and reset FSP Build Number to 1

2019-08-12 20:04:54 -0700
Original commit date: 2019-08-12 20:04:54 -0700
Original commit hash: 9a9f88e129298cdcb175337ccbb238ead39a709d

-------------------------------------------------------------------------------- 
[Changed Files]
IceLakeFspPkg/IceLakeFspPkg.dec
IceLakeSiliconPkg/SiPkg.dec

================================================================================ 
Commit: a78302aa716d7f3928b6675afc1c52367d77e4cc 
Author: ClientSysFWGit <clientsysfwgit@intel.com> 
Date: 2019-08-28 13:52:05 -0700 
-------------------------------------------------------------------------------- 
[TeamCity] ICL Auto-Commit BIOS ID update CI

2019-08-11 20:23:27 -0700
Original commit date: 2019-08-11 20:23:27 -0700
Original commit hash: ff7723c03d3afe9db93d17200a8b8e7680d15638

-------------------------------------------------------------------------------- 
[Changed Files]
IceLakePlatSamplePkg/Tools/GenBiosId/BiosId.env

================================================================================ 
Commit: 0bd0a1a4295cca8eb8d30b0168797b7f8fe6dc1c 
Author: ClientSysFWGit <clientsysfwgit@intel.com> 
Date: 2019-08-28 13:52:03 -0700 
-------------------------------------------------------------------------------- 
[TeamCity] ICL Auto-Commit DailyUpdate_FSP/RC version CI Increment FSP Revision Number and reset FSP Build Number to 1

2019-08-11 20:07:22 -0700
Original commit date: 2019-08-11 20:07:22 -0700
Original commit hash: 1c3151603b8635866e8d03780c84eb30132bbdab

-------------------------------------------------------------------------------- 
[Changed Files]
IceLakeFspPkg/IceLakeFspPkg.dec
IceLakeSiliconPkg/SiPkg.dec

================================================================================ 
Commit: 92196c0672e37e9aebac465a66d90a5291fb2a58 
Author: ClientSysFWGit <clientsysfwgit@intel.com> 
Date: 2019-08-28 13:52:02 -0700 
-------------------------------------------------------------------------------- 
[TeamCity] ICL Auto-Commit BIOS ID update CI

2019-08-10 20:23:17 -0700
Original commit date: 2019-08-10 20:23:17 -0700
Original commit hash: 84a0d5607abee53fef67135196489bd8cf495d5d

-------------------------------------------------------------------------------- 
[Changed Files]
IceLakePlatSamplePkg/Tools/GenBiosId/BiosId.env

================================================================================ 
Commit: 44a28d9eb73fe9d58224ff38ce225bb7d4461b9d 
Author: ClientSysFWGit <clientsysfwgit@intel.com> 
Date: 2019-08-28 13:52:01 -0700 
-------------------------------------------------------------------------------- 
[TeamCity] ICL Auto-Commit DailyUpdate_FSP/RC version CI Increment FSP Revision Number and reset FSP Build Number to 1

2019-08-10 20:07:25 -0700
Original commit date: 2019-08-10 20:07:25 -0700
Original commit hash: 3941fdb7a22f3410f4f1726ef0e4b11f878ddbe0

-------------------------------------------------------------------------------- 
[Changed Files]
IceLakeFspPkg/IceLakeFspPkg.dec
IceLakeSiliconPkg/SiPkg.dec

================================================================================ 
Commit: 2e41211fa3616c550c4751bfa5751034938bb7e7 
Author: ClientSysFWGit <clientsysfwgit@intel.com> 
Date: 2019-08-28 13:52:00 -0700 
-------------------------------------------------------------------------------- 
ClientCommonPkg/Override: Addendum to SecurityPkg for RPCO-0095

The dynamic PCD PcdCRBIdleByPass defaults to 0xFF at build time, and it should
be synced with TPM hardware capabilities at runtime. The current ICL override is
missing the functions to properly read and sync the CrbIdleBypass capability.

When such capability is reported by the TPM hardware, BIOS should directly
transition from CMD completion to CMD ready state. Due to this misconfiguration
when the TPM hardware does report CrbIdleBypass capability, BIOS is still
polling for the PTP_CRB_CONTROL_AREA_STATUS_TPM_IDLE bit when it should not,
causing random timeouts.

Ported the missing functions from EDK Tpm2DeviceLib.

Hsd-es-id: 1607279031
Original commit date: 2019-08-09 01:21:19 -0700
Change-Id: I4d588c283232f7d3455f24d9a0f94ba03f4a097d
Original commit hash: a8e5ab3a0a54c7910601f518606240aa789b5730

-------------------------------------------------------------------------------- 
[Changed Files]
ClientCommonPkg/Override/SecurityPkg/Library/Tpm2DeviceLibDTpm/Tpm2DeviceLibDTpm.c
ClientCommonPkg/Override/SecurityPkg/Library/Tpm2DeviceLibDTpm/Tpm2InstanceLibDTpm.c
ClientCommonPkg/Override/SecurityPkg/Library/Tpm2DeviceLibDTpm/Tpm2Ptp.c

================================================================================ 
Commit: b6820382d3eea6d0a5f5d3619fbe0aea13587683 
Author: ClientSysFWGit <clientsysfwgit@intel.com> 
Date: 2019-08-28 13:51:58 -0700 
-------------------------------------------------------------------------------- 
[TeamCity] ICL Auto-Commit BIOS ID update CI

2019-08-09 20:24:12 -0700
Original commit date: 2019-08-09 20:24:12 -0700
Original commit hash: 631a236d77dcf2ff2f704dce90986d4823be7b62

-------------------------------------------------------------------------------- 
[Changed Files]
IceLakePlatSamplePkg/Tools/GenBiosId/BiosId.env

================================================================================ 
Commit: 99220aee8832ce27edccfc9a738f2a81984fa5d5 
Author: ClientSysFWGit <clientsysfwgit@intel.com> 
Date: 2019-08-28 13:51:57 -0700 
-------------------------------------------------------------------------------- 
[TeamCity] ICL Auto-Commit DailyUpdate_FSP/RC version CI Increment FSP Revision Number and reset FSP Build Number to 1

2019-08-09 20:08:17 -0700
Original commit date: 2019-08-09 20:08:17 -0700
Original commit hash: bfdde73637ba2afdad5d9958eb7992ef09782591

-------------------------------------------------------------------------------- 
[Changed Files]
IceLakeFspPkg/IceLakeFspPkg.dec
IceLakeSiliconPkg/SiPkg.dec

================================================================================ 
Commit: 548c9e3e9c5bd0564a0425e1c73c7c5ee061ee5f 
Author: ClientSysFWGit <clientsysfwgit@intel.com> 
Date: 2019-08-28 13:51:56 -0700 
-------------------------------------------------------------------------------- 
Cpu policy default code accessing FixedAtBuild microcode address

Removing the microcode patch address load default from SiliconPkg and moving it to PlatformPkg.

Hsd-es-id: 1507044671
Original commit date: 2019-04-15 16:42:09 -0700
Change-Id: I961876bc018356ba5a3ac78116bad00c71ac40df
Original commit hash: befa40f80ed993476f56cc7a88f6724d0d77abf5

-------------------------------------------------------------------------------- 
[Changed Files]
IceLakePlatSamplePkg/Library/PeiPolicyUpdateLib/PeiCpuPolicyUpdate.c
IceLakePlatSamplePkg/Library/PeiPolicyUpdateLib/PeiCpuPolicyUpdate.h
IceLakePlatSamplePkg/Library/PeiPolicyUpdateLib/PeiPolicyUpdateLib.inf
IceLakePlatSamplePkg/Library/PeiPolicyUpdateLib/PeiPolicyUpdateLibFsp.inf
IceLakeSiliconPkg/Cpu/Library/PeiCpuPolicyLib/PeiCpuPolicyLib.c
IceLakeSiliconPkg/Cpu/Library/PeiCpuPolicyLib/PeiCpuPolicyLib.inf
IceLakeSiliconPkg/Cpu/Library/PeiCpuPolicyLib/PeiCpuPolicyLibrary.h

================================================================================ 
Commit: 42496a0611da25143cca293b63531e6801bba209 
Author: ClientSysFWGit <clientsysfwgit@intel.com> 
Date: 2019-08-28 13:51:55 -0700 
-------------------------------------------------------------------------------- 
SoundWire DSDT information is incorrect.

Remove PRP0001.
Remove sublinks.

Hsd-es-id: 1409330797
Original commit date: 2019-05-30 15:39:27 +0200
Change-Id: I8f3b5d98831b0b8dfa3f1be3cfc5b4714a8ea423
Original commit hash: 8a052e7536fb34f8b0c423a0dd6c2cac5a8aaa1c

-------------------------------------------------------------------------------- 
[Changed Files]
IceLakePlatSamplePkg/Acpi/AcpiTables/Dsdt/HdaSoundWireCodec.asl
IceLakeSiliconPkg/Pch/AcpiTables/Dsdt/PchHdaSoundWireCtrl.asl

================================================================================ 
Commit: 079395739750b46ab7614f9e41059b0225a82393 
Author: ClientSysFWGit <clientsysfwgit@intel.com> 
Date: 2019-08-28 13:51:53 -0700 
-------------------------------------------------------------------------------- 
_WAK method miss PCI-E hotplug check

BIOS should follow the spec check PCI-X/PCI and PCI-E OSC bits for Clear Hot Plug SCI Status bit

Hsd-es-id: 1507317631
Original commit date: 2019-07-26 15:57:32 +0800
Change-Id: Ib89436041993a0d9b065d3e3cdb8ff9a6c503b4c
Original commit hash: c5eb3d1202a0d7907b8a274531b10ae2f7385315

-------------------------------------------------------------------------------- 
[Changed Files]
IceLakeOpenBoardPkg/Acpi/BoardAcpiDxe/Dsdt/Platform.asl
IceLakePlatSamplePkg/Acpi/AcpiTables/Dsdt/Platform.asl

================================================================================ 
Commit: 80e42e80754248a599ad0aee16a120b5ee682259 
Author: ClientSysFWGit <clientsysfwgit@intel.com> 
Date: 2019-08-28 13:51:52 -0700 
-------------------------------------------------------------------------------- 
[Capsule update] Take customer feedback - phase 1

1. FmpDeviceGetVersionString uses unnecessary stack memory (CHAR16 [100]).
   ->Allocate memory directly without using stack.
2. FmpDeviceSetImage() calls FmpDeviceCheckImage() unnecessarily since FmpDxe API SetTheImage() has called FmpDeviceCheckImage() before invoking FmpDeviceSetImage().
   ->Remove FmpDeviceCheckImage() in FmpDeviceSetImage()
3. FmpCheckTheImage (FmpDeviceLibMe) has "ToDo: CheckMeFwImage".
   -> Remove this and add zero size check. Rest of the ME image check will be done by FwUpdateLib before updating ME FW.
4. ASSERT is used in error path without RELEASE mode solution:
  -> Return error in RELEASE mode
5. DisplaySendMeFwStatus is using Print() to write message to screen when progress function invalid.  Please don't as this leads to including PrintLib and more dependencies.
  -> Remove Print() in PlatformFlashAccessLib

Hsd-es-id: 1507193101
Original commit date: 2019-07-10 15:49:27 +0800
Change-Id: I6ee36ab33a1a890e448336d62cfa3c5bf35b9156
Original commit hash: 43aca073071ccf8e36effbc57769f5396ae3cf7c

-------------------------------------------------------------------------------- 
[Changed Files]
IceLakePlatSamplePkg/Features/CapsuleUpdate/Library/FmpDeviceLibBios/FmpDeviceLib.c
IceLakePlatSamplePkg/Features/CapsuleUpdate/Library/FmpDeviceLibEc/FmpDeviceLib.c
IceLakePlatSamplePkg/Features/CapsuleUpdate/Library/FmpDeviceLibIshPdt/FmpDeviceLib.c
IceLakePlatSamplePkg/Features/CapsuleUpdate/Library/FmpDeviceLibMe/FmpDeviceLib.c
IceLakePlatSamplePkg/Features/CapsuleUpdate/Library/FmpDeviceLibMonolithic/FmpDeviceLib.c
IceLakePlatSamplePkg/Features/CapsuleUpdate/Library/FmpDeviceLibTbtRetimer/FmpDeviceLib.c
IceLakePlatSamplePkg/Features/CapsuleUpdate/Library/FmpDeviceLibTcI2cRetimer/FmpDeviceLib.c
IceLakePlatSamplePkg/Features/CapsuleUpdate/Library/PlatformFlashAccessLib/PlatformFlashAccessLib.c

================================================================================ 
Commit: ee05c62332ebbf0a12af1e30de56113d33253c87 
Author: ClientSysFWGit <clientsysfwgit@intel.com> 
Date: 2019-08-28 13:51:51 -0700 
-------------------------------------------------------------------------------- 
ICL [ICP-PCH] New ICL Platform VR POR file WW3219

Added PM support for ICL-YN 2+2 9W platform

Hsd-es-id: 1409771215

Original commit date: 2019-08-06 11:48:23 -0700
Change-Id: I5f3e43bac219ff5be5df236e15099ef643e0541f
Original commit hash: 986d118c4e747b1054c999514cf56ccb2a432066

-------------------------------------------------------------------------------- 
[Changed Files]
IceLakeSiliconPkg/Cpu/Include/CpuPowerMgmt.h
IceLakeSiliconPkg/Cpu/Library/PeiDxeSmmCpuPlatformLib/CpuPlatformLibrary.c
IceLakeSiliconPkg/Cpu/Library/Private/PeiCpuInitLib/CpuInitPreResetCpl.c
IceLakeSiliconPkg/Cpu/Library/Private/PeiCpuPowerMgmtLib/PowerLimits.c

================================================================================ 
Commit: db5ad11631b7d5a992fc41fab5d2df57fce4fc1e 
Author: ClientSysFWGit <clientsysfwgit@intel.com> 
Date: 2019-08-28 13:51:49 -0700 
-------------------------------------------------------------------------------- 
[TeamCity] ICL Auto-Commit BIOS ID update CI

2019-08-08 20:23:53 -0700
Original commit date: 2019-08-08 20:23:53 -0700
Original commit hash: a6d171ead3a3cc18bd94c77264e50a266e12a98e

-------------------------------------------------------------------------------- 
[Changed Files]
IceLakePlatSamplePkg/Tools/GenBiosId/BiosId.env

================================================================================ 
Commit: 4efec022ea4267c5c852f4d5220443033af6f2bf 
Author: ClientSysFWGit <clientsysfwgit@intel.com> 
Date: 2019-08-28 13:51:48 -0700 
-------------------------------------------------------------------------------- 
[TeamCity] ICL Auto-Commit DailyUpdate_FSP/RC version CI Increment FSP Revision Number and reset FSP Build Number to 1

2019-08-08 20:08:35 -0700
Original commit date: 2019-08-08 20:08:35 -0700
Original commit hash: 950d5a98c7588394c2344fa736bebf8e6de1283b

-------------------------------------------------------------------------------- 
[Changed Files]
IceLakeFspPkg/IceLakeFspPkg.dec
IceLakeSiliconPkg/SiPkg.dec

================================================================================ 
Commit: fc45a31ee9d41b1c025f2b3f5ebcc231ac6799a9 
Author: ClientSysFWGit <clientsysfwgit@intel.com> 
Date: 2019-08-28 13:51:47 -0700 
-------------------------------------------------------------------------------- 
[TeamCity] ICL Auto-Commit BIOS ID update CI

2019-08-07 20:19:41 -0700
Original commit date: 2019-08-07 20:19:41 -0700
Original commit hash: 694ed8b0378d99b56647aa5b06bc9231c21438bf

-------------------------------------------------------------------------------- 
[Changed Files]
IceLakePlatSamplePkg/Tools/GenBiosId/BiosId.env

================================================================================ 
Commit: e29b2595af8b87c621cecbddeaa92b125499a984 
Author: ClientSysFWGit <clientsysfwgit@intel.com> 
Date: 2019-08-28 13:51:46 -0700 
-------------------------------------------------------------------------------- 
[TeamCity] ICL Auto-Commit DailyUpdate_FSP/RC version CI Increment FSP Revision Number and reset FSP Build Number to 1

2019-08-07 20:07:18 -0700
Original commit date: 2019-08-07 20:07:18 -0700
Original commit hash: 8a6bbc0e7f6067f7f5b1c42a4b61695e5fd7e1f3

-------------------------------------------------------------------------------- 
[Changed Files]
IceLakeFspPkg/IceLakeFspPkg.dec
IceLakeSiliconPkg/SiPkg.dec

================================================================================ 
Commit: 0e0f9b752c60c6b5d9068b9aa98bfd4924f8f752 
Author: ClientSysFWGit <clientsysfwgit@intel.com> 
Date: 2019-08-28 13:51:45 -0700 
-------------------------------------------------------------------------------- 
[TeamCity] ICL Auto-Commit BIOS ID update CI

2019-08-07 07:41:22 -0700
Original commit date: 2019-08-07 07:41:22 -0700
Original commit hash: e44c48c76ebb1e137f4fbace8b6ec252f069555c

-------------------------------------------------------------------------------- 
[Changed Files]
IceLakePlatSamplePkg/Tools/GenBiosId/BiosId.env

================================================================================ 
Commit: 964260a9bc9c6f843476b54431008f20ce8eee2f 
Author: ClientSysFWGit <clientsysfwgit@intel.com> 
Date: 2019-08-28 13:51:44 -0700 
-------------------------------------------------------------------------------- 
[ICL-YN/UN/U42/Y42][D2][PM][TCSS][Production] System is unable to hit C10  in S0/CS frequently with TBT (Tapex)

Use DLLSC similar to pdc to identify a true PDC change
PDC =1 and dllsc =1 -> hotplug
PDC =1 and dllsc =0 -> No hotplug

Hsd-es-id: 1607447453
Original commit date: 2019-08-06 16:15:30 +0800
Change-Id: I8fc1557552f64ce3ce36067317f62a531497df1a
Original commit hash: b602a049edeb5acfed01f81efa3b47e71a5b093d

-------------------------------------------------------------------------------- 
[Changed Files]
IceLakeSiliconPkg/SystemAgent/AcpiTables/TcssSsdt/TcssItbtPcieRp.asl

================================================================================ 
Commit: 210ba49df6216e4af74e8eed5b12a26352dc8e2d 
Author: ClientSysFWGit <clientsysfwgit@intel.com> 
Date: 2019-08-28 13:51:43 -0700 
-------------------------------------------------------------------------------- 
[TeamCity] ICL Auto-Commit BIOS ID update CI

2019-08-06 20:23:05 -0700
Original commit date: 2019-08-06 20:23:05 -0700
Original commit hash: 820f6d8c40358d28a2eb21c3f69a2973e13637b3

-------------------------------------------------------------------------------- 
[Changed Files]
IceLakePlatSamplePkg/Tools/GenBiosId/BiosId.env

================================================================================ 
Commit: ec2f4159a988fc8bdc6ec2c321994a958022a1f2 
Author: ClientSysFWGit <clientsysfwgit@intel.com> 
Date: 2019-08-28 13:51:42 -0700 
-------------------------------------------------------------------------------- 
[TeamCity] ICL Auto-Commit DailyUpdate_FSP/RC version CI Increment FSP Revision Number and reset FSP Build Number to 1

2019-08-06 20:07:52 -0700
Original commit date: 2019-08-06 20:07:52 -0700
Original commit hash: d8099ba2367a543fe11afb29608f69b7ea57e29e

-------------------------------------------------------------------------------- 
[Changed Files]
IceLakeFspPkg/IceLakeFspPkg.dec
IceLakeSiliconPkg/SiPkg.dec

================================================================================ 
Commit: 5bf72a3b351d265762696e59e7580e6390a409d5 
Author: ClientSysFWGit <clientsysfwgit@intel.com> 
Date: 2019-08-28 13:51:41 -0700 
-------------------------------------------------------------------------------- 
[ICL] Review TraceHubDebugLib inf file under FSP package

Remove BpCommonPkg dependency on IceLakeFspPkg

Hsd-es-id: 1507229463
Original commit date: 2019-05-29 13:26:53 +0800
Change-Id: If3415c17693ead28ae00b278fb0dc4b65359e96f
Original commit hash: ecfa3b7e887a02cb1e80fde79bffdb325d83ed81

-------------------------------------------------------------------------------- 
[Changed Files]
IceLakeFspPkg/Include/Library/TraceHubDebugLib.h
IceLakeFspPkg/Library/TraceHubDebugLibNull/TraceHubDebugLibNull.inf
IceLakeFspPkg/Library/TraceHubDebugLibSvenTx/BaseTraceHubDebugLibSvenTx.inf
IceLakeFspPkg/Library/TraceHubDebugLibSvenTx/DxeTraceHubDebugLibSvenTx.inf
IceLakeFspPkg/Library/TraceHubDebugLibSvenTx/PatchHowTo.txt
IceLakeFspPkg/Library/TraceHubDebugLibSvenTx/PeiTraceHubDebugLibSvenTx.inf
IceLakeFspPkg/Library/TraceHubHookLibNull/TraceHubHookLibNull.inf

================================================================================ 
Commit: 7c86b00fc36220993684a28b9b78afa8e27d60c4 
Author: ClientSysFWGit <clientsysfwgit@intel.com> 
Date: 2019-08-28 13:51:39 -0700 
-------------------------------------------------------------------------------- 
[ICL] Bluetooth: iLE stack Cleanup

Handling Proper Stack Cleanup In case of Device Error or
RF-KIll.
(cherry picked from commit da575551b6d20abdf0b9b218b7cee1daf790fbba)

Hsd-es-id: 1606848594
Original commit date: 2019-07-12 11:34:13 +0800
Change-Id: I5dcc4f5f27171c9e3576141fad27d069236ed3bc
Original commit hash: 9a7dd5d64df174ee39770483a5c9f134caaf072a

-------------------------------------------------------------------------------- 
[Changed Files]
BpCommonPkg/Bluetooth/BluetoothBusDxe/iLE/core/inc/hci_host.h
BpCommonPkg/Bluetooth/BluetoothBusDxe/iLE/core/inc/smp.h
BpCommonPkg/Bluetooth/BluetoothBusDxe/iLE/core/src/gap.c
BpCommonPkg/Bluetooth/BluetoothBusDxe/iLE/core/src/hci.c
BpCommonPkg/Bluetooth/BluetoothBusDxe/iLE/core/src/smp.c
BpCommonPkg/Bluetooth/BluetoothBusDxe/iLE/ifc/inc/device_struct.h
BpCommonPkg/Bluetooth/BluetoothBusDxe/iLE/ifc/src/interface.c
BpCommonPkg/Bluetooth/BluetoothBusDxe/iLE/mgr/inc/profile_mgr.h
BpCommonPkg/Bluetooth/BluetoothBusDxe/iLE/mgr/src/device_mgr.c
BpCommonPkg/Bluetooth/BluetoothBusDxe/iLE/mgr/src/profile_mgr.c
BpCommonPkg/Bluetooth/BluetoothBusDxe/iLE/mgr/src/smp_mgr.c

================================================================================ 
Commit: 7b9e185937f48d5336e75055379199d06bffacd9 
Author: ClientSysFWGit <clientsysfwgit@intel.com> 
Date: 2019-08-28 13:51:37 -0700 
-------------------------------------------------------------------------------- 
NHLT: Devtype for PDM should be 00 due to specification

Update NHLT.

Hsd-es-id: 1808092481
Original commit date: 2019-07-23 12:42:48 +0200
Change-Id: I510751d3a35294ffe4014e3fbac4efd64caf3213
Original commit hash: 8e5db0e54f491c10463292248bf6f40cbbe15192

-------------------------------------------------------------------------------- 
[Changed Files]
IceLakePlatSamplePkg/Library/DxeInstallNhltTableLib/NhltEndpoints.c
IceLakeSiliconPkg/Include/DxeHdaNhlt.h

================================================================================ 
Commit: 022a9760a598ab35c6895922e38463c1b50799bd 
Author: ClientSysFWGit <clientsysfwgit@intel.com> 
Date: 2019-08-28 13:51:36 -0700 
-------------------------------------------------------------------------------- 
Potential BIOS Guard bypass via CpuSetup variable

Move BiosGuard setup option form CpuSetup to SetupData scope
Set BiosGuard  setup option as Restricted

Hsd-es-id: 1409272845
Original commit date: 2019-07-30 22:11:42 -0700
Change-Id: Ib426707aa7a381ba16194742a504ce766d3e7715
Original commit hash: b2475591f8ea78db62ac0e23d4da65c17bdf624e

-------------------------------------------------------------------------------- 
[Changed Files]
IceLakePlatSamplePkg/Include/SetupVariable.h
IceLakePlatSamplePkg/Library/PeiPolicyUpdateLib/PeiCpuPolicyUpdatePreMem.c
IceLakePlatSamplePkg/Library/PeiPolicyUpdateLib/PeiPolicyUpdateLib.inf
IceLakePlatSamplePkg/Library/PeiPolicyUpdateLib/PeiPolicyUpdateLibFsp.inf
IceLakePlatSamplePkg/Setup/CpuSetup.c
IceLakePlatSamplePkg/Setup/CpuSetup.hfr
IceLakePlatSamplePkg/Setup/PchSetup.hfr
IceLakePlatSamplePkg/Setup/PlatformSetup.c

================================================================================ 
Commit: 423bb787ce3fc62c67fb857824ee04fca18a27d4 
Author: ClientSysFWGit <clientsysfwgit@intel.com> 
Date: 2019-08-28 13:51:34 -0700 
-------------------------------------------------------------------------------- 
BIOS Guide Updates v17 Programs (rev 18)

Changed LTR parameters for ICP-N
Disabled NDE messaging for all ICL PCHs

Hsd-es-id: 1409747493
Original commit date: 2019-08-01 10:30:52 +0200
Change-Id: I08c6349647e9ec9f2becd12664450c6f53e2bf5a
Original commit hash: 5fb7a7362dea23f0b844e9c78675ce92440e3835

-------------------------------------------------------------------------------- 
[Changed Files]
IceLakeSiliconPkg/Library/Private/PeiUsbInitLib/XhciInit.c

================================================================================ 
Commit: 7992ed4ca2a2dbd411d74981c2222c25587db4a6 
Author: ClientSysFWGit <clientsysfwgit@intel.com> 
Date: 2019-08-28 13:51:32 -0700 
-------------------------------------------------------------------------------- 
[TeamCity] ICL Auto-Commit WeeklyUpdate_FSP/RC version CI Increment FSP Revision Number and reset FSP Build Number to 1

2019-08-05 20:26:05 -0700
Original commit date: 2019-08-05 20:26:05 -0700
Original commit hash: 394848aaa158fd3657ed7404b66f5affeb7ad14d

-------------------------------------------------------------------------------- 
[Changed Files]
IceLakeFspPkg/IceLakeFspPkg.dec
IceLakeSiliconPkg/SiPkg.dec

================================================================================ 
Commit: 03355a97640daf696c46449b0273d36ce912f441 
Author: ClientSysFWGit <clientsysfwgit@intel.com> 
Date: 2019-08-28 13:51:31 -0700 
-------------------------------------------------------------------------------- 
[TeamCity] ICL Auto-Commit BIOS ID update CI

2019-08-05 20:18:21 -0700
Original commit date: 2019-08-05 20:18:21 -0700
Original commit hash: 5e648d5e80d9728883a6e4c6f0c79d30152902fd

-------------------------------------------------------------------------------- 
[Changed Files]
IceLakePlatSamplePkg/Tools/GenBiosId/BiosId.env

================================================================================ 
Commit: 935ddbe9455102535042217d10e1f8f51fcfa605 
Author: ClientSysFWGit <clientsysfwgit@intel.com> 
Date: 2019-08-28 13:51:30 -0700 
-------------------------------------------------------------------------------- 
[TeamCity] ICL Auto-Commit DailyUpdate_FSP/RC version CI Increment FSP Revision Number and reset FSP Build Number to 1

2019-08-05 20:08:04 -0700
Original commit date: 2019-08-05 20:08:04 -0700
Original commit hash: 5ac1f9cf664e5df6fe9e77730e3874656d565018

-------------------------------------------------------------------------------- 
[Changed Files]
IceLakeFspPkg/IceLakeFspPkg.dec
IceLakeSiliconPkg/SiPkg.dec

================================================================================ 
Commit: 3eb967da62a6280eb7089c2a3ae303cdfb28ccd3 
Author: ClientSysFWGit <clientsysfwgit@intel.com> 
Date: 2019-08-28 13:51:29 -0700 
-------------------------------------------------------------------------------- 
ICL_BIOS[Y/YN/UN/U][Regression] : Blank display is observed in BIOS Page after setting PSMI Support Enabled

Hsd-es-id: 1607207140
Original commit date: 2019-08-04 20:27:03 -0700
Change-Id: I6f1380e5e0e42a995304459518405cb7379edda9
Original commit hash: 521ebd18c1e781c7e5f50ca5971a199720e960ac

-------------------------------------------------------------------------------- 
[Changed Files]
IceLakeSiliconPkg/SystemAgent/SaInit/Dxe/VTd.c

================================================================================ 
Commit: 28b19f888f6eb9d6a2e62e3ac5e80fe30057f186 
Author: ClientSysFWGit <clientsysfwgit@intel.com> 
Date: 2019-08-28 13:51:28 -0700 
-------------------------------------------------------------------------------- 
[ICL-UN42/YN42[B4/D1][Debug & Trace]0b4d postcode hung observed while restart via USB3DBC with NPK traces

Move DbC setting before MSE enabling.

Hsd-es-id: 1507127799
Original commit date: 2019-04-05 17:26:11 +0800
Change-Id: Idbe1b15a079fd4a14d01e6841a39d72988e57d7f
Original commit hash: ef9207102179f4b0b2c98733b19b3e36ca8af1fa

-------------------------------------------------------------------------------- 
[Changed Files]
IceLakeSiliconPkg/Pch/Library/Private/PeiPchTraceHubLib/PeiPchTraceHubLibPreMem.c

================================================================================ 
Commit: fef36a71c8ea3210e6425b9f18589c5195a41b19 
Author: ClientSysFWGit <clientsysfwgit@intel.com> 
Date: 2019-08-28 13:51:27 -0700 
-------------------------------------------------------------------------------- 
ICL-YN [BIOS] [Regression]: Enable/ Disable External_V1P05/Vnn_RAIL_Sx/S0ix Configuration, correspond to register 0xFE0011B8 [4:0]  & [12:8] always showing '1'

Need to initialize the UPD/Config block to 0 before updating it with the setup option values

Hsd-es-id: 1607545027
Original commit date: 2019-07-30 09:02:10 -0700
Change-Id: I8f88551493bb1b258929f0bd825e34f627883119
Original commit hash: 7463dd3e27a42625656dc3247c24dde5fbb8fa3b

-------------------------------------------------------------------------------- 
[Changed Files]
IceLakePlatSamplePkg/Library/PeiPolicyUpdateLib/PeiPchPolicyUpdate.c

================================================================================ 
Commit: 957ede13ee13448e460d345637763ae90a82a73e 
Author: ClientSysFWGit <clientsysfwgit@intel.com> 
Date: 2019-08-28 13:51:26 -0700 
-------------------------------------------------------------------------------- 
[ICL-U42-D1][Y42 D2 Pre production][19H1][Audio][SNDW]Microphone Array is not enumerating in Recording devices under Sound option after fresh OS Installation.

Revert "I2S audio codec appears when Audio Link Mode is set to HD Audio Link"
This reverts commit 8615d66791afa3942c518bff2067df2ce1f46ce5.

Hsd-es-id: 1607484359
Original commit date: 2019-07-31 08:07:26 -0700
Change-Id: I67c3a155a7bafe295ba53d3bfd9aa3b7eafec238
Original commit hash: 4b7f2b3f46a4b66d6948643acb2aa9be67880117

-------------------------------------------------------------------------------- 
[Changed Files]
IceLakePlatSamplePkg/Acpi/AcpiTables/AcpiPlatform/Dxe/AcpiPlatform.c
IceLakePlatSamplePkg/Setup/PchSetup.hfr

================================================================================ 
Commit: 1e46ad49b8da6a5e5523f2e98b5a36d4b1a87b6e 
Author: ClientSysFWGit <clientsysfwgit@intel.com> 
Date: 2019-08-28 13:51:24 -0700 
-------------------------------------------------------------------------------- 
[ICL][TCSS] Missing RMRR ACPI table report for CPU xHCI and xDCI

Add CPU XHCI and XDCI to RMRR ACPI table

Hsd-es-id: 2207616200
Original commit date: 2019-07-09 18:20:48 -0700
Change-Id: Ibbf5277af4a8e9d6b42daeb96788f0cc2aa6e3d9
Original commit hash: 90f580c47f652435f41bb29e6bd97a38b277b606

-------------------------------------------------------------------------------- 
[Changed Files]
IceLakeSiliconPkg/SystemAgent/AcpiTables/Dmar/Dmar.aslc
IceLakeSiliconPkg/SystemAgent/Include/DmaRemappingTable.h
IceLakeSiliconPkg/SystemAgent/SaInit/Dxe/VTd.c

================================================================================ 
Commit: 35748be0d3246b4f849257d8c3b5fe9dc3b45bf8 
Author: ClientSysFWGit <clientsysfwgit@intel.com> 
Date: 2019-08-28 13:51:23 -0700 
-------------------------------------------------------------------------------- 
IceLakePlatSamplePkg: BIOS always read constant value from EC through port 62

Check GPE0 bit14 for lid status change.
Only query EC while the status got changed, otherwise return saved PCD.
This BIOS change needs EC to support wake# virtual wire from index4 based on lid status.

Hsd-es-id: 1607308093
Original commit date: 2019-07-19 13:06:33 +0800
Change-Id: Id353ccd0c21268ffef027675da943ab92e073753
Original commit hash: 0bee847d3ff8df3ee02e3ad21a05a4405f401c71

-------------------------------------------------------------------------------- 
[Changed Files]
IceLakePlatSamplePkg/PlatformInit/PolicyInitDxe/GopPolicyInitDxe.c
IceLakePlatSamplePkg/PlatformInit/PolicyInitDxe/PolicyInitDxe.inf
IceLakePlatSamplePkg/PlatformPkg.dec

================================================================================ 
Commit: ec6b3eb54a095c7389fbb17d52fb50635bb0f8e5 
Author: ClientSysFWGit <clientsysfwgit@intel.com> 
Date: 2019-08-28 13:51:22 -0700 
-------------------------------------------------------------------------------- 
Title: [1409704606] [ICL][PPV]New camera sensor OV13858 is not supported for ICLY PV

Resolution: Add new camera OV13858 support for ICLY

Hsd-es-id: 1409704606
Original commit date: 2019-07-30 18:29:57 +0800
Change-Id: Ideb53723e92cd90d9920b1bc38350e6e2edcabd2
Original commit hash: 2f1854b565e495d2ece2d4926ef3633bf104fa7a

-------------------------------------------------------------------------------- 
[Changed Files]
IceLakePlatSamplePkg/Board/Include/OtherBoardConfigPatchTable.h
IceLakePlatSamplePkg/Board/Others/DxeBoardInitLib/BoardInitLib.c
IceLakePlatSamplePkg/Board/Others/PeiBoardInitLib/BoardInitPreMemLib.c
IceLakePlatSamplePkg/Setup/SaSetup.hfr
IceLakePlatSamplePkg/Setup/SaSetup.uni

================================================================================ 
Commit: b3a743106f5e5ca618325c4c50f7e77300ab41fc 
Author: ClientSysFWGit <clientsysfwgit@intel.com> 
Date: 2019-08-28 13:51:20 -0700 
-------------------------------------------------------------------------------- 
[TeamCity] ICL Auto-Commit BIOS ID update CI

2019-08-03 20:23:00 -0700
Original commit date: 2019-08-03 20:23:00 -0700
Original commit hash: 0d2a7d2a398a3a0950e2bebb7c5b99aff9fcedd8

-------------------------------------------------------------------------------- 
[Changed Files]
IceLakePlatSamplePkg/Tools/GenBiosId/BiosId.env

================================================================================ 
Commit: 7f616d93f3c14a7bc79970ff69cf6de23be4b7a2 
Author: ClientSysFWGit <clientsysfwgit@intel.com> 
Date: 2019-08-28 13:51:19 -0700 
-------------------------------------------------------------------------------- 
[TeamCity] ICL Auto-Commit DailyUpdate_FSP/RC version CI Increment FSP Revision Number and reset FSP Build Number to 1

2019-08-03 20:08:42 -0700
Original commit date: 2019-08-03 20:08:42 -0700
Original commit hash: 1302ecaa72d4f0f66a803324825ea750f193afc3

-------------------------------------------------------------------------------- 
[Changed Files]
IceLakeFspPkg/IceLakeFspPkg.dec
IceLakeSiliconPkg/SiPkg.dec

================================================================================ 
Commit: 26ce897ee47b61fac6128078fb014b83c0e4d023 
Author: ClientSysFWGit <clientsysfwgit@intel.com> 
Date: 2019-08-28 13:51:18 -0700 
-------------------------------------------------------------------------------- 
[TeamCity] ICL Auto-Commit BIOS ID update CI

2019-08-02 20:23:49 -0700
Original commit date: 2019-08-02 20:23:49 -0700
Original commit hash: 8bd50ebd73482419264850c2d64d25e58f890090

-------------------------------------------------------------------------------- 
[Changed Files]
IceLakePlatSamplePkg/Tools/GenBiosId/BiosId.env

================================================================================ 
Commit: 2e4f1d1c5c84a3316a0c2ea859e09a71fc287e86 
Author: ClientSysFWGit <clientsysfwgit@intel.com> 
Date: 2019-08-28 13:51:17 -0700 
-------------------------------------------------------------------------------- 
[TeamCity] ICL Auto-Commit DailyUpdate_FSP/RC version CI Increment FSP Revision Number and reset FSP Build Number to 1

2019-08-02 20:03:44 -0700
Original commit date: 2019-08-02 20:03:44 -0700
Original commit hash: 0b9463b7bc40296aac68b0b1c20de8d14c3cde3a

-------------------------------------------------------------------------------- 
[Changed Files]
IceLakeFspPkg/IceLakeFspPkg.dec
IceLakeSiliconPkg/SiPkg.dec

================================================================================ 
Commit: ef2435a1b2be37d188dba074a03f2f8ead9acc82 
Author: ClientSysFWGit <clientsysfwgit@intel.com> 
Date: 2019-08-28 13:50:21 -0700 
-------------------------------------------------------------------------------- 
[TeamCity] ICL Auto-Commit BIOS ID update CI
Original commit date: 2019-08-02 12:51:16 -0700
Original commit hash: f84078813951eabf3265d2eb54ccf37b72f52f90

-------------------------------------------------------------------------------- 
[Changed Files]
ClientCommonPkg/Docs/ClientCommonPkgApi.chm
ClientCommonPkg/Docs/ClientCommonPkgApi.pdf
ClientCommonPkg/Override/IntelFrameworkModulePkg/Csm/LegacyBiosDxe/IA32/InterruptTable.S
ClientCommonPkg/Override/IntelFrameworkModulePkg/Csm/LegacyBiosDxe/X64/InterruptTable.S
ClientSiliconPkg/Docs/ClientSiliconPkg.chm
ClientSiliconPkg/Docs/ClientSiliconPkg.pdf
CryptoPkg/CryptoPkg.dsc
CryptoPkg/Library/Include/openssl/opensslconf.h
CryptoPkg/Library/OpensslLib/OpenSSL-HOWTO.txt
CryptoPkg/Library/OpensslLib/OpensslLib.inf
CryptoPkg/Library/OpensslLib/OpensslLibCrypto.inf
IceLakeFspBinPkg/Docs/IceLake_FSP_Integration_Guide.chm
IceLakeFspBinPkg/Docs/IceLake_FSP_Integration_Guide.pdf
IceLakeFspPkg/IceLakeFspPkg.dsc
IceLakePlatSamplePkg/Acpi/AcpiTables/Dsdt/ALS.ASL
IceLakePlatSamplePkg/Acpi/AcpiTables/Dsdt/DSDT.ASL
IceLakePlatSamplePkg/Acpi/AcpiTables/Dsdt/LPC_DEV.ASL
IceLakePlatSamplePkg/Acpi/AcpiTables/Dsdt/PCIEDOCK.ASL
IceLakePlatSamplePkg/Acpi/AcpiTables/Dsdt/PCI_DRC.ASL
IceLakePlatSamplePkg/Acpi/AcpiTables/Dsdt/Sio/H8S2113_SIO.ASL
IceLakePlatSamplePkg/Acpi/AcpiTables/Dsdt/Sio/NAT_COM.ASL
IceLakePlatSamplePkg/Acpi/AcpiTables/Dsdt/Sio/NAT_LPT.ASL
IceLakePlatSamplePkg/Acpi/AcpiTables/Dsdt/Sio/NAT_SIO.ASL
IceLakePlatSamplePkg/Acpi/AcpiTables/Dsdt/Sio/NCT6776F_COM.ASL
IceLakePlatSamplePkg/Acpi/AcpiTables/Dsdt/Sio/NCT6776F_HWMON.ASL
IceLakePlatSamplePkg/Acpi/AcpiTables/Dsdt/Sio/NCT6776F_SIO.ASL
IceLakePlatSamplePkg/Acpi/AcpiTables/Dsdt/Sio/WPCN381U_LPT.ASL
IceLakePlatSamplePkg/Acpi/AcpiTables/SsdtRvp/THERMAL.ASL
IceLakePlatSamplePkg/Acpi/AcpiTables/SsdtSds/ThermalSds.ASL
IceLakePlatSamplePkg/Docs/PlatApi.chm
IceLakePlatSamplePkg/EC/Asl/EC.ASL
IceLakePlatSamplePkg/Features/UiApp/BootMngr/BootManagerVfr.Vfr
IceLakePlatSamplePkg/Features/UiApp/DeviceMngr/DeviceManagerVfr.Vfr
IceLakePlatSamplePkg/Features/UiApp/DeviceMngr/DriverHealthVfr.Vfr
IceLakePlatSamplePkg/Features/UiApp/FrontPageVfr.Vfr
IceLakePlatSamplePkg/FspWrapper/Library/SecFspWrapperPlatformSecLib/Ia32/PeiCoreEntry.S
IceLakePlatSamplePkg/FspWrapper/Library/SecFspWrapperPlatformSecLib/Ia32/SecEntry.S
IceLakePlatSamplePkg/FspWrapper/Library/SecFspWrapperPlatformSecLib/Ia32/Stack.S
IceLakePlatSamplePkg/Override/BaseTools/Conf/build_rule.template_Catalog
IceLakePlatSamplePkg/Override/DoxygenRpOverride.md
IceLakePlatSamplePkg/PlatformPkg.dsc
IceLakePlatSamplePkg/PlatformPkg.fdf
IceLakePlatSamplePkg/Tools/GenVcxproj/EDK.gitignore
IceLakeSiliconPkg/Cpu/Library/PeiDxeTxtLib/Ia32/TxtPeiLib.S
IceLakeSiliconPkg/Docs/SiPkgApi.chm
IceLakeSiliconPkg/Library/BaseCacheAsRamLib/Ia32/Cpu.S
IceLakeSiliconPkg/Pch/Library/SecPchLib/Ia32/SecPchLib.S
IceLakeSiliconPkg/SystemAgent/Library/PeiSaPolicyLib/Ia32/MrcOemPlatform.S
IceLakeSiliconPkg/SystemAgent/MemoryInit/MiniBios/CPU/UCODE/m_80_706e1_80000038.inc
IceLakeSiliconPkg/SystemAgent/MemoryInit/MiniBios/CPU/UCODE/m_80_706e3_81000008.inc
IceLakeSiliconPkg/SystemAgent/MemoryInit/MiniBios/CPU/UCODE/m_80_706e4_8000000a.inc
IceLakeSiliconPkg/SystemAgent/MemoryInit/MiniBios/CPU/UCODE/m_80_706e5_8000000a.inc
IceLakeSiliconPkg/SystemAgent/MemoryInit/MiniBios/CPU/UCODE/m_c0_706e0_80000028.inc
