================================================================================ 
Commit: 11e131a5fc548e03030b6e670f291de1eb4d05ee 
Author: ClientSysFWGit <clientsysfwgit@intel.com> 
Date: Sun Jul 5 08:46:50 2020 +0530 
-------------------------------------------------------------------------------- 
Build id update

-------------------------------------------------------------------------------- 
[Changed Files]
CometLakeSiliconPkg/SiPkg.dec

================================================================================ 
Commit: c12145db495f140ee91dca96524170888c86d3de 
Author: ClientSysFWGit <clientsysfwgit@intel.com> 
Date: Sun Jul 5 08:45:33 2020 +0530 
-------------------------------------------------------------------------------- 
BIOS ID update

-------------------------------------------------------------------------------- 
[Changed Files]
CometLakePlatSamplePkg/Tools/GenBiosId/BiosId.env

================================================================================ 
Commit: 73ee5ca1181e436b0e3b217e92c5230d9bf73a02 
Author: ClientSysFWGit <clientsysfwgit@intel.com> 
Date: Sun Jul 5 08:30:21 2020 +0530 
-------------------------------------------------------------------------------- 
Integrate RKL GOP 1039

Original commit date: Sun Jun 28 23:40:22 2020 +0530
Change-Id: Idc6f179333cc9d78035118919daa9c6bd63da10d
Original commit hash: 3793632e51d3c881940ae86fd70bcd7b11741fe0

-------------------------------------------------------------------------------- 
[Changed Files]
CometLakeFspBinPkg/SampleCode/Vbt/VbtRkl.bin
CometLakeFspBinPkg/SampleCode/Vbt/VbtRkl.json
CometLakeSiliconPkg/SystemAgent/IntelGraphicsPeim/Binaries/IntelGraphicsPeimRkl.efi
CometLakeSiliconPkg/SystemAgent/IntelGraphicsPeim/Binaries/IntelGraphicsPeimRklDebug.efi

================================================================================ 
Commit: d295414cf9a67dd81394ab18e06a62fed33fb57d 
Author: ClientSysFWGit <clientsysfwgit@intel.com> 
Date: Sun Jul 5 08:30:15 2020 +0530 
-------------------------------------------------------------------------------- 
Update for UCMX device


Hsd-es-id: N/A
Original commit date: Sat Jun 27 11:54:00 2020 -0700
Change-Id: I9fbf0d0f5ffc0662e62724603ae95bff23183b57
Original commit hash: c28adc860c8401b27fc5bec4e7b3a44f52b19694

-------------------------------------------------------------------------------- 
[Changed Files]
CometLakePlatSamplePkg/Acpi/AcpiTables/Dsdt/PciTree.asl
CometLakeSiliconPkg/Pch/Library/PeiPchPolicyLib/PeiPchPolicyLibCml.c

================================================================================ 
Commit: 0d275fdb18e802cc020773959bd9b89afaa7deb4 
Author: ClientSysFWGit <clientsysfwgit@intel.com> 
Date: Sun Jul 5 08:30:12 2020 +0530 
-------------------------------------------------------------------------------- 
Update FSP/RC versions


Original commit date: Fri Jun 26 11:07:21 2020 -0700
Change-Id: I52cf6b58be41968c4e818ddf4edf8cfc748d9fe0
Original commit hash: f8ced1ea57b7001922006b36c6cb2cc3724f711d

-------------------------------------------------------------------------------- 
[Changed Files]
CometLakeFspPkg/CometLakeFspPkg.dec
CometLakeSiliconPkg/SiPkg.dec.template

================================================================================ 
Commit: 1036ec475acd26ecff267b7b9fc5660063f1f776 
Author: ClientSysFWGit <clientsysfwgit@intel.com> 
Date: Sun Jul 5 08:30:07 2020 +0530 
-------------------------------------------------------------------------------- 
[TeamCity] RKLERB Auto-Commit FSP CI

Original commit date: Sat Jun 27 00:53:31 2020 -0700
Change-Id: I694127ab4eeb37ba0725ae39cb39095758ffbb08
Original commit hash: 068ebb267ba21ebb32b424b890ff96052262aad4

-------------------------------------------------------------------------------- 
[Changed Files]
CometLakeFspBinPkg/Fsp.bsf

================================================================================ 
Commit: c621db2307120280a6819071e304f78270460e7d 
Author: ClientSysFWGit <clientsysfwgit@intel.com> 
Date: Sun Jul 5 08:29:59 2020 +0530 
-------------------------------------------------------------------------------- 
Enable DMI Gen3 for  BIOS

DMI EQ flow related policies were part of restricted

Moved all the policies related to DMI gen2/3 from restricted to non resticted


Original commit date: Fri Jun 26 15:27:46 2020 +0530
Change-Id: I0fd87903ac07760c0168f437d4599359e79c68a7
Original commit hash: f49e0ced30c8f09d71fc4417fe57c3c671c2401c

-------------------------------------------------------------------------------- 
[Changed Files]
CometLakeFspPkg/CometLakeFspPkg.fdf
CometLakeFspPkg/Library/PeiPolicyUpdatePreMemLib/PeiSaPolicyUpdatePreMem.c
CometLakeFspPkg/Upd/FspmUpd.dsc
CometLakePlatSamplePkg/FspWrapper/Library/PeiFspPolicyInitLib/PeiFspSaPolicyInitLib.c
CometLakeSiliconPkg/SystemAgent/Include/ConfigBlock/CpuDmiPreMemConfig.h
CometLakeSiliconPkg/SystemAgent/Library/PeiSaPolicyLib/PeiSaPolicyLib.c
CometLakeSiliconPkg/SystemAgent/Library/Private/PeiCpuDmiInitLibVer2/PeiCpuDmi16.c
CometLakeSiliconPkg/SystemAgent/Library/Private/PeiSaInitLib/SaInit.c

================================================================================ 
Commit: 5d13703e343e0c76d6c07999e1e81802cb2fbbb7 
Author: ClientSysFWGit <clientsysfwgit@intel.com> 
Date: Sun Jul 5 08:29:54 2020 +0530 
-------------------------------------------------------------------------------- 
[RKLS][MRC] RxVref update in MrcSenseAmpOffsetTraining

- First MRC saves current RxVref per channel per byte in the Array VrefSaved which is from Type INT8.
Its not enough, cause 127/192*1.2 - about 800m,

Original commit date: Mon Jun 22 14:34:37 2020 +0300
Change-Id: I41ff99c3baa0e506cec9b132f877963afcad91ce
Original commit hash: ffb1f93d9649c4373d73940cf0991c7c89a2849c

-------------------------------------------------------------------------------- 
[Changed Files]
CometLakeSiliconPkg/SystemAgent/MemoryInitRkl/LibraryPrivate/PeiMemoryInitLib/Source/Include/MrcVersion.h
CometLakeSiliconPkg/SystemAgent/MemoryInitRkl/LibraryPrivate/PeiMemoryInitLib/Source/Services/MrcCrosser.c

================================================================================ 
Commit: 33a446afa3226979b6de362be82b3230b5a5cccd 
Author: ClientSysFWGit <clientsysfwgit@intel.com> 
Date: Sun Jul 5 08:29:51 2020 +0530 
-------------------------------------------------------------------------------- 
[TeamCity] RKLERB Auto-Commit BIOS ID update CI Increment BIOS Major Version () and reset Minor Version to 0

Original commit date: Thu Jun 25 06:31:36 2020 -0700
Change-Id: I8f4a8413975f09f010046966a7ae8b6cec87237c
Original commit hash: 62093fd0d50662cbf0fa5796804713ba1572bd5e

-------------------------------------------------------------------------------- 
[Changed Files]
CometLakePlatSamplePkg/Tools/GenBiosId/BiosId.env
