================================================================================ 
Commit: be4dab494e1eec5a687d465c076bc26d28e6d5e3 
Author: ClientSysFWGit <clientsysfwgit@intel.com> 
Date: Tue Jul 16 10:36:42 2024 -0700 
-------------------------------------------------------------------------------- 
Added Sipkg and Doxygen for LNL.3220.95

-------------------------------------------------------------------------------- 
[Changed Files]
Doxygen/BoardApi.chm
Doxygen/FspApi.chm
Doxygen/LunarLake_FSP_Integration_Guide.chm
Doxygen/PlatApi.chm
Doxygen/SiPkgApi.chm
LICENSE.txt
OneSiliconPkg/SiPkg.dec

================================================================================ 
Commit: 08f8c909fb384c1cc03090ad35ab65b3a1947185 
Author: ClientSysFWGit <clientsysfwgit@intel.com> 
Date: Tue Jul 16 10:15:19 2024 -0700 
-------------------------------------------------------------------------------- 
"[TeamCity] LNL LunarLake_lunarlake_program_platform_Daily Daily Updating Version/ID: LunarLake_3220_95

Hsd-es-id: N/A"
Original commit date: Tue Jul 16 00:38:37 2024 -0700
Original commit hash: 3d7ccc99d6972c2af86fe7d1ce4acaf4917bec3c

-------------------------------------------------------------------------------- 
[Changed Files]
LunarLakeBoardPkg/BiosId.env
OneSiliconPkg/Product/LunarLake/SiPkgPcdInit.dsc

================================================================================ 
Commit: af432d11de5635d8f54aeeabad251a01415e3846 
Author: ClientSysFWGit <clientsysfwgit@intel.com> 
Date: Tue Jul 16 10:15:15 2024 -0700 
-------------------------------------------------------------------------------- 
[LNL] Value of TRB_PRF_CTRL_REG4 TDWTMRK should be 0x5

[Feature Description]
Change default value of TRB_PRF_CTRL_REG4 TDWTMRK to 0x5

Package/Module:
OneSiliconPkg/IpUsb3

[Impacted Platform]
LNL.

Hsd-es-id: 13012130554
Original commit date: Mon Jul 15 20:49:59 2024 +0200
Change-Id: I34648ec23b82bb3aca395d681889821a587f7ae4
Original commit hash: 3f4ba0cddc440d105b048ead38064a973e817db1

-------------------------------------------------------------------------------- 
[Changed Files]
OneSiliconPkg/Include/Register/UsbHostRegs.h
OneSiliconPkg/IpBlock/Usb/LibraryPrivate/IpUsb3/IpUsb3CsiSpecific.c

================================================================================ 
Commit: b4fe5f173c50a9b89b89a0bb6e48fc1899d2ecac 
Author: ClientSysFWGit <clientsysfwgit@intel.com> 
Date: Tue Jul 16 10:15:11 2024 -0700 
-------------------------------------------------------------------------------- 
Revert "[LNL] Fix LunarLakeOpenBoardPkg assert in SiInitDxe"

This reverts commit 5a906d81c4d6b265f40ec43f13dc3c725c8fb7f7.

Mon Jul 15 21:33:41 2024 -0700
Original commit date: Mon Jul 15 21:33:41 2024 -0700
Original commit hash: 4ac51e21ebafe9a7503ee332e530f8b85e43fdd6

-------------------------------------------------------------------------------- 
[Changed Files]
LunarLakeOpenBoardPkg/FspWrapper/Library/PeiFspPolicyInitLib/PeiFspPolicyInitLib.inf
LunarLakeOpenBoardPkg/FspWrapper/Library/PeiFspPolicyInitLib/PeiFspSaPolicyInitLib.c
LunarLakeOpenBoardPkg/OpenBoardPkg.fdf

================================================================================ 
Commit: d266afb7f1475165bb6bab9c0381acdb0ade99ec 
Author: ClientSysFWGit <clientsysfwgit@intel.com> 
Date: Tue Jul 16 10:15:07 2024 -0700 
-------------------------------------------------------------------------------- 
[LNL] Fix LunarLakeOpenBoardPkg assert in SiInitDxe

[Issue Description]
Assert can't install Graphics, TSE, IPU SSDT AcpiTable

[Resolution]
Remove SiInitDxe.inf and Solve side effect hang logo, Disable VTD

Package/Module:
OpenBoardPkg

[Impacted Platform]
ALL

Hsd-es-id: 15016424461
Original commit date: Tue Jul 9 13:49:10 2024 +0800
Change-Id: I5dbbcb52eaa8f4612991384121b74019bc761e65
Original commit hash: 5a906d81c4d6b265f40ec43f13dc3c725c8fb7f7

-------------------------------------------------------------------------------- 
[Changed Files]
LunarLakeOpenBoardPkg/FspWrapper/Library/PeiFspPolicyInitLib/PeiFspPolicyInitLib.inf
LunarLakeOpenBoardPkg/FspWrapper/Library/PeiFspPolicyInitLib/PeiFspSaPolicyInitLib.c
LunarLakeOpenBoardPkg/OpenBoardPkg.fdf

================================================================================ 
Commit: 78d5622b2b99f629d1631f79458a9c8b87e2d289 
Author: ClientSysFWGit <clientsysfwgit@intel.com> 
Date: Tue Jul 16 10:15:03 2024 -0700 
-------------------------------------------------------------------------------- 
"[TeamCity] LNL LunarLake_lunarlake_program_platform_Daily Daily Updating Version/ID: LunarLake_3220_94

Hsd-es-id: N/A"
Original commit date: Thu Jul 11 21:11:28 2024 -0700
Original commit hash: fd74570cca1a5469184c16759c86c2c02b29f4ad

-------------------------------------------------------------------------------- 
[Changed Files]
LunarLakeBoardPkg/BiosId.env
OneSiliconPkg/Product/LunarLake/SiPkgPcdInit.dsc

================================================================================ 
Commit: c8a9a1aa107b4686ecd3e51e52df132204e9b69c 
Author: ClientSysFWGit <clientsysfwgit@intel.com> 
Date: Tue Jul 16 10:14:58 2024 -0700 
-------------------------------------------------------------------------------- 
[SOC I/O][LNL] Implement SNDW and NHLT to load default values from patchtable

[Issue Description]
The SNDW and NHLT related settings didn't load default values correctly
after executing "Load Defaults"

[Resolution]
Implement SNDW and NHLT to load default values

Package/Module:
NhltFeaturePkg
SndwDevTopologyFeaturePkg
BoardPkg
PlatSamplePkg

[Impacted Platform]
ALL

Hsd-es-id: 15016403702
Original commit date: Thu Jul 4 11:19:33 2024 +0800
Change-Id: I6d156f47ace2a07a409aa5fe1f8be854fbfd46fd
Original commit hash: 13edcd4b72f3d20a8d97dca0fac1cf75db854a56

-------------------------------------------------------------------------------- 
[Changed Files]
Features/Audio/NhltFeaturePkg/NhltFeaturePkg.dec
Features/Audio/SndwDevTopologyFeaturePkg/SndwDevTopologyFeaturePkg.dec
LunarLakeBoardPkg/BoardSupport/Features/Setup/Library/PeiSetupInitLib/PeiSetupInitLib.c
LunarLakeBoardPkg/BoardSupport/Features/Setup/Library/PeiSetupInitLib/PeiSetupInitLib.inf
LunarLakeBoardPkg/Library/DxeBoardConfigLib/DxeBoardConfigLib.c
LunarLakeBoardPkg/Library/DxeBoardConfigLib/DxeBoardConfigLib.inf
LunarLakePlatSamplePkg/Setup/HiiConfigAccess.c
LunarLakePlatSamplePkg/Setup/Setup.inf

================================================================================ 
Commit: 60993d1b77aed9ca1d18f3590712c23db80c36ec 
Author: ClientSysFWGit <clientsysfwgit@intel.com> 
Date: Tue Jul 16 10:14:50 2024 -0700 
-------------------------------------------------------------------------------- 
Update MRC Green Payload for MRC build revision 0.1.98.0

[Feature Description]
Updating MrcVersion.h and ReleaseNotes.

Package/Module:OneSiliconPkg/MemoryInit/Lnl

[Impacted Platform] All

Hsd-es-id: 22014478540
Original commit date: Thu Jul 11 19:27:22 2024 -0700
Original commit hash: ce181500d43b75291c17edca7e3656d8eebd9c76

-------------------------------------------------------------------------------- 
[Changed Files]
OneSiliconPkg/IpBlock/MemoryInit/Lnl/Blue/PeiMemoryInitLib/Source/UcManagement/MrcUcPayloadData.c

================================================================================ 
Commit: 50660d283ee9c26fa142dc06227085e49e599075 
Author: ClientSysFWGit <clientsysfwgit@intel.com> 
Date: Tue Jul 16 10:14:43 2024 -0700 
-------------------------------------------------------------------------------- 
Update MrcVersion.h and ReleaseNotes to 0.1.98.0

[Issue Description]
Need to update lunarlake_family to the most recent MRC version.

[Resolution]
Updating MrcVersion.h and ReleaseNotes

Package/Module:OneSiliconPkg/MemoryInit/Lnl

[Impacted Platform]
All

Registers impacted: None

Hsd-es-id: 14022850910
Original commit date: Thu Jul 11 17:24:50 2024 -0700
Change-Id: Ie34bd1f081c5ca68a021bb2fff7611c46d1075a4
Original commit hash: 11be8bc20e533dc78a6e80cb7d37d0d98466c5b5

-------------------------------------------------------------------------------- 
[Changed Files]
OneSiliconPkg/IpBlock/MemoryInit/Lnl/Common/Include/MrcVersion.h

================================================================================ 
Commit: 575642d90216b16c6a583ef3bce63dc330e069ab 
Author: ClientSysFWGit <clientsysfwgit@intel.com> 
Date: Tue Jul 16 10:14:28 2024 -0700 
-------------------------------------------------------------------------------- 
Update MRC Release Notes and increment MRC build revision to 0.1.97.2

[Feature Description]
Updating MrcVersion.h and ReleaseNotes.

Package/Module:OneSiliconPkg/MemoryInit/Lnl

[Impacted Platform] All

Hsd-es-id: 22014478540
Original commit date: Fri Jul 12 00:08:18 2024 +0000
Original commit hash: 759f401a76546e90939aabbbd46e5eac29f82630

-------------------------------------------------------------------------------- 
[Changed Files]
OneSiliconPkg/IpBlock/MemoryInit/Lnl/Common/Include/MrcVersion.h

================================================================================ 
Commit: e0cfbf0ab65e21a4e8cb0c52b7702a28041ee51d 
Author: ClientSysFWGit <clientsysfwgit@intel.com> 
Date: Tue Jul 16 10:14:22 2024 -0700 
-------------------------------------------------------------------------------- 
[LNL] Expand CccHalfFrequency Knob to Enable Group of SAGV Points

[Feature Description]
Created IsCccGear4Enabled in Outputs
* This will be set based on Inputs->CccHalfFrequency

Need to enable CccGear4 based on POR setting
* Currently, POR will be CccGear4 disabled

Expand the CccHalfFrequency input knob operate like this:
0 - Auto (POR setting)
1 - Disable
2 - GroupGv0 - Enable for SaGv0 only
3 - GroupGv1 - Enable for SaGv0, SaGv1
4 - GroupGv2 - Enable for SaGv0, SaGv1, SaGv2
5 - GroupGv3 - Enable for SaGv0, SaGv1, SaGv2, SaGv3

Package/Module: OneSiliconPkg/MemoryInit/Lnl

[Impacted Platform] all

Hsd-es-id: 16023929065
Original commit date: Mon Apr 22 10:12:10 2024 -0700
Change-Id: I5d5bfc9e8e74763d45f4d414c079b9cc8de49c6b
Original commit hash: 1371382b60fbbe05e7c5ff7bf42f22175116d492

-------------------------------------------------------------------------------- 
[Changed Files]
LunarLakeFspPkg/Upd/FspmUpd.dsc
LunarLakePlatSamplePkg/Setup/SaSetup.hfr
LunarLakePlatSamplePkg/Setup/SaSetup.uni
OneSiliconPkg/Include/ConfigBlock/Memory/Ver5/MemoryConfig.h
OneSiliconPkg/IpBlock/MemoryInit/Lnl/Blue/PeiMemoryInitLib/Source/Api/BlueMrcGeneral.c
OneSiliconPkg/IpBlock/MemoryInit/Lnl/Common/Include/MrcInterface.h
OneSiliconPkg/IpBlock/MemoryInit/Lnl/Common/PeiMemPolicyLib/PeiMemPolicyLib.c

================================================================================ 
Commit: c0309e1f6de81a2b1e38cf3b2c19752a7762885b 
Author: ClientSysFWGit <clientsysfwgit@intel.com> 
Date: Tue Jul 16 10:14:18 2024 -0700 
-------------------------------------------------------------------------------- 
Update MRC Release Notes and increment MRC build revision to 0.1.97.1

[Feature Description]
Updating MrcVersion.h and ReleaseNotes.

Package/Module:OneSiliconPkg/MemoryInit/Lnl

[Impacted Platform] All

Hsd-es-id: 22014478540
Original commit date: Thu Jul 11 20:38:33 2024 +0000
Original commit hash: 0783dc3ec55f07d429f30dd55cceb3ad101baeaf

-------------------------------------------------------------------------------- 
[Changed Files]
OneSiliconPkg/IpBlock/MemoryInit/Lnl/Common/Include/MrcVersion.h

================================================================================ 
Commit: eadf26c752dd4eb8e25236c55b9995ce7c427104 
Author: ClientSysFWGit <clientsysfwgit@intel.com> 
Date: Tue Jul 16 10:14:14 2024 -0700 
-------------------------------------------------------------------------------- 
[LNL] PcuThermalControl.TargetTemperature Change for memory vendor

[Feature Description]
Change default config for following CR:
DDR_THERM_CONTROL_PCU.TARGET_TEMPERATURE
For specific DRAM for specific Vendor

Package/Module: OneSiliconPkg/MemoryInit/Lnl

[Impacted Platform] All

Hsd-es-id: 13012120379
Original commit date: Thu Jul 11 11:59:46 2024 +0300
Change-Id: Ifcfd88278844cf7d5ed2e761e1d033b8c3d40147
Original commit hash: 81800df339568b6414343cc911590ac169ccbe73

-------------------------------------------------------------------------------- 
[Changed Files]
OneSiliconPkg/IpBlock/MemoryInit/Lnl/Blue/PeiMemoryInitLib/MemoryInit.c
OneSiliconPkg/IpBlock/MemoryInit/Lnl/Blue/PeiMemoryInitLib/Source/Chip/Mc/MrcMcConfiguration.c
OneSiliconPkg/IpBlock/MemoryInit/Lnl/Blue/PeiMemoryInitLib/Source/JedecLib/Lpddr5/BlueMrcLpddr5.c
OneSiliconPkg/IpBlock/MemoryInit/Lnl/Common/PeiMemoryInitLib/Source/MemoryTypes/MrcLpddr5.h

================================================================================ 
Commit: bc63b69fde0785648781aa0c99f18281e263c95a 
Author: ClientSysFWGit <clientsysfwgit@intel.com> 
Date: Tue Jul 16 10:14:10 2024 -0700 
-------------------------------------------------------------------------------- 
Update MrcVersion.h and ReleaseNotes to 0.1.97.0

[Issue Description]
Need to update lunarlake_family to the most recent MRC version.

[Resolution]
Updating MrcVersion.h and ReleaseNotes

Package/Module:OneSiliconPkg/MemoryInit/Lnl

[Impacted Platform]
All

Registers impacted: None

Hsd-es-id: 22020259184
Original commit date: Tue Jul 9 00:06:06 2024 -0700
Change-Id: Ib3b1e1f4472724a37c448c5bdc49fbf44ca6acd0
Original commit hash: d97541c10f01dca5981f1338defdfc51d61fb7c1

-------------------------------------------------------------------------------- 
[Changed Files]
OneSiliconPkg/IpBlock/MemoryInit/Lnl/Common/Include/MrcVersion.h

================================================================================ 
Commit: 3e07e2743560bacf8c92bde112aa1c88ff6e44d6 
Author: ClientSysFWGit <clientsysfwgit@intel.com> 
Date: Tue Jul 16 10:14:06 2024 -0700 
-------------------------------------------------------------------------------- 
"[TeamCity] LNL LunarLake_lunarlake_program_platform_Daily Daily Updating Version/ID: LunarLake_3220_93

Hsd-es-id: N/A"
Original commit date: Thu Jul 11 16:07:46 2024 -0700
Original commit hash: cf74dfbf704144a3cdaaff121c0099ac3b4d92af

-------------------------------------------------------------------------------- 
[Changed Files]
LunarLakeBoardPkg/BiosId.env
OneSiliconPkg/Product/LunarLake/SiPkgPcdInit.dsc

================================================================================ 
Commit: 58dd0497303cb3fe03cca4ffe9b3f34fe7e92679 
Author: ClientSysFWGit <clientsysfwgit@intel.com> 
Date: Tue Jul 16 10:14:03 2024 -0700 
-------------------------------------------------------------------------------- 
[LNL][ADK] Update the ADK's GDDV BIOS data vault

[Feature Description]
Update the new fan table to replace the old one.

Package/Module:
PlatSamplePkg

[Impacted Platform]
ADK

Hsd-es-id: 15016430874
Original commit date: Wed Jul 10 13:58:27 2024 +0800
Change-Id: Iff9ed13ef6bf1d1f2a0cf50b1fa5e1c7cf196912
Original commit hash: 13b1dbc5fa542bfd6b146dd86daa2d46f0c39686

-------------------------------------------------------------------------------- 
[Changed Files]
LunarLakePlatSamplePkg/Features/Dptf/AcpiTables/BiosDataVaultAdk.asl

================================================================================ 
Commit: dbf2d5d92bad01f6cca72f5b1719a71a3acb832c 
Author: ClientSysFWGit <clientsysfwgit@intel.com> 
Date: Tue Jul 16 10:13:59 2024 -0700 
-------------------------------------------------------------------------------- 
TCSS XHCI missed _PLD in the HS01 device object

[Issue Description]
The original issue was caused by FWTS tool.
So related code change needs to be reverted.

[Resolution]
Revert "remove unnecessary _PLD under TCSS XHCI HS01"

Package/Module:
OneSiliconPkg

[Impacted Platform]
LNL-M

Hsd-es-id: 15016387379
Original commit date: Thu Jul 4 10:49:41 2024 +0800
Change-Id: Id0dfa20810aecbd2d9e43418dfa68204f5dd8642
Original commit hash: 030f15de9e23b4a561252e692db8caac6f75e09e

-------------------------------------------------------------------------------- 
[Changed Files]
OneSiliconPkg/IpBlock/Tcss/AcpiTables/TcssSsdt/TcssXhci.asl

================================================================================ 
Commit: 0900357b40d4be122401786b60d7fc0075563e89 
Author: ClientSysFWGit <clientsysfwgit@intel.com> 
Date: Tue Jul 16 10:13:55 2024 -0700 
-------------------------------------------------------------------------------- 
Program correct default SSID SVID value.

[Issue Description]
In case of default SSID/SVID, we are skipping programming it.

[Resolution]
program correct default SSID and SVID value as well.

Package/Module: OneSiliconPkg

[Impacted Platform]
ALL

Hsd-es-id: 16024435834
Original commit date: Tue Jun 11 14:48:32 2024 +0530
Change-Id: I5133a9f179d35451a0a8eb154d2d81096afe7d51
Original commit hash: 841e20d39355febb87fe1f155345e42416926df3

-------------------------------------------------------------------------------- 
[Changed Files]
OneSiliconPkg/LibraryPrivate/PeiSiSsidLib/PeiSiSsidLib.c

================================================================================ 
Commit: fbf711c9fdffe00fd69388d8d2514093bf643608 
Author: ClientSysFWGit <clientsysfwgit@intel.com> 
Date: Tue Jul 16 10:13:50 2024 -0700 
-------------------------------------------------------------------------------- 
Clean variables

[Feature Description]
Clean variables

Package/Module:
CnvFeaturePkg

[Impacted Platform]
All

Hsd-es-id: 15016393401
Original commit date: Wed Jul 10 01:34:45 2024 -0700
Change-Id: I9a39746a1d5e794bc47411c26727e6466ab528ab
Original commit hash: 2e7a73d67ba5fe2f8f5516698d243dbce4d098ce

-------------------------------------------------------------------------------- 
[Changed Files]
Features/Connectivity/CnvFeaturePkg/CnvUefiConfigVariables/CnvUefiConfigVariablesVer2.c
Features/Connectivity/CnvFeaturePkg/CnvUefiConfigVariables/UnitTest/TestCase/CnvUefiConfigVarVer2/InstallBtDualChainMode/TestCaseInstallBtDualChainMode.c
Features/Connectivity/CnvFeaturePkg/CnvUefiConfigVariables/UnitTest/TestCase/CnvUefiConfigVarVer2/InstallBtDualChainMode/TestCaseInstallBtDualChainMode.h
Features/Connectivity/CnvFeaturePkg/CnvUefiConfigVariables/UnitTest/TestCase/CnvUefiConfigVarVer2/InstallBtDualMacMode/TestCaseInstallBtDualMacMode.c
Features/Connectivity/CnvFeaturePkg/CnvUefiConfigVariables/UnitTest/TestCase/CnvUefiConfigVarVer2/InstallBtDualMacMode/TestCaseInstallBtDualMacMode.h
Features/Connectivity/CnvFeaturePkg/CnvUefiConfigVariables/UnitTest/TestCase/CnvUefiConfigVarVer2/InstallCnvUefiVariables/TestCaseInstallCnvUefiVariablesVer2.c
Features/Connectivity/CnvFeaturePkg/Include/CnvVariablesBt.h
Features/Connectivity/CnvFeaturePkg/Include/CnvVariablesWlan.h

================================================================================ 
Commit: 62ff3389b0ba3b4e05c40e00f8b8186235710a4a 
Author: ClientSysFWGit <clientsysfwgit@intel.com> 
Date: Tue Jul 16 10:13:47 2024 -0700 
-------------------------------------------------------------------------------- 
"[TeamCity] LNL LunarLake_lunarlake_program_platform_Daily Daily Updating Version/ID: LunarLake_3220_92

Hsd-es-id: N/A"
Original commit date: Tue Jul 9 00:57:38 2024 -0700
Original commit hash: 3c27b16625282d9fc84b9a1ab1e92022ffe30ac4

-------------------------------------------------------------------------------- 
[Changed Files]
LunarLakeBoardPkg/BiosId.env
OneSiliconPkg/Product/LunarLake/SiPkgPcdInit.dsc

================================================================================ 
Commit: 90bcdd36727b9d33dfd5ab9f22af416146f562c0 
Author: ClientSysFWGit <clientsysfwgit@intel.com> 
Date: Tue Jul 16 10:13:43 2024 -0700 
-------------------------------------------------------------------------------- 
Update MRC Green Payload for MRC build revision 0.1.96.0

[Feature Description]
Updating MrcVersion.h and ReleaseNotes.

Package/Module:OneSiliconPkg/MemoryInit/Lnl

[Impacted Platform] All

Hsd-es-id: 22014478540
Original commit date: Mon Jul 8 23:32:21 2024 -0700
Original commit hash: 7cf166a71382bebaff4da03b2f4039eb0f7b3b33

-------------------------------------------------------------------------------- 
[Changed Files]
OneSiliconPkg/IpBlock/MemoryInit/Lnl/Blue/PeiMemoryInitLib/Source/UcManagement/MrcUcPayloadData.c

================================================================================ 
Commit: 3f6a1a826a118ed513640e52e1bf3541478abcbd 
Author: ClientSysFWGit <clientsysfwgit@intel.com> 
Date: Tue Jul 16 10:13:36 2024 -0700 
-------------------------------------------------------------------------------- 
Update MrcVersion.h and ReleaseNotes to 0.1.96.0

[Issue Description]
Need to update lunarlake_family to the most recent MRC version.

[Resolution]
Updating MrcVersion.h and ReleaseNotes

Package/Module:OneSiliconPkg/MemoryInit/Lnl

[Impacted Platform]
All

Registers impacted: None

Hsd-es-id: 22020259184
Original commit date: Mon Jul 8 19:24:56 2024 -0700
Change-Id: I35190a300f13f6b295ec449488e5cc6c6915eea0
Original commit hash: b5dd26d239e7f4aebd4795f89b5756b4c8ce530b

-------------------------------------------------------------------------------- 
[Changed Files]
OneSiliconPkg/IpBlock/MemoryInit/Lnl/Common/Include/MrcVersion.h

================================================================================ 
Commit: 697f912d6d44d7e150ef85d2ad8ddd0f9e52c0b2 
Author: ClientSysFWGit <clientsysfwgit@intel.com> 
Date: Tue Jul 16 10:13:32 2024 -0700 
-------------------------------------------------------------------------------- 
Update MRC Release Notes and increment MRC build revision to 0.1.95.1

[Feature Description]
Updating MrcVersion.h and ReleaseNotes.

Package/Module:OneSiliconPkg/MemoryInit/Lnl

[Impacted Platform] All

Hsd-es-id: 22014478540
Original commit date: Tue Jul 9 04:23:45 2024 +0000
Original commit hash: ffb8c6c8a6c174c4d18126acbfc7e7400bee5802

-------------------------------------------------------------------------------- 
[Changed Files]
OneSiliconPkg/IpBlock/MemoryInit/Lnl/Common/Include/MrcVersion.h

================================================================================ 
Commit: d60495f7a655fec8df1ef9a2c183651d8be3d2aa 
Author: ClientSysFWGit <clientsysfwgit@intel.com> 
Date: Tue Jul 16 10:13:28 2024 -0700 
-------------------------------------------------------------------------------- 
[LNL] Add Knob Per Vendor Per Rank

[Feature Description]
Provide a new MRC policy: PcuDdrThermControlTarget
to override the following CR: DDR_THERM_CONTROL_PCU.TARGET_TEMPERATURE
The policy is per memory vendor and 1R/2R.

Package/Module: OneSiliconPkg/MemoryInit

[Impacted Platform] All

Hsd-es-id: 13012108225
Original commit date: Mon Jul 8 15:20:04 2024 +0300
Change-Id: I94232761868562edcde1740fe0e08b2f2305e8a7
Original commit hash: 8dba5c001bc84183847f79341c69364b7556964e

-------------------------------------------------------------------------------- 
[Changed Files]
LunarLakeFspPkg/Library/PeiPolicyUpdatePreMemLib/PeiSaPolicyUpdatePreMem.c
LunarLakeFspPkg/Upd/FspmUpd.dsc
LunarLakePlatSamplePkg/Include/SetupVariable.h
LunarLakePlatSamplePkg/Library/PeiPolicyUpdateLib/PeiSaPolicyUpdatePreMem.c
LunarLakePlatSamplePkg/Setup/SaSetup.hfr
LunarLakePlatSamplePkg/Setup/SaSetup.uni
OneSiliconPkg/Include/ConfigBlock/Memory/Ver5/MemoryConfig.h
OneSiliconPkg/IpBlock/MemoryInit/Lnl/Blue/PeiMemoryInitLib/MemoryInit.c
OneSiliconPkg/IpBlock/MemoryInit/Lnl/Common/Include/MrcInterface.h

================================================================================ 
Commit: 919720bea27258fff85762f8069b5bbc22b24fa2 
Author: ClientSysFWGit <clientsysfwgit@intel.com> 
Date: Tue Jul 16 10:13:23 2024 -0700 
-------------------------------------------------------------------------------- 
[LNL-M | LP5] TXT Boot Time Improvement

[Feature Description]
Clear the scratchpad register
after TXT Clean to avoid cold boot flow
on next boot

Package/Module: OneSiliconPkg/MemoryInit/Lnl

[Impacted Platform]
All

Hsd-es-id: 14022797905
Original commit date: Mon Jul 8 09:38:37 2024 -0700
Change-Id: I319a117b7b52654adc76f6442d19311e55f0a156
Original commit hash: b504b185d53006243458a52b0fc86e178fdf6abb

-------------------------------------------------------------------------------- 
[Changed Files]
OneSiliconPkg/IpBlock/MemorySubSystem/LibraryPrivate/MemorySubSystemInitLib/MemorySubSystemInitLib.c

================================================================================ 
Commit: bf6f3198dc7fe3344927c34ba3a699d4e5332c1f 
Author: ClientSysFWGit <clientsysfwgit@intel.com> 
Date: Tue Jul 16 10:13:20 2024 -0700 
-------------------------------------------------------------------------------- 
Update MrcVersion.h and ReleaseNotes to 0.1.95.0

[Issue Description]
Need to update lunarlake_family to the most recent MRC version.

[Resolution]
Updating MrcVersion.h and ReleaseNotes

Package/Module:OneSiliconPkg/MemoryInit/Lnl

[Impacted Platform]
All

Registers impacted: None

Hsd-es-id: 22020237496
Original commit date: Mon Jul 1 13:02:20 2024 -0700
Change-Id: If4a80b7c40eede60a6bda2f3ba6488a29620ef45
Original commit hash: 89d4531ccff864e1ccf97c5abab9f7f94689c282

-------------------------------------------------------------------------------- 
[Changed Files]
OneSiliconPkg/IpBlock/MemoryInit/Lnl/Common/Include/MrcVersion.h

================================================================================ 
Commit: 0a78b9f121fd6eeb76873d6c4d564003f96b1af2 
Author: ClientSysFWGit <clientsysfwgit@intel.com> 
Date: Tue Jul 16 10:13:16 2024 -0700 
-------------------------------------------------------------------------------- 
"[TeamCity] LNL LunarLake_lunarlake_program_platform_Daily Daily Updating Version/ID: LunarLake_3220_91

Hsd-es-id: N/A"
Original commit date: Fri Jul 5 02:38:16 2024 -0700
Original commit hash: e05aaf6480879929cd570e6e0de18eb4b657d69e

-------------------------------------------------------------------------------- 
[Changed Files]
LunarLakeBoardPkg/BiosId.env
OneSiliconPkg/Product/LunarLake/SiPkgPcdInit.dsc

================================================================================ 
Commit: 89d1a8a2fbe269aa1e6e72265b9ed7b57dab5279 
Author: ClientSysFWGit <clientsysfwgit@intel.com> 
Date: Tue Jul 16 10:13:11 2024 -0700 
-------------------------------------------------------------------------------- 
[LNL][ADK] Corrected display for the ADK platform

[Issue Description]
HDMI display port not working with released BIOS

[Resolution]
Corrected display for the ADK platform

Package/Module:
BoardPkg

[Impacted Platform]
ADK

Hsd-es-id: 16024675335
Original commit date: Fri May 24 16:34:43 2024 +0800
Change-Id: I6fddf72445eb14c33d35035beb5cdcca0be9fe84
Original commit hash: 10dd06bc0d8a2a0343c3882ff60ca127383eb794

-------------------------------------------------------------------------------- 
[Changed Files]
LunarLakeBoardPkg/LunarLakeBoards/BoardVpdPcdsInit/LnlM/SkuIdLnlMxAiDevKit.dsc

================================================================================ 
Commit: 84588b8eafef074cf8fbc1348b7a81c63bc5735d 
Author: ClientSysFWGit <clientsysfwgit@intel.com> 
Date: Tue Jul 16 10:13:08 2024 -0700 
-------------------------------------------------------------------------------- 
"[TeamCity] LNL LunarLake_lunarlake_program_platform_Daily Daily Updating Version/ID: LunarLake_3220_90

Hsd-es-id: N/A"
Original commit date: Thu Jul 4 09:49:53 2024 -0700
Original commit hash: 89b857d9e31bb282c3299044346bc1097ce7d667

-------------------------------------------------------------------------------- 
[Changed Files]
LunarLakeBoardPkg/BiosId.env
OneSiliconPkg/Product/LunarLake/SiPkgPcdInit.dsc

================================================================================ 
Commit: e27c22475b50cf4bbf1817046692b89b375205ca 
Author: ClientSysFWGit <clientsysfwgit@intel.com> 
Date: Tue Jul 16 10:13:04 2024 -0700 
-------------------------------------------------------------------------------- 
[HSTI] Remove Duplicate Operation Region BGNV

[Issue Description]
Duplication of HSTI ACPI BGNV region is causing performance issues

[Resolution]
Exclude refactored HSTI ACPI code from build
when HSTI ACPI is in legacy mode

Package/Module: OneSiliconPkg/BiosGuard

[Impacted Platform]
ALL

Hsd-es-id: 15016298484
Original commit date: Tue Jul 2 14:08:18 2024 -0700
Change-Id: Iabbd3957f6f5d4a4f2495b186626912f6c48ca1d
Original commit hash: 38a4edc3aaf5b23e801050a804cce862e08fb3ef

-------------------------------------------------------------------------------- 
[Changed Files]
LunarLakeBoardPkg/BoardPkg.fdf
OneSiliconPkg/Product/LunarLake/SiPkgDxe.dsc
OneSiliconPkg/Product/LunarLake/SiPkgPcdInit.dsc

================================================================================ 
Commit: 74208f1240e072406e84fbbb9a8dcd265bfa6d3d 
Author: ClientSysFWGit <clientsysfwgit@intel.com> 
Date: Tue Jul 16 10:13:00 2024 -0700 
-------------------------------------------------------------------------------- 
[LNLM][ADK] Integrate the GDDV BIOS data vault into the ADK platform

[Feature Description]
Integrate the GDDV BIOS data vault into the ADK platform

Package/Module:
PlatSamplePkg

[Impacted Platform]
ADK

Hsd-es-id: 15016341151
Original commit date: Fri Jun 28 19:17:45 2024 +0800
Change-Id: Ia56648124a9b489a951dd820461031064aafc880
Original commit hash: f2a670e6b6116a0f74a88edf394d64730578feeb

-------------------------------------------------------------------------------- 
[Changed Files]
LunarLakePlatSamplePkg/Features/Dptf/AcpiTables/BiosDataVaultAdk.asl
LunarLakePlatSamplePkg/Features/PlatformData/Acpi/PlatformData.asl

================================================================================ 
Commit: a465bdeabff08f836d423ed420ea18a4d91c6662 
Author: ClientSysFWGit <clientsysfwgit@intel.com> 
Date: Tue Jul 16 10:12:48 2024 -0700 
-------------------------------------------------------------------------------- 
[LNLM][GCS][ADK] Customize BIOS setup menu settings defaults value

[Feature Description]
GCS:
DMIC #0 = Enabled
DMIC #1 = Enabled
Dmic Stereo = Disabled
Dmic Quad = Enabled
ADK:
DMIC #0 = Enabled
DMIC #1 = Disabled
Dmic Stereo = Enabled
Dmic Quad = Disabled
Wake on WLAN and BT Enable = Enabled
Configurable Base Power Boot Mode = Max Assured Power
Control Logic 1 = Disabled
Camera1 = Disabled
Flash Driver Selection = Disabled
THC Port Configuration(THC0) = None
THC Port Configuration(THC1) = None
ISH Controller = Disabled
Scan Matrix Keyboard Support = Disabled

Package/Module:
BoardPkg

[Impacted Platform]
GCS
ADK

Hsd-es-id: 15016341151
Original commit date: Fri May 24 15:45:23 2024 +0800
Change-Id: I4f802dba4c385002b5f754275ee96708f9a8dc37
Original commit hash: b9a6b1db9381d17174b157fbea57c7b8da7f9a22

-------------------------------------------------------------------------------- 
[Changed Files]
LunarLakeBoardPkg/BoardSupport/LunarLakeBoards/Library/BoardInitLib/Pei/PeiInitPreMemLib.c
LunarLakeBoardPkg/LunarLakeBoards/Include/LunarLakeMRvpBoardsConfigPatchTable.h
LunarLakeBoardPkg/LunarLakeBoards/Library/BoardInitLib/Dxe/DxeInitLib.c

================================================================================ 
Commit: 775fd3b1ba9575bcffc68f8a94e72fe343393dec 
Author: ClientSysFWGit <clientsysfwgit@intel.com> 
Date: Tue Jul 16 10:12:30 2024 -0700 
-------------------------------------------------------------------------------- 
Implement Nhlt variable into patch table

[Feature Description]
Implement Nhlt variable into patch table

Package/Module:
NhltFeaturePkg
BoardPkg
PlatSamplePkg

[Impacted Platform]
GCS
ADK

Hsd-es-id: 15016341151
Original commit date: Wed Jun 26 18:05:30 2024 +0800
Change-Id: I4ae0e991b92f81e33335e317c33567c8f6a6c83c
Original commit hash: e578f2e7b11d68d337d5b76b69c3395946e968d5

-------------------------------------------------------------------------------- 
[Changed Files]
Features/Audio/NhltFeaturePkg/Include/NhltEndpointsConfigurationVariable.h
LunarLakeBoardPkg/BoardSupport/LunarLakeBoards/Library/BoardInitLib/Pei/PeiMultiBoardInitPreMemLib.inf
LunarLakeBoardPkg/LunarLakeBoards/Include/LunarLakeMRvpBoardsConfigPatchTable.h
LunarLakeBoardPkg/LunarLakeBoards/Library/BoardInitLib/Dxe/DxeMultiBoardInitlib.inf
LunarLakePlatSamplePkg/Setup/Advanced.vfr

================================================================================ 
Commit: 4e8125eac61eca13d8e17fcd99ca634c384b372c 
Author: ClientSysFWGit <clientsysfwgit@intel.com> 
Date: Tue Jul 16 10:12:15 2024 -0700 
-------------------------------------------------------------------------------- 
[DC_2Star3] Fix KLOG failures

[Issue Description]
Multiple KLOG failures observed while running FWTS
application over both Secure Boot Enabled and Disabled.

[Resolution]
Fixed KLOG failures by adding Conditional reference
to RP07

Package/Module:
LunarLakeBoardPkg

[Impacted Platform]
LNL

Hsd-es-id: 16024639478
Original commit date: Wed Jul 3 23:45:17 2024 -0700
Change-Id: I7d65089fd7b890ab12bdc07452dfb371eb1e2f68
Original commit hash: 4f2e9c7c03723ac38f778ac700b348ec8978aff6

-------------------------------------------------------------------------------- 
[Changed Files]
LunarLakeBoardPkg/Acpi/AcpiTables/SsdtRtd3/LnlMRvp4SsdRtd3.asl

================================================================================ 
Commit: 6bd074a64eb5adf830a6d95005ee62e224ee1be2 
Author: ClientSysFWGit <clientsysfwgit@intel.com> 
Date: Tue Jul 16 10:12:07 2024 -0700 
-------------------------------------------------------------------------------- 
Remove unsupported SoL terminal type from SMBIOS tables.

[Issue Description]
VT100+ no longer supported from Intel CSME 14.0 and later

[Resolution]
Removed no longer supported terminal capability definition.

Package/Module:
OneSiliconPkg
LunarLakeBoardPkg

[Impacted Platform]
ALL

Hsd-es-id: 18039109520
Original commit date: Tue Jul 2 14:45:29 2024 +0200
Change-Id: I792dee38c7241c577e4949c08a6a5ee7b3df1aa3
Original commit hash: 3392221a627726e38e32e05bafb7064947dc670f

-------------------------------------------------------------------------------- 
[Changed Files]
LunarLakeBoardPkg/Features/Me/MeSmbiosUpdateConfigDxe/MeSmbiosUpdateConfig.c
OneSiliconPkg/Include/MeSmbios.h
OneSiliconPkg/IpBlock/Amt/Library/DxeAmtSupportLib/DxeAmtSupportLib.c

================================================================================ 
Commit: ee0ac87066086453fd800844a109ec214b07717f 
Author: ClientSysFWGit <clientsysfwgit@intel.com> 
Date: Tue Jul 16 10:11:47 2024 -0700 
-------------------------------------------------------------------------------- 
"[TeamCity] LNL LunarLake_lunarlake_program_platform_Daily Daily Updating Version/ID: LunarLake_3220_89

Hsd-es-id: N/A"
Original commit date: Mon Jul 1 12:53:39 2024 -0700
Original commit hash: 1b272bed29c625c0d681797126f46bf5194661f7

-------------------------------------------------------------------------------- 
[Changed Files]
Doxygen/BoardApi.chm
Doxygen/FspApi.chm
Doxygen/LunarLake_FSP_Integration_Guide.chm
Doxygen/LunarLake_FSP_Integration_Guide.pdf
Doxygen/PlatApi.chm
Doxygen/SiPkgApi.chm
LICENSE.txt
OneSiliconPkg/SiPkg.dec
