================================================================================ 
Commit: 24ed4b1e090260f89368f004fcf9df246fc5ba5f 
Author: ClientSysFWGit <clientsysfwgit@intel.com> 
Date: Thu Apr 10 20:49:20 2025 +0530 
-------------------------------------------------------------------------------- 
Added Doxygen folder and License file for ARL-H 5124_80 label.

-------------------------------------------------------------------------------- 
[Changed Files]
ClientOneSiliconPkg/IpBlock/Smbus/Smm/SmbusArpDisabled.c
ClientOneSiliconPkg/IpBlock/Smbus/Smm/SmbusEntry.c
ClientOneSiliconPkg/IpBlock/Smbus/Smm/SmbusSmm.h
ClientOneSiliconPkg/IpBlock/Smbus/Smm/SmbusSmm.inf
ClientOneSiliconPkg/IpBlock/Smbus/Smm/SmbusTraditionalMm.c
ClientOneSiliconPkg/Pch/Include/Protocol/SmmSmbus.h
ClientOneSiliconPkg/Product/MeteorLake/EarlyDevices/Readme.md
ClientOneSiliconPkg/SiPkg.dec
Doxygen/BoardApi.chm
Doxygen/FspApi.chm
Doxygen/MeteorLake_FSP_Integration_Guide.chm
Doxygen/MeteorLake_FSP_Integration_Guide.pdf
Doxygen/PlatApi.chm
Doxygen/SiPkgApi.chm
LICENSE.txt
MeteorLakeBoardPkg/CapsuleUpdateConfig/.gitignore
MeteorLakeBoardPkg/Features/CapsuleUpdate/Tools/CapsuleGenerate/Ucode/.gitignore

================================================================================ 
Commit: 2295b8914a098b4e1624aefe9329c28b4ea6e980 
Author: ClientSysFWGit <clientsysfwgit@intel.com> 
Date: Thu Apr 10 20:36:25 2025 +0530 
-------------------------------------------------------------------------------- 
"[TeamCity] MTL MeteorLake_meteorlake_program_platform_Daily Daily Updating Version/ID: MeteorLake_5124_80

Hsd-es-id: N/A"
Original commit date: Fri Mar 21 02:26:22 2025 -0700
Original commit hash: 850e16dc2593cb9fa744ad635eec197ececc5e2b

-------------------------------------------------------------------------------- 
[Changed Files]
MeteorLakeBoardPkg/BiosId.env

================================================================================ 
Commit: 42b6555e5505af0f23c030b4c8e2dc809a43ca59 
Author: ClientSysFWGit <clientsysfwgit@intel.com> 
Date: Thu Apr 10 20:36:22 2025 +0530 
-------------------------------------------------------------------------------- 
[MTL][ARL] Program Branch BIOS ID Override

[Feature Description]
ARL Program Branch BIOS ID Override

Package/Module: MeteorLakeBoardPkg

[Impacted Platform]
ARL

Hsd-es-id: N/A
Original commit date: Fri Mar 21 14:40:28 2025 +0530
Change-Id: Ifcff207907300a83831a6a717ee2407a13408582
Original commit hash: e07e62e0b58fa6501fad877cbec25e6763e8f0eb

-------------------------------------------------------------------------------- 
[Changed Files]
MeteorLakeBoardPkg/BiosId.env

================================================================================ 
Commit: af3a4eaa3f2d3e7821f71dbd1b051a017a4d01ab 
Author: ClientSysFWGit <clientsysfwgit@intel.com> 
Date: Thu Apr 10 20:36:18 2025 +0530 
-------------------------------------------------------------------------------- 
"[TeamCity] MTL MeteorLake_meteorlake_family_Daily Daily Updating Version/ID: MeteorLake_5124_00

Hsd-es-id: N/A"
Original commit date: Thu Mar 20 21:31:27 2025 -0700
Original commit hash: 3571ccb3783cfbb978fb7c25f02052d966119d7c

-------------------------------------------------------------------------------- 
[Changed Files]
ClientOneSiliconPkg/Product/MeteorLake/SiPkgPcdInit.dsc
MeteorLakeBoardPkg/BiosId.env
MeteorLakeFspPkg/FspPkgPcdInit.dsc

================================================================================ 
Commit: efad34b7ec6e5583da338d465ff581444c52a9dc 
Author: ClientSysFWGit <clientsysfwgit@intel.com> 
Date: Thu Apr 10 20:36:14 2025 +0530 
-------------------------------------------------------------------------------- 
"[TeamCity] MTL MeteorLake_meteorlake_family_Daily Daily Updating Version/ID: MeteorLake_5123_00

Hsd-es-id: N/A"
Original commit date: Wed Mar 19 21:31:23 2025 -0700
Original commit hash: 3fbb2b47264d7b45c9bafb8011378fb0b7c4f2db

-------------------------------------------------------------------------------- 
[Changed Files]
ClientOneSiliconPkg/Product/MeteorLake/SiPkgPcdInit.dsc
MeteorLakeBoardPkg/BiosId.env
MeteorLakeFspPkg/FspPkgPcdInit.dsc

================================================================================ 
Commit: 8d9ad4f9f60ad30b6c5e6cbf9f57172eef5ad4fe 
Author: ClientSysFWGit <clientsysfwgit@intel.com> 
Date: Thu Apr 10 20:36:10 2025 +0530 
-------------------------------------------------------------------------------- 
Update MRC Release Notes MTL MRC 2.0.2.0

[Feature Description]
Update MRC version.

Package/Module: ClientOneSiliconPkg/IpBlock/MemoryInit/Mtl

[Impacted Platform]
ALL

Hsd-es-id: 22014478540
Original commit date: Sat Mar 8 03:07:13 2025 -0800
Change-Id: I2484a5d9aecc8f152ae692e4f95c940282a763d2
Original commit hash: 8376d37bf320032775f237da8bd41b5c203d8026

-------------------------------------------------------------------------------- 
[Changed Files]
ClientOneSiliconPkg/IpBlock/MemoryInit/Mtl/LibraryPrivate/PeiMemoryInitLib/Source/Include/MrcVersion.h

================================================================================ 
Commit: 7251f0b0e1cd514510813edb13917af63aef059e 
Author: ClientSysFWGit <clientsysfwgit@intel.com> 
Date: Thu Apr 10 20:36:06 2025 +0530 
-------------------------------------------------------------------------------- 
Update MRC Release Notes MTL MRC 2.0.1.3

[Feature Description]
Update MRC version.

Package/Module: ClientOneSiliconPkg/IpBlock/MemoryInit/Mtl

[Impacted Platform]
ALL

Hsd-es-id: 22014478540
Original commit date: Sat Mar 8 03:04:05 2025 -0800
Change-Id: I16758c7d9cd927fd3f65fdbac13e37ede618fc70
Original commit hash: a77f78524b757564ff297d36a849503adddf8150

-------------------------------------------------------------------------------- 
[Changed Files]
ClientOneSiliconPkg/IpBlock/MemoryInit/Mtl/LibraryPrivate/PeiMemoryInitLib/Source/Include/MrcVersion.h

================================================================================ 
Commit: 9afe1694b6c51cf85ab952bd7bfc7a236f393027 
Author: ClientSysFWGit <clientsysfwgit@intel.com> 
Date: Thu Apr 10 20:36:03 2025 +0530 
-------------------------------------------------------------------------------- 
[ARL | LP5 DDR5] Detect  RefPi4xOver FSM value '0' and apply averaging..

[Feature Description]
1) MRC must check for RefPi4Xover FSM partition with zero values.
2) MRC must recover and replace the RefPi4Xover FSM zero values detected
   with the average of mirrored partitions.

Package/Module: ClientOneSiliconPkg/IpBlock/MemoryInit/Mtl

[Impacted Platform]
ALL

Hsd-es-id: 14024591076
Original commit date: Fri Feb 7 18:00:40 2025 -0800
Change-Id: I591ed4ccc2fc989e8a6b555b97d102a068b8a827
Original commit hash: 7d23d74f3767123bec4bb6bfba66a0520045fad6

-------------------------------------------------------------------------------- 
[Changed Files]
ClientOneSiliconPkg/IpBlock/MemoryInit/Mtl/Include/MrcTypes.h
ClientOneSiliconPkg/IpBlock/MemoryInit/Mtl/LibraryPrivate/PeiMemoryInitLib/Source/Chip/DdrIo/MrcDdrIoApi.h
ClientOneSiliconPkg/IpBlock/MemoryInit/Mtl/LibraryPrivate/PeiMemoryInitLib/Source/Chip/DdrIo/MrcDdrIoConfig.c
ClientOneSiliconPkg/IpBlock/MemoryInit/Mtl/LibraryPrivate/PeiMemoryInitLib/Source/Chip/DdrIo/MrcDdrIoConfigPrivate.h

================================================================================ 
Commit: 41fe180ad178b33317a28e43a77376ea8ff09378 
Author: ClientSysFWGit <clientsysfwgit@intel.com> 
Date: Thu Apr 10 20:35:59 2025 +0530 
-------------------------------------------------------------------------------- 
Update MRC Release Notes MTL MRC 2.0.1.2

[Feature Description]
Update MRC version.

Package/Module: ClientOneSiliconPkg/IpBlock/MemoryInit/Mtl

[Impacted Platform]
ALL

Hsd-es-id: 22014478540
Original commit date: Sat Mar 8 03:01:19 2025 -0800
Change-Id: Iaed2419647752699e44223c3af4d0cb6bbf18b1d
Original commit hash: d005c765c0aaf95a42deeec28d0cbb40b9af8f2b

-------------------------------------------------------------------------------- 
[Changed Files]
ClientOneSiliconPkg/IpBlock/MemoryInit/Mtl/LibraryPrivate/PeiMemoryInitLib/Source/Include/MrcVersion.h

================================================================================ 
Commit: 5fd3fbdd4b28009678a111c2e56f84b17fc18242 
Author: ClientSysFWGit <clientsysfwgit@intel.com> 
Date: Thu Apr 10 20:35:55 2025 +0530 
-------------------------------------------------------------------------------- 
[ARL | DDR5 LP5] PM_ADAPTIVE_CKE_MAX_PDWN_IDLE_COUNTER incorrectly...

[Issue Description]
The "Absolute DataRate" max bandwidth is incorrectly calculated and
trickles down to the PDIT ( max power down idle timer).
However, when overriding the SAGV table results through BIOS Input
parameters the "Absolute DataRate" max bandwidth is correctly calculated
in pre SPD training stage.

[Resolution]
MRC passing in local FreqMax reference to MrcSaGVMaxBandwidth
function, so this function has the reference of FreqMax value when
swepping through SAGV WPs to find the correct Absolute DataRate and set
the IsHighBandwidthGvPoint flag correctly in order to set the correct
CKE_PDWN_IDLE_COUNTER Min and Max per SAGV.

Package/Module: ClientOneSiliconPkg/IpBlock/MemoryInit/Mtl

[Impacted Platform]
ALL

Hsd-es-id: 22020995792
Original commit date: Wed Jan 15 22:40:04 2025 -0800
Change-Id: Ib6640c41a60a933880a31f815c12e1f790573557
Original commit hash: 911e2ba22d41ff3625a443cae7b40d430f0faa02

-------------------------------------------------------------------------------- 
[Changed Files]
ClientOneSiliconPkg/IpBlock/MemoryInit/Mtl/LibraryPrivate/PeiMemoryInitLib/Source/Chip/Pma/MrcPmaApi.c
ClientOneSiliconPkg/IpBlock/MemoryInit/Mtl/LibraryPrivate/PeiMemoryInitLib/Source/Chip/Pma/MrcPmaApi.h

================================================================================ 
Commit: 6f3f9a289cc3fc0a287cf1f70b6fd1ac7ddd8a19 
Author: ClientSysFWGit <clientsysfwgit@intel.com> 
Date: Thu Apr 10 20:35:52 2025 +0530 
-------------------------------------------------------------------------------- 
Update MRC Release Notes MTL MRC 2.0.1.1

[Feature Description]
Update MRC version.

Package/Module: ClientOneSiliconPkg/IpBlock/MemoryInit/Mtl

[Impacted Platform]
ALL

Hsd-es-id: 22014478540
Original commit date: Sat Mar 8 02:58:51 2025 -0800
Change-Id: Id41a83af8cba4d8a3fc67e007213fa0bd98e1915
Original commit hash: bd8d42530ffe84199f36d70541fbabe403318409

-------------------------------------------------------------------------------- 
[Changed Files]
ClientOneSiliconPkg/IpBlock/MemoryInit/Mtl/LibraryPrivate/PeiMemoryInitLib/Source/Include/MrcVersion.h

================================================================================ 
Commit: 5d2ba05aa9cfed96c6926adb7f84083676cdfe40 
Author: ClientSysFWGit <clientsysfwgit@intel.com> 
Date: Thu Apr 10 20:35:48 2025 +0530 
-------------------------------------------------------------------------------- 
[ARL H/U | DDR5] Disable DDRIO PHY LP Mode 0.5 at DDR5 6400g4

[Feature Description]
1) MRC must set MC_CR_SPID_LOW_POWER_CTL.idle_enable = 0 to Disable
   MC LpMode0.5 for DDR5 6400 Gear4 before saving the register state
   for functional mode.

Package/Module: ClientOneSiliconPkg/IpBlock/MemoryInit/Mtl

[Impacted Platform]
ALL

Hsd-es-id: 22020995790
Original commit date: Wed Feb 19 01:22:34 2025 -0800
Change-Id: Ic07ace8def939b7e3c838f6184703c58cce412de
Original commit hash: 7fa5338023ea956699bd6410e0033ec1399afc4c

-------------------------------------------------------------------------------- 
[Changed Files]
ClientOneSiliconPkg/IpBlock/MemoryInit/Mtl/LibraryPrivate/PeiMemoryInitLib/Source/Chip/Mc/MrcMcConfiguration.c

================================================================================ 
Commit: 53fc0545bb9564837664a4421818dccb5c7bcecc 
Author: ClientSysFWGit <clientsysfwgit@intel.com> 
Date: Thu Apr 10 20:35:44 2025 +0530 
-------------------------------------------------------------------------------- 
Update MRC Release Notes MTL MRC 2.0.1.0

[Feature Description]
Update MRC version.

Package/Module: ClientOneSiliconPkg/IpBlock/MemoryInit/Mtl

[Impacted Platform]
ALL

Hsd-es-id: 22014478540
Original commit date: Sat Mar 8 02:41:58 2025 -0800
Change-Id: I0327be8aa7466d464d47151901f82242ad9e5863
Original commit hash: 1883f247902537b77e6f68cbc6dfa73706b9009d

-------------------------------------------------------------------------------- 
[Changed Files]
ClientOneSiliconPkg/IpBlock/MemoryInit/Mtl/LibraryPrivate/PeiMemoryInitLib/Source/Include/MrcVersion.h

================================================================================ 
Commit: 5aba8cef40d0b4c3704c263ff6c09b6d2fac4f3e 
Author: ClientSysFWGit <clientsysfwgit@intel.com> 
Date: Thu Apr 10 20:35:40 2025 +0530 
-------------------------------------------------------------------------------- 
Update MRC Release Notes MTL MRC 2.0.0.7

[Feature Description]
Update MRC version.

Package/Module: ClientOneSiliconPkg/IpBlock/MemoryInit/Mtl

[Impacted Platform]
ALL

Hsd-es-id: 22014478540
Original commit date: Sat Mar 8 02:36:21 2025 -0800
Change-Id: I4d440931dd71423dcc1b0fb7edc6caa9d2187b2f
Original commit hash: 75afe1f6fa9fd98ebc2d42b9cdd9fe1dc2ebc7c4

-------------------------------------------------------------------------------- 
[Changed Files]
ClientOneSiliconPkg/IpBlock/MemoryInit/Mtl/LibraryPrivate/PeiMemoryInitLib/Source/Include/MrcVersion.h

================================================================================ 
Commit: ffc4f21ee3bd6c409459ce51f29951ee278fcabf 
Author: ClientSysFWGit <clientsysfwgit@intel.com> 
Date: Thu Apr 10 20:35:37 2025 +0530 
-------------------------------------------------------------------------------- 
[ARL | DDR5] Memory fail on Write Leveling training Saturation Error

[Feature Description]
1) MRC must Remove the memory vendor restriction on
   WR leveling saturation option for MinLimit -= 2.
2) MRC must keep using the current Bios knob to enable the bios option,
   no change to the default value of the knob = disabled.

Package/Module: ClientOneSiliconPkg/IpBlock/MemoryInit/Mtl

[Impacted Platform]
ALL

Hsd-es-id: 22020970855
Original commit date: Fri Feb 28 14:01:38 2025 -0800
Change-Id: I5c2d28f6c816ab82120ec37af27106eeda3a8839
Original commit hash: 78f673479a4f6d59d893a129b6461fb50a7e9b6a

-------------------------------------------------------------------------------- 
[Changed Files]
ClientOneSiliconPkg/IpBlock/MemoryInit/Mtl/Include/MrcInterface.h
ClientOneSiliconPkg/IpBlock/MemoryInit/Mtl/LibraryPrivate/PeiMemoryInitLib/Source/Chip/DdrIo/MrcDdrIoApi.c
ClientOneSiliconPkg/IpBlock/MemoryInit/Mtl/LibraryPrivate/PeiMemoryInitLib/Source/SpdProcessing/MrcSpdProcessing.c
ClientOneSiliconPkg/IpBlock/MemoryInit/Mtl/LibraryPrivate/PeiMemoryInitLib/Source/WriteTraining/MrcWriteLeveling.c

================================================================================ 
Commit: e980014bc834f3e5aedcd8f8b3fd99dee1a27c67 
Author: ClientSysFWGit <clientsysfwgit@intel.com> 
Date: Thu Apr 10 20:35:33 2025 +0530 
-------------------------------------------------------------------------------- 
Update MRC Release Notes MTL MRC 2.0.0.6

[Feature Description]
Update MRC version.

Package/Module: ClientOneSiliconPkg/IpBlock/MemoryInit/Mtl

[Impacted Platform]
ALL

Hsd-es-id: 22014478540
Original commit date: Sat Mar 8 02:30:31 2025 -0800
Change-Id: I9328600e66c9f8093fbba6753823686931b887bc
Original commit hash: f5bf1001c68b1c1fc15c8292b758cf1df19b84c6

-------------------------------------------------------------------------------- 
[Changed Files]
ClientOneSiliconPkg/IpBlock/MemoryInit/Mtl/LibraryPrivate/PeiMemoryInitLib/Source/Include/MrcVersion.h

================================================================================ 
Commit: 7cba222caae169b2f6a9d5cf08702bb0e8117352 
Author: ClientSysFWGit <clientsysfwgit@intel.com> 
Date: Thu Apr 10 20:35:29 2025 +0530 
-------------------------------------------------------------------------------- 
[ARL-U/H | DDR5] Vendor 16Gb 2R 5600 P-die & E-die SODIMM

[Feature Description]
MRC must apply the following settings for Dual-Rank specific vendor:
1. RdOdt set to 60
2. RttPark set to 48
3. RttParkDqs set to 34
4. DQS CTLE (DqsEqLegs) set to 11
5. Dfe Tap override to:
   Tap0: 9, Tap1: 3, Tap2: 2
6. Increase tRW_sg/dg by 2tCK

Package/Module: ClientOneSiliconPkg/IpBlock/MemoryInit/Mtl

[Impacted Platform]
U, H

Hsd-es-id: 22020961410
Original commit date: Wed Feb 26 12:20:56 2025 -0800
Change-Id: Ieeb05d97a9ad2f215baeac4a0f100ecb191e241f
Original commit hash: b5ae2165208d7c1298426c3267044f390f203aa7

-------------------------------------------------------------------------------- 
[Changed Files]
ClientOneSiliconPkg/IpBlock/MemoryInit/Mtl/Include/MrcInterface.h
ClientOneSiliconPkg/IpBlock/MemoryInit/Mtl/LibraryPrivate/PeiMemoryInitLib/Source/Api/MrcGeneral.c
ClientOneSiliconPkg/IpBlock/MemoryInit/Mtl/LibraryPrivate/PeiMemoryInitLib/Source/Chip/DdrIo/MrcDdrIoConfig.c
ClientOneSiliconPkg/IpBlock/MemoryInit/Mtl/LibraryPrivate/PeiMemoryInitLib/Source/MemoryTypes/MrcDdr5.c
ClientOneSiliconPkg/IpBlock/MemoryInit/Mtl/LibraryPrivate/PeiMemoryInitLib/Source/Services/MrcTurnAround.c
ClientOneSiliconPkg/IpBlock/MemoryInit/Mtl/LibraryPrivate/PeiMemoryInitLib/Source/SpdProcessing/MrcSpdProcessing.c

================================================================================ 
Commit: 7880023e309aa4a8b647de9d7ee6407eb8195811 
Author: ClientSysFWGit <clientsysfwgit@intel.com> 
Date: Thu Apr 10 20:35:25 2025 +0530 
-------------------------------------------------------------------------------- 
Update MRC Release Notes MTL MRC 2.0.0.5

[Feature Description]
Update MRC version.

Package/Module: ClientOneSiliconPkg/IpBlock/MemoryInit/Mtl

[Impacted Platform]
ALL

Hsd-es-id: 22014478540
Original commit date: Sat Mar 8 02:30:01 2025 -0800
Change-Id: I4f38ab76d2318e1b69d34941cfe7d9c7dcad1f19
Original commit hash: 886ecadbb70a763cd32c53de1aeeffc0088f30d8

-------------------------------------------------------------------------------- 
[Changed Files]
ClientOneSiliconPkg/IpBlock/MemoryInit/Mtl/LibraryPrivate/PeiMemoryInitLib/Source/Include/MrcVersion.h

================================================================================ 
Commit: 3849c1c80db3728b5ca450da9f1619fad33069d7 
Author: ClientSysFWGit <clientsysfwgit@intel.com> 
Date: Thu Apr 10 20:35:21 2025 +0530 
-------------------------------------------------------------------------------- 
[ARL] PHCLK DCC Algo update

[Feature Description]
Original PHCLK DCC Algo resulted in clock phases alignment issues
for 8400 freq

Package/Module: ClientOneSiliconPkg/IpBlock/MemoryInit/Mtl

[Impacted Platform]
ALL

Hsd-es-id: 22020966993
Original commit date: Thu Feb 27 12:14:01 2025 -0800
Change-Id: I4faf242d310a7e99ed83941e3a63801528ef0b6c
Original commit hash: 25ce33411b8d69984b067da8361fda5a625e3c75

-------------------------------------------------------------------------------- 
[Changed Files]
ClientOneSiliconPkg/IpBlock/MemoryInit/Mtl/LibraryPrivate/PeiMemoryInitLib/Source/Chip/DdrIo/MrcDdrIoConfig.c

================================================================================ 
Commit: acfff8558e8f091d91063b531500ea3a5f753547 
Author: ClientSysFWGit <clientsysfwgit@intel.com> 
Date: Thu Apr 10 20:35:17 2025 +0530 
-------------------------------------------------------------------------------- 
"[TeamCity] MTL MeteorLake_meteorlake_family_Daily Daily Updating Version/ID: MeteorLake_5122_00

Hsd-es-id: N/A"
Original commit date: Tue Mar 18 21:32:19 2025 -0700
Original commit hash: 7fbbbd1b75cf1161901b15bbf0c239a7e4e8186a

-------------------------------------------------------------------------------- 
[Changed Files]
ClientOneSiliconPkg/Product/MeteorLake/SiPkgPcdInit.dsc
MeteorLakeBoardPkg/BiosId.env
MeteorLakeFspPkg/FspPkgPcdInit.dsc

================================================================================ 
Commit: 5fd956ce5c7e20128f4b5d01073a34b6f16d5096 
Author: ClientSysFWGit <clientsysfwgit@intel.com> 
Date: Thu Apr 10 20:35:13 2025 +0530 
-------------------------------------------------------------------------------- 
Wrong preprocessor directives in SaSetup.hfr

[Issue Description]
Wrong preprocessor directives in SaSetup.hfr

[Resolution]
Use correct preprocessor directives
in SaSetup.hfr

Package/Module: MeteorLakePlatSamplePkg

[Impacted Platform]
All

Hsd-es-id: 15017559393
Original commit date: Fri Mar 14 07:10:59 2025 -0700
Change-Id: I1e57fe2edcd9abdb64fa7ac2e233a52266caff22
Original commit hash: 458d619d1f76304b06c34ad7fe6e2b0e01eb8e33

-------------------------------------------------------------------------------- 
[Changed Files]
MeteorLakePlatSamplePkg/Setup/SaSetup.hfr

================================================================================ 
Commit: e77a6e092bd9ed696328a6040c9fa27510216113 
Author: ClientSysFWGit <clientsysfwgit@intel.com> 
Date: Thu Apr 10 20:35:10 2025 +0530 
-------------------------------------------------------------------------------- 
"[TeamCity] MTL MeteorLake_meteorlake_family_Daily Daily Updating Version/ID: MeteorLake_5121_01

Hsd-es-id: N/A"
Original commit date: Mon Mar 17 21:33:12 2025 -0700
Original commit hash: 7b6075880f4e041e0130d1fbf1abbe0f9826c210

-------------------------------------------------------------------------------- 
[Changed Files]
ClientOneSiliconPkg/Product/MeteorLake/SiPkgPcdInit.dsc
MeteorLakeBoardPkg/BiosId.env
MeteorLakeFspPkg/FspPkgPcdInit.dsc

================================================================================ 
Commit: 8858ea75be1ad1df10426543f212355a580949a9 
Author: ClientSysFWGit <clientsysfwgit@intel.com> 
Date: Thu Apr 10 20:35:06 2025 +0530 
-------------------------------------------------------------------------------- 
SyncScript: Revert override commits.

Fri Mar 21 01:21:25 2025 -0700
Original commit date: Fri Mar 21 01:21:25 2025 -0700
Original commit hash: c09d6f5a5ea8926b91c7e35de81b9230609f43ad

-------------------------------------------------------------------------------- 
[Changed Files]
MeteorLakeBoardPkg/BiosId.env

================================================================================ 
Commit: 766165c8661fdc193c25d7d1f8913d67eff97fc3 
Author: ClientSysFWGit <clientsysfwgit@intel.com> 
Date: Thu Apr 10 20:35:02 2025 +0530 
-------------------------------------------------------------------------------- 
"[TeamCity] MTL MeteorLake_meteorlake_program_platform_Daily Daily Updating Version/ID: MeteorLake_5121_80

Hsd-es-id: N/A"
Original commit date: Mon Mar 17 05:33:11 2025 -0700
Original commit hash: 113f637e872eb005324b3fcbb5e9ab4816b699ec

-------------------------------------------------------------------------------- 
[Changed Files]
MeteorLakeBoardPkg/BiosId.env

================================================================================ 
Commit: ab1eebef84ab736ccf08cc93515c8ca85152966b 
Author: ClientSysFWGit <clientsysfwgit@intel.com> 
Date: Thu Apr 10 20:34:59 2025 +0530 
-------------------------------------------------------------------------------- 
[MTL][ARL] Program Branch BIOS ID Override

[Feature Description]
ARL Program Branch BIOS ID Override

Package/Module: MeteorLakeBoardPkg

[Impacted Platform]
ARL

Hsd-es-id: N/A
Original commit date: Mon Mar 17 17:43:01 2025 +0530
Change-Id: I887572fa1d2593114d326d3b3ef196d40421274f
Original commit hash: 6611dc0c2e4f88460a6a4d50180dc54942618877

-------------------------------------------------------------------------------- 
[Changed Files]
MeteorLakeBoardPkg/BiosId.env

================================================================================ 
Commit: 319717eb0de1b0a572c9c55cbe74f96bb52d7c6b 
Author: ClientSysFWGit <clientsysfwgit@intel.com> 
Date: Thu Apr 10 20:34:55 2025 +0530 
-------------------------------------------------------------------------------- 
"[TeamCity] MTL MeteorLake_meteorlake_family_Daily Daily Updating Version/ID: MeteorLake_5121_00

Hsd-es-id: N/A"
Original commit date: Mon Mar 17 02:38:34 2025 -0700
Original commit hash: 80eb6c9e4842da91ab1d328fd4ff3f254030f9d2

-------------------------------------------------------------------------------- 
[Changed Files]
ClientOneSiliconPkg/Product/MeteorLake/SiPkgPcdInit.dsc
MeteorLakeBoardPkg/BiosId.env
MeteorLakeFspPkg/FspPkgPcdInit.dsc

================================================================================ 
Commit: 845106ca01530e5b77cdad3f628f94c8d14735df 
Author: ClientSysFWGit <clientsysfwgit@intel.com> 
Date: Thu Apr 10 20:34:51 2025 +0530 
-------------------------------------------------------------------------------- 
"[TeamCity] MTL MeteorLake_meteorlake_family_Daily Daily Updating Version/ID: MeteorLake_5120_00

Hsd-es-id: N/A"
Original commit date: Sun Mar 16 21:31:27 2025 -0700
Original commit hash: d70cca63bb258744e129d6ffa8103d0fa2220dee

-------------------------------------------------------------------------------- 
[Changed Files]
ClientOneSiliconPkg/Product/MeteorLake/SiPkgPcdInit.dsc
MeteorLakeBoardPkg/BiosId.env
MeteorLakeFspPkg/FspPkgPcdInit.dsc

================================================================================ 
Commit: bda3ac6c4467524e8b79d21e1a6ae7aab79587b5 
Author: ClientSysFWGit <clientsysfwgit@intel.com> 
Date: Thu Apr 10 20:34:47 2025 +0530 
-------------------------------------------------------------------------------- 
"[TeamCity] MTL MeteorLake_meteorlake_family_Daily Daily Updating Version/ID: MeteorLake_5116_00

Hsd-es-id: N/A"
Original commit date: Sat Mar 15 21:31:25 2025 -0700
Original commit hash: 583f4b15a0c2e7e820b4cda1a1dd220eb11abda5

-------------------------------------------------------------------------------- 
[Changed Files]
ClientOneSiliconPkg/Product/MeteorLake/SiPkgPcdInit.dsc
MeteorLakeBoardPkg/BiosId.env
MeteorLakeFspPkg/FspPkgPcdInit.dsc

================================================================================ 
Commit: 1c0d6c2a8397af82a2ec50f8a5465125a9051c21 
Author: ClientSysFWGit <clientsysfwgit@intel.com> 
Date: Thu Apr 10 20:34:43 2025 +0530 
-------------------------------------------------------------------------------- 
"[TeamCity] MTL MeteorLake_meteorlake_family_Daily Daily Updating Version/ID: MeteorLake_5115_00

Hsd-es-id: N/A"
Original commit date: Fri Mar 14 21:31:30 2025 -0700
Original commit hash: f95ebbbb1200600fb923b32aedc4aeb7be06ae59

-------------------------------------------------------------------------------- 
[Changed Files]
ClientOneSiliconPkg/Product/MeteorLake/SiPkgPcdInit.dsc
MeteorLakeBoardPkg/BiosId.env
MeteorLakeFspPkg/FspPkgPcdInit.dsc

================================================================================ 
Commit: 0916fa7228518b3ff6201821ffa4a5b7f429243d 
Author: ClientSysFWGit <clientsysfwgit@intel.com> 
Date: Thu Apr 10 20:34:40 2025 +0530 
-------------------------------------------------------------------------------- 
GetRuleData PEI uninitialized buffer fix

[Issue Description]
RuleData is defined in BIOS as 4 bytes, but it's not always
filled with data. CSME FW can respond with just 1 byte of data,
and the rest of the buffer is not touched.

Example is UserConsent flow, where BIOS should expect just
1 byte, but because it wasn't cleared before, it could contain
some garbage data and result in skipping UserConsent flow.

[Resolution]
Whole message buffer should be zeroed before using.

Package/Module:
OneSiliconPkg

[Impacted Platform]
MeteorLake, ArrowLake

Hsd-es-id: 18041757572
Original commit date: Tue Mar 11 09:32:45 2025 +0100
Change-Id: Ie021c6ad95f89b6867477f21306c83214460d722
Original commit hash: 5ae7fc122544e7bc2a33aae3fb7330cfeab7b7bc

-------------------------------------------------------------------------------- 
[Changed Files]
ClientOneSiliconPkg/IpBlock/Me/Library/PeiMeLib/HeciMsgPeiLib.c

================================================================================ 
Commit: cb726488314c072ec29c095557edd71c2c176354 
Author: ClientSysFWGit <clientsysfwgit@intel.com> 
Date: Thu Apr 10 20:34:36 2025 +0530 
-------------------------------------------------------------------------------- 
System hangs with kernel panic due to ACPI error

[Issue Description]
System hangs and "ACPI Error: Unknown opcode 0x6B6B"
is observed.

[Resolution]
Fixed missing a parameter for a method.

Package/Module: MeteorLakeBoardPkg

[Impacted Platform]
ARL-Hx

Hsd-es-id: 15016450353
Original commit date: Wed Jan 22 12:07:35 2025 +0800
Change-Id: I5a67a29f4d4f6de73725210d58680712477c559d
Original commit hash: b0a33f52f76d1d10520006785f59d438b405f205

-------------------------------------------------------------------------------- 
[Changed Files]
MeteorLakeBoardPkg/Acpi/AcpiTables/SsdtXhci/UsbPortXhciArlSbgaUDimm2Dpc.asl

================================================================================ 
Commit: 9f543e3dd263e7b52805205da75126b9a3fe50df 
Author: ClientSysFWGit <clientsysfwgit@intel.com> 
Date: Thu Apr 10 20:34:32 2025 +0530 
-------------------------------------------------------------------------------- 
"[TeamCity] MTL MeteorLake_meteorlake_family_Daily Daily Updating Version/ID: MeteorLake_5114_00

Hsd-es-id: N/A"
Original commit date: Thu Mar 13 21:31:32 2025 -0700
Original commit hash: 90dc3a22ddc615a4b58aa6deda6c825557418d93

-------------------------------------------------------------------------------- 
[Changed Files]
ClientOneSiliconPkg/Product/MeteorLake/SiPkgPcdInit.dsc
MeteorLakeBoardPkg/BiosId.env
MeteorLakeFspPkg/FspPkgPcdInit.dsc

================================================================================ 
Commit: 3da61339d9619c9351b1ec16c793533bebdc489a 
Author: ClientSysFWGit <clientsysfwgit@intel.com> 
Date: Thu Apr 10 20:34:29 2025 +0530 
-------------------------------------------------------------------------------- 
"[TeamCity] MTL MeteorLake_meteorlake_family_Daily Daily Updating Version/ID: MeteorLake_5113_00

Hsd-es-id: N/A"
Original commit date: Wed Mar 12 21:31:51 2025 -0700
Original commit hash: b52d1386f387e638dff983a2e8e21cd5d55d5fdb

-------------------------------------------------------------------------------- 
[Changed Files]
ClientOneSiliconPkg/Product/MeteorLake/SiPkgPcdInit.dsc
MeteorLakeBoardPkg/BiosId.env
MeteorLakeFspPkg/FspPkgPcdInit.dsc

================================================================================ 
Commit: 62fbeb24e9dbc38896b5812798d2fed87ae393b2 
Author: ClientSysFWGit <clientsysfwgit@intel.com> 
Date: Thu Apr 10 20:34:25 2025 +0530 
-------------------------------------------------------------------------------- 
Possible endless loop in DisplayUsbProvisionError ()

[Issue Description]
DisplayUsbProvisionError () might be stuck in endless loop
when certain conditions are encountered:
a) UserInput is uninitialized (0 might be assigned)
b) MebxReadUserInput returns an error (this can happen for example if
there is no implementation of MebxDisplayProtocol.

[Resolution]
Added return statement to the problematic loop

Package/Module:
ClientOneSiliconPkg

[Impacted Platform]
ALL

Hsd-es-id: 18041713838
Original commit date: Thu Mar 6 11:55:25 2025 +0100
Change-Id: Ieda52957d2f077beadfdfd27ae1f7ebf71037f04
Original commit hash: ef194feed281aa8b5f3ede4002df5a3169b5e88d

-------------------------------------------------------------------------------- 
[Changed Files]
ClientOneSiliconPkg/IpBlock/Amt/Mebx/Dxe/MebxUsbProvision.c

================================================================================ 
Commit: 74c4e20a78c2829d4d02bfbfbf94dc7dc43a6d0d 
Author: ClientSysFWGit <clientsysfwgit@intel.com> 
Date: Thu Apr 10 20:34:21 2025 +0530 
-------------------------------------------------------------------------------- 
"[TeamCity] MTL MeteorLake_meteorlake_family_Daily Daily Updating Version/ID: MeteorLake_5112_00

Hsd-es-id: N/A"
Original commit date: Tue Mar 11 21:31:23 2025 -0700
Original commit hash: 0c8d7af345d522ae3a4ca94de662e1bfce0da2aa

-------------------------------------------------------------------------------- 
[Changed Files]
ClientOneSiliconPkg/Product/MeteorLake/SiPkgPcdInit.dsc
MeteorLakeBoardPkg/BiosId.env
MeteorLakeFspPkg/FspPkgPcdInit.dsc

================================================================================ 
Commit: 2d83da13f22c9c0400bbac4d7ce652676058e9cb 
Author: ClientSysFWGit <clientsysfwgit@intel.com> 
Date: Thu Apr 10 20:34:16 2025 +0530 
-------------------------------------------------------------------------------- 
Out of Resource with external graphic if PCIE Tunneling is disabled

[Issue Description]
Out of Resource occurred with external graphic card if there is
no IGD in CPU and "PCIE Tunneling over USB4" is disabled.

[Resolution]
When disabling PCIe Tunneling, BIOS won't reserve PCI resources
to TCSS Root Ports.

Package/Module: MeteorLakePlatSamplePkg

[Impacted Platform]
ARL-S, Hx

Hsd-es-id: 15017475206
Original commit date: Tue Mar 4 21:14:40 2025 +0800
Change-Id: I8cb4f77c8aed0baa14f2c05f8107ebaa88bda885
Original commit hash: 123b418b96181edd618ded39451c9f8f0a15ff21

-------------------------------------------------------------------------------- 
[Changed Files]
MeteorLakePlatSamplePkg/Platform/PciHotPlug/PciHotPlugHelpersS.c

================================================================================ 
Commit: 369a0adf67c4b389ce30ef5508845f6285ea0364 
Author: ClientSysFWGit <clientsysfwgit@intel.com> 
Date: Thu Apr 10 20:34:13 2025 +0530 
-------------------------------------------------------------------------------- 
"[TeamCity] MTL MeteorLake_meteorlake_family_Daily Daily Updating Version/ID: MeteorLake_5111_00

Hsd-es-id: N/A"
Original commit date: Mon Mar 10 21:32:10 2025 -0700
Original commit hash: 9cdf8adb22a6b5f79c3b1b49a14fddf164c757bb

-------------------------------------------------------------------------------- 
[Changed Files]
ClientOneSiliconPkg/Product/MeteorLake/SiPkgPcdInit.dsc
MeteorLakeBoardPkg/BiosId.env
MeteorLakeFspPkg/FspPkgPcdInit.dsc

================================================================================ 
Commit: 47f4ea701f2d8b07dc50765d23d78ad5eaf56537 
Author: ClientSysFWGit <clientsysfwgit@intel.com> 
Date: Thu Apr 10 20:34:09 2025 +0530 
-------------------------------------------------------------------------------- 
[PCH][ARLHx 1DPC RVP]Enable eDP MUX in PreMem for SOL

[Issue Description]
SOL (Sign-Of-Life) for Pre-memory Display (uGOP)
fails on ARL-Hx 1DPC RVP

[Resolution]
Program eDP MUX GPIO in PreMem

Package/Module: MeteorLakeBoardPkg

[Impacted Platform]
ARLHx Sodimm 1DPC

Hsd-es-id: 15017488594
Original commit date: Fri Mar 7 17:04:56 2025 +0800
Change-Id: Ifd909f02264a67b386cdb986709ca7eefad87154
Original commit hash: 9d383cf3e33ff814a81fe72da13fa5432823a537

-------------------------------------------------------------------------------- 
[Changed Files]
MeteorLakeBoardPkg/MeteorLakeBoards/BoardVpdPcdsInit/ArlS/SkuIdArlSBGASodimm1DCrb.dsc

================================================================================ 
Commit: be161a10d650d3ca435c82d83115ef1db1c643f2 
Author: ClientSysFWGit <clientsysfwgit@intel.com> 
Date: Thu Apr 10 20:34:05 2025 +0530 
-------------------------------------------------------------------------------- 
Build script update to support different OS image build processes

[Feature Description]
The ubuntu package manager has removed gcc11.1 from it and now supports 11.4,
so in order to do that the Team had to build it from source which adds additional OS param in there,
need build script update to support different OS image build processes.

Package/Module:
MeteorLakeBoardPkg
MeteorLakeFspPkg

[Impacted Platform]
MeteorLake

Hsd-es-id: 16026915065
Original commit date: Fri Mar 7 22:54:45 2025 +0800
Change-Id: I89e9b80dfb679938f9dbd47a18a88271c865e664
Original commit hash: cead89d65d2acc68f7ab7a5a0d139d0e42cd344d

-------------------------------------------------------------------------------- 
[Changed Files]
MeteorLakeBoardPkg/BuildIafw.sh
MeteorLakeFspPkg/BuildFv.sh

================================================================================ 
Commit: 55d406e1348936232a10c425213c14e595e41c62 
Author: ClientSysFWGit <clientsysfwgit@intel.com> 
Date: Thu Apr 10 20:33:59 2025 +0530 
-------------------------------------------------------------------------------- 
"[TeamCity] MTL MeteorLake_meteorlake_family_Daily Daily Updating Version/ID: MeteorLake_5110_00

Hsd-es-id: N/A"
Original commit date: Sun Mar 9 21:31:21 2025 -0700
Original commit hash: 55912bda82802f2d5066fd0a950841ccfee25429

-------------------------------------------------------------------------------- 
[Changed Files]
ClientOneSiliconPkg/Product/MeteorLake/SiPkgPcdInit.dsc
MeteorLakeBoardPkg/BiosId.env
MeteorLakeFspPkg/FspPkgPcdInit.dsc

================================================================================ 
Commit: 86152704dd7c2ed40ee6f1b5ea3b86f4f8a9679d 
Author: ClientSysFWGit <clientsysfwgit@intel.com> 
Date: Thu Apr 10 20:33:56 2025 +0530 
-------------------------------------------------------------------------------- 
"[TeamCity] MTL MeteorLake_meteorlake_family_Daily Daily Updating Version/ID: MeteorLake_5106_00

Hsd-es-id: N/A"
Original commit date: Sat Mar 8 20:31:21 2025 -0800
Original commit hash: d44ff7a51acd6efce5a246d89e2745ce9c5b2a6e

-------------------------------------------------------------------------------- 
[Changed Files]
ClientOneSiliconPkg/Product/MeteorLake/SiPkgPcdInit.dsc
MeteorLakeBoardPkg/BiosId.env
MeteorLakeFspPkg/FspPkgPcdInit.dsc

================================================================================ 
Commit: 0d7fb14ce8d60b6301fc33556fb68517dd62982f 
Author: ClientSysFWGit <clientsysfwgit@intel.com> 
Date: Thu Apr 10 20:33:52 2025 +0530 
-------------------------------------------------------------------------------- 
"[TeamCity] MTL MeteorLake_meteorlake_family_Daily Daily Updating Version/ID: MeteorLake_5105_00

Hsd-es-id: N/A"
Original commit date: Fri Mar 7 20:31:22 2025 -0800
Original commit hash: c6e660a0e251a483612feea08af8c1cf4a007eb0

-------------------------------------------------------------------------------- 
[Changed Files]
ClientOneSiliconPkg/Product/MeteorLake/SiPkgPcdInit.dsc
MeteorLakeBoardPkg/BiosId.env
MeteorLakeFspPkg/FspPkgPcdInit.dsc

================================================================================ 
Commit: db76a63373f6f7dd5da899c526be3e38f352905b 
Author: ClientSysFWGit <clientsysfwgit@intel.com> 
Date: Thu Apr 10 20:33:48 2025 +0530 
-------------------------------------------------------------------------------- 
[ARL-S]Fixed bluetooth devices were treated as removable devices

[Issue Description]
Bluetooth devices seem to be visible in the OS
When disabled TCSS XHCI Support in BIOS setup

[Resolution]
Add if condition to check the TXHC USB PORT.
Avoid TCSS SSDT didn't dispatch when TCSS XHCI option disable

Package/Module:xxxBoardPkg

[Impacted Platform]
Default ALL.

Hsd-es-id: 15017459551
Original commit date: Mon Mar 3 14:35:27 2025 +0800
Change-Id: I60257fbc5e53220b12ca988403138e4d9c7709a7
Original commit hash: 26ebb0835b649f340d047594c69f9314f07f464d

-------------------------------------------------------------------------------- 
[Changed Files]
MeteorLakeBoardPkg/Acpi/AcpiTables/SsdtXhci/UsbPortXhciArlHBep.asl
MeteorLakeBoardPkg/Acpi/AcpiTables/SsdtXhci/UsbPortXhciArlHDdr5SODimmAep.asl
MeteorLakeBoardPkg/Acpi/AcpiTables/SsdtXhci/UsbPortXhciArlSDdr5SODimm2DpcAep.asl
MeteorLakeBoardPkg/Acpi/AcpiTables/SsdtXhci/UsbPortXhciArlSbgaErb.asl
MeteorLakeBoardPkg/Acpi/AcpiTables/SsdtXhci/UsbPortXhciArlSbgaUDimm2Dpc.asl
MeteorLakeBoardPkg/Acpi/AcpiTables/SsdtXhci/UsbPortXhciMtlHLpCammModPc.asl
MeteorLakeBoardPkg/Acpi/AcpiTables/SsdtXhci/UsbPortXhciMtlMLp5xAep.asl
MeteorLakeBoardPkg/Acpi/AcpiTables/SsdtXhci/UsbPortXhciMtlMLp5xConf1Rvp.asl
MeteorLakeBoardPkg/Acpi/AcpiTables/SsdtXhci/UsbPortXhciMtlMLp5xConf1RvpBom1.asl
MeteorLakeBoardPkg/Acpi/AcpiTables/SsdtXhci/UsbPortXhciMtlPDdr5Crb.asl
MeteorLakeBoardPkg/Acpi/AcpiTables/SsdtXhci/UsbPortXhciMtlPDdr5MemSolderDowndTBTRvp.asl
MeteorLakeBoardPkg/Acpi/AcpiTables/SsdtXhci/UsbPortXhciMtlPDdr5SODimmB2bHsioRvp.asl
MeteorLakeBoardPkg/Acpi/AcpiTables/SsdtXhci/UsbPortXhciMtlPDdr5SODimmSbsRvp.asl
MeteorLakeBoardPkg/Acpi/AcpiTables/SsdtXhci/UsbPortXhciMtlPDdr5SODimmSbsRvpBom2.asl
MeteorLakeBoardPkg/Acpi/AcpiTables/SsdtXhci/UsbPortXhciMtlPDdr5T4SODimmSbsRvp.asl
MeteorLakeBoardPkg/Acpi/AcpiTables/SsdtXhci/UsbPortXhciMtlPGcs.asl
MeteorLakeBoardPkg/Acpi/AcpiTables/SsdtXhci/UsbPortXhciMtlPLp5xAep.asl
MeteorLakeBoardPkg/Acpi/AcpiTables/SsdtXhci/UsbPortXhciMtlPLp5xBep.asl
MeteorLakeBoardPkg/Acpi/AcpiTables/SsdtXhci/UsbPortXhciMtlPLp5xT3Rvp.asl
MeteorLakeBoardPkg/Acpi/AcpiTables/SsdtXhci/UsbPortXhciMtlPsDdr5CrbFabB.asl
MeteorLakeBoardPkg/Acpi/AcpiTables/SsdtXhci/UsbPortXhciMtlPsDdr5OnlyDpRvp.asl
MeteorLakeBoardPkg/Acpi/AcpiTables/SsdtXhci/UsbPortXhciMtlPsDdr5Ppv.asl
MeteorLakeBoardPkg/Acpi/AcpiTables/SsdtXhci/UsbPortXhciMtlPsDdr5PpvFabB.asl
MeteorLakeBoardPkg/Acpi/AcpiTables/SsdtXhci/UsbPortXhciMtlPsDdr5Rvp.asl
MeteorLakeBoardPkg/Acpi/AcpiTables/SsdtXhci/UsbPortXhciMtlPsDdr5RvpFabB.asl
MeteorLakeBoardPkg/Acpi/AcpiTables/SsdtXhci/UsbPortXhciMtlPsDdr5Sbc.asl
MeteorLakeBoardPkg/Acpi/AcpiTables/SsdtXhci/UsbPortXhciMtlPsDdr5TcpRvp.asl
MeteorLakeBoardPkg/Acpi/AcpiTables/SsdtXhci/UsbPortXhciMtlSSD02Rvp.asl
MeteorLakeBoardPkg/Acpi/AcpiTables/SsdtXhci/UsbPortXhciMtlSU1D01Rvp.asl
MeteorLakeBoardPkg/Acpi/AcpiTables/SsdtXhci/UsbPortXhciMtlSU1DOC04Rvp.asl
MeteorLakeBoardPkg/Acpi/AcpiTables/SsdtXhci/UsbPortXhciMtlSU2D03Rvp.asl

================================================================================ 
Commit: ff868b8a6d88ff72a06a1289eb3b5a39bc910b94 
Author: ClientSysFWGit <clientsysfwgit@intel.com> 
Date: Thu Apr 10 20:33:44 2025 +0530 
-------------------------------------------------------------------------------- 
"[TeamCity] MTL MeteorLake_meteorlake_family_Daily Daily Updating Version/ID: MeteorLake_5104_00

Hsd-es-id: N/A"
Original commit date: Thu Mar 6 20:31:31 2025 -0800
Original commit hash: 85cf64d7864af194aa4df41b7e730ba66c5cc2db

-------------------------------------------------------------------------------- 
[Changed Files]
ClientOneSiliconPkg/Product/MeteorLake/SiPkgPcdInit.dsc
MeteorLakeBoardPkg/BiosId.env
MeteorLakeFspPkg/FspPkgPcdInit.dsc

================================================================================ 
Commit: e39039171a1ea080dff6db6b3e41b52c240508b0 
Author: ClientSysFWGit <clientsysfwgit@intel.com> 
Date: Thu Apr 10 20:33:40 2025 +0530 
-------------------------------------------------------------------------------- 
"[TeamCity] MTL MeteorLake_meteorlake_family_Daily Daily Updating Version/ID: MeteorLake_5103_00

Hsd-es-id: N/A"
Original commit date: Wed Mar 5 20:32:00 2025 -0800
Original commit hash: 96a4582a25d81e58c8076b4bc88ff4076f030f68

-------------------------------------------------------------------------------- 
[Changed Files]
ClientOneSiliconPkg/Product/MeteorLake/SiPkgPcdInit.dsc
MeteorLakeBoardPkg/BiosId.env
MeteorLakeFspPkg/FspPkgPcdInit.dsc

================================================================================ 
Commit: 640f09af40cfeee88f475353be8a872fa4bae449 
Author: ClientSysFWGit <clientsysfwgit@intel.com> 
Date: Thu Apr 10 20:33:36 2025 +0530 
-------------------------------------------------------------------------------- 
"[TeamCity] MTL MeteorLake_meteorlake_family_Daily Daily Updating Version/ID: MeteorLake_5102_00

Hsd-es-id: N/A"
Original commit date: Tue Mar 4 21:32:06 2025 -0700
Original commit hash: 667d71564eb394382cd24a8d35bfb7fcff41e557

-------------------------------------------------------------------------------- 
[Changed Files]
ClientOneSiliconPkg/Product/MeteorLake/SiPkgPcdInit.dsc
MeteorLakeBoardPkg/BiosId.env
MeteorLakeFspPkg/FspPkgPcdInit.dsc

================================================================================ 
Commit: 0e26d4887e2f9f7ce6726ba490531fafc9693f9e 
Author: ClientSysFWGit <clientsysfwgit@intel.com> 
Date: Thu Apr 10 20:33:32 2025 +0530 
-------------------------------------------------------------------------------- 
Update MRC Release Notes MTL MRC 2.0.0.4

[Feature Description]
Update MRC version.

Package/Module: ClientOneSiliconPkg/IpBlock/MemoryInit/Mtl

[Impacted Platform]
ALL

Hsd-es-id: 22014478540
Original commit date: Fri Feb 21 17:09:07 2025 -0800
Change-Id: I2a1982a23f75256031af7e566b2f10e11ac068ff
Original commit hash: ec2bf939c2c212af07e494ad164a8ca0277a504b

-------------------------------------------------------------------------------- 
[Changed Files]
ClientOneSiliconPkg/IpBlock/MemoryInit/Mtl/LibraryPrivate/PeiMemoryInitLib/Source/Include/MrcVersion.h

================================================================================ 
Commit: 229a9a3c7657722b0cb3628060d2aacf88547276 
Author: ClientSysFWGit <clientsysfwgit@intel.com> 
Date: Thu Apr 10 20:33:29 2025 +0530 
-------------------------------------------------------------------------------- 
[ARL-U/H | DDR5] DRAM Vendor 1anm 16Gb 1R 5600 P-die & E-die SODIMM

[Feature Description]
MRC must apply the following settings for specific vendor:
1. RdOdt set to 60
2. RttPark set to 48
3. RttParkDqs set to 34
4. DQS CTLE (DqsEqLegs) set to 11
5. Dfe Tap override to:
   Tap0: 9, Tap1: 3, Tap2: 2
6. Increase tRW_sg/dg by 2tCK

Package/Module: ClientOneSiliconPkg/IpBlock/MemoryInit/Mtl

[Impacted Platform]
U, H

Hsd-es-id: 22020940912
Original commit date: Fri Feb 21 02:12:48 2025 -0800
Change-Id: I25616f3cd7f53fe73fc2d1128433dd6369dfe616
Original commit hash: bcedb43971a7ba3fd8685e4c0c10903e48efd77c

-------------------------------------------------------------------------------- 
[Changed Files]
ClientOneSiliconPkg/IpBlock/MemoryInit/Mtl/Include/MrcInterface.h
ClientOneSiliconPkg/IpBlock/MemoryInit/Mtl/LibraryPrivate/PeiMemoryInitLib/Source/Api/MrcGeneral.c
ClientOneSiliconPkg/IpBlock/MemoryInit/Mtl/LibraryPrivate/PeiMemoryInitLib/Source/Chip/DdrIo/MrcDdrIoConfig.c
ClientOneSiliconPkg/IpBlock/MemoryInit/Mtl/LibraryPrivate/PeiMemoryInitLib/Source/MemoryTypes/MrcDdr5.c
ClientOneSiliconPkg/IpBlock/MemoryInit/Mtl/LibraryPrivate/PeiMemoryInitLib/Source/Services/MrcTurnAround.c
ClientOneSiliconPkg/IpBlock/MemoryInit/Mtl/LibraryPrivate/PeiMemoryInitLib/Source/SpdProcessing/MrcSpdProcessing.c

================================================================================ 
Commit: 4c0bdfc276648e285abd98302ae8d8d1bdec366d 
Author: ClientSysFWGit <clientsysfwgit@intel.com> 
Date: Thu Apr 10 20:33:24 2025 +0530 
-------------------------------------------------------------------------------- 
"[TeamCity] MTL MeteorLake_meteorlake_family_Daily Daily Updating Version/ID: MeteorLake_5101_00

Hsd-es-id: N/A"
Original commit date: Mon Mar 3 20:32:02 2025 -0800
Original commit hash: 545aed2de3922ad9cb667c279bb39f713acc7890

-------------------------------------------------------------------------------- 
[Changed Files]
ClientOneSiliconPkg/Product/MeteorLake/SiPkgPcdInit.dsc
MeteorLakeBoardPkg/BiosId.env
MeteorLakeFspPkg/FspPkgPcdInit.dsc

================================================================================ 
Commit: d01c0bcfa97ce7d1b6839c0a01ebad1332205157 
Author: ClientSysFWGit <clientsysfwgit@intel.com> 
Date: Thu Apr 10 20:33:21 2025 +0530 
-------------------------------------------------------------------------------- 
"[TeamCity] MTL MeteorLake_meteorlake_family_Daily Daily Updating Version/ID: MeteorLake_5100_00

Hsd-es-id: N/A"
Original commit date: Sun Mar 2 20:31:29 2025 -0800
Original commit hash: 737c3c40f6e4cf2080ef2b58a5372e869c4b938c

-------------------------------------------------------------------------------- 
[Changed Files]
ClientOneSiliconPkg/Product/MeteorLake/SiPkgPcdInit.dsc
MeteorLakeBoardPkg/BiosId.env
MeteorLakeFspPkg/FspPkgPcdInit.dsc

================================================================================ 
Commit: 77324712ba2bc4c42014f7f9af456e94a72e5101 
Author: ClientSysFWGit <clientsysfwgit@intel.com> 
Date: Thu Apr 10 20:33:17 2025 +0530 
-------------------------------------------------------------------------------- 
"[TeamCity] MTL MeteorLake_meteorlake_family_Daily Daily Updating Version/ID: MeteorLake_5096_00

Hsd-es-id: N/A"
Original commit date: Sat Mar 1 20:31:19 2025 -0800
Original commit hash: f4dc137a0997b27e3757eb8d55213a113cc03e34

-------------------------------------------------------------------------------- 
[Changed Files]
ClientOneSiliconPkg/Product/MeteorLake/SiPkgPcdInit.dsc
MeteorLakeBoardPkg/BiosId.env
MeteorLakeFspPkg/FspPkgPcdInit.dsc

================================================================================ 
Commit: 883a015cb4e05645ed14df4cc5085a008a9a1e06 
Author: ClientSysFWGit <clientsysfwgit@intel.com> 
Date: Thu Apr 10 20:33:13 2025 +0530 
-------------------------------------------------------------------------------- 
"[TeamCity] MTL MeteorLake_meteorlake_family_Daily Daily Updating Version/ID: MeteorLake_5095_00

Hsd-es-id: N/A"
Original commit date: Fri Feb 28 20:31:19 2025 -0800
Original commit hash: 955b1df90ca4f102258e044914c052e8b054f387

-------------------------------------------------------------------------------- 
[Changed Files]
ClientOneSiliconPkg/Product/MeteorLake/SiPkgPcdInit.dsc
MeteorLakeBoardPkg/BiosId.env
MeteorLakeFspPkg/FspPkgPcdInit.dsc

================================================================================ 
Commit: 642fb168b6867b388aa2197219f535295519873a 
Author: ClientSysFWGit <clientsysfwgit@intel.com> 
Date: Thu Apr 10 20:33:10 2025 +0530 
-------------------------------------------------------------------------------- 
"[TeamCity] MTL MeteorLake_meteorlake_family_Daily Daily Updating Version/ID: MeteorLake_5094_00

Hsd-es-id: N/A"
Original commit date: Thu Feb 27 20:32:07 2025 -0800
Original commit hash: 6cbf361b7b7077a15d41a32aacb99b3db21160db

-------------------------------------------------------------------------------- 
[Changed Files]
ClientOneSiliconPkg/Product/MeteorLake/SiPkgPcdInit.dsc
MeteorLakeBoardPkg/BiosId.env
MeteorLakeFspPkg/FspPkgPcdInit.dsc

================================================================================ 
Commit: 97f668a272000a9024f9c96e9efa5295b7ca5449 
Author: ClientSysFWGit <clientsysfwgit@intel.com> 
Date: Thu Apr 10 20:33:03 2025 +0530 
-------------------------------------------------------------------------------- 
"[TeamCity] MTL MeteorLake_meteorlake_family_Daily Daily Updating Version/ID: MeteorLake_5093_00

Hsd-es-id: N/A"
Original commit date: Wed Feb 26 20:31:22 2025 -0800
Original commit hash: 79d6402a16bf626b1f5870a609bf64bb37aeb90d

-------------------------------------------------------------------------------- 
[Changed Files]
ClientOneSiliconPkg/Product/MeteorLake/SiPkgPcdInit.dsc
MeteorLakeBoardPkg/BiosId.env
MeteorLakeFspPkg/FspPkgPcdInit.dsc

================================================================================ 
Commit: 9888db37b6571fe8ef86a2965d8200e5208db146 
Author: ClientSysFWGit <clientsysfwgit@intel.com> 
Date: Thu Apr 10 20:32:59 2025 +0530 
-------------------------------------------------------------------------------- 
"[TeamCity] MTL MeteorLake_meteorlake_family_Daily Daily Updating Version/ID: MeteorLake_5092_00

Hsd-es-id: N/A"
Original commit date: Tue Feb 25 20:31:28 2025 -0800
Original commit hash: fa54946b3e14e4cc7bffa7ffafbe247d038e8fe6

-------------------------------------------------------------------------------- 
[Changed Files]
ClientOneSiliconPkg/Product/MeteorLake/SiPkgPcdInit.dsc
MeteorLakeBoardPkg/BiosId.env
MeteorLakeFspPkg/FspPkgPcdInit.dsc

================================================================================ 
Commit: e49f95e3276011116af1c3cd7884ddc8e55a071d 
Author: ClientSysFWGit <clientsysfwgit@intel.com> 
Date: Thu Apr 10 20:32:55 2025 +0530 
-------------------------------------------------------------------------------- 
Fix for embedded resiliency build and rpmc debug build

[Issue Description]
Build failure for embedded resiliency build and rpmc debug build

[Resolution]
Fixed embedded resiliency build issue by adding the missed check for mtls build to a function call.
Fixed rpmc debug build by adjusting the size by taking free memory of FVPOSTMEMORY

Package/Module: PlatSamplePkg, BoardPkg

[Impacted Platform]
MTLS.

Hsd-es-id: 16026836756
Original commit date: Thu Feb 20 17:04:10 2025 +0530
Change-Id: I5db111b224b8bdcdfffcc3e575e26656875bff7d
Original commit hash: cfbffa2dd2dc0a879490128961eb62f4d0a13b0a

-------------------------------------------------------------------------------- 
[Changed Files]
MeteorLakeBoardPkg/Include/Fdf/FlashMapIncludeRpmc.fdf
MeteorLakePlatSamplePkg/PlatformInitAdvanced/PlatformInitAdvancedPei/PlatformInitAdvancedPostMem.c
MeteorLakePlatSamplePkg/Setup/SetupId.h

================================================================================ 
Commit: f8b6b66f4c82aa85b47b43b5374dcb0efcd27ff1 
Author: ClientSysFWGit <clientsysfwgit@intel.com> 
Date: Thu Apr 10 20:32:51 2025 +0530 
-------------------------------------------------------------------------------- 
"[TeamCity] MTL MeteorLake_meteorlake_family_Daily Daily Updating Version/ID: MeteorLake_5091_00

Hsd-es-id: N/A"
Original commit date: Mon Feb 24 20:32:47 2025 -0800
Original commit hash: 826ee2b53b522b45af2cda7d840baef725e3adc1

-------------------------------------------------------------------------------- 
[Changed Files]
ClientOneSiliconPkg/Product/MeteorLake/SiPkgPcdInit.dsc
MeteorLakeBoardPkg/BiosId.env
MeteorLakeFspPkg/FspPkgPcdInit.dsc

================================================================================ 
Commit: 820bde4ce6ad69ce12b9b6287caa78319dd5b71d 
Author: ClientSysFWGit <clientsysfwgit@intel.com> 
Date: Thu Apr 10 20:32:47 2025 +0530 
-------------------------------------------------------------------------------- 
"[TeamCity] MTL MeteorLake_meteorlake_family_Daily Daily Updating Version/ID: MeteorLake_5090_00

Hsd-es-id: N/A"
Original commit date: Sun Feb 23 20:33:01 2025 -0800
Original commit hash: 2c45285d7d74a40831a6b9b44f31b5e6986fd744

-------------------------------------------------------------------------------- 
[Changed Files]
ClientOneSiliconPkg/Product/MeteorLake/SiPkgPcdInit.dsc
MeteorLakeBoardPkg/BiosId.env
MeteorLakeFspPkg/FspPkgPcdInit.dsc

================================================================================ 
Commit: 1d815a2f4bb9e96d444f47ba5579c4f210a7ab8c 
Author: ClientSysFWGit <clientsysfwgit@intel.com> 
Date: Thu Apr 10 20:32:42 2025 +0530 
-------------------------------------------------------------------------------- 
"[TeamCity] MTL MeteorLake_meteorlake_family_Daily Daily Updating Version/ID: MeteorLake_5086_00

Hsd-es-id: N/A"
Original commit date: Sat Feb 22 20:31:19 2025 -0800
Original commit hash: 75ace62588f1107c1246eebf1ec7b67c3043c2bf

-------------------------------------------------------------------------------- 
[Changed Files]
ClientOneSiliconPkg/Product/MeteorLake/SiPkgPcdInit.dsc
MeteorLakeBoardPkg/BiosId.env
MeteorLakeFspPkg/FspPkgPcdInit.dsc

================================================================================ 
Commit: 49d172feb55353065b53670150b64925530f9d96 
Author: ClientSysFWGit <clientsysfwgit@intel.com> 
Date: Thu Apr 10 20:32:36 2025 +0530 
-------------------------------------------------------------------------------- 
Disable IO Bit When External Graphics Card Connected and IGFX enabled

[Feature Description]
When the external Graphics card connected and IGFX is force enabled
in such case GOP will enable the IO Bit.
During the exit boot service clear the IO bit of IGFX when external
card is detected.

Package/Module: IGFX

[Impacted Platform]
ALL

Hsd-es-id: 16026843146
Original commit date: Wed Feb 19 23:42:05 2025 +0530
Change-Id: I51008d2baab166efbf88e5f6268bec7d9a16c50e
Original commit hash: 4f3c74769512b21b22e7b88a93d5e729d3415ccb

-------------------------------------------------------------------------------- 
[Changed Files]
MeteorLakePlatSamplePkg/Library/DxePlatformBootManagerLib/BdsPlatform.c
MeteorLakePlatSamplePkg/Library/DxePlatformBootManagerLib/DxePlatformBootManagerHiiFreeLib.inf
MeteorLakePlatSamplePkg/Library/DxePlatformBootManagerLib/DxePlatformBootManagerLib.inf

================================================================================ 
Commit: 29a784375555cc5525672fecbff6db0c366dfee4 
Author: ClientSysFWGit <clientsysfwgit@intel.com> 
Date: Thu Apr 10 20:32:32 2025 +0530 
-------------------------------------------------------------------------------- 
"[TeamCity] MTL MeteorLake_meteorlake_family_Daily Daily Updating Version/ID: MeteorLake_5085_00

Hsd-es-id: N/A"
Original commit date: Fri Feb 21 20:31:25 2025 -0800
Original commit hash: a96eace103cf7ad41e67a9f8f61573cd249c08b1

-------------------------------------------------------------------------------- 
[Changed Files]
ClientOneSiliconPkg/Product/MeteorLake/SiPkgPcdInit.dsc
MeteorLakeBoardPkg/BiosId.env
MeteorLakeFspPkg/FspPkgPcdInit.dsc

================================================================================ 
Commit: d84c70645ef608f7e0e1948e7644cc5d63a555aa 
Author: ClientSysFWGit <clientsysfwgit@intel.com> 
Date: Thu Apr 10 20:32:29 2025 +0530 
-------------------------------------------------------------------------------- 
GetRuleData uninitialized buffer fix

[Issue Description]
RuleData is defined in BIOS as 4 bytes, but it's not always
filled with data. CSME FW can respond with just 1 byte of data,
and the rest of the buffer is not touched.

Example is UserConsent flow, where BIOS should expect just
1 byte, but because it wasn't cleared before, it could contain
some garbage data and result in skipping UserConsent flow.

[Resolution]
Whole message buffer should be zeroed before using.

Package/Module:
OneSiliconPkg

[Impacted Platform]
NewPlatform

Hsd-es-id: 18041512670
Original commit date: Fri Feb 14 15:25:44 2025 +0100
Change-Id: Id3414540c29cff8d99aef2b9aa6de605190d1aa0
Original commit hash: f3e5c1f69c28538f0c4a29375b95982a8bdcf1c9

-------------------------------------------------------------------------------- 
[Changed Files]
ClientOneSiliconPkg/IpBlock/Me/Library/DxeMeLib/HeciMsgDxeLib.c

================================================================================ 
Commit: ee8c0b50e9a3e0eaeb1ecdd0d24c8172acea1ec6 
Author: ClientSysFWGit <clientsysfwgit@intel.com> 
Date: Thu Apr 10 20:32:25 2025 +0530 
-------------------------------------------------------------------------------- 
"[TeamCity] MTL MeteorLake_meteorlake_family_Daily Daily Updating Version/ID: MeteorLake_5084_00

Hsd-es-id: N/A"
Original commit date: Thu Feb 20 20:31:25 2025 -0800
Original commit hash: dac9dee6efbf19e0cd72c3bb38c3e42c8cab4d44

-------------------------------------------------------------------------------- 
[Changed Files]
ClientOneSiliconPkg/Product/MeteorLake/SiPkgPcdInit.dsc
MeteorLakeBoardPkg/BiosId.env
MeteorLakeFspPkg/FspPkgPcdInit.dsc

================================================================================ 
Commit: 527dd4dd561a68159727d742f880052accb5c6c0 
Author: ClientSysFWGit <clientsysfwgit@intel.com> 
Date: Thu Apr 10 20:32:22 2025 +0530 
-------------------------------------------------------------------------------- 
[OC] Disable BCLK Aware Adaptive Voltage by default when OC is enabled

[Feature Description]
Change the default state of BCLK Aware Adaptive Voltage to Disabled

Package/Module:
MeteorLakePlatSamplePkg

[Impacted Platform]
ARLS

Hsd-es-id: 14024459594
Original commit date: Thu Feb 20 10:31:26 2025 +0800
Change-Id: I5d220b4138a8c28903dc7466422c1833a4c99ebe
Original commit hash: c28d5fcb776ec07b0d396f40ab203c7708600478

-------------------------------------------------------------------------------- 
[Changed Files]
MeteorLakePlatSamplePkg/Setup/OverClockSetup.hfr

================================================================================ 
Commit: 2e47ba84c09dcd88cfa967d0802ed76b01233d0e 
Author: ClientSysFWGit <clientsysfwgit@intel.com> 
Date: Thu Apr 10 20:32:18 2025 +0530 
-------------------------------------------------------------------------------- 
SyncScript: Revert override commits.

Mon Mar 17 04:14:19 2025 -0700
Original commit date: Mon Mar 17 04:14:19 2025 -0700
Original commit hash: f482888c48e4e5feb126f3154988c58746d9a99b

-------------------------------------------------------------------------------- 
[Changed Files]
ClientOneSiliconPkg/IpBlock/MemoryInit/Mtl/Include/MrcInterface.h
ClientOneSiliconPkg/IpBlock/MemoryInit/Mtl/LibraryPrivate/PeiMemoryInitLib/Source/Api/MrcGeneral.c
ClientOneSiliconPkg/IpBlock/MemoryInit/Mtl/LibraryPrivate/PeiMemoryInitLib/Source/Chip/DdrIo/MrcDdrIoConfig.c
ClientOneSiliconPkg/IpBlock/MemoryInit/Mtl/LibraryPrivate/PeiMemoryInitLib/Source/Include/MrcVersion.h
ClientOneSiliconPkg/IpBlock/MemoryInit/Mtl/LibraryPrivate/PeiMemoryInitLib/Source/MemoryTypes/MrcDdr5.c
ClientOneSiliconPkg/IpBlock/MemoryInit/Mtl/LibraryPrivate/PeiMemoryInitLib/Source/Services/MrcTurnAround.c
ClientOneSiliconPkg/IpBlock/MemoryInit/Mtl/LibraryPrivate/PeiMemoryInitLib/Source/SpdProcessing/MrcSpdProcessing.c
MeteorLakeBoardPkg/BiosId.env

================================================================================ 
Commit: b3d352f38284067cf32d1ac1f0ae0a963e214db5 
Author: ClientSysFWGit <clientsysfwgit@intel.com> 
Date: Thu Apr 10 20:32:14 2025 +0530 
-------------------------------------------------------------------------------- 
"[TeamCity] MTL MeteorLake_meteorlake_program_platform_Daily Daily Updating Version/ID: MeteorLake_5083_81

Hsd-es-id: N/A"
Original commit date: Tue Mar 4 00:58:47 2025 -0700
Original commit hash: 2b02876c87c1182aa38ad1f9c8a328bff9eaba5a

-------------------------------------------------------------------------------- 
[Changed Files]
MeteorLakeBoardPkg/BiosId.env

================================================================================ 
Commit: ee6e1a34451e9f8dd982ed589909a89fb17a5a84 
Author: ClientSysFWGit <clientsysfwgit@intel.com> 
Date: Thu Apr 10 20:32:10 2025 +0530 
-------------------------------------------------------------------------------- 
Update MRC Release Notes MTL MRC 2.0.0.4

[Feature Description]
Update MRC version.

Package/Module: ClientOneSiliconPkg/IpBlock/MemoryInit/Mtl

[Impacted Platform]
ALL

Hsd-es-id: 22014478540
Original commit date: Fri Feb 21 17:09:07 2025 -0800
Change-Id: I2a1982a23f75256031af7e566b2f10e11ac068ff
Original commit hash: fc0f71226b7862c2b0d080ecbb9440b133b70d2b

-------------------------------------------------------------------------------- 
[Changed Files]
ClientOneSiliconPkg/IpBlock/MemoryInit/Mtl/LibraryPrivate/PeiMemoryInitLib/Source/Include/MrcVersion.h

================================================================================ 
Commit: 70d2bc178b01085cd8dab578e4b98f24ed58cfa5 
Author: ClientSysFWGit <clientsysfwgit@intel.com> 
Date: Thu Apr 10 20:32:07 2025 +0530 
-------------------------------------------------------------------------------- 
[ARL-U/H | DDR5] DRAM Vendor 1anm 16Gb 1R 5600 P-die & E-die SODIMM

[Feature Description]
MRC must apply the following settings for specific vendor:
1. RdOdt set to 60
2. RttPark set to 48
3. RttParkDqs set to 34
4. DQS CTLE (DqsEqLegs) set to 11
5. Dfe Tap override to:
   Tap0: 9, Tap1: 3, Tap2: 2
6. Increase tRW_sg/dg by 2tCK

Package/Module: ClientOneSiliconPkg/IpBlock/MemoryInit/Mtl

[Impacted Platform]
U, H

Hsd-es-id: 22020940912
Original commit date: Fri Feb 21 02:12:48 2025 -0800
Change-Id: I25616f3cd7f53fe73fc2d1128433dd6369dfe616
Original commit hash: 899d1038e211014fe68e7931bf09a7e7ff994c57

-------------------------------------------------------------------------------- 
[Changed Files]
ClientOneSiliconPkg/IpBlock/MemoryInit/Mtl/Include/MrcInterface.h
ClientOneSiliconPkg/IpBlock/MemoryInit/Mtl/LibraryPrivate/PeiMemoryInitLib/Source/Api/MrcGeneral.c
ClientOneSiliconPkg/IpBlock/MemoryInit/Mtl/LibraryPrivate/PeiMemoryInitLib/Source/Chip/DdrIo/MrcDdrIoConfig.c
ClientOneSiliconPkg/IpBlock/MemoryInit/Mtl/LibraryPrivate/PeiMemoryInitLib/Source/MemoryTypes/MrcDdr5.c
ClientOneSiliconPkg/IpBlock/MemoryInit/Mtl/LibraryPrivate/PeiMemoryInitLib/Source/Services/MrcTurnAround.c
ClientOneSiliconPkg/IpBlock/MemoryInit/Mtl/LibraryPrivate/PeiMemoryInitLib/Source/SpdProcessing/MrcSpdProcessing.c

================================================================================ 
Commit: 1c23828d347c5ad2b0b37d07e9e82816baa1e2ad 
Author: ClientSysFWGit <clientsysfwgit@intel.com> 
Date: Thu Apr 10 20:31:46 2025 +0530 
-------------------------------------------------------------------------------- 
"[TeamCity] MTL MeteorLake_meteorlake_program_platform_Daily Daily Updating Version/ID: MeteorLake_5083_80

Hsd-es-id: N/A"
Original commit date: Thu Feb 20 06:41:21 2025 +0000
Original commit hash: 7677f2f4b3737f741bc28df0eb0a90adc17dd2ee

-------------------------------------------------------------------------------- 
[Changed Files]
ClientOneSiliconPkg/IpBlock/Smbus/Smm/SmbusArpDisabled.c
ClientOneSiliconPkg/IpBlock/Smbus/Smm/SmbusEntry.c
ClientOneSiliconPkg/IpBlock/Smbus/Smm/SmbusSmm.h
ClientOneSiliconPkg/IpBlock/Smbus/Smm/SmbusSmm.inf
ClientOneSiliconPkg/IpBlock/Smbus/Smm/SmbusTraditionalMm.c
ClientOneSiliconPkg/Pch/Include/Protocol/SmmSmbus.h
ClientOneSiliconPkg/Product/MeteorLake/EarlyDevices/Readme.md
ClientOneSiliconPkg/SiPkg.dec
Doxygen/BoardApi.chm
Doxygen/FspApi.chm
Doxygen/MeteorLake_FSP_Integration_Guide.chm
Doxygen/MeteorLake_FSP_Integration_Guide.pdf
Doxygen/PlatApi.chm
Doxygen/SiPkgApi.chm
LICENSE.txt
MeteorLakeBoardPkg/CapsuleUpdateConfig/.gitignore
MeteorLakeBoardPkg/Features/CapsuleUpdate/Tools/CapsuleGenerate/Ucode/.gitignore
