================================================================================ 
Commit: 95c15e5689ce723d430d7152a6f44c5bf614d23c 
Author: ClientSysFWGit <clientsysfwgit@intel.com> 
Date: Thu Sep 22 11:35:06 2022 +0800 
-------------------------------------------------------------------------------- 
BIOS setup menu I2C# does not meet the 1MHz requirement.

[Issue Description]
SerialIoI2cSetFrequency function does not have flows to
program all registers unlike FrequencySet.

[Resolution]
Need to progam IC_CON once frequency parameters are
programmed. Adding SerialIoI2cStartOperation to
program IC_CON.

Package/Module: ClientOneSiliconPkg/IpBlock/SerialIo

[Impacted Platform]
S, P, M and N

Hsd-es-id: 16017814318
Original commit date: Mon Sep 5 15:26:53 2022 +0530
Change-Id: I072d7e7904e7ddbe00a5da4fedef594b69806557
Original commit hash: 904821f8c8e42487e85ea26f9df317bdf4eb0f2f

-------------------------------------------------------------------------------- 
[Changed Files]
ClientOneSiliconPkg/IpBlock/SerialIo/I2c/I2cDriver/SerialIoI2cDriver.c

================================================================================ 
Commit: 89c2066f2f18924239200f7d48539b4052605f69 
Author: ClientSysFWGit <clientsysfwgit@intel.com> 
Date: Thu Sep 22 11:35:05 2022 +0800 
-------------------------------------------------------------------------------- 
Update BIOS version to 3361_04

[Feature Description]
Update BIOS version to 3361_04

[Resolution]
Update BIOS version to 3361_04

Package/Module:

[Impacted Platform]
Default ALL

Hsd-es-id: N/A
Original commit date: Fri Sep 9 14:54:14 2022 +0800
Change-Id: I2e253d2531592582c91934320d54c630c8833563
Original commit hash: aef968c135b550aac3225d1e08bf776b61c1b4e7

-------------------------------------------------------------------------------- 
[Changed Files]
AlderLakeBoardPkg/BiosId.env

================================================================================ 
Commit: b0cf4c1d64470ad83eb23e2841e512d850da6689 
Author: ClientSysFWGit <clientsysfwgit@intel.com> 
Date: Thu Sep 22 11:35:04 2022 +0800 
-------------------------------------------------------------------------------- 
[RPL-S]Add uCode support for RPL - B0 0x10e

[Feature Description]
Add the Ucode 0x0000010e for B0

[Resolution]
Add the Ucode 0x0000010e for B0
Package/Module:

[Impacted Platform]
S

Hsd-es-id: 15011923020
Original commit date: Fri Sep 9 11:47:26 2022 +0800
Change-Id: Iea8c4ea1363ee4d11872131737f5380942798c2e
Original commit hash: b5d67c94fc86166fa577113cd6b0de0f3e93f288

-------------------------------------------------------------------------------- 
[Changed Files]
AlderLakeBoardPkg/BoardPkg.fdf
