================================================================================ 
Commit: 6d48c94604e12e3f18617191d4fc72832a90823e 
Author: ClientSysFWGit <clientsysfwgit@intel.com> 
Date: 2019-09-20 15:23:00 -0700 
-------------------------------------------------------------------------------- 
[TeamCity] ICL Auto-Commit BIOS ID update CI

2019-09-12 13:39:42 -0700
Original commit date: 2019-09-12 13:39:42 -0700
Original commit hash: 7cb2f883dbe074102f0f27ac21740cbf18e824b7

-------------------------------------------------------------------------------- 
[Changed Files]
IceLakePlatSamplePkg/Tools/GenBiosId/BiosId.env

================================================================================ 
Commit: 65f29e7d04853d6772a1bc02c2be3dbf74daefc4 
Author: ClientSysFWGit <clientsysfwgit@intel.com> 
Date: 2019-09-20 15:22:58 -0700 
-------------------------------------------------------------------------------- 
Integrate New IceLake Microcode Patch 0x48

Update Microcode Patch

Hsd-es-id: No HSD
Original commit date: 2019-09-12 13:25:35 -0700
Change-Id: I8d6aef072372370b8e3244048fcdd5111447699d
Original commit hash: a43301d5c35e9beafc14df573d98a92813a5e0bf

-------------------------------------------------------------------------------- 
[Changed Files]
IceLakeOpenBoardPkg/IclUDdr4Type3Tcpd/OpenBoardPkg.fdf
IceLakePlatSamplePkg/PlatformPkg.fdf

================================================================================ 
Commit: c20ba634a2b7e27deb7ee228b2abe57e06742016 
Author: ClientSysFWGit <clientsysfwgit@intel.com> 
Date: 2019-09-20 15:22:56 -0700 
-------------------------------------------------------------------------------- 
Revert "Capsule build scripts involve many platform relative keywords which is hard for solution migration"

This reverts commit f6f6c097240719fff52f60de37a9a45dd3589f52.

Hsd-es-id: 1607047477

Original commit date: 2019-09-12 07:59:51 -0700
Change-Id: Ied26ff91c75856ab772c86e608172df94e284c5d
Original commit hash: a47f48a1e22a406c66b2f80c4123832944ce56a1

-------------------------------------------------------------------------------- 
[Changed Files]
IceLakePlatSamplePkg/CapsuleUpdateConfig/BBR_CDR_A1_ICL_PORTS_0_1_rev30_NOSEC_sign.bin
IceLakePlatSamplePkg/CapsuleUpdateConfig/BBR_CDR_A1_ICL_PORTS_2_3_rev30_NOSEC_sign.bin
IceLakePlatSamplePkg/CapsuleUpdateConfig/ReadMe.txt
IceLakePlatSamplePkg/CapsuleUpdateConfig/RetimerPayload.bin
IceLakePlatSamplePkg/Features/CapsuleUpdate/Tools/GenerateCapsule/GenCapsuleSysFwBios.bat
IceLakePlatSamplePkg/Features/CapsuleUpdate/Tools/GenerateCapsule/GenCapsuleSysFwEc.bat
IceLakePlatSamplePkg/Features/CapsuleUpdate/Tools/GenerateCapsule/GenCapsuleSysFwIshPdt.bat
IceLakePlatSamplePkg/Features/CapsuleUpdate/Tools/GenerateCapsule/GenCapsuleSysFwMe.bat
IceLakePlatSamplePkg/Features/CapsuleUpdate/Tools/GenerateCapsule/GenCapsuleSysFwMonolithic.bat
IceLakePlatSamplePkg/Features/CapsuleUpdate/Tools/GenerateCapsule/GenCapsuleTbtRetimer.bat
IceLakePlatSamplePkg/Features/CapsuleUpdate/Tools/GenerateCapsule/GenCapsuleTcI2cRetimer.bat

================================================================================ 
Commit: 0d6702d523b5f35ea02eb0ab317852448418eafa 
Author: ClientSysFWGit <clientsysfwgit@intel.com> 
Date: 2019-09-20 15:22:55 -0700 
-------------------------------------------------------------------------------- 
Revert "IceLakePlatSamplePkg: TXT remains enabled either by disabling the TPM or on loading defaults"

This reverts commit deea4cf3658fe8e1970201a95a6a06ce33d60ced.

Hsd-es-id: 1607097155
Original commit date: 2019-09-11 15:03:45 -0700
Change-Id: I4afcca37db1e01ff070864d11c1c6cb691d37580
Original commit hash: 6b650b71288102d054774ca2918a983fff15eb45

-------------------------------------------------------------------------------- 
[Changed Files]
IceLakeFspPkg/IceLakeFspPkg.dsc
IceLakeOpenBoardPkg/IclUDdr4Type3Tcpd/OpenBoardPkg.dsc
IceLakeOpenBoardPkg/IclUDdr4Type3Tcpd/OpenBoardPkg.fdf
IceLakePlatSamplePkg/Features/Txt/Library/TpmInitDoneDepLib/TpmInitDoneDepLib.c
IceLakePlatSamplePkg/PlatformInit/PlatformInitPei/PlatformInitPreMem.c
IceLakePlatSamplePkg/PlatformInit/PlatformInitPei/PlatformInitPreMem.inf
IceLakePlatSamplePkg/PlatformInit/PlatformInitPei/PlatformInitPreMemFsp.inf
IceLakePlatSamplePkg/PlatformPkg.dsc
IceLakePlatSamplePkg/PlatformPkg.fdf
IceLakeSiliconPkg/Cpu/Library/Private/PeiTxtLib/PeiTxtLibFsp.inf
IceLakeSiliconPkg/Cpu/Library/Private/PeiTxtLib/TxtPei.c
IceLakeSiliconPkg/Cpu/Library/Private/PeiTxtLib/TxtPeiLib.c

================================================================================ 
Commit: 16d6f9411c151f8adef05b545c787d2b37081078 
Author: ClientSysFWGit <clientsysfwgit@intel.com> 
Date: 2019-09-20 15:22:52 -0700 
-------------------------------------------------------------------------------- 
Capsule build scripts involve many platform relative keywords which is hard for solution migration

1. Use variables CAP_PLATFORM_PREFIX and CAP_PLATFORM_FULLNAME to replace all platform specific terms in batch scripts.
2. Reorder and group variables in capsulebuild.bat
3. Clean up unneeded files by this chance.

Hsd-es-id: 1607047477
Original commit date: 2019-06-28 20:57:11 +0800
Change-Id: Ie9812ef1ba1f59bb98822b34d96d435296b6d7f8
Original commit hash: f6f6c097240719fff52f60de37a9a45dd3589f52

-------------------------------------------------------------------------------- 
[Changed Files]
IceLakePlatSamplePkg/CapsuleUpdateConfig/BBR_CDR_A1_ICL_PORTS_0_1_rev30_NOSEC_sign.bin
IceLakePlatSamplePkg/CapsuleUpdateConfig/BBR_CDR_A1_ICL_PORTS_2_3_rev30_NOSEC_sign.bin
IceLakePlatSamplePkg/CapsuleUpdateConfig/ReadMe.txt
IceLakePlatSamplePkg/CapsuleUpdateConfig/RetimerPayload.bin
IceLakePlatSamplePkg/Features/CapsuleUpdate/Tools/GenerateCapsule/GenCapsuleSysFwBios.bat
IceLakePlatSamplePkg/Features/CapsuleUpdate/Tools/GenerateCapsule/GenCapsuleSysFwEc.bat
IceLakePlatSamplePkg/Features/CapsuleUpdate/Tools/GenerateCapsule/GenCapsuleSysFwIshPdt.bat
IceLakePlatSamplePkg/Features/CapsuleUpdate/Tools/GenerateCapsule/GenCapsuleSysFwMe.bat
IceLakePlatSamplePkg/Features/CapsuleUpdate/Tools/GenerateCapsule/GenCapsuleSysFwMonolithic.bat
IceLakePlatSamplePkg/Features/CapsuleUpdate/Tools/GenerateCapsule/GenCapsuleTbtRetimer.bat
IceLakePlatSamplePkg/Features/CapsuleUpdate/Tools/GenerateCapsule/GenCapsuleTcI2cRetimer.bat

================================================================================ 
Commit: 85555e1b6acba9aba91525d22f79a639b18447d9 
Author: ClientSysFWGit <clientsysfwgit@intel.com> 
Date: 2019-09-20 15:22:50 -0700 
-------------------------------------------------------------------------------- 
[TeamCity] ICL Auto-Commit BIOS ID update CI

2019-09-11 20:21:02 -0700
Original commit date: 2019-09-11 20:21:02 -0700
Original commit hash: dccd2a5e00ee96a69692e817597ca3fd87c7f15b

-------------------------------------------------------------------------------- 
[Changed Files]
IceLakePlatSamplePkg/Tools/GenBiosId/BiosId.env

================================================================================ 
Commit: 75c4091847e7b66ef0954c1fdb1f6b3800970de1 
Author: ClientSysFWGit <clientsysfwgit@intel.com> 
Date: 2019-09-20 15:22:48 -0700 
-------------------------------------------------------------------------------- 
[TeamCity] ICL Auto-Commit DailyUpdate_FSP/RC version CI Increment FSP Revision Number and reset FSP Build Number to 1

2019-09-11 20:05:08 -0700
Original commit date: 2019-09-11 20:05:08 -0700
Original commit hash: fcdbb09004539138a4bfb83494fa065e2fc721bc

-------------------------------------------------------------------------------- 
[Changed Files]
IceLakeFspPkg/IceLakeFspPkg.dec
IceLakeSiliconPkg/SiPkg.dec

================================================================================ 
Commit: 8ab41043f5fe9aedfe44e33a3a4a863bac67cb94 
Author: ClientSysFWGit <clientsysfwgit@intel.com> 
Date: 2019-09-20 15:22:47 -0700 
-------------------------------------------------------------------------------- 
IceLakePlatSamplePkg: TXT remains enabled either by disabling the TPM or on loading defaults

TXT should be disabled if the platform did not initialize a TPM device.
This set of changes add the required dependencies and infrastructure for the
TxtPei library to correctly detect the TPM device presence across the different
build targets: EDK, FSP API mode and FSP Dispatch mode.

Hsd-es-id: 1607097155

Original commit date: 2019-07-24 10:54:06 -0700
Change-Id: I5e4574c87b517b62e18602c1e0040ac7aca50d87
Original commit hash: deea4cf3658fe8e1970201a95a6a06ce33d60ced

-------------------------------------------------------------------------------- 
[Changed Files]
IceLakeFspPkg/IceLakeFspPkg.dsc
IceLakeOpenBoardPkg/IclUDdr4Type3Tcpd/OpenBoardPkg.dsc
IceLakeOpenBoardPkg/IclUDdr4Type3Tcpd/OpenBoardPkg.fdf
IceLakePlatSamplePkg/Features/Txt/Library/TpmInitDoneDepLib/TpmInitDoneDepLib.c
IceLakePlatSamplePkg/PlatformInit/PlatformInitPei/PlatformInitPreMem.c
IceLakePlatSamplePkg/PlatformInit/PlatformInitPei/PlatformInitPreMem.inf
IceLakePlatSamplePkg/PlatformInit/PlatformInitPei/PlatformInitPreMemFsp.inf
IceLakePlatSamplePkg/PlatformPkg.dsc
IceLakePlatSamplePkg/PlatformPkg.fdf
IceLakeSiliconPkg/Cpu/Library/Private/PeiTxtLib/PeiTxtLibFsp.inf
IceLakeSiliconPkg/Cpu/Library/Private/PeiTxtLib/TxtPei.c
IceLakeSiliconPkg/Cpu/Library/Private/PeiTxtLib/TxtPeiLib.c

================================================================================ 
Commit: e16b9509e5489bfc26d709e9a66e9b68addd6bbc 
Author: ClientSysFWGit <clientsysfwgit@intel.com> 
Date: 2019-09-20 15:22:43 -0700 
-------------------------------------------------------------------------------- 
[TeamCity] ICL Auto-Commit BIOS ID update CI

2019-09-10 20:21:40 -0700
Original commit date: 2019-09-10 20:21:40 -0700
Original commit hash: d7d807a808137b81674f4884e30d1e47c4008937

-------------------------------------------------------------------------------- 
[Changed Files]
IceLakePlatSamplePkg/Tools/GenBiosId/BiosId.env

================================================================================ 
Commit: cfc63ae3b26d406299a9e15554af3901e8c09c3d 
Author: ClientSysFWGit <clientsysfwgit@intel.com> 
Date: 2019-09-20 15:22:42 -0700 
-------------------------------------------------------------------------------- 
[TeamCity] ICL Auto-Commit DailyUpdate_FSP/RC version CI Increment FSP Revision Number and reset FSP Build Number to 1

2019-09-10 20:07:44 -0700
Original commit date: 2019-09-10 20:07:44 -0700
Original commit hash: bd3c4575785996c138cef12728acac68f77e3197

-------------------------------------------------------------------------------- 
[Changed Files]
IceLakeFspPkg/IceLakeFspPkg.dec
IceLakeSiliconPkg/SiPkg.dec

================================================================================ 
Commit: b47b51b3b3c968ac79abfe879c69d664ee3120a8 
Author: ClientSysFWGit <clientsysfwgit@intel.com> 
Date: 2019-09-20 15:22:40 -0700 
-------------------------------------------------------------------------------- 
[TeamCity] ICL Auto-Commit BIOS ID update CI

2019-09-10 10:11:00 -0700
Original commit date: 2019-09-10 10:11:00 -0700
Original commit hash: 93c295d7ef28826c8b0d66b5b215506eb11847a3

-------------------------------------------------------------------------------- 
[Changed Files]
IceLakePlatSamplePkg/Tools/GenBiosId/BiosId.env

================================================================================ 
Commit: 8551ea81f8a7da05c63476c1b2e3453c56808300 
Author: ClientSysFWGit <clientsysfwgit@intel.com> 
Date: 2019-09-20 15:22:39 -0700 
-------------------------------------------------------------------------------- 
[TeamCity] ICL Auto-Commit FSP Daily

2019-09-10 09:59:23 -0700
Original commit date: 2019-09-10 09:59:23 -0700
Original commit hash: c0ba32fa0585c35fe7f1483c6ac45af9631e510c

-------------------------------------------------------------------------------- 
[Changed Files]
IceLakeFspBinPkg/Fsp.bsf

================================================================================ 
Commit: 6ad08db2d49279fe0f5ae4a970be379b615b5fac 
Author: ClientSysFWGit <clientsysfwgit@intel.com> 
Date: 2019-09-20 15:22:37 -0700 
-------------------------------------------------------------------------------- 
Clean PcdIclPowerOn usage

PcdIclPowerOn is set to FALSE and is not used so can be cleaned up

Hsd-es-id: N/A
Original commit date: 2019-08-23 15:25:08 -0700
Change-Id: Ib61d24b40f42b86891423fb8900da8bd46a1b5fc
Original commit hash: 4966544649087abd12096766f2a21e91475dad1f

-------------------------------------------------------------------------------- 
[Changed Files]
IceLakeFspPkg/Upd/FspsUpd.dsc
IceLakeSiliconPkg/SiPkgBuildOption.dsc

================================================================================ 
Commit: a3d591592ad67cefae6600c37ad070cf133bdef1 
Author: ClientSysFWGit <clientsysfwgit@intel.com> 
Date: 2019-09-20 15:22:35 -0700 
-------------------------------------------------------------------------------- 
Add info text on Platform Information Menu / PCH Information to display "PMC Patch Version"

Resolution: 1. Update GET_IMAGE_FW_VERSION_Response structure based on spec.
            2. Remove nonused partition ID since the ID number might change from generation to generation.
Impacted: All ICL platform.

Original commit date: 2019-08-06 15:23:39 +0800
Change-Id: I963f052f80be2812c58640d67c126e05eb7df08e
Original commit hash: 52c2903252342003235e275d4992d111c3e01d7b

-------------------------------------------------------------------------------- 
[Changed Files]
IceLakePlatSamplePkg/Setup/PlatformSetup.c
IceLakeSiliconPkg/Me/Include/Library/DxeMeLib.h
IceLakeSiliconPkg/Me/Include/MkhiMsgs.h
IceLakeSiliconPkg/Me/Library/DxeMeLib/HeciMsgDxeLib.c

================================================================================ 
Commit: 9cb910003a425bf9b8a9e94b6eb3fa7398a63daa 
Author: ClientSysFWGit <clientsysfwgit@intel.com> 
Date: 2019-09-20 15:22:33 -0700 
-------------------------------------------------------------------------------- 
IceLakePlatSamplePkg: [ICL][PPV] New camera sensor OV13858 is not supported for ICLY PPV board.

Resolution:  Add new camera OV13858 support for ICLY PPV BoardId (0x16).
             Fix and update related ICLY PPV BomId (0x7).

Hsd-es-id: 1409704606
Original commit date: 2019-09-09 21:42:17 +0800
Change-Id: I0fb28c7a023cbab4d1c634e30eaa1136b626ba07
Original commit hash: 94fe8e0564a40b3829aee43fc7203f1d1acf519f

-------------------------------------------------------------------------------- 
[Changed Files]
IceLakePlatSamplePkg/Board/Others/DxeBoardInitLib/BoardInitLib.c
IceLakePlatSamplePkg/Board/Others/PeiBoardInitLib/BoardInitPreMemLib.c
IceLakePlatSamplePkg/Include/PlatformBoardId.h

================================================================================ 
Commit: 4f4bcb704a556c0707c463e155b4b7453808dd16 
Author: ClientSysFWGit <clientsysfwgit@intel.com> 
Date: 2019-09-20 15:22:32 -0700 
-------------------------------------------------------------------------------- 
[TeamCity] ICL Auto-Commit BIOS ID update CI

2019-09-09 20:22:32 -0700
Original commit date: 2019-09-09 20:22:32 -0700
Original commit hash: 7e9017ecbe63a0cb870d0692209ea8ece700295e

-------------------------------------------------------------------------------- 
[Changed Files]
IceLakePlatSamplePkg/Tools/GenBiosId/BiosId.env

================================================================================ 
Commit: c7770e97d81a36cc3a2ea005a2b20b4ed4427553 
Author: ClientSysFWGit <clientsysfwgit@intel.com> 
Date: 2019-09-20 15:22:30 -0700 
-------------------------------------------------------------------------------- 
[TeamCity] ICL Auto-Commit WeeklyUpdate_FSP/RC version CI Increment FSP Revision Number and reset FSP Build Number to 1

2019-09-09 20:15:03 -0700
Original commit date: 2019-09-09 20:15:03 -0700
Original commit hash: 8f464881f6bc9f960fa30395526a8ba727113801

-------------------------------------------------------------------------------- 
[Changed Files]
IceLakeFspPkg/IceLakeFspPkg.dec
IceLakeSiliconPkg/SiPkg.dec

================================================================================ 
Commit: 50a356e713034458851b574fa4acd43fe8ab6d0e 
Author: ClientSysFWGit <clientsysfwgit@intel.com> 
Date: 2019-09-20 15:22:28 -0700 
-------------------------------------------------------------------------------- 
[TeamCity] ICL Auto-Commit DailyUpdate_FSP/RC version CI Increment FSP Revision Number and reset FSP Build Number to 1

2019-09-09 20:07:43 -0700
Original commit date: 2019-09-09 20:07:43 -0700
Original commit hash: e144e38dc5744f025696911f61ea188f823512d5

-------------------------------------------------------------------------------- 
[Changed Files]
IceLakeFspPkg/IceLakeFspPkg.dec
IceLakeSiliconPkg/SiPkg.dec

================================================================================ 
Commit: 5f31d1ad3901eb5e1c67df60250439559e4ce13c 
Author: ClientSysFWGit <clientsysfwgit@intel.com> 
Date: 2019-09-20 15:22:27 -0700 
-------------------------------------------------------------------------------- 
Update MRC Release Notes and increment MRC build revision

2019-09-10 00:07:19 +0000
Original commit date: 2019-09-10 00:07:19 +0000
Original commit hash: 7699191e33ab1b57773bdc2ecd9ab06f1823d9bb

-------------------------------------------------------------------------------- 
[Changed Files]
IceLakeSiliconPkg/SystemAgent/MemoryInit/LibraryPrivate/PeiMemoryInitLib/Source/Include/MrcVersion.h

================================================================================ 
Commit: 4edaef6c7ce47c4bc0b260fdbe8e33fac8a4d9c9 
Author: ClientSysFWGit <clientsysfwgit@intel.com> 
Date: 2019-09-20 15:22:25 -0700 
-------------------------------------------------------------------------------- 
[ICL MRC][1408981236][Update mrcCallTable - add call to Read/Write Voltage & Timing 2D after Late Command training]

Add call to the following functions after command training:
 MrcWriteVoltageCentering2D()
 MrcReadVoltageCentering2D()
 MrcWriteTimingCentering2D()
 MrcReadTimingCentering2D()

Add the following MrcOemStatusCommands  to  disable printing in the above function:

  OemNPReadVoltCentering2D, ///< before Read Voltage Centering 2D with NO Print.
  OemNPWriteDqDqs2D,        ///< before Write Timing Centering 2D with NO Print
  OemNPReadDqDqs2D,         ///< before Read Timing Centering 2D with NO Print

Additional changes:
1. Add print flag parameters to ReadVoltageCentering2D() and DataTimeCentering2D()
2. Remove SOC ODT adjustment in ReadOdt training
3. Reduce printing in specific calls for CmdVoltageCentering()

Hsd-es-id: 1408981236
Original commit date: 2019-02-20 00:08:48 +0200
Change-Id: I1153650303ece59a4673d9b8dafb03270af6b1c4
Original commit hash: 6000806d6f87ced517b01d9f6440fa55a63366cb

-------------------------------------------------------------------------------- 
[Changed Files]
IceLakeSiliconPkg/SystemAgent/MemoryInit/Include/MrcInterface.h
IceLakeSiliconPkg/SystemAgent/MemoryInit/LibraryPrivate/PeiMemoryInitLib/Source/Api/MrcStartMemoryConfiguration.c
IceLakeSiliconPkg/SystemAgent/MemoryInit/LibraryPrivate/PeiMemoryInitLib/Source/Include/MrcCommandTraining.h
IceLakeSiliconPkg/SystemAgent/MemoryInit/LibraryPrivate/PeiMemoryInitLib/Source/ReadTraining/MrcReadDqDqs.c
IceLakeSiliconPkg/SystemAgent/MemoryInit/LibraryPrivate/PeiMemoryInitLib/Source/Services/MrcCommandTraining.c
IceLakeSiliconPkg/SystemAgent/MemoryInit/LibraryPrivate/PeiMemoryInitLib/Source/Services/MrcCommon.c
IceLakeSiliconPkg/SystemAgent/MemoryInit/LibraryPrivate/PeiMemoryInitLib/Source/Services/MrcCrosser.c
IceLakeSiliconPkg/SystemAgent/MemoryInit/LibraryPrivate/PeiMemoryInitLib/Source/Services/MrcMcConfiguration.c
IceLakeSiliconPkg/SystemAgent/MemoryInit/LibraryPrivate/PeiMemoryInitLib/Source/WriteTraining/MrcWriteDqDqs.c

================================================================================ 
Commit: 46f6e7e923f9c72b6eeca28c8f38c949fb6c05b5 
Author: ClientSysFWGit <clientsysfwgit@intel.com> 
Date: 2019-09-20 15:22:22 -0700 
-------------------------------------------------------------------------------- 
[ICL YN42/Y42][D2][RS5][PM]: VCCIN_AUX  voltage sometimes staying high in S0ix

SPI_CLK_PWR_GATE_CNTRL register is programmed to correct value as per SIP_SPI_HAS.docx

Hsd-es-id: 1607612817
Original commit date: 2019-09-09 09:29:43 -0700
Change-Id: Ie1f51ab1cdf546e7ba82eba15bee3e7f36686856
Original commit hash: 3049ee06fe34c7894d863dddd0ee9f068067db0a

-------------------------------------------------------------------------------- 
[Changed Files]
IceLakeSiliconPkg/Pch/Library/Private/PeiEspiInitLib/PeiEspiInitLib.c

================================================================================ 
Commit: 5c8a0f0b40f9d04110027c4b032f5c51f46a134f 
Author: ClientSysFWGit <clientsysfwgit@intel.com> 
Date: 2019-09-20 15:22:20 -0700 
-------------------------------------------------------------------------------- 
[TeamCity] ICL Auto-Commit BIOS ID update CI

2019-09-08 20:18:30 -0700
Original commit date: 2019-09-08 20:18:30 -0700
Original commit hash: f898a3c5de445bbc184fb0cd439352afbd5ef6ab

-------------------------------------------------------------------------------- 
[Changed Files]
IceLakePlatSamplePkg/Tools/GenBiosId/BiosId.env

================================================================================ 
Commit: 74bc725504cd96d9a3ab1b5a3cebd2a36ef33031 
Author: ClientSysFWGit <clientsysfwgit@intel.com> 
Date: 2019-09-20 15:22:19 -0700 
-------------------------------------------------------------------------------- 
[TeamCity] ICL Auto-Commit DailyUpdate_FSP/RC version CI Increment FSP Revision Number and reset FSP Build Number to 1

2019-09-08 20:05:20 -0700
Original commit date: 2019-09-08 20:05:20 -0700
Original commit hash: 3b92f66d15915815ed689bbe0b3bbaa4636a9268

-------------------------------------------------------------------------------- 
[Changed Files]
IceLakeFspPkg/IceLakeFspPkg.dec
IceLakeSiliconPkg/SiPkg.dec

================================================================================ 
Commit: ed682735c48f0127b9588ef061bc1c2136d2a9e9 
Author: ClientSysFWGit <clientsysfwgit@intel.com> 
Date: 2019-09-20 15:22:17 -0700 
-------------------------------------------------------------------------------- 
[TeamCity] ICL Auto-Commit BIOS ID update CI

2019-09-07 20:21:50 -0700
Original commit date: 2019-09-07 20:21:50 -0700
Original commit hash: bdee2d7e5a14a4d3ec31dbf1a5697afab2c3c1ae

-------------------------------------------------------------------------------- 
[Changed Files]
IceLakePlatSamplePkg/Tools/GenBiosId/BiosId.env

================================================================================ 
Commit: ca4b30088e6c520bc1fa8c68050999596b659c12 
Author: ClientSysFWGit <clientsysfwgit@intel.com> 
Date: 2019-09-20 15:22:15 -0700 
-------------------------------------------------------------------------------- 
[TeamCity] ICL Auto-Commit DailyUpdate_FSP/RC version CI Increment FSP Revision Number and reset FSP Build Number to 1

2019-09-07 20:06:33 -0700
Original commit date: 2019-09-07 20:06:33 -0700
Original commit hash: 618222d00cfd3adf429699830f614a7bae2c6896

-------------------------------------------------------------------------------- 
[Changed Files]
IceLakeFspPkg/IceLakeFspPkg.dec
IceLakeSiliconPkg/SiPkg.dec

================================================================================ 
Commit: 9401f237ab3d56e4cc4e322bbd5fec0519249287 
Author: ClientSysFWGit <clientsysfwgit@intel.com> 
Date: 2019-09-20 15:22:14 -0700 
-------------------------------------------------------------------------------- 
[TeamCity] ICL Auto-Commit BIOS ID update CI

2019-09-06 20:25:07 -0700
Original commit date: 2019-09-06 20:25:07 -0700
Original commit hash: 04d0ba26373e2d173bf80c547dc236535d4e67be

-------------------------------------------------------------------------------- 
[Changed Files]
IceLakePlatSamplePkg/Tools/GenBiosId/BiosId.env

================================================================================ 
Commit: ea2d58b150d121b8a9a64d55b762fac81547542a 
Author: ClientSysFWGit <clientsysfwgit@intel.com> 
Date: 2019-09-20 15:22:12 -0700 
-------------------------------------------------------------------------------- 
[TeamCity] ICL Auto-Commit DailyUpdate_FSP/RC version CI Increment FSP Revision Number and reset FSP Build Number to 1

2019-09-06 20:06:59 -0700
Original commit date: 2019-09-06 20:06:59 -0700
Original commit hash: 76fafb48a5db468214dbe207457c0d06d13ab4f9

-------------------------------------------------------------------------------- 
[Changed Files]
IceLakeFspPkg/IceLakeFspPkg.dec
IceLakeSiliconPkg/SiPkg.dec

================================================================================ 
Commit: 4b17e079a143e9a7e164787e70b0c7729c2b90d4 
Author: ClientSysFWGit <clientsysfwgit@intel.com> 
Date: 2019-09-20 15:22:10 -0700 
-------------------------------------------------------------------------------- 
[TeamCity] ICL Auto-Commit BIOS ID update CI

2019-09-05 20:35:34 -0700
Original commit date: 2019-09-05 20:35:34 -0700
Original commit hash: 9776df286c247812eeaf0aaca42b0f8103fcb6a5

-------------------------------------------------------------------------------- 
[Changed Files]
IceLakePlatSamplePkg/Tools/GenBiosId/BiosId.env

================================================================================ 
Commit: aedeee3d2eb19088ca7cf53358792d9f1ee25dd9 
Author: ClientSysFWGit <clientsysfwgit@intel.com> 
Date: 2019-09-20 15:22:09 -0700 
-------------------------------------------------------------------------------- 
[TeamCity] ICL Auto-Commit DailyUpdate_FSP/RC version CI Increment FSP Revision Number and reset FSP Build Number to 1

2019-09-05 20:09:36 -0700
Original commit date: 2019-09-05 20:09:36 -0700
Original commit hash: 52376fae26b25dea96d2dee35907e7bba031bb99

-------------------------------------------------------------------------------- 
[Changed Files]
IceLakeFspPkg/IceLakeFspPkg.dec
IceLakeSiliconPkg/SiPkg.dec

================================================================================ 
Commit: c3cd820e291a0bdb176ff5bced15379fb372ba9a 
Author: ClientSysFWGit <clientsysfwgit@intel.com> 
Date: 2019-09-20 15:22:07 -0700 
-------------------------------------------------------------------------------- 
ICL BIOS ID minor version update to 3363.01

BIOS ID change from 3363.00 to 3363.01

Hsd-es-id: No-HSD
Original commit date: 2019-09-05 15:25:37 -0700
Change-Id: I5cb49be80c39249e0520f4dc2c55a2d108aff5c7
Original commit hash: 28fa168af4a1ca25312ef6c76b9f2a350e99d23e

-------------------------------------------------------------------------------- 
[Changed Files]
IceLakePlatSamplePkg/Tools/GenBiosId/BiosId.env

================================================================================ 
Commit: e8ad5bc82206eac55cac9f4b7c0a2908101c5e5c 
Author: ClientSysFWGit <clientsysfwgit@intel.com> 
Date: 2019-09-20 15:22:06 -0700 
-------------------------------------------------------------------------------- 
Integrate New IceLake Microcode Patch 0x44

Update Microcode Patch

Hsd-es-id: No HSD
Original commit date: 2019-09-05 14:47:58 -0700
Change-Id: I5103eb7a9981f8a1b79a7bac0fb16aa6116856ed
Original commit hash: 650628d553c9cef71c9419669aaae96cfbb82d03

-------------------------------------------------------------------------------- 
[Changed Files]
IceLakeOpenBoardPkg/IclUDdr4Type3Tcpd/OpenBoardPkg.fdf
IceLakePlatSamplePkg/PlatformPkg.fdf

================================================================================ 
Commit: 354c5ce50fb841fc809ab9e96918951a9c3ee43a 
Author: ClientSysFWGit <clientsysfwgit@intel.com> 
Date: 2019-09-20 15:22:04 -0700 
-------------------------------------------------------------------------------- 
[TeamCity] ICL Auto-Commit BIOS ID update CI

2019-09-04 20:23:42 -0700
Original commit date: 2019-09-04 20:23:42 -0700
Original commit hash: 55e82cb5ca1bb14fce8ae268f8f14d1fbc2dfc1c

-------------------------------------------------------------------------------- 
[Changed Files]
IceLakePlatSamplePkg/Tools/GenBiosId/BiosId.env

================================================================================ 
Commit: 8db067d4aa2cb07209caf7ed11a7c6cb5754e6b0 
Author: ClientSysFWGit <clientsysfwgit@intel.com> 
Date: 2019-09-20 15:22:02 -0700 
-------------------------------------------------------------------------------- 
[TeamCity] ICL Auto-Commit DailyUpdate_FSP/RC version CI Increment FSP Revision Number and reset FSP Build Number to 1

2019-09-04 20:08:44 -0700
Original commit date: 2019-09-04 20:08:44 -0700
Original commit hash: 07c7239240cc75889ed01232aa6e16a2a20ec539

-------------------------------------------------------------------------------- 
[Changed Files]
IceLakeFspPkg/IceLakeFspPkg.dec
IceLakeSiliconPkg/SiPkg.dec

================================================================================ 
Commit: 308017bd190e90b1f1c2c280e15130a10ce35206 
Author: ClientSysFWGit <clientsysfwgit@intel.com> 
Date: 2019-09-20 15:22:00 -0700 
-------------------------------------------------------------------------------- 
[TeamCity] ICL Auto-Commit BIOS ID update CI

2019-09-03 20:26:56 -0700
Original commit date: 2019-09-03 20:26:56 -0700
Original commit hash: 6a5776b30321d0ee6d6de14fbd80267a43c3346b

-------------------------------------------------------------------------------- 
[Changed Files]
IceLakePlatSamplePkg/Tools/GenBiosId/BiosId.env

================================================================================ 
Commit: 6bb2b8e706942ae2db99ba6089347e7f2b72c519 
Author: ClientSysFWGit <clientsysfwgit@intel.com> 
Date: 2019-09-20 15:21:59 -0700 
-------------------------------------------------------------------------------- 
[TeamCity] ICL Auto-Commit DailyUpdate_FSP/RC version CI Increment FSP Revision Number and reset FSP Build Number to 1

2019-09-03 20:18:48 -0700
Original commit date: 2019-09-03 20:18:48 -0700
Original commit hash: 92ab5784a2aaba273512830ccae98a4ffbab7bb7

-------------------------------------------------------------------------------- 
[Changed Files]
IceLakeFspPkg/IceLakeFspPkg.dec
IceLakeSiliconPkg/SiPkg.dec

================================================================================ 
Commit: 0060c4e544a4e1c798dbb73903ab65b09df6c213 
Author: ClientSysFWGit <clientsysfwgit@intel.com> 
Date: 2019-09-20 15:21:57 -0700 
-------------------------------------------------------------------------------- 
[TeamCity] ICL Auto-Commit BIOS ID update CI

2019-09-03 11:36:45 -0700
Original commit date: 2019-09-03 11:36:45 -0700
Original commit hash: 45c0c65addbc7513ce1f384e8e62daa51ccd70e8

-------------------------------------------------------------------------------- 
[Changed Files]
IceLakePlatSamplePkg/Tools/GenBiosId/BiosId.env

================================================================================ 
Commit: 182d02cb6d8858532a966c1b72cd673dc41a8cfc 
Author: ClientSysFWGit <clientsysfwgit@intel.com> 
Date: 2019-09-20 15:21:55 -0700 
-------------------------------------------------------------------------------- 
Title: [1409704606] [ICL][PPV] New camera sensor OV13858 is not supported for ICLY PV

Resolution:  Add new camera OV13858 support for ICLY

Hsd-es-id: 1409704606
Original commit date: 2019-08-23 13:58:44 +0800
Change-Id: Iff5246a96fc20274ef2c759a0b44898e7ab98a3a
Original commit hash: 236ac311b9a5c03cb34683637b75962f785a87ef

-------------------------------------------------------------------------------- 
[Changed Files]
IceLakePlatSamplePkg/Board/Include/OtherBoardConfigPatchTable.h
IceLakePlatSamplePkg/Board/Others/DxeBoardInitLib/BoardInitLib.c
IceLakePlatSamplePkg/Board/Others/PeiBoardInitLib/BoardInitPreMemLib.c
IceLakePlatSamplePkg/Setup/SaSetup.hfr
IceLakePlatSamplePkg/Setup/SaSetup.uni

================================================================================ 
Commit: 1165ac620db8900a6c5c1d2b20cbc683d5bef99c 
Author: ClientSysFWGit <clientsysfwgit@intel.com> 
Date: 2019-09-20 15:21:53 -0700 
-------------------------------------------------------------------------------- 
[TeamCity] ICL Auto-Commit BIOS ID update CI

2019-09-02 20:20:20 -0700
Original commit date: 2019-09-02 20:20:20 -0700
Original commit hash: e61ca1786e702192da9802b61257bc373f9e4d14

-------------------------------------------------------------------------------- 
[Changed Files]
IceLakePlatSamplePkg/Tools/GenBiosId/BiosId.env

================================================================================ 
Commit: d12e5b3b7f219e8ccba912563edb5a2b7381fb50 
Author: ClientSysFWGit <clientsysfwgit@intel.com> 
Date: 2019-09-20 15:21:52 -0700 
-------------------------------------------------------------------------------- 
[TeamCity] ICL Auto-Commit WeeklyUpdate_FSP/RC version CI Increment FSP Revision Number and reset FSP Build Number to 1

2019-09-02 20:14:53 -0700
Original commit date: 2019-09-02 20:14:53 -0700
Original commit hash: 26c5f33beedd6edd1339b25c68664a356e757415

-------------------------------------------------------------------------------- 
[Changed Files]
IceLakeFspPkg/IceLakeFspPkg.dec
IceLakeSiliconPkg/SiPkg.dec

================================================================================ 
Commit: 95336136a915b159ecd4fd3ac297d3b359f54e95 
Author: ClientSysFWGit <clientsysfwgit@intel.com> 
Date: 2019-09-20 15:21:50 -0700 
-------------------------------------------------------------------------------- 
[TeamCity] ICL Auto-Commit DailyUpdate_FSP/RC version CI Increment FSP Revision Number and reset FSP Build Number to 1

2019-09-02 20:05:00 -0700
Original commit date: 2019-09-02 20:05:00 -0700
Original commit hash: 1fcc042aafab4837f223ac78a0a0dae3b96dbafd

-------------------------------------------------------------------------------- 
[Changed Files]
IceLakeFspPkg/IceLakeFspPkg.dec
IceLakeSiliconPkg/SiPkg.dec

================================================================================ 
Commit: c1793d032a3fefed975d652e498455fdfe376b2a 
Author: ClientSysFWGit <clientsysfwgit@intel.com> 
Date: 2019-09-20 15:21:49 -0700 
-------------------------------------------------------------------------------- 
[TCSS]Support all mailbox interface with race condition protection

1. Return the pCode mailbox data value directly instead of re-reading the register
2. If the TCSS XHCI VID and DID is not expected after TC cold entry/exit, resend the
   pCode mailbox to clear/restore the TCSS DEVEN, maximum retry 5 times.

Hsd-es-id: 2208279143
Original commit date: 2019-08-12 12:14:41 +0800
Change-Id: Icc058c6349f3bdc6307f1b1843e0a89355acb87e
Original commit hash: 648b53c0664211a7a8693fc54a0dfe5185d05713

-------------------------------------------------------------------------------- 
[Changed Files]
IceLakeSiliconPkg/SystemAgent/AcpiTables/TcssSsdt/TcssSsdt.asl
IceLakeSiliconPkg/SystemAgent/AcpiTables/TcssSsdt/TcssXhci.asl
IceLakeSiliconPkg/SystemAgent/AcpiTables/TcssSsdt/XdciOp.asl

================================================================================ 
Commit: 7be501e5d7f44602676eedbc3156defc23f36dd6 
Author: ClientSysFWGit <clientsysfwgit@intel.com> 
Date: 2019-09-20 15:21:47 -0700 
-------------------------------------------------------------------------------- 
[TeamCity] ICL Auto-Commit BIOS ID update CI

2019-09-01 20:21:40 -0700
Original commit date: 2019-09-01 20:21:40 -0700
Original commit hash: 54428b8bb8fbd9e2719e90db8e8379d3fba8cfc6

-------------------------------------------------------------------------------- 
[Changed Files]
IceLakePlatSamplePkg/Tools/GenBiosId/BiosId.env

================================================================================ 
Commit: ceb1d1a0e3ffaed99220d571229f84bf4683632e 
Author: ClientSysFWGit <clientsysfwgit@intel.com> 
Date: 2019-09-20 15:21:46 -0700 
-------------------------------------------------------------------------------- 
[TeamCity] ICL Auto-Commit DailyUpdate_FSP/RC version CI Increment FSP Revision Number and reset FSP Build Number to 1

2019-09-01 20:08:09 -0700
Original commit date: 2019-09-01 20:08:09 -0700
Original commit hash: 30c475013173c3ae8e890b7ec6046416d70493f5

-------------------------------------------------------------------------------- 
[Changed Files]
IceLakeFspPkg/IceLakeFspPkg.dec
IceLakeSiliconPkg/SiPkg.dec

================================================================================ 
Commit: b93f06aacb9036627906f2952f3b5f30a7194828 
Author: ClientSysFWGit <clientsysfwgit@intel.com> 
Date: 2019-09-20 15:21:44 -0700 
-------------------------------------------------------------------------------- 
[TeamCity] ICL Auto-Commit BIOS ID update CI

2019-08-31 20:22:19 -0700
Original commit date: 2019-08-31 20:22:19 -0700
Original commit hash: e8b730370eec938e05497196eb8196668802c76c

-------------------------------------------------------------------------------- 
[Changed Files]
IceLakePlatSamplePkg/Tools/GenBiosId/BiosId.env

================================================================================ 
Commit: e8644a2a4b0c7952c50c0560f60530fe5a5d295b 
Author: ClientSysFWGit <clientsysfwgit@intel.com> 
Date: 2019-09-20 15:21:42 -0700 
-------------------------------------------------------------------------------- 
[TeamCity] ICL Auto-Commit DailyUpdate_FSP/RC version CI Increment FSP Revision Number and reset FSP Build Number to 1

2019-08-31 20:07:28 -0700
Original commit date: 2019-08-31 20:07:28 -0700
Original commit hash: a9eccda8e3c09fe408ad9b6eb0c7de8e63b54346

-------------------------------------------------------------------------------- 
[Changed Files]
IceLakeFspPkg/IceLakeFspPkg.dec
IceLakeSiliconPkg/SiPkg.dec

================================================================================ 
Commit: bb3c550c8039fb6e820c5bafb0328982d5335a7a 
Author: ClientSysFWGit <clientsysfwgit@intel.com> 
Date: 2019-09-20 15:21:41 -0700 
-------------------------------------------------------------------------------- 
[TeamCity] ICL Auto-Commit BIOS ID update CI

2019-08-30 20:21:46 -0700
Original commit date: 2019-08-30 20:21:46 -0700
Original commit hash: d1724cb7178cc74d4ca267884d28ca205927a043

-------------------------------------------------------------------------------- 
[Changed Files]
IceLakePlatSamplePkg/Tools/GenBiosId/BiosId.env

================================================================================ 
Commit: 94b91350c497e4f3a5afb14a96b5bb4aba811378 
Author: ClientSysFWGit <clientsysfwgit@intel.com> 
Date: 2019-09-20 15:21:40 -0700 
-------------------------------------------------------------------------------- 
[TeamCity] ICL Auto-Commit DailyUpdate_FSP/RC version CI Increment FSP Revision Number and reset FSP Build Number to 1

2019-08-30 20:06:42 -0700
Original commit date: 2019-08-30 20:06:42 -0700
Original commit hash: c05ae3725e594ebe2e504ff66edd32ea0ec513c4

-------------------------------------------------------------------------------- 
[Changed Files]
IceLakeFspPkg/IceLakeFspPkg.dec
IceLakeSiliconPkg/SiPkg.dec

================================================================================ 
Commit: 6c1fc3c38526c89742f4845b35d651c1e98a6ae4 
Author: ClientSysFWGit <clientsysfwgit@intel.com> 
Date: 2019-09-20 15:21:38 -0700 
-------------------------------------------------------------------------------- 
Update MRC Release Notes and increment MRC build revision

2019-08-30 18:56:23 +0000
Original commit date: 2019-08-30 18:56:23 +0000
Original commit hash: 041028ae877bbfa8c91b929e17e3b409e8f924a3

-------------------------------------------------------------------------------- 
[Changed Files]
IceLakeSiliconPkg/SystemAgent/MemoryInit/LibraryPrivate/PeiMemoryInitLib/Source/Include/MrcVersion.h

================================================================================ 
Commit: ca6ae9fbe15dd657b11711ef411fb214d50cc6f3 
Author: ClientSysFWGit <clientsysfwgit@intel.com> 
Date: 2019-09-20 15:21:36 -0700 
-------------------------------------------------------------------------------- 
[HSD-ES][client_platf][bug][1306617863][ICL MRC][RdOdt training is not optimizing for Power in Gear2 mode]

Issue:
  RdOdt training is not optimizing for Power in Gear2 mode at 2133 (SAGV Low).
  Instead, it picks strong RdOdt values similar to those at 3733/G2.
Root Cause:
  RdT Pwr Limit in Gear2 is twice the value in Gear1.
  TrainDDROptParam is using this value for GetBERMargin search as MaxMargin, and we need a bigger limit.
Solution:
  Increase the MaxMargin in TrainDDROptParam for RdT Gear2.

Hsd-es-id: 1306617863
Original commit date: 2019-08-29 15:21:15 -0700
Change-Id: I630c4bdfb5e76f7613422640b50dd072d316cdfd
Original commit hash: 0da3a472b9998f35bd7dd63893cc30d246d040c2

-------------------------------------------------------------------------------- 
[Changed Files]
IceLakeSiliconPkg/SystemAgent/MemoryInit/LibraryPrivate/PeiMemoryInitLib/Source/Services/MrcCrosser.c

================================================================================ 
Commit: fbb4a393748bc7ee3ebc6eae012266115ff09c57 
Author: ClientSysFWGit <clientsysfwgit@intel.com> 
Date: 2019-09-20 15:21:34 -0700 
-------------------------------------------------------------------------------- 
[ICL] BT-7594: Abort remote LL operations on controller error

If the host initiates a remote LL control procedure (connection,
disconnection, parameter update, etc), and the controller becomes
unresponsive (due to RFKILL, FW crash, etc) before there is a response
from the remote device, the stack would wait for a long time for the
remote ooperation to time out, resulting in a system freeze. This
change aborts the remote LL operation immediately on detecting that the
controller interface is down, which triggers the graceful cleanup
process and prevents a system hang.

Hsd-es-id: 1606848594
Original commit date: 2019-08-07 13:54:23 +0800
Change-Id: I0aa861391bd8444892876125b9943f1273b675d3
Original commit hash: d7b3af7aeb59995479e9a7041e811784cae876ac

-------------------------------------------------------------------------------- 
[Changed Files]
BpCommonPkg/Bluetooth/BluetoothBusDxe/iLE/core/inc/gap.h
BpCommonPkg/Bluetooth/BluetoothBusDxe/iLE/core/src/gap.c
BpCommonPkg/Bluetooth/BluetoothBusDxe/iLE/core/src/hci.c

================================================================================ 
Commit: 4680b911cd55c153b260e84f53559cbce7b73ed5 
Author: ClientSysFWGit <clientsysfwgit@intel.com> 
Date: 2019-09-20 15:21:31 -0700 
-------------------------------------------------------------------------------- 
Core ratio limit overrides reverts back to '0' on loading Bios defaults

Problem: Core ratio limit values are retaining 0 after Load defaults
Solution: Updated setup variable to 0 while loading to defaults

Unit TestDone:
1. Core ratio limit values are retaining to its original values after load defaults
2. Checked OS boot status for
   1. SPI-FSP   -Release &Debug

Hsd-es-id: 1607589266
Original commit date: 2019-08-22 22:41:54 +0530
Change-Id: I822d035c4736312d89901268f5629e7e4d0ff02b
Original commit hash: fd47e07c5304798e6bb03608a8c0b4adc8b18b3c

-------------------------------------------------------------------------------- 
[Changed Files]
IceLakePlatSamplePkg/Setup/CpuSetup.c

================================================================================ 
Commit: 3fb8eba648d291e30401678d18d0e197c0eb6bd9 
Author: ClientSysFWGit <clientsysfwgit@intel.com> 
Date: 2019-09-20 15:21:30 -0700 
-------------------------------------------------------------------------------- 
[ICL] RTC wake fail at RVP

FIX_RTC flag in FADT ACPI table with Legacy RTC causes OS to ignore RTC status

Hsd-es-id: 1607656211
Original commit date: 2019-08-22 14:39:35 -0700
Change-Id: I9db28da15b3cacad5fcfee8e77d4ff0bef2e7338
Original commit hash: 33bea3b4c182bba61c8be81e802c8f17878f1bda

-------------------------------------------------------------------------------- 
[Changed Files]
IceLakePlatSamplePkg/Acpi/AcpiTables/AcpiPlatform/Dxe/AcpiPlatform.c
IceLakePlatSamplePkg/Acpi/AcpiTables/Fadt/Fadt6.1.h

================================================================================ 
Commit: f615ffd5b990bfa3fa584f453f8c3a3b10fb9e63 
Author: ClientSysFWGit <clientsysfwgit@intel.com> 
Date: 2019-09-20 15:21:28 -0700 
-------------------------------------------------------------------------------- 
[TeamCity] ICL Auto-Commit BIOS ID update CI

2019-08-29 20:21:54 -0700
Original commit date: 2019-08-29 20:21:54 -0700
Original commit hash: a40b51dc60200e81052b31c3b7223f09ede0e991

-------------------------------------------------------------------------------- 
[Changed Files]
IceLakePlatSamplePkg/Tools/GenBiosId/BiosId.env

================================================================================ 
Commit: d4bd8c63acd038826cf6624e33cef3c048f8b190 
Author: ClientSysFWGit <clientsysfwgit@intel.com> 
Date: 2019-09-20 15:21:26 -0700 
-------------------------------------------------------------------------------- 
[TeamCity] ICL Auto-Commit DailyUpdate_FSP/RC version CI Increment FSP Revision Number and reset FSP Build Number to 1

2019-08-29 20:06:59 -0700
Original commit date: 2019-08-29 20:06:59 -0700
Original commit hash: 1585922dc6aa6fb3ef24aa74a7546032bfec185b

-------------------------------------------------------------------------------- 
[Changed Files]
IceLakeFspPkg/IceLakeFspPkg.dec
IceLakeSiliconPkg/SiPkg.dec

================================================================================ 
Commit: 3e86ed55dcfc64a93fb6c2116dd7650b009585ad 
Author: ClientSysFWGit <clientsysfwgit@intel.com> 
Date: 2019-09-20 15:21:24 -0700 
-------------------------------------------------------------------------------- 
[TeamCity] ICL Auto-Commit BIOS ID update CI

2019-08-28 20:28:40 -0700
Original commit date: 2019-08-28 20:28:40 -0700
Original commit hash: c70d9ddcb6fb77b9981e445361d3cfde925fb7fc

-------------------------------------------------------------------------------- 
[Changed Files]
IceLakePlatSamplePkg/Tools/GenBiosId/BiosId.env

================================================================================ 
Commit: 47ffb4842118e971f302775eda1f5440eceb5692 
Author: ClientSysFWGit <clientsysfwgit@intel.com> 
Date: 2019-09-20 15:21:22 -0700 
-------------------------------------------------------------------------------- 
[TeamCity] ICL Auto-Commit DailyUpdate_FSP/RC version CI Increment FSP Revision Number and reset FSP Build Number to 1

2019-08-28 20:21:23 -0700
Original commit date: 2019-08-28 20:21:23 -0700
Original commit hash: bb08e383e0d3c26d6b1ae0de1289e943cb618d87

-------------------------------------------------------------------------------- 
[Changed Files]
IceLakeFspPkg/IceLakeFspPkg.dec
IceLakeSiliconPkg/SiPkg.dec

================================================================================ 
Commit: d483be75b737f4bac144f2fd9f62513add8eea51 
Author: ClientSysFWGit <clientsysfwgit@intel.com> 
Date: 2019-09-20 15:21:21 -0700 
-------------------------------------------------------------------------------- 
[TeamCity] ICL Auto-Commit BIOS ID update CI

2019-08-27 20:22:48 -0700
Original commit date: 2019-08-27 20:22:48 -0700
Original commit hash: 324419891918c8fa5955ef0e5491200f1f135028

-------------------------------------------------------------------------------- 
[Changed Files]
IceLakePlatSamplePkg/Tools/GenBiosId/BiosId.env

================================================================================ 
Commit: ff17561d3439977de45eb2fde3f5c4d620accad2 
Author: ClientSysFWGit <clientsysfwgit@intel.com> 
Date: 2019-09-20 15:21:19 -0700 
-------------------------------------------------------------------------------- 
[TeamCity] ICL Auto-Commit DailyUpdate_FSP/RC version CI Increment FSP Revision Number and reset FSP Build Number to 1

2019-08-27 20:16:30 -0700
Original commit date: 2019-08-27 20:16:30 -0700
Original commit hash: ff7a0e5384ef9837e3e6e66085d1cff13779bb3d

-------------------------------------------------------------------------------- 
[Changed Files]
IceLakeFspPkg/IceLakeFspPkg.dec
IceLakeSiliconPkg/SiPkg.dec

================================================================================ 
Commit: 43a7d2592e2c668f53b29025cf3f1ad7e354bac6 
Author: ClientSysFWGit <clientsysfwgit@intel.com> 
Date: 2019-09-20 15:21:18 -0700 
-------------------------------------------------------------------------------- 
[TeamCity] ICL Auto-Commit BIOS ID update CI

2019-08-27 10:02:04 -0700
Original commit date: 2019-08-27 10:02:04 -0700
Original commit hash: 84d9142c8882d637ccde67a4d38306d0892ffa75

-------------------------------------------------------------------------------- 
[Changed Files]
IceLakePlatSamplePkg/Tools/GenBiosId/BiosId.env

================================================================================ 
Commit: f6390af304fa143c80618ad483f5c8c9b2c808f5 
Author: ClientSysFWGit <clientsysfwgit@intel.com> 
Date: 2019-09-20 15:21:16 -0700 
-------------------------------------------------------------------------------- 
Integrate New IceLake Microcode Patch 0x44

Update Microcode Patch

Hsd-es-id: No HSD
Original commit date: 2019-08-27 08:35:31 -0700
Change-Id: I183d76b8b98b17a8c35aca55d3abebde2ba04766
Original commit hash: 8c2b461491acfa8ad68ccb389e0f8526f55cf189

-------------------------------------------------------------------------------- 
[Changed Files]
IceLakeOpenBoardPkg/IclUDdr4Type3Tcpd/OpenBoardPkg.fdf
IceLakePlatSamplePkg/PlatformPkg.fdf

================================================================================ 
Commit: 29043eb79f6a813f750f3eb1c5c0444d5014caee 
Author: ClientSysFWGit <clientsysfwgit@intel.com> 
Date: 2019-09-20 15:21:14 -0700 
-------------------------------------------------------------------------------- 
Add BIOS logic and knob to control TBT PCIe IOMMUs VTd enabling part 2
BIOS needs to send pCode Mailbox command to enable iTBT PCie IOMMU
default is disabled

Hsd-es-id: 2208195395
Original commit date: 2019-08-22 11:09:25 +0530
Change-Id: I7b3a9c7f515dca00027a766830baefbf26a510cb
Original commit hash: 1a90e27f6cbb65ce4d5d50fef8b3002f85c4f15a

-------------------------------------------------------------------------------- 
[Changed Files]
IceLakePlatSamplePkg/Setup/SaSetup.hfr
IceLakePlatSamplePkg/Setup/SaSetup.uni

================================================================================ 
Commit: 29aaccb34fe37744c794640224c42727b8993cd1 
Author: ClientSysFWGit <clientsysfwgit@intel.com> 
Date: 2019-09-20 15:21:12 -0700 
-------------------------------------------------------------------------------- 
[TeamCity] ICL Auto-Commit BIOS ID update CI

2019-08-26 20:26:39 -0700
Original commit date: 2019-08-26 20:26:39 -0700
Original commit hash: c039f4a48041f89fc5ab18d36b2ca1b9c4bb7c20

-------------------------------------------------------------------------------- 
[Changed Files]
IceLakePlatSamplePkg/Tools/GenBiosId/BiosId.env

================================================================================ 
Commit: 5944395c439fe5eacda1c550ac05523eb69546f8 
Author: ClientSysFWGit <clientsysfwgit@intel.com> 
Date: 2019-09-20 15:21:10 -0700 
-------------------------------------------------------------------------------- 
[TeamCity] ICL Auto-Commit WeeklyUpdate_FSP/RC version CI Increment FSP Revision Number and reset FSP Build Number to 1

2019-08-26 20:19:12 -0700
Original commit date: 2019-08-26 20:19:12 -0700
Original commit hash: 808d1540204656e9346b8e84332b42797a9987b1

-------------------------------------------------------------------------------- 
[Changed Files]
IceLakeFspPkg/IceLakeFspPkg.dec
IceLakeSiliconPkg/SiPkg.dec

================================================================================ 
Commit: 9ad600f2fec83d97ddb3e451e35d6d859e1638e1 
Author: ClientSysFWGit <clientsysfwgit@intel.com> 
Date: 2019-09-20 15:21:08 -0700 
-------------------------------------------------------------------------------- 
[TeamCity] ICL Auto-Commit DailyUpdate_FSP/RC version CI Increment FSP Revision Number and reset FSP Build Number to 1

2019-08-26 20:04:42 -0700
Original commit date: 2019-08-26 20:04:42 -0700
Original commit hash: 1ae75393aece08c37c5154c3e877991e39ea940b

-------------------------------------------------------------------------------- 
[Changed Files]
IceLakeFspPkg/IceLakeFspPkg.dec
IceLakeSiliconPkg/SiPkg.dec

================================================================================ 
Commit: 9cebca99fe0dfa94d513a90c76bdb7397b3a78d1 
Author: ClientSysFWGit <clientsysfwgit@intel.com> 
Date: 2019-09-20 15:21:06 -0700 
-------------------------------------------------------------------------------- 
PcdCpuApTargetCstate definition is incorrect and used incorrectly for setting the max c-state prior to OS boot
 - Updated the Pcd Value in CpuInit to use only Target C State.

Hsd-es-Id: 2208229412
Original commit date: 2019-08-23 13:03:34 +0530
Change-Id: If487213836fc7683e1305c22593fb23786ef5272
Original commit hash: 24736e14161efad02f242e529b20400475f2360b

-------------------------------------------------------------------------------- 
[Changed Files]
IceLakeSiliconPkg/Cpu/CpuInit/Dxe/CpuInitDxe.c

================================================================================ 
Commit: e823ec6522458707866d8338f7f08c4d6c9a314a 
Author: ClientSysFWGit <clientsysfwgit@intel.com> 
Date: 2019-09-20 15:21:05 -0700 
-------------------------------------------------------------------------------- 
[TeamCity] ICL Auto-Commit BIOS ID update CI

2019-08-25 20:22:52 -0700
Original commit date: 2019-08-25 20:22:52 -0700
Original commit hash: cf53a1f28a2cda13f139c95a315ced58b011912d

-------------------------------------------------------------------------------- 
[Changed Files]
IceLakePlatSamplePkg/Tools/GenBiosId/BiosId.env

================================================================================ 
Commit: 66a21f44b255b07f341235581863264773a9f788 
Author: ClientSysFWGit <clientsysfwgit@intel.com> 
Date: 2019-09-20 15:21:03 -0700 
-------------------------------------------------------------------------------- 
[TeamCity] ICL Auto-Commit DailyUpdate_FSP/RC version CI Increment FSP Revision Number and reset FSP Build Number to 1

2019-08-25 20:08:08 -0700
Original commit date: 2019-08-25 20:08:08 -0700
Original commit hash: 1a57180555212251c772b57591d24c358d65e747

-------------------------------------------------------------------------------- 
[Changed Files]
IceLakeFspPkg/IceLakeFspPkg.dec
IceLakeSiliconPkg/SiPkg.dec

================================================================================ 
Commit: 74731f055158fa68053c38abb484f03525e93d9d 
Author: ClientSysFWGit <clientsysfwgit@intel.com> 
Date: 2019-09-20 15:21:01 -0700 
-------------------------------------------------------------------------------- 
[TeamCity] ICL Auto-Commit BIOS ID update CI

2019-08-24 20:20:24 -0700
Original commit date: 2019-08-24 20:20:24 -0700
Original commit hash: a584e6e3abb49c16486bf8fc2a424968476e13c8

-------------------------------------------------------------------------------- 
[Changed Files]
IceLakePlatSamplePkg/Tools/GenBiosId/BiosId.env

================================================================================ 
Commit: 589dd7fc2bbb97ba0419c43caae00bed814426a4 
Author: ClientSysFWGit <clientsysfwgit@intel.com> 
Date: 2019-09-20 15:21:00 -0700 
-------------------------------------------------------------------------------- 
[TeamCity] ICL Auto-Commit DailyUpdate_FSP/RC version CI Increment FSP Revision Number and reset FSP Build Number to 1

2019-08-24 20:07:48 -0700
Original commit date: 2019-08-24 20:07:48 -0700
Original commit hash: 6fd6c2427b01d3dc17db584d35942e84a6830c9c

-------------------------------------------------------------------------------- 
[Changed Files]
IceLakeFspPkg/IceLakeFspPkg.dec
IceLakeSiliconPkg/SiPkg.dec

================================================================================ 
Commit: efaec9fb7beecda96366adccd2112735935302e1 
Author: ClientSysFWGit <clientsysfwgit@intel.com> 
Date: 2019-09-20 15:20:58 -0700 
-------------------------------------------------------------------------------- 
[TeamCity] ICL Auto-Commit BIOS ID update CI

2019-08-23 20:20:28 -0700
Original commit date: 2019-08-23 20:20:28 -0700
Original commit hash: af2ece9daacc7b9630d4b232b359cbe623e34c4e

-------------------------------------------------------------------------------- 
[Changed Files]
IceLakePlatSamplePkg/Tools/GenBiosId/BiosId.env

================================================================================ 
Commit: 49dca60b3f4fe732ea310e87fe88112338689176 
Author: ClientSysFWGit <clientsysfwgit@intel.com> 
Date: 2019-09-20 15:20:56 -0700 
-------------------------------------------------------------------------------- 
[TeamCity] ICL Auto-Commit DailyUpdate_FSP/RC version CI Increment FSP Revision Number and reset FSP Build Number to 1

2019-08-23 20:08:15 -0700
Original commit date: 2019-08-23 20:08:15 -0700
Original commit hash: 349206b1ee0ef7e3e4f7512240f3c5affe2a97b0

-------------------------------------------------------------------------------- 
[Changed Files]
IceLakeFspPkg/IceLakeFspPkg.dec
IceLakeSiliconPkg/SiPkg.dec

================================================================================ 
Commit: 47c01004a0bb02bcd4e9bc84bd946d8df28983b7 
Author: ClientSysFWGit <clientsysfwgit@intel.com> 
Date: 2019-09-20 15:20:54 -0700 
-------------------------------------------------------------------------------- 
[ICL] Merging the required patches from EDK2 master for BT RF-KILL hang issue

This CL includes the patches:
1339cf3bb4dacf9e707c88ee230911b6a9840d3c
 - Bluetooth iLE: Security fixes
e123738b91071346987b8c3a6f3c9cd296901506
 - KW FIX UEFI APP: Fix Array Index margin value check
b90befd523626468804ff171eb1969a067a45bbe
 - iLE: Rf Kill Fix When doing Rf Kill
45d465fcdfea27fef8b8bad22ca4deaf3936df17
 - Klocwork: Checking for NULL instead of assert

Hsd-es-id: 1606848594
Original commit date: 2019-08-13 14:27:08 +0800
Change-Id: I421d189519ac93c4d22d943717224246ca07f260
Original commit hash: 88ac15f83e028c0c993a826e6515ee8c272016ed

-------------------------------------------------------------------------------- 
[Changed Files]
BpCommonPkg/Bluetooth/BluetoothBusDxe/BluetoothAttribute.c
BpCommonPkg/Bluetooth/BluetoothBusDxe/BluetoothBusDxe.c
BpCommonPkg/Bluetooth/BluetoothBusDxe/BluetoothConfigConnect.c
BpCommonPkg/Bluetooth/BluetoothBusDxe/BluetoothConfigScan.c
BpCommonPkg/Bluetooth/BluetoothBusDxe/iLE/apps/src/a4wp_srv.c
BpCommonPkg/Bluetooth/BluetoothBusDxe/iLE/apps/src/fmp_locator.c
BpCommonPkg/Bluetooth/BluetoothBusDxe/iLE/apps/src/hci2ile_adaptation.c
BpCommonPkg/Bluetooth/BluetoothBusDxe/iLE/apps/src/hogp_host.c
BpCommonPkg/Bluetooth/BluetoothBusDxe/iLE/apps/src/hrp_collector.c
BpCommonPkg/Bluetooth/BluetoothBusDxe/iLE/apps/src/uefi_app.c
BpCommonPkg/Bluetooth/BluetoothBusDxe/iLE/core/src/att.c
BpCommonPkg/Bluetooth/BluetoothBusDxe/iLE/core/src/gap.c
BpCommonPkg/Bluetooth/BluetoothBusDxe/iLE/core/src/gatt_client.c
BpCommonPkg/Bluetooth/BluetoothBusDxe/iLE/core/src/gatt_server.c
BpCommonPkg/Bluetooth/BluetoothBusDxe/iLE/core/src/hci.c
BpCommonPkg/Bluetooth/BluetoothBusDxe/iLE/core/src/l2cap.c
BpCommonPkg/Bluetooth/BluetoothBusDxe/iLE/core/src/smp.c
BpCommonPkg/Bluetooth/BluetoothBusDxe/iLE/hwal/uefi/src/tl.c
BpCommonPkg/Bluetooth/BluetoothBusDxe/iLE/ifc/src/interface.c
BpCommonPkg/Bluetooth/BluetoothBusDxe/iLE/utils/inc/utils.h
BpCommonPkg/Bluetooth/BluetoothBusDxe/iLE/utils/src/utils.c
BpCommonPkg/Bluetooth/BluetoothConnectionManagerDxe/BluetoothConnectionManagerDxe.c
BpCommonPkg/Bluetooth/BluetoothHidDxe/BluetoothHidProtocol.c

================================================================================ 
Commit: c67afba8d30fb9ed35e9e5ecd785c9777f1fc2e9 
Author: ClientSysFWGit <clientsysfwgit@intel.com> 
Date: 2019-09-20 15:20:49 -0700 
-------------------------------------------------------------------------------- 
Unable to achieve any CPU C-States C1-C10 when Bios Guard Tools Interface is Disabled.

Adjusted logic to not load NVS variables when Bios Guard Tools Interface disable

Hsd-es-id: 2208049452
Original commit date: 2019-08-16 13:53:14 -0700
Change-Id: Ib45358cdce1c332a7b2a43f48bbd3bb898212030
Original commit hash: debb47ef314002d6b39dedba62f5e4909c20f163

-------------------------------------------------------------------------------- 
[Changed Files]
IceLakeSiliconPkg/Cpu/BiosGuard/Smm/BiosGuardServices.c
IceLakeSiliconPkg/Cpu/CpuInit/Dxe/CpuInitDxe.c
IceLakeSiliconPkg/Cpu/CpuInit/Dxe/CpuInitDxe.h
IceLakeSiliconPkg/Cpu/CpuInit/Dxe/CpuInitDxe.inf

================================================================================ 
Commit: b5545d711c5b7c617c2753b93592a8a6be6762fd 
Author: ClientSysFWGit <clientsysfwgit@intel.com> 
Date: 2019-09-20 15:20:47 -0700 
-------------------------------------------------------------------------------- 
ICL Security[U/Y]{SGX} : Update External BIOS in debug print statment for SGX

Hsd-es-id: 1607611156
Original commit date: 2019-08-22 12:38:03 -0700
Change-Id: Ibb82b49f025d10d073e2f9d4aa821ecd8010b99a
Original commit hash: e93afecd01330d411e881a8cd5bddba82f77799c

-------------------------------------------------------------------------------- 
[Changed Files]
IceLakeSiliconPkg/Cpu/Library/Private/PeiDxeSoftwareGuardLib/PeiDxeSoftwareGuardLib.c

================================================================================ 
Commit: 95e1c8b54ad699299278c8a8968ee365cf60d72b 
Author: ClientSysFWGit <clientsysfwgit@intel.com> 
Date: 2019-09-20 15:20:45 -0700 
-------------------------------------------------------------------------------- 
Title: [1607594999] [ICL] Some asl code did not match ACPI spec rule

Resolution:  There are some asl code did not match ACPI spec rule.
             Check and modify arguments/return value to match Spec.

Hsd-es-id: 1607594999
Original commit date: 2019-08-07 18:53:08 +0800
Change-Id: Ic6c306c913314876f3893a1343f73cfde7e58d15
Original commit hash: accfffb173de1cf9a79af4a0db9385267fb8111a

-------------------------------------------------------------------------------- 
[Changed Files]
IceLakePlatSamplePkg/Acpi/AcpiTables/Dsdt/PCIEDOCK.ASL
IceLakePlatSamplePkg/Acpi/AcpiTables/Dsdt/SpiFingerprint.asl
IceLakePlatSamplePkg/Features/Dptf/AcpiTables/B0d4Participant.asl

================================================================================ 
Commit: aec006506202d5fcc069fc40d741d1957c0cf1a3 
Author: ClientSysFWGit <clientsysfwgit@intel.com> 
Date: 2019-09-20 15:20:44 -0700 
-------------------------------------------------------------------------------- 
Update MRC Release Notes and increment MRC build revision

2019-08-23 16:01:00 +0000
Original commit date: 2019-08-23 16:01:00 +0000
Original commit hash: 8d05ccb99246e93705f7da21dfe0298387696438

-------------------------------------------------------------------------------- 
[Changed Files]
IceLakeSiliconPkg/SystemAgent/MemoryInit/LibraryPrivate/PeiMemoryInitLib/Source/Include/MrcVersion.h

================================================================================ 
Commit: eaec668d924d4e2d207317d3f7ef049ac85aae13 
Author: ClientSysFWGit <clientsysfwgit@intel.com> 
Date: 2019-09-20 15:20:42 -0700 
-------------------------------------------------------------------------------- 
[HSD-ES][client_platf][bug][2208206901][ICL MRC][CPU Ron is reported as zero]

Issue:
  CPU Ron is reported as zero in MrcPrintDimmOdtValues()
Root cause:
  DqDrvVref and DqOdtVref are treated as 2's complement incorrectly, leading to incorrect Comp Vref calculations.
Solution:
  Treat DqDrvVref and DqOdtVref as 8-bit unsigned values, according to ICL registers.
  Fix CalcCpuImpedance() and OptimizeCompOffset() accordingly.

Hsd-es-id: 2208206901

Original commit date: 2019-08-16 00:08:56 -0700
Change-Id: I17b824774e39aebee0c1014226436f8c7b8d3a19
Original commit hash: cc1fd12f7004e37b25dfd659161fe7dfc747cd6e

-------------------------------------------------------------------------------- 
[Changed Files]
IceLakeSiliconPkg/SystemAgent/MemoryInit/LibraryPrivate/PeiMemoryInitLib/Source/Include/MrcCrosser.h
IceLakeSiliconPkg/SystemAgent/MemoryInit/LibraryPrivate/PeiMemoryInitLib/Source/Services/MrcCrosser.c

================================================================================ 
Commit: b7a4abfe0c8527eeabbc8fcce9aad64696ecbf53 
Author: ClientSysFWGit <clientsysfwgit@intel.com> 
Date: 2019-09-20 15:20:40 -0700 
-------------------------------------------------------------------------------- 
[TeamCity] ICL Auto-Commit BIOS ID update CI

2019-08-22 20:20:53 -0700
Original commit date: 2019-08-22 20:20:53 -0700
Original commit hash: 2d6a974aecf643ce8c16d8327b438724f8f10449

-------------------------------------------------------------------------------- 
[Changed Files]
IceLakePlatSamplePkg/Tools/GenBiosId/BiosId.env

================================================================================ 
Commit: 34c91eef501574f163c20e62a7fd56880e99d4c2 
Author: ClientSysFWGit <clientsysfwgit@intel.com> 
Date: 2019-09-20 15:20:38 -0700 
-------------------------------------------------------------------------------- 
[TeamCity] ICL Auto-Commit DailyUpdate_FSP/RC version CI Increment FSP Revision Number and reset FSP Build Number to 1

2019-08-22 20:10:12 -0700
Original commit date: 2019-08-22 20:10:12 -0700
Original commit hash: d64b2d9188e8abec98d3ad3a4499b341d9c58748

-------------------------------------------------------------------------------- 
[Changed Files]
IceLakeFspPkg/IceLakeFspPkg.dec
IceLakeSiliconPkg/SiPkg.dec
