================================================================================ 
Commit: 1891d81b8bb470ee113ed7e3eb0cb40deac654fa 
Author: ClientSysFWGit <clientsysfwgit@intel.com> 
Date: Thu Oct 27 16:47:47 2022 +0800 
-------------------------------------------------------------------------------- 
Upgrade BIOS version to 3361_12 for label bios version upgrade 

[Issue Description]
upgrade the bios version for label bios release.

[Resolution]
update the version minor to 12

Package/Module:

[Impacted Platform]
U, H, P, Px.

Hsd-es-id: N/A
Original commit date: Fri Oct 21 11:45:01 2022 +0800
Change-Id: Ibc946910f07c7ddd57122a07d5f8cd4653edd5ef
Original commit hash: b03186f34572f1aa50a88ac8c299922633e73631

-------------------------------------------------------------------------------- 
[Changed Files]
AlderLakeBoardPkg/BiosId.env

================================================================================ 
Commit: 68c90c1b73e36cdb3fee30c21e1356fcc997a8e0 
Author: ClientSysFWGit <clientsysfwgit@intel.com> 
Date: Thu Oct 27 16:47:45 2022 +0800 
-------------------------------------------------------------------------------- 
Update MRC Release Notes and increment ADL MRC build revision to 0.0.4.103

Hsd-es-id: N/A
Original commit date: Fri Oct 21 11:27:43 2022 +0800
Original commit hash: b81642f6600d7baf95a805a2b33012c159d6a796

-------------------------------------------------------------------------------- 
[Changed Files]
ClientOneSiliconPkg/IpBlock/MemoryInit/Adl/LibraryPrivate/PeiMemoryInitLib/Source/Include/MrcVersion.h

================================================================================ 
Commit: 120160fcd383da1dce977f4a75caa53def8640d0 
Author: ClientSysFWGit <clientsysfwgit@intel.com> 
Date: Thu Oct 27 16:47:44 2022 +0800 
-------------------------------------------------------------------------------- 
DDR5 SODIMM 5200 for 1R and 2R for P

[Feature Description]
DDR5 SODIMM 5200 for 1R and 2R for P

Package/Module: MRC

[Impacted Platform]
DDR5 SODIMM

Hsd-es-id: 14017793605
Original commit date: Fri Oct 21 00:22:35 2022 +0800
Change-Id: I9796422fa434ee0484364a01bf9d328e9189a287
Original commit hash: 18a93960407780d95679b796fc4aafe2c403e0c1

-------------------------------------------------------------------------------- 
[Changed Files]
ClientOneSiliconPkg/IpBlock/MemoryInit/Adl/LibraryPrivate/PeiMemoryInitLib/Source/Api/MrcGeneral.c
