================================================================================ 
Commit: 56b88ab6189ea06ccdfdee2ffd1659dc9b49f084 
Author: ClientSysFWGit <clientsysfwgit@intel.com> 
Date: Tue Oct 26 11:14:34 2021 +0530 
-------------------------------------------------------------------------------- 
Updated doxygen
Removed redundant files

-------------------------------------------------------------------------------- 
[Changed Files]
AlderLakeBoardPkg/Acpi/AcpiTables/SsdtRtd3/RplPxRvpRtd3.asl
AlderLakeBoardPkg/Acpi/AcpiTables/SsdtRtd3/RplPxRvpWwanRtd3.asl
AlderLakeBoardPkg/Acpi/AcpiTables/SsdtXhci/UsbPortXhciRplPxRvp.asl
AlderLakeBoardPkg/SBCVpdStructurePcd/GpioTableRplPPostMem.dsc
AlderLakeBoardPkg/SBCVpdStructurePcd/GpioTableRplPPreMem.dsc
AlderLakeBoardPkg/SBCVpdStructurePcd/PcieClocks/RplPPcieClocks.dsc
AlderLakeBoardPkg/SBCVpdStructurePcd/UsbOc/RplPUsbOC.dsc
Doxygen/AlderLake_FSP_Integration_Guide.chm
Doxygen/AlderLake_FSP_Integration_Guide.pdf
Doxygen/BoardApi.chm
Doxygen/FspApi.chm
Doxygen/PlatApi.chm
Doxygen/SiPkgApi.chm

================================================================================ 
Commit: c31866266f9e4f29ff20a38831f152e508af0018 
Author: ClientSysFWGit <clientsysfwgit@intel.com> 
Date: Tue Oct 26 11:12:11 2021 +0530 
-------------------------------------------------------------------------------- 
Fix SLE issue

Hsd-es-id: 16014975243
Original commit date: Mon Oct 25 12:28:00 2021 +0530
Change-Id: I6378c903a07c767658f40e9fa8986d6dac5d1cfc
Original commit hash: 9546ae6b3e3e0e5bb4673de379c79a5d035d6210

-------------------------------------------------------------------------------- 
[Changed Files]
ClientOneSiliconPkg/IpBlock/Graphics/IncludePrivate/Library/PeiGraphicsInitLib.h
ClientOneSiliconPkg/IpBlock/Graphics/LibraryPrivate/PeiGraphicsDisableInitLib/AdditionalDisableSteps.c

================================================================================ 
Commit: c82ab0722b1975f05828c4ef61b277bb3200a158 
Author: ClientSysFWGit <clientsysfwgit@intel.com> 
Date: Tue Oct 26 11:12:09 2021 +0530 
-------------------------------------------------------------------------------- 
[ADL-S] Minor version number 1 for PR2 dot build

Hsd-es-id: N/A
Original commit date: Sun Oct 24 19:18:01 2021 -0700
Change-Id: I052dd388ef65a08d5b195514c18d531db49f1be0
Original commit hash: 4153fc274ff88bdf34e4abdfccf46b46d817464c

-------------------------------------------------------------------------------- 
[Changed Files]
AlderLakeBoardPkg/BiosId.env

================================================================================ 
Commit: 6c188f580431bbce974a6f17b5060522503d78cd 
Author: ClientSysFWGit <clientsysfwgit@intel.com> 
Date: Tue Oct 26 11:12:07 2021 +0530 
-------------------------------------------------------------------------------- 
GGC change for TXT issue

Hsd-es-id: 16014975243
Original commit date: Fri Oct 22 21:25:19 2021 +0530
Change-Id: I48db763e63651044081d5106e96ea394a638d599
Original commit hash: 4dc5f01ca32661ac1e31401726434ce09bc9772d

-------------------------------------------------------------------------------- 
[Changed Files]
ClientOneSiliconPkg/IpBlock/CpuPcieRp/LibraryPrivate/PeiCpuPcieVgaInitLib/PeiCpuPcieVgaInit.c
ClientOneSiliconPkg/IpBlock/Graphics/IncludePrivate/Library/PeiGraphicsInitLib.h
ClientOneSiliconPkg/IpBlock/Graphics/LibraryPrivate/PeiGraphicsInitLibGen12/AdditionalDisableSteps.c

================================================================================ 
Commit: 1406076a8eecbe9e50321883bf45fb4eec63c88d 
Author: ClientSysFWGit <clientsysfwgit@intel.com> 
Date: Tue Oct 26 11:12:03 2021 +0530 
-------------------------------------------------------------------------------- 
Change in Per Core Disable Implementation.

Read the Core enable BitMask from PCODE and update the Setup information accordingly.

Hsd-es-id: 22013977020
Original commit date: Fri Oct 8 15:40:01 2021 -0700
Change-Id: Ie568705a872b4ac055dd341e5cb8d1745f1de742
Original commit hash: c9383a155ce00f547fa0bf3fc17dcdd99832a1f7

-------------------------------------------------------------------------------- 
[Changed Files]
AlderLakeFspPkg/Library/PeiPolicyUpdatePreMemLib/PeiCpuPolicyUpdatePreMem.c
AlderLakeFspPkg/Upd/FspmUpd.dsc
AlderLakePlatSamplePkg/Include/SetupVariable.h
AlderLakePlatSamplePkg/Library/PeiPolicyUpdateLib/PeiCpuPolicyUpdatePreMem.c
AlderLakePlatSamplePkg/Setup/OverClockSetup.c
AlderLakePlatSamplePkg/Setup/OverClockSetup.hfr
AlderLakePlatSamplePkg/Setup/OverClockSetup.uni
ClientOneSiliconPkg/Include/ConfigBlock/Overclocking/OverclockingConfig.h
ClientOneSiliconPkg/IpBlock/Overclocking/LibraryPrivate/PeiOcInitLib/PeiOcInitLib.c

================================================================================ 
Commit: 2e9c8997090600ad2e4958832870269d716ed9d7 
Author: ClientSysFWGit <clientsysfwgit@intel.com> 
Date: Tue Oct 26 11:12:01 2021 +0530 
-------------------------------------------------------------------------------- 
ADL_C0 Production patchID 0x00000015

Hsd-es-id: N/A
Original commit date: Thu Oct 21 11:57:54 2021 +0530
Change-Id: I2d6e57876bd4ea9ad2800afb46036b829c13502b
Original commit hash: b5fe4a6d04d05b9ddd05492a2dcbd9610b157a96

-------------------------------------------------------------------------------- 
[Changed Files]
AlderLakeBoardPkg/BoardPkg.fdf
