================================================================================ 
Commit: a5ea37125e11001b144b6d011dce23e0d0982913 
Author: ClientSysFWGit <clientsysfwgit@intel.com> 
Date: Mon Jul 8 12:03:29 2024 +0530 
-------------------------------------------------------------------------------- 
Added Docygen folder and License File for ARL-S 4271.81 label.

-------------------------------------------------------------------------------- 
[Changed Files]
ClientOneSiliconPkg/Product/MeteorLake/EarlyDevices/Readme.md
ClientOneSiliconPkg/SiPkg.dec
Doxygen/BoardApi.chm
Doxygen/FspApi.chm
Doxygen/MeteorLake_FSP_Integration_Guide.chm
Doxygen/MeteorLake_FSP_Integration_Guide.pdf
Doxygen/PlatApi.chm
Doxygen/SiPkgApi.chm
LICENSE.txt
MeteorLakeBoardPkg/CapsuleUpdateConfig/.gitignore
MeteorLakeBoardPkg/Features/CapsuleUpdate/Tools/CapsuleGenerate/Ucode/.gitignore

================================================================================ 
Commit: 2c0408325867cde1d88a117aec4e74a115708f77 
Author: ClientSysFWGit <clientsysfwgit@intel.com> 
Date: Mon Jul 8 11:53:24 2024 +0530 
-------------------------------------------------------------------------------- 
"[TeamCity] MTL MeteorLake_arrowlake_s_program_platform_Daily Daily Updating Version/ID: MeteorLake_4271_81

Hsd-es-id: N/A"
Original commit date: Mon Jul 1 22:53:04 2024 -0700
Original commit hash: 1c57cf9abd5f85a644dc13974749bf1e3c0292f7

-------------------------------------------------------------------------------- 
[Changed Files]
MeteorLakeBoardPkg/BiosId.env

================================================================================ 
Commit: 8309e02e3429badce7c75a25477584577105ebb6 
Author: ClientSysFWGit <clientsysfwgit@intel.com> 
Date: Mon Jul 8 11:53:19 2024 +0530 
-------------------------------------------------------------------------------- 
[PCH] SPI DMA Disabled

[Feature Description]
Disable SPI DMA

Package/Module: ClientOneSiliconPkg

[Impacted Platform]
S

Hsd-es-id: 22020237277
Original commit date: Mon Jul 1 12:48:32 2024 -0700
Change-Id: I81e80aed2c2d5dd2e56a3233f73bfb9e26f3cf4c
Original commit hash: 9fb9be843f51d024544d430e2b9280d0332fb908

-------------------------------------------------------------------------------- 
[Changed Files]
ClientOneSiliconPkg/Product/MeteorLake/SiPkgPcdInit.dsc

================================================================================ 
Commit: c12f79efb7cb1621da311202648cd579162630bc 
Author: ClientSysFWGit <clientsysfwgit@intel.com> 
Date: Mon Jul 8 11:53:15 2024 +0530 
-------------------------------------------------------------------------------- 
Update BiosId VERSION_MINOR to 79

[Feature Description]
Update BiosId VERSION_MINOR to 79

Package/Module: MeteorLakeBoardPkg

[Impacted Platform]
S

Hsd-es-id: NA
Original commit date: Mon Jul 1 12:47:06 2024 -0700
Change-Id: I0c6b9993b249f5b8e3e130c2dc19d081e3ce4a87
Original commit hash: 20b03e5e998a6e4988981eadb3604be4df1b81b3

-------------------------------------------------------------------------------- 
[Changed Files]
MeteorLakeBoardPkg/BiosId.env

================================================================================ 
Commit: eef567893e16cc9324f315ced6b88b22c03b17e7 
Author: ClientSysFWGit <clientsysfwgit@intel.com> 
Date: Mon Jul 8 11:53:10 2024 +0530 
-------------------------------------------------------------------------------- 
"[TeamCity] MTL MeteorLake_arrowlake_s_program_platform_Daily Daily Updating Version/ID: MeteorLake_4223_99

Hsd-es-id: N/A"
Original commit date: Thu Jun 27 19:43:44 2024 -0700
Original commit hash: 04b5d80de8ca89397e5dea6e16c0ccd3cc7f5d01

-------------------------------------------------------------------------------- 
[Changed Files]
MeteorLakeBoardPkg/BiosId.env

================================================================================ 
Commit: 6700438835afc33eb3357043db909dbda7ac3b2f 
Author: ClientSysFWGit <clientsysfwgit@intel.com> 
Date: Mon Jul 8 11:53:04 2024 +0530 
-------------------------------------------------------------------------------- 
Update MRC Release Notes MTL MRC 1.4.6.13

[Feature Description]
Update MRC version.

Package/Module: ClientOneSiliconPkg/IpBlock/MemoryInit/Mtl

[Impacted Platform]
ALL

Hsd-es-id: 22014478540
Original commit date: Thu Jun 27 17:18:52 2024 +0800
Change-Id: I58430484aaf742f7e5f20a67e4c1656095f2174a
Original commit hash: f277c743ee9f70bfa11f4cdd414bc8b6f97777a1

-------------------------------------------------------------------------------- 
[Changed Files]
ClientOneSiliconPkg/IpBlock/MemoryInit/Mtl/LibraryPrivate/PeiMemoryInitLib/Source/Include/MrcVersion.h

================================================================================ 
Commit: dc23abeab4a57f4f9c0d79c62f0711b2443a0aac 
Author: ClientSysFWGit <clientsysfwgit@intel.com> 
Date: Mon Jul 8 11:52:55 2024 +0530 
-------------------------------------------------------------------------------- 
[ARL-S | DDR5] Enable TAT Safemode for 2DPC

[Feature Description]
Enable SafeMode[5] Different Rank TA for 2DPC

Package/Module: ClientOneSiliconPkg/IpBlock/MemoryInit/Mtl

[Impacted Platform]
S

Hsd-es-id: 14022682930
Original commit date: Tue Jun 25 08:49:21 2024 +0800
Change-Id: I46a3f87ef1a051b0d9d46fa51cb577b44eeceb04
Original commit hash: 4a0a364ae6a400de93784aa44f8cc32fb29dac60

-------------------------------------------------------------------------------- 
[Changed Files]
ClientOneSiliconPkg/IpBlock/MemoryInit/Mtl/LibraryPrivate/PeiMemoryInitLib/Source/Api/MrcGeneral.c

================================================================================ 
Commit: b9d3ceb4b23cdf9638a879b615e28c8f931ee7ab 
Author: ClientSysFWGit <clientsysfwgit@intel.com> 
Date: Mon Jul 8 11:52:49 2024 +0530 
-------------------------------------------------------------------------------- 
Update MRC Release Notes MTL MRC 1.4.6.12

[Feature Description]
Update MRC version.

Package/Module: ClientOneSiliconPkg/IpBlock/MemoryInit/Mtl

[Impacted Platform]
ALL

Hsd-es-id: 22014478540
Original commit date: Thu Jun 27 17:17:13 2024 +0800
Change-Id: Ia54559dd7722436ba5a4d59897ddcdcd940285c8
Original commit hash: 6d363b63bfcad8b91310e2d80c000488477536cb

-------------------------------------------------------------------------------- 
[Changed Files]
ClientOneSiliconPkg/IpBlock/MemoryInit/Mtl/LibraryPrivate/PeiMemoryInitLib/Source/Include/MrcVersion.h

================================================================================ 
Commit: 3ac586ddc466aaed23d3f81dbdcb5dc06f747661 
Author: ClientSysFWGit <clientsysfwgit@intel.com> 
Date: Mon Jul 8 11:52:43 2024 +0530 
-------------------------------------------------------------------------------- 
[ARL-S | DDR5] Align MrcDimmConfig with Board FreqMax Table

[Issue Description]
Index of UdimmSDaisy/SoDimmSDaisy/SoDimmHxDaisy/SoDimmHxTee
are not aligned to the order in MrcDimmConfig definition

[Resolution]
1. Rearrange the MrcDimmConfig from highest max freq to
lowest max freq
2. Rearrange UdimmSDaisy/SoDimmSDaisy/SoDimmHxDaisy/SoDimmHxTee
to align with MrcDimmConfig

Package/Module: ClientOneSiliconPkg\IpBlock\MemoryInit\Mtl

[Impacted Platform]
S

Hsd-es-id: 15016235025
Original commit date: Tue Jun 11 14:23:30 2024 +0800
Change-Id: Iaabe4449ff68d6942cb95457da209346c2862da3
Original commit hash: ba35a1606fc8b2f569fc723a7d29d3e2ea2c2679

-------------------------------------------------------------------------------- 
[Changed Files]
ClientOneSiliconPkg/IpBlock/MemoryInit/Mtl/Include/MrcInterface.h
ClientOneSiliconPkg/IpBlock/MemoryInit/Mtl/LibraryPrivate/PeiMemoryInitLib/Source/Chip/Pma/MrcPmaApi.c

================================================================================ 
Commit: 646882a5257123adcbd5f1ce8de13b06a7fa5aa1 
Author: ClientSysFWGit <clientsysfwgit@intel.com> 
Date: Mon Jul 8 11:52:34 2024 +0530 
-------------------------------------------------------------------------------- 
Update MRC Release Notes MTL MRC 1.4.6.11

[Feature Description]
Update MRC version.

Package/Module: ClientOneSiliconPkg/IpBlock/MemoryInit/Mtl

[Impacted Platform]
ALL

Hsd-es-id: 22014478540
Original commit date: Thu Jun 27 17:15:35 2024 +0800
Change-Id: I7b07307429c4c61cffd48c34acba8fe270912e2c
Original commit hash: 2f11bc0f4ab786f0fd8b6b90dc4380aa63c990e8

-------------------------------------------------------------------------------- 
[Changed Files]
ClientOneSiliconPkg/IpBlock/MemoryInit/Mtl/LibraryPrivate/PeiMemoryInitLib/Source/Include/MrcVersion.h

================================================================================ 
Commit: 1397e823b8047331eadc11a07719d529165cebca 
Author: ClientSysFWGit <clientsysfwgit@intel.com> 
Date: Mon Jul 8 11:52:25 2024 +0530 
-------------------------------------------------------------------------------- 
[ARL-S | DDR5] Row Hammer (RFM) feature enablement

[Feature Description]
Remove ROWHAMMER = 0 in MrcSetSafeModeOverrides to enable RowHammer

Package/Module: ClientOneSiliconPkg\IpBlock\MemoryInit\Mtl

[Impacted Platform]
S

Hsd-es-id: 14022576748
Original commit date: Tue Jun 11 10:05:50 2024 +0800
Change-Id: I07330b3e8973d2dc864264ccf3f485207f9f29f9
Original commit hash: 7671d2cdc97be0656de629ee7513525fc47c3fa1

-------------------------------------------------------------------------------- 
[Changed Files]
ClientOneSiliconPkg/IpBlock/MemoryInit/Mtl/LibraryPrivate/PeiMemoryInitLib/Source/Api/MrcGeneral.c

================================================================================ 
Commit: a8c33281c0b7cba5c556c7b491a238deb617db64 
Author: ClientSysFWGit <clientsysfwgit@intel.com> 
Date: Mon Jul 8 11:52:18 2024 +0530 
-------------------------------------------------------------------------------- 
Update MRC Release Notes MTL MRC 1.4.6.10

[Feature Description]
Update MRC version.

Package/Module: ClientOneSiliconPkg/IpBlock/MemoryInit/Mtl

[Impacted Platform]
ALL

Hsd-es-id: 22014478540
Original commit date: Thu Jun 27 17:13:54 2024 +0800
Change-Id: I1c80979d7a5673ecd7b2482a2b2707a518d95bed
Original commit hash: 8e760c0fd7ba160b87e97cdecb75610899b6da7d

-------------------------------------------------------------------------------- 
[Changed Files]
ClientOneSiliconPkg/IpBlock/MemoryInit/Mtl/LibraryPrivate/PeiMemoryInitLib/Source/Include/MrcVersion.h

================================================================================ 
Commit: becfb8ffc720f1e77782d60119d7b19b015ec4fa 
Author: ClientSysFWGit <clientsysfwgit@intel.com> 
Date: Mon Jul 8 11:52:12 2024 +0530 
-------------------------------------------------------------------------------- 
[ARL MTL | DDR5] DDR5 ODT timing has overflow and underflow conditions

[Feature Description]
Use MaxAcrossBytes (DeltaAcrossRank) to get the delta, instead of
MaxAcrossByte - MinAcrossByte.
This applies to ExtWLTxDqs and RcvEnDelta.
Use the worst case number across all populated channels/ranks
for Min_tRx_DQS2DQ, Max_tRx_DQS2DQ, ExtWLTxDqs, RcvEnDelta.
Add MAX/MIN check to make sure the calculated value does not
exceed spec boundary

Package/Module: ClientOneSiliconPkg\IpBlock\MemoryInit\Mtl

[Impacted Platform]
ALL DDR5

Hsd-es-id: 15016257134
Original commit date: Thu Jun 13 11:00:48 2024 +0800
Change-Id: I6a77ec60469299ad497ae5835d3f28fb562a4284
Original commit hash: 40cd99954ea1ac6ee88105585afd6673b2dcf3df

-------------------------------------------------------------------------------- 
[Changed Files]
ClientOneSiliconPkg/IpBlock/MemoryInit/Mtl/LibraryPrivate/PeiMemoryInitLib/Source/Chip/DdrIo/MrcDdrIoConfig.c

================================================================================ 
Commit: 08d49285629cba7a95da1c2bfe4e7afa6cff7c70 
Author: ClientSysFWGit <clientsysfwgit@intel.com> 
Date: Mon Jul 8 11:52:04 2024 +0530 
-------------------------------------------------------------------------------- 
Update MRC Release Notes MTL MRC 1.4.6.9

[Feature Description]
Update MRC version.

Package/Module: ClientOneSiliconPkg/IpBlock/MemoryInit/Mtl

[Impacted Platform]
ALL

Hsd-es-id: 22014478540
Original commit date: Thu Jun 27 17:11:13 2024 +0800
Change-Id: Ic189118dcf2c38a62fe8c12b1f7cec66e0996741
Original commit hash: 3194f3a025bb142f7057c1d64bacd2b37f29b626

-------------------------------------------------------------------------------- 
[Changed Files]
ClientOneSiliconPkg/IpBlock/MemoryInit/Mtl/LibraryPrivate/PeiMemoryInitLib/Source/Include/MrcVersion.h

================================================================================ 
Commit: fc99764a90113fb998f9eef6ebee17964d2c6478 
Author: ClientSysFWGit <clientsysfwgit@intel.com> 
Date: Mon Jul 8 11:51:56 2024 +0530 
-------------------------------------------------------------------------------- 
[ARL-S | DDR5] Remove TAT SafeMode

[Feature Description]
Set McSafeMode as ALL_SAFE_MODE_BITS_OFF (0) to enable
TAT formula

Package/Module: ClientOneSiliconPkg\IpBlock\MemoryInit\Mtl

[Impacted Platform]
S

Hsd-es-id: 15016259889
Original commit date: Thu Jun 13 14:58:00 2024 +0800
Change-Id: I08c257d5310f17e3b091bd8a65ab7a9087183d8d
Original commit hash: 00f07d339151830615bb6e4f0ba0f6a8b8d2a9f5

-------------------------------------------------------------------------------- 
[Changed Files]
ClientOneSiliconPkg/IpBlock/MemoryInit/Mtl/LibraryPrivate/PeiMemoryInitLib/Source/Api/MrcGeneral.c

================================================================================ 
Commit: a277a05a44c2ac7d1c19fa3b6b8697efdece93f3 
Author: ClientSysFWGit <clientsysfwgit@intel.com> 
Date: Mon Jul 8 11:51:50 2024 +0530 
-------------------------------------------------------------------------------- 
Update MRC Release Notes MTL MRC 1.4.6.8

[Feature Description]
Update MRC version.

Package/Module: ClientOneSiliconPkg/IpBlock/MemoryInit/Mtl

[Impacted Platform]
ALL

Hsd-es-id: 22014478540
Original commit date: Thu Jun 27 17:08:54 2024 +0800
Change-Id: If142ce0e4e08b5c058af90ad47db4623f1765721
Original commit hash: 14f80254c0a0f344f972ce15e4a67481302cf516

-------------------------------------------------------------------------------- 
[Changed Files]
ClientOneSiliconPkg/IpBlock/MemoryInit/Mtl/LibraryPrivate/PeiMemoryInitLib/Source/Include/MrcVersion.h

================================================================================ 
Commit: 3f67046c4474d6609ed28e2637d26f5ca668d70e 
Author: ClientSysFWGit <clientsysfwgit@intel.com> 
Date: Mon Jul 8 11:51:45 2024 +0530 
-------------------------------------------------------------------------------- 
[ARL MTL | DDR5] TAT formula update

[Feature Description]
1. Current implementation is calculating the DeltaPICode across
all bytes, which will be much larger.
Need to update the formula to calculate DeltaPiCode within a Byte
and then take the max across bytes.
This change applies to Rx, Tx and ExtWLTxDqs DeltaPiCode.
2. Reduce Guardband from 16 to 8
3. Remove Hardcode of tRDRDdr and tRDRDdd

Additional changes:
tDQSSTemp is in PhClk, convert to PI as GetDdr5tDQSS to be in PI

Package/Module: ClientOneSiliconPkg\IpBlock\MemoryInit\Mtl

[Impacted Platform]
ALL

Hsd-es-id: 15016259595
Original commit date: Tue Jun 4 16:57:38 2024 +0800
Change-Id: I522c45047fd13381818af2d521cd62f7fb3982c5
Original commit hash: 97445fabb67c4d706fe40d4c1f488ac21df4b0af

-------------------------------------------------------------------------------- 
[Changed Files]
ClientOneSiliconPkg/IpBlock/MemoryInit/Mtl/LibraryPrivate/PeiMemoryInitLib/Source/Chip/DdrIo/MrcDdrIoApi.c
ClientOneSiliconPkg/IpBlock/MemoryInit/Mtl/LibraryPrivate/PeiMemoryInitLib/Source/Chip/DdrIo/MrcDdrIoApi.h
ClientOneSiliconPkg/IpBlock/MemoryInit/Mtl/LibraryPrivate/PeiMemoryInitLib/Source/Services/MrcTurnAround.c

================================================================================ 
Commit: 877f9f2320ee23c82aba1080e31946324fa22aee 
Author: ClientSysFWGit <clientsysfwgit@intel.com> 
Date: Mon Jul 8 11:51:39 2024 +0530 
-------------------------------------------------------------------------------- 
Update MRC Release Notes MTL MRC 1.4.6.7

[Feature Description]
Update MRC version.

Package/Module: ClientOneSiliconPkg/IpBlock/MemoryInit/Mtl

[Impacted Platform]
ALL

Hsd-es-id: 22014478540
Original commit date: Thu Jun 27 17:06:07 2024 +0800
Change-Id: Id1843d364c69f8723d82e1511da7ca364abb9cea
Original commit hash: 8c99b0645899cedabdd145073c5b1ce83a8d255e

-------------------------------------------------------------------------------- 
[Changed Files]
ClientOneSiliconPkg/IpBlock/MemoryInit/Mtl/LibraryPrivate/PeiMemoryInitLib/Source/Include/MrcVersion.h

================================================================================ 
Commit: 96150cb569b3fecf1e093adf3c458e65486cb678 
Author: ClientSysFWGit <clientsysfwgit@intel.com> 
Date: Mon Jul 8 11:51:35 2024 +0530 
-------------------------------------------------------------------------------- 
[ARL MTL | DDR5] Incorrect DQSCK calculation in DDR5 TA formulas

[Issue Description]
tDqsCk and tDqsCki is in term of tCK * 1000 from Ddr5GetTDqsCK
The formula to calculate tRDRD required them to be in pi ticks

[Resolution]
Convert tDQSCK and tDQSCKi to pi ticks before using them in TA formula

Package/Module: ClientOneSiliconPkg\IpBlock\MemoryInit\Mtl

[Impacted Platform]
ALL DDR5

Hsd-es-id: 16024376102
Original commit date: Tue Jun 4 15:50:10 2024 +0800
Change-Id: Iaa0b7a455da9844abaa69f3cf2813aea05f2db8f
Original commit hash: 53915f506d65ce301ac0e5c0f29cd70c8133fce6

-------------------------------------------------------------------------------- 
[Changed Files]
ClientOneSiliconPkg/IpBlock/MemoryInit/Mtl/LibraryPrivate/PeiMemoryInitLib/Source/Services/MrcTurnAround.c

================================================================================ 
Commit: bab634ce8a59245931a0b7aaf125b4bcf7d92e68 
Author: ClientSysFWGit <clientsysfwgit@intel.com> 
Date: Mon Jul 8 11:51:30 2024 +0530 
-------------------------------------------------------------------------------- 
"[TeamCity] MTL MeteorLake_arrowlake_s_program_platform_Daily Daily Updating Version/ID: MeteorLake_4223_98

Hsd-es-id: N/A"
Original commit date: Thu Jun 27 10:54:48 2024 -0700
Original commit hash: fe38aef78adcc1be2e5c6e21884d45266b44d2e9

-------------------------------------------------------------------------------- 
[Changed Files]
MeteorLakeBoardPkg/BiosId.env

================================================================================ 
Commit: 2d1edc7f6a3e24d8e8f07d4eee5a8c0743e9aa2e 
Author: ClientSysFWGit <clientsysfwgit@intel.com> 
Date: Mon Jul 8 11:51:25 2024 +0530 
-------------------------------------------------------------------------------- 
[ARLS] Disable CEP/FVM in ARLS

[Feature Description]
The current process and test procedure are not sufficient to effectively
address the power-on unit issues when CEP is enabled. We are observing
potential instability when CEP/FVM is active.
This patch is to disable CEP/FVM by default until improvements are made
in the MPE, at which point we can consider re-enabling them.

Package/Module: ARL

[Impacted Platform]
All

Hsd-es-id: 15016342122
Original commit date: Tue Jun 18 21:08:53 2024 +0800
Change-Id: I41c144a750e1afbca1f4758a0293cc89cdc815ca
Original commit hash: 073be2b9f3d31ec81a5922ef5ab8396e2c14fa5f

-------------------------------------------------------------------------------- 
[Changed Files]
MeteorLakeBoardPkg/MeteorLakeBoards/Include/MeteorLakeSRvpBoardConfigPatchTable.h
MeteorLakeBoardPkg/MeteorLakeBoards/Library/BoardInitLib/Dxe/DxeInitLib.c
MeteorLakeBoardPkg/MeteorLakeBoards/Library/BoardInitLib/Pei/PeiInitPreMemLib.c

================================================================================ 
Commit: 295b9967af275885b93e2cb24e5d1d9f8977f167 
Author: ClientSysFWGit <clientsysfwgit@intel.com> 
Date: Mon Jul 8 11:51:20 2024 +0530 
-------------------------------------------------------------------------------- 
System hard hung at PostCode B505.

[Issue Description]
System hangs after applying change:
I1c276bc8dbb432c5eb34a8ae3f9af2152bb73e0b

[Resolution]
HPICTL programming update has been extended to all root ports
as per BWG.

Package/Module:
ClientOneSiliconPkg

[Impacted Platform]
All

Hsd-es-id: 15016180681
Original commit date: Fri Jun 21 11:29:14 2024 +0200
Change-Id: Ic792d3115ee4cb24de89ed34f750b18782e74cf8
Original commit hash: 097d232827b21f376ce126a6e1a14ccee0393d73

-------------------------------------------------------------------------------- 
[Changed Files]
ClientOneSiliconPkg/IpBlock/PcieRp/LibraryPrivate/PeiPcieSipInitLib/PeiPcieSipInitLib.c

================================================================================ 
Commit: 5d0006185bb057a64f44203d9b727b289560f654 
Author: ClientSysFWGit <clientsysfwgit@intel.com> 
Date: Mon Jul 8 11:51:15 2024 +0530 
-------------------------------------------------------------------------------- 
[ARL S][OC]Core 0 Fused P0 Minimum Voltage Status are reflecting as NA

[Issue Description]
Unexpected Fused P0 Minimum Voltage are reflecting as NA in BIOS page

[Resolution]
Remove OC mailbox command 0x7 due to the command is not supported

Package/Module:
ClientOneSiliconPkg
PlatSamplePkg

[Impacted Platform]
S, H

Hsd-es-id: 16024443732
Original commit date: Wed Jun 26 03:11:51 2024 -0700
Change-Id: I5e18f35be0c37597d86bb295d0a57035322f84e5
Original commit hash: 438abcc2c1ff21aec4568790adfec77f37402903

-------------------------------------------------------------------------------- 
[Changed Files]
ClientOneSiliconPkg/Include/Library/OcMailboxLib.h
ClientOneSiliconPkg/Include/Library/OcPlatformLib.h
ClientOneSiliconPkg/IpBlock/Overclocking/IncludePrivate/Library/PeiOcLib.h
ClientOneSiliconPkg/IpBlock/Overclocking/Library/DxeOcPlatformLib/DxeOcPlatformLib.c
ClientOneSiliconPkg/IpBlock/Overclocking/Library/DxeOcPlatformLib/DxeOcPlatformLib.inf
ClientOneSiliconPkg/IpBlock/Overclocking/Library/DxeOcPlatformLibNull/DxeOcPlatformLibNull.c
ClientOneSiliconPkg/IpBlock/Overclocking/LibraryPrivate/PeiOcLib/OcLibrary.c
MeteorLakePlatSamplePkg/Setup/OverClockSetup.c
MeteorLakePlatSamplePkg/Setup/OverClockSetup.hfr
MeteorLakePlatSamplePkg/Setup/OverClockSetup.uni

================================================================================ 
Commit: 7c434dcdadd3481a89afd749ff9c7e1af86cccee 
Author: ClientSysFWGit <clientsysfwgit@intel.com> 
Date: Mon Jul 8 11:51:09 2024 +0530 
-------------------------------------------------------------------------------- 
"[TeamCity] MTL MeteorLake_arrowlake_s_program_platform_Daily Daily Updating Version/ID: MeteorLake_4223_97

Hsd-es-id: N/A"
Original commit date: Wed Jun 26 12:50:08 2024 -0700
Original commit hash: e73c4e4ea48c85241bebd06e558187d53aaa60ae

-------------------------------------------------------------------------------- 
[Changed Files]
MeteorLakeBoardPkg/BiosId.env

================================================================================ 
Commit: 585dce5091c750e1b1446aa39d596cdb8ac2fdb4 
Author: ClientSysFWGit <clientsysfwgit@intel.com> 
Date: Mon Jul 8 11:51:01 2024 +0530 
-------------------------------------------------------------------------------- 
Support 9.6 MHz clock on SoundWire for HiRes audio

[Feature Description]
Update SoundWire Controller configuration to allow for 9.6 MHz clock.
This change is needed to enable HiRes audio (192kHz).

Package/Module:
ClientOneSiliconPkg/IpBlock/Hda/AcpiTables

[Impacted Platform]
MTL, ARL

Hsd-es-id: 18038591661
Original commit date: Fri May 24 13:29:37 2024 +0200
Change-Id: If1be69e914d4023c8182f6616b4d9b9c4f8046a5
Original commit hash: 45c29a7c1e0e08325ce186639a557274dad10798

-------------------------------------------------------------------------------- 
[Changed Files]
ClientOneSiliconPkg/IpBlock/Hda/AcpiTables/HdaSoundWireCtrl.asl

================================================================================ 
Commit: 0b79969f687aa55fa8e825e3df39965945873b19 
Author: ClientSysFWGit <clientsysfwgit@intel.com> 
Date: Mon Jul 8 11:50:47 2024 +0530 
-------------------------------------------------------------------------------- 
[PCH] Add GpioPwmLib

[Feature Description]
This commits adds GpioPwmLib. Its purpose is to allow to control
GPIO PWM generator.

Package/Module: ClientOneSiliconPkg/GpioPwmLib

[Impacted Platform]
MTL, ARL

Hsd-es-id: 18037910053
Original commit date: Wed Apr 10 14:23:34 2024 +0200
Change-Id: I2eb9c9b03d95416179a7e6ccc9b1d46bc25b8dde
Original commit hash: 9fa87906ee3b02d1fe204b0555dcf41bcc3e7887

-------------------------------------------------------------------------------- 
[Changed Files]
ClientOneSiliconPkg/Fru/MtlPch/Include/Register/GpioV2MtlPchSRegs.h
ClientOneSiliconPkg/Include/Register/GpioRegs.h
ClientOneSiliconPkg/Include/Register/GpioRegsVer6.h
ClientOneSiliconPkg/Product/MeteorLake/Include/Library/GpioPwmLib.h
ClientOneSiliconPkg/Product/MeteorLake/Library/GpioPwmLib/DxeGpioPwmLib.c
ClientOneSiliconPkg/Product/MeteorLake/Library/GpioPwmLib/DxeGpioPwmLib.inf
ClientOneSiliconPkg/Product/MeteorLake/Library/GpioPwmLib/GpioPwmLibCommon.c
ClientOneSiliconPkg/Product/MeteorLake/Library/GpioPwmLib/PeiGpioPwmLib.c
ClientOneSiliconPkg/Product/MeteorLake/Library/GpioPwmLib/PeiGpioPwmLib.inf
ClientOneSiliconPkg/Product/MeteorLake/Library/GpioPwmLib/SmmGpioPwmLib.c
ClientOneSiliconPkg/Product/MeteorLake/Library/GpioPwmLib/SmmGpioPwmLib.inf
MeteorLakeBoardPkg/BoardPkg.dsc
MeteorLakePlatSamplePkg/Library/BeepLib/BeepLib.c
MeteorLakePlatSamplePkg/Library/BeepLib/BeepLib.inf

================================================================================ 
Commit: 77069513861ce179b29ca1669e50ab72f8fbe6ec 
Author: ClientSysFWGit <clientsysfwgit@intel.com> 
Date: Mon Jul 8 11:50:29 2024 +0530 
-------------------------------------------------------------------------------- 
[ARL] Resolve the cache size calculation issue of L2 size

[Issue Description]
An error occurs in the CpuCacheInfoLib/CpuCacheInfoLib when calculating
cache sizes across different Dies for ARL. The original code mistakenly
clear cache sizes for various core types during intermediate
calculations, leading to errors in handling duplicate entries.
An EDK2 patch introduces a check to differentiate cache types,
which necessitates adjustments to prevent overwriting the distinct
entries when calculating the total cache size per level in INTEL repo.

[Resolution]
This patch implements a check to prevent overwriting existing entries
in the Cache table while summing the cache sizes.

Package/Module: ARL

[Impacted Platform]
All

Hsd-es-id: 22019756988
Original commit date: Wed Jun 19 17:38:21 2024 +0800
Change-Id: I12404b4504d7ba4195a4dfa79a930777e503f461
Original commit hash: 11c24b24e837880c2850663c957f9997c7463ee8

-------------------------------------------------------------------------------- 
[Changed Files]
ClientOneSiliconPkg/IpBlock/CpuInit/Dxe/CpuInitDxe.c
ClientOneSiliconPkg/IpBlock/CpuInit/LibraryPrivate/PeiSmbiosCpuLib/SmbiosType7.c

================================================================================ 
Commit: cd7740fe49aa7c1735ba177958e87e510163636f 
Author: ClientSysFWGit <clientsysfwgit@intel.com> 
Date: Mon Jul 8 11:50:14 2024 +0530 
-------------------------------------------------------------------------------- 
[I2C] Updating the I2C reset command to meet HID spec

[Issue Description]
HID input data length was hard coding to 20.
Code is not included the error handling of 5 seconds timeout

[Resolution]
Setting 2 bytes as 0x0000 of HID input data length
Including error handling of 5 seconds timeout

Package/Module: Features/I2cFeaturePkg

[Impacted Platform]
MTL

Hsd-es-id: 15016007723
Original commit date: Fri May 24 13:49:48 2024 +0530
Change-Id: I891245de18c2302a5817aed3370d86dfcdd68af8
Original commit hash: 1b15e4e732b235b32f3e328a2e7df55b6e529814

-------------------------------------------------------------------------------- 
[Changed Files]
Features/I2cFeaturePkg/I2cTouchPanelDxe/I2cTouchPanel.c
Features/I2cFeaturePkg/I2cTouchPanelDxe/I2cTouchPanelDxe.inf

================================================================================ 
Commit: c07189bd48b25c51a77d4c11ccd30b2b0a0616f2 
Author: ClientSysFWGit <clientsysfwgit@intel.com> 
Date: Mon Jul 8 11:49:59 2024 +0530 
-------------------------------------------------------------------------------- 
"[TeamCity] MTL MeteorLake_arrowlake_s_program_platform_Daily Daily Updating Version/ID: MeteorLake_4223_96

Hsd-es-id: N/A"
Original commit date: Wed Jun 26 11:20:52 2024 -0700
Original commit hash: 826858474e7f53087faf684c6d755b665c7b6cb7

-------------------------------------------------------------------------------- 
[Changed Files]
MeteorLakeBoardPkg/BiosId.env

================================================================================ 
Commit: 325705c5be6b0e5e9e5d1c5067c2548871d2eaba 
Author: ClientSysFWGit <clientsysfwgit@intel.com> 
Date: Mon Jul 8 11:49:45 2024 +0530 
-------------------------------------------------------------------------------- 
[PCH] Fix intruder SMI callback installation for MTP-S

[Issue Description]
TCO intruder SMI is initialized incorrectly on desktop.
It needs to be set up in PCH.

[Resolution]
Corrected intruder SMI callback installation.

Package/Module: ClientOneSiliconPkg/Smm

[Impacted Platform]
MTL-S, ARL-S

Hsd-es-id: 18038954730
Original commit date: Fri Jun 21 17:31:00 2024 +0200
Change-Id: I627b1df17f743c891b41408bf80a720b023930b0
Original commit hash: f9d9dbbfa99b9ac4c16c33c7147ad7821e3b5fdc

-------------------------------------------------------------------------------- 
[Changed Files]
ClientOneSiliconPkg/Product/MeteorLake/PchSmiDispatcher/Smm/Mtls/PchSmiDispatch.c

================================================================================ 
Commit: 34cc34be78749b895c5a9c216c797a5ebd0fb602 
Author: ClientSysFWGit <clientsysfwgit@intel.com> 
Date: Mon Jul 8 11:49:31 2024 +0530 
-------------------------------------------------------------------------------- 
[SOC I/O][PCH] GpioInterface incorrectly configured

[Issue Description]
Potential invalid configuration of GpioInterface,
when configuring for SMI To generate SCI/SMI/NMI
the ownership should be GpioV2HostOwnAcpi

[Resolution]
Set HOST ownership to ACPI

Package/Module:
Library\GpioV2Services\Common\GpioV2ServicesCommonLib.c

[Impacted Platform]
ALL

Hsd-es-id: 16024499284
Original commit date: Wed Jun 19 14:43:13 2024 +0530
Change-Id: Idaabc951f05a087416c8e7ca3fc1ce06a381b5ac
Original commit hash: 154f735eff5c3393e13d78d7927f7ac662b44fb4

-------------------------------------------------------------------------------- 
[Changed Files]
ClientOneSiliconPkg/IpBlock/GpioV2/Library/GpioV2Services/Common/GpioV2ServicesCommonLib.c

================================================================================ 
Commit: 7baa201d7545cd52aad9f68153bb983d47567e51 
Author: ClientSysFWGit <clientsysfwgit@intel.com> 
Date: Mon Jul 8 11:49:16 2024 +0530 
-------------------------------------------------------------------------------- 
Build error in RC module when OPTIMIZATION is set to off.

[Issue Description]
Build error happens from different RC module when OPTIMIZATION
is set to off.

[Resolution]
Force Enable optimization on required APIs

Package/Module: PeiHostBridgeIpStatusLib

[Impacted Platform]
S

Hsd-es-id: 16024374835
Original commit date: Fri Jun 21 12:54:46 2024 -0700
Change-Id: I8c0ec253141f70d214105d8cfb3adb2b9f041671
Original commit hash: 77d5a63f35fd57d1a9f80551fb445b489d465dca

-------------------------------------------------------------------------------- 
[Changed Files]
ClientOneSiliconPkg/Fru/MtlSoc/Library/PciHostBridgeLibIoc/PciHostBridgeLibIoc.c
ClientOneSiliconPkg/Fru/MtlSoc/Library/PeiHostBridgeIpStatusLib/PeiHostBridgeIpStatusLibMtlS.c

================================================================================ 
Commit: af8e3c1ac41685126f3f750d1d8bd392c9163e64 
Author: ClientSysFWGit <clientsysfwgit@intel.com> 
Date: Mon Jul 8 11:49:01 2024 +0530 
-------------------------------------------------------------------------------- 
[PCH] Program SSID of PCH PCIE root port.

[Issue Description]
PCH PCIE root port SSID was not programmed.

[Resolution]
Add Pcie Bus for SSID programming to include other
buses than 0.

Package/Module: ClientOneSiliconPkg

[Impacted Platform]
ALL

Hsd-es-id: 15016201075
Original commit date: Thu Jun 6 07:04:32 2024 -0700
Change-Id: Iad2a69953a633e5f4ed1ad4ead6d6e76d7c334f6
Original commit hash: 1efd0e46984c2879242269c414b8bfcf1d4dac7f

-------------------------------------------------------------------------------- 
[Changed Files]
ClientOneSiliconPkg/LibraryPrivate/PeiSiSsidLib/PeiSiSsidLib.c

================================================================================ 
Commit: 4d95377739bf09e134a41486e57eb31cc8939815 
Author: ClientSysFWGit <clientsysfwgit@intel.com> 
Date: Mon Jul 8 11:48:44 2024 +0530 
-------------------------------------------------------------------------------- 
[PCH] PCH SMBUS should be under PC02 scope.

[Issue Description]
PCH SMBUS is under PC02 scope.

[Resolution]
Moved PCH SMBUS under PC02 scope.

Package/Module:ClientOneSiliconPkg

[Impacted Platform]
ARL

Hsd-es-id: 15016260444
Original commit date: Thu Jun 13 03:56:19 2024 -0700
Change-Id: I77211a8578525dbc28aaf56367ef3e4398554caf
Original commit hash: 6219f059eb6573db8c3c44fa31b96f3cea15e2e8

-------------------------------------------------------------------------------- 
[Changed Files]
ClientOneSiliconPkg/Fru/MtlPch/Include/AcpiTables/Dsdt/MtlPch.asl
ClientOneSiliconPkg/Fru/MtlPch/Include/AcpiTables/Dsdt/MtlPchSmbus.asl
ClientOneSiliconPkg/Fru/MtlSoc/Include/AcpiTables/Dsdt/MtlSoc.asl

================================================================================ 
Commit: 11d8240298b9c71c349880f0fefc477fea0d7143 
Author: ClientSysFWGit <clientsysfwgit@intel.com> 
Date: Mon Jul 8 11:48:31 2024 +0530 
-------------------------------------------------------------------------------- 
"[TeamCity] MTL MeteorLake_arrowlake_s_program_platform_Daily Daily Updating Version/ID: MeteorLake_4223_95

Hsd-es-id: N/A"
Original commit date: Tue Jun 25 16:43:27 2024 -0700
Original commit hash: f6313a967953869511a0d3144cce4eba972ec99c

-------------------------------------------------------------------------------- 
[Changed Files]
MeteorLakeBoardPkg/BiosId.env

================================================================================ 
Commit: da9f12ba8ffda4c4120f512b1f791584919ad9c8 
Author: ClientSysFWGit <clientsysfwgit@intel.com> 
Date: Mon Jul 8 11:48:14 2024 +0530 
-------------------------------------------------------------------------------- 
Coverity Static Code Analysis issues

[Issue Description]
Coverity Static Code Analysis issues

[Resolution]
Fix Coverity Static Code Analysis issues

Package/Module:
ClientOneSiliconPkg, BoardPkg

[Impacted Platform]
S

Hsd-es-id: 14022675782
Original commit date: Tue Jun 25 14:41:00 2024 +0530
Change-Id: Ifa1425e350c3ff6989681f9bb6614c318dba776e
Original commit hash: b0cc68b958abf4371fd56c2f27b77f9d7d2229b8

-------------------------------------------------------------------------------- 
[Changed Files]
ClientOneSiliconPkg/IpBlock/Overclocking/LibraryPrivate/PeiOcInitLib/PeiOcInitLib.c
ClientOneSiliconPkg/Product/MeteorLake/Library/TraceHubHookLib/BaseTraceHubHookLib.c
ClientOneSiliconPkg/Product/MeteorLake/Library/TraceHubHookLib/PeiTraceHubHookLib.c
ClientOneSiliconPkg/Product/MeteorLake/SiInit/Pei/SiInit.c
MeteorLakeBoardPkg/Library/SmmGpioV2WrapperLib/SmmGpioV2WrapperLib.c

================================================================================ 
Commit: 6c0537213604bf594c3ceb423c071d8190137c4e 
Author: ClientSysFWGit <clientsysfwgit@intel.com> 
Date: Mon Jul 8 11:48:00 2024 +0530 
-------------------------------------------------------------------------------- 
"[TeamCity] MTL MeteorLake_arrowlake_s_program_platform_Daily Daily Updating Version/ID: MeteorLake_4223_94

Hsd-es-id: N/A"
Original commit date: Fri Jun 21 17:54:40 2024 -0700
Original commit hash: cd0613a76f613e7ce390d04c4aaf31e150a32a8d

-------------------------------------------------------------------------------- 
[Changed Files]
MeteorLakeBoardPkg/BiosId.env

================================================================================ 
Commit: 59b1a24a8302295cdca6c9a95f42cca4078effdd 
Author: ClientSysFWGit <clientsysfwgit@intel.com> 
Date: Mon Jul 8 11:47:44 2024 +0530 
-------------------------------------------------------------------------------- 
Coverity Static Code Analysis issues

[Issue Description]
Coverity Static Code Analysis issues

[Resolution]
Fix Coverity Static Code Analysis issues

Package/Module: Overclocking

[Impacted Platform]
S

Hsd-es-id: 14022631462
Original commit date: Tue Jun 18 12:08:47 2024 -0700
Change-Id: I839c454ea67aefe22f44615300821be59e4e552a
Original commit hash: a62d3bc34bf0e71d29219b1ef33a5dcd6fec43d2

-------------------------------------------------------------------------------- 
[Changed Files]
ClientOneSiliconPkg/IpBlock/Overclocking/LibraryPrivate/PeiOcInitLib/PeiOcInitLib.c
ClientOneSiliconPkg/IpBlock/Spi/LibraryPrivate/PeiSpiDmaLib/PeiSpiDma.c
ClientOneSiliconPkg/Product/MeteorLake/PchSmiDispatcher/Smm/Mtls/PchSmmCore.c
MeteorLakePlatSamplePkg/Setup/OverClockSetup.c
MeteorLakePlatSamplePkg/Setup/OverClockSetup.hfr
MeteorLakePlatSamplePkg/Setup/OverClockSetup.uni

================================================================================ 
Commit: 1be60e1d80c5601e159dea87cdb3b38ea6518682 
Author: ClientSysFWGit <clientsysfwgit@intel.com> 
Date: Mon Jul 8 11:47:30 2024 +0530 
-------------------------------------------------------------------------------- 
"[TeamCity] MTL MeteorLake_arrowlake_s_program_platform_Daily Daily Updating Version/ID: MeteorLake_4223_93

Hsd-es-id: N/A"
Original commit date: Tue Jun 18 09:39:45 2024 -0700
Original commit hash: 48289059384dc28037210185d2d9a7ae732805cd

-------------------------------------------------------------------------------- 
[Changed Files]
MeteorLakeBoardPkg/BiosId.env

================================================================================ 
Commit: ae031c9685bee4d916604a2d47cb6c03f9b34a1d 
Author: ClientSysFWGit <clientsysfwgit@intel.com> 
Date: Mon Jul 8 11:46:53 2024 +0530 
-------------------------------------------------------------------------------- 
"[TeamCity] MTL MeteorLake_arrowlake_s_program_platform_Daily Daily Updating Version/ID: MeteorLake_4223_92

Hsd-es-id: N/A"
Original commit date: Fri Jun 14 09:29:48 2024 -0700
Original commit hash: ea3e4ef7ff4b1afe85f507c8b0d33886a306ebdd

-------------------------------------------------------------------------------- 
[Changed Files]
ClientOneSiliconPkg/Product/MeteorLake/EarlyDevices/Readme.md
ClientOneSiliconPkg/SiPkg.dec
Doxygen/BoardApi.chm
Doxygen/FspApi.chm
Doxygen/MeteorLake_FSP_Integration_Guide.chm
Doxygen/MeteorLake_FSP_Integration_Guide.pdf
Doxygen/PlatApi.chm
Doxygen/SiPkgApi.chm
LICENSE.txt
MeteorLakeBoardPkg/CapsuleUpdateConfig/.gitignore
MeteorLakeBoardPkg/Features/CapsuleUpdate/Tools/CapsuleGenerate/Ucode/.gitignore
