================================================================================ 
Commit: 1b80284c3109f1197ec5d6e35728c5583d9b4f08 
Author: DCPAE SERVER <dcpae.server@intel.com> 
Date: Mon Jun 23 15:00:10 2025 -0700 
-------------------------------------------------------------------------------- 
"[TeamCity] GNRWS GnrwsRp_PV_milestone_rel_Daily Daily Updating Version/ID: GNRSPWS.0.RPB.3663.P.04

Hsd-es-id: N/A"
Original commit date: Thu Jun 12 17:59:53 2025 -0700
Original commit hash: e04e19e383ed61ad7afe7490e4edb5e2cd7d49a0

-------------------------------------------------------------------------------- 
[Changed Files]
GnrwsRpPkg/Tool/GenBiosId/BiosId.env
GnrwsRpPkg/Tool/GenBiosId/BiosIdD.env
GnrwsRpPkg/Tool/GenBiosId/BiosIdR.env
GnrwsRpPkg/Tool/GenBiosId/BiosIdS.env
GnrwsRpPkg/Tool/GenIfwiId/IfwiIdD.env
GnrwsRpPkg/Tool/GenIfwiId/IfwiIdR.env
GnrwsRpPkg/Tool/GenIfwiId/IfwiIdS.env

================================================================================ 
Commit: 0e1bcd799440c8d2d2e1576781993f4da4c622b0 
Author: DCPAE SERVER <dcpae.server@intel.com> 
Date: Mon Jun 23 15:00:06 2025 -0700 
-------------------------------------------------------------------------------- 
Add EC SCI support for GnrWS

[Feature Description]
1. EC SCI is sent out from EC to PCH as SCI VW message.
2. PCH eSPI routes this message to PCH PMC.
3. PMC accepts and translates this message to GPIO VW message.
4. The translated message is routed to SoC eSPI through Direct eSPI.
5. S3M accepts and processes this GPIO VW message.

[Resolution]
vGPIO2 on SoC side is assigned to accept the GPIO VW message.

Package/Module:GnrwsRpPkg
               BirchStreamOpenBoardPkg

[Impacted Platform]
GnrWs.

Hsd-es-id: 15017948644

Original commit date: Fri May 30 16:24:16 2025 +0800
Change-Id: Iafa50bdf1e093fd933d4a0f5dc33d0560c528776
Original commit hash: 2e1eba752289ea0101b2c82f94a7e688c28a643d

-------------------------------------------------------------------------------- 
[Changed Files]
BirchStreamOpenBoardPkg/Library/UbaGpioInitLib/UbaGpioInitLib.c
BirchStreamOpenBoardPkg/Library/UbaGpioInitLib/UbaGpioInitLib.inf
GnrwsRpPkg/Features/Ec/EcFeaturePkg/AcpiTables/EcSsdt/EcBase.asl
GnrwsRpPkg/Features/Ec/EcFeaturePkg/EcDxe/EcDxe.c
GnrwsRpPkg/Features/Ec/EcFeaturePkg/EcDxe/EcDxe.inf
GnrwsRpPkg/Uba/UbaMain/TypeGnrwsCRB/Pei/GpioTable.c

================================================================================ 
Commit: 3a2ebb2d9ba4cf157d4132c034b64efc87ac3eb5 
Author: DCPAE SERVER <dcpae.server@intel.com> 
Date: Mon Jun 23 15:00:03 2025 -0700 
-------------------------------------------------------------------------------- 
[GNR-WS] To add mix ranks configs in the GNR-WS POR table

[Issue Description]
The CCB filed for GNR-WS 16024381409 has missed to track the 2Rx8 & 1Rx8 mix Rank combination

[Resolution]
Enabled this mix rank configuration in the POR table

Package/Module:
ServerSiliconPkg

[Impacted Platform]
GNR-WS

Hsd-es-id: 14025223453

Original commit date: Fri Jun 6 01:33:44 2025 +0530
Change-Id: I9b060bbc180e5ad7d0e44e83a117eba4384c4713
Original commit hash: 04fbb4d306106bf24729bcd6aae2adc66d206056

-------------------------------------------------------------------------------- 
[Changed Files]
ServerSiliconPkg/Mem/Library/MemPorLib/GnrWs/MemPorTable.c

================================================================================ 
Commit: 8ee1d00ec6b5a40b9bf17be1033d692d6bf49dd3 
Author: DCPAE SERVER <dcpae.server@intel.com> 
Date: Mon Jun 23 15:00:00 2025 -0700 
-------------------------------------------------------------------------------- 
"[TeamCity] GNRWS GnrwsRp_PV_milestone_rel_Daily Daily Updating Version/ID: GNRSPWS.0.RPB.3663.P.03

Hsd-es-id: N/A"
Original commit date: Thu Jun 12 08:35:44 2025 -0700
Original commit hash: b52af2a544239ff9dbf969e7c462b7cd87c289b8

-------------------------------------------------------------------------------- 
[Changed Files]
GnrwsRpPkg/Tool/GenBiosId/BiosId.env
GnrwsRpPkg/Tool/GenBiosId/BiosIdD.env
GnrwsRpPkg/Tool/GenBiosId/BiosIdR.env
GnrwsRpPkg/Tool/GenBiosId/BiosIdS.env
GnrwsRpPkg/Tool/GenIfwiId/IfwiIdD.env
GnrwsRpPkg/Tool/GenIfwiId/IfwiIdR.env
GnrwsRpPkg/Tool/GenIfwiId/IfwiIdS.env

================================================================================ 
Commit: f5dfcd42295b3c515b470ac83129ff2e9adb16ce 
Author: DCPAE SERVER <dcpae.server@intel.com> 
Date: Mon Jun 23 14:59:54 2025 -0700 
-------------------------------------------------------------------------------- 
Correct parameter order in LpssSpiControllerBusInit.

[Issue Description]
Fix incorrect parameter order in the
LpssSpiControllerBusInit function call.
The previous order caused improper initialization
of SPI settings, potentially leading to runtime
errors during SPI operations.

[Resolution]
Ensure ClockPhase and ClockIdlePolarity are passed
in the correct order.

[Package/Module]
OneSiliconPkg

[Impacted Platform]
GRANITE RAPIDS WORKSTATION

Hsd-es-id: 18042479588

Original commit date: Tue Jun 3 14:22:00 2025 +0200
Change-Id: I8347474d962e74ad45f565434a39f98770159567
Original commit hash: 343b98c4f6e548a508a995194cf7e18ac9059e6f

-------------------------------------------------------------------------------- 
[Changed Files]
OneSiliconPkg/IpBlock/LpssSpi/LibraryPrivate/LpssSpiBaseLib/LpssSpiPrivateLib.c

================================================================================ 
Commit: d61b56bf376576e28d942f5ab0980d9dc109439d 
Author: DCPAE SERVER <dcpae.server@intel.com> 
Date: Mon Jun 23 14:59:51 2025 -0700 
-------------------------------------------------------------------------------- 
"[TeamCity] GNRWS GnrwsRp_PV_milestone_rel_Daily Daily Updating Version/ID: GNRSPWS.0.RPB.3663.P.02

Hsd-es-id: N/A"
Original commit date: Thu Jun 12 01:27:56 2025 -0700
Original commit hash: 58b69aaf3393646d2532d5bdf50a88245d067e76

-------------------------------------------------------------------------------- 
[Changed Files]
GnrwsRpPkg/Tool/GenBiosId/BiosId.env
GnrwsRpPkg/Tool/GenBiosId/BiosIdD.env
GnrwsRpPkg/Tool/GenBiosId/BiosIdR.env
GnrwsRpPkg/Tool/GenBiosId/BiosIdS.env
GnrwsRpPkg/Tool/GenIfwiId/IfwiIdD.env
GnrwsRpPkg/Tool/GenIfwiId/IfwiIdR.env
GnrwsRpPkg/Tool/GenIfwiId/IfwiIdS.env

================================================================================ 
Commit: e221b5c76ac7ba0e6ba808b10570116799edca0b 
Author: DCPAE SERVER <dcpae.server@intel.com> 
Date: Mon Jun 23 14:59:48 2025 -0700 
-------------------------------------------------------------------------------- 
"[TeamCity] GNRWS GnrwsRp_PV_milestone_rel_Daily Daily Updating Version/ID: GNRSPWS.0.RPB.3663.P.01

Hsd-es-id: N/A"
Original commit date: Wed Jun 11 19:52:57 2025 -0700
Original commit hash: a455e5739849e883433523efc96634a3ff7a84db

-------------------------------------------------------------------------------- 
[Changed Files]
GnrwsRpPkg/Tool/GenBiosId/BiosId.env
GnrwsRpPkg/Tool/GenBiosId/BiosIdD.env
GnrwsRpPkg/Tool/GenBiosId/BiosIdR.env
GnrwsRpPkg/Tool/GenBiosId/BiosIdS.env
GnrwsRpPkg/Tool/GenIfwiId/IfwiIdD.env
GnrwsRpPkg/Tool/GenIfwiId/IfwiIdR.env
GnrwsRpPkg/Tool/GenIfwiId/IfwiIdS.env

================================================================================ 
Commit: 48f93136bbb1c9bea9a38ea9a58210f2b362e326 
Author: DCPAE SERVER <dcpae.server@intel.com> 
Date: Mon Jun 23 14:59:44 2025 -0700 
-------------------------------------------------------------------------------- 
Remove DeleteNvStorageVariable related in external IP clean build

[Issue Description]
DeleteNvStorageVariable.c file get deleted in external IP clean build,
but still refered in .inf file

[Resolution]
Add XmlCli:FeatureTag tag to exclude DeleteNvStorageVariable related
in external IP clean build

Package/Module:

[Impacted Platform]
BHS/GNRWS

Hsd-es-id: 15017927045

Original commit date: Fri Jun 6 11:40:16 2025 +0800
Change-Id: I06d731be92bb0997e04e4383f07ff4cadbcaa0ef
Original commit hash: de21164a1880257dce71d4eaa002ae3247647359

-------------------------------------------------------------------------------- 
[Changed Files]
GnrwsRpPkg/Platform/Dxe/Setup/DxePlatform.inf
GnrwsRpPkg/Platform/Dxe/Setup/SetupPlatform.h
GnrwsRpPkg/Platform/Dxe/Setup/UnitTest/DxePlatformTest.inf

================================================================================ 
Commit: 74723f88fded13ff98d4cb0c4f9539de3b918e01 
Author: DCPAE SERVER <dcpae.server@intel.com> 
Date: Mon Jun 23 14:59:39 2025 -0700 
-------------------------------------------------------------------------------- 
Changed the D-Label to 3663P00.

Package/Module:
GnrwsRpPkg

[Impacted Platform]

Hsd-es-id: NA

Original commit date: Fri May 30 16:44:58 2025 +0530
Change-Id: I7b1e99d96a3a7083329881354239bc7687643e4b
Original commit hash: 99d86d0e42652e4db0f053e9c3e510c73510c99e

-------------------------------------------------------------------------------- 
[Changed Files]
GnrwsRpPkg/Tool/GenBiosId/BiosId.env
GnrwsRpPkg/Tool/GenBiosId/BiosIdD.env
GnrwsRpPkg/Tool/GenBiosId/BiosIdR.env
GnrwsRpPkg/Tool/GenBiosId/BiosIdS.env
