================================================================================ 
Commit: c096cf25fa525b66182e9170ace19096f2915dd4 
Author: ClientSysFWGit <clientsysfwgit@intel.com> 
Date: Wed Aug 17 11:00:13 2022 +0800 
-------------------------------------------------------------------------------- 
[RPL-S] Update the minor version number for RPL_S release 

Update the RPL-S release minor version from 3301_02 to 3301_03

Original commit date: Mon Aug 8 12:00:51 2022 +0800
Change-Id: Iec32064e0ab4dd526c353ef611043f91236baba0
Original commit hash: 7dcfdad9a7755b7df4da11eca04f79eb15867c03

-------------------------------------------------------------------------------- 
[Changed Files]
AlderLakeBoardPkg/BiosId.env

================================================================================ 
Commit: dd034609a6954f3fe7c87df48d6c88fc055b2fbe 
Author: ClientSysFWGit <clientsysfwgit@intel.com> 
Date: Wed Aug 17 11:00:12 2022 +0800 
-------------------------------------------------------------------------------- 
Update MRC Release Notes and increment ADL MRC build revision to 0.0.4.66

Hsd-es-id: N/A
Original commit date: Sun Aug 7 05:38:22 2022 -0700
Change-Id: Ib0bfec8a7617fbc86cbd29f750b9a96c7aa6faf2
Original commit hash: ec7a99c3fcad6981aa72057a753abce0b0a485b9

-------------------------------------------------------------------------------- 
[Changed Files]
ClientOneSiliconPkg/IpBlock/MemoryInit/Adl/LibraryPrivate/PeiMemoryInitLib/Source/Include/MrcVersion.h

================================================================================ 
Commit: 00b98b10a49804d2486f9fffce796bd7e62a3d96 
Author: ClientSysFWGit <clientsysfwgit@intel.com> 
Date: Wed Aug 17 11:00:11 2022 +0800 
-------------------------------------------------------------------------------- 
tZQCAL/2 for Hx

[Feature Description]
tZQCAL/2 for Hx

[Resolution]
tZQCAL/2 for Hx when programming to MC

Package/Module:MRC

[Impacted Platform]
DDR5

Hsd-es-id: 15011713728
Original commit date: Thu Aug 4 15:40:12 2022 +0800
Change-Id: I58a1916aacd58b582ce491fe81f9670d147cc1d9
Original commit hash: c8032ad2fee3a4b4226f667de29ef1c216eb3bb4

-------------------------------------------------------------------------------- 
[Changed Files]
ClientOneSiliconPkg/IpBlock/MemoryInit/Adl/LibraryPrivate/PeiMemoryInitLib/Source/McConfiguration/MrcRefreshConfiguration.c
