================================================================================ 
Commit: 974acf24c976f1523ddd00941705837cd7953a7f 
Author: ClientSysFWGit <clientsysfwgit@intel.com> 
Date: Wed May 6 16:03:53 2020 -0700 
-------------------------------------------------------------------------------- 
[TeamCity] ICL Auto-Commit BIOS ID update CI Increment BIOS Major Version and reset Minor Version to 0

Hsd-es-id: no sighting
Original commit date: Thu Apr 9 11:05:55 2020 -0700
Change-Id: I62cd095635c285bd3f55e3989cd46e3154c9cfaf
Original commit hash: 85324ca2240c8608ec91a57b566ea6350a5c0268

-------------------------------------------------------------------------------- 
[Changed Files]
IceLakePlatSamplePkg/Tools/GenBiosId/BiosId.env

================================================================================ 
Commit: 96cc1412028e3ed6e27f638158ae5c6e6c02dd76 
Author: ClientSysFWGit <clientsysfwgit@intel.com> 
Date: Wed May 6 16:03:51 2020 -0700 
-------------------------------------------------------------------------------- 
Revert "[ICL] Enable IGD/IPU PMR for Preboot IOMMU"

This reverts commit e322223757d464a23ad88774144f36105c47604d.

This is causing BSOD during S3 resume

Hsd-es-id: 16010990228
Original commit date: Thu Apr 9 08:35:10 2020 -0800
Change-Id: I84adbabbf7c8193dd49bf65718494dabc75a101c
Original commit hash: 1a079e04554482e5a371e877decd47d3433b0094

-------------------------------------------------------------------------------- 
[Changed Files]
IceLakePlatSamplePkg/Features/VTd/PlatformVTdInfoSamplePei/PlatformVTdInfoSamplePei.c
IceLakePlatSamplePkg/Features/VTd/PlatformVTdInfoSamplePei/PlatformVTdInfoSamplePei.inf

================================================================================ 
Commit: 8588558b03c3022efb77be20da828db5b210c309 
Author: ClientSysFWGit <clientsysfwgit@intel.com> 
Date: Wed May 6 16:03:48 2020 -0700 
-------------------------------------------------------------------------------- 
[TeamCity] ICL Auto-Commit BIOS ID update CI Increment BIOS Major Version and reset Minor Version to 0

Hsd-es-id: no sighting
Original commit date: Wed Apr 8 02:22:52 2020 -0700
Change-Id: I26b6d4bfd459855bd8190c5ad5f38b1a86d92f75
Original commit hash: c276e325e4749be3a9e205262911d03a4250f8b5

-------------------------------------------------------------------------------- 
[Changed Files]
IceLakePlatSamplePkg/Tools/GenBiosId/BiosId.env

================================================================================ 
Commit: c0711313d8ef9fc1065dffd5cf86b5e358ff1241 
Author: ClientSysFWGit <clientsysfwgit@intel.com> 
Date: Wed May 6 16:03:45 2020 -0700 
-------------------------------------------------------------------------------- 
Fix for EDK 2 Xcode TC build error for FVrecovery size shortage

Incresed FvRecovery3 Size to fix TC build error

Hsd-es-id: No HSD
Original commit date: Tue Apr 7 23:41:17 2020 -0700
Change-Id: Ica0a304b20654fd1921af96ccab5dfea98970eab
Original commit hash: 74c90c2f8420fe11bda1387e70196348e926dacf

-------------------------------------------------------------------------------- 
[Changed Files]
IceLakePlatSamplePkg/FlashMap/SIZE_100_UEFI_BOOT.fdf

================================================================================ 
Commit: ae6e68db18306403fa1af7246d94e2391f441cb5 
Author: ClientSysFWGit <clientsysfwgit@intel.com> 
Date: Wed May 6 16:03:42 2020 -0700 
-------------------------------------------------------------------------------- 
[TeamCity] ICL Auto-Commit BIOS ID update CI Increment BIOS Major Version and reset Minor Version to 0

Hsd-es-id: no sighting
Original commit date: Tue Apr 7 22:03:11 2020 -0700
Change-Id: Ieacabe5d854f0c239ded92eacfba5bf384769447
Original commit hash: 7d6566d523cf214da7dae181495b180174f9109d

-------------------------------------------------------------------------------- 
[Changed Files]
IceLakePlatSamplePkg/Tools/GenBiosId/BiosId.env

================================================================================ 
Commit: 0040adfe81b6849bd88362e6b0c8509ac1e3cb52 
Author: ClientSysFWGit <clientsysfwgit@intel.com> 
Date: Wed May 6 16:03:40 2020 -0700 
-------------------------------------------------------------------------------- 
Integrate New IceLake Microcode Patch

Update Microcode Patch

Hsd-es-id: No HSD
Original commit date: Tue Apr 7 12:58:29 2020 -0700
Change-Id: I419230588705fb6a3c99c616bb37e2b14af1a70b
Original commit hash: fa9766869881bfa1e2be0ab7e0e0b5e840b956d7

-------------------------------------------------------------------------------- 
[Changed Files]
IceLakeOpenBoardPkg/IclUDdr4Type3Tcpd/OpenBoardPkg.fdf
IceLakePlatSamplePkg/PlatformPkg.fdf

================================================================================ 
Commit: ed51dd7afa8534854bf566409bf16bbd7d429a96 
Author: ClientSysFWGit <clientsysfwgit@intel.com> 
Date: Wed May 6 16:03:34 2020 -0700 
-------------------------------------------------------------------------------- 
[ICL] Enable IGD/IPU PMR for Preboot IOMMU

Enable IGD PMR by EndofPei callback
Enable IPU PMR by EndofSi callback

Hsd-es-id: 2209658433
Original commit date: Tue Mar 31 22:38:39 2020 -0700
Change-Id: Ic37fc20fef76bc97a1bdfcb3a381fb7a89c4c0f1
Original commit hash: e322223757d464a23ad88774144f36105c47604d

-------------------------------------------------------------------------------- 
[Changed Files]
IceLakePlatSamplePkg/Features/VTd/PlatformVTdInfoSamplePei/PlatformVTdInfoSamplePei.c
IceLakePlatSamplePkg/Features/VTd/PlatformVTdInfoSamplePei/PlatformVTdInfoSamplePei.inf

================================================================================ 
Commit: 80089a290fd6da126fe8405265760ab197413de5 
Author: ClientSysFWGit <clientsysfwgit@intel.com> 
Date: Wed May 6 16:03:31 2020 -0700 
-------------------------------------------------------------------------------- 
IceLakeSiliconPkg/PeiSataLib: Disable SATA AHCI CAP2 APST bit

 - Set ABAR + 23h[2] to 0

Hsd-es-id: 14010938799
Original commit date: Mon Mar 30 17:17:12 2020 -0700
Change-Id: I1af81a0f4b58be6cfcc792f07761e9c8a2ce19a5
Original commit hash: fb1036f9ad6d724a164d442b543e248517049047

-------------------------------------------------------------------------------- 
[Changed Files]
IceLakeSiliconPkg/Pch/Library/Private/PeiSataPrivateLib/PeiSataPrivateLib.c

================================================================================ 
Commit: 57af8e42c2a4abb03f7f41b3ce32c8b04e4f23ab 
Author: ClientSysFWGit <clientsysfwgit@intel.com> 
Date: Wed May 6 16:03:28 2020 -0700 
-------------------------------------------------------------------------------- 
[TeamCity] ICL Auto-Commit BIOS ID update CI Increment BIOS Major Version and reset Minor Version to 0

Hsd-es-id: no sighting
Original commit date: Tue Mar 31 14:05:36 2020 -0700
Change-Id: Iba1648699aa8c7f220dc7b31814d5ffd00a9463a
Original commit hash: abcd2d880045f9e4a8410a4a22cec1e07b7aab83

-------------------------------------------------------------------------------- 
[Changed Files]
IceLakePlatSamplePkg/Tools/GenBiosId/BiosId.env

================================================================================ 
Commit: af3f5127f93312129012d7350deec42e4235e0c9 
Author: ClientSysFWGit <clientsysfwgit@intel.com> 
Date: Wed May 6 16:03:25 2020 -0700 
-------------------------------------------------------------------------------- 
IceLakeSiliconPkg: Update XHCI programming

Update XHCC1.L23HRAWC programming for XHCI DID 0x34ED

Hsd-es-id: 14011225247
Original commit date: Mon Mar 30 15:52:03 2020 -0700
Change-Id: I259abd7503f37ea14b7e9e1aba4405044afd2485
Original commit hash: 8e58edef95c50762796e725ac64ac268ce6178f3

-------------------------------------------------------------------------------- 
[Changed Files]
IceLakeSiliconPkg/Library/Private/PeiUsbInitLib/XhciInit.c

================================================================================ 
Commit: 5f2b3ba23d689c49ff1a9a2431119309d2e370c7 
Author: ClientSysFWGit <clientsysfwgit@intel.com> 
Date: Wed May 6 16:03:22 2020 -0700 
-------------------------------------------------------------------------------- 
Integrate  ICL GOP 14.0.1039

Hsd-es-id: 16010962100
Impacted Platforms:ICL

Original commit date: Tue Mar 31 16:11:36 2020 +0530
Change-Id: I6aadc59cf1beab871140b5e49bd812f63479350d
Original commit hash: 3c5ef3769a33c5644a9d89674dbdc94c90e61e3d

-------------------------------------------------------------------------------- 
[Changed Files]
IceLakeFspBinPkg/SampleCode/Vbt/Vbt.bin
IceLakeFspBinPkg/SampleCode/Vbt/Vbt.bsf
IceLakeSiliconPkg/SampleCode/IntelGraphicsVbt/Vbt.bin
IceLakeSiliconPkg/SystemAgent/IntelGraphicsPeim/Binaries/IntelGraphicsPeim.efi
IceLakeSiliconPkg/SystemAgent/IntelGraphicsPeim/Binaries/IntelGraphicsPeimDebug.efi
IceLakeSiliconPkg/SystemAgent/IntelGraphicsPeim/Binaries/IntelGraphicsPeimSimics.efi

================================================================================ 
Commit: 5218f6d48d19b10d2b0da908f40fae4b204d6275 
Author: ClientSysFWGit <clientsysfwgit@intel.com> 
Date: Wed May 6 16:03:19 2020 -0700 
-------------------------------------------------------------------------------- 
Implement OSI for Linux S0ix dynamic Switching.

Implement OSI for Linux S0ix dynamic Switching.

Hsd-es-id: 1507869086
Original commit date: Wed Mar 25 11:18:20 2020 +0800
Change-Id: I1f00020ea63ffb6aab1ebcd9d8314c3954bce1ac
Original commit hash: f3feabbaa06425a0b5aed27d702d2d099fcaff1a

-------------------------------------------------------------------------------- 
[Changed Files]
IceLakePlatSamplePkg/Acpi/AcpiTables/Dsdt/Platform.asl

================================================================================ 
Commit: 8903f0fc740078373b38af93e49303c8d6769101 
Author: ClientSysFWGit <clientsysfwgit@intel.com> 
Date: Wed May 6 16:03:14 2020 -0700 
-------------------------------------------------------------------------------- 
Fix Incorrect LTR format for TBT DMA controller
   Assert requirement bit(bit15) of LTR register when LTR has value to program.

Hsd-es-id: 22010434183
Impact Platforms: ICL

Original commit date: Wed Mar 18 17:54:32 2020 +0800
Change-Id: Iac139c60a62beae11f43c6e1a42697c13735710c
Original commit hash: 61f875b078d8824db469ae605a4f762621d4a68a

-------------------------------------------------------------------------------- 
[Changed Files]
IceLakeSiliconPkg/Tbt/Library/Private/PeiITbtInitLib/PeiITbtInitLib.c

================================================================================ 
Commit: a905e129dc59f4c6cbfe66c30c0edbbbc24a5ecb 
Author: ClientSysFWGit <clientsysfwgit@intel.com> 
Date: Wed May 6 16:03:10 2020 -0700 
-------------------------------------------------------------------------------- 
[TeamCity] ICL Auto-Commit BIOS ID update CI Increment BIOS Major Version and reset Minor Version to 0

Hsd-es-id: no sighting
Original commit date: Tue Mar 17 17:49:09 2020 -0700
Change-Id: I5c1a18c696f1e785b281005fa183af315ef24655
Original commit hash: 50ffd9920701f507c125ef40659a136fe93a1e73

-------------------------------------------------------------------------------- 
[Changed Files]
IceLakePlatSamplePkg/Tools/GenBiosId/BiosId.env

================================================================================ 
Commit: 1f017b790e9e7f864ef192eb7e9d59ecce522227 
Author: ClientSysFWGit <clientsysfwgit@intel.com> 
Date: Wed May 6 16:03:08 2020 -0700 
-------------------------------------------------------------------------------- 
Integrate New IceLake Microcode Patch

Update Microcode Patch

Hsd-es-id: N/A
Original commit date: Tue Mar 17 13:39:53 2020 -0700
Change-Id: I086857dcf3cfd6095b6e8238151af7aa1f4f1d10
Original commit hash: 6338255cc3d7b916ecee778ab07d30f76f5675be

-------------------------------------------------------------------------------- 
[Changed Files]
IceLakeOpenBoardPkg/IclUDdr4Type3Tcpd/OpenBoardPkg.fdf
IceLakePlatSamplePkg/PlatformPkg.fdf

================================================================================ 
Commit: 0e2f591d48b9862e1395e79d6f537a1b78ec032f 
Author: ClientSysFWGit <clientsysfwgit@intel.com> 
Date: Wed May 6 16:03:04 2020 -0700 
-------------------------------------------------------------------------------- 
[ICL] FWTS Medium/Low failures under Ubuntu Linux.

Fix FWTS Medium/Low failures
1.Chage MADT revision from 3 to 4
2.Change FADT S4BIOS_REQ commandto Not Supported
3.32 and 64 bit versions of FADT pm1_cnt address do not match, BIOS should expose either 64 bits or 32 bits address, not both.
	(PM1A_CNT_BLK, PM2_CNT_BLK)

Hsd-es-id: 2209242086
Original commit date: Tue Mar 10 14:43:56 2020 +0800
Change-Id: Ieb5c0bb2d33b2a014f36bb91cc2a486b07c2c2ce
Original commit hash: d31beae160dee26420fab8bc19c87d984867fb4b

-------------------------------------------------------------------------------- 
[Changed Files]
IceLakePlatSamplePkg/Acpi/AcpiTables/AcpiPlatform/Dxe/AcpiPlatform.c
IceLakePlatSamplePkg/Acpi/AcpiTables/Fadt/Fadt6.1.h
IceLakePlatSamplePkg/Acpi/AcpiTables/Madt/Madt.act

================================================================================ 
Commit: 90c44905e6b52eda1f033b66a33e8391bea404e1 
Author: ClientSysFWGit <clientsysfwgit@intel.com> 
Date: Wed May 6 16:03:01 2020 -0700 
-------------------------------------------------------------------------------- 
[TeamCity] ICL Auto-Commit BIOS ID update CI Increment BIOS Major Version and reset Minor Version to 0

Hsd-es-id: no sighting
Original commit date: Tue Mar 10 12:14:23 2020 -0700
Change-Id: I5c0ff54466524cd50a2d066e8741bd32c2384843
Original commit hash: f7602be5b269ddfda12ae133784c148f95e53941

-------------------------------------------------------------------------------- 
[Changed Files]
IceLakePlatSamplePkg/Tools/GenBiosId/BiosId.env

================================================================================ 
Commit: d01117aef43da350b3bd24a8a367d799b72eb3b4 
Author: ClientSysFWGit <clientsysfwgit@intel.com> 
Date: Wed May 6 16:02:58 2020 -0700 
-------------------------------------------------------------------------------- 
Platform RTD3 PCIE control: Add _PR3 and change _S0W as 4 to indicate D3Cold support

Related HSD: [ICL-U][D2][20H1][Regression] Observed BSOD  while performing multiple S3 cycles

There's only _PR0 object which involves D3cold power control methods under PCIE root port.
So once the device leaves D0, it will be pushed to D3Cold unexpectedly.
Adding _PR3 with the same power resource and change _S0W as 4 to indicate D3Cold support properly.

Hsd-es-id: 16010759884
Original commit date: Wed Feb 26 19:00:22 2020 +0800
Change-Id: I0b9ac93789863a583338012acedbfa718c915e98
Original commit hash: 0475ea5cd135543d7f9c3d6670d00312c3a125cb

-------------------------------------------------------------------------------- 
[Changed Files]
IceLakePlatSamplePkg/Acpi/AcpiTables/SsdtRtd3/Rtd3Pcie.asl

================================================================================ 
Commit: 87e109820bd992ee4dbbde53859769480db3c014 
Author: ClientSysFWGit <clientsysfwgit@intel.com> 
Date: Wed May 6 16:02:56 2020 -0700 
-------------------------------------------------------------------------------- 
[ICL] FWTS High failures under Ubuntu Linux.

Fix FWTS High failures
1.ACPI Error: AE_AML_PACKAGE_LIMIT, Index is beyond end of object (\_SB.GINF,  \_SB.GADR, \_SB.SGOV,  \_SB.CGWR, \_SB.TBFP,  \_SB.WMTF)
2.Detected error 'Uninitialized local variable' when evaluating ('\_SB_.PCI0.SPI1.FPNT._CRS', '\_SB_.PCI0.SPI2.FPNT._CRS')
3.Detected error 'Uninitialized local variable' when evaluating (\_SB_.PCI0.LNK0._CRS', same as LNK1, LNK2, LNK3)

Hsd-es-id: 2209242086
Original commit date: Fri Jan 17 12:45:59 2020 +0800
Change-Id: I513cffba8d2c5fb88913973096f2e5be9a307314
Original commit hash: f24d6a3e1f88918870ca1a82a5888210ce55a38f

-------------------------------------------------------------------------------- 
[Changed Files]
IceLakePlatSamplePkg/Acpi/AcpiTables/Dsdt/MipiCamSensors.asl
IceLakePlatSamplePkg/Acpi/AcpiTables/Dsdt/SpiFingerprint.asl
IceLakeSiliconPkg/Pch/AcpiTables/Dsdt/GpioLib.asl

================================================================================ 
Commit: 511292709ea317fcc2777d6fe315d2d947bc8637 
Author: ClientSysFWGit <clientsysfwgit@intel.com> 
Date: Wed May 6 16:02:52 2020 -0700 
-------------------------------------------------------------------------------- 
[TeamCity] ICL Auto-Commit BIOS ID update CI Increment BIOS Major Version and reset Minor Version to 0

Hsd-es-id: no sighting
Original commit date: Tue Mar 3 17:09:10 2020 -0800
Change-Id: I2972ed597c54f278e44fa77909d47252ae17a171
Original commit hash: b0c9b461d968ee8a4545e619eac9e7354e257f70

-------------------------------------------------------------------------------- 
[Changed Files]
IceLakePlatSamplePkg/Tools/GenBiosId/BiosId.env

================================================================================ 
Commit: fb1f0d715ca70eede4fce730f8ae33eaa2e59ef2 
Author: ClientSysFWGit <clientsysfwgit@intel.com> 
Date: Wed May 6 16:02:46 2020 -0700 
-------------------------------------------------------------------------------- 
Integrate New IceLake Microcode Patch

Update Microcode Patch

Hsd-es-id: No HSD
Original commit date: Tue Mar 3 11:23:24 2020 -0800
Change-Id: I2bfa20de295e67e23b6fc58749b6bb83a1b677f0
Original commit hash: 43ad36ef6287e34ad8f082e46ef215a74466a6fe

-------------------------------------------------------------------------------- 
[Changed Files]
IceLakeOpenBoardPkg/IclUDdr4Type3Tcpd/OpenBoardPkg.fdf
IceLakePlatSamplePkg/PlatformPkg.fdf
