================================================================================ 
Commit: 28f5bb1343a2cd7f433dadc226513ba9b81e5310 
Author: ClientSysFWGit <clientsysfwgit@intel.com> 
Date: Tue Jan 14 09:39:16 2020 +0530 
-------------------------------------------------------------------------------- 
[TeamCity] CML Auto-Commit FSP CI [TeamCity] Auto-Commit FSP

Hsd-es-id: no sighting
Original commit date: Thu Jan 9 08:08:26 2020 -0800
Change-Id: Ia8eb35069b4c476093865588443c49af8743c5f5
Original commit hash: 4080c5a31266232d03c245054047481a858a91c4

-------------------------------------------------------------------------------- 
[Changed Files]
CometLakeFspBinPkg/Fsp.bsf
CometLakeFspBinPkg/Include/FspmUpd.h
CometLakeFspPkg/Include/FspmUpd.h

================================================================================ 
Commit: aa5fe25805f6df1217bb0483de10b1bfdc403dd6 
Author: ClientSysFWGit <clientsysfwgit@intel.com> 
Date: Tue Jan 14 09:39:14 2020 +0530 
-------------------------------------------------------------------------------- 
[TeamCity] CML Auto-Commit BIOS ID update CI BIOS Version to 2024_00

Hsd-es-id: no sighting
Original commit date: Thu Jan 9 07:24:03 2020 -0800
Change-Id: I19999544b25dee7bb51c0c3a9363a967db8db1dc
Original commit hash: 851e3223b0281336f3dd76d6d3e2c2a5300e1427

-------------------------------------------------------------------------------- 
[Changed Files]
CometLakePlatSamplePkg/Tools/GenBiosId/BiosId.env

================================================================================ 
Commit: 61bfafcc4dc1c7aea6f3ad2acd3fca05078a886d 
Author: ClientSysFWGit <clientsysfwgit@intel.com> 
Date: Tue Jan 14 09:39:12 2020 +0530 
-------------------------------------------------------------------------------- 
[CML-H82][OC][BIOS][REGRESSION]:Miscellaneous-HWP Lowest Performance value mismatch in MSR tool and TAT tool.

- Part2: Resolved not showing 255 in OSPM Requested HWP Maximum Performance from TAT tool.

Hsd-es-id: 16010655903
Original commit date: Wed Jan 8 18:35:35 2020 +0800
Change-Id: Ib50c6e23183f93437209793fee5e1851a2fae606
Original commit hash: ed30513618b6c17257f572e523228b1ee06c5e9d

-------------------------------------------------------------------------------- 
[Changed Files]
CometLakePlatSamplePkg/Acpi/AcpiTables/Dsdt/CPU.asl
CometLakeSiliconPkg/Cpu/AcpiTables/CpuSsdt/Cpu0Hwp.asl

================================================================================ 
Commit: faa1cc3181813be62b8187f3257fe7c85b5a639d 
Author: ClientSysFWGit <clientsysfwgit@intel.com> 
Date: Tue Jan 14 09:39:10 2020 +0530 
-------------------------------------------------------------------------------- 
[CML] CML Q0 0xa0655 patch - C6 Version Production Q0 patch

REVID = 0xC6
SVN = 2
SE SVN = A
Xucode version: production

Hsd-es-id:1307135892
Original commit date: Wed Jan 8 16:26:17 2020 +0530
Change-Id: I668104d1cfa4cd2c4b5575338a56948349ed94ae
Original commit hash: 47845a909a7bfd4da2b0e59adfe680767f7bc92f

-------------------------------------------------------------------------------- 
[Changed Files]
CometLakePlatSamplePkg/PlatformPkg.fdf

================================================================================ 
Commit: 2238d608b7c696b3681bc804c5190d7b9ec52e71 
Author: ClientSysFWGit <clientsysfwgit@intel.com> 
Date: Tue Jan 14 09:39:09 2020 +0530 
-------------------------------------------------------------------------------- 
CometLakeSiliconPkg: Fix CR fuse disable detection on CMP-V

When we moved the remapping to PEI to support FSP we have
decided to use CNP implementation as a base which made
RstIsCrFuseEnabled function incompatible with CMP-V causing
cycle router detection problems. This commit reverts the
implementation of RstIsCrFuseEnabled back to KBP.

Hsd-es-id: 1507694515
Original commit date: Tue Jan 7 15:47:28 2020 +0100
Change-Id: Iee43418f50679033825fd81a40874fc6d8f7b4a0
Original commit hash: b405691ff6abe2a4709d42d2b6ea962e4132f123

-------------------------------------------------------------------------------- 
[Changed Files]
CometLakeSiliconPkg/CmlvPch/Library/Private/PeiRstPrivateLib/PeiRstPrivateLib.c

================================================================================ 
Commit: 5397435a7e0bf79aeeb6fc371d47ba3713fc740e 
Author: ClientSysFWGit <clientsysfwgit@intel.com> 
Date: Tue Jan 14 09:39:07 2020 +0530 
-------------------------------------------------------------------------------- 
Title: CML: DGR Ppamtest logs shows error for some of SMM Page table Entries.

Hsd-es-id: 16010671283

Description: DGR - Ppamtest logs shows error for some of SMM Page table
             Entries which are expected to be Supervisor pages.

Original commit date: Wed Jan 8 23:46:04 2020 +0530
Change-Id: I64e26da1bc9e37e29afe82acc758366b477622ef
Original commit hash: e02f9f69ce5432ef8dce370dc5cfe4542e34f3a8

-------------------------------------------------------------------------------- 
[Changed Files]
CometLakeSiliconPkg/Cpu/Library/SmmCpuFeaturesLib/IoMsrBitmap.c
CometLakeSiliconPkg/Cpu/Library/SmmCpuFeaturesLib/SmmSps.c
CometLakeSiliconPkg/Cpu/Library/SmmCpuFeaturesLib/SmmSps.h

================================================================================ 
Commit: 96b82682fa33886e55bd83b24b77ae7bc67b7fd4 
Author: ClientSysFWGit <clientsysfwgit@intel.com> 
Date: Tue Jan 14 09:39:05 2020 +0530 
-------------------------------------------------------------------------------- 
[CMLV] Updating the CMPV SKU name.

Aligning the name of the PCH with respect to the latest document

Hsd-es-id: 1507691579
Original commit date: Tue Jan 7 14:23:40 2020 +0530
Change-Id: I6d6092d81e6d4b3b4032c856fd909f6b775839f3
Original commit hash: c925464e4cd84dae9af2488d91e31a91874ae830

-------------------------------------------------------------------------------- 
[Changed Files]
CometLakeSiliconPkg/CmlvPch/Include/Register/PchRegsLpc.h
CometLakeSiliconPkg/CmlvPch/Library/PeiDxeSmmPchInfoLib/PchInfoStrLib.c

================================================================================ 
Commit: 48c36f2112950e7c62aa1ccb3fffdfba5adcfd84 
Author: ClientSysFWGit <clientsysfwgit@intel.com> 
Date: Tue Jan 14 09:39:03 2020 +0530 
-------------------------------------------------------------------------------- 
Title: TPM PCR [01] mismatch while extending AMT Configuration data.

Hsd-es-id: 16010658864

Description: AMT configuration data is mismatching on every restart
             while extending it to TPM PCR [01].

Original commit date: Tue Jan 7 23:19:54 2020 +0530
Change-Id: Ic578da53c9380394a45279bf61f0e87be521a65e
Original commit hash: 4c1b91c11fbff20167cbdd957d6d831152665b94

-------------------------------------------------------------------------------- 
[Changed Files]
CometLakePlatSamplePkg/Features/Me/MeExtMeasurement/Dxe/MeExtConfig.c
CometLakePlatSamplePkg/Features/Me/MeExtMeasurement/Dxe/MeExtConfig.h

================================================================================ 
Commit: 97cbecf008e0739ec84e67029ec8a8e865400742 
Author: ClientSysFWGit <clientsysfwgit@intel.com> 
Date: Tue Jan 14 09:39:01 2020 +0530 
-------------------------------------------------------------------------------- 
[TeamCity]  Daily Update_FSP/RC

Hsd-es-id: no sighting
Original commit date: Wed Jan 8 11:35:04 2020 -0800
Change-Id: I36f2f86f5242467f6c320ef453b0b90ca7dfbb8d
Original commit hash: abd41387a7e723661ad89c3028d22b3ce49f29d2

-------------------------------------------------------------------------------- 
[Changed Files]
CometLakeFspPkg/CometLakeFspPkg.dec

================================================================================ 
Commit: a81c08c43b227bb1ce798dfbd4beaa2b510b5216 
Author: ClientSysFWGit <clientsysfwgit@intel.com> 
Date: Tue Jan 14 09:38:58 2020 +0530 
-------------------------------------------------------------------------------- 
[TeamCity] CML Auto-Commit BIOS ID update CI BIOS Version to 2022_00

Hsd-es-id: no sighting
Original commit date: Tue Jan 7 22:15:28 2020 -0800
Change-Id: I28b783b77073d93803d82d68a9adb7e898cc8c7d
Original commit hash: d8a90881e3f57d693c6d3b9ff6d108d0afd60b18

-------------------------------------------------------------------------------- 
[Changed Files]
CometLakePlatSamplePkg/Tools/GenBiosId/BiosId.env

================================================================================ 
Commit: 435aa15e481e16191daad17a99523c9bb272b497 
Author: ClientSysFWGit <clientsysfwgit@intel.com> 
Date: Tue Jan 14 09:38:55 2020 +0530 
-------------------------------------------------------------------------------- 
[CML-H82][OC][BIOS][REGRESSION]:Miscellaneous-HWP Lowest Performance value mismatch in MSR tool and TAT tool.

- Add CPOC table to support maximum performance up to 0xFF when OC enable
- Modified ITBMT to refer \_SB.ITBM instead of PPM_TURBO_BOOST_MAX for CML

Hsd-es-id: 16010655903
Original commit date: Fri Jan 3 19:27:06 2020 +0800
Change-Id: I0d6b59bc5622ccb8c432e9e3051cc460c2406d9a
Original commit hash: b1865dd197e90cb2b7b90601a8a415974ef410ba

-------------------------------------------------------------------------------- 
[Changed Files]
CometLakePlatSamplePkg/Acpi/AcpiTables/Dsdt/CPU.asl
CometLakeSiliconPkg/Cpu/AcpiTables/CpuSsdt/ApPsd.asl
CometLakeSiliconPkg/Cpu/AcpiTables/CpuSsdt/Cpu0Hwp.asl
CometLakeSiliconPkg/Cpu/AcpiTables/CpuSsdt/Cpu0Psd.asl
CometLakeSiliconPkg/Cpu/AcpiTables/CpuSsdt/HwpLvt.asl

================================================================================ 
Commit: e003aaebe25ec18eb121b1d0cbcfa49f607f5d41 
Author: ClientSysFWGit <clientsysfwgit@intel.com> 
Date: Tue Jan 14 09:38:53 2020 +0530 
-------------------------------------------------------------------------------- 
Update MRC Release Notes and increment MRC build revision

Wed Jan 8 00:11:12 2020 +0000
Original commit date: Wed Jan 8 00:11:12 2020 +0000
Original commit hash: 90b86a61048782e8d6ffcefcf9002338070fd3f7

-------------------------------------------------------------------------------- 
[Changed Files]
CometLakeSiliconPkg/SystemAgent/MemoryInitCfl/Library/Private/PeiMemoryInitLib/Source/Include/MrcVersion.h

================================================================================ 
Commit: 5e98bacf1d1ed1a263e0ad466339496be260d0e6 
Author: ClientSysFWGit <clientsysfwgit@intel.com> 
Date: Tue Jan 14 09:38:51 2020 +0530 
-------------------------------------------------------------------------------- 
CometLakeSiliconPkg: [1507661272][CML][MRC] Update DMFC_DDR4 frequency limitation

Issue:
Overclock Capable CML-S parts are currently being allowed to reach overclock memory frequencies regardless of the setting for OcSupport policy.

Solution:
Change the limit of frequencies for CML-S to only allow frequencies above DMFC if the OcSupport input policy is set by User.

Hsd-es-id: 1507661272
Original commit date: Mon Jan 6 17:53:43 2020 -0800
Change-Id: Ib417f332e8f1089e62cc8769871eda2a67487a2f
Original commit hash: 75e3efe2549038c080fbff57a1985b69774ced9e

-------------------------------------------------------------------------------- 
[Changed Files]
CometLakeSiliconPkg/SystemAgent/MemoryInitCfl/Library/Private/PeiMemoryInitLib/Source/Api/MrcGeneral.c

================================================================================ 
Commit: f2dec4ddfdfdf1ec6a2350cbf6711e592574e0d3 
Author: ClientSysFWGit <clientsysfwgit@intel.com> 
Date: Tue Jan 14 09:38:48 2020 +0530 
-------------------------------------------------------------------------------- 
Update MRC Release Notes and increment MRC build revision

Tue Jan 7 23:06:08 2020 +0000
Original commit date: Tue Jan 7 23:06:08 2020 +0000
Original commit hash: 8d8bf0e3d7e479799dd9cbc5373eb912889f156e

-------------------------------------------------------------------------------- 
[Changed Files]
CometLakeSiliconPkg/SystemAgent/MemoryInitCfl/Library/Private/PeiMemoryInitLib/Source/Include/MrcVersion.h

================================================================================ 
Commit: a3579684a0c7dc4171e1cbe8cc7ce0b731e8d666 
Author: ClientSysFWGit <clientsysfwgit@intel.com> 
Date: Tue Jan 14 09:38:47 2020 +0530 
-------------------------------------------------------------------------------- 
[CMLS][MRC][OC] Memory not able to train to XMP Profile

Issue:
Certain XMP DIMMs are not able to complete MRC training with their SPD timings.
Failures seen within MRC are varied, but most occur during early training steps, such as Early ReadMPR 2D step.
Root Cause:
tCCD_L was being calculated based on tCK frequency, which led to large values of tCCD_L for high frequency.
DDR4 JEDEC Spec for tCCD_L only lists [4...8] as possible encoded values, so any value above 8 was being silently truncated by MRC when programming MR6.
Solution:
Limit maximum value of tCCD_L within SPD Processing. tCCD_L should not exceed 8, which is the maximum possible value in DDR4 Mode Register 6

Hsd-es-id: 1507402864
Original commit date: Fri Oct 18 10:03:07 2019 -0700
Change-Id: Ia2e3fbaf0befb3a7b6cbbfe6783b7bd141f424a1
Original commit hash: 620b04c859abe3073108cf924a5d77dd57c7f3be

-------------------------------------------------------------------------------- 
[Changed Files]
CometLakeSiliconPkg/SystemAgent/MemoryInitCfl/Library/Private/PeiMemoryInitLib/Source/Api/MrcApi.h
CometLakeSiliconPkg/SystemAgent/MemoryInitCfl/Library/Private/PeiMemoryInitLib/Source/Api/MrcGeneral.c
CometLakeSiliconPkg/SystemAgent/MemoryInitCfl/Library/Private/PeiMemoryInitLib/Source/Include/MrcDdr4Registers.h
CometLakeSiliconPkg/SystemAgent/MemoryInitCfl/Library/Private/PeiMemoryInitLib/Source/SpdProcessing/MrcSpdProcessing.c

================================================================================ 
Commit: 86e3c9e0b619054634edd138fac29796161de21c 
Author: ClientSysFWGit <clientsysfwgit@intel.com> 
Date: Tue Jan 14 09:38:44 2020 +0530 
-------------------------------------------------------------------------------- 
[TeamCity]  Daily Update_FSP/RC

Hsd-es-id: no sighting
Original commit date: Tue Jan 7 11:35:04 2020 -0800
Change-Id: Idd03e9af8fe4986eed5e3bdca22e781292466b4e
Original commit hash: 41a4da44e75b17a1aa30c576f3f3bb2d401910e4

-------------------------------------------------------------------------------- 
[Changed Files]
CometLakeFspPkg/CometLakeFspPkg.dec

================================================================================ 
Commit: 67eeb16cf109fa2e4df29c2dc5316868957fecbc 
Author: ClientSysFWGit <clientsysfwgit@intel.com> 
Date: Tue Jan 14 09:38:42 2020 +0530 
-------------------------------------------------------------------------------- 
CometLakePlatSamplePkg: GPIOs update for latest mapping table doc #2

Resolution:
1. GPIOs settings are required to update for the latest mapping doc WW45.2.
2. Part#2 is focusing on the GPIn pins.
3. Removing all the native functions and non-used GPIOs.

Impacted: All CML-S platforms.

Hsd-es-id: 1608782417
Original commit date: Mon Jan 6 13:49:44 2020 +0800
Change-Id: I482e011387dafc9af0a0dc3891888f345e9ce737
Original commit hash: 5cf60c48d2690e6f1889d470851942e2bca1388f

-------------------------------------------------------------------------------- 
[Changed Files]
CometLakePlatSamplePkg/Board/Others/PeiBoardInitLib/GpioTableCmlSDdr4.h

================================================================================ 
Commit: fab82f04d7c27132158e0b11ffc6c9100c0d8669 
Author: ClientSysFWGit <clientsysfwgit@intel.com> 
Date: Tue Jan 14 09:38:41 2020 +0530 
-------------------------------------------------------------------------------- 
[TeamCity]  Daily Update_FSP/RC

Hsd-es-id: no sighting
Original commit date: Mon Jan 6 11:35:48 2020 -0800
Change-Id: I2eede4a7517eca36e1a5ee1955d1ccc159cc69c1
Original commit hash: 0db802f524e7c05a9b40333565690e0a0ea0ff0b

-------------------------------------------------------------------------------- 
[Changed Files]
CometLakeFspPkg/CometLakeFspPkg.dec

================================================================================ 
Commit: c3b778b7c8a577839fe38bf3128a5af344bb0b97 
Author: ClientSysFWGit <clientsysfwgit@intel.com> 
Date: Tue Jan 14 09:38:39 2020 +0530 
-------------------------------------------------------------------------------- 
[TeamCity] CML Auto-Commit BIOS ID update CI BIOS Version to 2011_00

Hsd-es-id: no sighting
Original commit date: Mon Jan 6 00:26:11 2020 -0800
Change-Id: Id5ef5c33dc0ca9d3f8588cc8bc6a8a44886080d0
Original commit hash: dbfc05a1956aab00cea47074bf196efa36efb9e9

-------------------------------------------------------------------------------- 
[Changed Files]
CometLakePlatSamplePkg/Tools/GenBiosId/BiosId.env

================================================================================ 
Commit: bbcee2b4840bd485b56a1f62e0a52f65161d94fd 
Author: ClientSysFWGit <clientsysfwgit@intel.com> 
Date: Tue Jan 14 09:38:37 2020 +0530 
-------------------------------------------------------------------------------- 
[CML][OC] One click OC (EZ OC) feature in BIOS

  Set PL1 = PL1 * 1.3
  Set PL2 = (new) PL1 * 1.25
  Set IccMax = IccMax * 1.2

Hsd-es-id: 1507676678
Original commit date: Mon Dec 2 14:04:13 2019 +0800
Change-Id: I43bd320b5196b26c9af15d86fb15e2d413a2f078
Original commit hash: 4ec1f331b2e34ac0a376e5b3a4f74ef8d3a011cf

-------------------------------------------------------------------------------- 
[Changed Files]
CometLakeFspPkg/Library/PeiPolicyUpdatePreMemLib/PeiCpuPolicyUpdatePreMem.c
CometLakeFspPkg/Upd/FspmUpd.dsc
CometLakePlatSamplePkg/FspWrapper/Library/PeiFspPolicyInitLib/PeiFspCpuPolicyInitLib.c
CometLakePlatSamplePkg/Include/SetupVariable.h
CometLakePlatSamplePkg/Library/PeiPolicyUpdateLib/PeiCpuPolicyUpdatePreMem.c
CometLakePlatSamplePkg/Setup/OverClockSetup.hfr
CometLakePlatSamplePkg/Setup/OverClockSetup.uni
CometLakeSiliconPkg/Cpu/Include/ConfigBlock/CpuOverclockingConfig.h
CometLakeSiliconPkg/Cpu/Library/PeiCpuPolicyLib/CpuPrintPolicyPreMem.c
CometLakeSiliconPkg/Cpu/Library/Private/PeiCpuInitLib/CpuInitPreResetCpl.c
CometLakeSiliconPkg/Cpu/Library/Private/PeiCpuPowerMgmtLib/PowerLimits.c
CometLakeSiliconPkg/Cpu/Library/Private/PeiCpuPowerMgmtLib/PowerMgmtCommon.h

================================================================================ 
Commit: 758a7e14b045d1e3288dd21ef8c411843dcc411f 
Author: ClientSysFWGit <clientsysfwgit@intel.com> 
Date: Tue Jan 14 09:38:34 2020 +0530 
-------------------------------------------------------------------------------- 
[TeamCity] CML Weekly Update_FSP/RC

Hsd-es-id: no sighting
Original commit date: Sun Jan 5 12:08:23 2020 -0800
Change-Id: I9f8d8fd1c19da470f32bcd9398c3c7e51b8152d0
Original commit hash: 8413abf587c25bad7c22c811cc139635f1eb2779

-------------------------------------------------------------------------------- 
[Changed Files]
CometLakeFspPkg/CometLakeFspPkg.dec

================================================================================ 
Commit: 7702e7a940d92d704866b2746fe70ba1a93ca72e 
Author: ClientSysFWGit <clientsysfwgit@intel.com> 
Date: Tue Jan 14 09:38:32 2020 +0530 
-------------------------------------------------------------------------------- 
[TeamCity]  Daily Update_FSP/RC

Hsd-es-id: no sighting
Original commit date: Sun Jan 5 11:39:17 2020 -0800
Change-Id: I423b4c03bbe030389425e9917c7c91ca6d5487fc
Original commit hash: ffc2a27199231cc5c0d04a53737021fd9bb55520

-------------------------------------------------------------------------------- 
[Changed Files]
CometLakeFspPkg/CometLakeFspPkg.dec

================================================================================ 
Commit: 211e0973da41070b5e708442785ccb72735ac9b9 
Author: ClientSysFWGit <clientsysfwgit@intel.com> 
Date: Tue Jan 14 09:38:31 2020 +0530 
-------------------------------------------------------------------------------- 
Update MRC Release Notes and increment MRC build revision

Sun Jan 5 13:00:34 2020 +0000
Original commit date: Sun Jan 5 13:00:34 2020 +0000
Original commit hash: c60f58d9ca7d69de2b740d25503573433dc4dae2

-------------------------------------------------------------------------------- 
[Changed Files]
CometLakeSiliconPkg/SystemAgent/MemoryInitCfl/Library/Private/PeiMemoryInitLib/Source/Include/MrcVersion.h

================================================================================ 
Commit: e189b3d35de44ac43f237dc46d092c0b2998a13b 
Author: ClientSysFWGit <clientsysfwgit@intel.com> 
Date: Tue Jan 14 09:38:29 2020 +0530 
-------------------------------------------------------------------------------- 
CannonLakeSiliconPkg: [CML1][LP3][MRC] Setting mid TxVref value for Initial 240 Ohm termination

Setting TxVref to 700mv for initial 240 OdtWr termination

Hsd-es-id: 1307097014
Original commit date: Wed Dec 18 16:37:09 2019 +0200
Change-Id: I578c9b0a6966d23b58a8beb6781463138068053e
Original commit hash: c1c513023a737c974aa2d5cc126239d5be306610

-------------------------------------------------------------------------------- 
[Changed Files]
CometLakeSiliconPkg/SystemAgent/MemoryInitCfl/Library/Private/PeiMemoryInitLib/Source/WriteTraining/MrcWriteLeveling.c

================================================================================ 
Commit: cab9e172a41bd152bd52c43af63779fb12d21c05 
Author: ClientSysFWGit <clientsysfwgit@intel.com> 
Date: Tue Jan 14 09:38:27 2020 +0530 
-------------------------------------------------------------------------------- 
[TeamCity] CML Auto-Commit BIOS ID update CI BIOS Version to 2017_00

Hsd-es-id: no sighting
Original commit date: Sun Jan 5 00:12:58 2020 -0800
Change-Id: Ic20a241c42981a0aa13dce56c479d863a776dff4
Original commit hash: 951d5339d6b777c4c39095c69060ec529ee79883

-------------------------------------------------------------------------------- 
[Changed Files]
CometLakePlatSamplePkg/Tools/GenBiosId/BiosId.env

================================================================================ 
Commit: 2b8a07861efecf7e8f9a714c162e308b1a2e1c1f 
Author: ClientSysFWGit <clientsysfwgit@intel.com> 
Date: Tue Jan 14 09:38:25 2020 +0530 
-------------------------------------------------------------------------------- 
[TeamCity]  Daily Update_FSP/RC

Hsd-es-id: no sighting
Original commit date: Sat Jan 4 11:33:55 2020 -0800
Change-Id: I55cefee0988321148f2a48c5e786c4472890bbc2
Original commit hash: 87b4ee92434c25a05cdd1b60c4b1829242f5dfc0

-------------------------------------------------------------------------------- 
[Changed Files]
CometLakeFspPkg/CometLakeFspPkg.dec

================================================================================ 
Commit: 7c3c0a3b5d8dab577d212dded84c0cb5364456ba 
Author: ClientSysFWGit <clientsysfwgit@intel.com> 
Date: Tue Jan 14 09:38:23 2020 +0530 
-------------------------------------------------------------------------------- 
[TeamCity] CML Auto-Commit BIOS ID update CI BIOS Version to 2016_00

Hsd-es-id: no sighting
Original commit date: Sat Jan 4 00:12:18 2020 -0800
Change-Id: I00c85e6e6f362b7472305faa79ad21abdb36fecc
Original commit hash: 37e480e263fedb9548bfc26a2b8988ed6611b27e

-------------------------------------------------------------------------------- 
[Changed Files]
CometLakePlatSamplePkg/Tools/GenBiosId/BiosId.env

================================================================================ 
Commit: f8d050f30e6a867823badb6708fd6ed97ab46b1f 
Author: ClientSysFWGit <clientsysfwgit@intel.com> 
Date: Tue Jan 14 09:38:21 2020 +0530 
-------------------------------------------------------------------------------- 
Update MRC Release Notes and increment MRC build revision

Fri Jan 3 20:16:49 2020 +0000
Original commit date: Fri Jan 3 20:16:49 2020 +0000
Original commit hash: 76b5e6b0fea0413a144c89415fbb5957cc2170c8

-------------------------------------------------------------------------------- 
[Changed Files]
CometLakeSiliconPkg/SystemAgent/MemoryInitCfl/Library/Private/PeiMemoryInitLib/Source/Include/MrcVersion.h

================================================================================ 
Commit: bb5f47b6811f3e33371bd5a48f38f2aaa107ceb3 
Author: ClientSysFWGit <clientsysfwgit@intel.com> 
Date: Tue Jan 14 09:38:19 2020 +0530 
-------------------------------------------------------------------------------- 
CometLakeSiliconPkg: [22010047484][CML-s10+2][Desktop] Memory init assert on Q0 Power On parts

Behavior:
Release BIOS hangs at post code 0080 when attempting to boot Q0 stepping part
Memory initialization has failed

Solution:
Add CPU Stepping check for CML-Q0 to the ExtendedPiRange input policy.

Hsd-es-id: 22010047484
Original commit date: Thu Jan 2 15:20:53 2020 -0800
Change-Id: I703493d45fcd92618cb7f3b1633025e435975264
Original commit hash: ddc251c3c278ab93954ad247b9856538a2e5de08

-------------------------------------------------------------------------------- 
[Changed Files]
CometLakeSiliconPkg/SystemAgent/MemoryInitCfl/Library/Private/PeiMemoryInitLib/MemoryInit.c
CometLakeSiliconPkg/SystemAgent/MemoryInitCfl/MiniBios/MEMORY/MrcSetup.c

================================================================================ 
Commit: cde0352c515d37d7ec226458c0226e362424f545 
Author: ClientSysFWGit <clientsysfwgit@intel.com> 
Date: Tue Jan 14 09:38:17 2020 +0530 
-------------------------------------------------------------------------------- 
CometLakeSiliconPkg/Amt: Insufficient validation in DoProvision()

Resolution: Validate RecordChunkCount/DataRecordCount/DataRecordsConsumed/DataRecordChunkCount before doing further usb provision.
Impacted: All CML projects.

Hsd-es-id: 2207594602
Original commit date: Sun Dec 8 17:22:07 2019 +0800
Change-Id: I63ae836be1c61a8c2a63e8d9b8ca2804c7d6ec8b
Original commit hash: 3c50a795247fa400c528d271257c6405cdfb89d0

-------------------------------------------------------------------------------- 
[Changed Files]
CometLakeSiliconPkg/Amt/BiosExtensionLoader/Dxe/BiosExtensionLoader.inf
CometLakeSiliconPkg/Amt/BiosExtensionLoader/Dxe/UsbProvision.c

================================================================================ 
Commit: 1db940d08923be826ce1613ff1545f830624e8f6 
Author: ClientSysFWGit <clientsysfwgit@intel.com> 
Date: Tue Jan 14 09:38:16 2020 +0530 
-------------------------------------------------------------------------------- 
[TeamCity] CML Auto-Commit BIOS ID update CI BIOS Version to 2015_00

Hsd-es-id: no sighting
Original commit date: Fri Jan 3 00:38:08 2020 -0800
Change-Id: I7dc8bac0415dacc31bf7a67633956e304fa82f6b
Original commit hash: 6d3c51a459af30bb51a1dc0696cdb109590ad128

-------------------------------------------------------------------------------- 
[Changed Files]
CometLakePlatSamplePkg/Tools/GenBiosId/BiosId.env

================================================================================ 
Commit: 5f35e17519a9e72ee24231ab7cb061daee89c39c 
Author: ClientSysFWGit <clientsysfwgit@intel.com> 
Date: Tue Jan 14 09:38:14 2020 +0530 
-------------------------------------------------------------------------------- 
[CMLV]USB Port Disable is not function not working properly

PdoProgramming policy variable is not not initialized properly.

Hsd-es-id: 2207440471
Original commit date: Thu Jan 2 15:03:23 2020 +0530
Change-Id: I8457268341f86081e49ad8b329806ef7558d24fd
Original commit hash: 08258dd27ead693d195f9a434979c8290bb288b0

-------------------------------------------------------------------------------- 
[Changed Files]
CometLakeFspPkg/Library/PeiPolicyUpdateLib/PeiCmlvPchPolicyUpdate.c
CometLakeSiliconPkg/CmlvPch/Library/PeiPchPolicyLib/PeiPchPolicyLib.c

================================================================================ 
Commit: b3ccf1a8db6fbda3631d77f8f6056c876e0d92a6 
Author: ClientSysFWGit <clientsysfwgit@intel.com> 
Date: Tue Jan 14 09:38:12 2020 +0530 
-------------------------------------------------------------------------------- 
[TeamCity] CML Auto-Commit FSP CI [TeamCity] Auto-Commit FSP

Hsd-es-id: no sighting
Original commit date: Thu Jan 2 22:08:28 2020 -0800
Change-Id: If842bf50574fd7abbe7f5dc1556d8baf83f482a8
Original commit hash: 21bdbdd6672d416de9a534ec6db613f239e504d8

-------------------------------------------------------------------------------- 
[Changed Files]
CometLakeFspBinPkg/Fsp.bsf
CometLakeFspBinPkg/Include/FspUpd.h
CometLakeFspBinPkg/Include/FspmUpd.h
CometLakeFspBinPkg/Include/FspsUpd.h
CometLakeFspBinPkg/Include/FsptUpd.h
CometLakeFspPkg/Include/FspUpd.h
CometLakeFspPkg/Include/FspmUpd.h
CometLakeFspPkg/Include/FspsUpd.h
