================================================================================ 
Commit: 728652de66ec3c0a98daa0eff7482dbfa4d32045 
Author: ClientSysFWGit <clientsysfwgit@intel.com> 
Date: Thu May 28 11:04:20 2020 +0530 
-------------------------------------------------------------------------------- 
Auto gen and FSP docs BIOS 2212

-------------------------------------------------------------------------------- 
[Changed Files]
ClientCommonPkg/Docs/ClientCommonPkgApi.chm
ClientCommonPkg/Docs/ClientCommonPkgApi.pdf
ClientSiliconPkg/Docs/ClientSiliconPkgApi.chm
ClientSiliconPkg/Docs/ClientSiliconPkgApi.pdf
CometLakeFspBinPkg/Include/FspmUpd.h
CometLakeFspPkg/Docs/CometLake_FSP_Integration_Guide.chm
CometLakeFspPkg/Docs/CometLake_FSP_Integration_Guide.pdf
CometLakeFspPkg/Include/FspmUpd.h
CometLakePlatSamplePkg/Docs/PlatApi.chm
CometLakePlatSamplePkg/PlatformPkg.fdf
CometLakeSiliconPkg/Docs/SiPkgApi.chm
CometLakeSiliconPkg/SiPkg.dec.template

================================================================================ 
Commit: f0fe9dc8499e8b5b14f42bc73d61f98475a2fd3d 
Author: ClientSysFWGit <clientsysfwgit@intel.com> 
Date: Thu May 28 10:24:54 2020 +0530 
-------------------------------------------------------------------------------- 
[TeamCity]  Daily Update_FSP/RC

Hsd-es-id: no sighting
Original commit date: Tue May 19 11:43:49 2020 -0700
Change-Id: Ie9c044c38968f124f598c2cdf9630bc92fc96007
Original commit hash: f50bc77df047dac5aa72eaa1529faf1f3349ee4b

-------------------------------------------------------------------------------- 
[Changed Files]
CometLakeFspPkg/CometLakeFspPkg.dec

================================================================================ 
Commit: 01ae837b55ab046b7124fe8eee6a555f3a78c263 
Author: ClientSysFWGit <clientsysfwgit@intel.com> 
Date: Thu May 28 10:24:51 2020 +0530 
-------------------------------------------------------------------------------- 
[TeamCity] CML Auto-Commit BIOS ID update CI BIOS Version to 2212_00

Hsd-es-id: no sighting
Original commit date: Tue May 19 01:29:13 2020 -0700
Change-Id: I3ab2e334fbcce6ff9454f7bfaa9485f92b60d739
Original commit hash: 30b2b16cd5d216f35801f098ecc0606944296929

-------------------------------------------------------------------------------- 
[Changed Files]
CometLakePlatSamplePkg/Tools/GenBiosId/BiosId.env

================================================================================ 
Commit: 76e13a544d36410abe62dff4f8774799120eed61 
Author: ClientSysFWGit <clientsysfwgit@intel.com> 
Date: Thu May 28 10:24:48 2020 +0530 
-------------------------------------------------------------------------------- 
[CML/Me] System hang to wait for ME_UNCONFIG_TIMEOUT on consumer platform.

Issue: HeciGetUnconfigureStatus is not supported on consumer platform, but the command returns success.
Resolution: Check if the MKHI return status is 8x, if yes, return unsupported.
Impacted: All CML projects.

Original commit date: Mon May 18 22:08:53 2020 +0800
Change-Id: I8c62f29f7f7add445f43fa7233782aebdc9cdc43
Original commit hash: e7f1e60408260bc86b52b850929a759b2cf98cc6

-------------------------------------------------------------------------------- 
[Changed Files]
CometLakeSiliconPkg/Me/HeciInit/Dxe/FwStsSmbios.c
CometLakeSiliconPkg/Me/HeciInit/Dxe/MeHeciReset.c
CometLakeSiliconPkg/Me/Include/MeBiosPayloadData.h
CometLakeSiliconPkg/Me/Library/PeiMeLib/MeHeciReset.c
CometLakeSiliconPkg/Me/Library/Private/PeiMeInitLib/MbpDebugPrint.c

================================================================================ 
Commit: 6fe4150595b791c16026708257a656f9897a07b1 
Author: ClientSysFWGit <clientsysfwgit@intel.com> 
Date: Thu May 28 10:24:36 2020 +0530 
-------------------------------------------------------------------------------- 
Revert "Revert "[CML] WHL_V0 m94806EC patch - D6 Version Producton V0 Patch""

This reverts commit c39d1b97c927ebc5f13bd97808250c7f6c21fb0d.
Adding back U code D6 patch.

Hsd-es-id: 1307519597
Original commit date: Mon May 18 23:06:55 2020 -0800
Change-Id: I0099d6674b7c3c32dd1c5c579b093b2bb10396eb
Original commit hash: b26e70a92e807ea4b28e09f6691f4370188472a5

-------------------------------------------------------------------------------- 
[Changed Files]
CometLakePlatSamplePkg/PlatformPkg.fdf

================================================================================ 
Commit: bd54c0e3f926d3aac07d7d3851af1585a4075d83 
Author: ClientSysFWGit <clientsysfwgit@intel.com> 
Date: Thu May 28 10:24:31 2020 +0530 
-------------------------------------------------------------------------------- 
[TeamCity]  Daily Update_FSP/RC

Hsd-es-id: no sighting
Original commit date: Mon May 18 11:38:58 2020 -0700
Change-Id: Idd5988723c794e7ef86489ab657ce8a16d7dbf2c
Original commit hash: 57592f01ba2a5150f0c72b94bf803280c01779f2

-------------------------------------------------------------------------------- 
[Changed Files]
CometLakeFspPkg/CometLakeFspPkg.dec

================================================================================ 
Commit: d044eb1508c1bc80ce40e320b6532f3c1841ea71 
Author: ClientSysFWGit <clientsysfwgit@intel.com> 
Date: Thu May 28 10:24:29 2020 +0530 
-------------------------------------------------------------------------------- 
[TeamCity] CML Auto-Commit BIOS ID update CI BIOS Version to 2211_00

Hsd-es-id: no sighting
Original commit date: Mon May 18 01:17:34 2020 -0700
Change-Id: I01d47be1b87346a22cc2b94606352633974ef2c7
Original commit hash: 295a30e5290b967c25da17058427907a4ab121d2

-------------------------------------------------------------------------------- 
[Changed Files]
CometLakePlatSamplePkg/Tools/GenBiosId/BiosId.env

================================================================================ 
Commit: 78fca61c0266a35ffa8f18374229bad6a4c499d6 
Author: ClientSysFWGit <clientsysfwgit@intel.com> 
Date: Thu May 28 10:24:24 2020 +0530 
-------------------------------------------------------------------------------- 
[TeamCity] CML Weekly Update_FSP/RC

Hsd-es-id: no sighting
Original commit date: Sun May 17 12:06:16 2020 -0700
Change-Id: Id994b08a39b73e94455e495d331437da0a3a0bf7
Original commit hash: 5d03f11092d6010c69b061ddd93c83370c8f56fd

-------------------------------------------------------------------------------- 
[Changed Files]
CometLakeFspPkg/CometLakeFspPkg.dec

================================================================================ 
Commit: 6ad287e61cb3afa2ab26b0f1c3b4767bbce086fa 
Author: ClientSysFWGit <clientsysfwgit@intel.com> 
Date: Thu May 28 10:24:21 2020 +0530 
-------------------------------------------------------------------------------- 
[TeamCity]  Daily Update_FSP/RC

Hsd-es-id: no sighting
Original commit date: Sun May 17 11:36:32 2020 -0700
Change-Id: I9ed8a94f36bbdf2323279c07883e321c5aa9875c
Original commit hash: 613e32680c0adde342af1527920517391b80460e

-------------------------------------------------------------------------------- 
[Changed Files]
CometLakeFspPkg/CometLakeFspPkg.dec

================================================================================ 
Commit: c048be7f4101f8f5f969ac096dc8e3c4f9742f16 
Author: ClientSysFWGit <clientsysfwgit@intel.com> 
Date: Thu May 28 10:24:19 2020 +0530 
-------------------------------------------------------------------------------- 
[TeamCity] CML Auto-Commit BIOS ID update CI BIOS Version to 2207_00

Hsd-es-id: no sighting
Original commit date: Sun May 17 01:12:07 2020 -0700
Change-Id: Ia81980f718ae3963a837e9caf8db82f911e5baab
Original commit hash: 146e1a439022a33b14770bc2f08d6dece4c76c05

-------------------------------------------------------------------------------- 
[Changed Files]
CometLakePlatSamplePkg/Tools/GenBiosId/BiosId.env

================================================================================ 
Commit: b334cea0f87b3114f4bb9bd35376d7a4ea55a294 
Author: ClientSysFWGit <clientsysfwgit@intel.com> 
Date: Thu May 28 10:24:14 2020 +0530 
-------------------------------------------------------------------------------- 
[TeamCity]  Daily Update_FSP/RC

Hsd-es-id: no sighting
Original commit date: Sat May 16 11:33:57 2020 -0700
Change-Id: Ie1166059bd487fbf989d71cd4e3c53519a1d7284
Original commit hash: b892ac828a3f58c756089a1d7c3319c989fbbebf

-------------------------------------------------------------------------------- 
[Changed Files]
CometLakeFspPkg/CometLakeFspPkg.dec

================================================================================ 
Commit: 11b5da1f229034804ab101ec22c6aa9dec0d7bbd 
Author: ClientSysFWGit <clientsysfwgit@intel.com> 
Date: Thu May 28 10:24:11 2020 +0530 
-------------------------------------------------------------------------------- 
[TeamCity] CML Auto-Commit BIOS ID update CI BIOS Version to 2206_00

Hsd-es-id: no sighting
Original commit date: Sat May 16 01:16:03 2020 -0700
Change-Id: Ifc4efc710e7ca5fc1bdb2636cc3428fb0beaa6e5
Original commit hash: 1aafce3c248d8dd8e023a1271f2574d8cbe56dcd

-------------------------------------------------------------------------------- 
[Changed Files]
CometLakePlatSamplePkg/Tools/GenBiosId/BiosId.env

================================================================================ 
Commit: ab9e8c4d7f91a849b916fa345f8943d33fcc9c1e 
Author: ClientSysFWGit <clientsysfwgit@intel.com> 
Date: Thu May 28 10:24:06 2020 +0530 
-------------------------------------------------------------------------------- 
[TeamCity]  Daily Update_FSP/RC

Hsd-es-id: no sighting
Original commit date: Fri May 15 11:37:07 2020 -0700
Change-Id: I6d76a41f1899eca32ee75eb4f112aef3f627aab2
Original commit hash: 34b3bfe0a3e28651fd2f7276644a40d579c70d58

-------------------------------------------------------------------------------- 
[Changed Files]
CometLakeFspPkg/CometLakeFspPkg.dec

================================================================================ 
Commit: cecbe80eaea6f388a6d77eff3c0cc27811546a3d 
Author: ClientSysFWGit <clientsysfwgit@intel.com> 
Date: Thu May 28 10:24:03 2020 +0530 
-------------------------------------------------------------------------------- 
[TeamCity] CML Auto-Commit BIOS ID update CI BIOS Version to 2205_00

Hsd-es-id: no sighting
Original commit date: Fri May 15 01:20:42 2020 -0700
Change-Id: Ib0086d376ccc19fdc9caf50be06f215368aae891
Original commit hash: 5708d81df3ab18a562b44f773b5d2517b4492eb9

-------------------------------------------------------------------------------- 
[Changed Files]
CometLakePlatSamplePkg/Tools/GenBiosId/BiosId.env

================================================================================ 
Commit: eab0321269be21c72d390e17f3e139cc82720835 
Author: ClientSysFWGit <clientsysfwgit@intel.com> 
Date: Thu May 28 10:24:00 2020 +0530 
-------------------------------------------------------------------------------- 
[TeamCity]  Daily Update_FSP/RC

Hsd-es-id: no sighting
Original commit date: Thu May 14 11:32:56 2020 -0700
Change-Id: I38d0b91261ff5bd3d2de845a608c62127bf9c795
Original commit hash: c971b0374bb457fd5d85c29f4e0601c70fed5f41

-------------------------------------------------------------------------------- 
[Changed Files]
CometLakeFspPkg/CometLakeFspPkg.dec

================================================================================ 
Commit: d800919b657850faac29282f100035e5db7c9e1f 
Author: ClientSysFWGit <clientsysfwgit@intel.com> 
Date: Thu May 28 10:23:56 2020 +0530 
-------------------------------------------------------------------------------- 
Revert "[CML] WHL_V0 m94806EC patch - D6 Version Producton V0 Patch"

This reverts commit 552b595bcb198b33bc6ef12bdc23512012501632.

Hsd-es-id: 1307519597
Original commit date: Thu May 14 03:05:36 2020 -0800
Change-Id: I6aaef37e585fb6cd58e4580cd0acb306b4e942b8
Original commit hash: c39d1b97c927ebc5f13bd97808250c7f6c21fb0d

-------------------------------------------------------------------------------- 
[Changed Files]
CometLakePlatSamplePkg/PlatformPkg.fdf

================================================================================ 
Commit: 17c48603f909fd8e8a59c4b74871b56849964581 
Author: ClientSysFWGit <clientsysfwgit@intel.com> 
Date: Thu May 28 10:23:52 2020 +0530 
-------------------------------------------------------------------------------- 
[TeamCity] CML Auto-Commit BIOS ID update CI BIOS Version to 2204_00

Hsd-es-id: no sighting
Original commit date: Thu May 14 01:20:54 2020 -0700
Change-Id: I547a4283f09ec9e42c8151674c25c41dae4d435f
Original commit hash: 3004cf1756e7f623c8307d70c89b04a084996464

-------------------------------------------------------------------------------- 
[Changed Files]
CometLakePlatSamplePkg/Tools/GenBiosId/BiosId.env

================================================================================ 
Commit: 4b38f8606f38e3a705724fa9e6e5857d0d911407 
Author: ClientSysFWGit <clientsysfwgit@intel.com> 
Date: Thu May 28 10:23:49 2020 +0530 
-------------------------------------------------------------------------------- 
[TeamCity]  Daily Update_FSP/RC

Hsd-es-id: no sighting
Original commit date: Wed May 13 11:38:10 2020 -0700
Change-Id: I807092e4d1cb60b55de6b5e207ab89986f8e57ed
Original commit hash: a2c4c1562ef0a3860b647a4ff95f8be8fdee7f14

-------------------------------------------------------------------------------- 
[Changed Files]
CometLakeFspPkg/CometLakeFspPkg.dec

================================================================================ 
Commit: 6a4ddc2659834ec55d1353cd42218a5dafdd8b86 
Author: ClientSysFWGit <clientsysfwgit@intel.com> 
Date: Thu May 28 10:23:44 2020 +0530 
-------------------------------------------------------------------------------- 
[TeamCity] CML Auto-Commit FSP CI [TeamCity] Auto-Commit FSP

Hsd-es-id: no sighting
Original commit date: Wed May 13 10:23:17 2020 -0700
Change-Id: I61748ee04aad445988ebe729ec7c132430db4260
Original commit hash: 8dd517664d8a73c2266801b6d13ab0bf9a9694ff

-------------------------------------------------------------------------------- 
[Changed Files]
CometLakeFspBinPkg/Fsp.bsf
CometLakeFspBinPkg/Include/FspmUpd.h
CometLakeFspPkg/Include/FspmUpd.h

================================================================================ 
Commit: 0af37202734b62a15f5946eac1005ed2edb338c6 
Author: ClientSysFWGit <clientsysfwgit@intel.com> 
Date: Thu May 28 10:23:35 2020 +0530 
-------------------------------------------------------------------------------- 
Change request to BIOS to NOT enabled DMA remapping for Gfx IOMMU when DMA Remapping is enabled in pre-OS environment.

Hsd-es-id: 22010657665
Original commit date: Wed May 6 18:58:24 2020 -0700
Change-Id: I3b019d5efb92b5649787bf7cc5b76c01744ff210
Original commit hash: 00e22beb6c00a070b910e3d65194f393b204506a

-------------------------------------------------------------------------------- 
[Changed Files]
CometLakePlatSamplePkg/Features/VTd/PlatformVTdInfoSamplePei/PlatformVTdInfoSamplePei.c
CometLakePlatSamplePkg/Features/VTd/PlatformVTdInfoSamplePei/PlatformVTdInfoSamplePei.inf

================================================================================ 
Commit: b3b580e612a74d3e75da12c78367b3d29b3ac8a4 
Author: ClientSysFWGit <clientsysfwgit@intel.com> 
Date: Thu May 28 10:23:30 2020 +0530 
-------------------------------------------------------------------------------- 
[TeamCity] CML Auto-Commit BIOS ID update CI BIOS Version to 2203_00

Hsd-es-id: no sighting
Original commit date: Wed May 13 01:19:20 2020 -0700
Change-Id: Ifefb56f995f250d988432e4a916b08dc637786be
Original commit hash: 8ee752adc91746544503ab9c9ddb28d73ab820b7

-------------------------------------------------------------------------------- 
[Changed Files]
CometLakePlatSamplePkg/Tools/GenBiosId/BiosId.env

================================================================================ 
Commit: 47d04b780e5dea1dec7391eafeef1c4424d6617e 
Author: ClientSysFWGit <clientsysfwgit@intel.com> 
Date: Thu May 28 10:23:22 2020 +0530 
-------------------------------------------------------------------------------- 
[TeamCity]  Daily Update_FSP/RC

Hsd-es-id: no sighting
Original commit date: Tue May 12 11:40:12 2020 -0700
Change-Id: I2017474872f73b08aa649be4ff276dbfcc2a8013
Original commit hash: 2be9c169e12d066f05c34b451fbc5f3127799dee

-------------------------------------------------------------------------------- 
[Changed Files]
CometLakeFspPkg/CometLakeFspPkg.dec

================================================================================ 
Commit: f12151d334b51027b5a2bafadb536b05296b7536 
Author: ClientSysFWGit <clientsysfwgit@intel.com> 
Date: Thu May 28 10:23:19 2020 +0530 
-------------------------------------------------------------------------------- 
[TeamCity] CML Auto-Commit BIOS ID update CI BIOS Version to 2202_00

Hsd-es-id: no sighting
Original commit date: Tue May 12 01:17:42 2020 -0700
Change-Id: I05365fc21d755cad847da6254d9882a5d804992a
Original commit hash: b9e6637265650dd71dac4e1c41e820f54cc7d625

-------------------------------------------------------------------------------- 
[Changed Files]
CometLakePlatSamplePkg/Tools/GenBiosId/BiosId.env

================================================================================ 
Commit: b0b199606c7f211c91a77409fb43d8915c8aa66c 
Author: ClientSysFWGit <clientsysfwgit@intel.com> 
Date: Thu May 28 10:23:15 2020 +0530 
-------------------------------------------------------------------------------- 
[CML] CometLakePlatSamplePkg/VTd Disable IGD PMR at Exit Boot Service

Disable IGD PMR by ExitBootService callback

Hsd-es-id: 22010657672
Original commit date: Thu May 7 13:15:14 2020 +0800
Change-Id: I82bfefc48d005f4e260d7fc1ab4228f173fb2d94
Original commit hash: 041e754266ef5d4682bd5bda76148914fb745e19

-------------------------------------------------------------------------------- 
[Changed Files]
CometLakePlatSamplePkg/Features/VTd/PlatformVTdSampleDxe/PlatformVTdSampleDxe.c
CometLakePlatSamplePkg/Features/VTd/PlatformVTdSampleDxe/PlatformVTdSampleDxe.inf

================================================================================ 
Commit: 06c3725d55ff2b8c6f3abc9d2594a9673267d3d7 
Author: ClientSysFWGit <clientsysfwgit@intel.com> 
Date: Thu May 28 10:23:08 2020 +0530 
-------------------------------------------------------------------------------- 
[PCH] Fix ACPI errors logged in System event after Wi-Fi adapter Reset/Recovery

Instead of PCI_Config access, provide CNVI pci base address as the OperationRegion offset

Hsd-es-id: 14010271529
Original commit date: Mon Apr 20 15:11:41 2020 +0530
Change-Id: I517f3432a755f433492d1cbb79b6cbb376116413
Original commit hash: be379702b227ceb7489b36624a54534174b85601

-------------------------------------------------------------------------------- 
[Changed Files]
CometLakeSiliconPkg/Pch/AcpiTables/Dsdt/Cnvi.asl

================================================================================ 
Commit: fcad653ddf112506df1bcc8f919b252ad846b434 
Author: ClientSysFWGit <clientsysfwgit@intel.com> 
Date: Thu May 28 10:23:03 2020 +0530 
-------------------------------------------------------------------------------- 
[TeamCity]  Daily Update_FSP/RC

Hsd-es-id: no sighting
Original commit date: Mon May 11 11:38:42 2020 -0700
Change-Id: Ibb30b6027bf36da505f57f951dfdf6402bdfe967
Original commit hash: 6f88b2603003dd297b02ec79d6bea2e867120bc1

-------------------------------------------------------------------------------- 
[Changed Files]
CometLakeFspPkg/CometLakeFspPkg.dec

================================================================================ 
Commit: 353d8c61376cf0d804a13d8f50000ba9afb46a53 
Author: ClientSysFWGit <clientsysfwgit@intel.com> 
Date: Thu May 28 10:22:58 2020 +0530 
-------------------------------------------------------------------------------- 
[CML-S][OC] Need to add VmaxStress enable/disable option in BIOS

- Add VmaxStress feature enable / disable for the CPU frequency if clipped when the effective max voltage on the silicon is too high

Hsd-es-id: 22010362589
Original commit date: Sun Mar 8 00:10:58 2020 +0800
Change-Id: I67ff95253d3bcaf0d2cf1653af6c2d6d14b54df5
Original commit hash: f1551770909bf315b1310a5d14ea1c0ec8629c73

-------------------------------------------------------------------------------- 
[Changed Files]
CometLakeFspPkg/Library/PeiPolicyUpdatePreMemLib/PeiCpuPolicyUpdatePreMem.c
CometLakeFspPkg/Upd/FspmUpd.dsc
CometLakePlatSamplePkg/FspWrapper/Library/PeiFspPolicyInitLib/PeiFspCpuPolicyInitLib.c
CometLakePlatSamplePkg/Include/SetupVariable.h
CometLakePlatSamplePkg/Library/PeiPolicyUpdateLib/PeiCpuPolicyUpdatePreMem.c
CometLakePlatSamplePkg/Setup/OverClockSetup.hfr
CometLakePlatSamplePkg/Setup/OverClockSetup.uni
CometLakeSiliconPkg/Cpu/Include/ConfigBlock/CpuOverclockingConfig.h
CometLakeSiliconPkg/Cpu/Include/Private/Library/CpuOcLib.h
CometLakeSiliconPkg/Cpu/Library/PeiCpuPolicyLib/CpuPrintPolicyPreMem.c
CometLakeSiliconPkg/Cpu/Library/PeiCpuPolicyLib/PeiCpuPolicyLibPreMem.c
CometLakeSiliconPkg/Cpu/Library/Private/PeiCpuOcInitLib/CpuOcInit.c

================================================================================ 
Commit: 281ecd41f0f899bbf0c2945f0ff203c32676bb1e 
Author: ClientSysFWGit <clientsysfwgit@intel.com> 
Date: Thu May 28 10:22:40 2020 +0530 
-------------------------------------------------------------------------------- 
[CML] TSX is not supported, no needing for the BIOS W/A for Erratum KBL121
- This change is to revert the BIOS W/A added on earlier Gen9 projects.

Hsd-es-id: 16011115290
Original commit date: Thu May 7 22:12:33 2020 +0530
Change-Id: I75565ccd33a87b70e9f1f3ec9ed8593e445258c8
Original commit hash: 4620ccb3ed253bc69ed5287d9bb547155c825708

-------------------------------------------------------------------------------- 
[Changed Files]
CometLakeSiliconPkg/SystemAgent/AcpiTables/HostBus.asl
CometLakeSiliconPkg/SystemAgent/Library/Private/PeiSaInitLib/SaInit.c

================================================================================ 
Commit: 2e2be83122a648a0b061ed6c775f675fa36bbd55 
Author: ClientSysFWGit <clientsysfwgit@intel.com> 
Date: Thu May 28 10:22:35 2020 +0530 
-------------------------------------------------------------------------------- 
[TeamCity] CML Auto-Commit BIOS ID update CI BIOS Version to 2201_00

Hsd-es-id: no sighting
Original commit date: Mon May 11 01:14:38 2020 -0700
Change-Id: Ibaba46bf25b35038fd00c9a4ec4ce6b70a76fb63
Original commit hash: a2961a137bdc2f245bada4ded770c2a9aa9d1978

-------------------------------------------------------------------------------- 
[Changed Files]
CometLakePlatSamplePkg/Tools/GenBiosId/BiosId.env

================================================================================ 
Commit: c48aa0d6b725fe8c6b470f99b4ae9a5022adc384 
Author: ClientSysFWGit <clientsysfwgit@intel.com> 
Date: Thu May 28 10:22:28 2020 +0530 
-------------------------------------------------------------------------------- 
OverClocking: [CML][OC] Adding "ISO Supported/Unsupported" control

- Add Control ID 284 in XTU BIOS and supported in XTU ISO
- XTU ISO supported depends on Board thermal design.
- Deprecated BIOS ISO

Hsd-es-id: 22010345178
Original commit date: Tue Mar 3 14:15:30 2020 +0800
Change-Id: Icdcbb1c191c2a4c566001a14eb570dd6b126d061
Original commit hash: 878b21637c2c2024709174f84f1a260a4b2934e9

-------------------------------------------------------------------------------- 
[Changed Files]
CometLakeFspPkg/Library/PeiPolicyUpdatePreMemLib/PeiCpuPolicyUpdatePreMem.c
CometLakeFspPkg/Upd/FspmUpd.dsc
CometLakePlatSamplePkg/Features/OverClocking/OverClockInit/DxeOverClock.c
CometLakePlatSamplePkg/Features/OverClocking/OverclockInterface/OverClockSmiHandler.c
CometLakePlatSamplePkg/Features/OverClocking/OverclockInterface/OverClockSmiHandler.h
CometLakePlatSamplePkg/Features/OverClocking/OverclockInterface/OverclockInterface.c
CometLakePlatSamplePkg/FspWrapper/Library/PeiFspPolicyInitLib/PeiFspCpuPolicyInitLib.c
CometLakePlatSamplePkg/Include/OcSetupVariable.h
CometLakePlatSamplePkg/Library/PeiPolicyUpdateLib/PeiCpuPolicyUpdatePreMem.c
CometLakePlatSamplePkg/Setup/OverClockSetup.hfr
CometLakePlatSamplePkg/Setup/OverClockSetup.uni
CometLakeSiliconPkg/Cpu/Include/ConfigBlock/CpuOverclockingConfig.h

================================================================================ 
Commit: 1dcf6721c82f7df31f1e0d1854cfb6b2d21e9d5d 
Author: ClientSysFWGit <clientsysfwgit@intel.com> 
Date: Thu May 28 10:22:11 2020 +0530 
-------------------------------------------------------------------------------- 
[PCH] Fix system may hang while I2C communication because I2C RX FIFO is full

- Issue 1: Write Pointer was moved during first read operation.
  When restart command is issued there is no data in RX FIFO.
  Write Postion has to remain 0 until next command is issued.
- Issue 2: TouchPanel drvier does not check Status after initlized transfer
  Added Status check to make sure it only preceeds when EFI_SUCCESS is returned
- Issue 3: HidI2cPlatformSupportLib->HidI2cCheckInterrupt always assumes that PcdHidI2cIntPad is always set
  added additional check to make sure that it reads INT status only when GPIO pad is valid

Hsd-es-id: 1507857089
Original commit date: Wed Apr 29 12:02:50 2020 -0700
Change-Id: I6f42cd0a4984e16dba9e6893b494a6e09b308b1c
Original commit hash: b408df7e5fdb77a2f0f43708d51538b4db36d8c7

-------------------------------------------------------------------------------- 
[Changed Files]
CometLakePlatSamplePkg/Features/I2c/I2cTouchPanelDxe/I2cTouchPanel.c
CometLakePlatSamplePkg/Library/DxeHidI2cPlatformSupportLib/DxeHidI2cPlatformSupportLib.c
CometLakeSiliconPkg/CmlvPch/Include/Register/PchRegsSerialIo.h
CometLakeSiliconPkg/CmlvPch/Library/Private/PeiDxeI2cMasterCommonLib/I2cMasterCommonLib.c
CometLakeSiliconPkg/Pch/Library/Private/PeiDxeI2cMasterCommonLib/I2cMasterCommonLib.c

================================================================================ 
Commit: 5e132168118fc1d9bc270437c925bb652421bf7e 
Author: ClientSysFWGit <clientsysfwgit@intel.com> 
Date: Thu May 28 10:21:57 2020 +0530 
-------------------------------------------------------------------------------- 
[PCH] Fix SUT not wake from S3/S4 by Mouse and Keyboard which is connected behind TBT3/TBT2 dock

Enable wake from sleep or hibernate through TBT wake GPIO.
for that setting wake GPIO Pad ownership to APCI mode.

Hsd-es-id: 1607344451
Original commit date: Wed Mar 11 16:18:41 2020 +0530
Change-Id: I5717e007d6616c10740fc21964255985bf4a3fb2
Original commit hash: bcbc34f43bf6884bfbba409a346e12bb14006c80

-------------------------------------------------------------------------------- 
[Changed Files]
CometLakePlatSamplePkg/Acpi/AcpiTables/Dsdt/Platform.asl
CometLakePlatSamplePkg/Acpi/AcpiTables/SsdtRtd3/CmlUV2Rtd3.asl

================================================================================ 
Commit: adba6c31f44c994276336b5db4ed08e321fa711c 
Author: ClientSysFWGit <clientsysfwgit@intel.com> 
Date: Thu May 28 10:21:50 2020 +0530 
-------------------------------------------------------------------------------- 
[CML]KW issue CometLakePlatSamplePkg\Features\Usb\UsbDeviceDxe\UsbDeviceDxe.c

Null pointer OtgDbgBase may be dereferenced.
OtgDbgBase is allocated using AllocatePool to resolve the null pointer dereferenced issue.

Hsd-es-id: NA

Original commit date: Mon Apr 27 13:50:24 2020 +0530
Change-Id: I62da2dc93520ac598ab32e165c65115ea926dca5
Original commit hash: 36ae9909e3576c86fc3fb528c273d9a0dea80ce5

-------------------------------------------------------------------------------- 
[Changed Files]
CometLakePlatSamplePkg/Features/Usb/UsbDeviceDxe/UsbDeviceDxe.c

================================================================================ 
Commit: fd4df75e08620835e225e76fa117494dac0f083c 
Author: ClientSysFWGit <clientsysfwgit@intel.com> 
Date: Thu May 28 10:21:46 2020 +0530 
-------------------------------------------------------------------------------- 
Change request to BIOS to NOT enabled DMA remapping for Gfx IOMMU when DMA Remapping is enabled in pre-OS environment.

Install DMAR w/o IGD DRHD by PciEnumerationDone callback then do full DMAR installation again by EndOfDxe. Then VT-dDxe core will not enable IGD TE

Hsd-es-id: 22010657661
Impact Platforms: CML

Original commit date: Wed May 6 18:54:43 2020 +0530
Change-Id: If10cbc763e292ad62265307fd749b62b7abd4b9a
Original commit hash: 3f948035172ed9a4367c93c6c0aaf7fac2eddea9

-------------------------------------------------------------------------------- 
[Changed Files]
CometLakeSiliconPkg/SystemAgent/SaInit/Dxe/SaAcpi.c
CometLakeSiliconPkg/SystemAgent/SaInit/Dxe/SaInitDxe.c
CometLakeSiliconPkg/SystemAgent/SaInit/Dxe/VTd.c
CometLakeSiliconPkg/SystemAgent/SaInit/Dxe/VTd.h

================================================================================ 
Commit: 4819dc8a1809705637d4a73e1b558ca34a824f72 
Author: ClientSysFWGit <clientsysfwgit@intel.com> 
Date: Thu May 28 10:21:39 2020 +0530 
-------------------------------------------------------------------------------- 
[TeamCity] CML Weekly Update_FSP/RC

Hsd-es-id: no sighting
Original commit date: Sun May 10 12:06:12 2020 -0700
Change-Id: I1df5bfb23518d61d52b289b24d4bdf132736a145
Original commit hash: 02ad78fc4a4ad045f1e80ef806e68f18b12e084e

-------------------------------------------------------------------------------- 
[Changed Files]
CometLakeFspPkg/CometLakeFspPkg.dec

================================================================================ 
Commit: 10d52e9dc6b4222336bef5356e06514f80a5a071 
Author: ClientSysFWGit <clientsysfwgit@intel.com> 
Date: Thu May 28 10:21:34 2020 +0530 
-------------------------------------------------------------------------------- 
[TeamCity]  Daily Update_FSP/RC

Hsd-es-id: no sighting
Original commit date: Sun May 10 11:32:47 2020 -0700
Change-Id: I00e5f165c0b40416c6d928886dab257bd38aa6b6
Original commit hash: 4b5ac0134e4c0e0f88555c41378bf9b1cddd3f4b

-------------------------------------------------------------------------------- 
[Changed Files]
CometLakeFspPkg/CometLakeFspPkg.dec

================================================================================ 
Commit: dd879130ef3605544b55e5c907622bf06d51d76a 
Author: ClientSysFWGit <clientsysfwgit@intel.com> 
Date: Thu May 28 10:21:29 2020 +0530 
-------------------------------------------------------------------------------- 
[CML][RKL][ADL-S][ADL-H][OC] Support Write to 0x1D in BIOS

- Supports Per Core PState overclocking from BIOS.

Hsd-es-id: 22010270628
Original commit date: Wed Apr 1 17:55:23 2020 +0800
Change-Id: Iaa6445df310dc960668ed3a07daacb01e52d35b0
Original commit hash: 35a7c265026e706342cc536163ba9c2f838faf82

-------------------------------------------------------------------------------- 
[Changed Files]
CometLakeFspPkg/Library/PeiPolicyUpdatePreMemLib/PeiCpuPolicyUpdatePreMem.c
CometLakeFspPkg/Upd/FspmUpd.dsc
CometLakePlatSamplePkg/Include/SetupVariable.h
CometLakePlatSamplePkg/Library/PeiPolicyUpdateLib/PeiCpuPolicyUpdatePreMem.c
CometLakePlatSamplePkg/Setup/CpuSetup.c
CometLakePlatSamplePkg/Setup/OverClockSetup.hfr
CometLakePlatSamplePkg/Setup/OverClockSetup.uni
CometLakeSiliconPkg/Cpu/CpuInit/Dxe/CpuInitDxe.c
CometLakeSiliconPkg/Cpu/Include/ConfigBlock/CpuOverclockingConfig.h
CometLakeSiliconPkg/Cpu/Include/Private/CpuInitDataHob.h
CometLakeSiliconPkg/Cpu/Include/Protocol/CpuInfo.h
CometLakeSiliconPkg/Cpu/Library/PeiCpuPolicyLib/CpuPrintPolicyPreMem.c
CometLakeSiliconPkg/Cpu/Library/Private/PeiCpuInitLib/Features.c
CometLakeSiliconPkg/Cpu/PowerManagement/Dxe/PowerMgmtInit.c

================================================================================ 
Commit: 1855eefa30cdd0f69847f67617615ca14df97411 
Author: ClientSysFWGit <clientsysfwgit@intel.com> 
Date: Thu May 28 10:21:07 2020 +0530 
-------------------------------------------------------------------------------- 
[TeamCity] CML Auto-Commit BIOS ID update CI BIOS Version to 2197_00

Hsd-es-id: no sighting
Original commit date: Sun May 10 01:12:20 2020 -0700
Change-Id: I11df1feb7ae7d9da0db30e29bd57c90a7fc1409c
Original commit hash: 6f879842c822b99524f359902a3d753ce248bc65

-------------------------------------------------------------------------------- 
[Changed Files]
CometLakePlatSamplePkg/Tools/GenBiosId/BiosId.env

================================================================================ 
Commit: 6462587e6e822a232e230c236c72ba0fc36fa42a 
Author: ClientSysFWGit <clientsysfwgit@intel.com> 
Date: Thu May 28 10:21:04 2020 +0530 
-------------------------------------------------------------------------------- 
[TeamCity]  Daily Update_FSP/RC

Hsd-es-id: no sighting
Original commit date: Sat May 9 11:32:42 2020 -0700
Change-Id: Id14f4179ba0ea77e54a83218b130867139635f7c
Original commit hash: 897099cacf894f6f1394de6970e6aab54175b1ef

-------------------------------------------------------------------------------- 
[Changed Files]
CometLakeFspPkg/CometLakeFspPkg.dec

================================================================================ 
Commit: de96b0fe7c87caf66f070e95543760faa12309d8 
Author: ClientSysFWGit <clientsysfwgit@intel.com> 
Date: Thu May 28 10:21:02 2020 +0530 
-------------------------------------------------------------------------------- 
[TeamCity] CML Auto-Commit BIOS ID update CI BIOS Version to 2196_00

Hsd-es-id: no sighting
Original commit date: Sat May 9 01:15:19 2020 -0700
Change-Id: Ic762a61061e4adc078a6d7006ddc7cfbb7bfc415
Original commit hash: fffa02cc685db1239163262bcfd8afcefb6bfee5

-------------------------------------------------------------------------------- 
[Changed Files]
CometLakePlatSamplePkg/Tools/GenBiosId/BiosId.env

================================================================================ 
Commit: 6cccb3219ade3aad987f44e5797d817aab27feb9 
Author: ClientSysFWGit <clientsysfwgit@intel.com> 
Date: Thu May 28 10:20:56 2020 +0530 
-------------------------------------------------------------------------------- 
[TeamCity]  Daily Update_FSP/RC

Hsd-es-id: no sighting
Original commit date: Fri May 8 11:35:56 2020 -0700
Change-Id: Icda6d88dc0cae3dd0c215857267122a133f9ba45
Original commit hash: 1cf84450250c18600946e6171dbebfb84c75ff68

-------------------------------------------------------------------------------- 
[Changed Files]
CometLakeFspPkg/CometLakeFspPkg.dec

================================================================================ 
Commit: b484d8a552d6f145fdd70c7ad0bc63d2e63e8713 
Author: ClientSysFWGit <clientsysfwgit@intel.com> 
Date: Thu May 28 10:20:53 2020 +0530 
-------------------------------------------------------------------------------- 
[ME] After locked ME and set the ME control to disable, system
will shutdown automatically and can't power on by power button.

Created a new Global reset API with a custom timeout

Original commit date: Wed May 6 11:06:50 2020 +0200
Change-Id: I78daff09c65f10a116cfe984f3986e6f618703a8
Original commit hash: 879f5d89f8eebfee5dd847bf7275674c4394eea4

-------------------------------------------------------------------------------- 
[Changed Files]
CometLakeSiliconPkg/Amt/BiosExtensionLoader/Dxe/BiosExtensionLoader.c
CometLakeSiliconPkg/Me/HeciInit/Dxe/MeHeciReset.c
CometLakeSiliconPkg/Me/Include/CoreBiosMsg.h
CometLakeSiliconPkg/Me/Include/Library/DxeMeLib.h
CometLakeSiliconPkg/Me/Library/DxeMeLib/HeciMsgDxeLib.c

================================================================================ 
Commit: f235b77ab3909e470a57b125887c39bea5f321fc 
Author: ClientSysFWGit <clientsysfwgit@intel.com> 
Date: Thu May 28 10:20:41 2020 +0530 
-------------------------------------------------------------------------------- 
[TeamCity] CML Auto-Commit BIOS ID update CI BIOS Version to 2195_00

Hsd-es-id: no sighting
Original commit date: Fri May 8 01:19:25 2020 -0700
Change-Id: I58beb89b2030aa85a4bf3754cd33da46b38505ef
Original commit hash: ff1bbeb24a85a4d16b64875cf5e9bfd1c9c40f1c

-------------------------------------------------------------------------------- 
[Changed Files]
CometLakePlatSamplePkg/Tools/GenBiosId/BiosId.env

================================================================================ 
Commit: 2e2af266a471afa9137a82a8531988ddcc1e546f 
Author: ClientSysFWGit <clientsysfwgit@intel.com> 
Date: Thu May 28 10:20:36 2020 +0530 
-------------------------------------------------------------------------------- 
[TeamCity]  Daily Update_FSP/RC

Hsd-es-id: no sighting
Original commit date: Thu May 7 11:38:14 2020 -0700
Change-Id: I14bfe7195ca055f53d61b46161c9b16bb0cfe717
Original commit hash: 6b6ad2bcf74b6086c632d0e2a66aaa21f9a63a77

-------------------------------------------------------------------------------- 
[Changed Files]
CometLakeFspPkg/CometLakeFspPkg.dec

================================================================================ 
Commit: ae237c3cccdd7fcafed4ec3e691c2274380a45b7 
Author: ClientSysFWGit <clientsysfwgit@intel.com> 
Date: Thu May 28 10:20:32 2020 +0530 
-------------------------------------------------------------------------------- 
[TeamCity] CML Auto-Commit BIOS ID update CI BIOS Version to 2194_00

Hsd-es-id: no sighting
Original commit date: Thu May 7 01:15:57 2020 -0700
Change-Id: I8d2e5ffa53884dc1f9810b4e296a44540d5c3035
Original commit hash: 84c837d029ea8f8d4cfadbdc73d8a58d9fa16e0b

-------------------------------------------------------------------------------- 
[Changed Files]
CometLakePlatSamplePkg/Tools/GenBiosId/BiosId.env

================================================================================ 
Commit: 695045c26e7636f7e64b3ce04f0c56fd2d857ee4 
Author: ClientSysFWGit <clientsysfwgit@intel.com> 
Date: Thu May 28 10:20:20 2020 +0530 
-------------------------------------------------------------------------------- 
[TeamCity]  Daily Update_FSP/RC

Hsd-es-id: no sighting
Original commit date: Wed May 6 11:35:42 2020 -0700
Change-Id: If96444d91f6f92e95c1b312f41b11977b49ef6e7
Original commit hash: 00e8c49ae800e36f9b2ef946c6c5a071cd0e4a46

-------------------------------------------------------------------------------- 
[Changed Files]
CometLakeFspPkg/CometLakeFspPkg.dec

================================================================================ 
Commit: 5c9139ede44be264f75a206910b19f89e283f58f 
Author: ClientSysFWGit <clientsysfwgit@intel.com> 
Date: Thu May 28 10:20:15 2020 +0530 
-------------------------------------------------------------------------------- 
Unresolved external symbol _aullshr build fail.

BIOS optimized build failed when using /Od flag at PeiSaInitLib module.
Use RShiftU64 BaseLib function to instead shift operator.

Hsd-es-id: 1507974816
Original commit date: Tue May 5 17:19:51 2020 +0800
Change-Id: I68a90d50dc01c5def1ffd9913acfb36c1eb3de59
Original commit hash: 350f019e653f2cc082e79245d51001d0de3b63be

-------------------------------------------------------------------------------- 
[Changed Files]
CometLakeSiliconPkg/SystemAgent/Library/Private/PeiSaInitLib/SaInitPreMem.c

================================================================================ 
Commit: 95921141b1fb687cba8e78f78b54c0a8282aa636 
Author: ClientSysFWGit <clientsysfwgit@intel.com> 
Date: Thu May 28 10:20:12 2020 +0530 
-------------------------------------------------------------------------------- 
[TeamCity] CML Auto-Commit BIOS ID update CI BIOS Version to 2193_00

Hsd-es-id: no sighting
Original commit date: Wed May 6 01:14:55 2020 -0700
Change-Id: Id786ca9915643d39da24ff80e5ee84b83b3f5dd4
Original commit hash: 982febe59e4e9a47c0fed151dd59a5c8199ca6c8

-------------------------------------------------------------------------------- 
[Changed Files]
CometLakePlatSamplePkg/Tools/GenBiosId/BiosId.env

================================================================================ 
Commit: e1bbc35a6068580ef22014ac9f62bf6bd1b0f3b0 
Author: ClientSysFWGit <clientsysfwgit@intel.com> 
Date: Thu May 28 10:20:09 2020 +0530 
-------------------------------------------------------------------------------- 
[TeamCity]  Daily Update_FSP/RC

Hsd-es-id: no sighting
Original commit date: Tue May 5 11:33:22 2020 -0700
Change-Id: Ia3cc8a6edca9cf65f1425b161fedb49e55382434
Original commit hash: e74044832cc8f579ad79024a621a1248f42778ed

-------------------------------------------------------------------------------- 
[Changed Files]
CometLakeFspPkg/CometLakeFspPkg.dec

================================================================================ 
Commit: 632f519bb724fe61d348b6f2371df6b4a567753a 
Author: ClientSysFWGit <clientsysfwgit@intel.com> 
Date: Thu May 28 10:20:06 2020 +0530 
-------------------------------------------------------------------------------- 
[TeamCity] CML Auto-Commit BIOS ID update CI BIOS Version to 2192_00

Hsd-es-id: no sighting
Original commit date: Tue May 5 01:25:10 2020 -0700
Change-Id: I812f4338747613798f8221789ab57c61cdac9243
Original commit hash: 367c7ce5d31dbcfccbc29de93bc38e689dd7d285

-------------------------------------------------------------------------------- 
[Changed Files]
CometLakePlatSamplePkg/Tools/GenBiosId/BiosId.env

================================================================================ 
Commit: ee9e0b62b98d2558982b45e273f3b66b9b5a1198 
Author: ClientSysFWGit <clientsysfwgit@intel.com> 
Date: Thu May 28 10:20:03 2020 +0530 
-------------------------------------------------------------------------------- 
[TeamCity]  Daily Update_FSP/RC

Hsd-es-id: no sighting
Original commit date: Mon May 4 11:36:06 2020 -0700
Change-Id: I9095ac1a3df7c88ad3e39ee7df56b6a49c03085c
Original commit hash: 08437ab6d786522d5ebe6fa931b61a67c35dfbbd

-------------------------------------------------------------------------------- 
[Changed Files]
CometLakeFspPkg/CometLakeFspPkg.dec

================================================================================ 
Commit: 67b3e986ae4168dc81dd38232ef201a5a5317ce0 
Author: ClientSysFWGit <clientsysfwgit@intel.com> 
Date: Thu May 28 10:20:01 2020 +0530 
-------------------------------------------------------------------------------- 
[TeamCity] CML Auto-Commit BIOS ID update CI BIOS Version to 2191_00

Hsd-es-id: no sighting
Original commit date: Mon May 4 01:16:45 2020 -0700
Change-Id: I7b767ace137ff0ed49eb09d0cfa7b9edeec06ce2
Original commit hash: 781c5e4878883ad6dba965079a7e8bf66b9868f0

-------------------------------------------------------------------------------- 
[Changed Files]
CometLakePlatSamplePkg/Tools/GenBiosId/BiosId.env

================================================================================ 
Commit: b4f2582a755f4fd6be9cd5e0086ccfc3989deaf3 
Author: ClientSysFWGit <clientsysfwgit@intel.com> 
Date: Thu May 28 10:19:58 2020 +0530 
-------------------------------------------------------------------------------- 
[TeamCity] CML Weekly Update_FSP/RC

Hsd-es-id: no sighting
Original commit date: Sun May 3 12:08:04 2020 -0700
Change-Id: Id048be2759d44dd7d4ba1b4a27b34276d9af8a9a
Original commit hash: 93e36f332da52fa8eec993ea96f73b7346131440

-------------------------------------------------------------------------------- 
[Changed Files]
CometLakeFspPkg/CometLakeFspPkg.dec

================================================================================ 
Commit: db7e0ab5419ea281a6e00dd04310864613639384 
Author: ClientSysFWGit <clientsysfwgit@intel.com> 
Date: Thu May 28 10:19:57 2020 +0530 
-------------------------------------------------------------------------------- 
[TeamCity]  Daily Update_FSP/RC

Hsd-es-id: no sighting
Original commit date: Sun May 3 11:32:45 2020 -0700
Change-Id: Ifc3da1ed6cca31264afc9b2fcf8010dcb6035b30
Original commit hash: 2d401e9548cd9c2bd8d7ae2d34f81a1c2ef7ec9f

-------------------------------------------------------------------------------- 
[Changed Files]
CometLakeFspPkg/CometLakeFspPkg.dec

================================================================================ 
Commit: 8271eb74f7ec7155b05986dfd3d22bcb72e0d6d0 
Author: ClientSysFWGit <clientsysfwgit@intel.com> 
Date: Thu May 28 10:19:55 2020 +0530 
-------------------------------------------------------------------------------- 
[TeamCity] CML Auto-Commit BIOS ID update CI BIOS Version to 2187_00

Hsd-es-id: no sighting
Original commit date: Sun May 3 01:11:39 2020 -0700
Change-Id: I260ca67cb8610e7b4b6dd67a865c2c403ac113cd
Original commit hash: 692cedb7a31c0794776fe0fe610696a3a7319cd0

-------------------------------------------------------------------------------- 
[Changed Files]
CometLakePlatSamplePkg/Tools/GenBiosId/BiosId.env

================================================================================ 
Commit: 7648c3979cac89a5e3040634a6ef4d5c689d269f 
Author: ClientSysFWGit <clientsysfwgit@intel.com> 
Date: Thu May 28 10:19:53 2020 +0530 
-------------------------------------------------------------------------------- 
[TeamCity]  Daily Update_FSP/RC

Hsd-es-id: no sighting
Original commit date: Sat May 2 11:33:16 2020 -0700
Change-Id: If9fa02ecfca4067b36814a208bde6497803340d1
Original commit hash: f9b9f8fc392d030c41d733adeecc4a12a025825b

-------------------------------------------------------------------------------- 
[Changed Files]
CometLakeFspPkg/CometLakeFspPkg.dec

================================================================================ 
Commit: 38d46ad007d1a517051542a4ce152cabd8ed3fea 
Author: ClientSysFWGit <clientsysfwgit@intel.com> 
Date: Thu May 28 10:19:52 2020 +0530 
-------------------------------------------------------------------------------- 
[TeamCity] CML Auto-Commit BIOS ID update CI BIOS Version to 2186_00

Hsd-es-id: no sighting
Original commit date: Sat May 2 01:11:39 2020 -0700
Change-Id: I51119e954cbf5612acc0266b973c0fdf29341c7e
Original commit hash: 210713fa94a36fb0356c85061679cf69ee045e40

-------------------------------------------------------------------------------- 
[Changed Files]
CometLakePlatSamplePkg/Tools/GenBiosId/BiosId.env

================================================================================ 
Commit: 88f306faf61a3d7b0d5820ec1a75e116503ea901 
Author: ClientSysFWGit <clientsysfwgit@intel.com> 
Date: Thu May 28 10:19:49 2020 +0530 
-------------------------------------------------------------------------------- 
[TeamCity]  Daily Update_FSP/RC

Hsd-es-id: no sighting
Original commit date: Fri May 1 11:33:15 2020 -0700
Change-Id: I053a4b31fc8c2ecfcc29292f063181c4589777ba
Original commit hash: 480edf043a60db62e7accf117e2cbe0a896397de

-------------------------------------------------------------------------------- 
[Changed Files]
CometLakeFspPkg/CometLakeFspPkg.dec

================================================================================ 
Commit: f0d59a3ee29589016f174240ca0b6249d6bfd99d 
Author: ClientSysFWGit <clientsysfwgit@intel.com> 
Date: Thu May 28 10:19:47 2020 +0530 
-------------------------------------------------------------------------------- 
[TeamCity] CML Auto-Commit BIOS ID update CI BIOS Version to 2185_00

Hsd-es-id: no sighting
Original commit date: Fri May 1 01:11:45 2020 -0700
Change-Id: I5675d01eb05335723eb16a91b29ac905b07a3aac
Original commit hash: 2fad7a4be6176e5d92b46e9aa0fdbf50bb6b48f5

-------------------------------------------------------------------------------- 
[Changed Files]
CometLakePlatSamplePkg/Tools/GenBiosId/BiosId.env

================================================================================ 
Commit: c50f2db8de5a5d5ca9cf68d2cb64ea84c2de3fc5 
Author: ClientSysFWGit <clientsysfwgit@intel.com> 
Date: Thu May 28 10:19:44 2020 +0530 
-------------------------------------------------------------------------------- 
[TeamCity]  Daily Update_FSP/RC

Hsd-es-id: no sighting
Original commit date: Thu Apr 30 11:35:52 2020 -0700
Change-Id: I043e9d88bed1e398d483d4bd9066096767086840
Original commit hash: df4c9db8c7502a0f758f2975a116ab282fa58c0e

-------------------------------------------------------------------------------- 
[Changed Files]
CometLakeFspPkg/CometLakeFspPkg.dec

================================================================================ 
Commit: bc92b9a21e3ad75e9f375d73b79cfd8195caaa8f 
Author: ClientSysFWGit <clientsysfwgit@intel.com> 
Date: Thu May 28 10:19:41 2020 +0530 
-------------------------------------------------------------------------------- 
[TeamCity] CML Auto-Commit BIOS ID update CI BIOS Version to 2184_00

Hsd-es-id: no sighting
Original commit date: Thu Apr 30 01:18:33 2020 -0700
Change-Id: I6a778c2bd1c2cfb4ad3275030771e56232476857
Original commit hash: da14ad9ec6d88e0677984ccae4544c06ffaa72ce

-------------------------------------------------------------------------------- 
[Changed Files]
CometLakePlatSamplePkg/Tools/GenBiosId/BiosId.env

================================================================================ 
Commit: bc9aa02df36e3c6e85647c307dbd92f619299540 
Author: ClientSysFWGit <clientsysfwgit@intel.com> 
Date: Thu May 28 10:19:35 2020 +0530 
-------------------------------------------------------------------------------- 
[TeamCity]  Daily Update_FSP/RC

Hsd-es-id: no sighting
Original commit date: Wed Apr 29 11:32:56 2020 -0700
Change-Id: I0d87d9a2f5ad2ac97cd42c54e361798e723f0eda
Original commit hash: e6fadf15370f2ff2a621401ba77aa5f7dc341f1e

-------------------------------------------------------------------------------- 
[Changed Files]
CometLakeFspPkg/CometLakeFspPkg.dec

================================================================================ 
Commit: 6ad58601efc1538d486e58c84563a06824153439 
Author: ClientSysFWGit <clientsysfwgit@intel.com> 
Date: Thu May 28 10:19:32 2020 +0530 
-------------------------------------------------------------------------------- 
[TeamCity] CML Auto-Commit BIOS ID update CI BIOS Version to 2183_00

Hsd-es-id: no sighting
Original commit date: Wed Apr 29 01:15:10 2020 -0700
Change-Id: I12e9d510b180b3e4ee4f07c1eba9425fc2088e30
Original commit hash: aacb2834c9b1c7fca51c0a2e7b88814f32ae3b51

-------------------------------------------------------------------------------- 
[Changed Files]
CometLakePlatSamplePkg/Tools/GenBiosId/BiosId.env

================================================================================ 
Commit: 2f42f3313039f81e0348553e30b4c80bf64d660c 
Author: ClientSysFWGit <clientsysfwgit@intel.com> 
Date: Thu May 28 10:19:29 2020 +0530 
-------------------------------------------------------------------------------- 
[TeamCity]  Daily Update_FSP/RC

Hsd-es-id: no sighting
Original commit date: Tue Apr 28 11:34:50 2020 -0700
Change-Id: I47419e5caba2f7b8fac2f52bf3709542297bb9e1
Original commit hash: 1c2623de926d1f48a58d78f860197eab7301614e

-------------------------------------------------------------------------------- 
[Changed Files]
CometLakeFspPkg/CometLakeFspPkg.dec
