================================================================================ 
Commit: 174c60993b3066551ab312ffba703196892c71f5 
Author: ClientSysFWGit <clientsysfwgit@intel.com> 
Date: Thu Jan 28 08:50:51 2021 +0530 
-------------------------------------------------------------------------------- 
PCIe Resizable BAR Support

Original commit date: Wed Jan 6 10:32:28 2021 +0530
Change-Id: I6ae1f7035c5f1b555a721d81bea14400e2a576fa
Original commit hash: fc53bac651523ec0eb141250638b705dc8bc3698

-------------------------------------------------------------------------------- 
[Changed Files]
CometLakePlatSamplePkg/Include/SetupVariable.h
CometLakePlatSamplePkg/Library/PeiPolicyUpdateLib/PeiPolicyUpdateLib.inf
CometLakePlatSamplePkg/Library/PeiPolicyUpdateLib/PeiPolicyUpdateLibFsp.inf
CometLakePlatSamplePkg/Library/PeiPolicyUpdateLib/PeiSaPolicyUpdate.c
CometLakePlatSamplePkg/PlatformPkg.dsc
CometLakePlatSamplePkg/Setup/SaSetup.hfr
CometLakePlatSamplePkg/Setup/SaSetup.uni

================================================================================ 
Commit: c02f8b2d73bbdaedadae051f42287d902d1ebd9c 
Author: ClientSysFWGit <clientsysfwgit@intel.com> 
Date: Thu Jan 28 08:50:14 2021 +0530 
-------------------------------------------------------------------------------- 
[TeamCity] RKLERB Auto-Commit BIOS ID update CI Increment BIOS Major Version () and reset Minor Version to 0

Original commit date: Wed Jan 27 05:12:55 2021 -0800
Change-Id: If39ea464eb716316815e29aa25fcb1ad9f861b41
Original commit hash: c30d9925a9183e8930efd81661fc0201546c95f5

-------------------------------------------------------------------------------- 
[Changed Files]
CometLakePlatSamplePkg/Tools/GenBiosId/BiosId.env

================================================================================ 
Commit: 969a8bf69c137fa0e3b6f1fd84cd021edc965e1f 
Author: ClientSysFWGit <clientsysfwgit@intel.com> 
Date: Thu Jan 28 08:49:46 2021 +0530 
-------------------------------------------------------------------------------- 
[TeamCity] RKLERB Auto-Commit DailyUpdate_FSP/RC CI

Original commit date: Wed Jan 27 01:29:14 2021 -0800
Change-Id: I88fb8d313c82f5962ed77fb6eeb1725175f3cc80
Original commit hash: 7e2d7a555429e7c42a5f10674b90bcae17e84b4f

-------------------------------------------------------------------------------- 
[Changed Files]
CometLakeFspPkg/CometLakeFspPkg.dec
CometLakeSiliconPkg/SiPkg.dec.template

================================================================================ 
Commit: 8904bf6c1bd01a7e9a4a82a66f4f75a511cc722d 
Author: ClientSysFWGit <clientsysfwgit@intel.com> 
Date: Thu Jan 28 08:49:15 2021 +0530 
-------------------------------------------------------------------------------- 
[RKL-S][MRC] Optimized WMM, Throttling rules, OPR rds and CKE thresholds


Original commit date: Tue Jan 26 11:20:45 2021 -0800
Change-Id: Ic4b6be2d77d85d0c1b4ba986e090e52de7e6c151
Original commit hash: 389681518266ccc7c7f869c2410f99b537ee0fa6

-------------------------------------------------------------------------------- 
[Changed Files]
CometLakeSiliconPkg/SystemAgent/MemoryInitRkl/LibraryPrivate/PeiMemoryInitLib/Source/Api/MrcGeneral.c
CometLakeSiliconPkg/SystemAgent/MemoryInitRkl/LibraryPrivate/PeiMemoryInitLib/Source/Include/MrcVersion.h
CometLakeSiliconPkg/SystemAgent/MemoryInitRkl/LibraryPrivate/PeiMemoryInitLib/Source/McConfiguration/MrcSchedulerParameters.c

================================================================================ 
Commit: 7ae298e812d5508f38c224be47e81dc61e7e666b 
Author: ClientSysFWGit <clientsysfwgit@intel.com> 
Date: Thu Jan 28 08:48:43 2021 +0530 
-------------------------------------------------------------------------------- 
Update RKL MRC version to v99


Original commit date: Tue Jan 26 09:30:53 2021 -0800
Change-Id: I63826bcb429f91c4dbc3ffd42507cb0f0acaee4b
Original commit hash: 89a36dd0d7843d7d72c7376ff43e6189a762096a

-------------------------------------------------------------------------------- 
[Changed Files]
CometLakeSiliconPkg/SystemAgent/MemoryInitRkl/LibraryPrivate/PeiMemoryInitLib/Source/Include/MrcVersion.h

================================================================================ 
Commit: 8ed4845c1befcc9108971384016cda159f53d7f9 
Author: ClientSysFWGit <clientsysfwgit@intel.com> 
Date: Thu Jan 28 08:48:15 2021 +0530 
-------------------------------------------------------------------------------- 
[TeamCity] RKLERB Auto-Commit BIOS ID update CI Increment BIOS Major Version () and reset Minor Version to 0

Original commit date: Tue Jan 26 05:13:04 2021 -0800
Change-Id: Ibe5e1c537e148bb0671e7678a90a1013d9c14a7b
Original commit hash: 95f5d41fb3c5d629f356f8ebd634625bdd9ae74d

-------------------------------------------------------------------------------- 
[Changed Files]
CometLakePlatSamplePkg/Tools/GenBiosId/BiosId.env

================================================================================ 
Commit: b71e2515dfbe24ea0c93b008a31401a3fda5a105 
Author: ClientSysFWGit <clientsysfwgit@intel.com> 
Date: Thu Jan 28 08:47:46 2021 +0530 
-------------------------------------------------------------------------------- 
[TeamCity] RKLERB Auto-Commit DailyUpdate_FSP/RC CI

Original commit date: Tue Jan 26 01:24:51 2021 -0800
Change-Id: Ifcdabfb450d60732b42bc0b02cabce0d36a90de4
Original commit hash: eee5a7dc6e3fb109c057fddf92fe0882aee05e77

-------------------------------------------------------------------------------- 
[Changed Files]
CometLakeFspPkg/CometLakeFspPkg.dec
CometLakeSiliconPkg/SiPkg.dec.template

================================================================================ 
Commit: 0b8f2bab030b9dad34391fb7fee1cc78b77a7391 
Author: ClientSysFWGit <clientsysfwgit@intel.com> 
Date: Thu Jan 28 08:47:15 2021 +0530 
-------------------------------------------------------------------------------- 
[TeamCity] RKLERB Auto-Commit WeeklyUpdate_FSP/RC CI

Original commit date: Mon Jan 25 06:10:35 2021 -0800
Change-Id: I4c9a2db89388de9a4ee807c2fbd901057efb6e77
Original commit hash: 83ce24394e2d019e355b665173b83b3f450ad985

-------------------------------------------------------------------------------- 
[Changed Files]
CometLakeFspPkg/CometLakeFspPkg.dec
CometLakeSiliconPkg/SiPkg.dec.template

================================================================================ 
Commit: 2ec74e0264c0608d645b8d09b356a4b6dd0dbc13 
Author: ClientSysFWGit <clientsysfwgit@intel.com> 
Date: Thu Jan 28 08:46:50 2021 +0530 
-------------------------------------------------------------------------------- 
[TeamCity] RKLERB Auto-Commit BIOS ID update CI Increment BIOS Major Version () and reset Minor Version to 0

Original commit date: Mon Jan 25 05:13:06 2021 -0800
Change-Id: Ic237e5b39ca83837560baebfa2219a1cd7abdef8
Original commit hash: e6ad081bf5aaa176e156d5412f50c1aaaec753fe

-------------------------------------------------------------------------------- 
[Changed Files]
CometLakePlatSamplePkg/Tools/GenBiosId/BiosId.env

================================================================================ 
Commit: 1f66c94392c270950afe48aaf933990f6cd3af99 
Author: ClientSysFWGit <clientsysfwgit@intel.com> 
Date: Thu Jan 28 08:46:26 2021 +0530 
-------------------------------------------------------------------------------- 
[TeamCity] RKLERB Auto-Commit DailyUpdate_FSP/RC CI

Original commit date: Mon Jan 25 01:24:39 2021 -0800
Change-Id: I2c16c82760db3c2135b414046c1742dc2e969c17
Original commit hash: cf1620a1a7e9851d447c05c2cc111fcb74c38f9c

-------------------------------------------------------------------------------- 
[Changed Files]
CometLakeFspPkg/CometLakeFspPkg.dec
CometLakeSiliconPkg/SiPkg.dec.template

================================================================================ 
Commit: 27d0a04c38936b01a95534b40baa63a62f40deb0 
Author: ClientSysFWGit <clientsysfwgit@intel.com> 
Date: Thu Jan 28 08:46:03 2021 +0530 
-------------------------------------------------------------------------------- 
[TeamCity] RKLERB Auto-Commit BIOS ID update CI Increment BIOS Major Version () and reset Minor Version to 0

Original commit date: Sun Jan 24 05:12:51 2021 -0800
Change-Id: I196c5e81c64248c947a25125444b1beb9a802731
Original commit hash: b432cb405f0fa6e3dd69a0517083454f88d47fd7

-------------------------------------------------------------------------------- 
[Changed Files]
CometLakePlatSamplePkg/Tools/GenBiosId/BiosId.env

================================================================================ 
Commit: f4d3ba9a0d7bd430b6c31c4f12c96b64bb3a72f9 
Author: ClientSysFWGit <clientsysfwgit@intel.com> 
Date: Thu Jan 28 08:45:34 2021 +0530 
-------------------------------------------------------------------------------- 
[TeamCity] RKLERB Auto-Commit DailyUpdate_FSP/RC CI

Original commit date: Sun Jan 24 01:24:06 2021 -0800
Change-Id: I5c7f67be5b9972e6a64bc0ed70db12b11950d16e
Original commit hash: 5b1e6b71c5677a55bdbe5c6b3c899668db586a5b

-------------------------------------------------------------------------------- 
[Changed Files]
CometLakeFspPkg/CometLakeFspPkg.dec
CometLakeSiliconPkg/SiPkg.dec.template

================================================================================ 
Commit: e43913555d57781ed9bda74333c995d9994cc447 
Author: ClientSysFWGit <clientsysfwgit@intel.com> 
Date: Thu Jan 28 08:45:09 2021 +0530 
-------------------------------------------------------------------------------- 
[TeamCity] RKLERB Auto-Commit BIOS ID update CI Increment BIOS Major Version () and reset Minor Version to 0

Original commit date: Sat Jan 23 05:14:13 2021 -0800
Change-Id: Ia3b1033e2d8d9651ebe79a99ea77b1a491827191
Original commit hash: 69aabcb885d23fb10f44da02a5dcafdefb4802bd

-------------------------------------------------------------------------------- 
[Changed Files]
CometLakePlatSamplePkg/Tools/GenBiosId/BiosId.env

================================================================================ 
Commit: ab2d9a756248f9f09fa7eaf888c58d32b00b4174 
Author: ClientSysFWGit <clientsysfwgit@intel.com> 
Date: Thu Jan 28 08:44:43 2021 +0530 
-------------------------------------------------------------------------------- 
[TeamCity] RKLERB Auto-Commit DailyUpdate_FSP/RC CI

Original commit date: Sat Jan 23 01:23:52 2021 -0800
Change-Id: Ic8b99fb97e5dc6dca87293ebcb83f44e8d812309
Original commit hash: 0221d9bd484fc930015ca6d895f26b59f98e6a5d

-------------------------------------------------------------------------------- 
[Changed Files]
CometLakeFspPkg/CometLakeFspPkg.dec
CometLakeSiliconPkg/SiPkg.dec.template

================================================================================ 
Commit: 2b2bdd2a3374c468da661dbc385a13b42f0cbbf1 
Author: ClientSysFWGit <clientsysfwgit@intel.com> 
Date: Thu Jan 28 08:43:45 2021 +0530 
-------------------------------------------------------------------------------- 
[TeamCity] RKLERB Auto-Commit BIOS ID update CI Increment BIOS Major Version () and reset Minor Version to 0

Original commit date: Fri Jan 22 05:16:34 2021 -0800
Change-Id: I8e4eb29cf8b018cc50e7a43070ae9141b7a3063d
Original commit hash: 1a148380dc2dc49e203545b2be69a1a59c42b394

-------------------------------------------------------------------------------- 
[Changed Files]
CometLakePlatSamplePkg/Tools/GenBiosId/BiosId.env

================================================================================ 
Commit: 38fa818d52f63c5394036a60d898643c67ee239f 
Author: ClientSysFWGit <clientsysfwgit@intel.com> 
Date: Thu Jan 28 08:43:14 2021 +0530 
-------------------------------------------------------------------------------- 
[TeamCity] RKLERB Auto-Commit DailyUpdate_FSP/RC CI

Original commit date: Fri Jan 22 01:25:07 2021 -0800
Change-Id: I1a61f86ad71377cb53ff7a6cbcc02d8e668601fc
Original commit hash: 96e5dae7ad39f8680dc8ea94adc8d3b8e2791e84

-------------------------------------------------------------------------------- 
[Changed Files]
CometLakeFspPkg/CometLakeFspPkg.dec
CometLakeSiliconPkg/SiPkg.dec.template

================================================================================ 
Commit: 639916e704507de08902f1d3357ebfea9bce3906 
Author: ClientSysFWGit <clientsysfwgit@intel.com> 
Date: Thu Jan 28 08:42:46 2021 +0530 
-------------------------------------------------------------------------------- 
CometLakePlatSamplePkg: Use value in StartupLocality event based on reported S-CRTM


Original commit date: Thu Jan 21 11:19:55 2021 -0800
Change-Id: I942e8911061bc88e02252e3afdcf84fdbef79ffe
Original commit hash: a7d05f5fb445e245bc2002060c9048631dbb9619

-------------------------------------------------------------------------------- 
[Changed Files]
CometLakePlatSamplePkg/Library/PeiBootGuardEventLogLib/PeiBootGuardEventLogLibCBnT.c

================================================================================ 
Commit: 3c0aa25e8636a3826a587ddb4b8e536bd66bb68e 
Author: ClientSysFWGit <clientsysfwgit@intel.com> 
Date: Thu Jan 28 08:42:19 2021 +0530 
-------------------------------------------------------------------------------- 
[MRC][RKL] Apply back 2133G2 memory speed


Original commit date: Mon Dec 21 14:43:47 2020 +0200
Change-Id: Ib91fb764aa64db5cefb5fe1c35dad375bbb78cf7
Original commit hash: f1ca1727f336d197ab7a4a527843260c30a09366

-------------------------------------------------------------------------------- 
[Changed Files]
CometLakeSiliconPkg/SystemAgent/Library/PeiSaPolicyLib/PeiSaPolicyLib.c
CometLakeSiliconPkg/SystemAgent/MemoryInitRkl/Include/MrcInterface.h
CometLakeSiliconPkg/SystemAgent/MemoryInitRkl/MiniBios/MEMORY/MrcSetup.c

================================================================================ 
Commit: 8905dba62996cf0e75084e67bdb902cee4e3c60a 
Author: ClientSysFWGit <clientsysfwgit@intel.com> 
Date: Thu Jan 28 08:41:53 2021 +0530 
-------------------------------------------------------------------------------- 
Enable support for Mid frequency of 3200G2


Original commit date: Mon Jan 18 17:04:11 2021 +0200
Change-Id: I2bccebb8d6701b2dc3b73ea2586726581ba276f3
Original commit hash: edee7ab05c34499b6d0d907a60b2502e3e73cf97

-------------------------------------------------------------------------------- 
[Changed Files]
CometLakeSiliconPkg/SystemAgent/MemoryInitRkl/LibraryPrivate/PeiMemoryInitLib/Source/Api/MrcGeneral.c

================================================================================ 
Commit: 025ba804d43212f14148e0c280d8632578b670b0 
Author: ClientSysFWGit <clientsysfwgit@intel.com> 
Date: Thu Jan 28 08:41:30 2021 +0530 
-------------------------------------------------------------------------------- 
[RKLS][MRC] Scomp corner case update


Original commit date: Wed Dec 23 16:10:26 2020 +0200
Change-Id: I07789e0ebf5db25498710f58dc35a2a12e1d8f6d
Original commit hash: ecd31b450cfc06c66185ba0ba4182d2c2e8603ec

-------------------------------------------------------------------------------- 
[Changed Files]
CometLakeSiliconPkg/SystemAgent/MemoryInitRkl/LibraryPrivate/PeiMemoryInitLib/Source/Services/MrcMcConfiguration.c

================================================================================ 
Commit: 89519a83569af3357ae5f1c362c798787ff54790 
Author: ClientSysFWGit <clientsysfwgit@intel.com> 
Date: Thu Jan 28 08:41:03 2021 +0530 
-------------------------------------------------------------------------------- 
[RKL][MRC] fix for dimm1 vref 

Original commit date: Mon Dec 21 12:19:11 2020 +0200
Change-Id: I8ab4230fcaa0855cdc00d46d170df873c26e2118
Original commit hash: f96b5d2e04e8d5b88cb1a9277ec3530ed419eb4c

-------------------------------------------------------------------------------- 
[Changed Files]
CometLakeSiliconPkg/SystemAgent/MemoryInitRkl/LibraryPrivate/PeiMemoryInitLib/Source/Api/MrcGeneral.c

================================================================================ 
Commit: 69dfee9c0f20485d4a9f77ce3e194f5816707068 
Author: ClientSysFWGit <clientsysfwgit@intel.com> 
Date: Thu Jan 28 08:40:38 2021 +0530 
-------------------------------------------------------------------------------- 
[RKL][MRC] warm reset fix

Original commit date: Mon Dec 21 12:15:39 2020 +0200
Change-Id: I91370a3e1b42a2d5ea7893c3054d1f358252351b
Original commit hash: 5ba70d67e77144f72c06f509b922377b70a6a829

-------------------------------------------------------------------------------- 
[Changed Files]
CometLakeSiliconPkg/SystemAgent/MemoryInitRkl/Include/MrcInterface.h
CometLakeSiliconPkg/SystemAgent/MemoryInitRkl/LibraryPrivate/PeiMemoryInitLib/Source/Api/MrcSaveRestore.c

================================================================================ 
Commit: 7d363dfdc6ffacb112b2e6472c7e250c1d3f3cca 
Author: ClientSysFWGit <clientsysfwgit@intel.com> 
Date: Thu Jan 28 08:40:21 2021 +0530 
-------------------------------------------------------------------------------- 
[MRC][RKL] Set MRS_FSM_CONTROL.do_PDA_for_ECC = 1 when in ECC mode


Original commit date: Mon Dec 21 12:11:48 2020 +0200
Change-Id: I84ece7ba1fa4b5b27465206cd058f06f3968a678
Original commit hash: 64a39fcb40215d45c3e53c0e7a5205aec75737c0

-------------------------------------------------------------------------------- 
[Changed Files]
CometLakeSiliconPkg/SystemAgent/MemoryInitRkl/LibraryPrivate/PeiMemoryInitLib/Source/Api/MrcGeneral.c

================================================================================ 
Commit: 7ea214a5b2e88e546e01847a27b6918bf131417d 
Author: ClientSysFWGit <clientsysfwgit@intel.com> 
Date: Thu Jan 28 08:39:38 2021 +0530 
-------------------------------------------------------------------------------- 
BIOS Surv Request to Disable the Periodic Rcomp for all 3 Families in RKL Peg10, DMI, PEG60

Original commit date: Wed Jan 13 11:00:32 2021 +0530
Change-Id: I55606ff934716f11dfa71c5628070ea91938dffa
Original commit hash: d91ed608239f9e1603c0c76eed79dbead9c6de4d

-------------------------------------------------------------------------------- 
[Changed Files]
CometLakeSiliconPkg/SystemAgent/Include/Register/CpuPcieRegs.h
CometLakeSiliconPkg/SystemAgent/Library/Private/PeiCpuDmiDekelInitLib/PeiCpuDmiDekelInitLib.c
CometLakeSiliconPkg/SystemAgent/Library/Private/PeiCpuPcieDekelInitLibGen4/PeiCpuPcieDekelInitLib.c

================================================================================ 
Commit: 680bdacdfbde4bb3d7989a554f656cbcbc221107 
Author: ClientSysFWGit <clientsysfwgit@intel.com> 
Date: Thu Jan 28 08:39:21 2021 +0530 
-------------------------------------------------------------------------------- 
[TeamCity] RKLERB Auto-Commit BIOS ID update CI Increment BIOS Major Version () and reset Minor Version to 0

Original commit date: Thu Jan 21 05:13:11 2021 -0800
Change-Id: Ibc7584f0fa231f0938b5ac7f0b3fd19bc186e27e
Original commit hash: 3783fb0b4b5876f61aed8e002352e0f00a16c9f4

-------------------------------------------------------------------------------- 
[Changed Files]
CometLakePlatSamplePkg/Tools/GenBiosId/BiosId.env

================================================================================ 
Commit: 244797ae9890038fc7dda8a757b712e0bc4e91c9 
Author: ClientSysFWGit <clientsysfwgit@intel.com> 
Date: Thu Jan 28 08:39:02 2021 +0530 
-------------------------------------------------------------------------------- 
[TeamCity] RKLERB Auto-Commit DailyUpdate_FSP/RC CI

Original commit date: Thu Jan 21 01:23:55 2021 -0800
Change-Id: I3cea6e6718ae86819b6ba67cc75d7f5885d831cb
Original commit hash: 14727117eed32a28194f5f18da1f8cda6c55f857

-------------------------------------------------------------------------------- 
[Changed Files]
CometLakeFspPkg/CometLakeFspPkg.dec
CometLakeSiliconPkg/SiPkg.dec.template

================================================================================ 
Commit: d3c19328c4f009544e6c851be506e267272d9590 
Author: ClientSysFWGit <clientsysfwgit@intel.com> 
Date: Thu Jan 28 08:38:40 2021 +0530 
-------------------------------------------------------------------------------- 
Increase FSP-S FV size


Original commit date: Wed Jan 20 16:21:51 2021 -0800
Change-Id: I702ae7b0389041728ae5a91e7f3510eabfbf496e
Original commit hash: cce19754d7653c8de48a57f7943549362612d8d0

-------------------------------------------------------------------------------- 
[Changed Files]
CometLakeFspPkg/CometLakeFspPkg.fdf

================================================================================ 
Commit: 4f593b435838c63fa41b3c6cc56d69721b38a6e4 
Author: ClientSysFWGit <clientsysfwgit@intel.com> 
Date: Thu Jan 28 08:38:08 2021 +0530 
-------------------------------------------------------------------------------- 
ClientLakeSiliconPkg: RTC Top Swap Bit update during BIOS Upgrade.


Original commit date: Tue Jan 19 15:40:32 2021 -0800
Change-Id: I5815957feca811baf759e05be5375f4ae2308354
Original commit hash: 4aeb6c9a7dad25a2ccf2c01cded95eac7224e1ab

-------------------------------------------------------------------------------- 
[Changed Files]
CometLakeSiliconPkg/Pch/Include/Register/PchRegsLpc.h
CometLakeSiliconPkg/Pch/Library/Private/PeiRtcLib/PeiRtcLib.c
CometLakeSiliconPkg/Pch/PchInit/Dxe/PchInit.c

================================================================================ 
Commit: 97df0f10f93edc313680e8407b5d75993f923e56 
Author: ClientSysFWGit <clientsysfwgit@intel.com> 
Date: Thu Jan 28 08:37:47 2021 +0530 
-------------------------------------------------------------------------------- 
[TeamCity] RKLERB Auto-Commit BIOS ID update CI Increment BIOS Major Version () and reset Minor Version to 0

Original commit date: Wed Jan 20 05:13:37 2021 -0800
Change-Id: I447d165fe743bbe1d053a4b470d0573caa9acbf7
Original commit hash: f28053e10e2ea9d22d87a1c2e5ed2623d324f3e9

-------------------------------------------------------------------------------- 
[Changed Files]
CometLakePlatSamplePkg/Tools/GenBiosId/BiosId.env

================================================================================ 
Commit: c30402abf761033b55bf3d95e77b5dc5564ffba8 
Author: ClientSysFWGit <clientsysfwgit@intel.com> 
Date: Thu Jan 28 08:37:21 2021 +0530 
-------------------------------------------------------------------------------- 
[TeamCity] RKLERB Auto-Commit DailyUpdate_FSP/RC CI

Original commit date: Wed Jan 20 01:25:09 2021 -0800
Change-Id: I80e7fa7e09fa0e5d3b3ad2e2f63472dea6871182
Original commit hash: 93b1adeaa6c80496e407422c10ec07d61c446be9

-------------------------------------------------------------------------------- 
[Changed Files]
CometLakeFspPkg/CometLakeFspPkg.dec
CometLakeSiliconPkg/SiPkg.dec.template

================================================================================ 
Commit: e14f0d0c864c5491bfc89339c04b9a3ca768d1af 
Author: ClientSysFWGit <clientsysfwgit@intel.com> 
Date: Thu Jan 28 08:37:00 2021 +0530 
-------------------------------------------------------------------------------- 
[TeamCity] RKLERB Auto-Commit BIOS ID update CI Increment BIOS Major Version () and reset Minor Version to 0

Original commit date: Tue Jan 19 05:13:58 2021 -0800
Change-Id: Ie594834359acec61b215819ecdb17ee452af4597
Original commit hash: 925d890d81edb694c9e68f735c1be573952c2e4e

-------------------------------------------------------------------------------- 
[Changed Files]
CometLakePlatSamplePkg/Tools/GenBiosId/BiosId.env

================================================================================ 
Commit: d78ef9e4d4d9a84b5ff2f20ede79e2329fc799ee 
Author: ClientSysFWGit <clientsysfwgit@intel.com> 
Date: Thu Jan 28 08:36:35 2021 +0530 
-------------------------------------------------------------------------------- 
[TeamCity] RKLERB Auto-Commit DailyUpdate_FSP/RC CI

Original commit date: Tue Jan 19 01:24:04 2021 -0800
Change-Id: I1da6e0a42a212544e837f7f7feae1b18acc69596
Original commit hash: 39c55f13b5b3b5e4bd80c8ea820ac4eea4fe3542

-------------------------------------------------------------------------------- 
[Changed Files]
CometLakeFspPkg/CometLakeFspPkg.dec
CometLakeSiliconPkg/SiPkg.dec.template

================================================================================ 
Commit: 40f53d947e95e3758dcb5b06fceba8ffc08eeaec 
Author: ClientSysFWGit <clientsysfwgit@intel.com> 
Date: Thu Jan 28 08:36:11 2021 +0530 
-------------------------------------------------------------------------------- 
[TeamCity] RKLERB Auto-Commit WeeklyUpdate_FSP/RC CI

Original commit date: Mon Jan 18 06:04:43 2021 -0800
Change-Id: I8aeb85aa24f2a9fa85d8c03524a219cbd2bb6fda
Original commit hash: be2edc70466019821efc15526fdc841c4e120c9d

-------------------------------------------------------------------------------- 
[Changed Files]
CometLakeFspPkg/CometLakeFspPkg.dec
CometLakeSiliconPkg/SiPkg.dec.template

================================================================================ 
Commit: dcfe0711b0ebdb8227a721e911fd7e4b76fd0ac5 
Author: ClientSysFWGit <clientsysfwgit@intel.com> 
Date: Thu Jan 28 08:35:42 2021 +0530 
-------------------------------------------------------------------------------- 
[TeamCity] RKLERB Auto-Commit BIOS ID update CI Increment BIOS Major Version () and reset Minor Version to 0

Original commit date: Mon Jan 18 05:12:55 2021 -0800
Change-Id: I52783e719fd1f5dee6124ca4ca7cf4d41b6d7409
Original commit hash: 2bf77d2ea72085a9cac3aa05bb969778eedce909

-------------------------------------------------------------------------------- 
[Changed Files]
CometLakePlatSamplePkg/Tools/GenBiosId/BiosId.env

================================================================================ 
Commit: 793ad54487a2b5b8af84a4e58f8b1c7a9917cdfd 
Author: ClientSysFWGit <clientsysfwgit@intel.com> 
Date: Thu Jan 28 08:35:18 2021 +0530 
-------------------------------------------------------------------------------- 
[TeamCity] RKLERB Auto-Commit DailyUpdate_FSP/RC CI

Original commit date: Mon Jan 18 01:24:32 2021 -0800
Change-Id: I698b5dbdc5d3a5d26d5afa1a6ea177b9133863e7
Original commit hash: 69a5bd36bd91c9e2e00b0763be7030cef2853730

-------------------------------------------------------------------------------- 
[Changed Files]
CometLakeFspPkg/CometLakeFspPkg.dec
CometLakeSiliconPkg/SiPkg.dec.template

================================================================================ 
Commit: 7f74ac8a0da5a17c18ed20450207f097b49e0243 
Author: ClientSysFWGit <clientsysfwgit@intel.com> 
Date: Thu Jan 28 08:35:02 2021 +0530 
-------------------------------------------------------------------------------- 
[TeamCity] RKLERB Auto-Commit BIOS ID update CI Increment BIOS Major Version () and reset Minor Version to 0

Original commit date: Sun Jan 17 05:12:28 2021 -0800
Change-Id: I5c5575e8a72ca4460b0886a2ca158c0d73c5886f
Original commit hash: bfe84d0759e9cfc522712d1d8f04001771fdbc18

-------------------------------------------------------------------------------- 
[Changed Files]
CometLakePlatSamplePkg/Tools/GenBiosId/BiosId.env

================================================================================ 
Commit: ce9e8e2b12b29006be8a8b17341912ad65af0e4e 
Author: ClientSysFWGit <clientsysfwgit@intel.com> 
Date: Thu Jan 28 08:34:41 2021 +0530 
-------------------------------------------------------------------------------- 
[TeamCity] RKLERB Auto-Commit DailyUpdate_FSP/RC CI

Original commit date: Sun Jan 17 01:23:12 2021 -0800
Change-Id: Iba65cc756160b68472d2241f5c821c617a4f3710
Original commit hash: 5b1c71ee2047be6012df4894cc15a33312b6dc40

-------------------------------------------------------------------------------- 
[Changed Files]
CometLakeFspPkg/CometLakeFspPkg.dec
CometLakeSiliconPkg/SiPkg.dec.template

================================================================================ 
Commit: bd942cd3194fe8631aeabfdb269e9d15316b80b3 
Author: ClientSysFWGit <clientsysfwgit@intel.com> 
Date: Thu Jan 28 08:34:23 2021 +0530 
-------------------------------------------------------------------------------- 
[TeamCity] RKLERB Auto-Commit BIOS ID update CI Increment BIOS Major Version () and reset Minor Version to 0

Original commit date: Sat Jan 16 05:12:56 2021 -0800
Change-Id: Ieba51fdc28ffbad2073943883b1bf37c9e63cd12
Original commit hash: 8d75e2b55632e64c68dcec5b22fd6c60ca34b7dc

-------------------------------------------------------------------------------- 
[Changed Files]
CometLakePlatSamplePkg/Tools/GenBiosId/BiosId.env

================================================================================ 
Commit: b59358ec3188b1167cbdbd1ab432f753ca903f00 
Author: ClientSysFWGit <clientsysfwgit@intel.com> 
Date: Thu Jan 28 08:34:05 2021 +0530 
-------------------------------------------------------------------------------- 
[TeamCity] RKLERB Auto-Commit DailyUpdate_FSP/RC CI

Original commit date: Sat Jan 16 01:24:06 2021 -0800
Change-Id: I7787087b3e90f4f4ee4f950a08d500d5253da43e
Original commit hash: 831287939ebbabfadbfd639cdc750c7137397dd1

-------------------------------------------------------------------------------- 
[Changed Files]
CometLakeFspPkg/CometLakeFspPkg.dec
CometLakeSiliconPkg/SiPkg.dec.template

================================================================================ 
Commit: ac6647b01962e356fcf1eec605e2df9141e6205e 
Author: ClientSysFWGit <clientsysfwgit@intel.com> 
Date: Thu Jan 28 08:33:47 2021 +0530 
-------------------------------------------------------------------------------- 
[TeamCity] RKLERB Auto-Commit BIOS ID update CI Increment BIOS Major Version () and reset Minor Version to 0

Original commit date: Fri Jan 15 05:13:46 2021 -0800
Change-Id: I81a6115345eed0af67ac596e4d019db15c084cbb
Original commit hash: ae8e76c812477d4e9e56b67017ef45d7f1b2dee3

-------------------------------------------------------------------------------- 
[Changed Files]
CometLakePlatSamplePkg/Tools/GenBiosId/BiosId.env

================================================================================ 
Commit: cf9e5af6025a45ccc1cc87e3c88fb7a7df341d01 
Author: ClientSysFWGit <clientsysfwgit@intel.com> 
Date: Thu Jan 28 08:33:23 2021 +0530 
-------------------------------------------------------------------------------- 
[TeamCity] RKLERB Auto-Commit DailyUpdate_FSP/RC CI

Original commit date: Fri Jan 15 01:40:09 2021 -0800
Change-Id: I2bd1ad397af8a563535f04d79fd67ac79d6cc547
Original commit hash: f1a26ac03fd80426000e15ded5710de5bfe08e8b

-------------------------------------------------------------------------------- 
[Changed Files]
CometLakeFspPkg/CometLakeFspPkg.dec
CometLakeSiliconPkg/SiPkg.dec.template
