================================================================================ 
Commit: 782145ebfb73714f0c2f3772ca6607c8bc393c0e 
Author: ClientSysFWGit <clientsysfwgit@intel.com> 
Date: Wed Nov 18 14:40:25 2020 +0530 
-------------------------------------------------------------------------------- 
Fsp Gcc Fsp Wrapper Build

Original commit date: Tue Nov 17 11:42:34 2020 -0800
Change-Id: Iee4dac0bc32849de0ba5a0482e5f99343f041004
Original commit hash: e0410e3db1d91e0c8781d0fc1b024e3d73c9045e

-------------------------------------------------------------------------------- 
[Changed Files]
CometLakePlatSamplePkg/FlashMap/SIZE_140_FSP_WRAPPER.fdf

================================================================================ 
Commit: 12bb3f229cc5d3cf68eb771355ea9ef4603cec08 
Author: ClientSysFWGit <clientsysfwgit@intel.com> 
Date: Wed Nov 18 14:40:23 2020 +0530 
-------------------------------------------------------------------------------- 
Support RPMC Status API and reference code


Original commit date: Tue Nov 17 10:18:48 2020 -0700
Change-Id: Ib8cc457ed958d3fb049d23586b9a2830db99f8b4
Original commit hash: 0508a9517e8d687a26cd0c199c2d048b482bd5ea

-------------------------------------------------------------------------------- 
[Changed Files]
CometLakeSiliconPkg/Me/Include/HeciRegs.h
CometLakeSiliconPkg/Me/Include/Library/DxeMeLib.h
CometLakeSiliconPkg/Me/Include/Library/PeiMeLib.h
CometLakeSiliconPkg/Me/Include/MkhiMsgs.h
CometLakeSiliconPkg/Me/Library/DxeMeLib/HeciMsgDxeLib.c
CometLakeSiliconPkg/Me/Library/PeiMeLib/HeciMsgPeiLib.c

================================================================================ 
Commit: 9028ee3cff0216c1da8dd673f4ed18e9dc203449 
Author: ClientSysFWGit <clientsysfwgit@intel.com> 
Date: Wed Nov 18 14:40:20 2020 +0530 
-------------------------------------------------------------------------------- 
[RKL-S][CMP-H] Merge TGP-H changes

Original commit date: Mon Nov 16 09:21:49 2020 -0800
Change-Id: Iafeddf2069598c7f65396397d0c0ab36bb804965
Original commit hash: 4d23f3839052d158e3fd836ca0bd5d455d022b5c

-------------------------------------------------------------------------------- 
[Changed Files]
CometLakeFspPkg/CometLakeFspPkg.fdf
CometLakeSiliconPkg/SystemAgent/MemoryInitRkl/Include/MrcInterface.h
CometLakeSiliconPkg/SystemAgent/MemoryInitRkl/LibraryPrivate/PeiMemoryInitLib/Source/Api/MrcGeneral.c
CometLakeSiliconPkg/SystemAgent/MemoryInitRkl/LibraryPrivate/PeiMemoryInitLib/Source/Api/MrcSaveRestore.c
CometLakeSiliconPkg/SystemAgent/MemoryInitRkl/LibraryPrivate/PeiMemoryInitLib/Source/Api/MrcStartMemoryConfiguration.c
CometLakeSiliconPkg/SystemAgent/MemoryInitRkl/LibraryPrivate/PeiMemoryInitLib/Source/Include/MrcCommon.h
CometLakeSiliconPkg/SystemAgent/MemoryInitRkl/LibraryPrivate/PeiMemoryInitLib/Source/Include/MrcCrosser.h
CometLakeSiliconPkg/SystemAgent/MemoryInitRkl/LibraryPrivate/PeiMemoryInitLib/Source/Include/MrcVersion.h
CometLakeSiliconPkg/SystemAgent/MemoryInitRkl/LibraryPrivate/PeiMemoryInitLib/Source/McConfiguration/MrcTimingConfiguration.c
CometLakeSiliconPkg/SystemAgent/MemoryInitRkl/LibraryPrivate/PeiMemoryInitLib/Source/MemoryTypes/MrcDdr4.c
CometLakeSiliconPkg/SystemAgent/MemoryInitRkl/LibraryPrivate/PeiMemoryInitLib/Source/ReadTraining/MrcReadDqDqs.c
CometLakeSiliconPkg/SystemAgent/MemoryInitRkl/LibraryPrivate/PeiMemoryInitLib/Source/ReadTraining/MrcReadReceiveEnable.c
CometLakeSiliconPkg/SystemAgent/MemoryInitRkl/LibraryPrivate/PeiMemoryInitLib/Source/Services/MrcCommon.c
CometLakeSiliconPkg/SystemAgent/MemoryInitRkl/LibraryPrivate/PeiMemoryInitLib/Source/Services/MrcCrosser.c
CometLakeSiliconPkg/SystemAgent/MemoryInitRkl/LibraryPrivate/PeiMemoryInitLib/Source/Services/MrcMcConfiguration.c

================================================================================ 
Commit: 86f9beb85ed81142ced964c0e8ca2bbbe6e777c6 
Author: ClientSysFWGit <clientsysfwgit@intel.com> 
Date: Wed Nov 18 14:40:17 2020 +0530 
-------------------------------------------------------------------------------- 
PEP constraint ACPI NV variable limited to 64bit


Original commit date: Tue Nov 17 22:58:12 2020 +0800
Change-Id: I4a3e9c64581b4b3963a3b81782589f0753da0e74
Original commit hash: d7f810e431b1977fd1ee992897c366060bc5fc72

-------------------------------------------------------------------------------- 
[Changed Files]
CometLakePlatSamplePkg/Acpi/AcpiTables/Dsdt/PlatformNvs.asl
CometLakePlatSamplePkg/Features/Pep/AcpiTables/Pep.asl
CometLakePlatSamplePkg/Include/PlatformNvsAreaDef.h

================================================================================ 
Commit: acdd04d7c6f1939ad238bf37991d5789f107891d 
Author: ClientSysFWGit <clientsysfwgit@intel.com> 
Date: Wed Nov 18 14:40:14 2020 +0530 
-------------------------------------------------------------------------------- 
[RKL][DMI] BIOS to implement CPU DMI register


Original commit date: Tue Nov 17 13:25:50 2020 +0530
Change-Id: I288246fc5e29ee35d212d70c85b1c17b71101aac
Original commit hash: 7088e0c70f5fb21522c04490a36a6848b5051869

-------------------------------------------------------------------------------- 
[Changed Files]
CometLakeSiliconPkg/Pch/Library/Private/PeiDxeSmmPchDmiLib/PeiPchDmi15.c

================================================================================ 
Commit: da6b400382e7ddfe216370f4875314647431da24 
Author: ClientSysFWGit <clientsysfwgit@intel.com> 
Date: Wed Nov 18 14:40:13 2020 +0530 
-------------------------------------------------------------------------------- 
[TeamCity] RKLERB Auto-Commit BIOS ID update CI Increment BIOS Major Version () and reset Minor Version to 0

Original commit date: Tue Nov 17 05:14:39 2020 -0800
Change-Id: I4659a9c60a1bc60a84115ca19a68ee045ff1ed4f
Original commit hash: 11c51bcb0de5d14b74b6873ddc5122721a822c9e

-------------------------------------------------------------------------------- 
[Changed Files]
CometLakePlatSamplePkg/Tools/GenBiosId/BiosId.env

================================================================================ 
Commit: 88e5201bea9d64e16a83ec2a9d3bc8a7ea21dc41 
Author: ClientSysFWGit <clientsysfwgit@intel.com> 
Date: Wed Nov 18 14:40:11 2020 +0530 
-------------------------------------------------------------------------------- 
[TeamCity] RKLERB Auto-Commit DailyUpdate_FSP/RC CI

Original commit date: Tue Nov 17 01:26:12 2020 -0800
Change-Id: I1b35fa403fef13c278f32eae29720a993d3bfcd6
Original commit hash: c16b3066ac73c79ed9b25d66d59d7b2ada45537e

-------------------------------------------------------------------------------- 
[Changed Files]
CometLakeFspPkg/CometLakeFspPkg.dec
CometLakeSiliconPkg/SiPkg.dec.template

================================================================================ 
Commit: 8a5d6f88f3e993a51de147fa973be78e264907dc 
Author: ClientSysFWGit <clientsysfwgit@intel.com> 
Date: Wed Nov 18 14:40:09 2020 +0530 
-------------------------------------------------------------------------------- 
Report Monolithic FMP and BIOS FMP as System firmware devices only

Original commit date: Tue Feb 4 19:59:37 2020 +0800
Change-Id: I1432a6413cf745ea622bc4bf4980861b84133d60
Original commit hash: e64e1c56dcd0c1038a283008c150c6b8945a41c7

-------------------------------------------------------------------------------- 
[Changed Files]
CometLakePlatSamplePkg/PlatformPkg.dsc

================================================================================ 
Commit: 1a85ddda64b6c53b9c3ef9fe4c4d251c6b962c40 
Author: ClientSysFWGit <clientsysfwgit@intel.com> 
Date: Wed Nov 18 14:40:06 2020 +0530 
-------------------------------------------------------------------------------- 
Remove duplicate code to avoid remaining memory add twice


Original commit date: Mon Nov 16 16:36:16 2020 +0800
Change-Id: I0ec31509878ba5a4b8ec22ba65b467c2d821a04c
Original commit hash: 430c3cf93375bbd17de93f6cd3a97d6bc562b626

-------------------------------------------------------------------------------- 
[Changed Files]
CometLakeSiliconPkg/SystemAgent/MemoryInitCfl/Library/Private/PeiMemoryInitLib/MemoryInit.c

================================================================================ 
Commit: cdc1f0bedc8e484c9efbb36ab578cb11cfdbb3fc 
Author: ClientSysFWGit <clientsysfwgit@intel.com> 
Date: Wed Nov 18 14:40:04 2020 +0530 
-------------------------------------------------------------------------------- 
[TeamCity] RKLERB Auto-Commit WeeklyUpdate_FSP/RC CI

Original commit date: Mon Nov 16 06:05:07 2020 -0800
Change-Id: I2c29ea90b2c12e9c1c4486069df50ae468a3bd6c
Original commit hash: 1d54a4f6f4c33f40ea8f6d5dd9b35c63cf0d2bcf

-------------------------------------------------------------------------------- 
[Changed Files]
CometLakeFspPkg/CometLakeFspPkg.dec
CometLakeSiliconPkg/SiPkg.dec.template

================================================================================ 
Commit: fda8b8f0f752f7383474eadc1c72612f843acca6 
Author: ClientSysFWGit <clientsysfwgit@intel.com> 
Date: Wed Nov 18 14:40:02 2020 +0530 
-------------------------------------------------------------------------------- 
[TeamCity] RKLERB Auto-Commit BIOS ID update CI Increment BIOS Major Version () and reset Minor Version to 0

Original commit date: Mon Nov 16 05:13:49 2020 -0800
Change-Id: Ie5e58a398115b4abbd43ba55479623e539475141
Original commit hash: 6e07f27932ea579f3cd6132211dbf249cd498895

-------------------------------------------------------------------------------- 
[Changed Files]
CometLakePlatSamplePkg/Tools/GenBiosId/BiosId.env

================================================================================ 
Commit: 08ece4aa1a438fe5b8489623321f9e0504d96e3d 
Author: ClientSysFWGit <clientsysfwgit@intel.com> 
Date: Wed Nov 18 14:40:00 2020 +0530 
-------------------------------------------------------------------------------- 
[TeamCity] RKLERB Auto-Commit DailyUpdate_FSP/RC CI

Original commit date: Mon Nov 16 01:24:56 2020 -0800
Change-Id: I35c19c038435562a8897790e489accc348a70279
Original commit hash: ed74a8306aed91f2599c4561415709af75400fe6

-------------------------------------------------------------------------------- 
[Changed Files]
CometLakeFspPkg/CometLakeFspPkg.dec
CometLakeSiliconPkg/SiPkg.dec.template

================================================================================ 
Commit: 1f9ff47a281ce9d286daf96c7d7e8e32f9b66c3e 
Author: ClientSysFWGit <clientsysfwgit@intel.com> 
Date: Wed Nov 18 14:39:58 2020 +0530 
-------------------------------------------------------------------------------- 
[TeamCity] RKLERB Auto-Commit BIOS ID update CI Increment BIOS Major Version () and reset Minor Version to 0

Original commit date: Sun Nov 15 05:13:21 2020 -0800
Change-Id: I13c452bb2fa8a001964d0ddeef9be4d75fe4af26
Original commit hash: 72ffaa70b3545a6cc3c660c40728bd526e7eacde

-------------------------------------------------------------------------------- 
[Changed Files]
CometLakePlatSamplePkg/Tools/GenBiosId/BiosId.env

================================================================================ 
Commit: 54bf508f4353bfff923616f5721a8dd95108193c 
Author: ClientSysFWGit <clientsysfwgit@intel.com> 
Date: Wed Nov 18 14:39:55 2020 +0530 
-------------------------------------------------------------------------------- 
[TeamCity] RKLERB Auto-Commit DailyUpdate_FSP/RC CI

Original commit date: Sun Nov 15 01:25:03 2020 -0800
Change-Id: I4b0e752ea3ac57edd1a7d26cd5a560ee049528d1
Original commit hash: 109e24d094dd1fdaa55c48f916cc957c5005e874

-------------------------------------------------------------------------------- 
[Changed Files]
CometLakeFspPkg/CometLakeFspPkg.dec
CometLakeSiliconPkg/SiPkg.dec.template

================================================================================ 
Commit: 63344a559eb6ea367c867728c84d9c041a8589b9 
Author: ClientSysFWGit <clientsysfwgit@intel.com> 
Date: Wed Nov 18 14:39:53 2020 +0530 
-------------------------------------------------------------------------------- 
[TeamCity] RKLERB Auto-Commit BIOS ID update CI Increment BIOS Major Version () and reset Minor Version to 0

Original commit date: Sat Nov 14 05:13:55 2020 -0800
Change-Id: I5a3a70e6fc4ddb1ca95a58ecf9fbdee2c28d3e66
Original commit hash: 3f98113572d8a5b9435e70a1248ea355bd05224c

-------------------------------------------------------------------------------- 
[Changed Files]
CometLakePlatSamplePkg/Tools/GenBiosId/BiosId.env

================================================================================ 
Commit: 57b925330a69b0176150dfdd339ee6ad02b39e14 
Author: ClientSysFWGit <clientsysfwgit@intel.com> 
Date: Wed Nov 18 14:39:51 2020 +0530 
-------------------------------------------------------------------------------- 
[TeamCity] RKLERB Auto-Commit DailyUpdate_FSP/RC CI

Original commit date: Sat Nov 14 01:25:19 2020 -0800
Change-Id: I6ba15c1b6202da726d6960cc2f9773c30a9b1b69
Original commit hash: 0b0474d6877bdefac603cfb4cc0863e80eed258e

-------------------------------------------------------------------------------- 
[Changed Files]
CometLakeFspPkg/CometLakeFspPkg.dec
CometLakeSiliconPkg/SiPkg.dec.template

================================================================================ 
Commit: de5064757344a3482fe878b982e9d876da9a46fa 
Author: ClientSysFWGit <clientsysfwgit@intel.com> 
Date: Wed Nov 18 14:39:49 2020 +0530 
-------------------------------------------------------------------------------- 
[CML] code scan update


Original commit date: Wed Sep 30 19:01:16 2020 +0530
Change-Id: Id36a7e71e2176f0319fe6762d987a4a78f7882a2
Original commit hash: a727ba56f8988cb2c91672ecb2392e9d6ab1e336

-------------------------------------------------------------------------------- 
[Changed Files]
CometLakeSiliconPkg/Pch/Library/PeiPchSmmControlLib/PchSmmControlLib.h
CometLakeSiliconPkg/SystemAgent/MemoryInitCfl/Library/Private/PeiMemoryInitLib/Source/DimmCellTest/Source/DcttMain.c

================================================================================ 
Commit: dc29331f9a33e15d7ec0e76e9f279eeb2fdb4efe 
Author: ClientSysFWGit <clientsysfwgit@intel.com> 
Date: Wed Nov 18 14:39:47 2020 +0530 
-------------------------------------------------------------------------------- 
code scan update


Original commit date: Thu Nov 12 17:36:34 2020 -0800
Change-Id: Icbd0faa618b20b4c868d1092b375bb938da259e5
Original commit hash: 9292f654c48cded859009a2138b5b75a0def4bbf

-------------------------------------------------------------------------------- 
[Changed Files]
CometLakeSiliconPkg/Cpu/Library/Private/PeiCpuInitLib/CpuInitPreResetCpl.c
CometLakeSiliconPkg/Cpu/Library/Private/PeiCpuPowerMgmtLib/IdleStates.c
CometLakeSiliconPkg/Cpu/PowerManagement/Smm/PowerMgmtSmm.c

================================================================================ 
Commit: 145a831f32ca9dcf331b0a436e0fde629630378c 
Author: ClientSysFWGit <clientsysfwgit@intel.com> 
Date: Wed Nov 18 14:39:45 2020 +0530 
-------------------------------------------------------------------------------- 
[TeamCity] RKLERB Auto-Commit BIOS ID update CI Increment BIOS Major Version () and reset Minor Version to 0

Original commit date: Fri Nov 13 05:13:30 2020 -0800
Change-Id: Ic806f431b58d2c535d16a27243caa63a0086eb3e
Original commit hash: 06e0f14ec35fb69a6586994838dad61dbd79d19c

-------------------------------------------------------------------------------- 
[Changed Files]
CometLakePlatSamplePkg/Tools/GenBiosId/BiosId.env

================================================================================ 
Commit: 7348fd932cae13c7f72d201fb63bd37447db545d 
Author: ClientSysFWGit <clientsysfwgit@intel.com> 
Date: Wed Nov 18 14:39:43 2020 +0530 
-------------------------------------------------------------------------------- 
[TeamCity] RKLERB Auto-Commit DailyUpdate_FSP/RC CI

Original commit date: Fri Nov 13 01:27:42 2020 -0800
Change-Id: I01310a0508b08a3c36e35ba4132a626611b7b498
Original commit hash: 376a0c808c27b9fded5755146dfced7ff966e21b

-------------------------------------------------------------------------------- 
[Changed Files]
CometLakeFspPkg/CometLakeFspPkg.dec
CometLakeSiliconPkg/SiPkg.dec.template

================================================================================ 
Commit: d0e1fae710fe08a3cd3c8798c45abb5d57b39a54 
Author: ClientSysFWGit <clientsysfwgit@intel.com> 
Date: Wed Nov 18 14:39:41 2020 +0530 
-------------------------------------------------------------------------------- 
[TeamCity] RKLERB Auto-Commit BIOS ID update CI Increment BIOS Major Version () and reset Minor Version to 0

Original commit date: Thu Nov 12 17:46:44 2020 -0800
Change-Id: Ia3c981d458cab8e15f6a59778438d39950141767
Original commit hash: 3a9137af3a876be1ac6d6e1b0d2362344ac89250

-------------------------------------------------------------------------------- 
[Changed Files]
CometLakePlatSamplePkg/Tools/GenBiosId/BiosId.env

================================================================================ 
Commit: a5f5005b3558d12efa115202d2dd52e11ca707dd 
Author: ClientSysFWGit <clientsysfwgit@intel.com> 
Date: Wed Nov 18 14:39:39 2020 +0530 
-------------------------------------------------------------------------------- 
update CPU DMI max link speed


Original commit date: Mon Nov 9 17:59:58 2020 +0800
Change-Id: I1eb693ee052d313f083acab112f96141498d4f8a
Original commit hash: e0e90ad55f26ae786f1ec6766a15513eff6261d6

-------------------------------------------------------------------------------- 
[Changed Files]
CometLakeSiliconPkg/Pch/Library/Private/PeiDxeSmmPchDmiLib/PeiPchDmi15.c

================================================================================ 
Commit: 0461002d46d8b3b2d4da29ba827530bf9ea96dcd 
Author: ClientSysFWGit <clientsysfwgit@intel.com> 
Date: Wed Nov 18 14:39:37 2020 +0530 
-------------------------------------------------------------------------------- 
[OC] Add BIOS knob to control PVD Ratio Threshold.


Original commit date: Tue Nov 3 09:08:06 2020 -0800
Change-Id: I70ac9990ae5fccf1d8575f298b61ec8770659045
Original commit hash: 9a3fc756a22f72773230386062ce3d32b0a499de

-------------------------------------------------------------------------------- 
[Changed Files]
CometLakeFspPkg/CometLakeFspPkg.fdf
CometLakeFspPkg/Library/PeiPolicyUpdatePreMemLib/PeiCpuPolicyUpdatePreMem.c
CometLakeFspPkg/Upd/FspmUpd.dsc
CometLakePlatSamplePkg/Include/SetupVariable.h
CometLakePlatSamplePkg/Library/PeiPolicyUpdateLib/PeiCpuPolicyUpdatePreMem.c
CometLakePlatSamplePkg/Setup/OverClockSetup.hfr
CometLakePlatSamplePkg/Setup/OverClockSetup.uni
CometLakeSiliconPkg/Cpu/Include/ConfigBlock/CpuOverclockingConfig.h
CometLakeSiliconPkg/Cpu/Include/Private/Library/CpuOcLib.h
CometLakeSiliconPkg/Cpu/Library/PeiCpuPolicyLib/CpuPrintPolicyPreMem.c
CometLakeSiliconPkg/Cpu/Library/Private/PeiCpuOcInitLib/CpuOcInit.c

================================================================================ 
Commit: 08e50cba6eb49b7e4a74f129f942b2479e15bf1e 
Author: ClientSysFWGit <clientsysfwgit@intel.com> 
Date: Wed Nov 18 14:39:34 2020 +0530 
-------------------------------------------------------------------------------- 
Compatible BIOS Update Prevention


Original commit date: Sun Nov 8 12:46:27 2020 +0800
Change-Id: Ifb53c1af5bad43c2c070217452dc626e132359e5
Original commit hash: 08f63cb8698e520f2fe30dd3a9fe10d196d08217

-------------------------------------------------------------------------------- 
[Changed Files]
CometLakePlatSamplePkg/PreBuild.sh
CometLakePlatSamplePkg/prebuild.bat

================================================================================ 
Commit: 2cf8b3a5b17b52216edfb748840a5fcb2eb7ce26 
Author: ClientSysFWGit <clientsysfwgit@intel.com> 
Date: Wed Nov 18 14:39:32 2020 +0530 
-------------------------------------------------------------------------------- 
Update PcdFaultToleranceOffset to accommodate IBB2 size


Original commit date: Wed Sep 30 03:23:23 2020 +0800
Change-Id: I94c3e424eb397c03a7b1b8cd112c5390aebf6809
Original commit hash: 47cb8e3751fc8a9c267f8ffc575f4412ec4e364b

-------------------------------------------------------------------------------- 
[Changed Files]
CometLakePlatSamplePkg/Features/CapsuleUpdate/FaultTolerance.fdf

================================================================================ 
Commit: 03ae7320737b0ff104078df77f27e5f5f1492a6d 
Author: ClientSysFWGit <clientsysfwgit@intel.com> 
Date: Wed Nov 18 14:39:29 2020 +0530 
-------------------------------------------------------------------------------- 
[TeamCity] RKLERB Auto-Commit DailyUpdate_FSP/RC CI

Original commit date: Thu Nov 12 02:48:10 2020 -0800
Change-Id: I41d4e923fe5f49555230b76f5dde858c1c8dafba
Original commit hash: ad0c700aa7305723a8a7cbbf193f5857c19f4fd3

-------------------------------------------------------------------------------- 
[Changed Files]
CometLakeFspPkg/CometLakeFspPkg.dec
CometLakeSiliconPkg/SiPkg.dec.template
