================================================================================ 
Commit: 1920ad6769c2ddf556434d02bb13024304ed3c56 
Author: ClientSysFWGit <clientsysfwgit@intel.com> 
Date: Wed Aug 5 12:25:38 2020 -0700 
-------------------------------------------------------------------------------- 
Update files for 4304

-------------------------------------------------------------------------------- 
[Changed Files]
IceLakePlatSamplePkg/Csm/LegacyRom/RaidRom/RaidOrom.bin
IceLakePlatSamplePkg/Csm/LegacyRom/RaidRom/RsteRaidOrom.bin
IceLakePlatSamplePkg/Csm/LegacyRom/VideoRom/Embedded/LegacyVideoRom.bin
IceLakePlatSamplePkg/Csm/LegacyRom/VideoRom/Embedded/VideoRom.bsf
IceLakePlatSamplePkg/Csm/LegacyRom/VideoRom/LegacyVideoRom.bin
IceLakePlatSamplePkg/Csm/LegacyRom/VideoRom/VideoRom.bsf

================================================================================ 
Commit: 8759f575b74a4dd16cd73c5ff0481e401eca7687 
Author: ClientSysFWGit <clientsysfwgit@intel.com> 
Date: Wed Aug 5 11:13:36 2020 -0700 
-------------------------------------------------------------------------------- 
[TeamCity] ICL Auto-Commit BIOS ID update CI Increment BIOS Major Version and reset Minor Version to 0

Hsd-es-id: no sighting
Original commit date: Thu Jul 23 00:57:10 2020 -0700
Change-Id: I707597e3abae447a2b3401ae0e46b321ee0de139
Original commit hash: 6a578af90bc8dbf28e78e059e02aca0ee823abaa

-------------------------------------------------------------------------------- 
[Changed Files]
IceLakePlatSamplePkg/Tools/GenBiosId/BiosId.env

================================================================================ 
Commit: 3d082cb2ca63be750254e34e9939763c2b0782d9 
Author: ClientSysFWGit <clientsysfwgit@intel.com> 
Date: Wed Aug 5 11:13:29 2020 -0700 
-------------------------------------------------------------------------------- 
IceLakeFspPkg: Fix FSP-S FV size insufficient space in Debug build

Fix FSP-S FV size insufficient space.
Increase FSP-S Debug size from 0x00084000 to 0x00085000

Hsd-es-id: NA
[internal-only]:

Original commit date: Wed Jul 22 23:33:25 2020 -0700
Change-Id: I182c526e781aa27a7f2f6099035a7b8276e7ddbf
Original commit hash: 0bbeb8275aeed934dc816d1cbb24625838502691

-------------------------------------------------------------------------------- 
[Changed Files]
IceLakeFspPkg/IceLakeFspPkg.fdf

================================================================================ 
Commit: 53b196f4bd1717fe4fc53f69010c554d8098eb2b 
Author: ClientSysFWGit <clientsysfwgit@intel.com> 
Date: Wed Aug 5 11:13:23 2020 -0700 
-------------------------------------------------------------------------------- 
[TeamCity] ICL Auto-Commit DailyUpdate_FSP/RC version CI Increment FSP Revision Number and reset FSP Build Number to 1

Hsd-es-id: no sighting
Original commit date: Wed Jul 22 23:16:08 2020 -0700
Change-Id: Ib31e2a9475c4f4e29c4c45bd01b91605ec27ac6d
Original commit hash: fb98962e7b3c293a56adc1be04d82d973b42149b

-------------------------------------------------------------------------------- 
[Changed Files]
IceLakeFspPkg/IceLakeFspPkg.dec
IceLakeSiliconPkg/SiPkg.dec

================================================================================ 
Commit: f32ffe0a1f2f998b39e2a2e375c689d09bb97226 
Author: ClientSysFWGit <clientsysfwgit@intel.com> 
Date: Wed Aug 5 11:13:16 2020 -0700 
-------------------------------------------------------------------------------- 
[TeamCity] ICL Auto-Commit BIOS ID update CI Increment BIOS Major Version and reset Minor Version to 0

Hsd-es-id: no sighting
Original commit date: Wed Jul 22 16:01:38 2020 -0700
Change-Id: I6ffb3a6a30b05a90ae9272219c465c3d67118c21
Original commit hash: 59a8a74a06475a1ecfc162d51b87fb02389cab5d

-------------------------------------------------------------------------------- 
[Changed Files]
IceLakePlatSamplePkg/Tools/GenBiosId/BiosId.env

================================================================================ 
Commit: a607e87aa08f63d7652e78ea87953ebcb93e3d9c 
Author: ClientSysFWGit <clientsysfwgit@intel.com> 
Date: Wed Aug 5 11:13:10 2020 -0700 
-------------------------------------------------------------------------------- 
Integrate New IceLake Microcode Patch

Update Microcode Patch

Hsd-es-id: No HSD
Original commit date: Wed Jul 22 13:16:10 2020 -0700
Change-Id: Idaa267245911e0f4e1141bb39a38c5949fee661a
Original commit hash: 8d0d4e6f9b5accfabf12b0f76b3e88d94fd992a9

-------------------------------------------------------------------------------- 
[Changed Files]
IceLakeOpenBoardPkg/IclUDdr4Type3Tcpd/OpenBoardPkg.fdf
IceLakePlatSamplePkg/PlatformPkg.fdf

================================================================================ 
Commit: 1c1fa362d441a8d5206edf1dd875c40e999b6581 
Author: ClientSysFWGit <clientsysfwgit@intel.com> 
Date: Wed Aug 5 11:13:02 2020 -0700 
-------------------------------------------------------------------------------- 
IceLakePlatSamplePkg/VTd: Fix PMR enabling setting confilct

PMR enabling set by pre-boot DMA protection is cleared by RC when boot guard
is enabled. Pre-boot DMA protection should only reset VT-d BAR when it is 0
and reset PMR region when it is not programmed to protect all memory address.

Hsd-es-id: 22011077033
[internal-only]:

Original commit date: Thu Jul 9 09:13:25 2020 +0800
Change-Id: I6ec50b3814327d61154d4eb4afcca360ebea2c4f
Original commit hash: 2f74a9c561ba807d6886ad8b2f30b1bdf2b7a14f

-------------------------------------------------------------------------------- 
[Changed Files]
IceLakePlatSamplePkg/Features/VTd/PlatformVTdInfoSamplePei/PlatformVTdInfoSamplePei.c

================================================================================ 
Commit: 9c304d598d27bb124c7542da448893a75aae10d5 
Author: ClientSysFWGit <clientsysfwgit@intel.com> 
Date: Wed Aug 5 11:12:55 2020 -0700 
-------------------------------------------------------------------------------- 
[TeamCity] ICL Auto-Commit DailyUpdate_FSP/RC version CI Increment FSP Revision Number and reset FSP Build Number to 1

Hsd-es-id: no sighting
Original commit date: Mon Jul 20 22:29:04 2020 -0700
Change-Id: I517311821b634c8bbf0ebf9dc549ac007001d664
Original commit hash: 9185e7c8d97174885a9a8129d9215b082fd65385

-------------------------------------------------------------------------------- 
[Changed Files]
IceLakeFspPkg/IceLakeFspPkg.dec
IceLakeSiliconPkg/SiPkg.dec

================================================================================ 
Commit: 66050bd1805f641cca205287970d5cfe293aeb0a 
Author: ClientSysFWGit <clientsysfwgit@intel.com> 
Date: Wed Aug 5 11:12:49 2020 -0700 
-------------------------------------------------------------------------------- 
[TeamCity] ICL Auto-Commit WeeklyUpdate_FSP/RC version CI Increment FSP Revision Number and reset FSP Build Number to 1

Hsd-es-id: no sighting
Original commit date: Mon Jul 20 21:11:57 2020 -0700
Change-Id: If4d3f3a4449a1ba2f649b95002d68a970c14292f
Original commit hash: 36dc196d28060767abfa5fe7761df1e1c1e8dcb7

-------------------------------------------------------------------------------- 
[Changed Files]
IceLakeFspPkg/IceLakeFspPkg.dec
IceLakeSiliconPkg/SiPkg.dec

================================================================================ 
Commit: 5c8cf95bc45a557c6604af7aa2a4c85184f25435 
Author: ClientSysFWGit <clientsysfwgit@intel.com> 
Date: Wed Aug 5 11:12:42 2020 -0700 
-------------------------------------------------------------------------------- 
[TeamCity] ICL Auto-Commit DailyUpdate_FSP/RC version CI Increment FSP Revision Number and reset FSP Build Number to 1

Hsd-es-id: no sighting
Original commit date: Sun Jul 19 21:15:26 2020 -0700
Change-Id: I5907fbeac1eb8976226b0f364f7ec697e9155cbb
Original commit hash: b24d7ce776ec87cf0a7dab2e67023756387a8834

-------------------------------------------------------------------------------- 
[Changed Files]
IceLakeFspPkg/IceLakeFspPkg.dec
IceLakeSiliconPkg/SiPkg.dec

================================================================================ 
Commit: 72025707f426655461e4c9bb1e4b556f601e4966 
Author: ClientSysFWGit <clientsysfwgit@intel.com> 
Date: Wed Aug 5 11:12:35 2020 -0700 
-------------------------------------------------------------------------------- 
[TeamCity] ICL Auto-Commit DailyUpdate_FSP/RC version CI Increment FSP Revision Number and reset FSP Build Number to 1

Hsd-es-id: no sighting
Original commit date: Sat Jul 18 21:22:57 2020 -0700
Change-Id: I7d8451da1ba896d293534303112f1383f15c057f
Original commit hash: 15b64a56e7d92571682064d13a707b7d7e20afa2

-------------------------------------------------------------------------------- 
[Changed Files]
IceLakeFspPkg/IceLakeFspPkg.dec
IceLakeSiliconPkg/SiPkg.dec

================================================================================ 
Commit: 1c2f90e04055f1b91e544184f61d1fd376786c90 
Author: ClientSysFWGit <clientsysfwgit@intel.com> 
Date: Wed Aug 5 11:12:29 2020 -0700 
-------------------------------------------------------------------------------- 
[TeamCity] ICL Auto-Commit DailyUpdate_FSP/RC version CI Increment FSP Revision Number and reset FSP Build Number to 1

Hsd-es-id: no sighting
Original commit date: Fri Jul 17 21:52:38 2020 -0700
Change-Id: Ib0c2704f06c2ca87f395ba72ae780fbd35d9b75d
Original commit hash: b9110d7fa052ff70264153757db1d4fdb79593c2

-------------------------------------------------------------------------------- 
[Changed Files]
IceLakeFspPkg/IceLakeFspPkg.dec
IceLakeSiliconPkg/SiPkg.dec

================================================================================ 
Commit: d8a778ba2f60744f7c851f5586e1575221ec0f37 
Author: ClientSysFWGit <clientsysfwgit@intel.com> 
Date: Wed Aug 5 11:12:23 2020 -0700 
-------------------------------------------------------------------------------- 
[TeamCity] ICL Auto-Commit DailyUpdate_FSP/RC version CI Increment FSP Revision Number and reset FSP Build Number to 1

Hsd-es-id: no sighting
Original commit date: Thu Jul 16 21:30:47 2020 -0700
Change-Id: I534c82b0bac5e589ce3f186d07d9af0566715905
Original commit hash: a70eb7de47a6fdbba205b37f639bbd5aa7719137

-------------------------------------------------------------------------------- 
[Changed Files]
IceLakeFspPkg/IceLakeFspPkg.dec
IceLakeSiliconPkg/SiPkg.dec

================================================================================ 
Commit: f2ffe534f3bdf4459c826f27fbeac5fc26606615 
Author: ClientSysFWGit <clientsysfwgit@intel.com> 
Date: Wed Aug 5 11:12:17 2020 -0700 
-------------------------------------------------------------------------------- 
[TeamCity] ICL Auto-Commit DailyUpdate_FSP/RC version CI Increment FSP Revision Number and reset FSP Build Number to 1

Hsd-es-id: no sighting
Original commit date: Wed Jul 15 20:55:57 2020 -0700
Change-Id: Iec0b0ea281d944c71a24fdc19e059d844420c11d
Original commit hash: 5de5484249af562f82b00fcba81364e1d6708e6e

-------------------------------------------------------------------------------- 
[Changed Files]
IceLakeFspPkg/IceLakeFspPkg.dec
IceLakeSiliconPkg/SiPkg.dec

================================================================================ 
Commit: 561d60792115acb94ed31682980e87dbbb392606 
Author: ClientSysFWGit <clientsysfwgit@intel.com> 
Date: Wed Aug 5 11:12:10 2020 -0700 
-------------------------------------------------------------------------------- 
[TeamCity] ICL Auto-Commit DailyUpdate_FSP/RC version CI Increment FSP Revision Number and reset FSP Build Number to 1

Hsd-es-id: no sighting
Original commit date: Tue Jul 14 21:36:38 2020 -0700
Change-Id: I1c5aca4de534aaef9e6d1cfed2421be6bef4350b
Original commit hash: 08a9ebcb19a58fee6f647c05c2e55a15673e4637

-------------------------------------------------------------------------------- 
[Changed Files]
IceLakeFspPkg/IceLakeFspPkg.dec
IceLakeSiliconPkg/SiPkg.dec

================================================================================ 
Commit: e0277be00b7a32b635fa030cc62cb5d6a4d8c008 
Author: ClientSysFWGit <clientsysfwgit@intel.com> 
Date: Wed Aug 5 11:12:03 2020 -0700 
-------------------------------------------------------------------------------- 
IceLakeSiliconPkg: Resurrection of "Skip POSTBOOT SAI Setting" menu under Intel Test Menu

Resolution:  Add back "Skip POSTBOOT SAI Setting" menu under Intel Test Menu

Hsd-es-id: 1508143622
Original commit date: Tue Jul 7 19:10:26 2020 +0800
Change-Id: I0b504d18748935c66e4924530de00f45e98c60f9
Original commit hash: 49475777aa9aa8ec1a6683f9bfecc92b5a9cd515

-------------------------------------------------------------------------------- 
[Changed Files]
IceLakeFspPkg/Library/PeiPolicyUpdateLib/PeiSiPolicyUpdate.c
IceLakeFspPkg/Upd/FspsUpd.dsc
IceLakeSiliconPkg/Include/ConfigBlock/SiConfig.h
IceLakeSiliconPkg/Library/PeiSiPolicyLib/SiPrintPolicy.c
IceLakeSiliconPkg/SiInit/Pei/SiInit.c

================================================================================ 
Commit: 7b476173377583de6c301044f4f95a81cabcefb8 
Author: ClientSysFWGit <clientsysfwgit@intel.com> 
Date: Wed Aug 5 11:11:55 2020 -0700 
-------------------------------------------------------------------------------- 
[TeamCity] ICL Auto-Commit DailyUpdate_FSP/RC version CI Increment FSP Revision Number and reset FSP Build Number to 1

Hsd-es-id: no sighting
Original commit date: Mon Jul 13 22:10:27 2020 -0700
Change-Id: I06af208846d2d6881e3088322efd0d10eb472dc8
Original commit hash: bc95eb8a876c7a0e8f84bc8f06d52862b5858d1c

-------------------------------------------------------------------------------- 
[Changed Files]
IceLakeFspPkg/IceLakeFspPkg.dec
IceLakeSiliconPkg/SiPkg.dec

================================================================================ 
Commit: 9316f4c829c49afc29a280e43799e94bcc145f40 
Author: ClientSysFWGit <clientsysfwgit@intel.com> 
Date: Wed Aug 5 11:11:40 2020 -0700 
-------------------------------------------------------------------------------- 
[TeamCity] ICL Auto-Commit DailyUpdate_FSP/RC version CI Increment FSP Revision Number and reset FSP Build Number to 1

Hsd-es-id: no sighting
Original commit date: Sun Jul 12 22:08:45 2020 -0700
Change-Id: Ie4f4d17d152e842372021589392850d8c362cbf2
Original commit hash: 39527cf9abca61f0f2a54b1dd37f9602cfde5df4

-------------------------------------------------------------------------------- 
[Changed Files]
IceLakeFspPkg/IceLakeFspPkg.dec
IceLakeSiliconPkg/SiPkg.dec

================================================================================ 
Commit: 571e80140b6c3cf83c08178213e4c6da48825a4e 
Author: ClientSysFWGit <clientsysfwgit@intel.com> 
Date: Wed Aug 5 11:11:34 2020 -0700 
-------------------------------------------------------------------------------- 
[TeamCity] ICL Auto-Commit DailyUpdate_FSP/RC version CI Increment FSP Revision Number and reset FSP Build Number to 1

Hsd-es-id: no sighting
Original commit date: Sat Jul 11 20:37:02 2020 -0700
Change-Id: I60f2c1b5a284e26bc830188ec24fe10e202481f8
Original commit hash: 5beb4406e9957114f3da462fcbb537966fb730d6

-------------------------------------------------------------------------------- 
[Changed Files]
IceLakeFspPkg/IceLakeFspPkg.dec
IceLakeSiliconPkg/SiPkg.dec

================================================================================ 
Commit: 67aac7d8c1bf72c6e0d34bc644857333bc453ac2 
Author: ClientSysFWGit <clientsysfwgit@intel.com> 
Date: Wed Aug 5 11:11:26 2020 -0700 
-------------------------------------------------------------------------------- 
[TeamCity] ICL Auto-Commit DailyUpdate_FSP/RC version CI Increment FSP Revision Number and reset FSP Build Number to 1

Hsd-es-id: no sighting
Original commit date: Fri Jul 10 21:42:56 2020 -0700
Change-Id: Ia08519f93306526d00e4dd25c100a07005424724
Original commit hash: 244ac9fd50642709e25efc730991da05edc0ebdb

-------------------------------------------------------------------------------- 
[Changed Files]
IceLakeFspPkg/IceLakeFspPkg.dec
IceLakeSiliconPkg/SiPkg.dec

================================================================================ 
Commit: 960fd30e1936cc68684e2d06f63777089358987b 
Author: ClientSysFWGit <clientsysfwgit@intel.com> 
Date: Wed Aug 5 11:11:19 2020 -0700 
-------------------------------------------------------------------------------- 
[TeamCity] ICL Auto-Commit DailyUpdate_FSP/RC version CI Increment FSP Revision Number and reset FSP Build Number to 1

Hsd-es-id: no sighting
Original commit date: Thu Jul 9 20:30:41 2020 -0700
Change-Id: I923e95a5c0a7bb379ae44cca6cc5f92736a572fa
Original commit hash: b27a998a37c1a387a24b1d02798c0b3e8d8476e6

-------------------------------------------------------------------------------- 
[Changed Files]
IceLakeFspPkg/IceLakeFspPkg.dec
IceLakeSiliconPkg/SiPkg.dec

================================================================================ 
Commit: fd1d396567b01ddbd861a5927737e2d34fcb1c97 
Author: ClientSysFWGit <clientsysfwgit@intel.com> 
Date: Wed Aug 5 11:11:11 2020 -0700 
-------------------------------------------------------------------------------- 
[TeamCity] ICL Auto-Commit DailyUpdate_FSP/RC version CI Increment FSP Revision Number and reset FSP Build Number to 1

Hsd-es-id: no sighting
Original commit date: Wed Jul 8 21:16:01 2020 -0700
Change-Id: I6774878cf15a82e8633e05cabff354bb1d347932
Original commit hash: e501e9ae6f919e5a57f327c1207981aad128fa12

-------------------------------------------------------------------------------- 
[Changed Files]
IceLakeFspPkg/IceLakeFspPkg.dec
IceLakeSiliconPkg/SiPkg.dec

================================================================================ 
Commit: 303f1853fecc15b115af6834ccfbb317b4867650 
Author: ClientSysFWGit <clientsysfwgit@intel.com> 
Date: Wed Aug 5 11:11:05 2020 -0700 
-------------------------------------------------------------------------------- 
[TeamCity] ICL Auto-Commit DailyUpdate_FSP/RC version CI Increment FSP Revision Number and reset FSP Build Number to 1

Hsd-es-id: no sighting
Original commit date: Tue Jul 7 22:44:17 2020 -0700
Change-Id: I08c3d43e14f6983bb3e363fafcdffe8d73518045
Original commit hash: cae505992c7763d72ee6afd395dd1bec0b0510d1

-------------------------------------------------------------------------------- 
[Changed Files]
IceLakeFspPkg/IceLakeFspPkg.dec
IceLakeSiliconPkg/SiPkg.dec

================================================================================ 
Commit: 3b5a0d1e154240b86c76d66af3154b489a1eaa4d 
Author: ClientSysFWGit <clientsysfwgit@intel.com> 
Date: Wed Aug 5 11:10:58 2020 -0700 
-------------------------------------------------------------------------------- 
[TeamCity] ICL Auto-Commit BIOS ID update CI Increment BIOS Major Version and reset Minor Version to 0

Hsd-es-id: no sighting
Original commit date: Tue Jul 7 12:31:21 2020 -0700
Change-Id: Ieed48ecd3916c37b5983fe050fc479b35394f163
Original commit hash: 7ee9e97e0f6d3e8b63eeef6e1a0d96d2802d4988

-------------------------------------------------------------------------------- 
[Changed Files]
IceLakePlatSamplePkg/Tools/GenBiosId/BiosId.env

================================================================================ 
Commit: fdeb1d4a53beab978ab3284743144478b77f04fa 
Author: ClientSysFWGit <clientsysfwgit@intel.com> 
Date: Wed Aug 5 11:10:52 2020 -0700 
-------------------------------------------------------------------------------- 
[ICL-YN][19H1][PM]:PKGC getting limited to PC2 even after multiple reboots

Add new variable "PkgCStateLimitCopy" to keep user setting,
if IOM is ready, systeam can use variable "PkgCStateLimitCopy" to restore correct value.

Hsd-es-id: 16011326384
[internal-only]:

Original commit date: Wed Jul 1 16:40:12 2020 +0200
Change-Id: I40dd32cdd9754bfed66a074ce5978a982edcd49c
Original commit hash: 15306d69a8e702d83f062b74b28d009af30c6920

-------------------------------------------------------------------------------- 
[Changed Files]
IceLakePlatSamplePkg/Include/SetupVariable.h
IceLakePlatSamplePkg/Setup/CpuSetup.c
IceLakePlatSamplePkg/Setup/CpuSetup.hfr

================================================================================ 
Commit: e9a8d6c3a541f9d6d84ef63e92446cd4bb04daf6 
Author: ClientSysFWGit <clientsysfwgit@intel.com> 
Date: Wed Aug 5 11:10:45 2020 -0700 
-------------------------------------------------------------------------------- 
[TeamCity] ICL Auto-Commit WeeklyUpdate_FSP/RC version CI Increment FSP Revision Number and reset FSP Build Number to 1

Hsd-es-id: no sighting
Original commit date: Mon Jul 6 21:11:12 2020 -0700
Change-Id: I1ee80fce151f3326e1d7204ecf0784f32dafbabc
Original commit hash: 72fe729cc786518511262e2cffec3874d2155476

-------------------------------------------------------------------------------- 
[Changed Files]
IceLakeFspPkg/IceLakeFspPkg.dec
IceLakeSiliconPkg/SiPkg.dec

================================================================================ 
Commit: 16e9c92a1c7507dbc31e40a62202930011b4dba0 
Author: ClientSysFWGit <clientsysfwgit@intel.com> 
Date: Wed Aug 5 11:10:38 2020 -0700 
-------------------------------------------------------------------------------- 
[TeamCity] ICL Auto-Commit DailyUpdate_FSP/RC version CI Increment FSP Revision Number and reset FSP Build Number to 1

Hsd-es-id: no sighting
Original commit date: Mon Jul 6 20:11:41 2020 -0700
Change-Id: I5e58c4af0cd36c5eb9bde6bfcaa73e975a90cfc2
Original commit hash: 16e00f72a2a18f8459be1fd0f4a18c9153e99363

-------------------------------------------------------------------------------- 
[Changed Files]
IceLakeFspPkg/IceLakeFspPkg.dec
IceLakeSiliconPkg/SiPkg.dec

================================================================================ 
Commit: ae7def9959461c1d3c615b29c7a15b5a722d94cc 
Author: ClientSysFWGit <clientsysfwgit@intel.com> 
Date: Wed Aug 5 11:10:32 2020 -0700 
-------------------------------------------------------------------------------- 
[TeamCity] ICL Auto-Commit DailyUpdate_FSP/RC version CI Increment FSP Revision Number and reset FSP Build Number to 1

Hsd-es-id: no sighting
Original commit date: Sun Jul 5 20:30:38 2020 -0700
Change-Id: Ib4adfb626ac4f83e68c0f79285b340d593fe188e
Original commit hash: 4bdc207fcfd1c1e597cb5eb18922e0646ed50507

-------------------------------------------------------------------------------- 
[Changed Files]
IceLakeFspPkg/IceLakeFspPkg.dec
IceLakeSiliconPkg/SiPkg.dec

================================================================================ 
Commit: 31edf958d14a51c91d85c53adc972841e9a6fa75 
Author: ClientSysFWGit <clientsysfwgit@intel.com> 
Date: Wed Aug 5 11:10:25 2020 -0700 
-------------------------------------------------------------------------------- 
[TeamCity] ICL Auto-Commit DailyUpdate_FSP/RC version CI Increment FSP Revision Number and reset FSP Build Number to 1

Hsd-es-id: no sighting
Original commit date: Sat Jul 4 20:27:47 2020 -0700
Change-Id: Ibbe04108693ce8f42a54bf066fe36fdb04a8378b
Original commit hash: 697f29efb46ff63c0afea599e1ba29dba539eb4b

-------------------------------------------------------------------------------- 
[Changed Files]
IceLakeFspPkg/IceLakeFspPkg.dec
IceLakeSiliconPkg/SiPkg.dec

================================================================================ 
Commit: 64f4f1d80e1c98aa838f7911a7fa59dc58027b90 
Author: ClientSysFWGit <clientsysfwgit@intel.com> 
Date: Wed Aug 5 11:10:18 2020 -0700 
-------------------------------------------------------------------------------- 
[TeamCity] ICL Auto-Commit DailyUpdate_FSP/RC version CI Increment FSP Revision Number and reset FSP Build Number to 1

Hsd-es-id: no sighting
Original commit date: Fri Jul 3 20:48:07 2020 -0700
Change-Id: I7a3deea140fc7d0627131fadc3a648866566130a
Original commit hash: 97138c8bf6ff2acecf6aab6269e8d250ccc878a4

-------------------------------------------------------------------------------- 
[Changed Files]
IceLakeFspPkg/IceLakeFspPkg.dec
IceLakeSiliconPkg/SiPkg.dec

================================================================================ 
Commit: b46e758ffe2aa463cec17e4d58648d5e5dcca900 
Author: ClientSysFWGit <clientsysfwgit@intel.com> 
Date: Wed Aug 5 11:10:11 2020 -0700 
-------------------------------------------------------------------------------- 
[TeamCity] ICL Auto-Commit DailyUpdate_FSP/RC version CI Increment FSP Revision Number and reset FSP Build Number to 1

Hsd-es-id: no sighting
Original commit date: Thu Jul 2 20:57:35 2020 -0700
Change-Id: I253686ee514d55d0cac6c387138b5fb35aadf924
Original commit hash: 3595ce8d713a589908b5bd59e598768633ea7514

-------------------------------------------------------------------------------- 
[Changed Files]
IceLakeFspPkg/IceLakeFspPkg.dec
IceLakeSiliconPkg/SiPkg.dec

================================================================================ 
Commit: 150cbebc87fd6c3a1a7d949f9c020fb991d2190a 
Author: ClientSysFWGit <clientsysfwgit@intel.com> 
Date: Wed Aug 5 11:10:04 2020 -0700 
-------------------------------------------------------------------------------- 
[TeamCity] ICL Auto-Commit DailyUpdate_FSP/RC version CI Increment FSP Revision Number and reset FSP Build Number to 1

Hsd-es-id: no sighting
Original commit date: Wed Jul 1 21:30:59 2020 -0700
Change-Id: I5ba6c1b45d4d58ca10d6cea4ad33aed552bd7c07
Original commit hash: cacde14d3b2660a223604bfe0e9c39158eb5efa0

-------------------------------------------------------------------------------- 
[Changed Files]
IceLakeFspPkg/IceLakeFspPkg.dec
IceLakeSiliconPkg/SiPkg.dec

================================================================================ 
Commit: 57609ba03ef2919291a2a7e484e348b49a451799 
Author: ClientSysFWGit <clientsysfwgit@intel.com> 
Date: Wed Aug 5 11:09:58 2020 -0700 
-------------------------------------------------------------------------------- 
[TeamCity] ICL Auto-Commit DailyUpdate_FSP/RC version CI Increment FSP Revision Number and reset FSP Build Number to 1

Hsd-es-id: no sighting
Original commit date: Tue Jun 30 20:41:35 2020 -0700
Change-Id: Ie9f50509a3eba5089eb52ef45a5d318ab0f56e43
Original commit hash: 2c7e4aced8b620c2de8d654352c5dc9a6e28435a

-------------------------------------------------------------------------------- 
[Changed Files]
IceLakeFspPkg/IceLakeFspPkg.dec
IceLakeSiliconPkg/SiPkg.dec

================================================================================ 
Commit: b0494b2119cd29c7ed8020ebcb769c4282a6aa25 
Author: ClientSysFWGit <clientsysfwgit@intel.com> 
Date: Wed Aug 5 11:09:52 2020 -0700 
-------------------------------------------------------------------------------- 
[TeamCity] ICL Auto-Commit DailyUpdate_FSP/RC version CI Increment FSP Revision Number and reset FSP Build Number to 1

Hsd-es-id: no sighting
Original commit date: Mon Jun 29 22:15:29 2020 -0700
Change-Id: I3cf2452a19799dad625370ed3f0bf12a920ca465
Original commit hash: 69e7c97fcbd9777663f50b6beff0fbe079ad1e26

-------------------------------------------------------------------------------- 
[Changed Files]
IceLakeFspPkg/IceLakeFspPkg.dec
IceLakeSiliconPkg/SiPkg.dec

================================================================================ 
Commit: 3091a9cb5cf09866b01b01d22e9c40a2011807ea 
Author: ClientSysFWGit <clientsysfwgit@intel.com> 
Date: Wed Aug 5 11:09:46 2020 -0700 
-------------------------------------------------------------------------------- 
[TeamCity] ICL Auto-Commit WeeklyUpdate_FSP/RC version CI Increment FSP Revision Number and reset FSP Build Number to 1

Hsd-es-id: no sighting
Original commit date: Mon Jun 29 21:05:45 2020 -0700
Change-Id: If76c51602628d5318eeabf17972f6830dd69d9e0
Original commit hash: 7c67a3529d6020bc34867e5b6006d2d7878945dd

-------------------------------------------------------------------------------- 
[Changed Files]
IceLakeFspPkg/IceLakeFspPkg.dec
IceLakeSiliconPkg/SiPkg.dec

================================================================================ 
Commit: 906f18c65ccfc89232217a3d6cba3709fda674a5 
Author: ClientSysFWGit <clientsysfwgit@intel.com> 
Date: Wed Aug 5 11:09:38 2020 -0700 
-------------------------------------------------------------------------------- 
[TeamCity] ICL Auto-Commit DailyUpdate_FSP/RC version CI Increment FSP Revision Number and reset FSP Build Number to 1

Hsd-es-id: no sighting
Original commit date: Sun Jun 28 22:01:37 2020 -0700
Change-Id: Id6e4d9ab9a29e16fbeddba4108160a5f54fd562f
Original commit hash: 74f0aa9e3fe162ca301c221722189ff95618ee4a

-------------------------------------------------------------------------------- 
[Changed Files]
IceLakeFspPkg/IceLakeFspPkg.dec
IceLakeSiliconPkg/SiPkg.dec

================================================================================ 
Commit: 3348c500b1931708f9930b780cdd69c656de7e5e 
Author: ClientSysFWGit <clientsysfwgit@intel.com> 
Date: Wed Aug 5 11:09:29 2020 -0700 
-------------------------------------------------------------------------------- 
[TeamCity] ICL Auto-Commit DailyUpdate_FSP/RC version CI Increment FSP Revision Number and reset FSP Build Number to 1

Hsd-es-id: no sighting
Original commit date: Sat Jun 27 20:15:35 2020 -0700
Change-Id: I798f98a12fb1f4eb215ae75098883f51c8b8d374
Original commit hash: c78dd9bc32a744f9b76270714b8002f95b75fcac

-------------------------------------------------------------------------------- 
[Changed Files]
IceLakeFspPkg/IceLakeFspPkg.dec
IceLakeSiliconPkg/SiPkg.dec

================================================================================ 
Commit: 8edcc68b22bc7f91dd68bc9ba8e17b40e1176de4 
Author: ClientSysFWGit <clientsysfwgit@intel.com> 
Date: Wed Aug 5 11:09:21 2020 -0700 
-------------------------------------------------------------------------------- 
[TeamCity] ICL Auto-Commit DailyUpdate_FSP/RC version CI Increment FSP Revision Number and reset FSP Build Number to 1

Hsd-es-id: no sighting
Original commit date: Fri Jun 26 21:19:36 2020 -0700
Change-Id: I8edcc37e50d06591b7ac5d765914e5c39a3e7da6
Original commit hash: 5b3268cd30f41d6ee97689d5ec629c8a6656887f

-------------------------------------------------------------------------------- 
[Changed Files]
IceLakeFspPkg/IceLakeFspPkg.dec
IceLakeSiliconPkg/SiPkg.dec

================================================================================ 
Commit: 5a604e630ab498a7f1bc39e817ac2717a1762f89 
Author: ClientSysFWGit <clientsysfwgit@intel.com> 
Date: Wed Aug 5 11:09:14 2020 -0700 
-------------------------------------------------------------------------------- 
[TeamCity] ICL Auto-Commit DailyUpdate_FSP/RC version CI Increment FSP Revision Number and reset FSP Build Number to 1

Hsd-es-id: no sighting
Original commit date: Thu Jun 25 21:05:48 2020 -0700
Change-Id: Ic0415e02f0d59b8e342691e093955dc8fae150a0
Original commit hash: 89599d44f9c366c78c8f2c790628c8eba7a3f828

-------------------------------------------------------------------------------- 
[Changed Files]
IceLakeFspPkg/IceLakeFspPkg.dec
IceLakeSiliconPkg/SiPkg.dec

================================================================================ 
Commit: 24d1b19a7568a18e6ddedaf63b2b2323b8bd569c 
Author: ClientSysFWGit <clientsysfwgit@intel.com> 
Date: Wed Aug 5 11:09:06 2020 -0700 
-------------------------------------------------------------------------------- 
[TeamCity] ICL Auto-Commit DailyUpdate_FSP/RC version CI Increment FSP Revision Number and reset FSP Build Number to 1

Hsd-es-id: no sighting
Original commit date: Wed Jun 24 20:22:04 2020 -0700
Change-Id: I9601d3a4145942f3b6ed44b16aed79a4b07594e5
Original commit hash: c004660a4325406588506a13199e488570ad9fe5

-------------------------------------------------------------------------------- 
[Changed Files]
IceLakeFspPkg/IceLakeFspPkg.dec
IceLakeSiliconPkg/SiPkg.dec

================================================================================ 
Commit: 2969ebaec0e31e04c339c36061c8ce6fb566bd24 
Author: ClientSysFWGit <clientsysfwgit@intel.com> 
Date: Wed Aug 5 11:08:58 2020 -0700 
-------------------------------------------------------------------------------- 
[TeamCity] ICL Auto-Commit DailyUpdate_FSP/RC version CI Increment FSP Revision Number and reset FSP Build Number to 1

Hsd-es-id: no sighting
Original commit date: Tue Jun 23 21:49:23 2020 -0700
Change-Id: I287bea8281f4b5e6709a147b22db6defa1ecf492
Original commit hash: c7fae3cff5d7d7eeaa39761ca5d939f1bd114b88

-------------------------------------------------------------------------------- 
[Changed Files]
IceLakeFspPkg/IceLakeFspPkg.dec
IceLakeSiliconPkg/SiPkg.dec

================================================================================ 
Commit: 42a44d301a96ca0af212852e82e197721b265b39 
Author: ClientSysFWGit <clientsysfwgit@intel.com> 
Date: Wed Aug 5 11:08:50 2020 -0700 
-------------------------------------------------------------------------------- 
[TeamCity] ICL Auto-Commit WeeklyUpdate_FSP/RC version CI Increment FSP Revision Number and reset FSP Build Number to 1

Hsd-es-id: no sighting
Original commit date: Mon Jun 22 22:12:42 2020 -0700
Change-Id: I3b28033eb480e49896e6404408fe144d2c03349d
Original commit hash: 5d944aa28f612ba79b9c02bde5aefc14784b6d86

-------------------------------------------------------------------------------- 
[Changed Files]
IceLakeFspPkg/IceLakeFspPkg.dec
IceLakeSiliconPkg/SiPkg.dec

================================================================================ 
Commit: bf8a22a7704d2798fcede857f4247f2cf0dec5f7 
Author: ClientSysFWGit <clientsysfwgit@intel.com> 
Date: Wed Aug 5 11:08:41 2020 -0700 
-------------------------------------------------------------------------------- 
[TeamCity] ICL Auto-Commit DailyUpdate_FSP/RC version CI Increment FSP Revision Number and reset FSP Build Number to 1

Hsd-es-id: no sighting
Original commit date: Mon Jun 22 21:08:20 2020 -0700
Change-Id: I665b3b0f8412828db94058029be068e81e4f9470
Original commit hash: 4b25cf0792493589728daafd43374dc909da1ccd

-------------------------------------------------------------------------------- 
[Changed Files]
IceLakeFspPkg/IceLakeFspPkg.dec
IceLakeSiliconPkg/SiPkg.dec

================================================================================ 
Commit: 7c85eb6aed61d512845f9a3b94f65cda819ffa0c 
Author: ClientSysFWGit <clientsysfwgit@intel.com> 
Date: Wed Aug 5 11:08:36 2020 -0700 
-------------------------------------------------------------------------------- 
[TeamCity] ICL Auto-Commit DailyUpdate_FSP/RC version CI Increment FSP Revision Number and reset FSP Build Number to 1

Hsd-es-id: no sighting
Original commit date: Sun Jun 21 20:38:07 2020 -0700
Change-Id: I42a394bff14709ada29313ef1f339ab943158e33
Original commit hash: bf9ef25dee509c4d789a8e85030bcbc0b4efb602

-------------------------------------------------------------------------------- 
[Changed Files]
IceLakeFspPkg/IceLakeFspPkg.dec
IceLakeSiliconPkg/SiPkg.dec

================================================================================ 
Commit: 677952d5a5731f19841eec4ad0102d5e36c6d32b 
Author: ClientSysFWGit <clientsysfwgit@intel.com> 
Date: Wed Aug 5 11:08:31 2020 -0700 
-------------------------------------------------------------------------------- 
[TeamCity] ICL Auto-Commit DailyUpdate_FSP/RC version CI Increment FSP Revision Number and reset FSP Build Number to 1

Hsd-es-id: no sighting
Original commit date: Sat Jun 20 21:22:57 2020 -0700
Change-Id: I0c5099d8ab91543ae10a16ae5e485ae2958e1063
Original commit hash: 9159cef84dac11374028c015b66d4285b6fab4e0

-------------------------------------------------------------------------------- 
[Changed Files]
IceLakeFspPkg/IceLakeFspPkg.dec
IceLakeSiliconPkg/SiPkg.dec

================================================================================ 
Commit: 365f93bef05e23804be3e93f308b72c91e087033 
Author: ClientSysFWGit <clientsysfwgit@intel.com> 
Date: Wed Aug 5 11:08:25 2020 -0700 
-------------------------------------------------------------------------------- 
[TeamCity] ICL Auto-Commit DailyUpdate_FSP/RC version CI Increment FSP Revision Number and reset FSP Build Number to 1

Hsd-es-id: no sighting
Original commit date: Fri Jun 19 20:47:00 2020 -0700
Change-Id: I9c242d61537cec081a44a55c56b125f71bd1990e
Original commit hash: 66c10f18ba09a9638abb38f1d6ac3eb7201b8fb6

-------------------------------------------------------------------------------- 
[Changed Files]
IceLakeFspPkg/IceLakeFspPkg.dec
IceLakeSiliconPkg/SiPkg.dec

================================================================================ 
Commit: 07dbc111b986fbe5003fe7224893d2966c954c74 
Author: ClientSysFWGit <clientsysfwgit@intel.com> 
Date: Wed Aug 5 11:08:18 2020 -0700 
-------------------------------------------------------------------------------- 
[TeamCity] ICL Auto-Commit DailyUpdate_FSP/RC version CI Increment FSP Revision Number and reset FSP Build Number to 1

Hsd-es-id: no sighting
Original commit date: Thu Jun 18 20:56:57 2020 -0700
Change-Id: I013c85c450434fd93658a205b917b9879fcff27c
Original commit hash: a7cb18267b60ecbeafac28e0508a7b9213d52d52

-------------------------------------------------------------------------------- 
[Changed Files]
IceLakeFspPkg/IceLakeFspPkg.dec
IceLakeSiliconPkg/SiPkg.dec
