================================================================================ 
Commit: 52297b62f26b30a36d74f227e7bc94a251a0333c 
Author: ClientSysFWGit <clientsysfwgit@intel.com> 
Date: Tue May 14 20:53:32 2019 +0530 
-------------------------------------------------------------------------------- 
[CML-U][S4] CML platform performs unexpected reboot during S4 flow after BIOS flash

Merge changes 8f98765c757e9196ddef639140be6d77b84e0e8c & 6ae4809f47ff229f55d7ad323f71e29d89ca79f8 from CNL

Ref ID: 1306398803

Original commit date: Tue Apr 23 18:53:57 2019 +0800
Change-Id: Idb8b8cf5c100b5af32eafe7be38e0d139f35a07d
Original commit hash: 9cb381bb06c01576e3d4b6d7f313160b06e72053

-------------------------------------------------------------------------------- 
[Changed Files]
CometLakePlatSamplePkg/PlatformPkg.dsc

================================================================================ 
Commit: 100e79226cfd7da715749672b6c3b4cc8ecbbafa 
Author: ClientSysFWGit <clientsysfwgit@intel.com> 
Date: Tue May 14 20:52:52 2019 +0530 
-------------------------------------------------------------------------------- 
[TeamCity] CML Auto-Commit BIOS ID update CI Increment BIOS Major Version () and reset Minor Version to 0

Thu Apr 25 01:18:16 2019 -0700
Original commit date: Thu Apr 25 01:18:16 2019 -0700
Original commit hash: 57d3bdb32f9cec51c3c86f5f1411550737a11a3a

-------------------------------------------------------------------------------- 
[Changed Files]
CometLakePlatSamplePkg/Tools/GenBiosId/BiosId.env

================================================================================ 
Commit: d25de7bbfdeb29bfb2280abb31fb37f5c77c25f2 
Author: ClientSysFWGit <clientsysfwgit@intel.com> 
Date: Tue May 14 20:52:36 2019 +0530 
-------------------------------------------------------------------------------- 
[CML] Sync RPPO-CNL-0089 to new Edk code

 Sync RPPO-CNL-0089 to new Edk code

Ref ID: 1507175057
Original commit date: Tue Apr 23 15:39:31 2019 +0800
Change-Id: I5ec2937bb7d2a9a73a437151345d774940a54319
Original commit hash: f02f78996c30a59be31cab2a083899fc7df73a01

-------------------------------------------------------------------------------- 
[Changed Files]
CometLakePlatSamplePkg/Override/MdeModulePkg/Universal/Console/ConPlatformDxe/ConPlatform.c
CometLakePlatSamplePkg/Override/MdeModulePkg/Universal/Console/ConPlatformDxe/ConPlatform.h
CometLakePlatSamplePkg/Override/MdeModulePkg/Universal/Console/ConPlatformDxe/ConPlatformDxe.inf

================================================================================ 
Commit: b7c5a5a819b3ed9f41c7ed8ec0d836c15d98b202 
Author: ClientSysFWGit <clientsysfwgit@intel.com> 
Date: Tue May 14 20:52:28 2019 +0530 
-------------------------------------------------------------------------------- 
[CML] Sync RPPO-CNL-0080 to new Edk code

 Sync RPPO-CNL-0080 to new Edk code

Ref ID: 1507173804
Original commit date: Mon Apr 22 19:35:33 2019 +0800
Change-Id: I1fcdd472c7cbc8fbc87e24ec3a2d5d53a0a40fe6
Original commit hash: 26d1ccbfee38cb4f341e4619a04ac6557b340398

-------------------------------------------------------------------------------- 
[Changed Files]
CometLakePlatSamplePkg/Override/MdeModulePkg/Library/DxeCapsuleLibFmp/DxeCapsuleLib.c
CometLakePlatSamplePkg/Override/MdeModulePkg/Library/DxeCapsuleLibFmp/DxeCapsuleLib.inf
CometLakePlatSamplePkg/Override/MdeModulePkg/Library/DxeCapsuleLibFmp/DxeCapsuleProcessLib.c

================================================================================ 
Commit: 7c280aa79fb811919954a9626b71db930b9dd159 
Author: ClientSysFWGit <clientsysfwgit@intel.com> 
Date: Tue May 14 20:52:20 2019 +0530 
-------------------------------------------------------------------------------- 
[CML] Retire RPPO-CNL-0103

RPPO-CNL-0103 is no longer needed on CML as it is using BP1510+ with new resource assignment code in platform side

Ref ID: 1507170751
Original commit date: Fri Apr 19 18:44:28 2019 +0800
Change-Id: Ice868bb21771f3c33cc12e072a42015b27a8195f
Original commit hash: 56137825ccee124de5cb80ec29896de176feb946

-------------------------------------------------------------------------------- 
[Changed Files]
CometLakePlatSamplePkg/Override/DoxygenRpOverride.h
CometLakePlatSamplePkg/Override/MdeModulePkg/Bus/Pci/PciBusDxe/ComponentName.c
CometLakePlatSamplePkg/Override/MdeModulePkg/Bus/Pci/PciBusDxe/ComponentName.h
CometLakePlatSamplePkg/Override/MdeModulePkg/Bus/Pci/PciBusDxe/PciBus.c
CometLakePlatSamplePkg/Override/MdeModulePkg/Bus/Pci/PciBusDxe/PciBus.h
CometLakePlatSamplePkg/Override/MdeModulePkg/Bus/Pci/PciBusDxe/PciBusDxe.inf
CometLakePlatSamplePkg/Override/MdeModulePkg/Bus/Pci/PciBusDxe/PciBusDxe.uni
CometLakePlatSamplePkg/Override/MdeModulePkg/Bus/Pci/PciBusDxe/PciBusDxeExtra.uni
CometLakePlatSamplePkg/Override/MdeModulePkg/Bus/Pci/PciBusDxe/PciCommand.c
CometLakePlatSamplePkg/Override/MdeModulePkg/Bus/Pci/PciBusDxe/PciCommand.h
CometLakePlatSamplePkg/Override/MdeModulePkg/Bus/Pci/PciBusDxe/PciDeviceSupport.c
CometLakePlatSamplePkg/Override/MdeModulePkg/Bus/Pci/PciBusDxe/PciDeviceSupport.h
CometLakePlatSamplePkg/Override/MdeModulePkg/Bus/Pci/PciBusDxe/PciDriverOverride.c
CometLakePlatSamplePkg/Override/MdeModulePkg/Bus/Pci/PciBusDxe/PciDriverOverride.h
CometLakePlatSamplePkg/Override/MdeModulePkg/Bus/Pci/PciBusDxe/PciEnumerator.c
CometLakePlatSamplePkg/Override/MdeModulePkg/Bus/Pci/PciBusDxe/PciEnumerator.h
CometLakePlatSamplePkg/Override/MdeModulePkg/Bus/Pci/PciBusDxe/PciEnumeratorSupport.c
CometLakePlatSamplePkg/Override/MdeModulePkg/Bus/Pci/PciBusDxe/PciEnumeratorSupport.h
CometLakePlatSamplePkg/Override/MdeModulePkg/Bus/Pci/PciBusDxe/PciHotPlugSupport.c
CometLakePlatSamplePkg/Override/MdeModulePkg/Bus/Pci/PciBusDxe/PciHotPlugSupport.h
CometLakePlatSamplePkg/Override/MdeModulePkg/Bus/Pci/PciBusDxe/PciIo.c
CometLakePlatSamplePkg/Override/MdeModulePkg/Bus/Pci/PciBusDxe/PciIo.h
CometLakePlatSamplePkg/Override/MdeModulePkg/Bus/Pci/PciBusDxe/PciLib.c
CometLakePlatSamplePkg/Override/MdeModulePkg/Bus/Pci/PciBusDxe/PciLib.h
CometLakePlatSamplePkg/Override/MdeModulePkg/Bus/Pci/PciBusDxe/PciOptionRomSupport.c
CometLakePlatSamplePkg/Override/MdeModulePkg/Bus/Pci/PciBusDxe/PciOptionRomSupport.h
CometLakePlatSamplePkg/Override/MdeModulePkg/Bus/Pci/PciBusDxe/PciPowerManagement.c
CometLakePlatSamplePkg/Override/MdeModulePkg/Bus/Pci/PciBusDxe/PciPowerManagement.h
CometLakePlatSamplePkg/Override/MdeModulePkg/Bus/Pci/PciBusDxe/PciResourceSupport.c
CometLakePlatSamplePkg/Override/MdeModulePkg/Bus/Pci/PciBusDxe/PciResourceSupport.h
CometLakePlatSamplePkg/Override/MdeModulePkg/Bus/Pci/PciBusDxe/PciRomTable.c
CometLakePlatSamplePkg/Override/MdeModulePkg/Bus/Pci/PciBusDxe/PciRomTable.h
CometLakePlatSamplePkg/PlatformPkg.dsc
CometLakePlatSamplePkg/PlatformPkg.fdf

================================================================================ 
Commit: b744108c5d75a7e80f74d35e4862693fc97a7147 
Author: ClientSysFWGit <clientsysfwgit@intel.com> 
Date: Tue May 14 20:51:47 2019 +0530 
-------------------------------------------------------------------------------- 
[PCH] xHCI programming doesn't enable USB3 Port Clock Gating feature

This change enables USB3 Port Clock Gating feature by clearing BIT16 in AUX_CTRL_REG1

Ref ID: 1506990826
Original commit date: Fri Apr 19 12:27:01 2019 +0200
Change-Id: I4d012712cdc8799339c87d087ddea7d85ff91260
Original commit hash: 8514a991f8997b1375a6c84b42c4932034d891d9

-------------------------------------------------------------------------------- 
[Changed Files]
CometLakeSiliconPkg/Library/Private/PeiUsbInitLib/XhciInit.c

================================================================================ 
Commit: 6d0a7127c63c9562a05681d89c23a1ed785b63fe 
Author: ClientSysFWGit <clientsysfwgit@intel.com> 
Date: Tue May 14 20:51:38 2019 +0530 
-------------------------------------------------------------------------------- 
[TeamCity] CML Auto-Commit BIOS ID update CI Increment BIOS Major Version () and reset Minor Version to 0

Wed Apr 24 23:23:36 2019 -0700
Original commit date: Wed Apr 24 23:23:36 2019 -0700
Original commit hash: 76cd79cd56ec63798fb96038ee9f16871030b735

-------------------------------------------------------------------------------- 
[Changed Files]
CometLakePlatSamplePkg/Tools/GenBiosId/BiosId.env

================================================================================ 
Commit: 413c8fd101bb32f9bfa2bb36da05900e302f4f1e 
Author: ClientSysFWGit <clientsysfwgit@intel.com> 
Date: Tue May 14 20:51:30 2019 +0530 
-------------------------------------------------------------------------------- 
CML RC build failed by VisualStudio

UsbInitLib uses PeiService but included in a Dxe driver, causes build error.
Remove UsbInitLib from Dxe driver inf file, for API within the library is not called; Change UsbInitLib to be PEI Library instead of BASE.

Ref ID: 1507175284
Original commit date: Thu Apr 25 11:48:26 2019 +0800
Change-Id: Ib239cb6f2c25e3e4d3d9c30a34b09c3e726dc519
Original commit hash: ba7127fdef44a7c8ebfa4d750f4744fb3fd80701

-------------------------------------------------------------------------------- 
[Changed Files]
CometLakeFspPkg/CometLakeFspPkg.dsc
CometLakeSiliconPkg/CmlvPch/Library/Private/PeiPchInitLib/PeiPchInitLib.inf
CometLakeSiliconPkg/CmlvPch/Library/Private/PeiPchInitLib/PeiPchInitLibFsp.inf
CometLakeSiliconPkg/Library/Private/PeiUsbInitLib/PeiUsbInitLib.inf
CometLakeSiliconPkg/Library/Private/PeiUsbInitLib/PeiUsbInitLibCmlv.inf
CometLakeSiliconPkg/Pch/Library/Private/PeiPchInitLib/PeiPchInitLib.inf
CometLakeSiliconPkg/Pch/Library/Private/PeiPchInitLib/PeiPchInitLibFsp.inf
CometLakeSiliconPkg/Pch/PchInit/Dxe/PchInitDxeCnl.inf
CometLakeSiliconPkg/Pch/PchInit/Dxe/PchInitDxeFspCnl.inf
CometLakeSiliconPkg/SiPkgCommonLib.dsc
CometLakeSiliconPkg/SiPkgPeiLib.dsc

================================================================================ 
Commit: ae94fbed8d218877e0ea3ebee99c98cdf8d02e95 
Author: ClientSysFWGit <clientsysfwgit@intel.com> 
Date: Tue May 14 20:51:21 2019 +0530 
-------------------------------------------------------------------------------- 
CometLakePlatSamplePkg/Tools: OpenSSL tool flagged in Black Duck Analysis tool

Update OpenSsl.exe to 1.1.0j

Ref ID: 1408980798

Original commit date: Wed Apr 3 02:26:32 2019 +0800
Change-Id: I41ae889fd81362805cced9540395e52d643f2999
Original commit hash: c63ab9a9ed5e8b112d190dbdca693825630e850d

-------------------------------------------------------------------------------- 
[Changed Files]
CometLakePlatSamplePkg/Tools/OpenSSL/libcrypto-1_1.dll
CometLakePlatSamplePkg/Tools/OpenSSL/libssl-1_1.dll
CometLakePlatSamplePkg/Tools/OpenSSL/license.txt
CometLakePlatSamplePkg/Tools/OpenSSL/openssl.exe

================================================================================ 
Commit: 808cb5f746160e7954c153d4377d408aab1ad71b 
Author: ClientSysFWGit <clientsysfwgit@intel.com> 
Date: Tue May 14 20:51:12 2019 +0530 
-------------------------------------------------------------------------------- 
[PCH] Add power resource dependencies for RAID class storage

Since we don't describe dependency on the power resource in
PCIe enpoint device. OS turns off the power to the device when
root port enters D3Hot without taking into consideration if device
driver supports D3Cold. This is causing problems on Teton Glacier drives
with RAID class codes which are getting unexpected D3Cold transition even
though RST driver didn't indicate D3Cold support.

Ref ID: 2207415929
Original commit date: Mon Apr 22 16:17:07 2019 -0700
Change-Id: Ia77cad21fe982577249c2a9229ff42108da506b2
Original commit hash: 581bd60794c4eab5418c269e0c0ff5a83be878c0

-------------------------------------------------------------------------------- 
[Changed Files]
CometLakePlatSamplePkg/Acpi/AcpiTables/SsdtRtd3/Rtd3PcieSsdStorage.asl
CometLakePlatSamplePkg/Features/Pep/AcpiTables/PepPcieSsd.asl

================================================================================ 
Commit: abfb3e02e9236256e1bb74632db689d40d5e73c5 
Author: ClientSysFWGit <clientsysfwgit@intel.com> 
Date: Tue May 14 20:51:04 2019 +0530 
-------------------------------------------------------------------------------- 
[CML] BIOS Image file name changed for CML LP4 build

The BIOS PREFIX of the build image with the tag lp4 will be CML2 and the default build image BIOS PREFIX will be CML1.

Ref ID: 1607074376
Original commit date: Fri Apr 19 17:52:51 2019 +0800
Change-Id: I06b32b39f8b0be5a793a676c8bfdcd5356f4ac77
Original commit hash: fec4282d6e1da1a3e57f7f743f6edc080fb51a6c

-------------------------------------------------------------------------------- 
[Changed Files]
CometLakePlatSamplePkg/BuildIafw.sh

================================================================================ 
Commit: 51bfe1043652f6e6e6a17866625db5372907514c 
Author: ClientSysFWGit <clientsysfwgit@intel.com> 
Date: Tue May 14 20:50:55 2019 +0530 
-------------------------------------------------------------------------------- 
TrustedDeviceSetupRestricted: Skip Opal Password Console When TDS is Enabled

Once Trusted Device Setup is enabled, skip the Opal Password
console prompt since the system disk is locked during manafacturing
and end-users has no idea of what the password is to unlock the
system disk.

Ref ID: 1606828898
Original commit date: Wed Apr 3 00:20:36 2019 +0800
Change-Id: I3cefd05049a9e66ba47405f699806688ba46edc0
Original commit hash: 5c107fdc55fcd81aa29fc257f6b02e8ce08ddc72

-------------------------------------------------------------------------------- 
[Changed Files]
CometLakePlatSamplePkg/Library/DxePlatformBootManagerLib/BdsPlatform.c
CometLakePlatSamplePkg/Library/DxePlatformBootManagerLib/DxePlatformBootManagerHiiFreeLib.inf
CometLakePlatSamplePkg/Library/DxePlatformBootManagerLib/DxePlatformBootManagerHiiFreeLibCsm.inf
CometLakePlatSamplePkg/Library/DxePlatformBootManagerLib/DxePlatformBootManagerLib.inf
CometLakePlatSamplePkg/Library/DxePlatformBootManagerLib/DxePlatformBootManagerLibCsm.inf
CometLakePlatSamplePkg/PlatformPkg.dsc

================================================================================ 
Commit: 2316a2938aa8eb7c9a91e39da25e0df56a66484a 
Author: ClientSysFWGit <clientsysfwgit@intel.com> 
Date: Tue May 14 20:50:30 2019 +0530 
-------------------------------------------------------------------------------- 
CometLake: Use the copied CSM modules in ClientCommonPkg/Csm

For CometLake, this commit will:

A) Update the platforms DSC/FDF files to consume the newly copied CSM
   modules in ClientCommonPkg;
B) Move the 8259 PIC driver/PCDs under sections when PcdSiCsmEnable is
   TRUE;
C) Update the platforms DSC/FDF files to always use the HPET timer;
D) Update the platforms DSC/FDF files to drop the consume of the
   8254TimerDxe driver and remove the flag 'PcdUseHpetTimer';
E) Remove the definition of 'PcdUseHpetTimer' in DEC/DEC.TEMPLATE files.

Ref ID: none
Original commit date: Fri Apr 12 13:23:18 2019 +0800
Change-Id: I1be84dc9d56c8044759251904f2b09900500bcad
Original commit hash: bd18fad3873f3422ba0721ac23b0fb730c01651a

-------------------------------------------------------------------------------- 
[Changed Files]
CometLakeFspPkg/CometLakeFspPkgConfigOverride.dsc
CometLakePlatSamplePkg/PlatformPkg.dsc
CometLakePlatSamplePkg/PlatformPkg.fdf
CometLakePlatSamplePkg/PlatformPkgConfig.dsc
CometLakeSiliconPkg/CometLakeSiliconPkg.dsc

================================================================================ 
Commit: 2d0b584d5cb77031a110d2fae5c185b92c236f5d 
Author: ClientSysFWGit <clientsysfwgit@intel.com> 
Date: Tue May 14 20:49:48 2019 +0530 
-------------------------------------------------------------------------------- 
[TeamCity] CML Auto-Commit FSP CI [TeamCity] Auto-Commit FSP

Wed Apr 24 20:26:46 2019 -0700
Original commit date: Wed Apr 24 20:26:46 2019 -0700
Original commit hash: 81f8a83f0eff1e026402c5fcb8f92d85c4118e54

-------------------------------------------------------------------------------- 
[Changed Files]
CometLakeFspBinPkg/Fsp.bsf
CometLakeFspBinPkg/Include/FspsUpd.h
CometLakeFspPkg/Include/FspsUpd.h

================================================================================ 
Commit: 0021f6d69bd741b1d94634c294c4b52060109273 
Author: ClientSysFWGit <clientsysfwgit@intel.com> 
Date: Tue May 14 20:49:39 2019 +0530 
-------------------------------------------------------------------------------- 
[CML] Retire RPPO-CNL-0091

Retire RPPO-CNL-0091 because BP1610+ have provided the solution.

Ref ID: 1507172612
Original commit date: Mon Apr 22 12:06:01 2019 +0800
Change-Id: I083526fdf7c70ae495ccd63c956938d37e7f23fe
Original commit hash: 97b076cd86db149d5aee836f20615e9f02284dc7

-------------------------------------------------------------------------------- 
[Changed Files]
CometLakePlatSamplePkg/Override/DoxygenRpOverride.h
CometLakePlatSamplePkg/Override/MdeModulePkg/Bus/Pci/PciHostBridgeDxe/PciHostBridge.c
CometLakePlatSamplePkg/Override/MdeModulePkg/Bus/Pci/PciHostBridgeDxe/PciHostBridge.h
CometLakePlatSamplePkg/Override/MdeModulePkg/Bus/Pci/PciHostBridgeDxe/PciHostBridgeDxe.inf
CometLakePlatSamplePkg/Override/MdeModulePkg/Bus/Pci/PciHostBridgeDxe/PciHostResource.h
CometLakePlatSamplePkg/Override/MdeModulePkg/Bus/Pci/PciHostBridgeDxe/PciRootBridge.h
CometLakePlatSamplePkg/Override/MdeModulePkg/Bus/Pci/PciHostBridgeDxe/PciRootBridgeIo.c
CometLakePlatSamplePkg/PlatformPkg.dsc
CometLakePlatSamplePkg/PlatformPkg.fdf

================================================================================ 
Commit: 976163750c3084d3efbf77ca279d14c52b73749f 
Author: ClientSysFWGit <clientsysfwgit@intel.com> 
Date: Tue May 14 20:49:30 2019 +0530 
-------------------------------------------------------------------------------- 
[CML] Retired missing track override tag

Remove missing item.

Ref ID: 1507170364
Original commit date: Fri Apr 19 15:55:31 2019 +0800
Change-Id: If6e50d82e53d52aca782cce3c7e754d8f7647bee
Original commit hash: 66ab116379a9cbd5d3fb7a277a3dc6f1d15aebf8

-------------------------------------------------------------------------------- 
[Changed Files]
CometLakePlatSamplePkg/Override/DoxygenRpOverride.h

================================================================================ 
Commit: 681cc9ac83a216f20070979ccee4eb83de8c7a61 
Author: ClientSysFWGit <clientsysfwgit@intel.com> 
Date: Tue May 14 20:49:14 2019 +0530 
-------------------------------------------------------------------------------- 
TCSS hob should be created by Tcss IpBlock instead of SystemAgent

The IP's hob should be created by IP's implantation, which is belong to IpBlock, so need to move the Tcss Hob creation from SystemAgent to Tcss IpBlock

Ref ID: 1507137062
Original commit date: Tue Apr 23 09:34:38 2019 +0530
Change-Id: Ie7354eae00e07b559883e46459a36fd206ef3132
Original commit hash: 3a2b8b403dd8a20b72dad4030875f7695beb8791

-------------------------------------------------------------------------------- 
[Changed Files]
CometLakePlatSamplePkg/PlatformInit/PlatformInitPei/PlatformInitFsp.inf

================================================================================ 
Commit: 47c593d7219b14d1cc7080b119d3148fc1de26c3 
Author: ClientSysFWGit <clientsysfwgit@intel.com> 
Date: Tue May 14 20:47:10 2019 +0530 
-------------------------------------------------------------------------------- 
[CML] BIOS CPU PM: Power Management debug log prints are missing information

Added better VR Debug messages.

Ref ID: 1409230709
Original commit date: Thu Apr 11 10:14:51 2019 -0700
Change-Id: Id5c02b691f5ebe8ba78adb05de22760afb3cd409
Original commit hash: be1417430b8ebef64bb12e8b57388c0c1a1d609d

-------------------------------------------------------------------------------- 
[Changed Files]
CometLakeSiliconPkg/Cpu/Include/CpuPowerMgmt.h
CometLakeSiliconPkg/Cpu/Library/PeiDxeSmmCpuPlatformLib/CpuPlatformLibrary.c
CometLakeSiliconPkg/Cpu/Library/Private/PeiCpuInitLib/CpuInitPreResetCpl.c

================================================================================ 
Commit: faf546cc0f3640682af84918a8b4d20a9b0fea96 
Author: ClientSysFWGit <clientsysfwgit@intel.com> 
Date: Tue May 14 20:46:30 2019 +0530 
-------------------------------------------------------------------------------- 
[TeamCity]  Daily Update_FSP/RC

Wed Apr 24 11:37:26 2019 -0700
Original commit date: Wed Apr 24 11:37:26 2019 -0700
Original commit hash: fc3cfc48787f07a9f92629e2c9eda55ddb59906d

-------------------------------------------------------------------------------- 
[Changed Files]
CometLakeFspPkg/CometLakeFspPkg.dec

================================================================================ 
Commit: d14e7fdc4be02a7865c05b94d7c27e05cc8681ce 
Author: ClientSysFWGit <clientsysfwgit@intel.com> 
Date: Tue May 14 20:45:41 2019 +0530 
-------------------------------------------------------------------------------- 
[CML] External EDK II GCC build issue fix

Blocking Daily builds and review builds

Ref ID: NA

Original commit date: Tue Apr 23 21:59:52 2019 +0530
Change-Id: I7f24914ec572a419312f295ceca0c92e68d8e2a2
Original commit hash: 88aa7a351cbb043e46ebaab0be4b367b8730a5f6

-------------------------------------------------------------------------------- 
[Changed Files]
CometLakePlatSamplePkg/Board/Library/PeiBoardConfigLib/PeiBoardConfigLib.c

================================================================================ 
Commit: 61b64ec920a40694ed1ce81b0d55dc800a81882b 
Author: ClientSysFWGit <clientsysfwgit@intel.com> 
Date: Tue May 14 20:45:09 2019 +0530 
-------------------------------------------------------------------------------- 
[TeamCity] CML Auto-Commit NVS CI [TeamCity] Auto-Commit NVS

Tue Apr 23 23:52:20 2019 -0700
Original commit date: Tue Apr 23 23:52:20 2019 -0700
Original commit hash: 94757efe19f85666d1f962975d9e7186df756295

-------------------------------------------------------------------------------- 
[Changed Files]
CometLakeSiliconPkg/Cpu/AcpiTables/CpuSsdt/CpuNvs.asl
CometLakeSiliconPkg/Cpu/Include/CpuNvsAreaDef.h

================================================================================ 
Commit: 0d603e0ebc424b04cb53820be209c0be265eb835 
Author: ClientSysFWGit <clientsysfwgit@intel.com> 
Date: Tue May 14 20:41:37 2019 +0530 
-------------------------------------------------------------------------------- 
[TeamCity]  Daily Update_FSP/RC

Tue Apr 23 11:45:28 2019 -0700
Original commit date: Tue Apr 23 11:45:28 2019 -0700
Original commit hash: 28eac56fd46c9ccabe11ebcb11ec727d2c232409

-------------------------------------------------------------------------------- 
[Changed Files]
CometLakeFspPkg/CometLakeFspPkg.dec

================================================================================ 
Commit: 873a0c63a69441bf32675d446f6ea3667ac143e6 
Author: ClientSysFWGit <clientsysfwgit@intel.com> 
Date: Tue May 14 20:41:19 2019 +0530 
-------------------------------------------------------------------------------- 
[CML] Integrate latest GOP V1089 and VBIOS 1021

Ref ID: NA
Original commit date: Tue Apr 23 16:49:33 2019 +0530
Change-Id: I0137b9c48adcc2d823c49af7ac3ce9691627cce0
Original commit hash: 47a4f93a892de91ad1122846e69bb79dd44b971b

-------------------------------------------------------------------------------- 
[Changed Files]
CometLakeSiliconPkg/SystemAgent/IntelGraphicsPeim/Binaries/IntelGraphicsPeimCfl.efi
CometLakeSiliconPkg/SystemAgent/IntelGraphicsPeim/Binaries/IntelGraphicsPeimCflDebug.efi

================================================================================ 
Commit: e7d1ceef941b2c28b2a87db2e5c877bb44a4f20f 
Author: ClientSysFWGit <clientsysfwgit@intel.com> 
Date: Tue May 14 20:41:11 2019 +0530 
-------------------------------------------------------------------------------- 
[CFL/CNL]Sync RC libraries usage

Ref ID: 1506936608
Original commit date: Tue Nov 27 14:49:12 2018 +0800
Change-Id: I8d3f92d3312ba690d959214e3632b704c628958c
Original commit hash: c6610d010179c117283bdc79c6195f97e9688ec3

-------------------------------------------------------------------------------- 
[Changed Files]
CometLakeFspPkg/FspInit/Pei/FspInit.c
CometLakeFspPkg/FspInit/Pei/FspInitPreMem.c
CometLakeFspPkg/FspPcdInit/Pei/FspPcdInit.c
CometLakePlatSamplePkg/Board/Library/PeiBoardConfigLib/PeiBoardConfigLib.c
CometLakePlatSamplePkg/Features/Amt/AmtStatusCodePei/AmtStatusCodePei.c
CometLakeSiliconPkg/Cpu/Include/Private/Library/TxtPeiLib.h
CometLakeSiliconPkg/Cpu/Library/Private/PeiCpuInitLib/CpuInitPeim.h
CometLakeSiliconPkg/Pch/Library/PeiPchPolicyLib/PchPreMemPrintPolicy.c
CometLakeSiliconPkg/Pch/Library/PeiPchPolicyLib/PchPrintPolicy.c
CometLakeSiliconPkg/Pch/Library/Private/BasePchTraceHubLibNull/BasePchTraceHubLibNull.c
CometLakeSiliconPkg/SystemAgent/Library/Private/PeiDisplayInitLib/PeiDisplayInitLib.c

================================================================================ 
Commit: 80b5946955e8486f62938deb0031b286958123c5 
Author: ClientSysFWGit <clientsysfwgit@intel.com> 
Date: Tue May 14 20:40:54 2019 +0530 
-------------------------------------------------------------------------------- 
[PCH] BIOS change required in HWEQ settings to improve CML-LP EV margins

Created a new policy to control the number of coefficients to be used for PCIe root port link equalization and changed the default number of coefficients to 3.

Ref ID: 1607176992

Original commit date: Tue Apr 16 10:52:53 2019 -0700
Change-Id: I1eaa196c07281d8464317b5d7236c74d6ff369d0
Original commit hash: d7f08280f23c5041710ad1871a54767ebfdfd7c0

-------------------------------------------------------------------------------- 
[Changed Files]
CometLakeFspPkg/Library/PeiPolicyUpdateLib/PeiPchPolicyUpdate.c
CometLakeFspPkg/Upd/FspsUpd.dsc
CometLakePlatSamplePkg/Include/SetupVariablePch.h
CometLakePlatSamplePkg/Library/PeiPolicyUpdateLib/PeiPchPolicyUpdate.c
CometLakePlatSamplePkg/Setup/PchSetup.hfr
CometLakePlatSamplePkg/Setup/PchSetup.uni
CometLakeSiliconPkg/Pch/Include/ConfigBlock/PcieRpConfig.h
CometLakeSiliconPkg/Pch/Library/PeiPchPolicyLib/PchPrintPolicy.c
CometLakeSiliconPkg/Pch/Library/PeiPchPolicyLib/PeiPchPolicyLib.c
CometLakeSiliconPkg/Pch/Library/Private/PeiPchInitLib/PchRootPorts.c

================================================================================ 
Commit: a387eb4f2d9d976fca66022e0881d6cd6a39dbb1 
Author: ClientSysFWGit <clientsysfwgit@intel.com> 
Date: Tue May 14 20:40:28 2019 +0530 
-------------------------------------------------------------------------------- 
Title: CML MerlinX enablement

Resolution: Updated CML MerlinXPlatformDriver
            Build MerlinX as part of CML BIOS
            Fixed FV Size issue with MerlinX 7.2

Ref ID: 1306252684
Original commit date: Tue Apr 2 15:05:27 2019 +0300
Change-Id: I71fadd53fbc3dae38c04fd84018c6177c0c5ab41
Original commit hash: 3c962e8f70762dc57b58e936be4a7756e1b20bdf

-------------------------------------------------------------------------------- 
[Changed Files]
CometLakeFspPkg/CometLakeFspPkg.dsc
CometLakeFspPkg/CometLakeFspPkgConfig.dsc
CometLakePlatSamplePkg/FlashMap/SIZE_110_FSP_WRAPPER.fdf
CometLakePlatSamplePkg/PlatformPkg.dsc
CometLakePlatSamplePkg/PreBuild.sh
CometLakeSiliconPkg/CometLakeSiliconPkg.dsc

================================================================================ 
Commit: d52d3fcb5f26524912b3d69a3e082f9f988a5a34 
Author: ClientSysFWGit <clientsysfwgit@intel.com> 
Date: Tue May 14 20:40:17 2019 +0530 
-------------------------------------------------------------------------------- 
[TeamCity] CML Auto-Commit FSP CI [TeamCity] Auto-Commit FSP

Tue Apr 23 04:31:18 2019 -0700
Original commit date: Tue Apr 23 04:31:18 2019 -0700
Original commit hash: e9dc32a265573685b77d7366b20572e159f12bdd

-------------------------------------------------------------------------------- 
[Changed Files]
CometLakeFspBinPkg/Fsp.bsf
CometLakeFspBinPkg/Include/FspUpd.h
CometLakeFspBinPkg/Include/FspmUpd.h
CometLakeFspBinPkg/Include/FspsUpd.h
CometLakeFspBinPkg/Include/FsptUpd.h
CometLakeFspPkg/Include/FspUpd.h
CometLakeFspPkg/Include/FspmUpd.h
CometLakeFspPkg/Include/FspsUpd.h

================================================================================ 
Commit: be5bf4670e27cb58baa4c9ac560745cba4b57ffa 
Author: ClientSysFWGit <clientsysfwgit@intel.com> 
Date: Tue May 14 20:39:43 2019 +0530 
-------------------------------------------------------------------------------- 
CometLakePlatSamplePkg: CML-H DDR4 ERB/CRB porting part #2

Adding board related porting for CML-H ERB.
Impacted: All CML platforms.

Ref ID: 1607177373
Original commit date: Mon Apr 22 19:24:06 2019 +0800
Change-Id: I093a300cee3fd9cb5faf6d33a8e7d82396a2a825
Original commit hash: 3064a0615b5cb324fca0e8c38b8b1f153580eeb2

-------------------------------------------------------------------------------- 
[Changed Files]
CometLakePlatSamplePkg/Board/Include/OtherBoardConfigPatchTable.h
CometLakePlatSamplePkg/Board/Library/PeiBoardConfigLib/PeiBoardConfigLib.c
CometLakePlatSamplePkg/Board/Others/DxeBoardInitLib/BoardInitLib.c
CometLakePlatSamplePkg/Board/Others/PeiBoardInitLib/BoardInitLib.c
CometLakePlatSamplePkg/Board/Others/PeiBoardInitLib/BoardInitPreMemLib.c
CometLakePlatSamplePkg/Board/Others/PeiBoardInitLib/BoardPchInitPreMemLib.c
CometLakePlatSamplePkg/Board/Others/PeiBoardInitLib/BoardSaInitPreMemLib.c
CometLakePlatSamplePkg/Board/Others/PeiBoardInitLib/GpioTableCmlHDdr4.h
CometLakePlatSamplePkg/Board/Others/PeiBoardInitLib/GpioTableCmlHDdr4PreMem.h
CometLakePlatSamplePkg/Features/Tbt/Library/DxeCheckIommuSupportLib/DxeCheckIommuSupportLib.c
CometLakePlatSamplePkg/Include/PlatformBoardId.h
CometLakePlatSamplePkg/Library/PeiDxeBoardIdsLib/PeiDxeBoardIdsLib.c

================================================================================ 
Commit: c9d94120f93dbe74cc75ef844f9ac873c07c4ac8 
Author: ClientSysFWGit <clientsysfwgit@intel.com> 
Date: Tue May 14 20:39:34 2019 +0530 
-------------------------------------------------------------------------------- 
[PCH] HDA Driver is getting enumerated in device manager with SNDW Bios Settings

Disabled SDI lines when HDA controller is disabled.

Ref ID: 1607063263
Original commit date: Wed Apr 10 19:55:47 2019 +0200
Change-Id: I13918acd92f6f704cc8ccf5132f332004e5e8706
Original commit hash: 4e9a1b014578ddd9f446a6ae9cc7f921f3f18d30

-------------------------------------------------------------------------------- 
[Changed Files]
CometLakeSiliconPkg/Pch/Include/Register/PchRegsHda.h
CometLakeSiliconPkg/Pch/Library/Private/PeiHdaInitLib/PeiHdaInitLib.c

================================================================================ 
Commit: be64df0802cafed268d159a4d65f2317193b1098 
Author: ClientSysFWGit <clientsysfwgit@intel.com> 
Date: Tue May 14 20:39:25 2019 +0530 
-------------------------------------------------------------------------------- 
CML [CML-PCH] New CML Platform VR POR file WW1419

Added VR PM support for CML-S 8+2 35W
Updated CML-S 10+2 65W TDC from 175A to 150A.
Updated CML-S 8+2 65W and 125W GT TDC to a final value of 28A.

Ref ID: 1409230709
Original commit date: Thu Apr 18 15:34:26 2019 -0700
Change-Id: Iaa53c9e8d0f5183e44ab3b8f2f9b9407a4b6226f
Original commit hash: eb529491a164727ba96b8b9c38f30f252e6bc9c3

-------------------------------------------------------------------------------- 
[Changed Files]
CometLakeSiliconPkg/Cpu/Include/CpuPowerMgmt.h
CometLakeSiliconPkg/Cpu/Library/PeiDxeSmmCpuPlatformLib/CpuPlatformLibrary.c
CometLakeSiliconPkg/Cpu/Library/Private/PeiCpuInitLib/CpuInitPreResetCpl.c
CometLakeSiliconPkg/Cpu/Library/Private/PeiCpuPowerMgmtLib/PowerLimits.c

================================================================================ 
Commit: ec5a843660ede5733888493659b8a142676b8ad9 
Author: ClientSysFWGit <clientsysfwgit@intel.com> 
Date: Tue May 14 20:39:17 2019 +0530 
-------------------------------------------------------------------------------- 
[CML][HSTI] Correct proper coding as ProcessorReadMsr64 (CpuIndex, MSR_IA32_BIOS_SIGN_ID) instead of GetCpuUcodeRevision ()

Ref ID: 2207396670
Original commit date: Sat Apr 20 23:16:08 2019 +0800
Change-Id: Iea294ee62cacfcaf29e3bb13383d11b8a1f04513
Original commit hash: 96f7d1cdb0dfe013206f79f56b5d417a026e8d22

-------------------------------------------------------------------------------- 
[Changed Files]
CometLakePlatSamplePkg/Features/Hsti/HstiIhvDxe/HstiIhvDxe.h
CometLakePlatSamplePkg/Features/Hsti/HstiIhvDxe/MpServiceHelp.c
CometLakePlatSamplePkg/Features/Hsti/HstiIhvDxe/SecureCpuConfiguration.c

================================================================================ 
Commit: 391e8f1ac4b89ef6eb8b382efae073b144207b8d 
Author: ClientSysFWGit <clientsysfwgit@intel.com> 
Date: Tue May 14 20:38:52 2019 +0530 
-------------------------------------------------------------------------------- 
CML-ChasmFalls: Fixed BIOS and EC Seamless Recovery Failure

1. Fix variable, SysFwUpdateProgress, reading error during recovery
2. Add NVMe HC PEIM and involve EDK2 NVMe driver
3. Add LoadRecoveryModule Registration basing on BLOCK_IO_PROTOCOL
4. Remove LoadRecoveryModule in AtaDeviceDriver
5. Change EC image layout for seamless recovery

Ref ID: 1607027210, 1607027367, 1607044235
Original commit date: Thu Mar 7 14:24:22 2019 +0800
Change-Id: I21b165d3e59efd917b34f403f5e8bd36097c0e93
Original commit hash: 3ea6d8a6f5775ae31ce20531310fe3be569fa69d

-------------------------------------------------------------------------------- 
[Changed Files]
CometLakePlatSamplePkg/Features/CapsuleUpdate/Library/FmpDeviceLibEc/FmpDeviceLib.c
CometLakePlatSamplePkg/Features/CapsuleUpdate/Library/FmpDeviceLibMonolithic/FmpDeviceLib.c
CometLakePlatSamplePkg/Features/Nvme/NvmExpressHcPlatformPei/NvmePciHcPei.c
CometLakePlatSamplePkg/Features/Nvme/NvmExpressHcPlatformPei/NvmePciHcPei.h
CometLakePlatSamplePkg/Features/Nvme/NvmExpressHcPlatformPei/NvmePciHcPei.inf
CometLakePlatSamplePkg/Features/Sata/AtaDeviceDriverPei/AtaMain.c
CometLakePlatSamplePkg/FlashMap/SIZE_110_FSP_WRAPPER.fdf
CometLakePlatSamplePkg/PlatformInit/PlatformInitPei/PlatformInitPreMem.c
CometLakePlatSamplePkg/PlatformInit/PlatformInitPei/PlatformInitPreMem.inf
CometLakePlatSamplePkg/PlatformPkg.dec
CometLakePlatSamplePkg/PlatformPkg.dsc
CometLakePlatSamplePkg/PlatformPkg.fdf

================================================================================ 
Commit: 061aa6bbab0b63954412864bdbafd8137e7a9942 
Author: ClientSysFWGit <clientsysfwgit@intel.com> 
Date: Tue May 14 20:38:43 2019 +0530 
-------------------------------------------------------------------------------- 
[TeamCity] CML Auto-Commit BIOS ID update CI Increment BIOS Major Version () and reset Minor Version to 0

Tue Apr 23 01:39:25 2019 -0700
Original commit date: Tue Apr 23 01:39:25 2019 -0700
Original commit hash: 2b266f650937088aba72580f9ea22af66fa4aedf

-------------------------------------------------------------------------------- 
[Changed Files]
CometLakePlatSamplePkg/Tools/GenBiosId/BiosId.env

================================================================================ 
Commit: 9a868f1e584d2f6c5a62e910ca389c38f1059b75 
Author: ClientSysFWGit <clientsysfwgit@intel.com> 
Date: Tue May 14 20:38:27 2019 +0530 
-------------------------------------------------------------------------------- 
[PCH] Fix ITSS IPC for non-shareable IRQs

This implementation fixes issue of FSP explicity clearing out
the ITSS IPC bits for external devices mapped to non-shareable
IRQs.

Ref ID: 1807346466
Original commit date: Tue Apr 2 10:52:01 2019 +0200
Change-Id: I5f12a26f52eaa7fe067020d08a35fd75367c2537
Original commit hash: dffd9d2d4c8c9a28eb5a61b0dcd380d5dc79f91b

-------------------------------------------------------------------------------- 
[Changed Files]
CometLakeSiliconPkg/CmlvPch/Include/ConfigBlock/InterruptConfig.h
CometLakeSiliconPkg/CmlvPch/Library/Private/PeiPchInitLib/PchInterruptAssign.c

================================================================================ 
Commit: a30d354eee1004f10429ac90f9b98539e975d528 
Author: ClientSysFWGit <clientsysfwgit@intel.com> 
Date: Tue May 14 20:38:03 2019 +0530 
-------------------------------------------------------------------------------- 
[CML] Integrate CML A0 Production MCU ID 0xAE

Ref ID: NA
Original commit date: Mon Apr 22 15:04:19 2019 +0530
Change-Id: I666c427c0f8760b4750de13b42a7965159947e4c
Original commit hash: 558348195884817b8a892af97871a55e1c33b981

-------------------------------------------------------------------------------- 
[Changed Files]
CometLakePlatSamplePkg/PlatformPkg.fdf

================================================================================ 
Commit: 074e20da61e2a7e6ed2365349fa0c0f9d3ef6106 
Author: ClientSysFWGit <clientsysfwgit@intel.com> 
Date: Tue May 14 20:37:54 2019 +0530 
-------------------------------------------------------------------------------- 
ClientOneSiliconPkg presently contains multiple dependencies on the following forbidden packages:

Removing PlatformPkg dependency for ClientOneSiliconPkg/SystemAgent/SaInit/Dxe/SaInitDxe.inf

Ref ID: 2207017263
Original commit date: Tue Apr 16 09:54:54 2019 +0530
Change-Id: I11ded3a1702b8fc0f42a5644f5f85bb7dce2e2ff
Original commit hash: 5333cac527ff4d9673b9435c6e6b6be8171c17c2

-------------------------------------------------------------------------------- 
[Changed Files]
CometLakePlatSamplePkg/PlatformPkg.dec
CometLakeSiliconPkg/SystemAgent/SaInit/Dxe/SaInitDxe.inf

================================================================================ 
Commit: 1c384710864050a80aa2959400f692b9d0064853 
Author: ClientSysFWGit <clientsysfwgit@intel.com> 
Date: Tue May 14 20:36:56 2019 +0530 
-------------------------------------------------------------------------------- 
[CML] Retire RPPO-CNL-0071

Clean up RPPO-CNL-0071 override as BIOSConf support can be stopped in CML source

Ref ID: 1507170652
Original commit date: Fri Apr 19 17:37:16 2019 +0800
Change-Id: I4f69c43206898f06daffd06703b1c63b281fbfa7
Original commit hash: 509e8936c79dbb95027a1d4e013eee2cffccafda

-------------------------------------------------------------------------------- 
[Changed Files]
CometLakePlatSamplePkg/Override/DoxygenRpOverride.h
CometLakePlatSamplePkg/Override/NetworkPkg/TlsAuthConfigDxe/TlsAuthConfigDxe.c
CometLakePlatSamplePkg/Override/NetworkPkg/TlsAuthConfigDxe/TlsAuthConfigDxe.inf
CometLakePlatSamplePkg/Override/NetworkPkg/TlsAuthConfigDxe/TlsAuthConfigDxe.uni
CometLakePlatSamplePkg/Override/NetworkPkg/TlsAuthConfigDxe/TlsAuthConfigDxeExtra.uni
CometLakePlatSamplePkg/Override/NetworkPkg/TlsAuthConfigDxe/TlsAuthConfigDxeStrings.uni
CometLakePlatSamplePkg/Override/NetworkPkg/TlsAuthConfigDxe/TlsAuthConfigImpl.c
CometLakePlatSamplePkg/Override/NetworkPkg/TlsAuthConfigDxe/TlsAuthConfigImpl.h
CometLakePlatSamplePkg/Override/NetworkPkg/TlsAuthConfigDxe/TlsAuthConfigNvData.h
CometLakePlatSamplePkg/Override/NetworkPkg/TlsAuthConfigDxe/TlsAuthConfigVfr.vfr
CometLakePlatSamplePkg/PlatformPkg.dsc
CometLakePlatSamplePkg/PlatformPkg.fdf

================================================================================ 
Commit: 6701e83810e2bfceec880c06fd768be4899b4a75 
Author: ClientSysFWGit <clientsysfwgit@intel.com> 
Date: Tue May 14 20:35:42 2019 +0530 
-------------------------------------------------------------------------------- 
BpCommonPkg/VariableSmi: Move Csm/VariableSmi module to platform.

Original commit date: Fri Apr 12 09:51:57 2019 +0800
Change-Id: I76ae00b1c117d7f82939c6bdbca59681c59097df
Original commit hash: 395e3304509fe34d74195ea50accb15adbba19ce

-------------------------------------------------------------------------------- 
[Changed Files]
BpCommonPkg/BpCommonPkg.dec
BpCommonPkg/BpCommonPkg.dsc
ClientCommonPkg/ClientCommonPkg.dec
ClientCommonPkg/Csm/AhciRom/AHCIOR.BIN
ClientCommonPkg/Csm/Include/Library/LegacyInterruptSupportLib.h
ClientCommonPkg/Csm/Include/Protocol/LegacyBiosReverseThunk.h
ClientCommonPkg/Csm/Include/Protocol/LegacyInterruptHandler.h
ClientCommonPkg/Csm/Include/Protocol/TcgLegacyInt1AReady.h
ClientCommonPkg/Csm/LegacyBiosReverseThunkDxe/Ia32/ReverseThunk.nasm
ClientCommonPkg/Csm/LegacyBiosReverseThunkDxe/Ia32/ReverseThunk.s
ClientCommonPkg/Csm/LegacyBiosReverseThunkDxe/LegacyBiosReverseThunk.c
ClientCommonPkg/Csm/LegacyBiosReverseThunkDxe/LegacyBiosReverseThunk.inf
ClientCommonPkg/Csm/LegacyBiosReverseThunkDxe/X64/ReverseThunk.nasm
ClientCommonPkg/Csm/LegacyBiosReverseThunkDxe/X64/ReverseThunk.s
ClientCommonPkg/Csm/LegacyInterruptHookDxe/LegacyInterruptHook.c
ClientCommonPkg/Csm/LegacyInterruptHookDxe/LegacyInterruptHook.inf
ClientCommonPkg/Csm/Library/LegacyInterruptSupportLib/Ia32/SwSmi.nasm
ClientCommonPkg/Csm/Library/LegacyInterruptSupportLib/Ia32/SwSmi.s
ClientCommonPkg/Csm/Library/LegacyInterruptSupportLib/LegacyInterruptSupportLib.c
ClientCommonPkg/Csm/Library/LegacyInterruptSupportLib/LegacyInterruptSupportLib.inf
ClientCommonPkg/Csm/Library/LegacyInterruptSupportLib/X64/SwSmi.nasm
ClientCommonPkg/Csm/Library/LegacyInterruptSupportLib/X64/SwSmi.s
ClientCommonPkg/Csm/TcgLegacy/TcgLegacy.c
ClientCommonPkg/Csm/TcgLegacy/TcgLegacy.h
ClientCommonPkg/Csm/TcgLegacy/TcgLegacy.inf
ClientCommonPkg/Csm/TcgLegacy/TcgLegacyInstallInt1A.c
ClientCommonPkg/Csm/TcgLegacy/TcgLegacyInstallInt1A.inf
ClientCommonPkg/Csm/TcgLegacy/TcgLegacyInstallInt1AHandler.c
ClientCommonPkg/Csm/TcgLegacy/Tis.c
ClientCommonPkg/Csm/TcgLegacy/TpmComm.c
ClientCommonPkg/Csm/TcgLegacy/TpmComm.h
ClientCommonPkg/Csm/VariableSmiInt15Dxe/VariableSmiInt15Dxe.c
ClientCommonPkg/Csm/VariableSmiInt15Dxe/VariableSmiInt15Dxe.h
ClientCommonPkg/Csm/VariableSmiInt15Dxe/VariableSmiInt15Dxe.inf
ClientCommonPkg/Include/Guid/VariableSmi.h
ClientCommonPkg/Universal/VariableSmi/VariableSmiExportHii.c
ClientCommonPkg/Universal/VariableSmi/VariableSmiExportHii.inf
ClientCommonPkg/Universal/VariableSmi/VariableSmiSmm.c
ClientCommonPkg/Universal/VariableSmi/VariableSmiSmm.inf
CometLakePlatSamplePkg/PlatformPkg.dsc
CometLakePlatSamplePkg/PlatformPkg.fdf

================================================================================ 
Commit: 2ce84a1d4c61ed660e3971ce700ee5c5de71b453 
Author: ClientSysFWGit <clientsysfwgit@intel.com> 
Date: Tue May 14 20:35:14 2019 +0530 
-------------------------------------------------------------------------------- 
64-bit PCI MMIO Read/Write does not work

Corrected and replaced all MMIO 64-bit by MMIO 32-bit in HSTI Code
Some readability clean-up in the corrected file for MMIO 64-bit in HSTI Code

Ref ID: 1409221239
Original commit date: Tue Apr 9 18:01:55 2019 -0700
Change-Id: I6690fd1cf26466b45032d8be7b86199940a888b6
Original commit hash: 83069fbef544116ffa005d911e18eeb0e443e66b

-------------------------------------------------------------------------------- 
[Changed Files]
CometLakePlatSamplePkg/Features/Hsti/HstiIhvDxe/SecureMemoryMapConfiguration.c

================================================================================ 
Commit: d25b5f1449a4c7690edb8472aacaf5496efbeb4e 
Author: ClientSysFWGit <clientsysfwgit@intel.com> 
Date: Tue May 14 20:34:42 2019 +0530 
-------------------------------------------------------------------------------- 
CometLakePlatSamplePkg: [1507059706][CML][KW] Fixing Klocwork errors in MRC

- Added NULL check for SiPreMemPolicyPpi
- Fixed PERM_MAX_NUM_POSITIONS define to avoid array in CurrentPermutations
- Added mrcUnsupportedTechnology return in MrcPowerWeight
- Added check for MemoryProfile index to avoid out-of-bounds VddVoltage array access
- Added LPDDR3 technology check to avoid possible NULL array access
- Updated Copyright year in serial debug prints

Ref ID: 1507059706
Original commit date: Thu Mar 14 11:05:44 2019 -0700
Change-Id: Ic1554ffb1a85b956e5ea92fc6de0d97bde481f2f
Original commit hash: bfdbe89dafc00f0dacf32b6baa987d24984030a3

-------------------------------------------------------------------------------- 
[Changed Files]
CometLakeSiliconPkg/SystemAgent/MemoryInitCfl/Library/Private/PeiMemoryInitLib/Source/Api/MrcGeneral.c
CometLakeSiliconPkg/SystemAgent/MemoryInitCfl/Library/Private/PeiMemoryInitLib/Source/DimmCellTest/Include/DcttPermutations.h
CometLakeSiliconPkg/SystemAgent/MemoryInitCfl/Library/Private/PeiMemoryInitLib/Source/McConfiguration/MrcPowerModes.c
CometLakeSiliconPkg/SystemAgent/MemoryInitCfl/Library/Private/PeiMemoryInitLib/Source/Services/MrcCrosser.c

================================================================================ 
Commit: cb52c1f178303affd43a7ee214872cd325b2c7de 
Author: ClientSysFWGit <clientsysfwgit@intel.com> 
Date: Tue May 14 20:34:17 2019 +0530 
-------------------------------------------------------------------------------- 
[PCH] Update verb table for HDA configuration in CML-U

Updated verb table to version 5.0.3.1

Ref ID:1607018957
Original commit date: Wed Mar 27 16:19:19 2019 +0530
Change-Id: I90eded65c41e25301b115b98c91a8d0fc7f29b9f
Original commit hash: a2314c482d02501a867b1548692c3e406218ea85

-------------------------------------------------------------------------------- 
[Changed Files]
CometLakePlatSamplePkg/Board/Others/PeiBoardInitLib/BoardInitLib.c
CometLakePlatSamplePkg/Board/Others/PeiBoardInitLib/PchHdaVerbTables.h

================================================================================ 
Commit: ca5cf5dbafb3a59d5aefdad37cade5fde9559fbd 
Author: ClientSysFWGit <clientsysfwgit@intel.com> 
Date: Tue May 14 20:33:29 2019 +0530 
-------------------------------------------------------------------------------- 
CometLakePlatSamplePkg: CML-H DDR4 ERB/CRB porting part #1

Cleaning up the CFLS82 and CFLOC boards related code due to board IDs are conflict with CML-H
Impacted: All CML platforms.

Ref ID: 1607177373
Original commit date: Tue Apr 16 19:37:25 2019 +0800
Change-Id: I5f0491e42770d5d9417f5ca7f3da1110dc7f0fcd
Original commit hash: dd304b01c39d9b3e570b3d695cb59674f56c160c

-------------------------------------------------------------------------------- 
[Changed Files]
CometLakePlatSamplePkg/Acpi/AcpiTables/AcpiPlatform/Dxe/AcpiPlatform.c
CometLakePlatSamplePkg/Acpi/AcpiTables/AcpiPlatform/Dxe/AcpiPlatform.inf
CometLakePlatSamplePkg/Acpi/AcpiTables/AcpiTables.inf
CometLakePlatSamplePkg/Acpi/AcpiTables/SsdtRtd3/CflS82RvpRtd3.asl
CometLakePlatSamplePkg/Acpi/AcpiTables/SsdtRtd3/CflS82RvpTbtRtd3.asl
CometLakePlatSamplePkg/Board/Include/OtherBoardConfigPatchTable.h
CometLakePlatSamplePkg/Board/Library/PeiBoardConfigLib/PeiBoardConfigLib.c
CometLakePlatSamplePkg/Board/Others/DxeBoardInitLib/BoardInitLib.c
CometLakePlatSamplePkg/Board/Others/DxeBoardInitLib/BoardInitLib.inf
CometLakePlatSamplePkg/Board/Others/PeiBoardInitLib/BoardInitLib.c
CometLakePlatSamplePkg/Board/Others/PeiBoardInitLib/BoardInitPreMemLib.c
CometLakePlatSamplePkg/Board/Others/PeiBoardInitLib/BoardPchInitPreMemLib.c
CometLakePlatSamplePkg/Board/Others/PeiBoardInitLib/BoardSaInitPreMemLib.c
CometLakePlatSamplePkg/Board/Others/PeiBoardInitLib/GpioTableCflSDdr4.h
CometLakePlatSamplePkg/Board/Others/PeiBoardInitLib/GpioTableCflSDdr4PreMem.h
CometLakePlatSamplePkg/Board/Others/PeiBoardInitLib/GpioTableCflSOc.h
CometLakePlatSamplePkg/Board/Others/PeiBoardInitLib/GpioTableCmlSDdr4PreMem.h
CometLakePlatSamplePkg/CmlvBoard/Others/DxeBoardInitLib/BoardInitLib.inf
CometLakePlatSamplePkg/CmlvBoard/Others/PeiBoardInitLib/BoardSaInitPreMemLib.c
CometLakePlatSamplePkg/Features/Tbt/Library/DxeCheckIommuSupportLib/DxeCheckIommuSupportLib.c
CometLakePlatSamplePkg/Include/PlatformBoardId.h
CometLakePlatSamplePkg/Library/PeiDxeBoardIdsLib/PeiDxeBoardIdsLib.c
CometLakePlatSamplePkg/PlatformPkg.dec
CometLakeSiliconPkg/SystemAgent/MemoryInitCfl/MiniBios/Common/PlatformBoardId.h
CometLakeSiliconPkg/SystemAgent/MemoryInitCfl/MiniBios/MEMORY/MrcOemPlatform.c
CometLakeSiliconPkg/SystemAgent/MemoryInitCfl/MiniBios/MEMORY/MrcSetup.c

================================================================================ 
Commit: b615674befa065f7347d40bf525668038cf76ed5 
Author: ClientSysFWGit <clientsysfwgit@intel.com> 
Date: Tue May 14 20:32:38 2019 +0530 
-------------------------------------------------------------------------------- 
ClientCommonPkg, ClientSiliconPkg: Duplicate the CSM components

This commit will copy the below CSM-related modules from the Edk2 into the
Intel/ClientCommonPkg/Csm folder:
A) PcAtChipsetPkg/8259InterruptControllerDxe
B) IntelFrameworkModulePkg/Csm/BiosThunk/BlockIoDxe
C) IntelFrameworkModulePkg/Csm/BiosThunk/VideoDxe
D) IntelFrameworkModulePkg/Csm/LegacyBiosDxe

(Please note that, the copied files keep their origin license, which is
the BSD-2-Clause-Patent.)

Also, header files and definitions consumed by the above modules are
copied into ClientCommonPkg.

We will update CometLake, TigerLake and JasperLake platforms to consume
the copied driver.

Ref ID: none
Original commit date: Fri Apr 12 13:07:22 2019 +0800
Change-Id: I9c0af2b2d3da00b53cc8360c170b8ec2f62512c3
Original commit hash: 5b2ae83d6ed782d91087e072dee0d3d9ed26c263

-------------------------------------------------------------------------------- 
[Changed Files]
ClientCommonPkg/Csm/8259InterruptControllerDxe/8259.c
ClientCommonPkg/Csm/8259InterruptControllerDxe/8259.h
ClientCommonPkg/Csm/8259InterruptControllerDxe/8259.inf
ClientCommonPkg/Csm/8259InterruptControllerDxe/Legacy8259.uni
ClientCommonPkg/Csm/8259InterruptControllerDxe/Legacy8259Extra.uni
ClientCommonPkg/Csm/BiosThunk/BlockIoDxe/BiosBlkIo.c
ClientCommonPkg/Csm/BiosThunk/BlockIoDxe/BiosBlkIo.h
ClientCommonPkg/Csm/BiosThunk/BlockIoDxe/BiosInt13.c
ClientCommonPkg/Csm/BiosThunk/BlockIoDxe/BlockIoDxe.inf
ClientCommonPkg/Csm/BiosThunk/BlockIoDxe/BlockIoDxe.uni
ClientCommonPkg/Csm/BiosThunk/BlockIoDxe/BlockIoDxeExtra.uni
ClientCommonPkg/Csm/BiosThunk/BlockIoDxe/ComponentName.c
ClientCommonPkg/Csm/BiosThunk/BlockIoDxe/Edd.h
ClientCommonPkg/Csm/BiosThunk/VideoDxe/BiosVideo.c
ClientCommonPkg/Csm/BiosThunk/VideoDxe/BiosVideo.h
ClientCommonPkg/Csm/BiosThunk/VideoDxe/BiosVideoDxe.uni
ClientCommonPkg/Csm/BiosThunk/VideoDxe/BiosVideoDxeExtra.uni
ClientCommonPkg/Csm/BiosThunk/VideoDxe/ComponentName.c
ClientCommonPkg/Csm/BiosThunk/VideoDxe/VesaBiosExtensions.h
ClientCommonPkg/Csm/BiosThunk/VideoDxe/VideoDxe.inf
ClientCommonPkg/Csm/LegacyBiosDxe/IA32/InterruptTable.nasm
ClientCommonPkg/Csm/LegacyBiosDxe/LegacyBbs.c
ClientCommonPkg/Csm/LegacyBiosDxe/LegacyBda.c
ClientCommonPkg/Csm/LegacyBiosDxe/LegacyBios.c
ClientCommonPkg/Csm/LegacyBiosDxe/LegacyBiosDxe.inf
ClientCommonPkg/Csm/LegacyBiosDxe/LegacyBiosDxe.uni
ClientCommonPkg/Csm/LegacyBiosDxe/LegacyBiosDxeExtra.uni
ClientCommonPkg/Csm/LegacyBiosDxe/LegacyBiosInterface.h
ClientCommonPkg/Csm/LegacyBiosDxe/LegacyBootSupport.c
ClientCommonPkg/Csm/LegacyBiosDxe/LegacyCmos.c
ClientCommonPkg/Csm/LegacyBiosDxe/LegacyIde.c
ClientCommonPkg/Csm/LegacyBiosDxe/LegacyPci.c
ClientCommonPkg/Csm/LegacyBiosDxe/LegacySio.c
ClientCommonPkg/Csm/LegacyBiosDxe/Thunk.c
ClientCommonPkg/Csm/LegacyBiosDxe/X64/InterruptTable.nasm
ClientSiliconPkg/ClientSiliconPkg.dec
ClientSiliconPkg/SampleCode/IntelFrameworkPkg/Include/Framework/BootScript.h
ClientSiliconPkg/SampleCode/IntelFrameworkPkg/Include/Framework/DxeCis.h
ClientSiliconPkg/SampleCode/IntelFrameworkPkg/Include/Framework/FirmwareVolumeHeader.h
ClientSiliconPkg/SampleCode/IntelFrameworkPkg/Include/Framework/FirmwareVolumeImageFormat.h
ClientSiliconPkg/SampleCode/IntelFrameworkPkg/Include/Framework/FrameworkInternalFormRepresentation.h
ClientSiliconPkg/SampleCode/IntelFrameworkPkg/Include/Framework/Hob.h
ClientSiliconPkg/SampleCode/IntelFrameworkPkg/Include/FrameworkDxe.h

================================================================================ 
Commit: 42789c6f7edbd857d9973d2b0060fe9dc0c40f9a 
Author: ClientSysFWGit <clientsysfwgit@intel.com> 
Date: Tue May 14 20:31:55 2019 +0530 
-------------------------------------------------------------------------------- 
[TeamCity] CML Auto-Commit BIOS ID update CI Increment BIOS Major Version () and reset Minor Version to 0

Sun Apr 21 01:17:51 2019 -0700
Original commit date: Sun Apr 21 01:17:51 2019 -0700
Original commit hash: e228399dd1a2bde00af37ebafb37715071017d3c

-------------------------------------------------------------------------------- 
[Changed Files]
CometLakePlatSamplePkg/Tools/GenBiosId/BiosId.env

================================================================================ 
Commit: 6959cd075589d7b354c1dc6fb99b2e9b6a02bb72 
Author: ClientSysFWGit <clientsysfwgit@intel.com> 
Date: Tue May 14 20:29:39 2019 +0530 
-------------------------------------------------------------------------------- 
[TeamCity] CML Auto-Commit BIOS ID update CI Increment BIOS Major Version () and reset Minor Version to 0

Fri Apr 19 01:45:00 2019 -0700
Original commit date: Fri Apr 19 01:45:00 2019 -0700
Original commit hash: 92ed61780ebc09917bb4010571d347efa0109b76

-------------------------------------------------------------------------------- 
[Changed Files]
CometLakePlatSamplePkg/Tools/GenBiosId/BiosId.env

================================================================================ 
Commit: 0009cea9f178d723ad314589b537f4b9f2161c5b 
Author: ClientSysFWGit <clientsysfwgit@intel.com> 
Date: Tue May 14 20:25:47 2019 +0530 
-------------------------------------------------------------------------------- 
[PCH] Update default DLL values for emmc and sdcard in CML BIOS

Update the path_pll and clk_source with the values:
emmc   rx_cmd_data_dly_2 = 0x10008
sdcard rx_cmd_data_dly_2 = 0x10013

Ref ID: 2007808598
Original commit date: Wed Apr 17 16:25:13 2019 -0700
Change-Id: Id0373736b43587731d2b3d7f5713c66e17a1dfa7
Original commit hash: f7f29b267fa764c19e022cea1f8621c0f533c954

-------------------------------------------------------------------------------- 
[Changed Files]
CometLakeSiliconPkg/Pch/Library/Private/PeiScsLib/PeiScsInitCnl.c

================================================================================ 
Commit: 3ea8432758250498f01e6d03fcf235cad37e59b3 
Author: ClientSysFWGit <clientsysfwgit@intel.com> 
Date: Tue May 14 20:25:31 2019 +0530 
-------------------------------------------------------------------------------- 
ClientOneSiliconPkg/TCC: Add AC Split Lock in BIOS Setup Menu for TCC

Add option into TCC BIOS setup menu for #AC exception on split lock.

Ref ID: 1408243941
Original commit date: Thu Feb 21 10:34:52 2019 -0700
Change-Id: If69aea0ccfa3d8e34ce633acfed0b766b602f8a2
Original commit hash: 7835ddf783336da062400e211313b13edf1fc8c1

-------------------------------------------------------------------------------- 
[Changed Files]
ClientSiliconPkg/Library/CpuStackSwitchExceptionHandlerLib/X64/ExceptionHandlerAsm.S
ClientSiliconPkg/Library/CpuStackSwitchExceptionHandlerLib/X64/ExceptionHandlerAsm.nasm

================================================================================ 
Commit: 4957efceddf59c190691a3f1814434e6b364c9d3 
Author: ClientSysFWGit <clientsysfwgit@intel.com> 
Date: Tue May 14 20:24:51 2019 +0530 
-------------------------------------------------------------------------------- 
[PCH] USB v16 BIOS Guide update (rev21)

Updated xHCI init code to align with BIOS Guide rev21

Ref ID: 1807446216
Original commit date: Mon Apr 15 15:26:06 2019 +0200
Change-Id: Ied114c3a8d31b43f79dd39a33403c84a29407074
Original commit hash: 24ecfa103228ec99f3d18051efcf97568d0a7233

-------------------------------------------------------------------------------- 
[Changed Files]
CometLakeSiliconPkg/Library/Private/PeiUsbInitLib/XhciInit.c

================================================================================ 
Commit: 312e7e19f3910d3cb3b5fd266a84284999e9190d 
Author: ClientSysFWGit <clientsysfwgit@intel.com> 
Date: Tue May 14 20:24:35 2019 +0530 
-------------------------------------------------------------------------------- 
[PCH] Chipset init code refactoring.

1. Split the code into multiple subfunctions
2. Free allocated memory after it is no longer needed.
3. Fix issue with clearing memory when deleting old SUS tables
4. Structures refactor

Ref ID: 1807456987
Original commit date: Fri Apr 5 12:06:51 2019 +0200
Change-Id: Ia24da31abee48cced41d3d361c6dbc81240d3f58
Original commit hash: a75442c5e5da655db5c204c175c1c5260074e3a9

-------------------------------------------------------------------------------- 
[Changed Files]
CometLakeSiliconPkg/Me/Include/BupMsgs.h
CometLakeSiliconPkg/Me/Include/CoreBiosMsg.h
CometLakeSiliconPkg/Me/Include/Library/PeiMeLib.h
CometLakeSiliconPkg/Me/Library/PeiMeLib/HeciMsgPeiLib.c
CometLakeSiliconPkg/Pch/Include/Private/Library/PeiHsioLib.h
CometLakeSiliconPkg/Pch/Include/Private/PchHsio.h
CometLakeSiliconPkg/Pch/Library/Private/PeiHsioLib/PeiHsioLibCnl.c
CometLakeSiliconPkg/Pch/Library/Private/PeiPchInitLib/PchHsio.c

================================================================================ 
Commit: 0bfbcd5be3d8be0ff6d1a4e46e058dc826925579 
Author: ClientSysFWGit <clientsysfwgit@intel.com> 
Date: Tue May 14 20:24:26 2019 +0530 
-------------------------------------------------------------------------------- 
[PCH] Platform stuck at post code 0x9B04 during S3 resume 

Some AFE registers might have RO bits that may change between write and read back
to verify programming. This led to ASSERT being hit on data mismatch on bits that
weren't programmed at all during boot flow.

Resolution: CRC calculation issue already fixed.
Remove read only bits mask used for work around

Ref ID: 1507161171
Original commit date: Wed Apr 17 15:20:55 2019 -0700
Change-Id: I9743b3a27f1c48628058fe3d6fc5ac1142ba15c9
Original commit hash: 75145a17274dba9b0e08a3ed171f536a8aad3ea5

-------------------------------------------------------------------------------- 
[Changed Files]
CometLakeSiliconPkg/Library/Private/PeiUsbInitLib/XhciInit.c

================================================================================ 
Commit: 36405216d12b902cab2e45d857802989b29af4b9 
Author: ClientSysFWGit <clientsysfwgit@intel.com> 
Date: Tue May 14 20:24:02 2019 +0530 
-------------------------------------------------------------------------------- 
[C1S][SA] Move Telemetry to IPBlock.

Ref ID: 1507162223
Original commit date: Mon Apr 15 17:31:40 2019 +0800
Change-Id: I502ca7ae208a2a623041539a0444f76ad8f9a083
Original commit hash: 108d675001ed6d0389e23d992fc821b85dc77e39

-------------------------------------------------------------------------------- 
[Changed Files]
CometLakePlatSamplePkg/PlatformInit/PlatformInitPei/PlatformInit.inf
CometLakePlatSamplePkg/PlatformInit/PlatformInitPei/PlatformInitFsp.inf

================================================================================ 
Commit: c94ef342a3dffb181fb8995afb71a6f5bb9309d5 
Author: ClientSysFWGit <clientsysfwgit@intel.com> 
Date: Tue May 14 20:21:59 2019 +0530 
-------------------------------------------------------------------------------- 
CML [CML-PCH] New CML Platform VR POR file WW1219

Changed CML-S 10+2 65W and 125W IA TDC from 180A to 175A.
Changed CML-S 6+2 TDP from 95W to 125W
added support for CML-S 8+2 65W and 125W boards

Ref ID: 1409203274

Original commit date: Fri Apr 5 10:59:23 2019 -0700
Change-Id: Idc526176c4ef7d8dff00e878671a21295ca6d77b
Original commit hash: 95500f57d150a6d6a12733cde0a1eaf274a535bf

-------------------------------------------------------------------------------- 
[Changed Files]
CometLakeSiliconPkg/Cpu/Include/CpuPowerMgmt.h
CometLakeSiliconPkg/Cpu/Library/PeiDxeSmmCpuPlatformLib/CpuPlatformLibrary.c
CometLakeSiliconPkg/Cpu/Library/Private/PeiCpuInitLib/CpuInitPreResetCpl.c
CometLakeSiliconPkg/Cpu/Library/Private/PeiCpuPowerMgmtLib/PowerLimits.c
CometLakeSiliconPkg/SystemAgent/Include/Register/SaRegsHostBridge.h

================================================================================ 
Commit: 372440d496c1ad0c42471162d22d3ca03c8ab5e4 
Author: ClientSysFWGit <clientsysfwgit@intel.com> 
Date: Tue May 14 20:19:22 2019 +0530 
-------------------------------------------------------------------------------- 
Updatig Mssing BLE FW GUID for Quasar IP

The BLE FW GUID for Quasar IP was missed during updating latest bins
https://git-amr-7.devtools.intel.com/gerrit/#/c/44537/

Ref ID: 1607119179
Original commit date: Mon Apr 15 18:13:51 2019 +0530
Change-Id: Ifc956a13467a252a12c45350c5c9d85b6becd789
Original commit hash: 5edcc90c48afc4f8763a86c87a06306ec1640746

-------------------------------------------------------------------------------- 
[Changed Files]
CometLakePlatSamplePkg/PlatformPkg.fdf

================================================================================ 
Commit: 80bc35604c36552efd2c2a35964929e55d59b4ce 
Author: ClientSysFWGit <clientsysfwgit@intel.com> 
Date: Tue May 14 20:19:13 2019 +0530 
-------------------------------------------------------------------------------- 
[PCH] Add more information in GPIO debug printout

- Moved GpioGetGroupName declaration from GpioLibrary.h to GpioLib.h
- Added group name and group max pads to debug printout in GpioIsPadValid()

Ref ID: 1807392805
Original commit date: Mon Apr 8 15:48:12 2019 +0200
Change-Id: I76ccd47bbe583e7a3be22874da1b58fcd6180815
Original commit hash: 0d2873353402e85aeceb31139197fdfa3d94a418

-------------------------------------------------------------------------------- 
[Changed Files]
CometLakeSiliconPkg/Pch/Include/Library/GpioLib.h
CometLakeSiliconPkg/Pch/Library/PeiDxeSmmGpioLib/GpioLibrary.h
CometLakeSiliconPkg/Pch/Library/Private/PeiDxeSmmGpioPrivateLib/GpioPrivateLib.c

================================================================================ 
Commit: e2d7665ef1ef4093f2a639ad6d2502b33142516f 
Author: ClientSysFWGit <clientsysfwgit@intel.com> 
Date: Tue May 14 20:18:57 2019 +0530 
-------------------------------------------------------------------------------- 
[TeamCity] CML Auto-Commit BIOS ID update CI Increment BIOS Major Version () and reset Minor Version to 0

Wed Apr 17 01:16:34 2019 -0700
Original commit date: Wed Apr 17 01:16:34 2019 -0700
Original commit hash: 726504707db09dd0884d62fa43cbcbbbd133ad9e

-------------------------------------------------------------------------------- 
[Changed Files]
CometLakePlatSamplePkg/Tools/GenBiosId/BiosId.env

================================================================================ 
Commit: 5d8d3d14d8e38c680740e0ea2d47cd42f4575b55 
Author: ClientSysFWGit <clientsysfwgit@intel.com> 
Date: Tue May 14 20:17:30 2019 +0530 
-------------------------------------------------------------------------------- 
CML-ChasmFalls: Adopt BpmGen for BIOS recovery capsule build

CML should adopt BPMGEN for BIOS recovery capsule generation as
BIOS image build process does.

Ref ID: 1607027210, 1607027367, 1607044235
Original commit date: Sat Apr 13 05:28:57 2019 +0800
Change-Id: If20aa4db685b83310863475a1884a23d874c8077
Original commit hash: 2c5e8a41b2ebbfd364c98e4be4b09283a82f53bf

-------------------------------------------------------------------------------- 
[Changed Files]
CometLakePlatSamplePkg/Features/CapsuleUpdate/Tools/GenBiosUpdateImages/CapsuleRecoveryGen/FitBpmGen.bat

================================================================================ 
Commit: de6195b89ce92a597701962e6d448d78b5c31d9e 
Author: ClientSysFWGit <clientsysfwgit@intel.com> 
Date: Tue May 14 20:17:06 2019 +0530 
-------------------------------------------------------------------------------- 
[CML-TXT] SINIT update through dummy ACPI device

Based on TXT enabled in BIOS, a dummy ACPI device will be exposed that
will be used by Windows driver update to load SINIT

Ref ID: 1409119613
Original commit date: Fri Apr 5 15:42:57 2019 -0700
Change-Id: I3adc653ae8fa2759f12c0d18d74d01bb99d0f191
Original commit hash: ba6d01dc1ec5d3887c55716918704c4136fc4d9d

-------------------------------------------------------------------------------- 
[Changed Files]
CometLakeSiliconPkg/Cpu/AcpiTables/CpuSsdt/CpuSsdt.asl
CometLakeSiliconPkg/Cpu/CpuInit/Dxe/CpuInitDxe.c
CometLakeSiliconPkg/Cpu/CpuInit/Dxe/CpuInitDxe.h
CometLakeSiliconPkg/Cpu/CpuInit/Dxe/CpuInitDxe.inf
CometLakeSiliconPkg/Cpu/CpuInit/Dxe/TxtNvsUpdate.c

================================================================================ 
Commit: 4f430f09ccfe5c2502ed3f55b58a7ed74c1a3b2d 
Author: ClientSysFWGit <clientsysfwgit@intel.com> 
Date: Tue May 14 20:16:33 2019 +0530 
-------------------------------------------------------------------------------- 
[CML] Implement BIOS ACPI WWAN _DSM method for ACPI D3Cold WWAN setting of D3/L2 or D0/L1.2

The _DSM method will return the ACPI D3 Cold Settings WWAN selection: D3/L2 (3),
D0/L1.2 (1), and Disabled (0)

Ref ID: 2207235568, 2207235416
Original commit date: Thu Apr 11 15:31:41 2019 +0800
Change-Id: I43af3c355614ef9a7353f5db321e7720ab8962ac
Original commit hash: 02d98dfc6bb52b7d472851c4abfcc2e44313d735

-------------------------------------------------------------------------------- 
[Changed Files]
CometLakePlatSamplePkg/Acpi/AcpiTables/SsdtRtd3/CmlAepTbtRtd3.asl
CometLakePlatSamplePkg/Acpi/AcpiTables/SsdtRtd3/CmlURvpRtd3.asl
CometLakePlatSamplePkg/Acpi/AcpiTables/SsdtRtd3/CmlUTbtRtd3.asl
CometLakePlatSamplePkg/Acpi/AcpiTables/SsdtRtd3/Rtd3PcieWwan.asl
CometLakePlatSamplePkg/Acpi/AcpiTables/SsdtRtd3/WhlErbTbtRtd3.asl
CometLakePlatSamplePkg/Features/Pep/AcpiTables/Pep.asl
CometLakePlatSamplePkg/Setup/PlatformSetup.hfr

================================================================================ 
Commit: 20b31f7b99b9d64d898d0f3e2b628a566438d0fa 
Author: ClientSysFWGit <clientsysfwgit@intel.com> 
Date: Tue May 14 20:15:12 2019 +0530 
-------------------------------------------------------------------------------- 
CML-ChasmFalls: Pick correct FaultToleranceOffset for release BIOS capsule build

Seamless Capsule Generation relies on predefined fault tolerance
address to build BIOS recovery capsule.

Ref ID: 1607027210, 1607027367, 1607044235
Original commit date: Fri Apr 12 23:17:37 2019 +0800
Change-Id: I2ab3d1ea4e86546fd160abe194a2575639068d40
Original commit hash: f2826ae1d28f6e32015d9e7626fe26f6a88d90c3

-------------------------------------------------------------------------------- 
[Changed Files]
CometLakePlatSamplePkg/Features/CapsuleUpdate/Tools/GenBiosUpdateImages/CapsuleRecoveryGen/ProcessFvRebase.py
CometLakePlatSamplePkg/Features/CapsuleUpdate/Tools/GenBiosUpdateImages/CapsuleRecoveryGen/SplitFv.py

================================================================================ 
Commit: 4abaab92279c1204169ad47d19913b68f5252a46 
Author: ClientSysFWGit <clientsysfwgit@intel.com> 
Date: Tue May 14 20:12:48 2019 +0530 
-------------------------------------------------------------------------------- 
[CML]Changing the build flag argument for prep.bat from lp4 to CML2.

For the Lp4 build the tag name is changed from the lp4 to cml2.
Ref ID: 1607074376

Original commit date: Mon Apr 15 14:45:49 2019 +0530
Change-Id: Ib6cbf73641b9cb648f182b28dc1a4edfb44a86b3
Original commit hash: d59a5b09083647369fcfd597269b83cd77d7bdc4

-------------------------------------------------------------------------------- 
[Changed Files]
CometLakePlatSamplePkg/prep.bat

================================================================================ 
Commit: 2a475f2f4d241ea15221e17d91c8043b60253901 
Author: ClientSysFWGit <clientsysfwgit@intel.com> 
Date: Tue May 14 20:12:40 2019 +0530 
-------------------------------------------------------------------------------- 
[CML]: Responsiveness improvement - Skip EC commands in s3 resume.

Ref ID: 1607053945

Original commit date: Tue Mar 12 17:02:11 2019 +0530
Change-Id: I64a901cb9fc6ed9fde8c24536eae186647a66874
Original commit hash: 0fdbf6b88f5865052507d764a51e406f9acdd0ba

-------------------------------------------------------------------------------- 
[Changed Files]
CometLakePlatSamplePkg/Board/Library/PeiBoardConfigLib/PeiBoardConfigLib.c
CometLakePlatSamplePkg/EC/EC.c
CometLakePlatSamplePkg/EC/EC.inf
CometLakePlatSamplePkg/Include/SetupVariable.h

================================================================================ 
Commit: 51d6ada2c0b9ed680dbcd6b1270ec0be4f2e2723 
Author: ClientSysFWGit <clientsysfwgit@intel.com> 
Date: Tue May 14 20:12:14 2019 +0530 
-------------------------------------------------------------------------------- 
CML-ChasmFalls: Fix BIOS Seamless Recovery in Release Build

- Fix IBB2 update overrides IBB2R during Capsule Update. Destroyed
  IBB2R would lead to Top-Sawp boot failure.

- Fix a 64KB flash vacumm in release build.

Ref ID: 1607027210, 1607027367, 1607044235

Original commit date: Mon Apr 15 17:12:27 2019 +0800
Change-Id: Ia37668bcb790be717c8e47d1afa3e18239ed5740
Original commit hash: 8a731b3491c1831af2ebe7409bc2d432b3fcbbd4

-------------------------------------------------------------------------------- 
[Changed Files]
CometLakePlatSamplePkg/Features/CapsuleUpdate/FaultTolerance.fdf
CometLakePlatSamplePkg/FlashMap/SIZE_110_FSP_WRAPPER.fdf

================================================================================ 
Commit: cc2bbd47d028efd467caeaeb2645de4048eecacf 
Author: ClientSysFWGit <clientsysfwgit@intel.com> 
Date: Tue May 14 20:12:05 2019 +0530 
-------------------------------------------------------------------------------- 
TrustedDeviceSetupRestricted: Allow TDS Extension to set display resolution

 - Add a function to the TDS Extension Protocol to allow it to set the
   display resolution.
   Change TDS Extension Protocol Revision to 3
 - Update TDS Extension to v1.00.01.0004
 - Cherry-picking Idcd71dcda010e9f84a73567b8dcb6fdd8d03c4f7,
   Id21cd9a3667aad20326f0d0d67c452185c2d4556,
   Ibce284c4580377d47a3b5f869a03ad00caec8f2a,
   I49246260df2911215d200977c1c356935b44036a
   https://git-amr-7.devtools.intel.com/gerrit/#/c/43128/
   https://git-amr-7.devtools.intel.com/gerrit/#/c/40092/
   https://git-amr-7.devtools.intel.com/gerrit/#/c/41818/
   https://git-amr-7.devtools.intel.com/gerrit/#/c/39644/

Ref ID: 1606828602, 2206795606
Original commit date: Tue Apr 2 23:18:11 2019 +0800
Change-Id: I1eaa729afceca9708e0b6d01242803f3404c74ff
Original commit hash: e037d4e6183ba2289da92d4c273302b568a46075

-------------------------------------------------------------------------------- 
[Changed Files]
CometLakePlatSamplePkg/Features/TrustedDeviceSetup/Intel_TDS_Extension.efi
CometLakePlatSamplePkg/Features/TrustedDeviceSetup/OemTrustedDeviceSetup.c
CometLakePlatSamplePkg/Features/TrustedDeviceSetup/TrustedDeviceSetup.c
CometLakePlatSamplePkg/Features/TrustedDeviceSetup/TrustedDeviceSetupExtensionProtocol.h
CometLakePlatSamplePkg/Include/TrustedDeviceSetup.h
CometLakePlatSamplePkg/Library/DxePlatformBootManagerLib/BdsPlatform.c
CometLakePlatSamplePkg/Library/DxePlatformBootManagerLib/BdsPlatform.h

================================================================================ 
Commit: c7ed7fbd8fd266c329f6203ac5acca8e168e32a1 
Author: ClientSysFWGit <clientsysfwgit@intel.com> 
Date: Tue May 14 20:11:41 2019 +0530 
-------------------------------------------------------------------------------- 
[TeamCity] CML Auto-Commit BIOS ID update CI Increment BIOS Major Version () and reset Minor Version to 0

Tue Apr 16 01:18:46 2019 -0700
Original commit date: Tue Apr 16 01:18:46 2019 -0700
Original commit hash: 94b46dae39fa7c160dc3e30a274cac4c0f8f6d5c

-------------------------------------------------------------------------------- 
[Changed Files]
CometLakePlatSamplePkg/Tools/GenBiosId/BiosId.env

================================================================================ 
Commit: fbff0936c046bdf3515bc5222b2c6e7d85870d22 
Author: ClientSysFWGit <clientsysfwgit@intel.com> 
Date: Tue May 14 20:10:53 2019 +0530 
-------------------------------------------------------------------------------- 
[CML] Fix EDKII XCODE CMLV build

EDKII XCODE - CMLV build is not generating ROM files in RomImages folder

Ref ID: 1507161189
Original commit date: Tue Apr 16 07:36:09 2019 +0800
Change-Id: I1c39b70d9acf316fba515ae0ffb5f085c4ba2255
Original commit hash: eccb9fefa3e629c519176ba6743a6a58f763a591

-------------------------------------------------------------------------------- 
[Changed Files]
CometLakePlatSamplePkg/PostBuild.sh

================================================================================ 
Commit: 248dc3db8eedcf543117bc65b464c26b9d435470 
Author: ClientSysFWGit <clientsysfwgit@intel.com> 
Date: Tue May 14 20:10:45 2019 +0530 
-------------------------------------------------------------------------------- 
CometLakePlatSamplePkg: Power Loss Notification (PLN) feature for SSD

Enable Power loss notification feature

Ref ID: 2207073205
Original commit date: Fri Mar 22 15:48:14 2019 +0800
Change-Id: Id2f48be83e71ed62ee3ce3b85526bf89c113e63e
Original commit hash: 2d759f90eb4568dad8fd6271901722755d577ac0

-------------------------------------------------------------------------------- 
[Changed Files]
CometLakePlatSamplePkg/Board/Others/DxeBoardInitLib/BoardInitLib.c
CometLakePlatSamplePkg/Board/Others/DxeBoardInitLib/BoardInitLib.inf
CometLakePlatSamplePkg/Board/Others/PeiBoardInitLib/GpioTableCmlSDdr4.h
CometLakePlatSamplePkg/Features/PLN/PowerLossNotifyDxe/PowerLossNotify.c
CometLakePlatSamplePkg/Features/PLN/PowerLossNotifyDxe/PowerLossNotify.h
CometLakePlatSamplePkg/Features/PLN/PowerLossNotifyDxe/PowerLossNotifyDxe.inf
CometLakePlatSamplePkg/Include/Library/EcCommands.h
CometLakePlatSamplePkg/Include/SetupVariable.h
CometLakePlatSamplePkg/PlatformPkg.dec
CometLakePlatSamplePkg/PlatformPkg.dsc
CometLakePlatSamplePkg/PlatformPkg.fdf
CometLakePlatSamplePkg/Setup/PlatformSetup.hfr
CometLakePlatSamplePkg/Setup/PlatformSetup.uni

================================================================================ 
Commit: bda7b56abdd75ee2a5556dbb3eddf92ac8127550 
Author: ClientSysFWGit <clientsysfwgit@intel.com> 
Date: Tue May 14 20:06:28 2019 +0530 
-------------------------------------------------------------------------------- 
[CML_Ebat_Validation][CFLS82][BIOS Information] R0 CPU Stepping show Unknown

Add EnumCpuCflDtHalo + EnumCflR0 for CML

Ref ID: 1507121667
Original commit date: Thu Apr 11 13:37:33 2019 +0800
Change-Id: I5a89fea890d228c18f8a692fdb1cba0efc061338
Original commit hash: 54b36441d88f80e6b2a5737fe63cf278080355c8

-------------------------------------------------------------------------------- 
[Changed Files]
CometLakePlatSamplePkg/Setup/CpuSetup.c
CometLakeSiliconPkg/Cpu/Include/CpuRegs.h
CometLakeSiliconPkg/SystemAgent/MemoryInitCfl/Include/MrcInterface.h

================================================================================ 
Commit: f7963378d7f9df0e4fdf6549a2210e8abe41cc0b 
Author: ClientSysFWGit <clientsysfwgit@intel.com> 
Date: Tue May 14 20:06:10 2019 +0530 
-------------------------------------------------------------------------------- 
[PCH] FSP explicitly make GSPI device in D3 and disable MMIO space if UPD set as PCI mode

* Added Save and Restore in Pci mode
  During Serial Io initialization any device in Pci mode will have its BAR0 assigned.
  if true BAR0, MSE, PMECSR (D0/D3) and PPR reset (MMIO) settings are saved and restored after initialization,

Ref ID: 1607167867
Original commit date: Fri Apr 12 18:06:41 2019 -0700
Change-Id: Iec2028aa0e6ad6f25bd530ae6aa39dad422573de
Original commit hash: e81714d6296ed2c64b20641b8097a18e061a65af

-------------------------------------------------------------------------------- 
[Changed Files]
CometLakeSiliconPkg/CmlvPch/Include/Private/Library/SerialIoPrivateLib.h
CometLakeSiliconPkg/CmlvPch/Library/Private/PeiSerialIoInitLib/PeiSerialIoI2cLib.c
CometLakeSiliconPkg/CmlvPch/Library/Private/PeiSerialIoInitLib/PeiSerialIoInitPrivateLib.c
CometLakeSiliconPkg/CmlvPch/Library/Private/PeiSerialIoInitLib/PeiSerialIoInitPrivateLib.h
CometLakeSiliconPkg/CmlvPch/Library/Private/PeiSerialIoInitLib/PeiSerialIoSpiLib.c
CometLakeSiliconPkg/CmlvPch/Library/Private/PeiSerialIoInitLib/PeiSerialIoUartLib.c
CometLakeSiliconPkg/Pch/Include/Private/Library/SerialIoPrivateLib.h
CometLakeSiliconPkg/Pch/Library/Private/PeiSerialIoInitLib/PeiSerialIoI2cLib.c
CometLakeSiliconPkg/Pch/Library/Private/PeiSerialIoInitLib/PeiSerialIoInitPrivateLib.c
CometLakeSiliconPkg/Pch/Library/Private/PeiSerialIoInitLib/PeiSerialIoInitPrivateLib.h
CometLakeSiliconPkg/Pch/Library/Private/PeiSerialIoInitLib/PeiSerialIoSpiLib.c
CometLakeSiliconPkg/Pch/Library/Private/PeiSerialIoInitLib/PeiSerialIoUartLib.c

================================================================================ 
Commit: 14b59c00f6b067bce8b54ea2a375471b15db422c 
Author: ClientSysFWGit <clientsysfwgit@intel.com> 
Date: Tue May 14 20:06:02 2019 +0530 
-------------------------------------------------------------------------------- 
[CML][TBT] There are some setup values that be changed in TbtSetup.c but didnt set the RequestString.

Ref ID: 1507073312
Original commit date: Thu Apr 11 15:21:06 2019 +0530
Change-Id: I49094d1171a1b0bd49c4089f9b4b6c7ee0fd8a6d
Original commit hash: 65333a064b6e3cbf9c0a385fc89e6fab03ae9ab7

-------------------------------------------------------------------------------- 
[Changed Files]
CometLakePlatSamplePkg/Setup/TbtSetup.c

================================================================================ 
Commit: 6085bcce322289fff06a724c78e1eb58f9dbf87d 
Author: ClientSysFWGit <clientsysfwgit@intel.com> 
Date: Tue May 14 20:05:53 2019 +0530 
-------------------------------------------------------------------------------- 
[PCH] Update default DLL values for eMMC in WHL-U platform with CML BIOS.

Ref ID: 1409210334
Original commit date: Wed Apr 10 17:28:58 2019 -0700
Change-Id: If4ea6469dec946ceff798a3fc6be368b38353af3
Original commit hash: 29a33721b3e534de2eea1ae423494ba3c692ad49

-------------------------------------------------------------------------------- 
[Changed Files]
CometLakeSiliconPkg/Pch/Library/Private/PeiScsLib/PeiScsInitCnl.c

================================================================================ 
Commit: bc01c72259bd115092298e8392466c4c5d4c3695 
Author: ClientSysFWGit <clientsysfwgit@intel.com> 
Date: Tue May 14 20:05:43 2019 +0530 
-------------------------------------------------------------------------------- 
[CML] Sync CML SA with WHL SA

Ref ID: NA
Original commit date: Mon Apr 1 15:56:35 2019 +0530
Change-Id: I9a104fe230f629bb0d698aecf52f779b0384360d
Original commit hash: b029775b327167b204eec970f62a1734cea21040

-------------------------------------------------------------------------------- 
[Changed Files]
CometLakeSiliconPkg/SystemAgent/Library/Private/DxeSmbiosMemoryLib/SmbiosType19.c
CometLakeSiliconPkg/SystemAgent/Library/Private/PeiSaPcieInitLib/PeiSaPcieInitLib.c

================================================================================ 
Commit: 4c3ffb2eadec66cfbf3e3f1fe9f526ce3dcb549b 
Author: ClientSysFWGit <clientsysfwgit@intel.com> 
Date: Tue May 14 20:05:22 2019 +0530 
-------------------------------------------------------------------------------- 
[Client Master]Updated per issue assessment(In ConvertBmpToGopBlt()).

  Update per issue assessment.

Ref ID: 1507160002
Original commit date: Mon Apr 15 13:27:15 2019 +0800
Change-Id: Ic9cbb11d161460db22ad9f5682bf78cea42490a6
Original commit hash: dc90bdc5ec3de326c7e31e799dc1041d089d0f4e

-------------------------------------------------------------------------------- 
[Changed Files]
ClientCommonPkg/Library/DxeLogoLib/Logo.c

================================================================================ 
Commit: 97b21aea3c88e386c6b0ce7e0587bb0163429aec 
Author: ClientSysFWGit <clientsysfwgit@intel.com> 
Date: Tue May 14 20:05:03 2019 +0530 
-------------------------------------------------------------------------------- 
[TeamCity] CML Auto-Commit BIOS ID update CI Increment BIOS Major Version () and reset Minor Version to 0

Mon Apr 15 01:18:36 2019 -0700
Original commit date: Mon Apr 15 01:18:36 2019 -0700
Original commit hash: 688c5e336f47aa9706836e6c77c72ffee392a198

-------------------------------------------------------------------------------- 
[Changed Files]
CometLakePlatSamplePkg/Tools/GenBiosId/BiosId.env

================================================================================ 
Commit: 54dc8ca35ccccfe974e807f15b45c4d177dd7cba 
Author: ClientSysFWGit <clientsysfwgit@intel.com> 
Date: Tue May 14 20:04:45 2019 +0530 
-------------------------------------------------------------------------------- 
CometLakePlatSamplePkg: [CML-S] Hdd disk is not getting listed under PEP device list

The setup option to enumerate SATA port in PEP list should be default enabled.

Ref ID: 1507140406
Original commit date: Tue Apr 2 20:34:58 2019 +0800
Change-Id: I8388429dbe7b9f6052977dc46f4b0e6da574111d
Original commit hash: c93da7526769527580d7c65d86f199f0f589cea3

-------------------------------------------------------------------------------- 
[Changed Files]
CometLakePlatSamplePkg/Board/Include/OtherBoardConfigPatchTable.h

================================================================================ 
Commit: d134a32241de57f6c9f5c1b8752137823ae4acd5 
Author: ClientSysFWGit <clientsysfwgit@intel.com> 
Date: Tue May 14 20:03:31 2019 +0530 
-------------------------------------------------------------------------------- 
[PCH] PCI Express Root Port9 setup item grayed out after enable Pcie Controller 3 Lane Reversal in ME

Added a check for lane reversal when displaying setup options

Ref ID: 1407982953
Original commit date: Tue Apr 2 09:14:22 2019 -0700
Change-Id: I64ec6553f48f987eedb2811553c87685af882ae9
Original commit hash: af13cafa6bcc5086debc37c770fd8e332e665ee6

-------------------------------------------------------------------------------- 
[Changed Files]
CometLakePlatSamplePkg/Setup/PchSetup.c
CometLakeSiliconPkg/Pch/Include/PchInfoHob.h
CometLakeSiliconPkg/Pch/Library/Private/PeiDxeSmmPchFiaLib/PchFiaLibCnl.c
CometLakeSiliconPkg/Pch/Library/Private/PeiDxeSmmPchFiaLib/PeiDxeSmmPchFiaLibCnl.inf
CometLakeSiliconPkg/Pch/Library/Private/PeiPchInitLib/PchHobs.c

================================================================================ 
Commit: cb2533657b3745d4d6e62821b292739abd9c3bee 
Author: ClientSysFWGit <clientsysfwgit@intel.com> 
Date: Tue May 14 20:01:46 2019 +0530 
-------------------------------------------------------------------------------- 
[TeamCity] CML Auto-Commit BIOS ID update CI Increment BIOS Major Version () and reset Minor Version to 0

Sun Apr 14 01:16:57 2019 -0700
Original commit date: Sun Apr 14 01:16:57 2019 -0700
Original commit hash: c11532bc1d92762f1b7d0e55a29e06e3673e1ef2

-------------------------------------------------------------------------------- 
[Changed Files]
CometLakePlatSamplePkg/Tools/GenBiosId/BiosId.env

================================================================================ 
Commit: 51ebeb989cd169420bb1bbcee742cfdc3b37bda6 
Author: ClientSysFWGit <clientsysfwgit@intel.com> 
Date: Tue May 14 20:00:36 2019 +0530 
-------------------------------------------------------------------------------- 
[TeamCity] CML Auto-Commit BIOS ID update CI Increment BIOS Major Version () and reset Minor Version to 0

Sat Apr 13 01:14:02 2019 -0700
Original commit date: Sat Apr 13 01:14:02 2019 -0700
Original commit hash: 2f9c2fbf876264741c02a44c5f29d7ba923da060

-------------------------------------------------------------------------------- 
[Changed Files]
CometLakePlatSamplePkg/Tools/GenBiosId/BiosId.env
