================================================================================ 
Commit: c3741f395725e0133308913feb91176bdb0dcad4 
Author: ClientSysFWGit <clientsysfwgit@intel.com> 
Date: Thu Jan 31 16:15:49 2019 -0800 
-------------------------------------------------------------------------------- 
[TeamCity] Weekly Update BIOS ID

Increment BIOS Major Version and reset Minor Version to 0

Wed Jan 30 18:09:12 2019 -0800
Original commit date: Wed Jan 30 18:09:12 2019 -0800
Original commit hash: 30dc156a7412e71b89df50cc481a544a037fa173

-------------------------------------------------------------------------------- 
[Changed Files]
CannonLakePlatSamplePkg/Tools/GenBiosId/BiosId.env

================================================================================ 
Commit: 6654730517b4f3305664181d678940eadb48028b 
Author: ClientSysFWGit <clientsysfwgit@intel.com> 
Date: Thu Jan 31 16:15:49 2019 -0800 
-------------------------------------------------------------------------------- 
[PCH] Add support for new CNP-H H310D sku

Hsd-es-id: 1408827319
Original commit date: Thu Jan 17 15:09:05 2019 -0800
Change-Id: I900292c1d57a84745509f8c20e33eaf6ccb3539f
Original commit hash: e24c7f9dd58e688d3ddd14c84983f361617a85dc

-------------------------------------------------------------------------------- 
[Changed Files]
CannonLakeSiliconPkg/Pch/Include/Register/PchRegsLpcCnl.h
CannonLakeSiliconPkg/Pch/Library/PeiDxeSmmPchInfoLib/PchInfoLibCnl.c

================================================================================ 
Commit: f0f85b63a7b9733db63c3d2070ec8ecd4b65adc8 
Author: ClientSysFWGit <clientsysfwgit@intel.com> 
Date: Thu Jan 31 16:15:48 2019 -0800 
-------------------------------------------------------------------------------- 
[TeamCity]  Daily Update_FSP/RC

Wed Jan 30 11:36:55 2019 -0800
Original commit date: Wed Jan 30 11:36:55 2019 -0800
Original commit hash: 1188d88db8da527d1a5810329c0855c93e9d59f0

-------------------------------------------------------------------------------- 
[Changed Files]
CannonLakeFspPkg/CannonLakeFspPkg.dec
CannonLakeSiliconPkg/SiPkg.dec

================================================================================ 
Commit: ab185e7559c6429f74bdb9c217376e74a9c19252 
Author: ClientSysFWGit <clientsysfwgit@intel.com> 
Date: Thu Jan 31 16:15:48 2019 -0800 
-------------------------------------------------------------------------------- 
[PCH] Update default DLL values for eMMC in WHL BIOS

Update default DLL values for eMMC in WHL BIOS

Hsd-es-id: 1507019445
Original commit date: Mon Jan 21 23:30:32 2019 -0800
Change-Id: I3c5226d5f2feec3509f3ea22ba74d11ea903d9ad
Original commit hash: 0fa4514c7420cfe1d69302d757d6ac3366eaf058

-------------------------------------------------------------------------------- 
[Changed Files]
CannonLakeSiliconPkg/Pch/Library/Private/PeiScsLib/PeiScsInitCnl.c

================================================================================ 
Commit: d17fb767a41ab1080b48623b9b8b1710cf1743b5 
Author: ClientSysFWGit <clientsysfwgit@intel.com> 
Date: Thu Jan 31 16:15:48 2019 -0800 
-------------------------------------------------------------------------------- 
Revert "CannonLakePlatSamplePkg: Integrate version 0.0.23 of UEFI PXE"
[BIOS][CFL-H62/82][S62/S82][WHL][CNPH][Regression]:LAN media status is showing " Media Disconnected" in Onboard network functionality in EFi shell.
[BIOS][CFL-H/S62][CNPH][WHL-U42][Corp][Regression]:PXE boot option is not appearing under Boot manager menu after enabling EFI N/W and PXE ROM

Resolution: Revert "CannonLakePlatSamplePkg: Integrate version 0.0.23 of UEFI PXE".
            This reverts commit a7be68768ea9219e91f00b969702f995a45dd0b0.
Impacted: All CFL/WHL platforms.

Hsd-es-id: 1606943003 1606944328
Original commit date: Wed Jan 30 14:18:28 2019 +0800
Change-Id: Ib44a061380d14b72f9aacacea8d6f1f419d32aa7
Original commit hash: 8ebc3422f2c3a32ca74f699662f30f0f4b4f5726

-------------------------------------------------------------------------------- 
[Changed Files]
CannonLakePlatSamplePkg/PlatformPkg.fdf

================================================================================ 
Commit: 5e43395b2e602129f3afd42dd3d685eb9a68b220 
Author: ClientSysFWGit <clientsysfwgit@intel.com> 
Date: Thu Jan 31 16:15:48 2019 -0800 
-------------------------------------------------------------------------------- 
[TeamCity]  Daily Update_FSP/RC

Tue Jan 29 11:37:05 2019 -0800
Original commit date: Tue Jan 29 11:37:05 2019 -0800
Original commit hash: e63a320b5aaae864303a3cb47c166d0caa527c5d

-------------------------------------------------------------------------------- 
[Changed Files]
CannonLakeFspPkg/CannonLakeFspPkg.dec
CannonLakeSiliconPkg/SiPkg.dec

================================================================================ 
Commit: a9f7515df80411a65c064dae66843921a250bf33 
Author: ClientSysFWGit <clientsysfwgit@intel.com> 
Date: Thu Jan 31 16:15:47 2019 -0800 
-------------------------------------------------------------------------------- 
[TeamCity]  Daily Update_FSP/RC

Mon Jan 28 11:36:55 2019 -0800
Original commit date: Mon Jan 28 11:36:55 2019 -0800
Original commit hash: fcef717785dcbe08d3cfba7c0ad78dfed665cff9

-------------------------------------------------------------------------------- 
[Changed Files]
CannonLakeFspPkg/CannonLakeFspPkg.dec
CannonLakeSiliconPkg/SiPkg.dec

================================================================================ 
Commit: 88dceac2ac191de9e06b0c0e546bf8f8a176133b 
Author: ClientSysFWGit <clientsysfwgit@intel.com> 
Date: Thu Jan 31 16:15:47 2019 -0800 
-------------------------------------------------------------------------------- 
[TeamCity] CNL Weekly Update_FSP/RC

Sun Jan 27 12:06:40 2019 -0800
Original commit date: Sun Jan 27 12:06:40 2019 -0800
Original commit hash: 2b689a03f4a2311d827784539249d48421e1aaf2

-------------------------------------------------------------------------------- 
[Changed Files]
CannonLakeFspPkg/CannonLakeFspPkg.dec
CannonLakeSiliconPkg/SiPkg.dec

================================================================================ 
Commit: 60ba9d9a2c87b89bc167ea27c40c02bc0e8638a1 
Author: ClientSysFWGit <clientsysfwgit@intel.com> 
Date: Thu Jan 31 16:15:47 2019 -0800 
-------------------------------------------------------------------------------- 
[TeamCity]  Daily Update_FSP/RC

Sun Jan 27 11:36:19 2019 -0800
Original commit date: Sun Jan 27 11:36:19 2019 -0800
Original commit hash: e5894d91b0ec234001f731dc39eec74869f92f2a

-------------------------------------------------------------------------------- 
[Changed Files]
CannonLakeFspPkg/CannonLakeFspPkg.dec
CannonLakeSiliconPkg/SiPkg.dec

================================================================================ 
Commit: 3f40daf4fbe57b07972e6ab5121365002fd173de 
Author: ClientSysFWGit <clientsysfwgit@intel.com> 
Date: Thu Jan 31 16:15:47 2019 -0800 
-------------------------------------------------------------------------------- 
[TeamCity]  Daily Update_FSP/RC

Sat Jan 26 11:47:58 2019 -0800
Original commit date: Sat Jan 26 11:47:58 2019 -0800
Original commit hash: 325a332d1fac866b322f28fb017dbba4a4d874f4

-------------------------------------------------------------------------------- 
[Changed Files]
CannonLakeFspPkg/CannonLakeFspPkg.dec
CannonLakeSiliconPkg/SiPkg.dec

================================================================================ 
Commit: 801927d2db02b561d9c00d4a3136c574427ffb78 
Author: ClientSysFWGit <clientsysfwgit@intel.com> 
Date: Thu Jan 31 16:15:46 2019 -0800 
-------------------------------------------------------------------------------- 
[TeamCity]  Daily Update_FSP/RC

Fri Jan 25 11:37:09 2019 -0800
Original commit date: Fri Jan 25 11:37:09 2019 -0800
Original commit hash: 1cd33297e191841b10d36c51f63e43b5f723b46e

-------------------------------------------------------------------------------- 
[Changed Files]
CannonLakeFspPkg/CannonLakeFspPkg.dec
CannonLakeSiliconPkg/SiPkg.dec

================================================================================ 
Commit: e82f53b8013f9202a03b419dcac1b10189143884 
Author: ClientSysFWGit <clientsysfwgit@intel.com> 
Date: Thu Jan 31 16:15:46 2019 -0800 
-------------------------------------------------------------------------------- 
[TeamCity] Weekly Update BIOS ID

Increment BIOS Major Version and reset Minor Version to 0

Thu Jan 24 23:56:03 2019 -0800
Original commit date: Thu Jan 24 23:56:03 2019 -0800
Original commit hash: 2f21ce0bda055eef4d0ad0c0499fc8586dd0c270

-------------------------------------------------------------------------------- 
[Changed Files]
CannonLakePlatSamplePkg/Tools/GenBiosId/BiosId.env

================================================================================ 
Commit: 65cb1d52fbb058e93580cb97bd604203c2e7c189 
Author: ClientSysFWGit <clientsysfwgit@intel.com> 
Date: Thu Jan 31 16:15:46 2019 -0800 
-------------------------------------------------------------------------------- 
[PCH] Update cmd_data_sdr104_hs200 DLL register with auto tuning value on D3 entry

To work around controller/OS driver integration problems
for our integrated eMMC controller on every _PS3 method
execution for eMMC ASL will transition the controller to
D0, program 2x the auto tuning value into cmd_data_sdr104_hs200
and transition the controller back to D3. It is assumed that
if auto tuning flow has been executed by OS the DLL value in
auto tuning register is not 0. This is only a temporary work
around that shouldn't be merged into later project indescreminantely.
Path PLL has been changed to 0 since its value affects auto tune
DLL value. With path PLL being 0x18 we were not programming
correct DLL value into cmd_data_sdr104_hs200.

Hsd-es-id: 1806846654
Original commit date: Tue Jan 8 14:54:51 2019 +0100
Change-Id: I754c578970fc9246698533c37a0f157cc94ff05c
Original commit hash: e99c49662095e2aad8a93105272eaaa733ffa673

-------------------------------------------------------------------------------- 
[Changed Files]
CannonLakeSiliconPkg/Pch/AcpiTables/Dsdt/PchScs.asl
CannonLakeSiliconPkg/Pch/Include/PchReservedResources.h
CannonLakeSiliconPkg/Pch/Include/Register/PchRegsScsSd.h
CannonLakeSiliconPkg/Pch/Library/Private/PeiScsLib/PeiScsInitCnl.c

================================================================================ 
Commit: 026dcbb4b3cc6046a13a5a76d8ab43803aef2748 
Author: ClientSysFWGit <clientsysfwgit@intel.com> 
Date: Thu Jan 31 16:15:46 2019 -0800 
-------------------------------------------------------------------------------- 
Revert "Update PV RST driver to 17.0.0.3720"

This reverts commit 4442bd097c6d4fc6ab6c9edb258c2634c31aa263.

Hsd-es-id: N/A
Original commit date: Thu Jan 24 14:42:56 2019 -0700
Change-Id: Ide2d66f6289e32efd600bf878ba1ca351bf1155a
Original commit hash: 875470fcfadf945a262fba034ded4da2148eaeeb

-------------------------------------------------------------------------------- 
[Changed Files]
CannonLakePlatSamplePkg/PlatformInit/PlatformInitDxe/PlatformInitDxe.c

================================================================================ 
Commit: 2840485321836446301145a17fbf4042b6ba3c5f 
Author: ClientSysFWGit <clientsysfwgit@intel.com> 
Date: Thu Jan 31 16:15:45 2019 -0800 
-------------------------------------------------------------------------------- 
[CFL-H82][WHL-U 42] - Preboot integrating UEFI WiFi and BT binaries in Bios

Add/update Preboot WiFi/BT related binaries

Hsd-es-id: 1606787721
Original commit date: Thu Jan 24 17:27:13 2019 +0800
Change-Id: Ifb8fa051603e7c4dad3e2c8b9d2069053a4687cf
Original commit hash: f18afbbaff82a8da3db28fd813e6df41ea13894a

-------------------------------------------------------------------------------- 
[Changed Files]
CannonLakePlatSamplePkg/PlatformPkg.fdf

================================================================================ 
Commit: 65e7c55ffdfac84576dcef185220f1223ca83d20 
Author: ClientSysFWGit <clientsysfwgit@intel.com> 
Date: Thu Jan 31 16:15:45 2019 -0800 
-------------------------------------------------------------------------------- 
[CFL/WHL] CPU Hyper-Threading BIOS setup help message wording improvement

Hsd-es-id: 1606896832
Original commit date: Tue Jan 8 19:05:26 2019 +0800
Change-Id: Id3ceab67aa5fa5ba1b6655d544f76b1f37016b07
Original commit hash: 3a2c6b61ff16e3da6581b0ac7481e6578f57d49c

-------------------------------------------------------------------------------- 
[Changed Files]
CannonLakePlatSamplePkg/Setup/CpuSetup.uni

================================================================================ 
Commit: 46050cd781ff9068274550f0b459d90cb72b8dbc 
Author: ClientSysFWGit <clientsysfwgit@intel.com> 
Date: Thu Jan 31 16:15:45 2019 -0800 
-------------------------------------------------------------------------------- 
[CFL][TBT] Debug BIOS assert after saving setup option in Front Page

Deprecated SetupVolatileData->TbtFwSupportedFeature

Hsd-es-id: 1507032932
Original commit date: Tue Jan 22 13:58:22 2019 +0800
Change-Id: I070ec19d4147d7515187414b49ec8d12ba2510a7
Original commit hash: 9a1796d66a87ce44b16f6bbfbf97808b5ed63770

-------------------------------------------------------------------------------- 
[Changed Files]
CannonLakePlatSamplePkg/Include/OemSetup.h
CannonLakePlatSamplePkg/Setup/TbtSetup.c

================================================================================ 
Commit: 3db8c1a2f35f964032c8c3b7be8f7a3d735a2051 
Author: ClientSysFWGit <clientsysfwgit@intel.com> 
Date: Thu Jan 31 16:14:48 2019 -0800 
-------------------------------------------------------------------------------- 
CannonLakePlatSamplePkg/Acpi:[WHL Cons] HW DRIPS percentage of sleepstudy report is lower than SLP_S0# assertion residency in PHM logs (~4% gap)

Fix SLP_S0 drift issue in which BIOS needs to report SLP_S0 Residency counter frequency as 9580 rather than 10000 in LPIT table.
The fix (db6bb221c7fdcedc29ff9e20f7ad4406fbcee87b) was accidental removed by previous change, this change is adding the fix back.

Hsd-es-id: 1606916058
Original commit date: Mon Jan 21 13:23:17 2019 +0800
Change-Id: Id1e2cb5f271495570008e6fd593e56e8d19cc89e
Original commit hash: 24a621f9f8e09fbe954e14e12d9de4acfd358600

-------------------------------------------------------------------------------- 
[Changed Files]
CannonLakePlatSamplePkg/Features/Acpi/AcpiTables/AcpiFeatures.c

================================================================================ 
Commit: 97d1318e25814857318789af42ad1fe3d1280fb7 
Author: ClientSysFWGit <clientsysfwgit@intel.com> 
Date: Thu Jan 31 16:05:56 2019 -0800 
-------------------------------------------------------------------------------- 
CannonLakePlatSamplePkg: Integrate version 0.0.23 of UEFI PXE for Jacksonville

Update UEFI PXE for WHL/CFL.

Hsd-es-id: 1408870559
Original commit date: Mon Jan 21 15:53:20 2019 +0800
Change-Id: Ibf8d333560cb5146f3fc5bfdbe0587b7e5d45aca
Original commit hash: a7be68768ea9219e91f00b969702f995a45dd0b0

-------------------------------------------------------------------------------- 
[Changed Files]
CannonLakePlatSamplePkg/PlatformPkg.fdf

================================================================================ 
Commit: e9d1274a7f815c12489152df7637b993a9c36eac 
Author: ClientSysFWGit <clientsysfwgit@intel.com> 
Date: Thu Jan 31 16:05:38 2019 -0800 
-------------------------------------------------------------------------------- 
Add robust support for mass storage drivers dispatch

Since our code for dispatching drivers for mass storage device
depended heavliy on mass storage device interface type and had different
flow for our integrated device vs discrete device we run
into the problem with dispatching drivers for discrete RAID
devices. This commit adds code that connects drivers to all
known storage devices including discrete RAIDs

Hsd-es-id: 1806858050
Original commit date: Wed Jan 23 11:59:54 2019 +0100
Change-Id: I0fe17c467b87df28777176ae6784f1fdd3ec711b
Original commit hash: 57da5cef1a36cec718bc4ad903cc68a38497c9be

-------------------------------------------------------------------------------- 
[Changed Files]
CannonLakePlatSamplePkg/Library/DxePlatformBootManagerLib/BdsPlatform.c
CannonLakePlatSamplePkg/Library/DxePlatformBootManagerLib/PlatformData.c

================================================================================ 
Commit: 908a0877b75907fbd9e42dec314c0823ec127080 
Author: ClientSysFWGit <clientsysfwgit@intel.com> 
Date: Thu Jan 31 15:47:35 2019 -0800 
-------------------------------------------------------------------------------- 
SGX Menu not functioning as expected

Update Setup Menu logic

Hsd-es-id: 1606804487
Original commit date: Wed Jan 2 15:59:28 2019 -0800
Change-Id: I8c0065cb94397d80edbd04c13f68bd8ab8ef9a4e
Original commit hash: b62036ff3e7c2f74100aef9a5aafaf38f2ce39c3

-------------------------------------------------------------------------------- 
[Changed Files]
CannonLakePlatSamplePkg/Setup/CpuSetup.hfr

================================================================================ 
Commit: 44372f0143a7da0ce09076ce517f7eb4f9da0660 
Author: ClientSysFWGit <clientsysfwgit@intel.com> 
Date: Thu Jan 31 15:41:42 2019 -0800 
-------------------------------------------------------------------------------- 
[TeamCity]  Daily Update_FSP/RC

Thu Jan 24 11:37:49 2019 -0800
Original commit date: Thu Jan 24 11:37:49 2019 -0800
Original commit hash: b12a0c4bd1fb51918f9d92050601e50c210ac977

-------------------------------------------------------------------------------- 
[Changed Files]
CannonLakeFspPkg/CannonLakeFspPkg.dec
CannonLakeSiliconPkg/SiPkg.dec

================================================================================ 
Commit: aff3fde20e011f4aa1def767a3f30c9ee6b3971f 
Author: ClientSysFWGit <clientsysfwgit@intel.com> 
Date: Thu Jan 31 15:41:38 2019 -0800 
-------------------------------------------------------------------------------- 
[TeamCity]  Daily Update_FSP/RC

Tue Jan 22 11:37:48 2019 -0800
Original commit date: Tue Jan 22 11:37:48 2019 -0800
Original commit hash: af881034d43b0e28b87db9994ac039b18a080b17

-------------------------------------------------------------------------------- 
[Changed Files]
CannonLakeFspPkg/CannonLakeFspPkg.dec
CannonLakeSiliconPkg/SiPkg.dec

================================================================================ 
Commit: 7bcbbef77b5fa7669c0f84a9eef78122aa24f734 
Author: ClientSysFWGit <clientsysfwgit@intel.com> 
Date: Thu Jan 31 15:41:35 2019 -0800 
-------------------------------------------------------------------------------- 
[TeamCity]  Daily Update_FSP/RC

Mon Jan 21 11:37:54 2019 -0800
Original commit date: Mon Jan 21 11:37:54 2019 -0800
Original commit hash: 197e7ced7125fea8701fa9f8bc7e04d2402d86af

-------------------------------------------------------------------------------- 
[Changed Files]
CannonLakeFspPkg/CannonLakeFspPkg.dec
CannonLakeSiliconPkg/SiPkg.dec

================================================================================ 
Commit: 62720cc3fd6631b83732260c15bb7c9cbabd9005 
Author: ClientSysFWGit <clientsysfwgit@intel.com> 
Date: Thu Jan 31 15:41:31 2019 -0800 
-------------------------------------------------------------------------------- 
[TeamCity] CNL Weekly Update_FSP/RC

Sun Jan 20 12:07:12 2019 -0800
Original commit date: Sun Jan 20 12:07:12 2019 -0800
Original commit hash: fa2964947c1473d8c20feb974d712056cd0276c2

-------------------------------------------------------------------------------- 
[Changed Files]
CannonLakeFspPkg/CannonLakeFspPkg.dec
CannonLakeSiliconPkg/SiPkg.dec

================================================================================ 
Commit: b5e2cb4500030cc8c6218095e973a6c3e5cf70cc 
Author: ClientSysFWGit <clientsysfwgit@intel.com> 
Date: Thu Jan 31 15:41:30 2019 -0800 
-------------------------------------------------------------------------------- 
[TeamCity]  Daily Update_FSP/RC

Sun Jan 20 11:37:28 2019 -0800
Original commit date: Sun Jan 20 11:37:28 2019 -0800
Original commit hash: 57f9b622462b4c93282bbf3f3ddaf4fc78a4b4e0

-------------------------------------------------------------------------------- 
[Changed Files]
CannonLakeFspPkg/CannonLakeFspPkg.dec
CannonLakeSiliconPkg/SiPkg.dec

================================================================================ 
Commit: 5b24972295024b56841e39fe642887b3d6c68eda 
Author: ClientSysFWGit <clientsysfwgit@intel.com> 
Date: Thu Jan 31 15:41:29 2019 -0800 
-------------------------------------------------------------------------------- 
[TeamCity]  Daily Update_FSP/RC

Sat Jan 19 11:39:57 2019 -0800
Original commit date: Sat Jan 19 11:39:57 2019 -0800
Original commit hash: 0855d8ba3d94e15946562c915f5285c198f5787a

-------------------------------------------------------------------------------- 
[Changed Files]
CannonLakeFspPkg/CannonLakeFspPkg.dec
CannonLakeSiliconPkg/SiPkg.dec

================================================================================ 
Commit: 37aaf7270ce328143bb08e97c89845253a581e86 
Author: ClientSysFWGit <clientsysfwgit@intel.com> 
Date: Thu Jan 31 15:41:27 2019 -0800 
-------------------------------------------------------------------------------- 
[TeamCity]  Daily Update_FSP/RC

Fri Jan 18 11:37:20 2019 -0800
Original commit date: Fri Jan 18 11:37:20 2019 -0800
Original commit hash: 6c7aa3221c6ae68822270e47c53ab90518e0e0cf

-------------------------------------------------------------------------------- 
[Changed Files]
CannonLakeFspPkg/CannonLakeFspPkg.dec
CannonLakeSiliconPkg/SiPkg.dec
