================================================================================ 
Commit: af0b04a4d870a885b658c03dda561ccc00decc8a 
Author: ClientSysFWGit <clientsysfwgit@intel.com> 
Date: Wed Aug 14 12:16:49 2024 -0700 
-------------------------------------------------------------------------------- 
Added Sipkg and Doxygen for LNL.3221.83

-------------------------------------------------------------------------------- 
[Changed Files]
Doxygen/BoardApi.chm
Doxygen/FspApi.chm
Doxygen/LunarLake_FSP_Integration_Guide.chm
Doxygen/LunarLake_FSP_Integration_Guide.pdf
Doxygen/PlatApi.chm
Doxygen/SiPkgApi.chm
LICENSE.txt
OneSiliconPkg/SiPkg.dec

================================================================================ 
Commit: 23ca066b36183a64e94d1a9d67a621d09cc9dcd1 
Author: ClientSysFWGit <clientsysfwgit@intel.com> 
Date: Wed Aug 14 12:04:56 2024 -0700 
-------------------------------------------------------------------------------- 
"[TeamCity] LNL LunarLake_lunarlake_program_platform_Daily Daily Updating Version/ID: LunarLake_3221_83

Hsd-es-id: N/A"
Original commit date: Sun Aug 11 06:41:27 2024 -0700
Original commit hash: a29e7a33768f32648e8647ac0421b1d17fc98ec9

-------------------------------------------------------------------------------- 
[Changed Files]
LunarLakeBoardPkg/BiosId.env
OneSiliconPkg/Product/LunarLake/SiPkgPcdInit.dsc

================================================================================ 
Commit: ce7a50f5cb99fcc8ceb014d2fdeac9e50668dc80 
Author: ClientSysFWGit <clientsysfwgit@intel.com> 
Date: Wed Aug 14 12:04:52 2024 -0700 
-------------------------------------------------------------------------------- 
"[TeamCity] LNL LunarLake_lunarlake_program_platform_Daily Daily Updating Version/ID: LunarLake_3221_82

Hsd-es-id: N/A"
Original commit date: Thu Aug 8 23:23:54 2024 -0700
Original commit hash: d0fa313837d2165a9b1c0c13845a64557cd9d414

-------------------------------------------------------------------------------- 
[Changed Files]
LunarLakeBoardPkg/BiosId.env
OneSiliconPkg/Product/LunarLake/SiPkgPcdInit.dsc

================================================================================ 
Commit: 84fcd9b0485de6ab32e2f374cb6207735ef614fe 
Author: ClientSysFWGit <clientsysfwgit@intel.com> 
Date: Wed Aug 14 12:04:47 2024 -0700 
-------------------------------------------------------------------------------- 
Update MRC Green Payload for MRC build revision 0.1.102.0

[Feature Description]
Updating MrcVersion.h and ReleaseNotes.

Package/Module:OneSiliconPkg/MemoryInit/Lnl

[Impacted Platform] All

Hsd-es-id: 22014478540
Original commit date: Thu Aug 8 20:16:11 2024 -0700
Original commit hash: d29fbb4de56a0622dae966ab2940a9ab3f2a9c46

-------------------------------------------------------------------------------- 
[Changed Files]
OneSiliconPkg/IpBlock/MemoryInit/Lnl/Blue/PeiMemoryInitLib/Source/UcManagement/MrcUcPayloadData.c

================================================================================ 
Commit: 86375430c92f4b80cf354c45847ce83832f32a72 
Author: ClientSysFWGit <clientsysfwgit@intel.com> 
Date: Wed Aug 14 12:04:43 2024 -0700 
-------------------------------------------------------------------------------- 
Update MrcVersion.h and ReleaseNotes to 0.1.102.0

[Issue Description]
Need to update lunarlake_family to the most recent MRC version.

[Resolution]
Updating MrcVersion.h and ReleaseNotes

Package/Module:OneSiliconPkg/MemoryInit/Lnl

[Impacted Platform]
All

Registers impacted: None

Hsd-es-id: 22020360737
Original commit date: Thu Aug 8 19:52:34 2024 -0700
Change-Id: I03ebfe3dab5a6b4eb0c71b1dd4fae748abc7588c
Original commit hash: 231607d04b866d64ced8d6c7d5eafde15c5f0e30

-------------------------------------------------------------------------------- 
[Changed Files]
OneSiliconPkg/IpBlock/MemoryInit/Lnl/Common/Include/MrcVersion.h

================================================================================ 
Commit: aa27fa122d731b4358560395abe435af5174ce70 
Author: ClientSysFWGit <clientsysfwgit@intel.com> 
Date: Wed Aug 14 12:04:38 2024 -0700 
-------------------------------------------------------------------------------- 
Update MRC Release Notes and increment MRC build revision to 0.1.101.3

[Feature Description]
Updating MrcVersion.h and ReleaseNotes.

Package/Module:OneSiliconPkg/MemoryInit/Lnl

[Impacted Platform] All

Hsd-es-id: 22014478540
Original commit date: Fri Aug 9 01:00:25 2024 +0000
Original commit hash: e4d3781205b8dddf357347e6e39c43dbb5d6012a

-------------------------------------------------------------------------------- 
[Changed Files]
OneSiliconPkg/IpBlock/MemoryInit/Lnl/Common/Include/MrcVersion.h

================================================================================ 
Commit: 9bd7d0c32d3ce01b8f175f27f4763110fcaf1a10 
Author: ClientSysFWGit <clientsysfwgit@intel.com> 
Date: Wed Aug 14 12:04:34 2024 -0700 
-------------------------------------------------------------------------------- 
[LNL] Enable Per dram special settings for 8533 2R memories

[Feature Description]
Adding dedicated settings for better Rx/Tx margins at 8533/2R
For selected DRAMs at 8533/2R:
- Provide EV-tuned initial values for PHY side:
- RCOMP targets
- DqTco
- RxEq Tap0
- Provide EV-tuned initial values for DRAM side:
- DIMM RttWr
- SOC ODT
- PDDS
- Pre-Emphasis
- WCK DCA WR, WCK DCA RD
- DIMM DFE
- Skip these training steps for selected DRAMs at 8533/2R:
- Pre Emphasis
- DIMM DFE
- WriteEqDs
- ReadODT
- ReadEq

Package/Module: OneSiliconPkg/MemoryInit

[Impacted Platform] all

Hsd-es-id: 13012106859
Original commit date: Thu Jun 20 11:50:50 2024 +0300
Change-Id: I2bd95e5acbc4bdb6cf25065843ef3ef6301bb066
Original commit hash: c13ac64680e7abede4d430b209265759da71135d

-------------------------------------------------------------------------------- 
[Changed Files]
OneSiliconPkg/IpBlock/MemoryInit/Lnl/Blue/PeiMemoryInitLib/MemoryInit.c
OneSiliconPkg/IpBlock/MemoryInit/Lnl/Blue/PeiMemoryInitLib/Source/Api/BlueMrcGeneral.c
OneSiliconPkg/IpBlock/MemoryInit/Lnl/Common/Include/MrcInterface.h
OneSiliconPkg/IpBlock/MemoryInit/Lnl/Common/PeiMemoryInitLib/Source/MemoryTypes/MrcLpddr5.c
OneSiliconPkg/IpBlock/MemoryInit/Lnl/Common/PeiMemoryInitLib/Source/MemoryTypes/MrcLpddr5.h
OneSiliconPkg/IpBlock/MemoryInit/Lnl/Common/PeiMemoryInitLib/Source/SpdProcessing/MrcSpdProcessingDefs.h

================================================================================ 
Commit: e5ec5c3278721085e65c47d5bffbfc5c1de2af2c 
Author: ClientSysFWGit <clientsysfwgit@intel.com> 
Date: Wed Aug 14 12:04:29 2024 -0700 
-------------------------------------------------------------------------------- 
Update MRC Release Notes and increment MRC build revision to 0.1.101.2

[Feature Description]
Updating MrcVersion.h and ReleaseNotes.

Package/Module:OneSiliconPkg/MemoryInit/Lnl

[Impacted Platform] All

Hsd-es-id: 22014478540
Original commit date: Thu Aug 8 22:59:26 2024 +0000
Original commit hash: fa54c5eee57f788657fdb03cbb5aab6aef263462

-------------------------------------------------------------------------------- 
[Changed Files]
OneSiliconPkg/IpBlock/MemoryInit/Lnl/Common/Include/MrcVersion.h

================================================================================ 
Commit: 235092db5db73cdb3fd5929e898364a11c95021c 
Author: ClientSysFWGit <clientsysfwgit@intel.com> 
Date: Wed Aug 14 12:04:18 2024 -0700 
-------------------------------------------------------------------------------- 
Update MRC Release Notes and increment MRC build revision to 0.1.101.1

[Feature Description]
Updating MrcVersion.h and ReleaseNotes.

Package/Module:OneSiliconPkg/MemoryInit/Lnl

[Impacted Platform] All

Hsd-es-id: 22014478540
Original commit date: Thu Aug 1 00:17:22 2024 +0000
Original commit hash: 19f33e415874996b692a513949cd79fd0d27aa82

-------------------------------------------------------------------------------- 
[Changed Files]
OneSiliconPkg/IpBlock/MemoryInit/Lnl/Common/Include/MrcVersion.h

================================================================================ 
Commit: 905fa7d8e6c23f3a9d1a2a2748c1e2da038bac92 
Author: ClientSysFWGit <clientsysfwgit@intel.com> 
Date: Wed Aug 14 12:04:04 2024 -0700 
-------------------------------------------------------------------------------- 
Update MrcVersion.h and ReleaseNotes to 0.1.101.0

[Issue Description]
Need to update lunarlake_family to the most recent MRC version.

[Resolution]
Updating MrcVersion.h and ReleaseNotes

Package/Module:OneSiliconPkg/MemoryInit/Lnl

[Impacted Platform]
All

Registers impacted: None

Hsd-es-id: 22020310487
Original commit date: Wed Jul 24 14:41:09 2024 -0700
Change-Id: I0b1fc6b2068a4332025d663348d8aa2086e053b9
Original commit hash: 007893067d2dcdb2b5eb8e7da53818b13f6e570a

-------------------------------------------------------------------------------- 
[Changed Files]
OneSiliconPkg/IpBlock/MemoryInit/Lnl/Common/Include/MrcVersion.h

================================================================================ 
Commit: fdd5390bd60c36262758c7274333dcb2f365b14c 
Author: ClientSysFWGit <clientsysfwgit@intel.com> 
Date: Wed Aug 14 12:03:57 2024 -0700 
-------------------------------------------------------------------------------- 
Update MRC Release Notes and increment MRC build revision to 0.1.100.1

[Feature Description]
Updating MrcVersion.h and ReleaseNotes.

Package/Module:OneSiliconPkg/MemoryInit/Lnl

[Impacted Platform] All

Hsd-es-id: 22014478540
Original commit date: Tue Jul 30 19:10:16 2024 +0000
Original commit hash: d4346bd5220ba795a2160398d5dae96fd0cae5d1

-------------------------------------------------------------------------------- 
[Changed Files]
OneSiliconPkg/IpBlock/MemoryInit/Lnl/Blue/PeiMemoryInitLib/Source/UcManagement/MrcUcPayloadData.c
OneSiliconPkg/IpBlock/MemoryInit/Lnl/Common/Include/MrcVersion.h

================================================================================ 
Commit: 82fbc2c305022805d84ea4e0c259c50a973f7503 
Author: ClientSysFWGit <clientsysfwgit@intel.com> 
Date: Wed Aug 14 12:03:49 2024 -0700 
-------------------------------------------------------------------------------- 
"[TeamCity] LNL LunarLake_lunarlake_program_platform_Daily Daily Updating Version/ID: LunarLake_3221_81

Hsd-es-id: N/A"
Original commit date: Thu Aug 8 03:56:38 2024 -0700
Original commit hash: b4255c8c5cd0d248f4fac180c4d75495a6095440

-------------------------------------------------------------------------------- 
[Changed Files]
LunarLakeBoardPkg/BiosId.env
OneSiliconPkg/Product/LunarLake/SiPkgPcdInit.dsc

================================================================================ 
Commit: edbb21515712f4961bc5c2522e5d5c137bab2eef 
Author: ClientSysFWGit <clientsysfwgit@intel.com> 
Date: Wed Aug 14 12:03:39 2024 -0700 
-------------------------------------------------------------------------------- 
Enhance PSE checking mechanism

[Issue Description]
Mechanism for PSE existance checking is not workable.
Continue to execute PSE EOM process even when PSE is disable.

[Resolution]
Add check for PSE VID.

Package/Module:
OneSiliconPkg/PeiMeInitLib

[Impacted Platform]
LNL

Hsd-es-id: 15016537435
Original commit date: Thu Aug 1 20:00:26 2024 +0800
Change-Id: I720721c9343420e22ff28211a687325d42d3c339
Original commit hash: c6714a6dbb344b73142ca1a3acb9152a18cc2385

-------------------------------------------------------------------------------- 
[Changed Files]
OneSiliconPkg/IpBlock/Me/LibraryPrivate/PeiMeInitLib/MeInitPostMem.c

================================================================================ 
Commit: e5ee390ffb16212738e1cea05242fa967fdf90bf 
Author: ClientSysFWGit <clientsysfwgit@intel.com> 
Date: Wed Aug 14 12:03:30 2024 -0700 
-------------------------------------------------------------------------------- 
Handle THC CB Full case properly.

[Issue Description]
RC code is mistakenly checking the status of the DMA buffer,
it is full, but it is considered to be empty which is wrong.

[Resolution]
the QuickSPI/QuickI2c DMA circular buffer would overflow sometime
so take care of that scenario by checking CB full case.

Package/Module: OneSiliconPkg

[Impacted Platform]
All

Hsd-es-id: 14022905933
Original commit date: Thu Aug 1 20:42:57 2024 +0530
Change-Id: I708f4bdb5432fa463c77a556931fbb372b0e4cee
Original commit hash: 071b2e29916edcc46e85f116c917efdc355a64a8

-------------------------------------------------------------------------------- 
[Changed Files]
OneSiliconPkg/IpBlock/Thc/QuickI2cDriver/QuickI2cDriver.c
OneSiliconPkg/IpBlock/Thc/QuickI2cDriver/QuickI2cPrivate.h
OneSiliconPkg/IpBlock/Thc/QuickSpiDriver/QuickSpiDriver.c

================================================================================ 
Commit: 5f1911443a21d38b57e84225c2599268eec82c85 
Author: ClientSysFWGit <clientsysfwgit@intel.com> 
Date: Wed Aug 14 12:03:07 2024 -0700 
-------------------------------------------------------------------------------- 
"[TeamCity] LNL LunarLake_lunarlake_program_platform_Daily Daily Updating Version/ID: LunarLake_3221_80

Hsd-es-id: N/A"
Original commit date: Mon Jul 29 05:29:53 2024 -0700
Original commit hash: b37eaaf0cd27931b2944af93684b48d8e5c8d415

-------------------------------------------------------------------------------- 
[Changed Files]
Doxygen/BoardApi.chm
Doxygen/FspApi.chm
Doxygen/LunarLake_FSP_Integration_Guide.chm
Doxygen/LunarLake_FSP_Integration_Guide.pdf
Doxygen/PlatApi.chm
Doxygen/SiPkgApi.chm
LICENSE.txt
OneSiliconPkg/SiPkg.dec
