================================================================================ 
Commit: cd9737cdec024f585558fc9581d374e9915ea439 
Author: ClientSysFWGit <clientsysfwgit@intel.com> 
Date: Thu Aug 28 17:58:15 2025 +0530 
-------------------------------------------------------------------------------- 
Updated Doxygen and LICENSE.txt
Code clean up.

-------------------------------------------------------------------------------- 
[Changed Files]
Doxygen/BoardApi.chm
Doxygen/FspApi.chm
Doxygen/PantherLake_FSP_Integration_Guide.chm
Doxygen/PantherLake_FSP_Integration_Guide.pdf
Doxygen/PlatApi.chm
Doxygen/SiPkgApi.chm
LICENSE.txt
OneSiliconPkg/Product/PantherLake/SiPkgPcdInit.dsc

================================================================================ 
Commit: 83ba43d157546e3666fc3fb18c81e27d75aa4165 
Author: ClientSysFWGit <clientsysfwgit@intel.com> 
Date: Thu Aug 28 16:39:00 2025 +0530 
-------------------------------------------------------------------------------- 
"[TeamCity] PantherLake_pantherlake_program_platform_Daily Daily Updating Version/ID: PantherLake_3332_01

Hsd-es-id: N/A"
Original commit date: Mon Aug 18 17:52:46 2025 -0700
Original commit hash: a9b254de9ee5f1f6ac2cc29c7e016b2a1ac2f814

-------------------------------------------------------------------------------- 
[Changed Files]
OneSiliconPkg/Product/PantherLake/SiPkgPcdInit.dsc
PantherLakeBoardPkg/BiosId.env

================================================================================ 
Commit: d83a3c0c1511ca0dac28cfe1a8a5a365409f114d 
Author: ClientSysFWGit <clientsysfwgit@intel.com> 
Date: Thu Aug 28 16:38:39 2025 +0530 
-------------------------------------------------------------------------------- 
TelemetryFeaturePkg: Full FVI partition processing

[Issue Description]
CNVI and ME firmware version components were reported as missing
from the PHAT ACPI table despite being present in the HECI response data.
The ProcessFviPartitionTable function lacked sufficient debug output to
trace partition processing and identify which components were being
successfully captured versus skipped during the mapping process.

[Resolution]
Added comprehensive debug logging to ProcessFviPartitionTable function to
display each partition found in HECI data with human-readable names, HECI
index positions, PHAT entry mappings, and version information. Enhanced
buffer content verification logging to show exactly what data gets
published to the PHAT table. Improved error handling with proper resource
cleanup and status propagation for partition processing failures. Added
back the ME fw version function.

Package/Module: TelemetryFeaturePkg

[Impacted Platform]
ALL

Hsd-es-id: 16028212382
Original commit date: Thu Aug 14 15:22:06 2025 -0700
Change-Id: I053ecc26732ca1559cc0e092e78f1826c5e192ba
Original commit hash: 09778d548243e195b873d9eab27a3f29e7a71fa5

-------------------------------------------------------------------------------- 
[Changed Files]
Features/FirmwareGuard/TelemetryFeaturePkg/FirmwareVersion/SiFirmwareVersionDxe/SiFirmwareVersionDxe.c
Features/FirmwareGuard/TelemetryFeaturePkg/FirmwareVersion/SiFirmwareVersionDxe/SiFirmwareVersionDxe.h
Features/FirmwareGuard/TelemetryFeaturePkg/Library/DxeTelemetryFviLib/DxeTelemetryFviLib.c

================================================================================ 
Commit: 301154e0863dd64e2e04e81dd990005d2ef1cf80 
Author: ClientSysFWGit <clientsysfwgit@intel.com> 
Date: Thu Aug 28 16:38:17 2025 +0530 
-------------------------------------------------------------------------------- 
Revert "Enabling / Exposing by default PPIN register"

[Feature Description]
This reverts commit 203c6346e66ffc9fa2c13c7b4e811d0f6f1fd36c.
Implementation is not complete.

Package/Module:
PantherLakePlatSamplePkg/Setup

[Impacted Platform]
PTL

Hsd-es-id: 22021503195
Original commit date: Mon Aug 18 16:31:16 2025 -0700
Change-Id: I8e3579579b8e2cdeb8df18cff3b4785d119cf8a6
Original commit hash: 33b53ea7952e3b3191d8b688acd7841fa1d65193

-------------------------------------------------------------------------------- 
[Changed Files]
PantherLakePlatSamplePkg/Setup/CpuSetup.hfr

================================================================================ 
Commit: c8e6754eada5b514d8ab50cf0c52a9712d02ff72 
Author: ClientSysFWGit <clientsysfwgit@intel.com> 
Date: Thu Aug 28 16:37:34 2025 +0530 
-------------------------------------------------------------------------------- 
Revert "Add WOL from S5 support"

[Issue Description]
Platform does not wake from S4 from LAN

[Resolution]
This reverts commit 711786ac8aee31b8e5427128b4a2b57bca993b2a.
This commit has caused regression with wake on LAN from S4.

Package/Module:
OneSiliconPkg/Fru
PantherLakeBoardPkg/Acpi

[Impacted Platform]
PTL

Hsd-es-id: 16028225944
Original commit date: Mon Aug 18 16:20:41 2025 -0700
Change-Id: Id4c106553d36eb7fbec1bf8f70ab8c99241df069
Original commit hash: 91539c5b978a39e40d877f9f2bc04ab430e184c6

-------------------------------------------------------------------------------- 
[Changed Files]
OneSiliconPkg/Fru/PtlPcd/AcpiTables/Dsdt/PtlPcdGbe.asl
PantherLakeBoardPkg/Acpi/AcpiTables/Dsdt/AmlUpd.asl
PantherLakeBoardPkg/Acpi/AcpiTables/Dsdt/Platform.asl
PantherLakeBoardPkg/Acpi/BoardAcpiDxe/Dsdt/AMLUPD.asl
PantherLakeBoardPkg/Acpi/BoardAcpiDxe/Dsdt/Platform.asl

================================================================================ 
Commit: 5b1056a202c1eda8a5bdf2c4cfe1b929ba01b44e 
Author: ClientSysFWGit <clientsysfwgit@intel.com> 
Date: Thu Aug 28 16:37:15 2025 +0530 
-------------------------------------------------------------------------------- 
Align Image names for the unsigned build targets

[Feature Description]
Align Image names for the unsigned build targets

Package/Module: BoardPkg

[Impacted Platform]
ALL

Hsd-es-id: 16028231607
Original commit date: Mon Aug 18 09:35:47 2025 +0530
Change-Id: I935f600affa65a556b2cd00015c5cc53b579676e
Original commit hash: 2d4fd3734b8df5b6b8b9c1cdd8ae6adaff60f376

-------------------------------------------------------------------------------- 
[Changed Files]
PantherLakeBoardPkg/BuildIafw.sh
PantherLakeBoardPkg/prep.bat

================================================================================ 
Commit: f96f342798c3a41bf402a73bfcc1553b3bd90f46 
Author: ClientSysFWGit <clientsysfwgit@intel.com> 
Date: Thu Aug 28 16:36:44 2025 +0530 
-------------------------------------------------------------------------------- 
Mrc version fix

[Feature Description]
Change MRC version from 107.0 to 106.0

Package/Module:

[Impacted Platform]
ALL

Hsd-es-id: 18043151898
Original commit date: Mon Aug 18 13:11:46 2025 +0200
Change-Id: Id686c6e05c85b5e2cfd124fbd0f6aab02b267664
Original commit hash: 226b90dd43d5c1f65e5ce19d81d5293c67040ec0

-------------------------------------------------------------------------------- 
[Changed Files]
OneSiliconPkg/IpBlock/MemoryInit/src/IncludePrivate/Ptl/MrcVersion.h

================================================================================ 
Commit: 5b38db8ed74538f40d77b8bd344b79cd93d69a41 
Author: ClientSysFWGit <clientsysfwgit@intel.com> 
Date: Thu Aug 28 16:36:13 2025 +0530 
-------------------------------------------------------------------------------- 
Update MRC Green Payload for MRC build revision 0.0.107.0

[Feature Description]
Updating MrcVersion.h and ReleaseNotes.

Package/Module:OneSiliconPkg/MemoryInit

[Impacted Platform]
All

Registers impacted: None

Hsd-es-id: 22018552565
Original commit date: Mon Aug 18 03:53:22 2025 -0700
Original commit hash: 2ec2491ff894d4865f8f5b56a1909cf05e97fd23

-------------------------------------------------------------------------------- 
[Changed Files]
OneSiliconPkg/IpBlock/MemoryInit/src/UcManagement/Ptl/MrcUcPayloadData.c

================================================================================ 
Commit: 04f41c6be6cf93bd80a255b74f6279dbb9bcaaea 
Author: ClientSysFWGit <clientsysfwgit@intel.com> 
Date: Thu Aug 28 16:35:13 2025 +0530 
-------------------------------------------------------------------------------- 
MRC increment 0.0.106.0

[Feature Description]
Update Program-P Platform BIOS with Program-P MRC drop 0.0.106.0.

Package/Module: OneSiliconPkg/IpBlock/MemoryInit

[Impacted Platform]
All

Hsd-es-id: 18043101962
Original commit date: Tue Aug 12 12:58:03 2025 +0200
Change-Id: If5019b5cacbe2d4749c4fb2afb0cec49dafec653
Original commit hash: ae89095571e3e50dfa091a1cf5407f37d718beac

-------------------------------------------------------------------------------- 
[Changed Files]
OneSiliconPkg/IpBlock/MemoryInit/Include/CMrcInterface.h
OneSiliconPkg/IpBlock/MemoryInit/LibraryPrivate/MemoryInitPtl.c
OneSiliconPkg/IpBlock/MemoryInit/src/ApiLib/Ptl/MrcSaveRestore.c
OneSiliconPkg/IpBlock/MemoryInit/src/DdrIoLib/Ptl/MrcDdrIoApiPtl.c
OneSiliconPkg/IpBlock/MemoryInit/src/IncludePrivate/Ptl/MrcVersion.h
OneSiliconPkg/IpBlock/MemoryInit/src/IncludePublic/Ptl/MrcGlobalDefinitions.h
OneSiliconPkg/IpBlock/MemoryInit/src/PmaLib/Ptl/BluePmMessageApiPtl.c
OneSiliconPkg/IpBlock/MemoryInit/src/PmaLib/Ptl/MrcPmaApiPtl.c
OneSiliconPkg/IpBlock/MemoryInit/src/UcManagement/Ptl/MrcUcPayloadData.c

================================================================================ 
Commit: 023e8ec6673e3bab8e22cb78bb123132d1fc9d2b 
Author: ClientSysFWGit <clientsysfwgit@intel.com> 
Date: Thu Aug 28 16:34:39 2025 +0530 
-------------------------------------------------------------------------------- 
Update MRC Release Notes and increment MRC build revision to 0.0.104.1

[Feature Description]
Updating MrcVersion.h and ReleaseNotes.

Package/Module:OneSiliconPkg/MemoryInit

[Impacted Platform]
All

Registers impacted: None

Hsd-es-id: 22018552565
Original commit date: Fri Aug 15 00:43:31 2025 +0000
Original commit hash: 4c4002629d2e952f12fb31688a1cd6db44e90b20

-------------------------------------------------------------------------------- 
[Changed Files]
OneSiliconPkg/IpBlock/MemoryInit/src/IncludePrivate/Ptl/MrcVersion.h

================================================================================ 
Commit: ebfa958e8b24bfcd21f2c7ebc616ce0b8cac2109 
Author: ClientSysFWGit <clientsysfwgit@intel.com> 
Date: Thu Aug 28 16:34:07 2025 +0530 
-------------------------------------------------------------------------------- 
Wrong offset of TopMemoryCacheSize when setting MTRR in SecCarInit

[Issue Description]
Offset was not updated in "SecCpuLib.nasm" whenever the changes were made in DSC file.

[Resolution]
Updated the offset according to DSC file.

Package/Module:
OneSiliconPkg

[Impacted Platform]
ALL

Hsd-es-id: 15018217822
Original commit date: Wed Aug 13 19:34:33 2025 +0530
Change-Id: I2f244d0505bc74a7bf9c0a2c4cf052789c423df5
Original commit hash: 8d7aaecd3c54864ded12fe727e4b700c2f8fc66e

-------------------------------------------------------------------------------- 
[Changed Files]
OneSiliconPkg/IpBlock/CpuInit/SecCpuLib/X64/SecCpuLib.nasm

================================================================================ 
Commit: 22ace2781e558e937ae3f48a4d49034292fbbff2 
Author: ClientSysFWGit <clientsysfwgit@intel.com> 
Date: Thu Aug 28 16:33:32 2025 +0530 
-------------------------------------------------------------------------------- 
Fix assertion in SecNocImrExclusion method when TSE is disabled

[Issue Description]
Assertion is triggered due to missing TseDataHob in SecNocImrExclusion
method when PcdTseEnable is disabled

[Resolution]
A TseEnabled and TseSupported checks have been added before accessing
TseDataHob to avoid hitting assertion

Package/Module: OneSiliconPkg/Fru/PtlCDie/LibraryPrivate/
PeiHostBridgeInitFruLib

[Impacted Platform]
ALL

Hsd-es-id: 14025707038
Original commit date: Wed Aug 13 05:05:18 2025 -0700
Change-Id: Iaccc907e68fa02634a311f31b38594b228e04c00
Original commit hash: e3d540e4de6d6480a8c151577e717528c8baeb42

-------------------------------------------------------------------------------- 
[Changed Files]
OneSiliconPkg/Fru/PtlCDie/LibraryPrivate/PeiHostBridgeInitFruLib/PeiHostBridgeInitFruLib.c
OneSiliconPkg/Fru/PtlCDie/LibraryPrivate/PeiHostBridgeInitFruLib/PeiHostBridgeInitFruLib.inf

================================================================================ 
Commit: 446dd50c886cddb65926867c7963c41036b2f120 
Author: ClientSysFWGit <clientsysfwgit@intel.com> 
Date: Thu Aug 28 16:33:11 2025 +0530 
-------------------------------------------------------------------------------- 
"[TeamCity] PantherLake_pantherlake_program_platform_Daily Daily Updating Version/ID: PantherLake_3332_00

Hsd-es-id: N/A"
Original commit date: Tue Aug 12 09:12:32 2025 -0700
Original commit hash: 5043c9f21fb348790b5bdb434871dc57e8ea232a

-------------------------------------------------------------------------------- 
[Changed Files]
OneSiliconPkg/Product/PantherLake/SiPkgPcdInit.dsc
PantherLakeBoardPkg/BiosId.env

================================================================================ 
Commit: c00883c8aea44efb4ad72217467d2a2e623edf6d 
Author: ClientSysFWGit <clientsysfwgit@intel.com> 
Date: Thu Aug 28 16:31:47 2025 +0530 
-------------------------------------------------------------------------------- 
Hot-Plug enabled Root Ports should not be mapped under VMD

[Feature Description]
Request id to skip hot plug enabled PCIe root ports from possible VMD
mapping list in BIOS.
This is to avoid accidental mapping SD-express card under VMD as RST
driver does not support hot-plug handling for VMD mapped devices.

Package/Module: OneSiliconPkg

[Impacted Platform]
All

Hsd-es-id: 14025717128
Original commit date: Mon Aug 11 10:55:49 2025 -0700
Change-Id: If0068a8cf9d8959e49011fe2da208e17309ad32b
Original commit hash: 7cbf78541acdbd0b7952580f98e2d23f16950acb

-------------------------------------------------------------------------------- 
[Changed Files]
OneSiliconPkg/Fru/PtlPcd/Vmd/LibraryPrivate/PeiVmdInitFruLib/PeiVmdInitFruLib.c

================================================================================ 
Commit: f0eed043a137f696c9a323cea77191a707dc6bbf 
Author: ClientSysFWGit <clientsysfwgit@intel.com> 
Date: Thu Aug 28 16:31:21 2025 +0530 
-------------------------------------------------------------------------------- 
[SOC I/O] 4 channel (ALC712-VB + ALC1320) DisCo talbe update

[Feature Description]
DisCo tables update for (ALC712-VB + ALC1320) configuration

Package/Module:
Features/Audio
PantherLakePlatSamplePkg

[Impacted Platform]
PantherLake

Hsd-es-id: 16028171990
Original commit date: Fri Aug 8 11:06:20 2025 +0200
Change-Id: Iaaf649e614d7655a54cdefb1a4e7d71ade9e0582
Original commit hash: 9b3bbfa4fe03b3b82ef751f88c1699f1ad7d2483

-------------------------------------------------------------------------------- 
[Changed Files]
Features/Audio/SndwDevTopologyFeaturePkg/AcpiTables/SndwDevTopologySt02Ssdt/AudioComposition_PC00.asl
Features/Audio/SndwDevTopologyFeaturePkg/AcpiTables/SndwDevTopologySt02Ssdt/AudioFunction_1320VBC_SPK_ADR01.asl
Features/Audio/SndwDevTopologyFeaturePkg/AcpiTables/SndwDevTopologySt02Ssdt/AudioFunction_712VB_AMP.asl
Features/Audio/SndwDevTopologyFeaturePkg/AcpiTables/SndwDevTopologySt02Ssdt/AudioFunction_712VB_HID.asl
Features/Audio/SndwDevTopologyFeaturePkg/AcpiTables/SndwDevTopologySt02Ssdt/AudioFunction_712VB_MIC_2CH_VAD.asl
Features/Audio/SndwDevTopologyFeaturePkg/AcpiTables/SndwDevTopologySt02Ssdt/AudioFunction_712VB_MIC_4CH_VAD.asl
Features/Audio/SndwDevTopologyFeaturePkg/AcpiTables/SndwDevTopologySt02Ssdt/AudioFunction_712VB_UAJ.asl
Features/Audio/SndwDevTopologyFeaturePkg/AcpiTables/SndwDevTopologySt02Ssdt/Peripheral_1320.asl
Features/Audio/SndwDevTopologyFeaturePkg/AcpiTables/SndwDevTopologySt02Ssdt/Peripheral_712VB.asl
PantherLakePlatSamplePkg/Setup/PchSetup.uni

================================================================================ 
Commit: c98ccf622447cb598724cb6de0c905bbd453aa95 
Author: ClientSysFWGit <clientsysfwgit@intel.com> 
Date: Thu Aug 28 16:31:04 2025 +0530 
-------------------------------------------------------------------------------- 
[SOC I/O] Fix the Type A setting mismatch

[Issue Description]
Platform USBA connector can't be enumerated.

[Resolution]
Scan Type-C port in all of the USB connectors instead of
Type-C connectors only in some scenarios.

Package/Module:
BoardPkg

[Impacted Platform]
ALL

Hsd-es-id: 15018224995
Original commit date: Mon Aug 11 14:00:13 2025 +0800
Change-Id: I169a4cfeaba4a081931e338ebfc6070cec35c886
Original commit hash: dac05ecb494de1001670dfe3a5fc4c2069f2c1b8

-------------------------------------------------------------------------------- 
[Changed Files]
PantherLakeBoardPkg/BoardSupport/Library/PeiBoardConfigLib/PeiBoardConfigLib.c
PantherLakePlatSamplePkg/Library/PeiPolicyUpdateLib/PeiPchPolicyUpdate.c

================================================================================ 
Commit: ff39ee2e9f59600baf34a6395f2e623736030933 
Author: ClientSysFWGit <clientsysfwgit@intel.com> 
Date: Thu Aug 28 16:30:44 2025 +0530 
-------------------------------------------------------------------------------- 
TelemetryFeaturePkg expand FVI with IFWI comps

[Feature Description]
HECI get firmware version command altered to handle
returning all fw versions which includes returning
the number of modules in the version list. Telemetry
FeaturePkg updated to handle the new command and
return the IFWI components in the FVI list.

Package/Module: TelemetryFeaturePkg

[Impacted Platform]
ALL

Hsd-es-id: 14025096615
Original commit date: Tue Jul 8 12:35:00 2025 -0700
Change-Id: Iac2e80a4010ee6f694d67b37c621933be8061da3
Original commit hash: 6ca9dccda4c100aa9b12ee8efebb087ae31370b3

-------------------------------------------------------------------------------- 
[Changed Files]
Features/FirmwareGuard/TelemetryFeaturePkg/FirmwareVersion/SiFirmwareVersionDxe/SiFirmwareVersionDxe.c
Features/FirmwareGuard/TelemetryFeaturePkg/FirmwareVersion/SiFirmwareVersionDxe/SiFirmwareVersionDxe.h
Features/FirmwareGuard/TelemetryFeaturePkg/FirmwareVersion/SiFirmwareVersionDxe/SiFirmwareVersionDxe.inf
Features/FirmwareGuard/TelemetryFeaturePkg/Include/Guid/ComponentId.h
Features/FirmwareGuard/TelemetryFeaturePkg/Include/Library/TelemetryFviHookLib.h
Features/FirmwareGuard/TelemetryFeaturePkg/Library/DxeTelemetryFviLib/DxeTelemetryFviLib.c
Features/FirmwareGuard/TelemetryFeaturePkg/Library/DxeTelemetryFviLib/DxeTelemetryFviLib.h
Features/FirmwareGuard/TelemetryFeaturePkg/Library/DxeTelemetryFviLib/DxeTelemetryFviLib.inf
Features/FirmwareGuard/TelemetryFeaturePkg/Library/DxeTelemetryFviLib/FviPartitionId.h
Features/FirmwareGuard/TelemetryFeaturePkg/Library/TelemetryFirmwareVersionHookLibNull/TelemetryFirmwareVersionHookLibNull.c
Features/FirmwareGuard/TelemetryFeaturePkg/TelemetryFeaturePkg.dec
OneSiliconPkg/Include/Library/DxeMeLib.h
OneSiliconPkg/Include/MkhiMsgs.h
OneSiliconPkg/IpBlock/Me/Library/DxeMeLib/HeciMsgDxeLib.c
OneSiliconPkg/IpBlock/Me/Library/PeiMeLib/HeciMsgPeiLib.c
OneSiliconPkg/LibraryPrivate/DxeSiFviInitLib/DxeSiFvi.c
PantherLakeBoardPkg/Features/Telemetry/TelemetryFirmwareVersionHookLib.c
PantherLakeBoardPkg/Features/Telemetry/TelemetryFirmwareVersionHookLib.inf
PantherLakePlatSamplePkg/Setup/PlatformSetup.c

================================================================================ 
Commit: 360a7563f40155e7a341cedd1807b40886dacbbe 
Author: ClientSysFWGit <clientsysfwgit@intel.com> 
Date: Thu Aug 28 16:30:25 2025 +0530 
-------------------------------------------------------------------------------- 
[SOC I/O] Add support for 3rd party audio modules

[Feature Description]
Add support for 3rd party audio modules

Package/Module:
PantherLakeBoardPkg/Acpi
PantherLakePlatSamplePkg/Setup

[Impacted Platform]
PTL

Hsd-es-id: 18042954551
Original commit date: Thu Jul 10 10:26:06 2025 +0000
Change-Id: I061611c687e837463c48ca1f25c713ebfb00b282
Original commit hash: 832b0c115961bf8ed4e2085bde0e70ad6707e68a

-------------------------------------------------------------------------------- 
[Changed Files]
PantherLakeBoardPkg/Include/Dsc/HiiStructurePcd.dsc
PantherLakePlatSamplePkg/Setup/PchSetup.uni

================================================================================ 
Commit: 2387c43cc60d319ab7e906c057610c58a02fdb41 
Author: ClientSysFWGit <clientsysfwgit@intel.com> 
Date: Thu Aug 28 16:29:56 2025 +0530 
-------------------------------------------------------------------------------- 
Provide an interface to overwrite SoundWire controller properties

[Feature Description]
Provide an interface for customers to overwrite Soundwire Controller
settings without modifying SIC code.

Package/Module:
Setup
Fru/PtlPcd
IpBlock/Hda

[Impacted Platform]
PTL

Hsd-es-id: 18043051738
Original commit date: Mon Jul 28 15:13:17 2025 +0000
Change-Id: I6aa6db6d39b43eb9fba4a3c28579d6a960dabebe
Original commit hash: 23f4bc2008984ee4ce344488c6ce40baa2d1aa64

-------------------------------------------------------------------------------- 
[Changed Files]
OneSiliconPkg/Fru/PtlPcd/SocInit/Dxe/PchHdaAcpi.c
OneSiliconPkg/Include/ConfigBlock/Hda/HdAudioConfig.h
OneSiliconPkg/IpBlock/Hda/AcpiTables/HdaSoundWireCtrl.asl
OneSiliconPkg/IpBlock/Hda/LibraryPrivate/DxeHdaPolicyLib/DxeHdaPolicyLib.c
OneSiliconPkg/IpBlock/Hda/LibraryPrivate/PeiHdaPolicyLib/PeiHdaPreMemPolicyLib.c
OneSiliconPkg/Pch/AcpiTables/Dsdt/PchNvs.asl
OneSiliconPkg/Pch/IncludePrivate/PchNvsAreaDef.h

================================================================================ 
Commit: 722af6c969a7180a00bdcef0b89d3061f4d4864a 
Author: ClientSysFWGit <clientsysfwgit@intel.com> 
Date: Thu Aug 28 16:29:39 2025 +0530 
-------------------------------------------------------------------------------- 
Add FSPW and FSPB support for the Clang builds

[Feature Description]
Add FSPW and FSPB support for the Clang builds

Package/Module: BoardPkg

[Impacted Platform]
ALL

Hsd-es-id: 16028182864
Original commit date: Wed Jul 30 23:33:05 2025 +0530
Change-Id: Ib8d08164018636bcdb230c468db27e90f9b44e89
Original commit hash: ce505a2960de7fed9cde997757d437f68e2971da

-------------------------------------------------------------------------------- 
[Changed Files]
PantherLakeBoardPkg/BuildIafw.sh
PantherLakeBoardPkg/PreBuild.sh

================================================================================ 
Commit: 6195d6ecf3329a4da9a3eb26ede6a10ba6728673 
Author: ClientSysFWGit <clientsysfwgit@intel.com> 
Date: Thu Aug 28 16:29:15 2025 +0530 
-------------------------------------------------------------------------------- 
Enable Camera Support for Panther Lake ECG

[Issue Description]
This commit enables camera support for Panther Lake ECG platforms.
It includes the necessary changes to the MipiCamFeaturePkg to support
cameras.

[Resolution]
This commit adds the camera support by modifying the MipiCamFeaturePkg
to include the camera sensor. The changes involve updating the
MipiCamAcpiTablesEmbedded.inf, MipiCamNvs.asl, and MipiCamSensorsEmbedded.asl
files, as well as the MipiCamConfig.h and MipiCamFeature.dsc files.
Additionally, the MipiCamDxe.c and MipiCamDxe.inf files are updated to
handle the new camera sensor.

Package/Module:

[Impacted Platform]
PTL U H

Hsd-es-id: 16028050875
Original commit date: Fri Aug 1 08:57:32 2025 +0530
Change-Id: Iddb9a72a80128c186a0de28646f7ec2e6b0ed9eb
Original commit hash: 03519daa7d6d718c0b5d8313122beedaba26b444

-------------------------------------------------------------------------------- 
[Changed Files]
Features/Camera/MipiCamFeaturePkg/AcpiTables/MipiCamAcpiTablesEmbedded.inf
Features/Camera/MipiCamFeaturePkg/AcpiTables/MipiCamNvs.asl
Features/Camera/MipiCamFeaturePkg/AcpiTables/MipiCamSensorsEmbedded.asl
Features/Camera/MipiCamFeaturePkg/Include/MipiCamConfig.h
Features/Camera/MipiCamFeaturePkg/Include/MipiCamFeature.dsc
Features/Camera/MipiCamFeaturePkg/Include/MipiCamNvsAreaDef.h
Features/Camera/MipiCamFeaturePkg/Include/PostMemory.fdf
Features/Camera/MipiCamFeaturePkg/MipiCamInstallTableDxe/MipiCamDxe.c
Features/Camera/MipiCamFeaturePkg/MipiCamInstallTableDxe/MipiCamDxe.inf
PantherLakeBoardPkg/Features/MipiCam/MipiCamInitPei/MipiCamInitPei.c
PantherLakeBoardPkg/PantherLakeBoards/PantherLakeMobileBoards/BoardVpdPcdsInit/PtlUH/SkuIdPtlUHDdr5Rvp4.dsc
PantherLakePlatSamplePkg/Setup/SaSetup.hfr
PantherLakePlatSamplePkg/Setup/SaSetup.uni

================================================================================ 
Commit: ec4030584ae1ad34f4b549c8483efc612aae451b 
Author: ClientSysFWGit <clientsysfwgit@intel.com> 
Date: Thu Aug 28 16:29:03 2025 +0530 
-------------------------------------------------------------------------------- 
Debug BIOS is not booting on 6MB LLC parts

[Issue Description]
LLC doesn't have enough free space for FSP-M decompression

[Resolution]
Reduce the size of FSP-M to ensure all pre-memory FVs fit within 3MB.
This will limit the code cache usage within 3MB and makes sure that
enough cache is available for for FSP-M decompression

Package/Module:
BoardPkg

[Impacted Platform]
PTL-P, U & H

Hsd-es-id: 16028040372
Original commit date: Fri Aug 8 13:12:27 2025 +0530
Change-Id: Ia56780f7c25bf4a4ee70345060ca22237079239c
Original commit hash: 61a844db6af3b8139bd767f6b3090d301e51ad38

-------------------------------------------------------------------------------- 
[Changed Files]
PantherLakeBoardPkg/Features/CapsuleUpdate/Config/PTL_U_P_H.toml
PantherLakeBoardPkg/Include/Fdf/FlashMapInclude.fdf

================================================================================ 
Commit: 3902e1d7ebcc1b19520a29a8091ab5035e75bb4d 
Author: ClientSysFWGit <clientsysfwgit@intel.com> 
Date: Thu Aug 28 16:28:53 2025 +0530 
-------------------------------------------------------------------------------- 
Revert "Disable FSP-M compression and Adjust flashmap for debug build only"

This reverts commit 731ccdf25f2dda3f08650010053db09b0bc046aa.

(cherry picked from commit 66245b1dfa6bb9cacac16f18b0a3dd4807004a2c)

Fri Aug 8 12:28:04 2025 +0530
Original commit date: Fri Aug 8 12:28:04 2025 +0530
Original commit hash: 53c1a91665b6603dd0e872ce82fb1e2f39fc7260

-------------------------------------------------------------------------------- 
[Changed Files]
PantherLakeBoardPkg/BuildIafw.sh
PantherLakeBoardPkg/Features/CapsuleUpdate/Config/PTL_U_P_H.toml
PantherLakeBoardPkg/Include/Fdf/FlashMapIncludeRes.fdf
PantherLakeBoardPkg/prep.bat

================================================================================ 
Commit: 8d81108756b6c201cf358fee343fea1ebd24e824 
Author: ClientSysFWGit <clientsysfwgit@intel.com> 
Date: Thu Aug 28 16:28:42 2025 +0530 
-------------------------------------------------------------------------------- 
Update the CPU information for PTL H482 4XE ES2  

Package/Module: 1SPkg

[Impacted Platform]
ALL

Hsd-es-id: 16028151974
Original commit date: Wed Aug 6 10:20:47 2025 +0530
Change-Id: Ia8a80c59219e44c9fbb877b2cfb4816103dd32b6
Original commit hash: 0c2e9b6523b786aa9b9043953af1ded639723bed

-------------------------------------------------------------------------------- 
[Changed Files]
OneSiliconPkg/Fru/PtlCDie/LibraryPrivate/BaseCpuInfoFruLib/BaseCpuInfoFruLib.c

================================================================================ 
Commit: a4821ccb9cac63f381488804ba2e58eb350557e5 
Author: ClientSysFWGit <clientsysfwgit@intel.com> 
Date: Thu Aug 28 16:28:30 2025 +0530 
-------------------------------------------------------------------------------- 
Update new key pair for FV Signing

[Issue Description]
CNVi drivers are not dispatched because Optional FV
was not dispatched.

[Resolution]
Hash of the public key needs to be updated in the
PCD PcdRsa2048Sha256PublicKeyBuffer along with the
Private Key.

Package/Module:
PantherLakeBoardPkg
PantherLakePlatSamplePkg

[Impacted Platform]
PTL

Hsd-es-id: 16028113399
Original commit date: Thu Aug 7 17:43:36 2025 -0700
Change-Id: I7006a34fd0921bf58447e2c59ae82dd21fd19a2c
Original commit hash: 544fce2b948b48b29b23a4da92e0ad7090effd68

-------------------------------------------------------------------------------- 
[Changed Files]
PantherLakeBoardPkg/BoardPkgPcdUpdate.dsc

================================================================================ 
Commit: 506f0ff493b2a007ea8479388bd43ddfef2c96bf 
Author: ClientSysFWGit <clientsysfwgit@intel.com> 
Date: Thu Aug 28 16:28:20 2025 +0530 
-------------------------------------------------------------------------------- 
VR spec update

[Feature Description]
VR spec update for 404 config

Package/Module:OneSiliconPkg
               Platformsamplepkg

[Impacted Platform]
PTL

Hsd-es-id: 16028142301
Original commit date: Thu Aug 7 12:00:16 2025 +0530
Change-Id: I7305254b76155eb4824e94cb5707b15cafd47ca9
Original commit hash: ee7ffbecef51f5b510a998948d5c857ed1e80fce

-------------------------------------------------------------------------------- 
[Changed Files]
OneSiliconPkg/Fru/PtlCDie/LibraryPrivate/BaseCpuInfoFruLib/BaseCpuInfoFruLib.c
OneSiliconPkg/Fru/PtlCDie/VoltageRegulator/LibraryPrivate/PeiVrFruLib/PeiVrFruLib.c
PantherLakePlatSamplePkg/Library/PeiPolicyUpdateLib/PeiCpuPolicyUpdatePreMem.c

================================================================================ 
Commit: 75f12bf0422c73ce9865eaf740f0f2abbd67b2cc 
Author: ClientSysFWGit <clientsysfwgit@intel.com> 
Date: Thu Aug 28 16:28:05 2025 +0530 
-------------------------------------------------------------------------------- 
Enabling / Exposing by default PPIN register

[Feature Description]
1 Removed MDEPKG_NDEBUG tag
2 added tag for not Exposing knob to customer

Package/Module:PlatSamplePkg

[Impacted Platform]
NEW

Hsd-es-id: 16028078064
Original commit date: Wed Jul 30 11:38:02 2025 +0530
Change-Id: Ib8167ebfc4f2991a24f938b62bfecafb66c5db99
Original commit hash: 203c6346e66ffc9fa2c13c7b4e811d0f6f1fd36c

-------------------------------------------------------------------------------- 
[Changed Files]
PantherLakePlatSamplePkg/Setup/CpuSetup.hfr

================================================================================ 
Commit: c9064fca8f6598b4e8c5349ad2820d3331a81f52 
Author: ClientSysFWGit <clientsysfwgit@intel.com> 
Date: Thu Aug 28 16:27:54 2025 +0530 
-------------------------------------------------------------------------------- 
[SOC I/O] TCSS xHCI is disabled when TBT FW is not present

[Issue Description]
wrongly clear all DEVEN bits when TBT FW is not present.

[Resolution]
Only clear TCSS USB4HR and PCIe bits when TBT FW is not loaded.

Package/Module: OneSiliconPkg/Subsystem/Tcss

[Impacted Platform]
ALL

Hsd-es-id: 15018200711
Original commit date: Thu Aug 7 15:03:13 2025 +0800
Change-Id: I65bd865534c159c3a5564c7f8ffd61b1a0645879
Original commit hash: a417166f53b6b65c54a4aa4929b1f1e658f42b63

-------------------------------------------------------------------------------- 
[Changed Files]
OneSiliconPkg/Fru/PtlPcd/Tcss/LibraryPrivate/PtlPcdTcssInitLib/PtlPcdTcssInitEndOfPei.c
OneSiliconPkg/Subsystem/Tcss/IncludePrivate/TcssLib.h
OneSiliconPkg/Subsystem/Tcss/TcssLib/TcssInit.c

================================================================================ 
Commit: 5bfe0673ac068378642ba8ec24395318ba2f2f00 
Author: ClientSysFWGit <clientsysfwgit@intel.com> 
Date: Thu Aug 28 16:27:39 2025 +0530 
-------------------------------------------------------------------------------- 
[SOC I/O] Cleaning Up the GPIO Minimal Library.

[Issue Description]
Increased FV size

[Resolution]
Removed duplicate code.
The MinimalGpioNativeLib does not require the complete signal definition
from GpioTopologyLibrary, which was increasing the FV size.
Ensured the library remains common between the SEC phase and FSP API.

Package/Module: OneSiliconPkg/Fru

[Impacted Platform]
All

Hsd-es-id: 16028148568
Original commit date: Tue Aug 5 19:48:41 2025 +0530
Change-Id: Ie6e30f46da05b4d23614c01c53af281fa29bec0d
Original commit hash: 7edfc06f299f60ede40c09e6e7107aa2c215a61d

-------------------------------------------------------------------------------- 
[Changed Files]
OneSiliconPkg/Fru/PtlPcd/CommonLib.dsc
OneSiliconPkg/Fru/PtlPcd/Library/PtlPcdGpioNativeLib/PtlPcdGpioNativeLib.c
OneSiliconPkg/Fru/PtlPcd/Library/PtlPcdGpioTopology/GpioV2MinTopology.c
OneSiliconPkg/Fru/PtlPcd/Library/PtlPcdGpioTopology/GpioV2PtlPcdSecTopology.c
OneSiliconPkg/Fru/PtlPcd/Library/PtlPcdGpioTopology/PtlPcdMinGpioTopology.inf
OneSiliconPkg/Fru/PtlPcd/Library/PtlPcdMinimalGpioNativeLib/PtlPcdMinimalGpio.h
OneSiliconPkg/Fru/PtlPcd/Library/PtlPcdMinimalGpioNativeLib/PtlPcdMinimalGpioNativeLib.c
OneSiliconPkg/Fru/PtlPcd/Library/PtlPcdMinimalGpioNativeLib/PtlPcdMinimalGpioNativeLib.inf
OneSiliconPkg/Fru/PtlPcd/Library/PtlPcdMinimalGpioNativeLib/PtlPcdMinimalPadData.c
OneSiliconPkg/Fru/PtlPcd/LibraryPrivate/PtlPcdLpssI3cSocLib/PtlPcdPeiLpssI3cSocInitLib.inf
OneSiliconPkg/Fru/PtlPcd/LibraryPrivate/PtlPcdLpssLib/PtlPcdSecGpioInitLib.c
OneSiliconPkg/Fru/PtlPcd/LibraryPrivate/PtlPcdLpssLib/PtlPcdSecGpioInitLib.inf
OneSiliconPkg/Fru/PtlPcd/LibraryPrivate/PtlPcdPeiInitLib/PtlPcdLpssInit.c
OneSiliconPkg/Fru/PtlPcd/LibraryPrivate/PtlPcdSerialIoLib/PtlPcdPeiSerialIoGpioAccessLib.inf
OneSiliconPkg/Fru/PtlPcd/PeiLib.dsc
OneSiliconPkg/Include/Library/Ptl/PcdGpioNativeLib/PtlPcdGpioNativeLib.h
OneSiliconPkg/Include/Library/Ptl/PcdMinGpioTopologyLib/PtlPcdMinGpioTopologyLib.h
PantherLakeBoardPkg/BoardPkg.dsc
PantherLakeFspPkg/PantherLakeFspPkg.dsc
PantherLakeOpenBoardPkg/Include/Dsc/SiPkgCommonLib.dsc

================================================================================ 
Commit: 791ca96612cdaa4abbfbc19ab6ec7a9863f21982 
Author: ClientSysFWGit <clientsysfwgit@intel.com> 
Date: Thu Aug 28 16:27:24 2025 +0530 
-------------------------------------------------------------------------------- 
[SOC I/O] Fix Assert issue of located UsbCProgressCodeProtocol Failed

[Issue Description]
Once the protocol located failed, bios will assign API to Null pointer.
It cause that system asserted.

[Resolution]
Move the pointer of protocol to the default protocol instead of
assigning API to the original one.

[Impacted Platform]
UsbCCapsuleFeaturePkg

Hsd-es-id: 14025672428
Original commit date: Tue Aug 5 17:00:37 2025 +0800
Change-Id: I05fe07147dc018c84c082025c1278388c49b51b3
Original commit hash: d6c333abd328c65099471e8137ea5a59b1f9ce65

-------------------------------------------------------------------------------- 
[Changed Files]
Features/UsbC/UsbCCapsuleFeaturePkg/Include/Library/TbtNvmRetimerUpdateLib.h
Features/UsbC/UsbCCapsuleFeaturePkg/Library/FmpDeviceLib/DiscreteTbt/FmpDeviceLibDiscreteTbt.c
Features/UsbC/UsbCCapsuleFeaturePkg/Library/FmpDeviceLib/UsbCRetimer/FmpDeviceLibTbtRetimer.c
Features/UsbC/UsbCCapsuleFeaturePkg/Library/TbtNvmRetimerUpdateLib/TbtNvmDrvRetimerThruHr.c
Features/UsbC/UsbCCapsuleFeaturePkg/Library/TbtNvmRetimerUpdateLib/TbtNvmRetimerUpdateLib.c
PantherLakePlatSamplePkg/Library/DxeFirmwareVersionInfoLib/DxeFirmwareVersionInfoLib.c

================================================================================ 
Commit: a5473168d49f321dadca1a61443df836eba16e8f 
Author: ClientSysFWGit <clientsysfwgit@intel.com> 
Date: Thu Aug 28 16:27:11 2025 +0530 
-------------------------------------------------------------------------------- 
[SOC I/O] Add WOL from S5 support

[Feature Description]
Add S5 to the states from which the GbE can wake the system
 in _PRW ACPI method.

Package/Module:
OneSiliconPkg/Dsdt
PantherLakeBoardPkg/Dsdt

[Impacted Platform]
PTL

Hsd-es-id: 18043002695
Original commit date: Fri Aug 8 12:07:21 2025 +0200
Change-Id: I26933c04d83a37b78178a2233a3ab994f8bbe2d8
Original commit hash: 711786ac8aee31b8e5427128b4a2b57bca993b2a

-------------------------------------------------------------------------------- 
[Changed Files]
OneSiliconPkg/Fru/PtlPcd/AcpiTables/Dsdt/PtlPcdGbe.asl
PantherLakeBoardPkg/Acpi/AcpiTables/Dsdt/AmlUpd.asl
PantherLakeBoardPkg/Acpi/AcpiTables/Dsdt/Platform.asl
PantherLakeBoardPkg/Acpi/BoardAcpiDxe/Dsdt/AMLUPD.asl
PantherLakeBoardPkg/Acpi/BoardAcpiDxe/Dsdt/Platform.asl

================================================================================ 
Commit: c89f285b71916bbbb45841853f45f422d1164907 
Author: ClientSysFWGit <clientsysfwgit@intel.com> 
Date: Thu Aug 28 16:26:58 2025 +0530 
-------------------------------------------------------------------------------- 
MipiCamera _CRS handle method change

[Issue Description]
Use "MIPI Camera" + "Ubuntu", use "GPIO" "Exx" or "Cxx"
as function pin,and boot to "Ubuntu".
"Ubuntu" will report "GPIO" mismatch and no function.

[Resolution]
GINF is not suit MIPI camera GPIO _CRS porting,
change to GNUM.

Package/Module: MipiCamFeaturePkg

[Impacted Platform]
PTL

Hsd-es-id: 15018210473
Original commit date: Thu Aug 7 14:55:29 2025 +0800
Change-Id: Ic81a5503be44970ae41abe6405fb9301ff2924cc
Original commit hash: 291f5eea8975d8e724d55df930d1bbaec41ba869

-------------------------------------------------------------------------------- 
[Changed Files]
Features/Camera/MipiCamFeaturePkg/AcpiTables/MipiCamSensors.asl

================================================================================ 
Commit: 7e5da113735ebf06337f8212a4864d81d69f3327 
Author: ClientSysFWGit <clientsysfwgit@intel.com> 
Date: Thu Aug 28 16:26:40 2025 +0530 
-------------------------------------------------------------------------------- 
Update MRC Green Payload for MRC build revision 0.0.104.0

[Feature Description]
Updating MrcVersion.h and ReleaseNotes.

Package/Module:OneSiliconPkg/MemoryInit

[Impacted Platform]
All

Registers impacted: None

Hsd-es-id: 22018552565
Original commit date: Fri Aug 8 05:14:28 2025 -0700
Original commit hash: 23781afb653cfb06c0233507d4ed3b8bb0a92431

-------------------------------------------------------------------------------- 
[Changed Files]
OneSiliconPkg/IpBlock/MemoryInit/src/UcManagement/Ptl/MrcUcPayloadData.c

================================================================================ 
Commit: 491c5cc388aa1216fd179884d19e4da0e2a8daef 
Author: ClientSysFWGit <clientsysfwgit@intel.com> 
Date: Thu Aug 28 16:26:23 2025 +0530 
-------------------------------------------------------------------------------- 
9600, 64GB memory configuration support

[Feature Description]
Provide Memory support to 9600 speed

Package/Module:
PantherLakeBoardPkg

Hsd-es-id: 16028166626
Original commit date: Thu Aug 7 17:23:42 2025 +0530
Change-Id: Ib87bb350bb39d82e7f6389c60d13bdecf20450d4
Original commit hash: 1b453c6d9a7a35a414da97e1e14d2c3f9bd6756b

-------------------------------------------------------------------------------- 
[Changed Files]
PantherLakeBoardPkg/PantherLakeBoards/PantherLakeMobileBoards/BoardVpdPcdsInit/Xep/PtlUH/SkuIdPtlUHLp5Aep.dsc

================================================================================ 
Commit: 13180109030e28c817447308b9398eed9604ed92 
Author: ClientSysFWGit <clientsysfwgit@intel.com> 
Date: Thu Aug 28 16:26:09 2025 +0530 
-------------------------------------------------------------------------------- 
Code cleanup

[Feature Description]

Package/Module: BoardPkg

Hsd-es-id: 16028028189
Original commit date: Mon Jul 21 17:08:34 2025 +0530
Change-Id: I58d0fd01f3dcfcba0641509e5269fd8eb0d26783
Original commit hash: 16b769c003fdc40e3349cdf614a2e840d9766076

-------------------------------------------------------------------------------- 
[Changed Files]
PantherLakeBoardPkg/PostBuild.sh

================================================================================ 
Commit: 0cac27fa23a345b6f7982d5837df8323ddc74695 
Author: ClientSysFWGit <clientsysfwgit@intel.com> 
Date: Thu Aug 28 16:25:57 2025 +0530 
-------------------------------------------------------------------------------- 
MRC increment 0.0.104.0

[Feature Description]
Update Program-P Platform BIOS with Program-P MRC drop 0.0.104.0.

Package/Module: OneSiliconPkg/IpBlock/MemoryInit

[Impacted Platform]
All

Hsd-es-id: 18043016796
Original commit date: Wed Jul 30 19:20:08 2025 +0200
Change-Id: Id24e2189418ab7656f3a8ccbd81d17a83a6fca3b
Original commit hash: 98d81a41b845f534d1a579828163bcf74a83b401

-------------------------------------------------------------------------------- 
[Changed Files]
OneSiliconPkg/IpBlock/MemoryInit/Include/CMrcInterface.h
OneSiliconPkg/IpBlock/MemoryInit/Library/PeiMemPolicyLib/InputBlock/Ptl/MrcInputBlock.c
OneSiliconPkg/IpBlock/MemoryInit/src/ApiLib/IncludePublic/CMrcApi.h
OneSiliconPkg/IpBlock/MemoryInit/src/ApiLib/Ptl/MrcSaveRestore.c
OneSiliconPkg/IpBlock/MemoryInit/src/IncludePrivate/Ptl/MrcVersion.h
OneSiliconPkg/IpBlock/MemoryInit/src/McLib/MrcMcApi.c
OneSiliconPkg/IpBlock/MemoryInit/src/McLib/MrcMcConfiguration.c
OneSiliconPkg/IpBlock/MemoryInit/src/McLib/MrcMcConfiguration.h
OneSiliconPkg/IpBlock/MemoryInit/src/McLib/MrcPowerMetering.c
OneSiliconPkg/IpBlock/MemoryInit/src/McLib/MrcRowHammer.c
OneSiliconPkg/IpBlock/MemoryInit/src/McLib/MrcRowHammerPrivate.h
OneSiliconPkg/IpBlock/MemoryInit/src/MemoryTypes/MrcLpddr5.c
OneSiliconPkg/IpBlock/MemoryInit/src/MemoryTypes/MrcLpddr5.h
OneSiliconPkg/IpBlock/MemoryInit/src/MemoryTypes/Ptl/MrcLpddr5Settings.c
OneSiliconPkg/IpBlock/MemoryInit/src/UcManagement/MrcUcManagement.c
OneSiliconPkg/IpBlock/MemoryInit/src/UcManagement/Ptl/MrcUcPayloadData.c
PantherLakeBoardPkg/Include/Dsc/HiiStructurePcd.dsc
PantherLakeFspPkg/Upd/FspmUpd.dsc
PantherLakePlatSamplePkg/Setup/SaSetup.hfr

================================================================================ 
Commit: d3e2e139a45bb371d120ceb4a5d355df29fe850a 
Author: ClientSysFWGit <clientsysfwgit@intel.com> 
Date: Thu Aug 28 16:25:40 2025 +0530 
-------------------------------------------------------------------------------- 
[SOC I/O] Audio configuration DisCo table update

[Feature Description]
1. DisCo table update of audio configuration for the PTL AEP platform.
2. Set requested default settings.

Package/Module:
Features/Audio/SndwDevTopologyFeaturePkg

[Impacted Platform]
PTL

Hsd-es-id: 18042798926
Original commit date: Mon Jun 30 13:57:45 2025 +0000
Change-Id: I9f837e059f080deb41ffd6a5cc6d1cb5c24bbdb1
Original commit hash: fb535fb1f870169e1ef99e8fd2298b8243e59f70

-------------------------------------------------------------------------------- 
[Changed Files]
Features/Audio/SndwDevTopologyFeaturePkg/AcpiTables/SndwDevTopologySt05Ssdt/Cirrus_Topology_8xAMP_1xCODEC_ausw.asl
Features/Audio/SndwDevTopologyFeaturePkg/AcpiTables/SndwDevTopologySt05Ssdt/Cirrus_Topology_8xAMP_1xCODEC_ausw_dmsw.asl
Features/Audio/SndwDevTopologyFeaturePkg/AcpiTables/SndwDevTopologySt10Ssdt/AudioComposition_8xAMP_1xCODEC.asl
Features/Audio/SndwDevTopologyFeaturePkg/AcpiTables/SndwDevTopologySt10Ssdt/AudioComposition_8xAMP_1xCODEC_all_endpoints.asl
Features/Audio/SndwDevTopologyFeaturePkg/AcpiTables/SndwDevTopologySt10Ssdt/AudioComposition_8xAMP_1xCODEC_no_capture.asl
Features/Audio/SndwDevTopologyFeaturePkg/AcpiTables/SndwDevTopologySt10Ssdt/AudioComposition_8xAMP_1xCODEC_no_capture_no_spk.asl
Features/Audio/SndwDevTopologyFeaturePkg/AcpiTables/SndwDevTopologySt10Ssdt/AudioComposition_8xAMP_1xCODEC_no_spk.asl
Features/Audio/SndwDevTopologyFeaturePkg/AcpiTables/SndwDevTopologySt10Ssdt/AudioComposition_Jamerson_4spk_Cohen_UAJ.asl
Features/Audio/SndwDevTopologyFeaturePkg/AcpiTables/SndwDevTopologySt10Ssdt/AudioComposition_Jamerson_4spk_Cohen_mic_UAJ.asl
Features/Audio/SndwDevTopologyFeaturePkg/AcpiTables/SndwDevTopologySt10Ssdt/AudioComposition_Jamerson_6spk_Cohen_mic_UAJ.asl
Features/Audio/SndwDevTopologyFeaturePkg/AcpiTables/SndwDevTopologySt10Ssdt/CS35L56_DSD.asl
Features/Audio/SndwDevTopologyFeaturePkg/AcpiTables/SndwDevTopologySt10Ssdt/CS35L63_AMP.asl
Features/Audio/SndwDevTopologyFeaturePkg/AcpiTables/SndwDevTopologySt10Ssdt/CS35L63_DSD.asl
Features/Audio/SndwDevTopologyFeaturePkg/AcpiTables/SndwDevTopologySt10Ssdt/CS42L43_DSD.asl
Features/Audio/SndwDevTopologyFeaturePkg/AcpiTables/SndwDevTopologySt10Ssdt/CS42L45_DSD.asl
Features/Audio/SndwDevTopologyFeaturePkg/AcpiTables/SndwDevTopologySt10Ssdt/CS_HID_headset_buttons.asl
Features/Audio/SndwDevTopologyFeaturePkg/AcpiTables/SndwDevTopologySt10Ssdt/Cirrus_Topology_8xAMP_1xCODEC.asl
Features/Audio/SndwDevTopologyFeaturePkg/AcpiTables/SndwDevTopologySt10Ssdt/Cirrus_Topology_8xAMP_1xCODEC_ausw.asl
Features/Audio/SndwDevTopologyFeaturePkg/AcpiTables/SndwDevTopologySt10Ssdt/Cirrus_Topology_8xAMP_1xCODEC_ausw_dmsw.asl
Features/Audio/SndwDevTopologyFeaturePkg/AcpiTables/SndwDevTopologySt10Ssdt/Cohen_Amp.asl
Features/Audio/SndwDevTopologyFeaturePkg/AcpiTables/SndwDevTopologySt10Ssdt/Cohen_SimpleMic.asl
Features/Audio/SndwDevTopologyFeaturePkg/AcpiTables/SndwDevTopologySt10Ssdt/Cohen_UAJ.asl
Features/Audio/SndwDevTopologyFeaturePkg/AcpiTables/SndwDevTopologySt10Ssdt/Cohen_UAJ_capture_disable.asl
Features/Audio/SndwDevTopologyFeaturePkg/AcpiTables/SndwDevTopologySt10Ssdt/Cohen_UAJ_capture_enable.asl
Features/Audio/SndwDevTopologyFeaturePkg/AcpiTables/SndwDevTopologySt10Ssdt/Phife_HID_headset_buttons.asl
Features/Audio/SndwDevTopologyFeaturePkg/AcpiTables/SndwDevTopologySt10Ssdt/Phife_SimpleMic.asl
Features/Audio/SndwDevTopologyFeaturePkg/AcpiTables/SndwDevTopologySt10Ssdt/Phife_UAJ.asl
Features/Audio/SndwDevTopologyFeaturePkg/AcpiTables/SndwDevTopologySt10Ssdt/Phife_UAJ_capture_disable.asl
Features/Audio/SndwDevTopologyFeaturePkg/AcpiTables/SndwDevTopologySt10Ssdt/Phife_UAJ_capture_enable.asl
Features/Audio/SndwDevTopologyFeaturePkg/AcpiTables/SndwDevTopologySt10Ssdt/SdcaSmartAmp_CJAM3556_RefStream_common.asl
Features/Audio/SndwDevTopologyFeaturePkg/AcpiTables/SndwDevTopologySt10Ssdt/SmartAmp-Clusters.asl
Features/Audio/SndwDevTopologyFeaturePkg/AcpiTables/SndwDevTopologySt10Ssdt/SmartAmp-Usage.asl
Features/Audio/SndwDevTopologyFeaturePkg/AcpiTables/SndwDevTopologySt10Ssdt/SmartMic-Usage.asl
Features/Audio/SndwDevTopologyFeaturePkg/AcpiTables/SndwDevTopologySt10Ssdt/SndwDevTopologySt10Ssdt.asl
Features/Audio/SndwDevTopologyFeaturePkg/AcpiTables/SndwDevTopologySt10Ssdt/UAJ-Clusters.asl
Features/Audio/SndwDevTopologyFeaturePkg/AcpiTables/SndwDevTopologySt10Ssdt/UAJ-Usage.asl
Features/Audio/SndwDevTopologyFeaturePkg/AcpiTables/SndwDevTopologySt10Ssdt/cirrus_config_AEP.h
Features/Audio/SndwDevTopologyFeaturePkg/AcpiTables/SndwDevTopologySt10Ssdt/common.h
Features/Audio/SndwDevTopologyFeaturePkg/AcpiTables/SndwDevTopologySt10Ssdt/sb_pc00_hdas_ppms_cirrus_apo.asl
Features/Audio/SndwDevTopologyFeaturePkg/AcpiTables/SndwDevTopologySt10Ssdt/version.h
PantherLakePlatSamplePkg/Setup/PchSetup.uni

================================================================================ 
Commit: 81d580426dc02e3e591a00eb78c6f4134d801fe6 
Author: ClientSysFWGit <clientsysfwgit@intel.com> 
Date: Thu Aug 28 16:25:24 2025 +0530 
-------------------------------------------------------------------------------- 
[SOC I/O] Corrected GPIO Pin Configuration for I2C5 SDA in SEC phase

[Issue Description]
Wrong GPIO Pin used for I2C5 in SEC phase

[Resolution]
Corrected the GPIO Pin.

Package/Module:
OneSiliconPkg/Fru

[Impacted Platform]
ALL

Hsd-es-id: 15018208863
Original commit date: Thu Aug 7 09:01:28 2025 +0530
Change-Id: If28d5904fe7236a6f10937a6df02c8402a84f0c4
Original commit hash: 46336a99fe818138d0243d09975ea51317ef899f

-------------------------------------------------------------------------------- 
[Changed Files]
OneSiliconPkg/Fru/PtlPcd/LibraryPrivate/PtlPcdLpssLib/PtlPcdSecGpioInitLib.c

================================================================================ 
Commit: f43787a25c8606c7906e5389ab01d7a7e0c4156d 
Author: ClientSysFWGit <clientsysfwgit@intel.com> 
Date: Thu Aug 28 16:25:14 2025 +0530 
-------------------------------------------------------------------------------- 
9600, 32GB memory configuration support

[Feature Description]
Provide Memory support to 9600 speed

Package/Module:
PantherLakeBoardPkg

[Impacted Platform]
PTL

Hsd-es-id: 16028151256
Original commit date: Tue Jul 22 11:15:18 2025 +0530
Change-Id: I4552db83defc2d720551415f1f41d782e663536b
Original commit hash: 15d6d3a60a10d500b52ec893c199041a2ab3cebc

-------------------------------------------------------------------------------- 
[Changed Files]
PantherLakeBoardPkg/BoardPkg.dsc
PantherLakeBoardPkg/Include/PlatformBoardId.h
PantherLakeBoardPkg/PantherLakeBoards/PantherLakeMobileBoards/BoardVpdPcdsInit/Xep/PtlUH/SkuIdPtlUHLp5Aep.dsc

================================================================================ 
Commit: 3b1c87053448920a95406772c6ad50a674e30b6f 
Author: ClientSysFWGit <clientsysfwgit@intel.com> 
Date: Thu Aug 28 16:25:06 2025 +0530 
-------------------------------------------------------------------------------- 
[SOC I/O] BIOS Register read and write access to avoid THC D0i2 entry failure

[Feature Description]
Add a register read and posted write to 0x8 after
the Sideband access to 0x0 in initialization flow

Package/Module:
OneSiliconPkg

[Impacted Platform]
ALL

Hsd-es-id: 16027934286
Original commit date: Wed Jul 9 10:14:23 2025 +0530
Change-Id: I9f81e65f46ffbad14f22e05c08a96f53399c466a
Original commit hash: cab3602774ad91d608c4d5626de0bb0de0286d90

-------------------------------------------------------------------------------- 
[Changed Files]
OneSiliconPkg/IpBlock/Thc/IncludePrivate/Register/ThcRegs.h
OneSiliconPkg/IpBlock/Thc/LibraryPrivate/PeiThcInitLib/PeiThcInitLib.c

================================================================================ 
Commit: e89c1f4563860c6e7147fc5272f00522ffed151a 
Author: ClientSysFWGit <clientsysfwgit@intel.com> 
Date: Thu Aug 28 16:24:58 2025 +0530 
-------------------------------------------------------------------------------- 
Change GUID based perf makers to String based perf markers

[Issue Description]
Responsiveness DT post processing scripts are used massage and
extract useful data from raw FPDT. These scripts have grown to
preference String-based (INMODULE) perf markers rather than GUID
(PERF_START/END_EX) markers.

[Resolution]
To correct FSP-S times, GUID perf markers have been replaced with
String perf markers, as well as others added to ensure robust perf
metrics.

Package/Module:
OneSiliconPkg
PlatSamplePkg

[Impacted Platform]
ALL

Hsd-es-id: 22021461410
Original commit date: Mon Aug 4 14:33:44 2025 -0700
Change-Id: Ia5868a7271c23593d3505f66fb363000c4ec5724
Original commit hash: 38596a12a550707b35f8b8f5665f16b721916fca

-------------------------------------------------------------------------------- 
[Changed Files]
OneSiliconPkg/Fsp/FspInit/Pei/FspInitPreMem.c
OneSiliconPkg/IpBlock/Me/Heci/HeciTransport/HeciTransportCoreLib/HeciTransportCoreDxeSmmLib.inf
OneSiliconPkg/IpBlock/Me/Heci/HeciTransport/HeciTransportCoreLib/HeciTransportCoreLib.c
OneSiliconPkg/IpBlock/Me/Library/DxeMeLib/HeciMsgDxeLib.c
OneSiliconPkg/Product/PantherLake/SiInit/Pei/SiInit.c
OneSiliconPkg/Product/PantherLake/SiInit/Pei/SiInitPreMem.c
PantherLakePlatSamplePkg/Library/DxePlatformBootManagerLib/BdsPlatform.c

================================================================================ 
Commit: 9a212a5680638559f1c90ab952429c1a724e7327 
Author: ClientSysFWGit <clientsysfwgit@intel.com> 
Date: Thu Aug 28 16:24:51 2025 +0530 
-------------------------------------------------------------------------------- 
Enable FspEventHandler in "monostatuscodelib"

[Feature Description]
Enable FspEventHandler in "monostatuscodelib"

Package/Module: OneSiliconPkg

[Impacted Platform]
Default ALL

Hsd-es-id: 16027514756
Original commit date: Tue Jun 17 12:15:11 2025 +0530
Change-Id: I2dc124c744189c131e977d13f761e8a42d69e18c
Original commit hash: feb220feb7b5864384c7232c3c829699c82e4851

-------------------------------------------------------------------------------- 
[Changed Files]
OneSiliconPkg/Fsp/FspDebugInit/Pei/FspDebugServicePei.c
OneSiliconPkg/Fsp/FspDebugInit/Pei/FspDebugServicePei.inf
OneSiliconPkg/Fsp/Library/MonoStatusCode/MonoStatusCode.c
OneSiliconPkg/Fsp/Library/MonoStatusCode/MonoStatusCode.inf

================================================================================ 
Commit: 75036f3b7ee2eac179131b118808b79efbb2d4b3 
Author: ClientSysFWGit <clientsysfwgit@intel.com> 
Date: Thu Aug 28 16:24:44 2025 +0530 
-------------------------------------------------------------------------------- 
Set up environment for Linux system

[Feature Description]
Set PYTHON_COMMAND, EDK_TOOLS_BIN, PYTHONPATH and TOOL_CHAIN_TAG

Package/Module:
OneSiliconPkg

[Impacted Platform]
PantherLake

Hsd-es-id: 15018197306
Original commit date: Fri Aug 1 23:57:57 2025 +0800
Change-Id: I4913a90983be56801e2ff025ebe20148c7a243d1
Original commit hash: 6a7df92884401441a696f1b5b539b230f58d7088

-------------------------------------------------------------------------------- 
[Changed Files]
OneSiliconPkg/OneSiliconBuild.py

================================================================================ 
Commit: 63288e52e6bc0c1909c7eff8cb9cfa416cc6d852 
Author: ClientSysFWGit <clientsysfwgit@intel.com> 
Date: Thu Aug 28 16:24:29 2025 +0530 
-------------------------------------------------------------------------------- 
Update MRC Release Notes and increment MRC build revision to 0.0.102.1

[Feature Description]
Updating MrcVersion.h and ReleaseNotes.

Package/Module:OneSiliconPkg/MemoryInit

[Impacted Platform]
All

Registers impacted: None

Hsd-es-id: 22018552565
Original commit date: Fri Aug 1 20:34:40 2025 +0000
Original commit hash: cd0176ff05e0f29e54cd67559017c78bf33571e7

-------------------------------------------------------------------------------- 
[Changed Files]
OneSiliconPkg/IpBlock/MemoryInit/src/IncludePrivate/Ptl/MrcVersion.h
OneSiliconPkg/IpBlock/MemoryInit/src/UcManagement/Ptl/MrcUcPayloadData.c

================================================================================ 
Commit: 55bc6a01c44c44c4058fdabe9519b420ab5b7290 
Author: ClientSysFWGit <clientsysfwgit@intel.com> 
Date: Thu Aug 28 16:24:22 2025 +0530 
-------------------------------------------------------------------------------- 
Update the default SPD table for LP5 RVP3 from 8533 to 9600

[Feature Description]
Update the default SPD table for LP5 RVP3 from 8533 to 9600.
Default speed remains 8533.
Ensure maximum speed in SMBIOS Type 17 table reflects the actual
LP5 device capability.

Package/Module: MemoryInit

[Impacted Platform]
All

Hsd-es-id: 14025650728
Original commit date: Wed Jul 30 21:22:43 2025 -0700
Change-Id: Ia25f6b0840a7e6b3866502b6a177bce1141e3e18
Original commit hash: b160843b16dd944f1b29747f32dc0f8447318b6b

-------------------------------------------------------------------------------- 
[Changed Files]
OneSiliconPkg/IpBlock/MemoryInit/src/MemoryTypes/MrcDdrCommon.c
PantherLakeBoardPkg/PantherLakeBoards/PantherLakeMobileBoards/BoardVpdPcdsInit/PtlUH/SkuIdPtlUHLp5Rvp3.dsc

================================================================================ 
Commit: c2fb3d32274585d563fe82d89bea8b5eb0bf7d35 
Author: ClientSysFWGit <clientsysfwgit@intel.com> 
Date: Thu Aug 28 16:24:14 2025 +0530 
-------------------------------------------------------------------------------- 
[TXT] Fix S3 Wake Flow

[Issue Description]
With TXT enabled, SUT was halting after S3 wake.

[Resolution]
LaunchBiosAcm() NASM routine was not correctly ported from x86 to x64.
This commit changes the routine to use x64 calling convention.

Package/Module: OneSiliconPkg/IpBlock/Txt

[Impacted Platform]
ALL

Hsd-es-id: 14025654739
Original commit date: Thu Jul 31 08:23:34 2025 -0700
Change-Id: I632540efa11f81c40e36b6d683d02f99b3ea7077
Original commit hash: ffbe22a87d1c06d749acda03fca11a38e0e9449a

-------------------------------------------------------------------------------- 
[Changed Files]
OneSiliconPkg/IpBlock/Txt/LibraryPrivate/PeiTxtLib/X64/TxtPeiBsp.nasm

================================================================================ 
Commit: 5ced83a417a3d2b657851506d6fcb6daa65f387c 
Author: ClientSysFWGit <clientsysfwgit@intel.com> 
Date: Thu Aug 28 16:24:06 2025 +0530 
-------------------------------------------------------------------------------- 
Enable FspUnSigned support on Fsp build

[Feature Description]
Enable FspUnSigned support on Fsp build

Package/Module:
Fsp
BoardPkg

[Impacted Platform]
PTL

Hsd-es-id: 16028191804
Original commit date: Tue Aug 12 11:13:47 2025 +0530
Change-Id: I0e772d9fbd43d683abdfc639ed55a1fe294531f0
Original commit hash: cdefd307d88c95dcdba101366df1c8479509369d

-------------------------------------------------------------------------------- 
[Changed Files]
OneSiliconPkg/Fsp/BuildFsp.cmd
PantherLakeBoardPkg/BoardPkgPcdInit.dsc
PantherLakeBoardPkg/BuildIafw.sh
PantherLakeBoardPkg/bld.bat
PantherLakeBoardPkg/prep.bat

================================================================================ 
Commit: 65408866e6307ec48b6b5d43a907217b7d1e17f9 
Author: ClientSysFWGit <clientsysfwgit@intel.com> 
Date: Thu Aug 28 16:23:58 2025 +0530 
-------------------------------------------------------------------------------- 
Enable FspSigned by default

[Feature Description]
Enable FspSigned by default and add FspUnsigned flag

Package/Module: BoardPkg

[Impacted Platform]
PTL

Hsd-es-id: 16028182899
Original commit date: Thu Jul 31 19:25:31 2025 +0530
Change-Id: I3cc78fe8e1af082a465183b7af9df8d8650ef8a7
Original commit hash: e8973b15c7d4b463088bf29cbf04f27b8fe0201e

-------------------------------------------------------------------------------- 
[Changed Files]
PantherLakeBoardPkg/BoardPkgPcdInit.dsc
PantherLakeBoardPkg/BoardPkgPcdUpdate.dsc
PantherLakeBoardPkg/BoardSupport/BiosInfo/BiosInfo.c
PantherLakeBoardPkg/BuildIafw.sh
PantherLakeBoardPkg/PreBuild.sh
PantherLakeBoardPkg/prep.bat
PantherLakeFspPkg/FspPkgPcdInit.dsc
PantherLakeFspPkg/Library/BaseFspVerificationLib/BaseFspVerificationLib.c

================================================================================ 
Commit: 6613498ad7d0f6c2221b099f5b9535db56dab22c 
Author: ClientSysFWGit <clientsysfwgit@intel.com> 
Date: Thu Aug 28 16:23:42 2025 +0530 
-------------------------------------------------------------------------------- 
"[TeamCity] PantherLake_pantherlake_program_platform_Daily Daily Updating Version/ID: PantherLake_3315_02

Hsd-es-id: N/A"
Original commit date: Wed Aug 6 22:04:43 2025 -0700
Original commit hash: 0d783a2888ea903f3d6c5cd71673dad707126878

-------------------------------------------------------------------------------- 
[Changed Files]
OneSiliconPkg/Product/PantherLake/SiPkgPcdInit.dsc
PantherLakeBoardPkg/BiosId.env

================================================================================ 
Commit: b70a93a95a921227a2209d600f420f2cd45015a9 
Author: ClientSysFWGit <clientsysfwgit@intel.com> 
Date: Thu Aug 28 16:23:26 2025 +0530 
-------------------------------------------------------------------------------- 
Set BIOS ID to 3315_01

Original commit date: Wed Aug 6 17:25:59 2025 -0700
Change-Id: I478fac9c101425633012a5d0ae32e6223291e333
Original commit hash: e22a526ffcdaba266c410b7d402b7b6fcb6f8d2c

-------------------------------------------------------------------------------- 
[Changed Files]
PantherLakeBoardPkg/BiosId.env

================================================================================ 
Commit: 6009ab7991162df73b8a6ff558465f2e3e82667f 
Author: ClientSysFWGit <clientsysfwgit@intel.com> 
Date: Thu Aug 28 16:23:10 2025 +0530 
-------------------------------------------------------------------------------- 
"[TeamCity] PantherLake_pantherlake_program_platform_Daily Daily Updating Version/ID: PantherLake_3315_02

Hsd-es-id: N/A"
Original commit date: Wed Aug 6 16:43:49 2025 -0700
Original commit hash: c65da2cedc43683c4a5e4825b7c92f4e72fb52f3

-------------------------------------------------------------------------------- 
[Changed Files]
OneSiliconPkg/Product/PantherLake/SiPkgPcdInit.dsc
PantherLakeBoardPkg/BiosId.env

================================================================================ 
Commit: 5ec38b051cfbc11952450da5a55ee9041632b155 
Author: ClientSysFWGit <clientsysfwgit@intel.com> 
Date: Thu Aug 28 16:22:55 2025 +0530 
-------------------------------------------------------------------------------- 
Set BIOS ID to 3315_01

Original commit date: Wed Aug 6 16:07:02 2025 -0700
Change-Id: I46961ca1c952af08aed0a10b7efd2afb3a62fe16
Original commit hash: 48a2c4f5027394171e5aaf43a15ce66da7d84f05

-------------------------------------------------------------------------------- 
[Changed Files]
PantherLakeBoardPkg/BiosId.env

================================================================================ 
Commit: e0cf9ad18f7b829bce4b8f790ea1c3bfd306303b 
Author: ClientSysFWGit <clientsysfwgit@intel.com> 
Date: Thu Aug 28 16:22:42 2025 +0530 
-------------------------------------------------------------------------------- 
"[TeamCity] PantherLake_pantherlake_program_platform_Daily Daily Updating Version/ID: PantherLake_3315_03

Hsd-es-id: N/A"
Original commit date: Wed Aug 6 14:25:50 2025 -0700
Original commit hash: cbaf45c8234a1731aea84a31cc8f1b926ced1376

-------------------------------------------------------------------------------- 
[Changed Files]
OneSiliconPkg/Product/PantherLake/SiPkgPcdInit.dsc
PantherLakeBoardPkg/BiosId.env

================================================================================ 
Commit: 7811626fdc2ec3bb208617e33e58e8af3214f03a 
Author: ClientSysFWGit <clientsysfwgit@intel.com> 
Date: Thu Aug 28 16:22:13 2025 +0530 
-------------------------------------------------------------------------------- 
"[TeamCity] PantherLake_pantherlake_program_platform_Daily Daily Updating Version/ID: PantherLake_3315_02

Hsd-es-id: N/A"
Original commit date: Tue Aug 5 22:07:45 2025 -0700
Original commit hash: 227f5025373ac1c0efedfde80d24871d0ef20f21

-------------------------------------------------------------------------------- 
[Changed Files]
Doxygen/BoardApi.chm
Doxygen/FspApi.chm
Doxygen/PantherLake_FSP_Integration_Guide.chm
Doxygen/PantherLake_FSP_Integration_Guide.pdf
Doxygen/PlatApi.chm
Doxygen/SiPkgApi.chm
LICENSE.txt
OneSiliconPkg/Product/PantherLake/SiPkgPcdInit.dsc
