================================================================================ 
Commit: 4ca30c90d5a6b06b0b9431451a3a2939120e6066 
Author: ClientSysFWGit <clientsysfwgit@intel.com> 
Date: Wed Feb 5 09:59:10 2020 +0530 
-------------------------------------------------------------------------------- 
Changing BIOS ID to 4051.00 for WW5.1 BIOS label.

Hsd-es-id: NA
Original commit date: Mon Jan 27 14:49:11 2020 +0530
Change-Id: Ib4d71bfdc7534f4d1b3a02a47f1d2c8cc8490cd6
Original commit hash: 00d9c68a5e302aa16ca2640c23d787ef1b088d4e

-------------------------------------------------------------------------------- 
[Changed Files]
LakeFieldPlatSamplePkg/Tools/GenBiosId/BiosId.env

================================================================================ 
Commit: 4967e356f7a0b0883da811c242aed5fff524622e 
Author: ClientSysFWGit <clientsysfwgit@intel.com> 
Date: Wed Feb 5 09:59:09 2020 +0530 
-------------------------------------------------------------------------------- 
Revert "Adding new ucode m_10_806a1_00000013 for B stepping."

This reverts commit 73beefa2bd545ee7d4f71f6a99518fc46bc8f378.

Microcode 0x13 is causing issues with PM and SnS validation
hence reverting microcode 0x13 and putting back 0x12.

Hsd-es-id: NA
Original commit date: Tue Jan 28 09:39:35 2020 +0530
Change-Id: Ieca5054afc89eb02ab55b5ecb74eb1cc11242570
Original commit hash: ad77badfdb3b5cb06596b15f7b1d79d87b2ea924

-------------------------------------------------------------------------------- 
[Changed Files]
LakeFieldPlatSamplePkg/PlatformPkg.fdf

================================================================================ 
Commit: 702fc90428e1df25bc54f02c4ab25ad2e7e9feb3 
Author: ClientSysFWGit <clientsysfwgit@intel.com> 
Date: Wed Feb 5 09:59:08 2020 +0530 
-------------------------------------------------------------------------------- 
[LKF][B3][Space-X] Charging applet status power consumption should be under 0.45W
Issue:
If Bios initiates shutdown using UEFI Reset System call, Eclite Firmware is resetting
the system as a Part of Port reset flow to make Charger available for charging (if charger is connected).
FIX:
when battery reach 100%, Issue cold off directly using PMIC IPC instead of
"doing Shutdown by using IO via UEFI ResetSystem call".

Hsd-es-id: 22010037937

Original commit date: Mon Jan 27 16:14:12 2020 +0530
Change-Id: Ied4db02488574facfbbad587d3c703fb77b30681
Original commit hash: 0649ae8b3394c3dce91446c6de0294b57a97198e

-------------------------------------------------------------------------------- 
[Changed Files]
LakeFieldPlatSamplePkg/Features/ChargingApplet/DxeChargingApplet/StateMachine.c
LakeFieldPlatSamplePkg/Features/Pmic/Include/WarrenCovePmicRegisters.h
LakeFieldPlatSamplePkg/Include/Library/PlatformMiscLib.h
LakeFieldPlatSamplePkg/Library/PlatformMiscLib/PlatformMiscLib.c

================================================================================ 
Commit: 878bcc3a0b89c0fdeccc7dd24a95ec3667a83b0d 
Author: ClientSysFWGit <clientsysfwgit@intel.com> 
Date: Wed Feb 5 09:59:07 2020 +0530 
-------------------------------------------------------------------------------- 
Revert "Revert "Revert "Revert "WRC PMIC VR mode control changes in BIOS""""

This reverts commit 1a5c8948445519f570c93f722ccb8f365265588c.

Hsd-es-id: NA
Original commit date: Mon Jan 27 14:28:53 2020 +0530
Change-Id: Ib7575966f88859ce507e8363f28b5efafed7e619
Original commit hash: 1b58d2de7ff37817ab75698f411802031d2b5976

-------------------------------------------------------------------------------- 
[Changed Files]
LakeFieldPlatSamplePkg/Board/Library/PeiPlatformHookLib/PeiPlatformHooklib.c
LakeFieldPlatSamplePkg/Board/Others/PeiBoardInitLib/BoardInitLib.c
LakeFieldPlatSamplePkg/Board/Others/PeiBoardInitLib/GpioTableLkfRvp.h

================================================================================ 
Commit: f71241191836d79556d0ad850381ad914999867c 
Author: ClientSysFWGit <clientsysfwgit@intel.com> 
Date: Wed Feb 5 09:59:06 2020 +0530 
-------------------------------------------------------------------------------- 
Changing BIOS ID to 4045.00 for WW4.5 BIOS label.

Hsd-es-id: NA
Original commit date: Sun Jan 26 12:51:14 2020 +0530
Change-Id: Ibfa0b59a89b764174d152a165ead6cbcbdf693c8
Original commit hash: 40878513814522a9430ddd45c8e385de72f95c94

-------------------------------------------------------------------------------- 
[Changed Files]
LakeFieldPlatSamplePkg/Tools/GenBiosId/BiosId.env

================================================================================ 
Commit: 28490943d99d3a98ffae592f58ae323f5476ce53 
Author: ClientSysFWGit <clientsysfwgit@intel.com> 
Date: Wed Feb 5 09:59:06 2020 +0530 
-------------------------------------------------------------------------------- 
Revert "Revert "Revert "[LKF][PTP] Requesting BIOS to enable PCH Energy Reporting by default"""

This reverts commit 761a23acf0a2b322af989a2dc4c1a7da09ae08a6.

Reverting this commit as enabling "PCH Energy Reporting" by default is
causing multiple issues in SnS testing.

Hsd-es-id: NA
Original commit date: Sun Jan 26 12:42:50 2020 +0530
Change-Id: Idfe94a7c9d2ce46b02370f2d0a5da86506eec322
Original commit hash: df980d1c9d0e63e890cfe82070919cb3500dfe90

-------------------------------------------------------------------------------- 
[Changed Files]
LakeFieldPlatSamplePkg/Setup/PchSetup.hfr

================================================================================ 
Commit: b5c27083fe58173b0515eb7bd9dd684f465d4296 
Author: ClientSysFWGit <clientsysfwgit@intel.com> 
Date: Wed Feb 5 09:59:04 2020 +0530 
-------------------------------------------------------------------------------- 
Adding new ucode m_10_806a1_00000013 for B stepping.

Hsd-es-id: NA
Original commit date: Fri Jan 24 20:54:23 2020 +0530
Change-Id: I1366fc2608b4db136b7931f8856b3affeb0108cf
Original commit hash: 73beefa2bd545ee7d4f71f6a99518fc46bc8f378

-------------------------------------------------------------------------------- 
[Changed Files]
LakeFieldPlatSamplePkg/PlatformPkg.fdf

================================================================================ 
Commit: 6effd9bbb3149a149016f3ce515d449ed8ab0ae2 
Author: ClientSysFWGit <clientsysfwgit@intel.com> 
Date: Wed Feb 5 09:59:03 2020 +0530 
-------------------------------------------------------------------------------- 
[LKF] Skip ChipsetInitSync when ME is disabled

BIOS will try to read the Chipsetinit binaries from CSME when chipsetinit sync is enabled,
So, when ME is disabled, BIOS is unable to read the ChipsetInit binary from CSME
By skipping the chipsetinit sync using the ME Mode check, this ASSERT can be eliminated.

Hsd-es-id: 16010714019
Attestation-link: LakefieldPlatSamplePkg/InternalOnly/IpPlan/Client BIOS IP Plan.xlsx
Original commit date: Thu Jan 23 18:59:36 2020 +0530
Change-Id: Ic0d6155d3e33e375a2892e2a6f5314f9794d8389
Original commit hash: ebd8e1d165c20aee1635af524b1096b484fb9553

-------------------------------------------------------------------------------- 
[Changed Files]
LakeFieldSiliconPkg/Pch/Library/Private/PeiPchInitLib/PchHsio.c

================================================================================ 
Commit: a90eca8c73c6da9768cdc56bef0a2524531abde3 
Author: ClientSysFWGit <clientsysfwgit@intel.com> 
Date: Wed Feb 5 09:59:02 2020 +0530 
-------------------------------------------------------------------------------- 
[LKF][THC][BIOS] THC Driver needs to make sure that any DMA transaction are DWord aligned.

Current POR: DW alignment forced on the protocol side (force to meet this req by the caller).
Change: Additional data to ensure DW req. will be appended at the end of the buffer by the THC BIOS driver. Caller will ignore this req. it will be handled by BIOS THC driver.

Hsd-es-id: 14010657004
Original commit date: Fri Dec 27 14:42:55 2019 -0800
Change-Id: I84f929a924e3196d317f32472a032dcae1c43e26
Original commit hash: 9ff17761e8043d065030cdd606bb912d5019af6a

-------------------------------------------------------------------------------- 
[Changed Files]
LakeFieldSiliconPkg/Pch/Include/Protocol/Thc.h
LakeFieldSiliconPkg/Pch/Thc/ThcDriver.c
LakeFieldSiliconPkg/Pch/Thc/ThcHid.c
LakeFieldSiliconPkg/Pch/Thc/ThcHid.h

================================================================================ 
Commit: b30337630d8ce1e7ff63cea350c7635fe8310110 
Author: ClientSysFWGit <clientsysfwgit@intel.com> 
Date: Wed Feb 5 09:59:01 2020 +0530 
-------------------------------------------------------------------------------- 
Chipset init feature is adding additional boot time delay in
performance builds hence disabling the feature by default for
performance builds.

Hsd-es-id: https://hsdes.intel.com/appstore/article/#/16010663372
Original commit date: Thu Jan 23 22:03:28 2020 +0530
Change-Id: Ibb4e72a9ae11acceabc5a6f24a2a8582357dad3c
Original commit hash: 18a4fb8c53912773b20ee43875e90070f974ef59

-------------------------------------------------------------------------------- 
[Changed Files]
LakeFieldPlatSamplePkg/Setup/PchSetup.hfr

================================================================================ 
Commit: 80587d09a96af3528a093223ba2b5d0f29a12e91 
Author: ClientSysFWGit <clientsysfwgit@intel.com> 
Date: Wed Feb 5 09:59:00 2020 +0530 
-------------------------------------------------------------------------------- 
Add RamDiskDxe to satisfy UFP (FFU) requirements

This also fixes illegal TPL level in UsbDeviceDxe that conflicts with
Storage Proxy timer on UFS boot, and fixes UFS write-protect flag code

Hsd-es-id: 2207890458
Original commit date: Tue Jan 21 14:38:56 2020 -0800
Change-Id: Iae910ff47ffac2d49071ed4517d91e4d1df42634
Original commit hash: e47d53fefcea62a94b039efa65708690da7a0468

-------------------------------------------------------------------------------- 
[Changed Files]
LakeFieldPlatSamplePkg/Features/Usb/UsbDeviceDxe/UsbFuncIo.c
LakeFieldPlatSamplePkg/Override/MdeModulePkg/Bus/Ufs/UfsPassThruDxe/UfsDevConfigProtocol.c
LakeFieldPlatSamplePkg/PlatformPkg.dsc
LakeFieldPlatSamplePkg/PlatformPkg.fdf

================================================================================ 
Commit: 2cfa880b9d866730302b5f5b567b754407991d94 
Author: ClientSysFWGit <clientsysfwgit@intel.com> 
Date: Wed Feb 5 09:58:59 2020 +0530 
-------------------------------------------------------------------------------- 
Dual eDP display support on LKF DT-OS on ROW config.
Enable GOP Config driver to support Single MIPI and Single eDP based on Board ID detection.
GOP Package is released with Dual MIPI and single eDP enabled VBT.
After this change, it will fully functional when there is Dual eDP VBT officially released by GOP Team.

Hsd-es-id: 1608621047
Original commit date: Mon Dec 16 22:45:45 2019 +0530
Change-Id: I43b42e5fe2a00960f071747661bd259cfddac9b2
Original commit hash: 3be166c8c20b2cc41eac741df9abdce12ca44b78

-------------------------------------------------------------------------------- 
[Changed Files]
LakeFieldFspBinPkg/SampleCode/Vbt/VbtBomEdp.bin
LakeFieldPlatSamplePkg/Board/Include/BaseBoardFunction.h
LakeFieldPlatSamplePkg/Board/Library/BaseFuncLib/Gop.c
LakeFieldPlatSamplePkg/Board/Others/PeiBoardInitLib/BoardFuncInit.c
LakeFieldPlatSamplePkg/Board/Others/PeiBoardInitLib/BoardInitLib.inf
LakeFieldPlatSamplePkg/Board/PeiBoardInit.dsc
LakeFieldPlatSamplePkg/Library/PeiPolicyUpdateLib/PeiSaPolicyUpdate.c
LakeFieldPlatSamplePkg/PlatformInit/PolicyInitDxe/GopPolicyInitDxe.c
LakeFieldPlatSamplePkg/PlatformPkg.dec
LakeFieldSiliconPkg/SampleCode/IntelGraphicsVbt/VbtBomEdp.bin

================================================================================ 
Commit: 7b843f8425de5c3b165365e0ed5972e122f40cb2 
Author: ClientSysFWGit <clientsysfwgit@intel.com> 
Date: Wed Feb 5 09:58:57 2020 +0530 
-------------------------------------------------------------------------------- 
Revert "Revert "[LKF][HSTI] Implementation of required HSTI P2SB checking""

This reverts commit c5b3e125085b51836b6f9c99552a82ce1865b8af.

Hsd-es-id: NA
Original commit date: Thu Jan 23 15:55:08 2020 +0530
Change-Id: Ib3b401ae104f3e99e66c933a88a1ce5fa439771c
Original commit hash: 6dc8a39be14969b0321955e5e31a275e91301d89

-------------------------------------------------------------------------------- 
[Changed Files]
LakeFieldPlatSamplePkg/Features/Hsti/HstiIhvSmm/HstiIhvSmm.c
LakeFieldPlatSamplePkg/Features/Hsti/HstiIhvSmm/HstiIhvSmm.h
LakeFieldPlatSamplePkg/Features/Hsti/HstiIhvSmm/HstiIhvSmm.inf

================================================================================ 
Commit: 04ae3b07263fa4fe51c2db4907da4eed36889510 
Author: ClientSysFWGit <clientsysfwgit@intel.com> 
Date: Wed Feb 5 09:58:56 2020 +0530 
-------------------------------------------------------------------------------- 
[LKF] Changing number of bytes to read from chipsetinitable in CSME to get ChipsetInit Version info

Reading first 12Bytes in the chipsetinit table in the CSME is sufficient to get the version info,
instead of reading entire chipsetinit table.

Hsd-es-id: 1608329380
Attestation-link: LakefieldPlatSamplePkg/InternalOnly/IpPlan/Client BIOS IP Plan.xlsx
Original commit date: Wed Jan 22 16:14:51 2020 +0530
Change-Id: I2a05e23a880dc4f96319376d5eb07d37d4dc5c73
Original commit hash: d472ba7ed56510f15e04e3debb49ac7cdf9afa09

-------------------------------------------------------------------------------- 
[Changed Files]
LakeFieldSiliconPkg/Pch/Include/Private/PchHsio.h
LakeFieldSiliconPkg/Pch/Library/Private/PeiPchInitLib/PchHsio.c

================================================================================ 
Commit: ab678d77533c547a0fba7812b19f943f58d072a9 
Author: ClientSysFWGit <clientsysfwgit@intel.com> 
Date: Wed Feb 5 09:58:55 2020 +0530 
-------------------------------------------------------------------------------- 
Issue with the changes :[1609012364][LKF] Implementation of required HSTI P2SB checking
Issue:
"VarErrorFlag" variable is initialized using "UpdateVariable" call where we put the
variable data in the Queue and set "mCommandInProgress" but will not update in the storage.
Next variable call is from SMM to set "SecurePchSmmVariableName" with Volatile attribute which will be
updated in the cache but will return to the VariableSmm call with CommandInProgress is set (because of mCommandInProgress).
Further all subsequent Variable calls will be returnd by checking "VariableServicesInUse" flag.
Root cause :
If Next variable call is for Non Volatile update, we will not see any issue even if mCommandInProgress is set (This was the case without HSTI changes).
as the flag inside VariableSmm will be cleared once we update in storage.
Since it is volatile variable call, flag is not cleared.
Fix :
Clear the mCommandInProgress for direct updateVariable call and wait for next set variable call to update the data in storage.This is the
behavior today without HSTI changes. However, further we need to consider making changes to avoid depending on next setvariable call to make the
data availabe in storage.

Hsd-es-id: NA
Original commit date: Mon Jan 20 23:04:27 2020 +0530
Change-Id: I16d1dd84a369fdc9e35ce722b673c2bd6600533b
Original commit hash: b0c2e28971d3a63434817eb4ff1ad1e11e5f015a

-------------------------------------------------------------------------------- 
[Changed Files]
LakeFieldSiliconPkg/SampleCode/MdeModulePkg/Universal/Variable/RuntimeDxe/Variable.c

================================================================================ 
Commit: 86b4cac500c847bbcc8b4bee542e1027a188ea6a 
Author: ClientSysFWGit <clientsysfwgit@intel.com> 
Date: Wed Feb 5 09:58:54 2020 +0530 
-------------------------------------------------------------------------------- 
Revert "Revert "[LKF][PTP] Requesting BIOS to enable PCH Energy Reporting by default""

This reverts commit 82f522421ef9ec7b42b48ee75893fd105616a5cd.

PMC has fixed instability issues that are observed when PCH energy reporting
is enabled in BIOS. Hence BIOS can enable PCH energy reporting by default.

Hsd-es-id: https://hsdes.intel.com/appstore/article/#/1507714651
Original commit date: Mon Jan 20 15:52:50 2020 +0530
Change-Id: Ie3c465d5d17f19fc17f9bb9bc8116e7c8f67486d
Original commit hash: 761a23acf0a2b322af989a2dc4c1a7da09ae08a6

-------------------------------------------------------------------------------- 
[Changed Files]
LakeFieldPlatSamplePkg/Setup/PchSetup.hfr

================================================================================ 
Commit: eef70d0bcf87ed3c30f2d5ee2789f528be353921 
Author: ClientSysFWGit <clientsysfwgit@intel.com> 
Date: Wed Feb 5 09:58:53 2020 +0530 
-------------------------------------------------------------------------------- 
LKF: Reduce CPU I/O VR Ramp to minimum i.e. 10us to avoid unnecessary penalty to PKGC10 exit latency

CPU I/O VR Ramp timer is an artifact from ICL project, and it doesn't apply
to LKF. According to PMC IP HW team, we have dedicated stage for VCCIO
ramp up during PKGC10 exit, so we don't need this timer anymore.
This setting is adding unnecessary penalty to PKGC10 exit latency,
so we need to reduce it to the minimum. So we request BIOS to program
it to 0x1 (indicates minimum 10us)

Hsd-es-id: 1507611056
Original commit date: Mon Dec 2 12:27:04 2019 +0530
Change-Id: I5846da39dc5e039985b62b659d99ce3d67db56a7
Original commit hash: 7f7d7c6872670655962b2d6577059cf6c6ec4499

-------------------------------------------------------------------------------- 
[Changed Files]
LakeFieldSiliconPkg/Pch/Include/Register/PchRegsPmc.h
LakeFieldSiliconPkg/Pch/Library/Private/PeiDxeSmmPmcPrivateLib/PeiPmcPrivateLib.c

================================================================================ 
Commit: 4911f4ad7308322d7369bba986572535dfa6f2e1 
Author: ClientSysFWGit <clientsysfwgit@intel.com> 
Date: Wed Feb 5 09:58:52 2020 +0530 
-------------------------------------------------------------------------------- 
CryptoPkg: Enable native assembly build of OpensslLib

Hsd-es-id: 1608906315
Original commit date: Mon Jan 13 17:24:53 2020 -0800
Change-Id: I08309b7d353028328cd625d8065297fc64894023
Original commit hash: 6518bbfacac377f83b922d45ef36ed9d20bd43a9

-------------------------------------------------------------------------------- 
[Changed Files]
CryptoPkg/Library/BaseCryptLib/BaseCryptLib.inf
CryptoPkg/Library/BaseCryptLib/DxeSmmCryptLibConstructor.c
CryptoPkg/Library/BaseCryptLib/PeiCryptLib.inf
CryptoPkg/Library/BaseCryptLib/PeiCryptLibConstructor.c
CryptoPkg/Library/BaseCryptLib/SmmCryptLib.inf
CryptoPkg/Library/BaseCryptLib/SysCall/RuntimeMemAllocation.c
CryptoPkg/Library/Include/openssl/opensslconf.h
CryptoPkg/Library/OpensslLib/ApiHooks.c
CryptoPkg/Library/OpensslLib/GenerateIA32.bat
CryptoPkg/Library/OpensslLib/GenerateX64.bat
CryptoPkg/Library/OpensslLib/IA32/LICENSE.txt
CryptoPkg/Library/OpensslLib/IA32/aes-586.nasm
CryptoPkg/Library/OpensslLib/IA32/aesni-x86.nasm
CryptoPkg/Library/OpensslLib/IA32/bn-586.nasm
CryptoPkg/Library/OpensslLib/IA32/co-586.nasm
CryptoPkg/Library/OpensslLib/IA32/crypt586.nasm
CryptoPkg/Library/OpensslLib/IA32/des-586.nasm
CryptoPkg/Library/OpensslLib/IA32/ghash-x86.nasm
CryptoPkg/Library/OpensslLib/IA32/md5-586.nasm
CryptoPkg/Library/OpensslLib/IA32/rc4-586.nasm
CryptoPkg/Library/OpensslLib/IA32/sha1-586.nasm
CryptoPkg/Library/OpensslLib/IA32/sha256-586.nasm
CryptoPkg/Library/OpensslLib/IA32/sha512-586.nasm
CryptoPkg/Library/OpensslLib/IA32/vpaes-x86.nasm
CryptoPkg/Library/OpensslLib/IA32/x86-gf2m.nasm
CryptoPkg/Library/OpensslLib/IA32/x86-mont.nasm
CryptoPkg/Library/OpensslLib/IA32/x86cpuid.nasm
CryptoPkg/Library/OpensslLib/OpensslLib.inf
CryptoPkg/Library/OpensslLib/OpensslLibCrypto.inf
CryptoPkg/Library/OpensslLib/OpensslLibIa32.inf
CryptoPkg/Library/OpensslLib/OpensslLibX64.inf
CryptoPkg/Library/OpensslLib/X64/LICENSE.txt
CryptoPkg/Library/OpensslLib/X64/aes-x86_64.nasm
CryptoPkg/Library/OpensslLib/X64/aesni-gcm-x86_64.nasm
CryptoPkg/Library/OpensslLib/X64/aesni-mb-x86_64.nasm
CryptoPkg/Library/OpensslLib/X64/aesni-sha1-x86_64.nasm
CryptoPkg/Library/OpensslLib/X64/aesni-sha256-x86_64.nasm
CryptoPkg/Library/OpensslLib/X64/aesni-x86_64.nasm
CryptoPkg/Library/OpensslLib/X64/bsaes-x86_64.nasm
CryptoPkg/Library/OpensslLib/X64/ghash-x86_64.nasm
CryptoPkg/Library/OpensslLib/X64/md5-x86_64.nasm
CryptoPkg/Library/OpensslLib/X64/rc4-md5-x86_64.nasm
CryptoPkg/Library/OpensslLib/X64/rc4-x86_64.nasm
CryptoPkg/Library/OpensslLib/X64/rsaz-avx2.nasm
CryptoPkg/Library/OpensslLib/X64/rsaz-x86_64.nasm
CryptoPkg/Library/OpensslLib/X64/sha1-mb-x86_64.nasm
CryptoPkg/Library/OpensslLib/X64/sha1-x86_64.nasm
CryptoPkg/Library/OpensslLib/X64/sha256-mb-x86_64.nasm
CryptoPkg/Library/OpensslLib/X64/sha256-x86_64.nasm
CryptoPkg/Library/OpensslLib/X64/sha512-x86_64.nasm
CryptoPkg/Library/OpensslLib/X64/vpaes-x86_64.nasm
CryptoPkg/Library/OpensslLib/X64/x86_64-gf2m.nasm
CryptoPkg/Library/OpensslLib/X64/x86_64-mont.nasm
CryptoPkg/Library/OpensslLib/X64/x86_64-mont5.nasm
CryptoPkg/Library/OpensslLib/X64/x86_64cpuid.nasm
CryptoPkg/Library/OpensslLib/openssl/Configurations/10-main.conf
CryptoPkg/Library/OpensslLib/process_files.pl
LakeFieldPlatSamplePkg/PlatformPkg.dsc
LakeFieldPlatSamplePkg/PlatformPkgBuildOption.dsc
staging.log
