================================================================================ 
Commit: 3a1779879ea56a2c954414e2eebefad6d01dc11c 
Author: ClientSysFWGit <clientsysfwgit@intel.com> 
Date: Mon Apr 12 16:03:12 2021 -0700 
-------------------------------------------------------------------------------- 
Update files for 4153

-------------------------------------------------------------------------------- 
[Changed Files]
ClientOneSiliconPkg/SiPkg.dec
Release_Notes.docx

================================================================================ 
Commit: 0e98498ba4d325383f97040592adc54384e70cb5 
Author: ClientSysFWGit <clientsysfwgit@intel.com> 
Date: Mon Apr 12 15:29:47 2021 -0700 
-------------------------------------------------------------------------------- 
[TeamCity] TGL Auto-Commit BIOS ID update TGLMaster BIOS Version to 4153_01

Hsd-es-id: N/A
Original commit date: Wed Apr 7 14:05:01 2021 -0700
Change-Id: Ib15d0772e7f6f2963f25f9575d8dc9dea00cfebc
Original commit hash: c9bc94a6f9ed890c20794fd4e5364c661679f892

-------------------------------------------------------------------------------- 
[Changed Files]
TigerLakeBoardPkg/BiosId.env

================================================================================ 
Commit: 18beba070fd19130e88ece5d542cdeeb5c162be7 
Author: ClientSysFWGit <clientsysfwgit@intel.com> 
Date: Mon Apr 12 15:29:35 2021 -0700 
-------------------------------------------------------------------------------- 
[TeamCity] TGL Auto-Commit DailyUpdate_FSP/RC TGLMaster

Hsd-es-id: no sighting
Original commit date: Wed Apr 7 13:56:59 2021 -0700
Change-Id: If5bf5e759635e752be01bd2f74357f3c36ee25bc
Original commit hash: 0f415c8a0024aa03be7fb5518d6c92de25f23d04

-------------------------------------------------------------------------------- 
[Changed Files]
TigerLakeFspPkg/TigerLakeFspPkg.dec

================================================================================ 
Commit: 5c9272f0c49c718b222aa58ad0b0230ba39d6de6 
Author: ClientSysFWGit <clientsysfwgit@intel.com> 
Date: Mon Apr 12 15:29:26 2021 -0700 
-------------------------------------------------------------------------------- 
Update to TGL C0 Unified [uCode + pCode] 0x16

Hsd-es-id: 22012826182
Original commit date: Wed Apr 7 12:36:15 2021 -0700
Change-Id: I358ba7edb95480fb293d3b53da4a72dfb3a9eebe
Original commit hash: 9be75228e358bba56e14beed386196cde254d065

-------------------------------------------------------------------------------- 
[Changed Files]
TigerLakeBoardPkg/BoardPkg.fdf

================================================================================ 
Commit: c035b48b9a161944702b4565e55ecded5507021f 
Author: ClientSysFWGit <clientsysfwgit@intel.com> 
Date: Mon Apr 12 15:29:18 2021 -0700 
-------------------------------------------------------------------------------- 
[TeamCity] TGL Auto-Commit BIOS ID update TGLMaster BIOS Version to 4153_00

Hsd-es-id: N/A
Original commit date: Wed Apr 7 11:06:51 2021 -0700
Change-Id: I397be1d9d0e7b651347f569b77b0e3ae95c9b43e
Original commit hash: 8deb106805df1ea33f8f6da55c967f47a6e0e018

-------------------------------------------------------------------------------- 
[Changed Files]
TigerLakeBoardPkg/BiosId.env

================================================================================ 
Commit: f9eac7fd7efa48ba25d0c0ecc5d87d6b228788ad 
Author: ClientSysFWGit <clientsysfwgit@intel.com> 
Date: Mon Apr 12 15:29:12 2021 -0700 
-------------------------------------------------------------------------------- 
[TeamCity] TGL Auto-Commit DailyUpdate_FSP/RC TGLMaster

Hsd-es-id: no sighting
Original commit date: Wed Apr 7 10:35:16 2021 -0700
Change-Id: Iecca1e80ab9669202ad6a94dff5eecc653cd71ed
Original commit hash: 8490136f1797598fe6e580b1d64378e32b61d1e6

-------------------------------------------------------------------------------- 
[Changed Files]
TigerLakeFspPkg/TigerLakeFspPkg.dec

================================================================================ 
Commit: bb455f397dabee8f5dd6707916023181afbf212a 
Author: ClientSysFWGit <clientsysfwgit@intel.com> 
Date: Mon Apr 12 15:29:02 2021 -0700 
-------------------------------------------------------------------------------- 
[TeamCity] TGL Auto-Commit BIOS ID update TGLMaster BIOS Version to 4152_00

Hsd-es-id: N/A
Original commit date: Tue Apr 6 11:07:13 2021 -0700
Change-Id: If26aae242cdbb6fadbd64726832128b205264766
Original commit hash: 798a6a9cc3cb616097df1071a69f1b0b36dab469

-------------------------------------------------------------------------------- 
[Changed Files]
TigerLakeBoardPkg/BiosId.env

================================================================================ 
Commit: 8871d7de912104ad7cadb79421179b7bc552ec80 
Author: ClientSysFWGit <clientsysfwgit@intel.com> 
Date: Mon Apr 12 15:28:55 2021 -0700 
-------------------------------------------------------------------------------- 
[TeamCity] TGL Auto-Commit DailyUpdate_FSP/RC TGLMaster

Hsd-es-id: no sighting
Original commit date: Tue Apr 6 10:36:03 2021 -0700
Change-Id: I5abc6059406bca59b9f2956c0250f73b85e44142
Original commit hash: cead1c62796a7e9b4f618c69da68b21a3a7c043a

-------------------------------------------------------------------------------- 
[Changed Files]
Release_Notes.docx
TigerLakeFspPkg/TigerLakeFspPkg.dec
