================================================================================ 
Commit: 0b4eb947f4fb47776c65df758bed9e7604ac4f91 
Author: ClientSysFWGit <clientsysfwgit@intel.com> 
Date: Thu Aug 6 10:48:19 2020 +0530 
-------------------------------------------------------------------------------- 
update build id

-------------------------------------------------------------------------------- 
[Changed Files]
CometLakeSiliconPkg/SiPkg.dec

================================================================================ 
Commit: cd263c36b70ca730d94a351b443d9c07fd6f8768 
Author: ClientSysFWGit <clientsysfwgit@intel.com> 
Date: Thu Aug 6 10:48:02 2020 +0530 
-------------------------------------------------------------------------------- 
update in platform setup

-------------------------------------------------------------------------------- 
[Changed Files]
CometLakePlatSamplePkg/Setup/PlatformSetup.c

================================================================================ 
Commit: a716ef2c7053ca5a899e240a1c92c7ce62753621 
Author: ClientSysFWGit <clientsysfwgit@intel.com> 
Date: Thu Aug 6 10:45:28 2020 +0530 
-------------------------------------------------------------------------------- 
disable gop config as default

-------------------------------------------------------------------------------- 
[Changed Files]
CometLakePlatSamplePkg/Setup/SaSetup.hfr

================================================================================ 
Commit: 09e2b82a5fab84c23a6fd5d2b77805f3b338828d 
Author: ClientSysFWGit <clientsysfwgit@intel.com> 
Date: Thu Aug 6 10:18:56 2020 +0530 
-------------------------------------------------------------------------------- 
Update FSP/RC version
Change-Id: I600cdb3cf4a9e638d6bc07495d0df3bc719e5c44


-------------------------------------------------------------------------------- 
[Changed Files]
CometLakeFspPkg/CometLakeFspPkg.dec
CometLakeSiliconPkg/SiPkg.dec.template

================================================================================ 
Commit: 6cdbfa246a27f4e716478e1e9c520a1b1a051be1 
Author: ClientSysFWGit <clientsysfwgit@intel.com> 
Date: Thu Aug 6 10:18:53 2020 +0530 
-------------------------------------------------------------------------------- 
[TeamCity] RKLERB Auto-Commit BIOS ID update CI Increment BIOS Major Version () and reset Minor Version to 0
Change-Id: I83770cba7aeb8db4e8ebc510634b847416dccdad


-------------------------------------------------------------------------------- 
[Changed Files]
CometLakePlatSamplePkg/Tools/GenBiosId/BiosId.env

================================================================================ 
Commit: 39689506ec35943166912742697d93504db112d2 
Author: ClientSysFWGit <clientsysfwgit@intel.com> 
Date: Thu Aug 6 10:18:49 2020 +0530 
-------------------------------------------------------------------------------- 
Bios Guard option  enumeration in Intel menu Bios
Change-Id: I79f2f2045d4f102618b8cfe59101cec1320b0573


-------------------------------------------------------------------------------- 
[Changed Files]
CometLakePlatSamplePkg/Board/Include/OtherBoardConfigPatchTable.h
CometLakePlatSamplePkg/Board/Others/DxeBoardInitLib/BoardInitLib.c
CometLakePlatSamplePkg/Board/Others/PeiBoardInitLib/BoardInitPreMemLib.c
CometLakePlatSamplePkg/Include/SetupVariable.h
CometLakePlatSamplePkg/Library/PeiPolicyUpdateLib/PeiCpuPolicyUpdatePreMem.c
CometLakePlatSamplePkg/Library/PeiPolicyUpdateLib/PeiPolicyUpdateLib.inf
CometLakePlatSamplePkg/Library/PeiPolicyUpdateLib/PeiPolicyUpdateLibFsp.inf
CometLakePlatSamplePkg/Setup/CpuSetup.c
CometLakePlatSamplePkg/Setup/CpuSetup.hfr
CometLakePlatSamplePkg/Setup/PchSetup.hfr
CometLakePlatSamplePkg/Setup/PlatformSetup.c

================================================================================ 
Commit: 4fe7bc54ba19fd1324a101a4bba164f6846f4165 
Author: ClientSysFWGit <clientsysfwgit@intel.com> 
Date: Thu Aug 6 10:18:44 2020 +0530 
-------------------------------------------------------------------------------- 
[TeamCity] RKLERB Auto-Commit BIOS ID update CI Increment BIOS Major Version () and reset Minor Version to 0
Change-Id: Ia9745345901c0ab16ae77a38d5ae421bbd02fd2a


-------------------------------------------------------------------------------- 
[Changed Files]
CometLakePlatSamplePkg/Tools/GenBiosId/BiosId.env

================================================================================ 
Commit: 0a51361fb4ca6d943558ec31e7d8fa98ffa2478f 
Author: ClientSysFWGit <clientsysfwgit@intel.com> 
Date: Thu Aug 6 10:18:40 2020 +0530 
-------------------------------------------------------------------------------- 
Added a editable field in BIOS to change the Subsystem ID for PCI
Change-Id: I80f0441c9c2b75ea781fcd5f8ccf9fffe1311e9d


-------------------------------------------------------------------------------- 
[Changed Files]
CometLakePlatSamplePkg/Include/SetupVariablePch.h
CometLakePlatSamplePkg/Library/PeiPolicyUpdateLib/PeiSiPolicyUpdate.c
CometLakePlatSamplePkg/Setup/PchSetup.hfr
CometLakePlatSamplePkg/Setup/PchSetup.uni

================================================================================ 
Commit: e83e5588b782ed53143576da4b7f80753de88c8d 
Author: ClientSysFWGit <clientsysfwgit@intel.com> 
Date: Thu Aug 6 10:18:35 2020 +0530 
-------------------------------------------------------------------------------- 
DxePlatformBootManagerLib: update for Intel RST premium
Change-Id: I6191740e65e539c5b7fceab30d9637b22ff539c4


-------------------------------------------------------------------------------- 
[Changed Files]
CometLakePlatSamplePkg/Library/DxePlatformBootManagerLib/PlatformBootOption.c

================================================================================ 
Commit: 746b2253e9cbd8c21a448f2e151a0dc9ffba7f52 
Author: ClientSysFWGit <clientsysfwgit@intel.com> 
Date: Thu Aug 6 10:18:31 2020 +0530 
-------------------------------------------------------------------------------- 
[Xcomp] OS Boot with Single Sabrent NVME connected on PEG10/PEG11 port
Change-Id: I6eb7fc1e3785736d719555d200d1f104d3dbdcef


-------------------------------------------------------------------------------- 
[Changed Files]
CometLakeSiliconPkg/SystemAgent/Library/Private/PeiCpuPcieRpInitLibGen4/PeiCpuPcieRpInitLib.c

================================================================================ 
Commit: 16b3e6e32658890f4e77beeaf3c124a429347f23 
Author: ClientSysFWGit <clientsysfwgit@intel.com> 
Date: Thu Aug 6 10:18:28 2020 +0530 
-------------------------------------------------------------------------------- 
[TeamCity] RKLERB Auto-Commit BIOS ID update CI Increment BIOS Major Version () and reset Minor Version to 0
Change-Id: Ie196a21342bc7d1e6a8df6bb8ee193455c8d6031


-------------------------------------------------------------------------------- 
[Changed Files]
CometLakePlatSamplePkg/Tools/GenBiosId/BiosId.env

================================================================================ 
Commit: c9df8e465dca4c277039f00a249b285930e56e4f 
Author: ClientSysFWGit <clientsysfwgit@intel.com> 
Date: Thu Aug 6 10:18:24 2020 +0530 
-------------------------------------------------------------------------------- 
[TeamCity] RKLERB Auto-Commit FSP CI
Change-Id: I4137295e4fde01ecfd119e80b4dd73c6057e4706


-------------------------------------------------------------------------------- 
[Changed Files]
CometLakeFspBinPkg/Fsp.bsf

================================================================================ 
Commit: cf60263d8360073dd8906a8740f075b80c3118a2 
Author: ClientSysFWGit <clientsysfwgit@intel.com> 
Date: Thu Aug 6 10:18:20 2020 +0530 
-------------------------------------------------------------------------------- 
[RKL xcomp2] Update hob when running RKL cpu or CML cpu
Change-Id: I507da5a3fc8de228afb4716392ca2ef39b4bcc35


-------------------------------------------------------------------------------- 
[Changed Files]
CometLakeFspPkg/CometLakeFspPkg.dsc
CometLakeFspPkg/Library/PeiPolicyUpdateLib/PeiPchPolicyUpdate.c
CometLakeFspPkg/Library/PeiPolicyUpdatePreMemLib/PeiSaPolicyUpdatePreMem.c
CometLakeFspPkg/Upd/FspmUpd.dsc
CometLakeFspPkg/Upd/FspsUpd.dsc
CometLakePlatSamplePkg/Acpi/AcpiTables/SsdtRtd3/Rtd3Pcie.asl
CometLakePlatSamplePkg/Features/Amt/AmtWrapperDxe/AmtWrapperDxe.c
CometLakePlatSamplePkg/Features/Amt/AmtWrapperDxe/AsfSupport.c
CometLakePlatSamplePkg/FspWrapper/Library/PeiFspPolicyInitLib/PeiFspPchPolicyInitLib.c
CometLakePlatSamplePkg/FspWrapper/Library/PeiFspPolicyInitLib/PeiFspSaPolicyInitLib.c
CometLakePlatSamplePkg/Include/SetupVariable.h
CometLakePlatSamplePkg/Library/DxePlatformBootManagerLib/AmtSupport.c
CometLakePlatSamplePkg/Library/PeiPolicyUpdateLib/PeiCpuPolicyUpdate.c
CometLakePlatSamplePkg/Library/PeiPolicyUpdateLib/PeiSaPolicyUpdatePreMem.c
CometLakePlatSamplePkg/PlatformInit/PlatformInitPei/PlatformInit.c
CometLakePlatSamplePkg/Setup/CpuSetup.hfr
CometLakePlatSamplePkg/Setup/CpuSetup.uni
CometLakePlatSamplePkg/Setup/MeSetup.c
CometLakePlatSamplePkg/Setup/SaSetup.hfr
CometLakePlatSamplePkg/Setup/SaSetup.uni
CometLakePlatSamplePkg/Setup/UqiList.uni
CometLakeSiliconPkg/CmlvPch/Library/Private/PeiPchInitLib/PchInit.c
CometLakeSiliconPkg/Cpu/Library/Private/PeiCpuInitLib/CpuInitPreResetCpl.c
CometLakeSiliconPkg/Me/HeciInit/Dxe/EndOfPost.c
CometLakeSiliconPkg/Me/HeciInit/Dxe/HeciInit.inf
CometLakeSiliconPkg/Me/HeciInit/Dxe/HeciInitDxeFsp.inf
CometLakeSiliconPkg/Me/HeciInit/Dxe/HeciInitFsp.inf
CometLakeSiliconPkg/Me/HeciInit/Dxe/MeInit.h
CometLakeSiliconPkg/Me/HeciInit/Dxe/MeInitFsp.c
CometLakeSiliconPkg/Me/HeciInit/Dxe/MeReadyToBoot.c
CometLakeSiliconPkg/Me/Library/Private/PeiDxeHeciInitLib/HeciCore.c
CometLakeSiliconPkg/Pch/Include/ConfigBlock/EspiConfig.h
CometLakeSiliconPkg/Pch/Library/PeiPchPolicyLib/PchPrintPolicy.c
CometLakeSiliconPkg/Pch/Library/PeiPchPolicyLib/PeiPchPolicyLib.c
CometLakeSiliconPkg/Pch/Library/Private/PeiEspiInitLib/PeiEspiInitLib.c
CometLakeSiliconPkg/SystemAgent/Library/PeiSaPolicyLib/SaPrintPolicy.c
CometLakeSiliconPkg/SystemAgent/Library/Private/PeiSaInitLib/SaInit.c
CometLakeSiliconPkg/SystemAgent/MemoryInitCfl/Library/Private/PeiMemoryInitLib/MemoryInit.c
CometLakeSiliconPkg/SystemAgent/MemoryInitCfl/Library/Private/PeiMemoryInitLib/PeiMemoryInitLib.inf
CometLakeSiliconPkg/SystemAgent/MemoryInitCfl/Library/Private/PeiMemoryInitLib/PeiMemoryInitLibFsp.inf
CometLakeSiliconPkg/SystemAgent/MemoryInitCfl/Library/Private/PeiMemoryInitLib/Source/Api/MrcGeneral.c
CometLakeSiliconPkg/SystemAgent/MemoryInitCfl/Library/Private/PeiMemoryInitLib/Source/Api/MrcStartMemoryConfiguration.c
CometLakeSiliconPkg/SystemAgent/MemoryInitCml/LibraryPrivate/PeiMemoryInitLib/MemoryInit.c

================================================================================ 
Commit: 8a640c9e59e13475e4aca4663a1054050664cbf8 
Author: ClientSysFWGit <clientsysfwgit@intel.com> 
Date: Thu Aug 6 10:18:11 2020 +0530 
-------------------------------------------------------------------------------- 
[TeamCity] RKLERB Auto-Commit BIOS ID update CI Increment BIOS Major Version () and reset Minor Version to 0
Change-Id: I41568bd203c6a451839132d2dcfd394e471366f5


-------------------------------------------------------------------------------- 
[Changed Files]
CometLakePlatSamplePkg/Tools/GenBiosId/BiosId.env

================================================================================ 
Commit: 18461e086a3f6881bf5fd78b34020d7ecf736e09 
Author: ClientSysFWGit <clientsysfwgit@intel.com> 
Date: Thu Aug 6 10:18:07 2020 +0530 
-------------------------------------------------------------------------------- 
GFX Defaults in BIOS
Change-Id: I8cf6a5310d366d7f9d3814b5b6c10c415d63f40f


-------------------------------------------------------------------------------- 
[Changed Files]
CometLakePlatSamplePkg/Board/Include/OtherBoardConfigPatchTable.h

================================================================================ 
Commit: 66e2e4db065c2f226d3c1cc7709f8694791c5811 
Author: ClientSysFWGit <clientsysfwgit@intel.com> 
Date: Thu Aug 6 10:18:03 2020 +0530 
-------------------------------------------------------------------------------- 
[VT-d] SA clear PMR in post-mem and when pre-boot DMA protection is not enabled
Added check before programming VTdBar whether its already enabled
Moevd ClearDmaProtectionSetByBootGuard to postmem
SA RC checks if DmaControlGuarantee is enabled, before clearing PMR
Change-Id: I2c134f8a21a87d3b033a2f23adbba79caf122b80


-------------------------------------------------------------------------------- 
[Changed Files]
CometLakeSiliconPkg/SystemAgent/Library/Private/PeiVtdInitLib/PeiVtdInitLib.c

================================================================================ 
Commit: 131537355dbfa0a1de69092cf6b902312b801c1b 
Author: ClientSysFWGit <clientsysfwgit@intel.com> 
Date: Thu Aug 6 10:17:59 2020 +0530 
-------------------------------------------------------------------------------- 
[TeamCity] RKLERB Auto-Commit BIOS ID update CI Increment BIOS Major Version () and reset Minor Version to 0
Change-Id: I05eec631bfa53b6ab38cee65773c184f2a3beecb


-------------------------------------------------------------------------------- 
[Changed Files]
CometLakePlatSamplePkg/Tools/GenBiosId/BiosId.env

================================================================================ 
Commit: 12c2f16d0894c3ddb45a6c331522d8e5e74965ec 
Author: ClientSysFWGit <clientsysfwgit@intel.com> 
Date: Thu Aug 6 10:17:55 2020 +0530 
-------------------------------------------------------------------------------- 
CometLakeSiliconPkg: external symbols usage in PeiCpuTraceHubLib
Change-Id: Ib5ac0b5d43da41ea4d9ec2fe8842c13ece6a1681


-------------------------------------------------------------------------------- 
[Changed Files]
CometLakeSiliconPkg/SystemAgent/Library/Private/PeiCpuTraceHubLib/PeiCpuTraceHubLib.c

================================================================================ 
Commit: 5e408a01f1ff4052ea19b729a723115eef317a64 
Author: ClientSysFWGit <clientsysfwgit@intel.com> 
Date: Thu Aug 6 10:17:48 2020 +0530 
-------------------------------------------------------------------------------- 
[RKL]:Update CPU Stepping support for B0.
Change-Id: I20c89d1787a354aabc9477cd36f494343fd267a7


-------------------------------------------------------------------------------- 
[Changed Files]
CometLakePlatSamplePkg/Setup/CpuSetup.c
CometLakeSiliconPkg/Cpu/Include/CpuRegs.h
CometLakeSiliconPkg/SystemAgent/MemoryInitRkl/Include/MrcInterface.h
CometLakeSiliconPkg/SystemAgent/MemoryInitRkl/LibraryPrivate/PeiMemoryInitLib/Source/Api/MrcGeneral.c
CometLakeSiliconPkg/SystemAgent/MemoryInitRkl/MiniBios/Common/CpuRegs.h

================================================================================ 
Commit: 05036da89e4bd8a7eeb9104cb4ad5b6b26ca4b37 
Author: ClientSysFWGit <clientsysfwgit@intel.com> 
Date: Thu Aug 6 10:17:44 2020 +0530 
-------------------------------------------------------------------------------- 
[TeamCity] RKLERB Auto-Commit BIOS ID update CI Increment BIOS Major Version () and reset Minor Version to 0
Change-Id: I57ca7db6ebbd81acc334b703f6fa559aa8ce2b75


-------------------------------------------------------------------------------- 
[Changed Files]
CometLakePlatSamplePkg/Tools/GenBiosId/BiosId.env

================================================================================ 
Commit: 8080f578d4359a23b6aa4de0d0e481be7794b721 
Author: ClientSysFWGit <clientsysfwgit@intel.com> 
Date: Thu Aug 6 10:17:40 2020 +0530 
-------------------------------------------------------------------------------- 
Board/Others/PeiBoardInitLib: Modified MrcBoardType for PCIe Gen4
Change-Id: I82ad48b2fb32082429511fb9f9c7ff69376d0f1c


-------------------------------------------------------------------------------- 
[Changed Files]
CometLakePlatSamplePkg/Board/Others/PeiBoardInitLib/BoardSaInitPreMemLib.c

================================================================================ 
Commit: 5157cad9a050a07f278ff4a126787a5d335a5377 
Author: ClientSysFWGit <clientsysfwgit@intel.com> 
Date: Thu Aug 6 10:17:36 2020 +0530 
-------------------------------------------------------------------------------- 
[TeamCity] RKLERB Auto-Commit BIOS ID update CI Increment BIOS Major Version () and reset Minor Version to 0
Change-Id: I512faf1cc7d2569ec46ade5c1d3f34672a685797


-------------------------------------------------------------------------------- 
[Changed Files]
CometLakePlatSamplePkg/Tools/GenBiosId/BiosId.env

================================================================================ 
Commit: 8399d13ceae08e7bfd87216e5507a6d0c2982839 
Author: ClientSysFWGit <clientsysfwgit@intel.com> 
Date: Thu Aug 6 10:17:32 2020 +0530 
-------------------------------------------------------------------------------- 
ME update
Change-Id: I6636c53792cf86dd7c60bbb01351ec8d72e4e1d2


-------------------------------------------------------------------------------- 
[Changed Files]
CometLakeSiliconPkg/Me/Jhi/Dxe/Jhid.c
CometLakeSiliconPkg/Me/Jhi/Dxe/Jhis.c

================================================================================ 
Commit: 9134278bff37eba47eda905a79986d3b20556c3a 
Author: ClientSysFWGit <clientsysfwgit@intel.com> 
Date: Thu Aug 6 10:17:28 2020 +0530 
-------------------------------------------------------------------------------- 
[RKLXCOMP]xdci: DVID check when Xdci is disable
Change-Id: Iec9aba2e33475561fc942ca841d2e13a18cd5360


-------------------------------------------------------------------------------- 
[Changed Files]
CometLakeSiliconPkg/Pch/AcpiTables/Dsdt/Pch.asl
CometLakeSiliconPkg/Pch/AcpiTables/Dsdt/PchXdci.asl

================================================================================ 
Commit: e25c99de4fbe4abd30da9d5d28cef7009501fb75 
Author: ClientSysFWGit <clientsysfwgit@intel.com> 
Date: Thu Aug 6 10:17:24 2020 +0530 
-------------------------------------------------------------------------------- 
[RKLS_CMPH][MRC] DCC Initialization 2DPC
Change-Id: If72b0046405c6662e557a90ba587d7a11e9c4dc3


-------------------------------------------------------------------------------- 
[Changed Files]
CometLakeSiliconPkg/SystemAgent/MemoryInitRkl/LibraryPrivate/PeiMemoryInitLib/Source/Hal/MrcHalRegisterAccess.c

================================================================================ 
Commit: 29cd73fb21d9bcd64f572ae3f1e1a232a02ca5e1 
Author: ClientSysFWGit <clientsysfwgit@intel.com> 
Date: Thu Aug 6 10:17:20 2020 +0530 
-------------------------------------------------------------------------------- 
[TeamCity] RKLERB Auto-Commit BIOS ID update CI Increment BIOS Major Version () and reset Minor Version to 0
Change-Id: Ia13b7ad7571fb0d28cded93424c938c043bbd225


-------------------------------------------------------------------------------- 
[Changed Files]
CometLakePlatSamplePkg/Tools/GenBiosId/BiosId.env

================================================================================ 
Commit: 3435c2875b271089742c9ae2d0dae3cca85f7f31 
Author: ClientSysFWGit <clientsysfwgit@intel.com> 
Date: Sat Aug 1 17:17:01 2020 +0530 
-------------------------------------------------------------------------------- 
updated build id


-------------------------------------------------------------------------------- 
[Changed Files]
CometLakeSiliconPkg/SiPkg.dec

================================================================================ 
Commit: 688fb14102700fd9322aaa50182a569b1948ccea 
Author: ClientSysFWGit <clientsysfwgit@intel.com> 
Date: Sat Aug 1 17:16:39 2020 +0530 
-------------------------------------------------------------------------------- 
updated license info


-------------------------------------------------------------------------------- 
[Changed Files]
CometLakeFspPkg/Include/HobUsageDataHob.h

================================================================================ 
Commit: 5203e86459de9948417af7f3d78e9965d19973d4 
Author: ClientSysFWGit <clientsysfwgit@intel.com> 
Date: Sat Aug 1 17:15:39 2020 +0530 
-------------------------------------------------------------------------------- 
updated license year


-------------------------------------------------------------------------------- 
[Changed Files]
CometLakeSiliconPkg/Pch/Include/GpioConfig.h
CometLakeSiliconPkg/SystemAgent/Include/MemInfoHob.h

================================================================================ 
Commit: cb9ab17fd640f73e7bd2199e1363b081ef7dc382 
Author: ClientSysFWGit <clientsysfwgit@intel.com> 
Date: Fri Jul 31 11:13:00 2020 +0530 
-------------------------------------------------------------------------------- 
Update FSP/RC version
Change-Id: Ia971dbdb78436150f1cf1818d18c3cdf0228468e


-------------------------------------------------------------------------------- 
[Changed Files]
CometLakeFspPkg/CometLakeFspPkg.dec
CometLakeSiliconPkg/SiPkg.dec.template

================================================================================ 
Commit: 3357c68a8726dee6062193d16d458aeaab46c1cd 
Author: ClientSysFWGit <clientsysfwgit@intel.com> 
Date: Fri Jul 31 11:12:56 2020 +0530 
-------------------------------------------------------------------------------- 
Access the PCI configure space via ECAM
Change-Id: Ia36d32c0cf3bebb9a100d0f59679788eaf2a4780


-------------------------------------------------------------------------------- 
[Changed Files]
CometLakePlatSamplePkg/Acpi/AcpiTables/SsdtRtd3/PchPcieWwan.asl
CometLakePlatSamplePkg/Acpi/AcpiTables/SsdtRtd3/Rtd3PcieWwan.asl
CometLakeSiliconPkg/CmlvPch/AcpiTables/Dsdt/PchPcie.asl
CometLakeSiliconPkg/Pch/AcpiTables/Dsdt/PchPcie.asl
CometLakeSiliconPkg/SystemAgent/AcpiTables/HostBus.asl

================================================================================ 
Commit: 3a33a9ce3341bd313322ef7345708b310906178a 
Author: ClientSysFWGit <clientsysfwgit@intel.com> 
Date: Fri Jul 31 11:12:52 2020 +0530 
-------------------------------------------------------------------------------- 
Integrate Gop 1042
Change-Id: I7a5bee99f84c6fa19d9780c26d03b0b456882dc5


-------------------------------------------------------------------------------- 
[Changed Files]
CometLakeFspBinPkg/SampleCode/Vbt/VbtRkl.bin
CometLakeFspBinPkg/SampleCode/Vbt/VbtRkl.json
CometLakeFspPkg/CometLakeFspPkg.fdf
CometLakeSiliconPkg/SystemAgent/IntelGraphicsPeim/Binaries/IntelGraphicsPeimRkl.efi
CometLakeSiliconPkg/SystemAgent/IntelGraphicsPeim/Binaries/IntelGraphicsPeimRklDebug.efi

================================================================================ 
Commit: ee534fedb58fa76d6a53246b2ecad86f16190831 
Author: ClientSysFWGit <clientsysfwgit@intel.com> 
Date: Fri Jul 31 11:12:47 2020 +0530 
-------------------------------------------------------------------------------- 
[TeamCity] RKLERB Auto-Commit BIOS ID update CI Increment BIOS Major Version () and reset Minor Version to 0
Change-Id: I21f8a4ef682a3a19574791c6ade7784640f1e7a9


-------------------------------------------------------------------------------- 
[Changed Files]
CometLakePlatSamplePkg/Tools/GenBiosId/BiosId.env

================================================================================ 
Commit: 57f504eb9d2261d83812ffa19e3341187bc89d86 
Author: ClientSysFWGit <clientsysfwgit@intel.com> 
Date: Fri Jul 31 11:12:44 2020 +0530 
-------------------------------------------------------------------------------- 
HstiIhvDxe: Updates for HSTI tests cases in aligment with PSCS
Change-Id: I949d04979abe6080c5e7fa989f1942475b46da93


-------------------------------------------------------------------------------- 
[Changed Files]
ClientSiliconPkg/Include/HstiFeatureBit_1_1a.h
CometLakePlatSamplePkg/Features/Hsti/HstiIhvDxe/BootFirmwareMediaProtection.c
CometLakePlatSamplePkg/Features/Hsti/HstiIhvDxe/DebugModeDisabled.c
CometLakePlatSamplePkg/Features/Hsti/HstiIhvDxe/HardwareRootedBootIntegrity.c
CometLakePlatSamplePkg/Features/Hsti/HstiIhvDxe/HstiIhvDxe.c
CometLakePlatSamplePkg/Features/Hsti/HstiIhvDxe/HstiIhvDxe.h
CometLakePlatSamplePkg/Features/Hsti/HstiIhvDxe/HstiIhvDxe.inf
CometLakePlatSamplePkg/Features/Hsti/HstiIhvDxe/IntegratedDeviceDmaProtection.c
CometLakePlatSamplePkg/Features/Hsti/HstiIhvDxe/MeasuredBootEnforcement.c
CometLakePlatSamplePkg/Features/Hsti/HstiIhvDxe/MpServiceHelp.c
CometLakePlatSamplePkg/Features/Hsti/HstiIhvDxe/SecureCpuConfiguration.c
CometLakePlatSamplePkg/Features/Hsti/HstiIhvDxe/SecureIntegratedGraphicsConfiguration.c
CometLakePlatSamplePkg/Features/Hsti/HstiIhvDxe/SecureMemoryMapConfiguration.c
CometLakePlatSamplePkg/Features/Hsti/HstiIhvDxe/SecurePCHConfiguration.c
CometLakePlatSamplePkg/Features/Hsti/HstiIhvDxe/SecurePchConfiguration.c
CometLakePlatSamplePkg/Features/Hsti/HstiIhvDxe/SecureSystemAgentConfiguration.c
CometLakePlatSamplePkg/Features/Hsti/HstiIhvDxe/SignedFirmwareUpdate.c
CometLakeSiliconPkg/SystemAgent/Include/Register/SaRegsHostBridge.h

================================================================================ 
Commit: b29ca6403e3ea4c6a76d9ed6d4beccc67caf52e8 
Author: ClientSysFWGit <clientsysfwgit@intel.com> 
Date: Fri Jul 31 11:12:38 2020 +0530 
-------------------------------------------------------------------------------- 
[TeamCity] RKLERB Auto-Commit BIOS ID update CI Increment BIOS Major Version () and reset Minor Version to 0
Change-Id: I288dd3c4ceca62c8345c4843db2156f5ce45d581


-------------------------------------------------------------------------------- 
[Changed Files]
CometLakePlatSamplePkg/Tools/GenBiosId/BiosId.env

================================================================================ 
Commit: a869a7d91c62069ca283bcc6a7ed0dc896232868 
Author: ClientSysFWGit <clientsysfwgit@intel.com> 
Date: Fri Jul 31 11:12:32 2020 +0530 
-------------------------------------------------------------------------------- 
[TeamCity] RKLERB Auto-Commit BIOS ID update CI Increment BIOS Major Version () and reset Minor Version to 0
Change-Id: I1ccdcd2d921af0f4df3e8be407a388e1e6da0f24


-------------------------------------------------------------------------------- 
[Changed Files]
CometLakePlatSamplePkg/Tools/GenBiosId/BiosId.env

================================================================================ 
Commit: 83ad91e8ceac808d77e8cefca91773dd966b43d0 
Author: ClientSysFWGit <clientsysfwgit@intel.com> 
Date: Fri Jul 31 11:12:29 2020 +0530 
-------------------------------------------------------------------------------- 
Register default values through ChipSetInit / BIOS  for RKL-S PCIE(X4 ,X16)
Change-Id: Icf0f984ac395179a067e4fb93e1764c0c37b370c


-------------------------------------------------------------------------------- 
[Changed Files]
CometLakeSiliconPkg/SystemAgent/Include/Register/CpuPcieRegs.h
CometLakeSiliconPkg/SystemAgent/Library/Private/PeiCpuPcieDekelInitLibGen4/PeiCpuPcieDekelInitLib.c

================================================================================ 
Commit: 787b1e74a7fb5893198d20ec20a9247ce6f5b927 
Author: ClientSysFWGit <clientsysfwgit@intel.com> 
Date: Fri Jul 31 11:12:25 2020 +0530 
-------------------------------------------------------------------------------- 
[TeamCity] RKLERB Auto-Commit BIOS ID update CI Increment BIOS Major Version () and reset Minor Version to 0
Change-Id: I5c860e9d58389842c472aa8c83eb45c5d6148d20


-------------------------------------------------------------------------------- 
[Changed Files]
CometLakePlatSamplePkg/Tools/GenBiosId/BiosId.env

================================================================================ 
Commit: 56baa5e99c8a1cab6960365a805249db09a3fa3f 
Author: ClientSysFWGit <clientsysfwgit@intel.com> 
Date: Fri Jul 31 11:12:20 2020 +0530 
-------------------------------------------------------------------------------- 
Configuring PTM hierarchies by searching for Endpoints and Upstream Switches that are PTM capable.
Change-Id: I61080035d91368b3261e3cbc6a50ee8bdeaf72bb


-------------------------------------------------------------------------------- 
[Changed Files]
CometLakeSiliconPkg/Include/PcieRegs.h
CometLakeSiliconPkg/Pch/Library/Private/PeiDxeSmmPchPciExpressHelpersLib/PchPciExpressHelpersLibrary.c

================================================================================ 
Commit: 7dd892cb8a1864b642603674158d0ef77b40e6a9 
Author: ClientSysFWGit <clientsysfwgit@intel.com> 
Date: Fri Jul 31 11:12:17 2020 +0530 
-------------------------------------------------------------------------------- 
[TeamCity] RKLERB Auto-Commit BIOS ID update CI Increment BIOS Major Version () and reset Minor Version to 0
Change-Id: I0139cbbb1cc2fe897969fb9a1559a1ac269c9acd


-------------------------------------------------------------------------------- 
[Changed Files]
CometLakePlatSamplePkg/Tools/GenBiosId/BiosId.env

================================================================================ 
Commit: c69ce35dcae21c4eb3f079c62bbc692376ef069b 
Author: ClientSysFWGit <clientsysfwgit@intel.com> 
Date: Fri Jul 31 11:12:13 2020 +0530 
-------------------------------------------------------------------------------- 
Make default Memory MRC frequency 2933
Change-Id: I4d33b253593bde755395983e1caaec3a73269c38


-------------------------------------------------------------------------------- 
[Changed Files]
CometLakePlatSamplePkg/Board/Include/OtherBoardConfigPatchTable.h

================================================================================ 
Commit: b9a93600532c770fd6fa95d158ba1ac33a61a475 
Author: ClientSysFWGit <clientsysfwgit@intel.com> 
Date: Fri Jul 31 11:12:10 2020 +0530 
-------------------------------------------------------------------------------- 
Task bar update after GFX driver uninstall
Change-Id: Ia86c1a82d9f6ad5819998fa8a2456c2b6adc6a65


-------------------------------------------------------------------------------- 
[Changed Files]
CometLakePlatSamplePkg/Board/Include/OtherBoardConfigPatchTable.h
CometLakePlatSamplePkg/Setup/SaSetup.hfr

================================================================================ 
Commit: 549790a87b294b501848cba161906e6da4c0c7ab 
Author: ClientSysFWGit <clientsysfwgit@intel.com> 
Date: Fri Jul 31 11:12:06 2020 +0530 
-------------------------------------------------------------------------------- 
[CML-S CMP] Integrate Gop 1109
Change-Id: Ic137926d3db00d91f7430a1322f1aa0939beb504


-------------------------------------------------------------------------------- 
[Changed Files]
CometLakeFspBinPkg/SampleCode/Vbt/VbtCfl.bin
CometLakeFspBinPkg/SampleCode/Vbt/VbtCfl.bsf
CometLakeFspBinPkg/SampleCode/Vbt/VbtCfl.json
CometLakeSiliconPkg/SystemAgent/IntelGraphicsPeim/Binaries/IntelGraphicsPeimCfl.efi
CometLakeSiliconPkg/SystemAgent/IntelGraphicsPeim/Binaries/IntelGraphicsPeimCflDebug.efi

================================================================================ 
Commit: 752fa9e7a3bc7f5ea4587ad21befd5fb5ccee02d 
Author: ClientSysFWGit <clientsysfwgit@intel.com> 
Date: Fri Jul 31 11:12:02 2020 +0530 
-------------------------------------------------------------------------------- 
[TeamCity] RKLERB Auto-Commit BIOS ID update CI Increment BIOS Major Version () and reset Minor Version to 0
Change-Id: I6577fdae67fb4d3506b14b28a625cd32f133fc3d


-------------------------------------------------------------------------------- 
[Changed Files]
CometLakePlatSamplePkg/Tools/GenBiosId/BiosId.env

================================================================================ 
Commit: ce42c27f4a50e34c6fc3c4cabf1fcbb90dfe5dfb 
Author: ClientSysFWGit <clientsysfwgit@intel.com> 
Date: Fri Jul 31 11:11:58 2020 +0530 
-------------------------------------------------------------------------------- 
[TeamCity] RKLERB Auto-Commit BIOS ID update CI Increment BIOS Major Version () and reset Minor Version to 0
Change-Id: Ie7bc91a721ee17799cfc2a1f347b21c817d2485f


-------------------------------------------------------------------------------- 
[Changed Files]
CometLakePlatSamplePkg/Tools/GenBiosId/BiosId.env

================================================================================ 
Commit: 6d54a372f6634cf0d32224c5133f85626ea1be64 
Author: ClientSysFWGit <clientsysfwgit@intel.com> 
Date: Fri Jul 31 11:11:54 2020 +0530 
-------------------------------------------------------------------------------- 
[TeamCity] RKLERB Auto-Commit FSP CI
Change-Id: I2cf4f1186ffb434e68301b2783a5451f7e59eddd


-------------------------------------------------------------------------------- 
[Changed Files]
CometLakeFspBinPkg/Fsp.bsf
