================================================================================ 
Commit: 4abfd23ace79e400ebf1291699b3f55cb3df921a 
Author: ClientSysFWGit <clientsysfwgit@intel.com> 
Date: Wed Sep 14 16:36:33 2022 -0700 
-------------------------------------------------------------------------------- 
Modified SiPkg.dec file

-------------------------------------------------------------------------------- 
[Changed Files]
ClientOneSiliconPkg/SiPkg.dec

================================================================================ 
Commit: 860b003de5ba1d5215db050013123233058c5c6f 
Author: ClientSysFWGit <clientsysfwgit@intel.com> 
Date: Thu Sep 8 13:20:24 2022 -0700 
-------------------------------------------------------------------------------- 
[TeamCity] TGL Auto-Commit BIOS ID update_github TGLMaster BIOS Version to 5345_00

Fri Aug 19 00:25:45 2022 -0700
Original commit date: Fri Aug 19 00:25:45 2022 -0700
Original commit hash: 35fd775b5047f32089a29ff14ef1a7dc2d37e93b

-------------------------------------------------------------------------------- 
[Changed Files]
TigerLakeBoardPkg/BiosId.env

================================================================================ 
Commit: c008f4b6b39ff39da9b266e8cdb8f807003d0e6f 
Author: ClientSysFWGit <clientsysfwgit@intel.com> 
Date: Thu Sep 8 13:20:22 2022 -0700 
-------------------------------------------------------------------------------- 
[Feature Description]
After replugging dock with USB hub equipped for multiple times
sporadically USB HUB would show YB and all USB devices connected to that
dock would stop working.

[Resolution]
Adding enabling of USB Back to Back BTO Handling

Package/Module:
ClientOneSiliconPkg/IpBlock/Usb/LibraryPrivate/PeiUsbHostControllerInitLib

[Impacted Platform]
TGL

Hsd-es-id: 16017770526
Original commit date: Wed Aug 17 18:44:12 2022 +0530
Change-Id: I183428c4a8b85e27ae403d32898b087c5bd58681
Original commit hash: 80e07d8138201eec905aac858b48b326e4abac8c

-------------------------------------------------------------------------------- 
[Changed Files]
ClientOneSiliconPkg/IpBlock/Usb/LibraryPrivate/PeiUsbHostControllerInitLib/XhciInit.c

================================================================================ 
Commit: 818307fb7321eef8414f60844ed13c26c79fc808 
Author: ClientSysFWGit <clientsysfwgit@intel.com> 
Date: Thu Sep 8 13:20:20 2022 -0700 
-------------------------------------------------------------------------------- 
[TeamCity] TGL Auto-Commit BIOS ID update_github TGLMaster BIOS Version to 5326_00

Sat Aug 6 19:00:25 2022 -0700
Original commit date: Sat Aug 6 19:00:25 2022 -0700
Original commit hash: b32eeeb1aab9d9a786ad6d3fc4d166c1a7e85512

-------------------------------------------------------------------------------- 
[Changed Files]
TigerLakeBoardPkg/BiosId.env

================================================================================ 
Commit: 5ce9c74eaed376404a472a4e001c5ebb080b05b6 
Author: ClientSysFWGit <clientsysfwgit@intel.com> 
Date: Thu Sep 8 13:20:17 2022 -0700 
-------------------------------------------------------------------------------- 
[PeiBootGuardEventLogLib] Backward compatibility for PCR0

Additionally mask off DBI (BIT10) and DCD (BIT9) from AcmPolicySts.

Hsd-es-id: 14017151762
Original commit date: Wed Jul 20 22:07:56 2022 -0700
Change-Id: Ib92a0e1b0e5a604b5c0270344d16988714ff4e93
Original commit hash: 1a7ea6eefb9d03a3c9637677996292178819ea2c

-------------------------------------------------------------------------------- 
[Changed Files]
TigerLakePlatSamplePkg/Library/PeiBootGuardEventLogLib/PeiBootGuardEventLogLib.c

================================================================================ 
Commit: 356b5e5c3ed3524a9a84a98dcafd8037b8a2e850 
Author: ClientSysFWGit <clientsysfwgit@intel.com> 
Date: Thu Sep 8 13:20:15 2022 -0700 
-------------------------------------------------------------------------------- 
[TeamCity] TGL Auto-Commit BIOS ID update_github TGLMaster BIOS Version to 5325_02

Fri Aug 5 04:13:00 2022 -0700
Original commit date: Fri Aug 5 04:13:00 2022 -0700
Original commit hash: 65ce8f9fc8335b5f05e6c2c86d63868c84346f38

-------------------------------------------------------------------------------- 
[Changed Files]
TigerLakeBoardPkg/BiosId.env

================================================================================ 
Commit: 2c9fddc561cb2b7f12c83effad8e553bec01dea3 
Author: ClientSysFWGit <clientsysfwgit@intel.com> 
Date: Thu Sep 8 13:20:13 2022 -0700 
-------------------------------------------------------------------------------- 
[TeamCity] TGL Auto-Commit BIOS ID update_github TGLMaster BIOS Version to 5325_01

Fri Aug 5 03:41:36 2022 -0700
Original commit date: Fri Aug 5 03:41:36 2022 -0700
Original commit hash: 458f83df6ca7acc0f5064097ba1362d7303f0cb6

-------------------------------------------------------------------------------- 
[Changed Files]
TigerLakeBoardPkg/BiosId.env

================================================================================ 
Commit: 6c68eb3847ed8d1a7661191f520496081e6035c1 
Author: ClientSysFWGit <clientsysfwgit@intel.com> 
Date: Thu Sep 8 13:20:11 2022 -0700 
-------------------------------------------------------------------------------- 
[TeamCity] TGL Auto-Commit BIOS ID update_github TGLMaster BIOS Version to 5325_00

Fri Aug 5 03:33:27 2022 -0700
Original commit date: Fri Aug 5 03:33:27 2022 -0700
Original commit hash: f56ad238f2b557ecc5e239301f0968f62f6a07cf

-------------------------------------------------------------------------------- 
[Changed Files]
TigerLakeBoardPkg/BiosId.env

================================================================================ 
Commit: ae3cfa0c553093e7f8a8d03573267e02351f6315 
Author: ClientSysFWGit <clientsysfwgit@intel.com> 
Date: Thu Sep 8 13:20:09 2022 -0700 
-------------------------------------------------------------------------------- 
Revert "Revert "C1S/FSP/PlatSamplePkg: [TGL] Intel BIOS Self Test Lock Bit Errors""

- Change ProcHotLock to default enable
- to deprecate HWP Lock is not supported on TGL

This reverts commit 0a4793c3b91ad8c06d202f93e1e6687be26a18cc.

Hsd-es-id: 14016370490
Original commit date: Tue Aug 2 09:51:38 2022 +0530
Original commit hash: 52a37fe9aa9535a87b56540810350e356c216044

-------------------------------------------------------------------------------- 
[Changed Files]
ClientOneSiliconPkg/Cpu/Include/ConfigBlock/CpuPowerMgmtBasicConfig.h
ClientOneSiliconPkg/Cpu/Include/ConfigBlock/CpuPowerMgmtTestConfig.h
ClientOneSiliconPkg/Cpu/Library/PeiCpuPolicyLib/PeiCpuPolicyLib.c
ClientOneSiliconPkg/Cpu/LibraryPrivate/PeiCpuPowerMgmtLib/MiscFunctions.c
TigerLakeFspPkg/Upd/FspsUpd.dsc
TigerLakePlatSamplePkg/Setup/PlatformSetup.hfr

================================================================================ 
Commit: 251d911ae07660392ec79c22e62dadc005e57066 
Author: ClientSysFWGit <clientsysfwgit@intel.com> 
Date: Thu Sep 8 13:20:07 2022 -0700 
-------------------------------------------------------------------------------- 
[TeamCity] TGL Auto-Commit BIOS ID update_github TGLMaster BIOS Version to 5321_00

Mon Aug 1 09:54:51 2022 -0700
Original commit date: Mon Aug 1 09:54:51 2022 -0700
Original commit hash: 220d394a6840f1b58b6ee653ea64839353aec9ed

-------------------------------------------------------------------------------- 
[Changed Files]
TigerLakeBoardPkg/BiosId.env

================================================================================ 
Commit: 78a50564e9ff50159c360ea02710617eae52c5b4 
Author: ClientSysFWGit <clientsysfwgit@intel.com> 
Date: Thu Sep 8 13:20:05 2022 -0700 
-------------------------------------------------------------------------------- 
[TeamCity] TGL Auto-Commit BIOS ID update_github TGLMaster BIOS Version to 5317_00

Sun Jul 31 22:57:09 2022 -0700
Original commit date: Sun Jul 31 22:57:09 2022 -0700
Original commit hash: c72eabd83b6f8a40cf58d6e71f8f9724dba42084

-------------------------------------------------------------------------------- 
[Changed Files]
TigerLakeBoardPkg/BiosId.env

================================================================================ 
Commit: e534ae6c08def6ab8d06ea5c7d343c32fc42726e 
Author: ClientSysFWGit <clientsysfwgit@intel.com> 
Date: Thu Sep 8 13:20:03 2022 -0700 
-------------------------------------------------------------------------------- 
[TeamCity] TGL Auto-Commit BIOS ID update_github TGLMaster BIOS Version to 5293_00

Wed Jul 13 20:36:19 2022 -0700
Original commit date: Wed Jul 13 20:36:19 2022 -0700
Original commit hash: 51ee3444c6ae7b93e8c909e259a3a30f21a95f24

-------------------------------------------------------------------------------- 
[Changed Files]
TigerLakeBoardPkg/BiosId.env

================================================================================ 
Commit: 400284e59e5c4713b77d1746ef466a0b5c8d4652 
Author: ClientSysFWGit <clientsysfwgit@intel.com> 
Date: Thu Sep 8 13:20:01 2022 -0700 
-------------------------------------------------------------------------------- 
Revert "C1S/FSP/PlatSamplePkg: [TGL] Intel BIOS Self Test Lock Bit Errors"

This reverts commit 3d8ba7320a970135e3799fbac6b0fe7b0f965d8f.

Hsd-es-id: 14016370490
Original commit date: Fri Jul 8 17:22:49 2022 +0530
Change-Id: Iee33cb963831d2c1a6914f6b25b6dc308280ae92
Original commit hash: 0a4793c3b91ad8c06d202f93e1e6687be26a18cc

-------------------------------------------------------------------------------- 
[Changed Files]
ClientOneSiliconPkg/Cpu/Include/ConfigBlock/CpuPowerMgmtBasicConfig.h
ClientOneSiliconPkg/Cpu/Include/ConfigBlock/CpuPowerMgmtTestConfig.h
ClientOneSiliconPkg/Cpu/Library/PeiCpuPolicyLib/PeiCpuPolicyLib.c
ClientOneSiliconPkg/Cpu/LibraryPrivate/PeiCpuPowerMgmtLib/MiscFunctions.c
TigerLakeFspPkg/Upd/FspsUpd.dsc
TigerLakePlatSamplePkg/Setup/PlatformSetup.hfr

================================================================================ 
Commit: ed257582e60567d0c058a6dde82043a1d75fe9af 
Author: ClientSysFWGit <clientsysfwgit@intel.com> 
Date: Thu Sep 8 13:19:59 2022 -0700 
-------------------------------------------------------------------------------- 
[TGL]Integrating TGL RC version 0A.00.59.21 gives POST error.f
Free temporary bus assignment

Hsd-es-id: 16016990994
Original commit date: Thu Jun 16 01:30:39 2022 +0530
Change-Id: I3b48b74cb43d70884f1c4d7772349de7f38ef3c9
Original commit hash: 526294dfa7376679bf911ec2638c95ebaabc072d

-------------------------------------------------------------------------------- 
[Changed Files]
ClientOneSiliconPkg/IpBlock/CpuPcieRp/LibraryPrivate/DxeCpuPcieRpLib/DxeCpuPcieRpLib.c

================================================================================ 
Commit: d67a9caa19fd7cf487101c36d74b2d11cf4f7ab6 
Author: ClientSysFWGit <clientsysfwgit@intel.com> 
Date: Thu Sep 8 13:19:57 2022 -0700 
-------------------------------------------------------------------------------- 
C1S/FSP/PlatSamplePkg: [TGL] Intel BIOS Self Test Lock Bit Errors

- Change ProcHotLock to default enable
- to deprecate HWP Lock is not supported on TGL

Hsd-es-id: 14016370490
Original commit date: Thu May 26 11:58:08 2022 +0800
Change-Id: Iee33cb963831d2c1a6914f6b25b6dc308280ae92
Original commit hash: 3d8ba7320a970135e3799fbac6b0fe7b0f965d8f

-------------------------------------------------------------------------------- 
[Changed Files]
ClientOneSiliconPkg/Cpu/Include/ConfigBlock/CpuPowerMgmtBasicConfig.h
ClientOneSiliconPkg/Cpu/Include/ConfigBlock/CpuPowerMgmtTestConfig.h
ClientOneSiliconPkg/Cpu/Library/PeiCpuPolicyLib/PeiCpuPolicyLib.c
ClientOneSiliconPkg/Cpu/LibraryPrivate/PeiCpuPowerMgmtLib/MiscFunctions.c
TigerLakeFspPkg/Upd/FspsUpd.dsc
TigerLakePlatSamplePkg/Setup/PlatformSetup.hfr

================================================================================ 
Commit: 5a44b1a934956b8e13c12e2c5d7e6bb472c6fba6 
Author: ClientSysFWGit <clientsysfwgit@intel.com> 
Date: Thu Sep 8 13:19:55 2022 -0700 
-------------------------------------------------------------------------------- 
[TeamCity] TGL Auto-Commit BIOS ID update_github TGLMaster BIOS Version to 5222_01

Tue May 24 19:43:54 2022 -0700
Original commit date: Tue May 24 19:43:54 2022 -0700
Original commit hash: 596d08785a3d7faccb1bedff7269367c5ab4b3d9

-------------------------------------------------------------------------------- 
[Changed Files]
TigerLakeBoardPkg/BiosId.env
