================================================================================ 
Commit: 2c14dbd3207eb1e4de63fd96ea1c1ff41ee8cf82 
Author: ClientSysFWGit <clientsysfwgit@intel.com> 
Date: Tue Sep 24 13:59:23 2019 +0530 
-------------------------------------------------------------------------------- 
Changing BIOS ID to 3364.02 

Original commit date: Tue Sep 10 09:59:46 2019 +0530
Change-Id: I2e8cec63f92fc6020799ddbd8a4da061fa356123
Original commit hash: f418bcba7aca7736b96275661fbaa387aa0e6074

-------------------------------------------------------------------------------- 
[Changed Files]
LakeFieldPlatSamplePkg/Tools/GenBiosId/BiosId.env

================================================================================ 
Commit: f5fb7e56fcc093ef113836081ae38161e8b07dd0 
Author: ClientSysFWGit <clientsysfwgit@intel.com> 
Date: Tue Sep 24 13:59:23 2019 +0530 
-------------------------------------------------------------------------------- 
Microcode Update

Hsd-es-id: NA
Attestation-link: LakeFieldPlatSamplePkg/InternalOnly/IpPlan/Client BIOS IP Plan.xlsx
Original commit date: Tue Sep 10 09:42:25 2019 +0530
Change-Id: Ia3883b253ebd36faba52a8f8578902112d5b1729
Original commit hash: 577603ca9335750797e8beeebfdb6a0be2a4bc09

-------------------------------------------------------------------------------- 
[Changed Files]
LakeFieldPlatSamplePkg/PlatformPkg.fdf

================================================================================ 
Commit: 4ac95400c68023684fd363e2d481a37e9c2b47a1 
Author: ClientSysFWGit <clientsysfwgit@intel.com> 
Date: Tue Sep 24 13:59:22 2019 +0530 
-------------------------------------------------------------------------------- 
[TeamCity] LKF Auto-Commit DailyUpdate_FSP/RC version CI Increment FSP Revision Number and reset FSP Build Number to 1

Mon Sep 9 10:33:27 2019 -0700
Original commit date: Mon Sep 9 10:33:27 2019 -0700
Original commit hash: 0ab0fe5c25f7d04e465bdc8d534cd934c68b472d

-------------------------------------------------------------------------------- 
[Changed Files]
LakeFieldFspPkg/LakeFieldFspPkg.dec
LakeFieldSiliconPkg/SiPkg.dec

================================================================================ 
Commit: 22f6ffc63e7f25a37bd3e7c6831d220e3d5f4f28 
Author: ClientSysFWGit <clientsysfwgit@intel.com> 
Date: Tue Sep 24 13:59:21 2019 +0530 
-------------------------------------------------------------------------------- 
[TeamCity] LKF Auto-Commit DailyUpdate_FSP/RC version CI Increment FSP Revision Number and reset FSP Build Number to 1

Sun Sep 8 10:34:32 2019 -0700
Original commit date: Sun Sep 8 10:34:32 2019 -0700
Original commit hash: 14a759fd9c54004493f825e9100c4c80c107d179

-------------------------------------------------------------------------------- 
[Changed Files]
LakeFieldFspPkg/LakeFieldFspPkg.dec
LakeFieldSiliconPkg/SiPkg.dec

================================================================================ 
Commit: 1baa8b3fb53b343ecef381e49cdeba88577b55d4 
Author: ClientSysFWGit <clientsysfwgit@intel.com> 
Date: Tue Sep 24 13:59:20 2019 +0530 
-------------------------------------------------------------------------------- 
[TeamCity] LKF Auto-Commit DailyUpdate_FSP/RC version CI Increment FSP Revision Number and reset FSP Build Number to 1

Sat Sep 7 10:43:51 2019 -0700
Original commit date: Sat Sep 7 10:43:51 2019 -0700
Original commit hash: 88186ce90e6317fce3f2bcfef43dd6260e5f6877

-------------------------------------------------------------------------------- 
[Changed Files]
LakeFieldFspPkg/LakeFieldFspPkg.dec
LakeFieldSiliconPkg/SiPkg.dec

================================================================================ 
Commit: 9feea5ba57d00d564d04f7e71c2e0236db617b81 
Author: ClientSysFWGit <clientsysfwgit@intel.com> 
Date: Tue Sep 24 13:59:19 2019 +0530 
-------------------------------------------------------------------------------- 
Changing BIOS ID to 3364.01

Original commit date: Sat Sep 7 10:45:24 2019 +0530
Change-Id: Ib5637febd392b95a48965078b8873cd4c9c8c877
Original commit hash: e4a842bac1ee041cf286761bf3a0548ad90ecae8

-------------------------------------------------------------------------------- 
[Changed Files]
LakeFieldPlatSamplePkg/Tools/GenBiosId/BiosId.env

================================================================================ 
Commit: 9bd9d2f1e81b7710e99719814051b950f006c79f 
Author: ClientSysFWGit <clientsysfwgit@intel.com> 
Date: Tue Sep 24 13:59:18 2019 +0530 
-------------------------------------------------------------------------------- 
Microcode update

Hsd-es-id: NA
Original commit date: Fri Sep 6 14:05:19 2019 +0530
Change-Id: I19bf8fcc586df728a8c78d375d801c0b91fed4d2
Original commit hash: a22a5dd3cae4fda207657a21fde8c51e11e6187d

-------------------------------------------------------------------------------- 
[Changed Files]
LakeFieldPlatSamplePkg/PlatformPkg.fdf

================================================================================ 
Commit: 4976686b29b8aa70cf34179c0db63e7f684fcccb 
Author: ClientSysFWGit <clientsysfwgit@intel.com> 
Date: Tue Sep 24 13:59:17 2019 +0530 
-------------------------------------------------------------------------------- 
[TeamCity] LKF Auto-Commit DailyUpdate_FSP/RC version CI Increment FSP Revision Number and reset FSP Build Number to 1

Fri Sep 6 10:36:08 2019 -0700
Original commit date: Fri Sep 6 10:36:08 2019 -0700
Original commit hash: aec02eb2e84afeb96b90af9cc443832cc20f6c7c

-------------------------------------------------------------------------------- 
[Changed Files]
LakeFieldFspPkg/LakeFieldFspPkg.dec
LakeFieldSiliconPkg/SiPkg.dec

================================================================================ 
Commit: 69a32a80174388e7005701f4d796385b91dfb825 
Author: ClientSysFWGit <clientsysfwgit@intel.com> 
Date: Tue Sep 24 13:59:16 2019 +0530 
-------------------------------------------------------------------------------- 
Fixed: UFS Rx and Tx Gears set in BIOS matched to CSE FW.

Hsd-es-id: 1607807502
Original commit date: Thu Sep 5 17:32:18 2019 +0530
Change-Id: Ibf85d253ee3d12ea005565dbc6d26f94dd5934a6
Original commit hash: 63e68877ea8ffca8cdd04902d0394bc7ca32a7a6

-------------------------------------------------------------------------------- 
[Changed Files]
LakeFieldPlatSamplePkg/Override/DoxygenRpOverride.h
LakeFieldPlatSamplePkg/Override/MdeModulePkg/Bus/Ufs/UfsPassThruDxe/UfsPassThruHci.c

================================================================================ 
Commit: e1fb3470279f981b3fc41dca3146b2c3dc856725 
Author: ClientSysFWGit <clientsysfwgit@intel.com> 
Date: Tue Sep 24 13:59:15 2019 +0530 
-------------------------------------------------------------------------------- 
[TeamCity] LKF Auto-Commit DailyUpdate_FSP/RC version CI Increment FSP Revision Number and reset FSP Build Number to 1

Thu Sep 5 10:33:17 2019 -0700
Original commit date: Thu Sep 5 10:33:17 2019 -0700
Original commit hash: 40dcddadab8434d2cb0f526aa0940988933e2a2d

-------------------------------------------------------------------------------- 
[Changed Files]
LakeFieldFspPkg/LakeFieldFspPkg.dec
LakeFieldSiliconPkg/SiPkg.dec

================================================================================ 
Commit: f897be66694de90052b686775a21770ec12f04ea 
Author: ClientSysFWGit <clientsysfwgit@intel.com> 
Date: Tue Sep 24 13:59:14 2019 +0530 
-------------------------------------------------------------------------------- 
Changing BIOS ID to 3364.00


Original commit date: Thu Sep 5 09:42:20 2019 +0530
Change-Id: Ib57d7c65c31e2d0e86b2905f6dbb3913af579602
Original commit hash: 8b41c628611f1fc24852d11a19cab84d05c0da5d

-------------------------------------------------------------------------------- 
[Changed Files]
LakeFieldPlatSamplePkg/Tools/GenBiosId/BiosId.env

================================================================================ 
Commit: c38bdb66ef461aff624b88ca718b84c1f0ad5ff8 
Author: ClientSysFWGit <clientsysfwgit@intel.com> 
Date: Tue Sep 24 13:59:14 2019 +0530 
-------------------------------------------------------------------------------- 
Description:Policy update function returns incorrectly in case of SPI Boot resulting in 
some of the policy update failures.
Solution: Add appropriate checks to make sure Policy update is proper for both SPI and UFS boot.

Original commit date: Wed Sep 4 16:52:16 2019 +0530
Change-Id: Ia70a886f21c577d7bdc9e06b45dc3bbe22a1db2c
Original commit hash: 515c96012d7a172501e30b0780234d2375b7f1d1

-------------------------------------------------------------------------------- 
[Changed Files]
LakeFieldPlatSamplePkg/Library/PeiPolicyUpdateLib/PeiCpuPolicyUpdate.c
LakeFieldPlatSamplePkg/Library/PeiPolicyUpdateLib/PeiPolicyUpdateLib.inf
LakeFieldPlatSamplePkg/Library/PeiPolicyUpdateLib/PeiPolicyUpdateLibFsp.inf

================================================================================ 
Commit: cc117136b3097bde3e8dc206096636a5389289b8 
Author: ClientSysFWGit <clientsysfwgit@intel.com> 
Date: Tue Sep 24 13:59:13 2019 +0530 
-------------------------------------------------------------------------------- 
Update GOP

Hsd-es-id: NA
Tracker-link: NA
Original commit date: Tue Sep 3 10:04:36 2019 +0530
Change-Id: I39fea28050ee34195ef6c11c4678be48d5c87106
Original commit hash: 5697d013261b16532fdc848954db5b2276706e25

-------------------------------------------------------------------------------- 
[Changed Files]
LakeFieldFspBinPkg/SampleCode/Vbt/VbtBoeMipi.bin
LakeFieldFspBinPkg/SampleCode/Vbt/VbtBomEdp.bin
LakeFieldFspBinPkg/SampleCode/Vbt/VbtTianmaMipiCommand.bin
LakeFieldFspBinPkg/SampleCode/Vbt/VbtTianmaMipiVideo.bin
LakeFieldSiliconPkg/SampleCode/IntelGraphicsVbt/VbtBoeMipi.bin
LakeFieldSiliconPkg/SampleCode/IntelGraphicsVbt/VbtBomEdp.bin
LakeFieldSiliconPkg/SampleCode/IntelGraphicsVbt/VbtTianmaMipiCommand.bin
LakeFieldSiliconPkg/SampleCode/IntelGraphicsVbt/VbtTianmaMipiVideo.bin

================================================================================ 
Commit: e278209aef2fe6e187ed046b1280531a4d55eb41 
Author: ClientSysFWGit <clientsysfwgit@intel.com> 
Date: Tue Sep 24 13:59:12 2019 +0530 
-------------------------------------------------------------------------------- 
[TeamCity] LKF Auto-Commit DailyUpdate_FSP/RC version CI Increment FSP Revision Number and reset FSP Build Number to 1

Wed Sep 4 10:34:05 2019 -0700
Original commit date: Wed Sep 4 10:34:05 2019 -0700
Original commit hash: bd8f581bfad569f24b84bd904b238f7789725ef9

-------------------------------------------------------------------------------- 
[Changed Files]
LakeFieldFspPkg/LakeFieldFspPkg.dec
LakeFieldSiliconPkg/SiPkg.dec

================================================================================ 
Commit: 00531f838b8a00a643fb345b9af1afc2d109cc40 
Author: ClientSysFWGit <clientsysfwgit@intel.com> 
Date: Tue Sep 24 13:59:11 2019 +0530 
-------------------------------------------------------------------------------- 
Disable xdci support by default.

Original commit date: Wed Sep 4 16:15:54 2019 +0530
Change-Id: I873a1f98a032186a5fce83c7876403b10f1bde63
Original commit hash: e27f3b9deb80016ab29b441f2ab23a785663a6bf

-------------------------------------------------------------------------------- 
[Changed Files]
LakeFieldPlatSamplePkg/Setup/PchSetup.hfr

================================================================================ 
Commit: 19cb46ff2d24d477215ba4c1126f7f724e35161d 
Author: ClientSysFWGit <clientsysfwgit@intel.com> 
Date: Tue Sep 24 13:59:10 2019 +0530 
-------------------------------------------------------------------------------- 
Adding gpio84, gpio86, gpio111 and gpio112 to IOSTANDBY list

Original commit date: Wed Sep 4 14:55:06 2019 +0530
Change-Id: I8718c474bcaa5153c4f2ae1e12ea704d743b6b94
Original commit hash: 6be74ca0a2b868d66b15c9c34b98f7c79548ab73

-------------------------------------------------------------------------------- 
[Changed Files]
LakeFieldSiliconPkg/Pch/Library/Private/PeiDxeSmmGpioPrivateLib/GpioPrivateLibLkf.c

================================================================================ 
Commit: b2b60a0b7731f52368be32687444f3574f3b3b54 
Author: ClientSysFWGit <clientsysfwgit@intel.com> 
Date: Tue Sep 24 13:59:09 2019 +0530 
-------------------------------------------------------------------------------- 
Revert "Need additional delay after deasserting PERST in the BIOS"

This reverts commit 6a52efe2697bd1f9c6d0ed124a06701639f42e52.

Original commit date: Wed Sep 4 15:00:31 2019 +0530
Change-Id: I228cd23ac59aac78bfb76f4c983f605481dd4dc9
Original commit hash: 0fef9deacefb910f3228d315308c4cdf42861701

-------------------------------------------------------------------------------- 
[Changed Files]
LakeFieldPlatSamplePkg/Acpi/AcpiTables/SsdtRtd3/Rtd3PcieWwan.asl

================================================================================ 
Commit: 4d6ef2629c27357e2a04fffa61ea79f6e2883c1e 
Author: ClientSysFWGit <clientsysfwgit@intel.com> 
Date: Tue Sep 24 13:59:08 2019 +0530 
-------------------------------------------------------------------------------- 
Update Microcode

Hsd-es-id: NA
Attestation-link: LakeFieldPlatSamplePkg/InternalOnly/IpPlan/Client BIOS IP Plan.xlsx
Original commit date: Wed Sep 4 10:32:02 2019 +0530
Change-Id: If62a4c181f255f7895841aa1cb9ee8b8940ad43c
Original commit hash: 10483671d2a7e02c685216d82fcbd9af59ce119e

-------------------------------------------------------------------------------- 
[Changed Files]
LakeFieldPlatSamplePkg/PlatformPkg.fdf

================================================================================ 
Commit: 23a558b4f2e89b5ed3863db5e49ad44b4c90f531 
Author: ClientSysFWGit <clientsysfwgit@intel.com> 
Date: Tue Sep 24 13:59:07 2019 +0530 
-------------------------------------------------------------------------------- 
Fix: UFS boot time delay issue

Original commit date: Fri Aug 30 14:03:47 2019 +0530
Change-Id: I05bf73612a9da67c259e65c85c4a402c0b8daff7
Original commit hash: 801aee9f9138531baf279395633686157706caa8

-------------------------------------------------------------------------------- 
[Changed Files]
LakeFieldPlatSamplePkg/Override/DoxygenRpOverride.h
LakeFieldPlatSamplePkg/Override/MdeModulePkg/Bus/Ufs/UfsPassThruDxe/UfsPassThruHci.c
LakeFieldPlatSamplePkg/Override/MdeModulePkg/Bus/Ufs/UfsPassThruDxe/UfsPassThruHci.h
LakeFieldSiliconPkg/Pch/Include/Register/PchRegsScsUfs.h
LakeFieldSiliconPkg/Pch/Library/Private/PeiScsLib/PeiScsUfs.c

================================================================================ 
Commit: 312f3ce3116474c4bf87de8ac34fd7868d96c058 
Author: ClientSysFWGit <clientsysfwgit@intel.com> 
Date: Tue Sep 24 13:59:06 2019 +0530 
-------------------------------------------------------------------------------- 
[TeamCity] LKF Auto-Commit DailyUpdate_FSP/RC version CI Increment FSP Revision Number and reset FSP Build Number to 1

Tue Sep 3 10:34:58 2019 -0700
Original commit date: Tue Sep 3 10:34:58 2019 -0700
Original commit hash: f1375d6317a4b3e66275227b1b7b3afd6b9ddafe

-------------------------------------------------------------------------------- 
[Changed Files]
LakeFieldFspPkg/LakeFieldFspPkg.dec
LakeFieldSiliconPkg/SiPkg.dec

================================================================================ 
Commit: 8a837483dcfaa8bec1fd938c433b1c20b398ad46 
Author: ClientSysFWGit <clientsysfwgit@intel.com> 
Date: Tue Sep 24 13:59:05 2019 +0530 
-------------------------------------------------------------------------------- 
Fix: PMAX ASL Update

Original commit date: Wed Aug 28 11:09:02 2019 +0530
Change-Id: I8ec78180af9967495e90063231a1069e5eb7ca07
Original commit hash: ccbbb1e4f9197e328750f6b60aae205ff6899ee3

-------------------------------------------------------------------------------- 
[Changed Files]
LakeFieldPlatSamplePkg/Acpi/AcpiTables/AcpiPlatform/Dxe/AcpiPlatform.c
LakeFieldPlatSamplePkg/Acpi/AcpiTables/Dsdt/PmaxDev.asl
LakeFieldPlatSamplePkg/Include/SetupVariable.h
LakeFieldPlatSamplePkg/Setup/PlatformSetup.hfr
LakeFieldPlatSamplePkg/Setup/PlatformSetup.uni

================================================================================ 
Commit: 14d87ebd7be3d109f3b9b8b4046fb3cdc9925c91 
Author: ClientSysFWGit <clientsysfwgit@intel.com> 
Date: Tue Sep 24 13:59:04 2019 +0530 
-------------------------------------------------------------------------------- 
Fix: UFS S0ix issues

This reverts commit a3ba1789abb9bf3a9cc7e1fe231b46011d70a2a2.

Hsd-es-id: NA
Attestation-link: LakeFieldPlatSamplePkg/InternalOnly/IpPlan/Client BIOS IP Plan.xlsx
Original commit date: Fri Aug 30 14:28:05 2019 +0530
Change-Id: Iffe5e323717461d9217bafeca20b7a283a11c5a8
Original commit hash: a7ebb4b0a291dd3dc74a0927fff05fe713ff6dc7

-------------------------------------------------------------------------------- 
[Changed Files]
LakeFieldSiliconPkg/Pch/AcpiTables/Dsdt/PchScs.asl
LakeFieldSiliconPkg/Pch/AcpiTables/Dsdt/Pmc.asl
LakeFieldSiliconPkg/Pch/Include/PchReservedResources.h
LakeFieldSiliconPkg/Pch/Include/Register/PchRegsPmc.h
LakeFieldSiliconPkg/Pch/Include/Register/PchRegsScs.h
LakeFieldSiliconPkg/Pch/Include/Register/PchRegsScsIosf2OcpBridge.h
LakeFieldSiliconPkg/Pch/Include/Register/PchRegsScsUfs.h
LakeFieldSiliconPkg/Pch/Library/Private/PeiScsLib/PeiIosf2Ocp.c
LakeFieldSiliconPkg/Pch/Library/Private/PeiScsLib/PeiIosf2Ocp.h
LakeFieldSiliconPkg/Pch/Library/Private/PeiScsLib/PeiScsUfs.c

================================================================================ 
Commit: 1cda1f78721d07cae0188257c2b57b978100553b 
Author: ClientSysFWGit <clientsysfwgit@intel.com> 
Date: Tue Sep 24 13:59:03 2019 +0530 
-------------------------------------------------------------------------------- 
[TeamCity] LKF Auto-Commit DailyUpdate_FSP/RC version CI Increment FSP Revision Number and reset FSP Build Number to 1

Mon Sep 2 10:34:19 2019 -0700
Original commit date: Mon Sep 2 10:34:19 2019 -0700
Original commit hash: cd312a1e0f27e166b685c7a52286bb07464a1818

-------------------------------------------------------------------------------- 
[Changed Files]
LakeFieldFspPkg/LakeFieldFspPkg.dec
LakeFieldSiliconPkg/SiPkg.dec

================================================================================ 
Commit: 6e9f4e96f9ac1fb190114d1858358742f64c0b8c 
Author: ClientSysFWGit <clientsysfwgit@intel.com> 
Date: Tue Sep 24 13:59:02 2019 +0530 
-------------------------------------------------------------------------------- 
[TeamCity] LKF Auto-Commit DailyUpdate_FSP/RC version CI Increment FSP Revision Number and reset FSP Build Number to 1

Sun Sep 1 10:34:24 2019 -0700
Original commit date: Sun Sep 1 10:34:24 2019 -0700
Original commit hash: cfe2850fe64f78103601dd3a1a964e954ca78480

-------------------------------------------------------------------------------- 
[Changed Files]
LakeFieldFspPkg/LakeFieldFspPkg.dec
LakeFieldSiliconPkg/SiPkg.dec

================================================================================ 
Commit: a3e86c311753a113bccfeac8af12d4a216036cdf 
Author: ClientSysFWGit <clientsysfwgit@intel.com> 
Date: Tue Sep 24 13:59:01 2019 +0530 
-------------------------------------------------------------------------------- 
[TeamCity] LKF Auto-Commit DailyUpdate_FSP/RC version CI Increment FSP Revision Number and reset FSP Build Number to 1

Sat Aug 31 10:34:56 2019 -0700
Original commit date: Sat Aug 31 10:34:56 2019 -0700
Original commit hash: 24dd2b121daf3895ac3561d44671f67a51d71b09

-------------------------------------------------------------------------------- 
[Changed Files]
LakeFieldFspPkg/LakeFieldFspPkg.dec
LakeFieldSiliconPkg/SiPkg.dec

================================================================================ 
Commit: 04d767c1d023b1be9dfb6aa1b4f44db0473601a5 
Author: ClientSysFWGit <clientsysfwgit@intel.com> 
Date: Tue Sep 24 13:59:01 2019 +0530 
-------------------------------------------------------------------------------- 
[TeamCity] LKF Auto-Commit DailyUpdate_FSP/RC version CI Increment FSP Revision Number and reset FSP Build Number to 1

Fri Aug 30 10:37:39 2019 -0700
Original commit date: Fri Aug 30 10:37:39 2019 -0700
Original commit hash: 88d6a213380e2af4bbb6fca58f4347344521def0

-------------------------------------------------------------------------------- 
[Changed Files]
LakeFieldFspPkg/LakeFieldFspPkg.dec
LakeFieldSiliconPkg/SiPkg.dec

================================================================================ 
Commit: 5ce553e9d6157eac6c194ee97278d4478455623a 
Author: ClientSysFWGit <clientsysfwgit@intel.com> 
Date: Tue Sep 24 13:59:00 2019 +0530 
-------------------------------------------------------------------------------- 
Fix: Intel Smart Sound Technology (Intel(R) SST)OED showing Yellow Bang in Device Manager when routing Audio manually from speaker to BT headset

Using the right NHLT Binary fixed the issue. 

Original commit date: Fri Aug 30 11:21:55 2019 +0200
Change-Id: I18106666a252732ebd08f1b614747315bdcc7641
Original commit hash: fa298d8ac69f1c33fbf4e4a1debbda3ccc2cc167

-------------------------------------------------------------------------------- 
[Changed Files]
LakeFieldPlatSamplePkg/Setup/PchSetup.hfr

================================================================================ 
Commit: 1a033063e968b88a0a5270113e63ffe9cfc0d601 
Author: ClientSysFWGit <clientsysfwgit@intel.com> 
Date: Tue Sep 24 13:58:59 2019 +0530 
-------------------------------------------------------------------------------- 
Enable FFU Support for NVME Boot

Original commit date: Thu Aug 29 14:39:41 2019 +0530
Change-Id: Icb3df463d1bc3a495e373c2c3f480c733da51058
Original commit hash: 93ff17609afbcd89a666245ecb519b802840644a

-------------------------------------------------------------------------------- 
[Changed Files]
LakeFieldPlatSamplePkg/Features/Dnx/DnxDxe/DnxDxe.c
LakeFieldPlatSamplePkg/Library/DxePlatformBootManagerLib/PlatformBootOption.c
LakeFieldPlatSamplePkg/Override/MdeModulePkg/Library/UefiBootManagerLib/BmBoot.c

================================================================================ 
Commit: 22257bb7b5781ad381b8f684220a400b7fa1c38d 
Author: ClientSysFWGit <clientsysfwgit@intel.com> 
Date: Tue Sep 24 13:58:58 2019 +0530 
-------------------------------------------------------------------------------- 
[TeamCity] LKF Auto-Commit DailyUpdate_FSP/RC version CI Increment FSP Revision Number and reset FSP Build Number to 1

Thu Aug 29 10:36:13 2019 -0700
Original commit date: Thu Aug 29 10:36:13 2019 -0700
Original commit hash: 2563b10d6af1129ef7ef75a3d67f4035d4e79bbb

-------------------------------------------------------------------------------- 
[Changed Files]
LakeFieldFspPkg/LakeFieldFspPkg.dec
LakeFieldSiliconPkg/SiPkg.dec

================================================================================ 
Commit: 04888aefe45a77463d2073618e0d38f7b7099322 
Author: ClientSysFWGit <clientsysfwgit@intel.com> 
Date: Tue Sep 24 13:58:57 2019 +0530 
-------------------------------------------------------------------------------- 
GOP Update

Original commit date: Thu Aug 29 14:28:46 2019 +0530
Change-Id: I6d0edb4a2f83134c2a8ad67478c848cf170fdb6d
Original commit hash: 915999c0931627906b6e319f466231ff686f7afc

-------------------------------------------------------------------------------- 
[Changed Files]
LakeFieldFspBinPkg/SampleCode/Vbt/VbtBoeMipi.bin
LakeFieldFspBinPkg/SampleCode/Vbt/VbtBomEdp.bin
LakeFieldFspBinPkg/SampleCode/Vbt/VbtTianmaMipiCommand.bin
LakeFieldFspBinPkg/SampleCode/Vbt/VbtTianmaMipiVideo.bin
LakeFieldSiliconPkg/SampleCode/IntelGraphicsVbt/VbtBoeMipi.bin
LakeFieldSiliconPkg/SampleCode/IntelGraphicsVbt/VbtBomEdp.bin
LakeFieldSiliconPkg/SampleCode/IntelGraphicsVbt/VbtTianmaMipiCommand.bin
LakeFieldSiliconPkg/SampleCode/IntelGraphicsVbt/VbtTianmaMipiVideo.bin

================================================================================ 
Commit: 3c7358e5c1f4d108aca7d3a009d180511c7976b6 
Author: ClientSysFWGit <clientsysfwgit@intel.com> 
Date: Tue Sep 24 13:58:56 2019 +0530 
-------------------------------------------------------------------------------- 
Changing BIOS ID to 3353.01

Original commit date: Thu Aug 29 13:10:53 2019 +0530
Change-Id: I36ed9000881ba6c10952e5adb78460f24bd6269d
Original commit hash: 0b7982a5509a4f6fe00fc8e9bf54451ab00cd405

-------------------------------------------------------------------------------- 
[Changed Files]
LakeFieldPlatSamplePkg/Tools/GenBiosId/BiosId.env

================================================================================ 
Commit: f6148602e564ce5ccc2f3951a0eac06082580a7e 
Author: ClientSysFWGit <clientsysfwgit@intel.com> 
Date: Tue Sep 24 13:58:55 2019 +0530 
-------------------------------------------------------------------------------- 
Revert "Fix: UFS S0ix issues"

This reverts commit 7fed2c06278130261da00c54ba578558d24597f9.

Original commit date: Thu Aug 29 12:14:42 2019 +0530
Change-Id: I034fdf16f9e5384551acb80446514df8c95ff40d
Original commit hash: a3ba1789abb9bf3a9cc7e1fe231b46011d70a2a2

-------------------------------------------------------------------------------- 
[Changed Files]
LakeFieldSiliconPkg/Pch/AcpiTables/Dsdt/PchScs.asl
LakeFieldSiliconPkg/Pch/AcpiTables/Dsdt/Pmc.asl
LakeFieldSiliconPkg/Pch/Include/PchReservedResources.h
LakeFieldSiliconPkg/Pch/Include/Register/PchRegsPmc.h
LakeFieldSiliconPkg/Pch/Include/Register/PchRegsScs.h
LakeFieldSiliconPkg/Pch/Include/Register/PchRegsScsIosf2OcpBridge.h
LakeFieldSiliconPkg/Pch/Include/Register/PchRegsScsUfs.h
LakeFieldSiliconPkg/Pch/Library/Private/PeiScsLib/PeiIosf2Ocp.c
LakeFieldSiliconPkg/Pch/Library/Private/PeiScsLib/PeiIosf2Ocp.h
LakeFieldSiliconPkg/Pch/Library/Private/PeiScsLib/PeiScsUfs.c

================================================================================ 
Commit: 96485c45df4566398aadce81db43b6ae0f3b2506 
Author: ClientSysFWGit <clientsysfwgit@intel.com> 
Date: Tue Sep 24 13:58:54 2019 +0530 
-------------------------------------------------------------------------------- 
Update GOP

Hsd-es-id: <1607676475>
Original commit date: Thu Aug 29 11:28:17 2019 +0530
Change-Id: I21c87a9a38f461d2af6083998bab02f987349674
Original commit hash: c50514c800049c2b938dc74133af3afb1a0488d0

-------------------------------------------------------------------------------- 
[Changed Files]
LakeFieldFspBinPkg/SampleCode/Vbt/VbtBoeMipi.bin
LakeFieldFspBinPkg/SampleCode/Vbt/VbtBomEdp.bin
LakeFieldFspBinPkg/SampleCode/Vbt/VbtTianmaMipiCommand.bin
LakeFieldFspBinPkg/SampleCode/Vbt/VbtTianmaMipiVideo.bin
LakeFieldSiliconPkg/SampleCode/IntelGraphicsVbt/VbtBoeMipi.bin
LakeFieldSiliconPkg/SampleCode/IntelGraphicsVbt/VbtBomEdp.bin
LakeFieldSiliconPkg/SampleCode/IntelGraphicsVbt/VbtTianmaMipiCommand.bin
LakeFieldSiliconPkg/SampleCode/IntelGraphicsVbt/VbtTianmaMipiVideo.bin

================================================================================ 
Commit: a43197487821d59c21f900c5f20b0eb5c69e35e8 
Author: ClientSysFWGit <clientsysfwgit@intel.com> 
Date: Tue Sep 24 13:58:53 2019 +0530 
-------------------------------------------------------------------------------- 
[TeamCity] LKF Auto-Commit DailyUpdate_FSP/RC version CI Increment FSP Revision Number and reset FSP Build Number to 1

Wed Aug 28 10:35:17 2019 -0700
Original commit date: Wed Aug 28 10:35:17 2019 -0700
Original commit hash: 277ec300fcf267df713891e8b9dc9e54b9f7ba65

-------------------------------------------------------------------------------- 
[Changed Files]
LakeFieldFspPkg/LakeFieldFspPkg.dec
LakeFieldSiliconPkg/SiPkg.dec

================================================================================ 
Commit: f580f9c24d501e22364c912e65d186ca0818b454 
Author: ClientSysFWGit <clientsysfwgit@intel.com> 
Date: Tue Sep 24 13:58:53 2019 +0530 
-------------------------------------------------------------------------------- 
Changing BIOS ID to 3353.00

Original commit date: Wed Aug 28 19:28:41 2019 +0530
Change-Id: I09013888ad9610fc14d496c5cc38f96826621e9d
Original commit hash: 73bea26841d324f98481a211f722dd65fc71fdf7

-------------------------------------------------------------------------------- 
[Changed Files]
LakeFieldPlatSamplePkg/Tools/GenBiosId/BiosId.env

================================================================================ 
Commit: 39d8b0354a59dd64f971e2b992015a278b66ab5d 
Author: ClientSysFWGit <clientsysfwgit@intel.com> 
Date: Tue Sep 24 13:58:52 2019 +0530 
-------------------------------------------------------------------------------- 

Setting PTM feature policy to disable,
as not POR on LKF.

Original commit date: Wed Aug 28 15:42:27 2019 +0200
Change-Id: I0a420252218b300588ca776dbc0b6985ebe0bb2c
Original commit hash: cfff7be8ad37def0972e8c1ff85651bdcae14fb2

-------------------------------------------------------------------------------- 
[Changed Files]
LakeFieldPlatSamplePkg/Setup/PchPcieSetupSinglePort.hfr
LakeFieldSiliconPkg/Pch/Library/PeiPchPolicyLib/PeiPchPolicyLib.c

================================================================================ 
Commit: dd344e65f543b710261bf330570bc5d015fc8f97 
Author: ClientSysFWGit <clientsysfwgit@intel.com> 
Date: Tue Sep 24 13:58:51 2019 +0530 
-------------------------------------------------------------------------------- 
Fix: UFS S0ix issues

Original commit date: Fri Aug 23 11:39:23 2019 +0530
Change-Id: I1fd218f9bb631554e80868e8df0a557c13089468
Original commit hash: 7fed2c06278130261da00c54ba578558d24597f9

-------------------------------------------------------------------------------- 
[Changed Files]
LakeFieldSiliconPkg/Pch/AcpiTables/Dsdt/PchScs.asl
LakeFieldSiliconPkg/Pch/AcpiTables/Dsdt/Pmc.asl
LakeFieldSiliconPkg/Pch/Include/PchReservedResources.h
LakeFieldSiliconPkg/Pch/Include/Register/PchRegsPmc.h
LakeFieldSiliconPkg/Pch/Include/Register/PchRegsScs.h
LakeFieldSiliconPkg/Pch/Include/Register/PchRegsScsIosf2OcpBridge.h
LakeFieldSiliconPkg/Pch/Include/Register/PchRegsScsUfs.h
LakeFieldSiliconPkg/Pch/Library/Private/PeiScsLib/PeiIosf2Ocp.c
LakeFieldSiliconPkg/Pch/Library/Private/PeiScsLib/PeiIosf2Ocp.h
LakeFieldSiliconPkg/Pch/Library/Private/PeiScsLib/PeiScsUfs.c

================================================================================ 
Commit: a53c117f23b6d96b3a15cf9fc7431b64eaf7f9e2 
Author: ClientSysFWGit <clientsysfwgit@intel.com> 
Date: Tue Sep 24 13:58:49 2019 +0530 
-------------------------------------------------------------------------------- 
Fix: TPM 2.0 TCG Physical Presence Interface 1.3 is failing due to corrupted context values in PhysicalPresenceSetVariableCallback (UFS boot only)


Original commit date: Thu Aug 1 14:39:35 2019 +0530
Change-Id: If9b8f7700aab2e4dfa90cce25103a48c1d0038c8
Original commit hash: 8314a26cdeea5f9b44022d7fd48f0c9cc182422f

-------------------------------------------------------------------------------- 
[Changed Files]
LakeFieldPlatSamplePkg/Override/SecurityPkg/Library/SmmTcg2PhysicalPresenceLib/SmmTcg2PhysicalPresenceLib.c
LakeFieldPlatSamplePkg/Override/SecurityPkg/Tcg/Tcg2Smm/Tcg2Smm.c
LakeFieldSiliconPkg/Me/Ptt/Smm/PttHciSmm.c

================================================================================ 
Commit: 5c549fec82e5aad419c14471c5fb4727f74a9c62 
Author: ClientSysFWGit <clientsysfwgit@intel.com> 
Date: Tue Sep 24 13:58:48 2019 +0530 
-------------------------------------------------------------------------------- 
Update:

1:PPIN feature MUST be disabled and locked by BIOS when EOM flag is set
2:Cpu policy default code accessing FixedAtBuild microcode address
3:SoundWire DSDT information is incorrect
4:[WWAN] _DSM with function 0(Query) impementation.
5:Fix that MTRR setting does not get update with BIOS enable above 4GB in non-FSP BIOS built

Original commit date: Fri Aug 23 15:20:14 2019 +0530
Change-Id: I4f6412b7316c6b8406bd38385628fd09fc97085a
Original commit hash: 95dbcd070a860d054fe4ca11831cfec6a9d59d1a

-------------------------------------------------------------------------------- 
[Changed Files]
LakeFieldPlatSamplePkg/Acpi/AcpiTables/Dsdt/HdaSoundWireCodec.asl
LakeFieldPlatSamplePkg/Acpi/AcpiTables/SsdtRtd3/LkfURvpRtd3.asl
LakeFieldPlatSamplePkg/Features/CapsuleUpdate/Library/FmpDeviceLibBios/FmpDeviceLib.c
LakeFieldPlatSamplePkg/Features/CapsuleUpdate/Library/FmpDeviceLibIshPdt/FmpDeviceLib.c
LakeFieldPlatSamplePkg/Features/CapsuleUpdate/Library/FmpDeviceLibMe/FmpDeviceLib.c
LakeFieldPlatSamplePkg/Features/CapsuleUpdate/Library/FmpDeviceLibMonolithic/FmpDeviceLib.c
LakeFieldPlatSamplePkg/Library/PeiPolicyUpdateLib/PeiCpuPolicyUpdate.c
LakeFieldPlatSamplePkg/Library/PeiPolicyUpdateLib/PeiCpuPolicyUpdate.h
LakeFieldPlatSamplePkg/Library/PeiPolicyUpdateLib/PeiPolicyUpdateLib.inf
LakeFieldPlatSamplePkg/Library/PeiPolicyUpdateLib/PeiPolicyUpdateLibFsp.inf
LakeFieldPlatSamplePkg/PlatformInit/PlatformInitDxe/SaPlatformInitDxe.c
LakeFieldSiliconPkg/Cpu/Library/PeiCpuPolicyLib/PeiCpuPolicyLib.c
LakeFieldSiliconPkg/Cpu/Library/PeiCpuPolicyLib/PeiCpuPolicyLib.inf
LakeFieldSiliconPkg/Cpu/Library/PeiCpuPolicyLib/PeiCpuPolicyLibrary.h
LakeFieldSiliconPkg/Cpu/Library/Private/PeiCpuInitLib/Features.c
LakeFieldSiliconPkg/Pch/AcpiTables/Dsdt/PchHdaSoundWireCtrl.asl
LakeFieldSiliconPkg/Pch/Library/PeiDxeSmmPchSerialIoUartLib/PchSerialIoUartPrivateLib.c

================================================================================ 
Commit: b004cba97f8022f2d816458393ae0fb8e1a49970 
Author: ClientSysFWGit <clientsysfwgit@intel.com> 
Date: Tue Sep 24 13:58:47 2019 +0530 
-------------------------------------------------------------------------------- 
Description: Haptic power rail consuming more power
Solution: GPIO150's Output state pulled to low

Original commit date: Wed Aug 28 10:36:15 2019 +0530
Change-Id: I1cd6829cd9759a650ce36372a610ad1037f24326
Original commit hash: 19f4e9f862126a47a3cd09344aa90d0157e9329b

-------------------------------------------------------------------------------- 
[Changed Files]
LakeFieldPlatSamplePkg/Board/Others/PeiBoardInitLib/GpioTableLkfRvp.h

================================================================================ 
Commit: ded588b48501196a451acdeb34eb9ecdb0322119 
Author: ClientSysFWGit <clientsysfwgit@intel.com> 
Date: Tue Sep 24 13:58:46 2019 +0530 
-------------------------------------------------------------------------------- 
Fix: [xDCI] Enabling Lane Reset injection in PS2

Original commit date: Fri Aug 23 10:11:23 2019 +0200
Change-Id: Icda4cd7692237e60aa06c738a19bcb2d165e173a
Original commit hash: 7cc4e2acc57c4e4454fc7f208122b65c0ce4b819

-------------------------------------------------------------------------------- 
[Changed Files]
LakeFieldSiliconPkg/Include/Private/Library/UsbInitLib.h
LakeFieldSiliconPkg/Library/Private/PeiDxeUsbInitLib/XdciInit.c
LakeFieldSiliconPkg/Pch/Library/Private/PeiIshInitLib/PeiIshInitLib.c
LakeFieldSiliconPkg/Pch/Library/Private/PeiPchInitLib/PchInitPei.h
LakeFieldSiliconPkg/Pch/Library/Private/PeiPchInitLib/PchInitPreMem.c
LakeFieldSiliconPkg/Pch/Library/Private/PeiPchInitLib/PchUsb.c
LakeFieldSiliconPkg/Pch/Library/Private/PeiPchInitLib/PchUsb.h

================================================================================ 
Commit: 3830bc4d3343e1e09f95801dd0709618cade660c 
Author: ClientSysFWGit <clientsysfwgit@intel.com> 
Date: Tue Sep 24 13:58:45 2019 +0530 
-------------------------------------------------------------------------------- 
[TeamCity] LKF Auto-Commit DailyUpdate_FSP/RC version CI Increment FSP Revision Number and reset FSP Build Number to 1

Tue Aug 27 10:34:34 2019 -0700
Original commit date: Tue Aug 27 10:34:34 2019 -0700
Original commit hash: 38d0c956d3182e07db9121884f94f10db22762ed

-------------------------------------------------------------------------------- 
[Changed Files]
LakeFieldFspPkg/LakeFieldFspPkg.dec
LakeFieldSiliconPkg/SiPkg.dec

================================================================================ 
Commit: 83acdcc848ecdfc3088e8fe54de90389fcdb65b4 
Author: ClientSysFWGit <clientsysfwgit@intel.com> 
Date: Tue Sep 24 13:58:44 2019 +0530 
-------------------------------------------------------------------------------- 

Description: CustomPowerLimit 1 and 2 uses wrong default values.
Solution: Assigned correct values as per policy.

Original commit date: Tue Aug 27 14:20:26 2019 +0530
Change-Id: I6f0434e85a58e1895a840a635e71595a26a77ba5
Original commit hash: ee8f1fe0667b42cbea163016be1514f17f76bd34

-------------------------------------------------------------------------------- 
[Changed Files]
LakeFieldSiliconPkg/Cpu/Library/PeiCpuPolicyLib/PeiCpuPolicyLib.c

================================================================================ 
Commit: 9a813bbe1f7a320bc8d5231d2705754722ea48b3 
Author: ClientSysFWGit <clientsysfwgit@intel.com> 
Date: Tue Sep 24 13:58:43 2019 +0530 
-------------------------------------------------------------------------------- 
Fix: Harmonized Capsule Update failing with 3344 BIOS

Original commit date: Mon Jul 29 11:54:20 2019 +0530
Change-Id: Id1772335b6b547669ea2efc4716fdef714a4d8e8
Original commit hash: 5f95f90b1d3ee36fdac47a57ef489a317d182f4c

-------------------------------------------------------------------------------- 
[Changed Files]
LakeFieldPlatSamplePkg/CapsuleUpdateConfig/BiosUpdateConfigSpi.ini
LakeFieldPlatSamplePkg/CapsuleUpdateConfig/BiosUpdateConfigUfs.ini
LakeFieldPlatSamplePkg/Features/CapsuleUpdate/BiosUpdateConfig/BiosUpdateConfigSpi.ini
LakeFieldPlatSamplePkg/Features/CapsuleUpdate/BiosUpdateConfig/BiosUpdateConfigUfs.ini
LakeFieldPlatSamplePkg/Features/CapsuleUpdate/Include/Guid/SysFwUpdateProgress.h
LakeFieldPlatSamplePkg/Features/CapsuleUpdate/Include/Library/BiosUpdateHelpersLib.h
LakeFieldPlatSamplePkg/Features/CapsuleUpdate/Include/Library/PlatformFlashAccessLib.h
LakeFieldPlatSamplePkg/Features/CapsuleUpdate/Library/BiosUpdateHelpersLib/BiosUpdateHelpersLib.c
LakeFieldPlatSamplePkg/Features/CapsuleUpdate/Library/BiosUpdateHelpersLib/ParseConfigProfile.c
LakeFieldPlatSamplePkg/Features/CapsuleUpdate/Library/PlatformFlashAccessLib/PlatformFlashAccessLib.c
LakeFieldPlatSamplePkg/PlatformInit/PlatformInitPei/PlatformInitPreMem.c
LakeFieldPlatSamplePkg/PlatformPkg.dec

================================================================================ 
Commit: c1fe41308b150e3790b4561f60ed0d35015669be 
Author: ClientSysFWGit <clientsysfwgit@intel.com> 
Date: Tue Sep 24 13:58:41 2019 +0530 
-------------------------------------------------------------------------------- 
[TeamCity] LKF Auto-Commit DailyUpdate_FSP/RC version CI Increment FSP Revision Number and reset FSP Build Number to 1

Mon Aug 26 10:33:49 2019 -0700
Original commit date: Mon Aug 26 10:33:49 2019 -0700
Original commit hash: caac6f4d56b96fe589cf12d9d63245d9ce9008ec

-------------------------------------------------------------------------------- 
[Changed Files]
LakeFieldFspPkg/LakeFieldFspPkg.dec
LakeFieldSiliconPkg/SiPkg.dec

================================================================================ 
Commit: 6e1f5bc1b3da457ca3cb9a0d2bb3236f0fc99358 
Author: ClientSysFWGit <clientsysfwgit@intel.com> 
Date: Tue Sep 24 13:58:40 2019 +0530 
-------------------------------------------------------------------------------- 
Fix: Board ID & Borad name not displayed in Bios page on SPI & SPI+UFS stroage

Original commit date: Mon Aug 26 12:16:01 2019 +0530
Change-Id: I8caae8e23a1df41e3c32555a1a08194bca744da3
Original commit hash: 16955de0269d33f908e10c480945ac550992dcab

-------------------------------------------------------------------------------- 
[Changed Files]
LakeFieldPlatSamplePkg/Library/PeiDxeBoardIdsLib/PeiDxeBoardIdsLib.c

================================================================================ 
Commit: 5ed2f4fd698af6bac35a266070f27eec1798b6a4 
Author: ClientSysFWGit <clientsysfwgit@intel.com> 
Date: Tue Sep 24 13:58:39 2019 +0530 
-------------------------------------------------------------------------------- 
Description: cdCpuApTargetCstate definition is incorrect and used incorrectly for setting
the max c-state prior to OS boot
Solution: Updated the Pcd Value in CpuInit to use only Target C State.

Original commit date: Fri Aug 23 13:09:17 2019 +0530
Change-Id: Ib606437fc17ef90883d6e5146ddc97fc55d4ac82
Original commit hash: 41bc7f5b50f5debde25aef1ae030af9b8c27830a

-------------------------------------------------------------------------------- 
[Changed Files]
LakeFieldSiliconPkg/Cpu/CpuInit/Dxe/CpuInitDxe.c

================================================================================ 
Commit: a59b0cea2fe9a9786d209aad4d3b42c404a16c36 
Author: ClientSysFWGit <clientsysfwgit@intel.com> 
Date: Tue Sep 24 13:58:38 2019 +0530 
-------------------------------------------------------------------------------- 
[TeamCity] LKF Auto-Commit DailyUpdate_FSP/RC version CI Increment FSP Revision Number and reset FSP Build Number to 1

Sun Aug 25 10:33:20 2019 -0700
Original commit date: Sun Aug 25 10:33:20 2019 -0700
Original commit hash: 94a69f11baf0815c69fdce7cc9cb6520f8bd0b21

-------------------------------------------------------------------------------- 
[Changed Files]
LakeFieldFspPkg/LakeFieldFspPkg.dec
LakeFieldSiliconPkg/SiPkg.dec

================================================================================ 
Commit: 87e52092fdba4b77a6142c709c0b1d269d832c06 
Author: ClientSysFWGit <clientsysfwgit@intel.com> 
Date: Tue Sep 24 13:58:38 2019 +0530 
-------------------------------------------------------------------------------- 
[TeamCity] LKF Auto-Commit DailyUpdate_FSP/RC version CI Increment FSP Revision Number and reset FSP Build Number to 1

Sat Aug 24 10:35:20 2019 -0700
Original commit date: Sat Aug 24 10:35:20 2019 -0700
Original commit hash: 459ec85f649f5667ace86031a87b4a8979abed55

-------------------------------------------------------------------------------- 
[Changed Files]
LakeFieldFspPkg/LakeFieldFspPkg.dec
LakeFieldSiliconPkg/SiPkg.dec

================================================================================ 
Commit: 16f3e1db211e50d2229019907d220ca69db59c1b 
Author: ClientSysFWGit <clientsysfwgit@intel.com> 
Date: Tue Sep 24 13:58:37 2019 +0530 
-------------------------------------------------------------------------------- 
[TeamCity] LKF Auto-Commit DailyUpdate_FSP/RC version CI Increment FSP Revision Number and reset FSP Build Number to 1

Fri Aug 23 10:35:02 2019 -0700
Original commit date: Fri Aug 23 10:35:02 2019 -0700
Original commit hash: 64da60aad592e876ea3a78f1196cc1d663cf3e78

-------------------------------------------------------------------------------- 
[Changed Files]
LakeFieldFspPkg/LakeFieldFspPkg.dec
LakeFieldSiliconPkg/SiPkg.dec

================================================================================ 
Commit: c1297c3ed862937c832ee416ecb04715365622b8 
Author: ClientSysFWGit <clientsysfwgit@intel.com> 
Date: Tue Sep 24 13:58:36 2019 +0530 
-------------------------------------------------------------------------------- 
LKF: Limit PCIe Speed to Gen2 for pre-ES SOCs.

Original commit date: Fri Aug 23 19:18:11 2019 +0530
Change-Id: I12c4ebf80a8dde9609c0f87fdba09c14b4d20af6
Original commit hash: 972b43460a5ed208ba118018c5ee3dfc431f309e

-------------------------------------------------------------------------------- 
[Changed Files]
LakeFieldPlatSamplePkg/Library/PeiPolicyUpdateLib/PeiPchPolicyUpdate.c

================================================================================ 
Commit: 38c0b0e64de4deb4d5eec7c425fc41a0a67c0884 
Author: ClientSysFWGit <clientsysfwgit@intel.com> 
Date: Tue Sep 24 13:58:35 2019 +0530 
-------------------------------------------------------------------------------- 
Update:

Review TraceHubDebugLib inf file under FSP package

Original commit date: Fri Aug 16 12:55:08 2019 +0530
Change-Id: I67c8c12ffe8b4c6241b345812d6357c0b3d10ed8
Original commit hash: aa5e410d20c37abd7f9666ce8e00c1e83f39d4c7

-------------------------------------------------------------------------------- 
[Changed Files]
LakeFieldFspPkg/Include/Library/TraceHubDebugLib.h
LakeFieldFspPkg/Library/TraceHubDebugLibNull/TraceHubDebugLibNull.inf
LakeFieldFspPkg/Library/TraceHubDebugLibSvenTx/BaseTraceHubDebugLibSvenTx.inf
LakeFieldFspPkg/Library/TraceHubDebugLibSvenTx/DxeTraceHubDebugLibSvenTx.inf
LakeFieldFspPkg/Library/TraceHubDebugLibSvenTx/PatchHowTo.txt
LakeFieldFspPkg/Library/TraceHubDebugLibSvenTx/PeiTraceHubDebugLibSvenTx.inf
LakeFieldFspPkg/Library/TraceHubHookLibNull/TraceHubHookLibNull.inf
