================================================================================ 
Commit: d3da3b680bde6784235cf71bc3484818b1d29c9e 
Author: ClientSysFWGit <clientsysfwgit@intel.com> 
Date: Thu Oct 24 14:46:52 2019 +0530 
-------------------------------------------------------------------------------- 
Changing BIOS ID to 3414.00 for WW41.4'19 BIOS label.

Hsd-es-id: NA
Original commit date: Thu Oct 10 15:09:05 2019 +0530
Change-Id: I23c09ba9b5b0356c72c4f25e8db1bf0f6c037d43
Original commit hash: 45bcf9fe344b7ca20bda5125a103b5e7fe4189d4

-------------------------------------------------------------------------------- 
[Changed Files]
LakeFieldPlatSamplePkg/Tools/GenBiosId/BiosId.env

================================================================================ 
Commit: cfdbdc777b0e1ddf1c9b6679269011baf2cda3ec 
Author: ClientSysFWGit <clientsysfwgit@intel.com> 
Date: Thu Oct 24 14:46:51 2019 +0530 
-------------------------------------------------------------------------------- 
Description: Writes to I2C slaves on I2C1 bus failing
Solution: Modified GPIO address in bios for GPIO72 & GPIO73.
Pad termination disabled for I2C1-SDA and SCL GPIO.

Original commit date: Thu Oct 10 13:10:51 2019 +0530
Change-Id: I421604e1943033eee621db1ca80febb76537f438
Original commit hash: 965b0a4830bbfbb9ef7b7f998f74bec6abfb3975

-------------------------------------------------------------------------------- 
[Changed Files]
LakeFieldPlatSamplePkg/Board/Others/PeiBoardInitLib/GpioTableLkfRvp.h
LakeFieldSiliconPkg/Pch/Include/GpioPinsLkf.h

================================================================================ 
Commit: 8ac6ed9302aa2fa5a707f63c4dbbcb324a0f9985 
Author: ClientSysFWGit <clientsysfwgit@intel.com> 
Date: Thu Oct 24 14:46:50 2019 +0530 
-------------------------------------------------------------------------------- 
DUT not entering to lower PC states always stuck at PC0 in ideal state

Fix:
Cx is enabled via Pcd

Hsd-es-id: https://hsdes.intel.com/resource/1607948815
Original commit date: Wed Oct 9 23:46:36 2019 +0530
Change-Id: Ie96bf6fb196e7e06128840c9e059300cea8e4f7c
Original commit hash: bb99451014cf0841a6399ca2a6af27f71f6ed959

-------------------------------------------------------------------------------- 
[Changed Files]
LakeFieldFspPkg/Upd/FspsUpd.dsc

================================================================================ 
Commit: aa5a26ccc294dc0fd4d36af7ea5caea48da0b631 
Author: ClientSysFWGit <clientsysfwgit@intel.com> 
Date: Thu Oct 24 14:46:48 2019 +0530 
-------------------------------------------------------------------------------- 
[LKF]- Integrate Microcode patch m_10_806a1_0000000d

Integrated New microcode patch and verified system booting fine with this.
SPI - Release Booting fine
SPI - Release Booting fine

Hsd-es-id: 1608106160
Attestation-link: LakefieldPlatSamplePkg/InternalOnly/IpPlan/Client BIOS IP Plan.xlsx
Original commit date: Wed Oct 9 16:01:31 2019 +0530
Change-Id: I1455cafabdaa548791810e6c7ed802e686d81780
Original commit hash: be9759560f1308feb2be06b1f358c4895930af23

-------------------------------------------------------------------------------- 
[Changed Files]
LakeFieldPlatSamplePkg/PlatformPkg.fdf

================================================================================ 
Commit: 336aa39a61f7fd276acec8911af852059b13d889 
Author: ClientSysFWGit <clientsysfwgit@intel.com> 
Date: Thu Oct 24 14:46:45 2019 +0530 
-------------------------------------------------------------------------------- 
LKF S0ix residency counter to be updated to represent the aggregated S0ix residency

Updated LPIT frequency to 32.768 KHz.

Hsd-es-id: 1507097375
Attestation-link: LakefieldPlatSamplePkg/InternalOnly/IpPlan/Client BIOS IP Plan.xlsx
Original commit date: Wed Oct 9 17:08:09 2019 +0530
Change-Id: Ia432564d8976632264caadac8138a13c28146401
Original commit hash: fd35e977b4ef5b0102bcc385b88dfc59710bca94

-------------------------------------------------------------------------------- 
[Changed Files]
LakeFieldPlatSamplePkg/Features/Acpi/AcpiTables/Lpit/Lpit.h

================================================================================ 
Commit: c97166cd867eec144f6bfec912c3802bf0b7e3ab 
Author: ClientSysFWGit <clientsysfwgit@intel.com> 
Date: Thu Oct 24 14:46:44 2019 +0530 
-------------------------------------------------------------------------------- 
Fix: CCA connection reset bug.

Original commit date: Mon Sep 23 18:08:21 2019 +0800
Change-Id: I9d4bf60e5ff16722682c597734e4f04fc4681b34
Original commit hash: 3f9937f11db55c8a0d85d7279297fbb08c8bf33e

-------------------------------------------------------------------------------- 
[Changed Files]
LakeFieldSiliconPkg/Pch/Include/Register/PchRegsDci.h
LakeFieldSiliconPkg/Pch/Library/PeiDxeSmmDciLib/DciLib.c
LakeFieldSiliconPkg/Pch/Library/Private/PeiDxeSmmDciPrivateLib/PeiDciLib.c
LakeFieldSiliconPkg/Pch/Library/Private/PeiDxeSmmDciPrivateLib/PeiDciLib.inf

================================================================================ 
Commit: f85a38df8b8507d0cee8bd86877c9307bfa0466e 
Author: ClientSysFWGit <clientsysfwgit@intel.com> 
Date: Thu Oct 24 14:46:42 2019 +0530 
-------------------------------------------------------------------------------- 
[TeamCity] LKF Auto-Commit DailyUpdate_FSP/RC version CI Increment FSP Revision Number and reset FSP Build Number to 1

Mon Oct 7 10:44:54 2019 -0700
Original commit date: Mon Oct 7 10:44:54 2019 -0700
Original commit hash: ad5f1c51e5a2c7be91ab962468b77603d91c39a6

-------------------------------------------------------------------------------- 
[Changed Files]
LakeFieldFspPkg/LakeFieldFspPkg.dec
LakeFieldSiliconPkg/SiPkg.dec

================================================================================ 
Commit: bbe2c6356e8802a2bee85658385a9c00f9dab4c5 
Author: ClientSysFWGit <clientsysfwgit@intel.com> 
Date: Thu Oct 24 14:46:41 2019 +0530 
-------------------------------------------------------------------------------- 
[TeamCity] LKF Auto-Commit DailyUpdate_FSP/RC version CI Increment FSP Revision Number and reset FSP Build Number to 1

Sun Oct 6 10:35:51 2019 -0700
Original commit date: Sun Oct 6 10:35:51 2019 -0700
Original commit hash: c303af55b86014a6685628c00ed43def8e210e59

-------------------------------------------------------------------------------- 
[Changed Files]
LakeFieldFspPkg/LakeFieldFspPkg.dec
LakeFieldSiliconPkg/SiPkg.dec

================================================================================ 
Commit: 3a368b083dd40fe098d20127787250c39fbaed4e 
Author: ClientSysFWGit <clientsysfwgit@intel.com> 
Date: Thu Oct 24 14:46:40 2019 +0530 
-------------------------------------------------------------------------------- 
UsbDeviceDxe: Replace "magic numbers" with register defines

Hsd-es-id: 2209225988
Original commit date: Fri Oct 4 16:17:43 2019 -0700
Change-Id: Ib932329cfca1009843450dc5ee111589c0edc078
Original commit hash: 9c35199995fecbc02f0934e5d38b0069f925af21

-------------------------------------------------------------------------------- 
[Changed Files]
LakeFieldPlatSamplePkg/Features/Usb/UsbDeviceDxe/UsbDeviceDxe.c

================================================================================ 
Commit: e518660ab56f73a010b9ddf28d67a7fef0552253 
Author: ClientSysFWGit <clientsysfwgit@intel.com> 
Date: Thu Oct 24 14:46:39 2019 +0530 
-------------------------------------------------------------------------------- 
[TeamCity] LKF Auto-Commit DailyUpdate_FSP/RC version CI Increment FSP Revision Number and reset FSP Build Number to 1

Sat Oct 5 10:43:29 2019 -0700
Original commit date: Sat Oct 5 10:43:29 2019 -0700
Original commit hash: 8c7d33ae15174aa6f8e71d90fc54da3902bfa4bd

-------------------------------------------------------------------------------- 
[Changed Files]
LakeFieldFspPkg/LakeFieldFspPkg.dec
LakeFieldSiliconPkg/SiPkg.dec

================================================================================ 
Commit: a64ff8cbcf9e9bf236af50fdaa057845c9e5c838 
Author: ClientSysFWGit <clientsysfwgit@intel.com> 
Date: Thu Oct 24 14:46:38 2019 +0530 
-------------------------------------------------------------------------------- 
Set PTT Timeout based on TPM Command Code

Hard-coded timeout was violating the TPM spec for TPM2_Create* commands

Hsd-es-id: 2209060234
Original commit date: Fri Oct 4 14:52:00 2019 -0700
Change-Id: I4e62ef8ec9a5eec3d6082884a9cb09a1b0cd93a7
Original commit hash: 758fda4e113a8cbd04540ecb994cb12eabde186c

-------------------------------------------------------------------------------- 
[Changed Files]
LakeFieldSiliconPkg/Me/Include/Library/PttPtpLib.h
LakeFieldSiliconPkg/Me/Library/PeiDxePttPtpLib/CommonPttPtpLib.c
LakeFieldSiliconPkg/Me/Library/PeiDxePttPtpLib/DxePttPtpLib.c
LakeFieldSiliconPkg/Me/Library/PeiDxePttPtpLib/PttPtpLib.c

================================================================================ 
Commit: 25a4b9986b97a1f855b3d9fc3c7f3cf034ae2e6d 
Author: ClientSysFWGit <clientsysfwgit@intel.com> 
Date: Thu Oct 24 14:46:36 2019 +0530 
-------------------------------------------------------------------------------- 
Description: Enable 3C Policy prints

Original commit date: Thu Oct 3 18:51:36 2019 -0700
Change-Id: I84aeb234b88b74bbc6c3e92d3d73dd13a1ba30af
Original commit hash: 7b2c3536fbec726c870dfc58eb0ed5cc0e6673fa

-------------------------------------------------------------------------------- 
[Changed Files]
LakeFieldSiliconPkg/Pch/Library/PeiPchPolicyLib/PchPrintPolicy.c

================================================================================ 
Commit: 04a84104e5626e84836f0f3c1cd3e8707d03e830 
Author: ClientSysFWGit <clientsysfwgit@intel.com> 
Date: Thu Oct 24 14:46:35 2019 +0530 
-------------------------------------------------------------------------------- 
[TeamCity] LKF Auto-Commit DailyUpdate_FSP/RC version CI Increment FSP Revision Number and reset FSP Build Number to 1

Fri Oct 4 10:33:51 2019 -0700
Original commit date: Fri Oct 4 10:33:51 2019 -0700
Original commit hash: 78925bd48e4d1b4757df4312b053227364b41a5a

-------------------------------------------------------------------------------- 
[Changed Files]
LakeFieldFspPkg/LakeFieldFspPkg.dec
LakeFieldSiliconPkg/SiPkg.dec

================================================================================ 
Commit: 09339942d2b25d3414dd383c1b5470e04630e1da 
Author: ClientSysFWGit <clientsysfwgit@intel.com> 
Date: Thu Oct 24 14:46:32 2019 +0530 
-------------------------------------------------------------------------------- 
[TeamCity] LKF Auto-Commit DailyUpdate_FSP/RC version CI Increment FSP Revision Number and reset FSP Build Number to 1

Thu Oct 3 11:12:27 2019 -0700
Original commit date: Thu Oct 3 11:12:27 2019 -0700
Original commit hash: 13ec31eda6c58b99f15e935cdc86f7321ebcbdd1

-------------------------------------------------------------------------------- 
[Changed Files]
LakeFieldFspPkg/LakeFieldFspPkg.dec
LakeFieldSiliconPkg/SiPkg.dec

================================================================================ 
Commit: 57d2e8f238d5162f02fcd7609a6d7adbf02e6296 
Author: ClientSysFWGit <clientsysfwgit@intel.com> 
Date: Thu Oct 24 14:46:31 2019 +0530 
-------------------------------------------------------------------------------- 
Changing BIOS ID to 3404 for WW40.4'19 BIOS label

Hsd-es-id: NA
Original commit date: Thu Oct 3 12:29:58 2019 +0530
Change-Id: I618a2243c1c5eb782286abcaadf57ad96788d3b4
Original commit hash: ae2e57f309c7e9ca92b8b7cb8969e537135faeb7

-------------------------------------------------------------------------------- 
[Changed Files]
LakeFieldPlatSamplePkg/Tools/GenBiosId/BiosId.env

================================================================================ 
Commit: 8dabe70d0083de3edb198ee0a3a9e78cbdc07a31 
Author: ClientSysFWGit <clientsysfwgit@intel.com> 
Date: Thu Oct 24 14:46:30 2019 +0530 
-------------------------------------------------------------------------------- 
[LKF RVP B2][BIOS] [UFS] [SPI] Assert EFI error observed with ME state disabled in BIOS using Debug BIOS.

Problem: ME state should be suppressed for UFS boot. otherwise it will give ASSERT
Solution: ME state setup option is suppressed for UFS boot only.
Unit TestDone:
1. Checked the required setup option in setup page
2. Checked OS boot status for
   1. SPI-FSP   -Release
   2. UFS-FSP   -Debug

Hsd-es-Id: 1607938497
Tracker-link: https://hsdes.intel.com/appstore/article/#/1607938497
Attestation-link: LakeFieldPlatSamplePkg/InternalOnly/IpPlan/Client BIOS IP Plan.xlsx
Original commit date: Tue Oct 1 16:46:26 2019 +0530
Change-Id: Ia918a501328a2103099da8b5d3bcadac61d0837f
Original commit hash: 1005c6faa3b6c018141dd69cefed83854b8d1230

-------------------------------------------------------------------------------- 
[Changed Files]
LakeFieldPlatSamplePkg/Setup/MeSetup.hfr

================================================================================ 
Commit: f287da0b87054de070066f3c38c8a69a109c814c 
Author: ClientSysFWGit <clientsysfwgit@intel.com> 
Date: Thu Oct 24 14:46:29 2019 +0530 
-------------------------------------------------------------------------------- 
LKF: Before any HS mode change, need to add PWM-G1 x2 lane Power mode change.

This is WA for the following Issue:
One clock Power State Change seen on input of Dekel PHY before rate change
is completed causes a Hang when UFS is moving from PWM-G1 x1 to HS Mode
in UFS3.0 devices.

Hsd-es-id: 1607951548
Original commit date: Tue Sep 24 21:54:55 2019 +0530
Change-Id: Icfa727c555dcc47f32c5ca4ead06d888bfe11eb6
Original commit hash: 8ea9f441c046382cc05d1eb78a1cba8d263ce1fa

-------------------------------------------------------------------------------- 
[Changed Files]
LakeFieldPlatSamplePkg/Override/MdeModulePkg/Bus/Ufs/UfsPassThruDxe/UfsPassThru.c
LakeFieldPlatSamplePkg/Override/MdeModulePkg/Bus/Ufs/UfsPassThruDxe/UfsPassThru.h
LakeFieldPlatSamplePkg/Override/MdeModulePkg/Bus/Ufs/UfsPassThruDxe/UfsPassThruHci.c
LakeFieldPlatSamplePkg/Override/MdeModulePkg/Bus/Ufs/UfsPassThruDxe/UfsPassThruHci.h

================================================================================ 
Commit: dec624c4ebb651c43e13c5f4e8054414e2662c67 
Author: ClientSysFWGit <clientsysfwgit@intel.com> 
Date: Thu Oct 24 14:46:27 2019 +0530 
-------------------------------------------------------------------------------- 
Description: Support Si0x by default in BIOS menu:
1. Intel Advanced Menu -> Connectivity configuration -> Discrete Bluetooth Mode -> Thunder Peak.
2. Intel Advanced Menu ->PCH IO Configuration -> THC Configuration -> (1st Option) THC Port Configuration -> THC0
3. Intel Advanced Menu ->PCH IO Configuration -> THC Configuration -> (2nd Option) THC Port Configuration -> THC1

Original commit date: Tue Oct 1 11:16:09 2019 +0530
Change-Id: I04d6310834bf0976e1b3527e0296c179c269e2ee
Original commit hash: e30076c3813b3f34f6b1ff3ab16eece18a87d6e2

-------------------------------------------------------------------------------- 
[Changed Files]
LakeFieldPlatSamplePkg/Setup/ConnectivitySetup.hfr
LakeFieldPlatSamplePkg/Setup/PchSetup.hfr

================================================================================ 
Commit: 5bc467d39a8ad6c44b39b053e1e3655cb07d7988 
Author: ClientSysFWGit <clientsysfwgit@intel.com> 
Date: Thu Oct 24 14:46:26 2019 +0530 
-------------------------------------------------------------------------------- 
Description: Add GPIO pins to IoStandby list to set IOSSTATE to 0xF

Original commit date: Tue Oct 1 10:26:41 2019 +0530
Change-Id: I44973aaeb91190891c9e66f60f070ba1ac74f9b1
Original commit hash: 3cc7b262d22c3f26942e727838c0de5ac7650f68

-------------------------------------------------------------------------------- 
[Changed Files]
LakeFieldSiliconPkg/Pch/Library/Private/PeiDxeSmmGpioPrivateLib/GpioPrivateLibLkf.c

================================================================================ 
Commit: e9da3932cde0aaa731526f3b983742593c2bb156 
Author: ClientSysFWGit <clientsysfwgit@intel.com> 
Date: Thu Oct 24 14:46:25 2019 +0530 
-------------------------------------------------------------------------------- 
Fix : Add a PSF dummy read to make sure previous posted PSF write gets completed.
By adding dummy read after posted write, It is made sure that write complets
before the config write and avoid the P2SB hang and hence I/O and PSF cycles.

Original commit date: Tue Oct 1 13:04:52 2019 +0530
Change-Id: Ib5157b827286aa979313e281b46d00c9595a2f1b
Original commit hash: c26d864b8668447631995887b55e842739273c77

-------------------------------------------------------------------------------- 
[Changed Files]
LakeFieldSiliconPkg/Pch/Library/Private/PeiDxeSmmPchPsfPrivateLib/PchPsfPrivateLib.c

================================================================================ 
Commit: 584b6bbd22f5c91255b5f269d66798758518d2d1 
Author: ClientSysFWGit <clientsysfwgit@intel.com> 
Date: Thu Oct 24 14:46:23 2019 +0530 
-------------------------------------------------------------------------------- 
[TeamCity] LKF Auto-Commit DailyUpdate_FSP/RC version CI Increment FSP Revision Number and reset FSP Build Number to 1

Tue Oct 1 10:32:49 2019 -0700
Original commit date: Tue Oct 1 10:32:49 2019 -0700
Original commit hash: d9a14e2bc70ffa348e1b628099cc292793d8ac90

-------------------------------------------------------------------------------- 
[Changed Files]
LakeFieldFspPkg/LakeFieldFspPkg.dec
LakeFieldSiliconPkg/SiPkg.dec

================================================================================ 
Commit: 2548e935379a37b802d7f2508d3354d2196b4373 
Author: ClientSysFWGit <clientsysfwgit@intel.com> 
Date: Thu Oct 24 14:46:22 2019 +0530 
-------------------------------------------------------------------------------- 
Fix: Program MMP Virtual Fuse registers to enable a RTL fix

Original commit date: Tue Oct 1 14:53:24 2019 +0530
Change-Id: Icc5c2e10bf2bcf139c59f77c0fa2b6e24f20145d
Original commit hash: c42d81959d5f9210c63619b47248c8382ff8e6fc

-------------------------------------------------------------------------------- 
[Changed Files]
LakeFieldSiliconPkg/Pch/Include/Register/PchRegsScsUfs.h
LakeFieldSiliconPkg/Pch/Library/Private/PeiScsLib/PeiScsInitInternal.h
LakeFieldSiliconPkg/Pch/Library/Private/PeiScsLib/PeiScsInitLkf.c
LakeFieldSiliconPkg/Pch/Library/Private/PeiScsLib/ScsUfsMmp.c

================================================================================ 
Commit: 16fdc30174d4f08f8e3d6020134998317f74a2bb 
Author: ClientSysFWGit <clientsysfwgit@intel.com> 
Date: Thu Oct 24 14:46:21 2019 +0530 
-------------------------------------------------------------------------------- 
Description: Effect Performance when Max CPU frequency or Turbo frequency 
is 1.8 GHz with all 5C enabled.
Solution: For better performance(Max Frequency),run with TNT 1 core on Turbo mode.

Original commit date: Tue Oct 1 11:50:30 2019 +0530
Change-Id: Ie4c04dd31ec9f14e2147837544bc74e68ea7427a
Original commit hash: bcd55def06dc8df3a2a926cbd8337ac765c5a049

-------------------------------------------------------------------------------- 
[Changed Files]
LakeFieldPlatSamplePkg/Setup/CpuSetup.hfr

================================================================================ 
Commit: 5e8a51775663fdf97a264c4d969a1c18b6d1f02c 
Author: ClientSysFWGit <clientsysfwgit@intel.com> 
Date: Thu Oct 24 14:46:19 2019 +0530 
-------------------------------------------------------------------------------- 
Description: Adding GPIO191, GPIO192 and ISH_I3C0_SCL_FB to IOSTANDBY list
Solution: System wake from S0ix through shake sensor is not working.
Adding ISH I3C pins to IOSTANDBY list to enable wake from CS through this sensor.

Original commit date: Thu Sep 26 16:26:39 2019 +0530
Change-Id: I4a011f9208652993d1d3c88b1f72551ca09e16ec
Original commit hash: f08c94959835d487bdd34b6636d75b442df812eb

-------------------------------------------------------------------------------- 
[Changed Files]
LakeFieldSiliconPkg/Pch/Library/Private/PeiDxeSmmGpioPrivateLib/GpioPrivateLibLkf.c

================================================================================ 
Commit: 5aaa9832f761211a20c11b727bce1f67892474d5 
Author: ClientSysFWGit <clientsysfwgit@intel.com> 
Date: Thu Oct 24 14:46:18 2019 +0530 
-------------------------------------------------------------------------------- 
[LKF] Setup option Me FW Image Re-Flash is malfunction.

Problem: Me Downgrade is failing due to not included MeFwDowngrade.inf
Solution: Include MeFwDowngrade driver into BIOS & added setup item Me FW Image Re-Flash
Unit TestDone:
1. Checked the required setup options in setup page
2. Checked OS boot status for
   1. SPI-FSP   -Release
   2. UFS-FSP   -Debug

Hsd-es-Id: 1607946367
Tracker-link: https://hsdes.intel.com/appstore/article/#/1607946367
Attestation-link: LakeFieldPlatSamplePkg/InternalOnly/IpPlan/Client BIOS IP Plan.xlsx
Original commit date: Tue Oct 1 11:44:20 2019 +0530
Change-Id: I173300aecf06968c9ecb8cf80e0ef955c126778f
Original commit hash: 641936b786c4ff6263c2695bb4baa889bce21b19

-------------------------------------------------------------------------------- 
[Changed Files]
LakeFieldPlatSamplePkg/PlatformPkg.fdf
LakeFieldPlatSamplePkg/Setup/MeSetup.hfr

================================================================================ 
Commit: 606d1d57ee79f6a06c5ba9f5493730330fbc3874 
Author: ClientSysFWGit <clientsysfwgit@intel.com> 
Date: Thu Oct 24 14:46:16 2019 +0530 
-------------------------------------------------------------------------------- 
Single MIPI display support on LKF DT-OS
Added a Internal setup option to choose different VBT with seconf MIPI disabled.

Hsd-es-id: 1607865624
Original commit date: Mon Sep 30 12:27:10 2019 +0530
Change-Id: I28d681d5f3ea20d9ef38537ae9257dcb3812155e
Original commit hash: ef258b5d01818712eb408e4586a1ece176dfe97e

-------------------------------------------------------------------------------- 
[Changed Files]
LakeFieldPlatSamplePkg/Library/PeiPolicyUpdateLib/PeiSaPolicyUpdate.c
LakeFieldPlatSamplePkg/PlatformInit/PolicyInitDxe/GopPolicyInitDxe.c
LakeFieldPlatSamplePkg/PlatformInit/PolicyInitDxe/PolicyInitDxe.inf
LakeFieldPlatSamplePkg/PlatformPkg.dec

================================================================================ 
Commit: d50f23bd4e43591bf8c3b526e7778f5c7a9fd018 
Author: ClientSysFWGit <clientsysfwgit@intel.com> 
Date: Thu Oct 24 14:46:13 2019 +0530 
-------------------------------------------------------------------------------- 
[TeamCity] LKF Auto-Commit DailyUpdate_FSP/RC version CI Increment FSP Revision Number and reset FSP Build Number to 1

Mon Sep 30 10:32:40 2019 -0700
Original commit date: Mon Sep 30 10:32:40 2019 -0700
Original commit hash: e3b46a7dbf41cf5187351adbf9135fdfc5c9b96e

-------------------------------------------------------------------------------- 
[Changed Files]
LakeFieldFspPkg/LakeFieldFspPkg.dec
LakeFieldSiliconPkg/SiPkg.dec

================================================================================ 
Commit: bdfed6f025dfc18e7d741674a30f98b761c7a9af 
Author: ClientSysFWGit <clientsysfwgit@intel.com> 
Date: Thu Oct 24 14:46:12 2019 +0530 
-------------------------------------------------------------------------------- 
Fix: Default BIOS setup option for S0ix

Original commit date: Wed Sep 25 12:36:28 2019 +0530
Change-Id: Idf07bf0933b6a526c031ea6b99fbe22c33ec8496
Original commit hash: 5fb60e20d11d57e011534fd9cfad31bb47002789

-------------------------------------------------------------------------------- 
[Changed Files]
LakeFieldPlatSamplePkg/Setup/AcpiSetup.hfr
LakeFieldPlatSamplePkg/Setup/DebugSetup.hfr
LakeFieldPlatSamplePkg/Setup/PchSetup.hfr

================================================================================ 
Commit: a11a5dd61f6633f36ffcfe7c9966ac561e7d77cc 
Author: ClientSysFWGit <clientsysfwgit@intel.com> 
Date: Thu Oct 24 14:46:10 2019 +0530 
-------------------------------------------------------------------------------- 
[TeamCity] LKF Auto-Commit DailyUpdate_FSP/RC version CI Increment FSP Revision Number and reset FSP Build Number to 1

Sun Sep 29 10:32:51 2019 -0700
Original commit date: Sun Sep 29 10:32:51 2019 -0700
Original commit hash: d340c51bd9022de492c2d939b78f6d083a5b5d90

-------------------------------------------------------------------------------- 
[Changed Files]
LakeFieldFspPkg/LakeFieldFspPkg.dec
LakeFieldSiliconPkg/SiPkg.dec

================================================================================ 
Commit: 08dfff757aa83892ba5d228fb336bd9d6aede0cd 
Author: ClientSysFWGit <clientsysfwgit@intel.com> 
Date: Thu Oct 24 14:46:09 2019 +0530 
-------------------------------------------------------------------------------- 
[TeamCity] LKF Auto-Commit DailyUpdate_FSP/RC version CI Increment FSP Revision Number and reset FSP Build Number to 1

Sat Sep 28 10:33:11 2019 -0700
Original commit date: Sat Sep 28 10:33:11 2019 -0700
Original commit hash: 3cf1b67970a560e1f66571a7e86f00998bd8966e

-------------------------------------------------------------------------------- 
[Changed Files]
LakeFieldFspPkg/LakeFieldFspPkg.dec
LakeFieldSiliconPkg/SiPkg.dec

================================================================================ 
Commit: 01df9cd520b3de1d5a5ca0f04b943500dc2235be 
Author: ClientSysFWGit <clientsysfwgit@intel.com> 
Date: Thu Oct 24 14:46:08 2019 +0530 
-------------------------------------------------------------------------------- 
[TeamCity] LKF Auto-Commit DailyUpdate_FSP/RC version CI Increment FSP Revision Number and reset FSP Build Number to 1

Fri Sep 27 10:35:54 2019 -0700
Original commit date: Fri Sep 27 10:35:54 2019 -0700
Original commit hash: 646346d44b408eb530d19a1ad2e638b775c51c39

-------------------------------------------------------------------------------- 
[Changed Files]
LakeFieldFspPkg/LakeFieldFspPkg.dec
LakeFieldSiliconPkg/SiPkg.dec
