================================================================================ 
Commit: 6016653bccbf89d5bbb5d5a6c2927e6072754427 
Author: ClientSysFWGit <clientsysfwgit@intel.com> 
Date: Mon Jun 17 16:46:44 2019 +0530 
-------------------------------------------------------------------------------- 
Change BIOS ID to 3224 for WW22.4 BIOS Label.

Original commit date: Thu May 30 10:26:49 2019 +0530
Change-Id: I157b07092d0496d28d7de10f62feeba78f9ea5bc
Original commit hash: c36a841cfc4e3b5a05d92d96786ada34da135509

-------------------------------------------------------------------------------- 
[Changed Files]
LakeFieldPlatSamplePkg/Tools/GenBiosId/BiosId.env

================================================================================ 
Commit: 236c1043bb15aa69124f44bfe07158c05dc8768b 
Author: ClientSysFWGit <clientsysfwgit@intel.com> 
Date: Mon Jun 17 16:46:42 2019 +0530 
-------------------------------------------------------------------------------- 
Revert "Reporting  LID status as Always Open to OS"

This reverts commit f02bee7a8589886db0b79dcf2ca04108d317b1a4.

Thu May 30 10:19:33 2019 +0530
Original commit date: Thu May 30 10:19:33 2019 +0530
Original commit hash: 1a152b49b0e73ddb71ebb1b8ca45b170d00c5ee6

-------------------------------------------------------------------------------- 
[Changed Files]
LakeFieldPlatSamplePkg/Acpi/AcpiTables/Dsdt/Lid.asl

================================================================================ 
Commit: 3bcecd24092a70f6a9aacc4f18318a773d6d2387 
Author: ClientSysFWGit <clientsysfwgit@intel.com> 
Date: Mon Jun 17 16:46:40 2019 +0530 
-------------------------------------------------------------------------------- 
Revert "RVP not booting to OS after disabling ISH driver in Device manager with 3193 BIOS"

This reverts commit f5b5f4c548f1eb2ddf0dab52ec92d0cb23d2d939.

Thu May 30 10:17:40 2019 +0530
Original commit date: Thu May 30 10:17:40 2019 +0530
Original commit hash: 7592a9e7ecd9a26bbc5d3600bd1a3cf7ca8fd778

-------------------------------------------------------------------------------- 
[Changed Files]
LakeFieldPlatSamplePkg/Acpi/AcpiTables/Dsdt/Lid.asl
LakeFieldSiliconPkg/SystemAgent/SaInit/Dxe/GraphicsInit.c

================================================================================ 
Commit: 2b99513cd3d52009b6c9ca116b8058b7f16f4c97 
Author: ClientSysFWGit <clientsysfwgit@intel.com> 
Date: Mon Jun 17 16:46:37 2019 +0530 
-------------------------------------------------------------------------------- 
Get battery status by direct PMIC register access in ME recovery boot

Hsd-es-id: 1409178017
Attestation-link: Intel\LakeFieldPlatSamplePkg\InternalOnly\IpPlan\Client BIOS IP Plan.xlsx
Original commit date: Mon May 27 19:15:11 2019 +0530
Change-Id: I908253b9b340993a393a25cb7f350c54d3b165dd
Original commit hash: bf0bd448d35b67d28a4ff953ecd330833106bbbb

-------------------------------------------------------------------------------- 
[Changed Files]
LakeFieldPlatSamplePkg/Features/CapsuleUpdate/Library/CapsuleUpdatePolicyLib/CapsuleUpdatePolicyLib.c
LakeFieldPlatSamplePkg/Features/CapsuleUpdate/Library/CapsuleUpdatePolicyLib/CapsuleUpdatePolicyLib.inf
LakeFieldPlatSamplePkg/Features/ChargingApplet/DxeChargingApplet/BatteryCharging.c
LakeFieldPlatSamplePkg/Features/ChargingApplet/DxeChargingApplet/BatteryCharging.h
LakeFieldPlatSamplePkg/Features/ChargingApplet/DxeChargingApplet/HardwareInterface.c
LakeFieldPlatSamplePkg/Features/ChargingApplet/DxeChargingApplet/HardwareInterface.h
LakeFieldPlatSamplePkg/Features/ChargingApplet/PeiChargingApplet/PeiChargingApplet.c
LakeFieldPlatSamplePkg/Features/ChargingApplet/PeiChargingApplet/PeiChargingApplet.h
LakeFieldPlatSamplePkg/Features/ChargingApplet/PeiChargingApplet/PeiChargingApplet.inf
LakeFieldPlatSamplePkg/Include/Library/PlatformMiscLib.h
LakeFieldPlatSamplePkg/Library/PlatformMiscLib/PlatformMiscLib.c

================================================================================ 
Commit: 2493ae1d1b0870f6518fcbb64e29c49f6172e2b4 
Author: ClientSysFWGit <clientsysfwgit@intel.com> 
Date: Mon Jun 17 16:46:34 2019 +0530 
-------------------------------------------------------------------------------- 
Revert "Revert "USB 3.0 Device mode doesn't work in Pre OS environment using Type C to USB 3.0 Cable""

This reverts commit 5e1b87d388530985136c155721dc793733c546e5.

Thu May 30 10:06:02 2019 +0530
Original commit date: Thu May 30 10:06:02 2019 +0530
Original commit hash: 7aae47629331d1843ea98bd6dce05a63d92c2bba

-------------------------------------------------------------------------------- 
[Changed Files]
LakeFieldPlatSamplePkg/Features/Usb/UsbDeviceDxe/UsbDeviceDxe.c
LakeFieldPlatSamplePkg/Features/Usb/UsbDeviceDxe/UsbDeviceDxe.h
LakeFieldPlatSamplePkg/Features/Usb/UsbDeviceDxe/UsbDeviceDxe.inf
LakeFieldPlatSamplePkg/Features/Usb/UsbDeviceDxe/UsbFuncIo.c
LakeFieldPlatSamplePkg/Features/Usb/UsbDeviceDxe/UsbFuncIo.h

================================================================================ 
Commit: 750e684e6f44660d55cd39faad231b0eae696fbb 
Author: ClientSysFWGit <clientsysfwgit@intel.com> 
Date: Mon Jun 17 16:46:31 2019 +0530 
-------------------------------------------------------------------------------- 
Revert "USB 3.0 Device mode doesn't work in Pre OS environment using Type C to USB 3.0 Cable"

This reverts commit 35fb5726bc726bed6839c3887236a9ec10da34d6.

Thu May 30 10:02:26 2019 +0530
Original commit date: Thu May 30 10:02:26 2019 +0530
Original commit hash: 5e1b87d388530985136c155721dc793733c546e5

-------------------------------------------------------------------------------- 
[Changed Files]
LakeFieldPlatSamplePkg/Features/Usb/UsbDeviceDxe/UsbDeviceDxe.c
LakeFieldPlatSamplePkg/Features/Usb/UsbDeviceDxe/UsbDeviceDxe.h
LakeFieldPlatSamplePkg/Features/Usb/UsbDeviceDxe/UsbDeviceDxe.inf
LakeFieldPlatSamplePkg/Features/Usb/UsbDeviceDxe/UsbFuncIo.c
LakeFieldPlatSamplePkg/Features/Usb/UsbDeviceDxe/UsbFuncIo.h

================================================================================ 
Commit: 149bd73de1f0b7a3fe0fc0a7e6e555340c3a27da 
Author: ClientSysFWGit <clientsysfwgit@intel.com> 
Date: Mon Jun 17 16:46:28 2019 +0530 
-------------------------------------------------------------------------------- 
[TeamCity] LKF Auto-Commit DailyUpdate_FSP/RC version CI Increment FSP Revision Number and reset FSP Build Number to 1

Wed May 29 10:37:20 2019 -0700
Original commit date: Wed May 29 10:37:20 2019 -0700
Original commit hash: e1e9a648730ab434b4ee262ea75a934cb3bdbbc8

-------------------------------------------------------------------------------- 
[Changed Files]
LakeFieldFspPkg/LakeFieldFspPkg.dec
LakeFieldSiliconPkg/SiPkg.dec

================================================================================ 
Commit: 12e3cd869ffd3f0048d4b288f4fb123b8e732a70 
Author: ClientSysFWGit <clientsysfwgit@intel.com> 
Date: Mon Jun 17 16:46:26 2019 +0530 
-------------------------------------------------------------------------------- 
Fixed: BIOS charging applet modification to handle intermittent VBUS drop

Hsd-es-id: 1607169668
Attestation-link: Intel\LakeFieldPlatSamplePkg\InternalOnly\IpPlan\Client BIOS IP Plan.xlsx

Original commit date: Wed May 29 10:07:52 2019 +0530
Change-Id: I7da9726803877951d10d84bf724603cd69902693
Original commit hash: b5f660e78ab560cd7cf2cee78cc610cc6440e7fc

-------------------------------------------------------------------------------- 
[Changed Files]
LakeFieldPlatSamplePkg/Features/ChargingApplet/DxeChargingApplet/DxeChargingApplet.c

================================================================================ 
Commit: c0c139927e472f10bd079bd28b6e9be041405f1c 
Author: ClientSysFWGit <clientsysfwgit@intel.com> 
Date: Mon Jun 17 16:46:24 2019 +0530 
-------------------------------------------------------------------------------- 
Remove modPHY programming from PCIe NCC port init

Since LKF SoC doesn't have modPHY IP and DEKEL IP doesn't
require any additional programming for NCC to work we need
to remove extra programming step from PCIe NCC port enabling.

Hsd-es-id: 1807734219
Attestation-link: LakeFieldPlatSamplePkg/InternalOnly/IpPlan/Client BIOS IP Plan.xlsx
Original commit date: Mon May 27 13:35:28 2019 +0200
Change-Id: I50c0507082d2700883b140d5f9eee05327fed09f
Original commit hash: dc1325fb2d9c88c064c5090c6196a1ca89f261e2

-------------------------------------------------------------------------------- 
[Changed Files]
LakeFieldSiliconPkg/Pch/Include/Private/Library/PeiHsioLib.h
LakeFieldSiliconPkg/Pch/Library/Private/PeiHsioLib/HsioLane.c
LakeFieldSiliconPkg/Pch/Library/Private/PeiPcieRpInitLib/PeiPcieRpInitPreMem.c

================================================================================ 
Commit: b5232b07a497c932c6c961bcd79870727d66253d 
Author: ClientSysFWGit <clientsysfwgit@intel.com> 
Date: Mon Jun 17 16:46:22 2019 +0530 
-------------------------------------------------------------------------------- 
Description: Removing hardcoding of SafeMode Enabling.
Solution: SafeMode value can be changed by Setup Option.
Impacted Platform: LKF

Original commit date: Wed May 29 15:54:24 2019 +0530
Change-Id: I0658dfbd59868295c75b5853ec75f69e4ba6244b
Original commit hash: 356dd7ae658b4a63c0d24b1951102e834cdf0818

-------------------------------------------------------------------------------- 
[Changed Files]
LakeFieldSiliconPkg/SystemAgent/MemoryInit/LibraryPrivate/PeiMemoryInitLib/Source/Api/MrcGeneral.c
LakeFieldSiliconPkg/SystemAgent/MemoryInit/LibraryPrivate/PeiMemoryInitLib/Source/Include/MrcVersion.h

================================================================================ 
Commit: 6276f917b6835e3ee0cd524f8e4b4e41d1994f8a 
Author: ClientSysFWGit <clientsysfwgit@intel.com> 
Date: Mon Jun 17 16:46:20 2019 +0530 
-------------------------------------------------------------------------------- 
Fixed : System doesn't to OS in Cse Recovery Mode.
    
    Hsd-es-id: 2206771876
    Attestation-link: Intel\LakeFieldPlatSamplePkg\InternalOnly\IpPlan\Client BIOS IP Plan.xlsx

Original commit date: Tue May 28 12:30:37 2019 +0530
Change-Id: Iacc9e4bdcc0a4137cc9ccb6eeb9091f1f8994cdc
Original commit hash: 8c3ef0d4d59aa77343f94e599cd9b002799a88ad

-------------------------------------------------------------------------------- 
[Changed Files]
LakeFieldPlatSamplePkg/VariableStorageSelector/Dxe/VariableStorageSelectorRuntimeDxe.c
LakeFieldPlatSamplePkg/VariableStorageSelector/Pei/VariableStorageSelectorPei.c
LakeFieldPlatSamplePkg/VariableStorageSelector/Pei/VariableStorageSelectorPei.inf
LakeFieldPlatSamplePkg/VariableStorageSelector/Smm/VariableStorageSelectorSmm.c
LakeFieldSiliconPkg/Me/StorageProxy/Dxe/StorageProxyDxe.c
LakeFieldSiliconPkg/Me/StorageProxy/Dxe/StorageProxyDxe.inf
LakeFieldSiliconPkg/Me/TrustedChannel/Smm/TrustedChannelSmm.c
LakeFieldSiliconPkg/Me/TrustedChannel/Smm/TrustedChannelSmm.inf
LakeFieldSiliconPkg/SampleCode/MdeModulePkg/Universal/Variable/RuntimeDxe/VariableSmm.c
LakeFieldSiliconPkg/SampleCode/MdeModulePkg/Universal/Variable/RuntimeDxe/VariableSmm.inf
LakeFieldSiliconPkg/SiPkg.dec
LakeFieldSiliconPkg/VariableStorage/Dxe/CseVariableStorageCommandQueueRuntimeDxe/CseVariableStorageCommandQueueRuntimeDxe.c
LakeFieldSiliconPkg/VariableStorage/Dxe/CseVariableStorageCommandQueueRuntimeDxe/CseVariableStorageCommandQueueRuntimeDxe.inf
LakeFieldSiliconPkg/VariableStorage/Library/Private/SmmCseVariableStorageIoLib/SmmCseVariableStorageIoLib.c
LakeFieldSiliconPkg/VariableStorage/Library/Private/SmmCseVariableStorageIoLib/SmmCseVariableStorageIoLib.inf
LakeFieldSiliconPkg/VariableStorage/Library/Private/SmmCseVariableStorageIoLib/SmmCseVariableStorageIoLibSmmCommandQueue.c
LakeFieldSiliconPkg/VariableStorage/Smm/CseVariableStorageSmm/CseVariableStorageSmm.c
LakeFieldSiliconPkg/VariableStorage/Smm/CseVariableStorageSmm/CseVariableStorageSmm.inf

================================================================================ 
Commit: 0f7267a50ef67554e9ebf1a1045282347d18ba35 
Author: ClientSysFWGit <clientsysfwgit@intel.com> 
Date: Mon Jun 17 16:46:16 2019 +0530 
-------------------------------------------------------------------------------- 
Changing BIOS ID to 3223 

Original commit date: Wed May 29 10:58:56 2019 +0530
Change-Id: I1035c26f3bbb1367b74ac11610f8e7c568a8acd2
Original commit hash: 5dc34f69c9c432454ab92ba92bacd175c33f8604

-------------------------------------------------------------------------------- 
[Changed Files]
LakeFieldPlatSamplePkg/Tools/GenBiosId/BiosId.env

================================================================================ 
Commit: 638de04d1029a03de0491880f010d02b3224f915 
Author: ClientSysFWGit <clientsysfwgit@intel.com> 
Date: Mon Jun 17 16:46:14 2019 +0530 
-------------------------------------------------------------------------------- 
Microcode Update

Hsd-es-id: NA
Attestation-link: LakeFieldPlatSamplePkg/InternalOnly/IpPlan/Client BIOS IP Plan.xlsx
Original commit date: Wed May 29 09:42:51 2019 +0530
Change-Id: Iedb54eef029c6969b58562666c3846619e334323
Original commit hash: f1520c1a101e8faec558978fe7bb89e06bcba26b

-------------------------------------------------------------------------------- 
[Changed Files]
LakeFieldPlatSamplePkg/PlatformPkg.fdf

================================================================================ 
Commit: 11ba3cef2a81f3a136be6c03e8f869d36f2f4747 
Author: ClientSysFWGit <clientsysfwgit@intel.com> 
Date: Mon Jun 17 16:46:12 2019 +0530 
-------------------------------------------------------------------------------- 
Fixed: USB 3.0 Device mode doesn't work in Pre OS environment using Type C to USB 3.0 Cable

Hsd-es-id: 1607219407
Attestation-link: Intel\LakeFieldPlatSamplePkg\InternalOnly\IpPlan\Client BIOS IP Plan.xlsx

Original commit date: Mon May 27 18:49:07 2019 +0530
Change-Id: Iffac6a66cbcb8dd95717cb223a53c7a177c2cf89
Original commit hash: 35fb5726bc726bed6839c3887236a9ec10da34d6

-------------------------------------------------------------------------------- 
[Changed Files]
LakeFieldPlatSamplePkg/Features/Usb/UsbDeviceDxe/UsbDeviceDxe.c
LakeFieldPlatSamplePkg/Features/Usb/UsbDeviceDxe/UsbDeviceDxe.h
LakeFieldPlatSamplePkg/Features/Usb/UsbDeviceDxe/UsbDeviceDxe.inf
LakeFieldPlatSamplePkg/Features/Usb/UsbDeviceDxe/UsbFuncIo.c
LakeFieldPlatSamplePkg/Features/Usb/UsbDeviceDxe/UsbFuncIo.h

================================================================================ 
Commit: b6d13f3d2df88ea8993c751c3f62a9496b20a94a 
Author: ClientSysFWGit <clientsysfwgit@intel.com> 
Date: Mon Jun 17 16:46:09 2019 +0530 
-------------------------------------------------------------------------------- 
Fixed: RVP doesn't to OS after disabling ISH driver in Device manager with 3193 BIOS.
 
Original commit date: Wed May 29 08:24:49 2019 +0530
Change-Id: I7b9e6d0a49df41e1b9076cc831182ccbfc0c25bc
Original commit hash: f5b5f4c548f1eb2ddf0dab52ec92d0cb23d2d939

-------------------------------------------------------------------------------- 
[Changed Files]
LakeFieldPlatSamplePkg/Acpi/AcpiTables/Dsdt/Lid.asl
LakeFieldSiliconPkg/SystemAgent/SaInit/Dxe/GraphicsInit.c

================================================================================ 
Commit: b960466533c4df7257bb699d09e17bbdc1fe0ab3 
Author: ClientSysFWGit <clientsysfwgit@intel.com> 
Date: Mon Jun 17 16:46:07 2019 +0530 
-------------------------------------------------------------------------------- 
[TeamCity] LKF Auto-Commit DailyUpdate_FSP/RC version CI Increment FSP Revision Number and reset FSP Build Number to 1

Tue May 28 10:37:28 2019 -0700
Original commit date: Tue May 28 10:37:28 2019 -0700
Original commit hash: a0540fe76089a5ecf050515a3dbf0b643a18ba04

-------------------------------------------------------------------------------- 
[Changed Files]
LakeFieldFspPkg/LakeFieldFspPkg.dec
LakeFieldSiliconPkg/SiPkg.dec

================================================================================ 
Commit: da336f3e74cd38e5ca8a5fdb89cb43389fda1623 
Author: ClientSysFWGit <clientsysfwgit@intel.com> 
Date: Mon Jun 17 16:46:04 2019 +0530 
-------------------------------------------------------------------------------- 
Fixed: Charging Applet is not launch while power button press


Hsd-es-id: https
Original commit date: Tue May 21 11:09:41 2019 +0530
Change-Id: Ie692bf54068d49f56300adc8e708f704e5cb3aef
Original commit hash: f61315876ceec8c5d818c19f897db1dea35b5f38

-------------------------------------------------------------------------------- 
[Changed Files]
LakeFieldPlatSamplePkg/Platform/SmmPlatform/Smm/SmmPlatform.c

================================================================================ 
Commit: e582750de89d4dd437eab634e97aa8cf9bdd55bb 
Author: ClientSysFWGit <clientsysfwgit@intel.com> 
Date: Mon Jun 17 16:46:02 2019 +0530 
-------------------------------------------------------------------------------- 
Fixed: Squelch direction programming for TC port

Hsd-es-id: 2206868655
Tracker-link: https://hsdes.intel.com/appstore/article/#/2206868655
Attestation-link: LakeFieldPlatSamplePkg/InternalOnly/IpPlan/Client BIOS IP Plan.xlsx
Original commit date: Wed May 15 14:12:18 2019 +0200
Change-Id: I0125089d0b350ceb771236a068b66656613c54f0
Original commit hash: 0b8150079c4b72fbc00691ee92206ab391992964

-------------------------------------------------------------------------------- 
[Changed Files]
LakeFieldSiliconPkg/Pch/Include/Register/PchRegsPcie.h
LakeFieldSiliconPkg/Pch/Library/Private/PeiPcieRpInitLib/PeiPcieRpInitLib.c
LakeFieldSiliconPkg/Pch/Library/Private/PeiPcieRpInitLib/PeiPcieRpInitPreMem.c

================================================================================ 
Commit: c9088a70ecddfc6b4c9451f2ba1d503c40764a7d 
Author: ClientSysFWGit <clientsysfwgit@intel.com> 
Date: Mon Jun 17 16:45:59 2019 +0530 
-------------------------------------------------------------------------------- 
Implemented: Flash enabling of OV7251 camera

Original commit date: Wed May 15 16:25:57 2019 +0530
Change-Id: I735ab25ccbfe81d815506beffc6c676eebcc33a5
Original commit hash: 41908644fe2cd948089ec00842012dd324461ce4

-------------------------------------------------------------------------------- 
[Changed Files]
LakeFieldPlatSamplePkg/Acpi/AcpiTables/AcpiPlatform/Dxe/AcpiPlatform.c
LakeFieldPlatSamplePkg/Acpi/AcpiTables/Dsdt/MipiCamSensors.asl
LakeFieldPlatSamplePkg/Include/SetupVariable.h
LakeFieldPlatSamplePkg/Setup/SaSetup.hfr
LakeFieldPlatSamplePkg/Setup/SaSetup.uni

================================================================================ 
Commit: dcfc8e40c1266edbb8efdda9afbeb7f25d0d118a 
Author: ClientSysFWGit <clientsysfwgit@intel.com> 
Date: Mon Jun 17 16:45:54 2019 +0530 
-------------------------------------------------------------------------------- 
Description: Memory corruption when dynamic sense amp is enabled
Solution: 
1)Added Force Rx SenseAmp setup option to set Forcexon bit to "one" in MrcSagvSwitch
2)Force Rx SenseAmp Enabled by default
Impacted Platform: LKF

Original commit date: Fri May 10 18:14:59 2019 +0530
Change-Id: I2d22ad6256cde7f72ed4d7829bdd71e1a5fbebbe
Original commit hash: addfa1b6469cf733e2a31c87f1451cd7e0882792

-------------------------------------------------------------------------------- 
[Changed Files]
LakeFieldFspPkg/Library/PeiPolicyUpdatePreMemLib/PeiSaPolicyUpdatePreMem.c
LakeFieldFspPkg/Upd/FspmUpd.dsc
LakeFieldPlatSamplePkg/Include/SetupVariable.h
LakeFieldPlatSamplePkg/Library/PeiPolicyUpdateLib/PeiSaPolicyUpdatePreMem.c
LakeFieldPlatSamplePkg/Setup/SaSetup.hfr
LakeFieldPlatSamplePkg/Setup/SaSetup.uni
LakeFieldSiliconPkg/SystemAgent/Include/ConfigBlock/MemoryConfig.h
LakeFieldSiliconPkg/SystemAgent/MemoryInit/Include/MrcInterface.h
LakeFieldSiliconPkg/SystemAgent/MemoryInit/LibraryPrivate/PeiMemoryInitLib/MemoryInit.c
LakeFieldSiliconPkg/SystemAgent/MemoryInit/LibraryPrivate/PeiMemoryInitLib/Source/Api/MrcGeneral.c

================================================================================ 
Commit: 332175e945d29016246819934ebbbd5d37c329c8 
Author: ClientSysFWGit <clientsysfwgit@intel.com> 
Date: Mon Jun 17 16:45:48 2019 +0530 
-------------------------------------------------------------------------------- 
[TeamCity] LKF Auto-Commit DailyUpdate_FSP/RC version CI Increment FSP Revision Number and reset FSP Build Number to 1

Sat May 25 10:37:31 2019 -0700
Original commit date: Sat May 25 10:37:31 2019 -0700
Original commit hash: 78eb3bf79bf55bdd0645e749844de3e4172c190b

-------------------------------------------------------------------------------- 
[Changed Files]
LakeFieldFspPkg/LakeFieldFspPkg.dec
LakeFieldSiliconPkg/SiPkg.dec

================================================================================ 
Commit: 0bc4001a67d297f96514f024fc90304c199a3fdd 
Author: ClientSysFWGit <clientsysfwgit@intel.com> 
Date: Mon Jun 17 16:45:46 2019 +0530 
-------------------------------------------------------------------------------- 
[TeamCity] LKF Auto-Commit DailyUpdate_FSP/RC version CI Increment FSP Revision Number and reset FSP Build Number to 1

Fri May 24 10:37:56 2019 -0700
Original commit date: Fri May 24 10:37:56 2019 -0700
Original commit hash: 28d83485cc8b1a0f8ba0a4b8d54a7869146b7c05

-------------------------------------------------------------------------------- 
[Changed Files]
LakeFieldFspPkg/LakeFieldFspPkg.dec
LakeFieldSiliconPkg/SiPkg.dec

================================================================================ 
Commit: ddc47123d3898747d22caf8ad39773aba9364a69 
Author: ClientSysFWGit <clientsysfwgit@intel.com> 
Date: Mon Jun 17 16:45:44 2019 +0530 
-------------------------------------------------------------------------------- 
Fixed: Build error for network build

Issue:
Fv main size is not enough to build for both SPI and BFX

Solution:
Increased the FV main size based on the Free memory.

Hsd-es-id: NA
Attestation-link: LakefieldPlatSamplePkg/InternalOnly/IpPlan/Client BIOS IP Plan.xlsx
Original commit date: Fri May 24 14:13:39 2019 +0530
Change-Id: I0b07dd851d3d6c90b4db218622b08f01489a63a1
Original commit hash: b7f6108af95a3c9db0fe17be456eab11caf4fca6

-------------------------------------------------------------------------------- 
[Changed Files]
LakeFieldPlatSamplePkg/FlashMap/SIZE_100_FSP_WRAPPER.fdf
LakeFieldPlatSamplePkg/FlashMap/SIZE_100_FSP_WRAPPER_BFX.fdf

================================================================================ 
Commit: 419423b5941dd7affd3822ffe5734099954c8b7f 
Author: ClientSysFWGit <clientsysfwgit@intel.com> 
Date: Mon Jun 17 16:45:42 2019 +0530 
-------------------------------------------------------------------------------- 

Fixed: MCHECK failure due to IOAPIC size in BIOS is overlapped.

Original commit date: Tue May 21 14:31:25 2019 +0530
Change-Id: I0ec2b6724b34f90caad2c955cfe1d0718039440b
Original commit hash: 78117b63185793d3b2bba71c12b915fd1ef8d21f

-------------------------------------------------------------------------------- 
[Changed Files]
LakeFieldSiliconPkg/SiPkg.dec
LakeFieldSiliconPkg/SystemAgent/MemoryInit/MiniBios/CPU/SRC32/crcoem.inc

================================================================================ 
Commit: bf6a7ef5e38b33ad0b482cf4272972106fb59734 
Author: ClientSysFWGit <clientsysfwgit@intel.com> 
Date: Mon Jun 17 16:45:39 2019 +0530 
-------------------------------------------------------------------------------- 

Microcode Update

Original commit date: Fri May 24 11:35:45 2019 +0530
Change-Id: I5d105924e9b165e09a18a3c47690af4129266f5b
Original commit hash: a5422124573ea0cf7f24174b19ec69911a9f5d82

-------------------------------------------------------------------------------- 
[Changed Files]
LakeFieldPlatSamplePkg/PlatformPkg.fdf
