================================================================================ 
Commit: 212968b28524316c9b2c83c25819d3de1dbfeaca 
Author: ClientSysFWGit <clientsysfwgit@intel.com> 
Date: Wed Nov 4 10:57:45 2020 -0800 
-------------------------------------------------------------------------------- 
Update SiPkg.dec for 3444

-------------------------------------------------------------------------------- 
[Changed Files]
ClientOneSiliconPkg/SiPkg.dec

================================================================================ 
Commit: 1b430fbbb58dad58561e4c6b75880a2337caac5e 
Author: ClientSysFWGit <clientsysfwgit@intel.com> 
Date: Wed Nov 4 10:53:06 2020 -0800 
-------------------------------------------------------------------------------- 
[TeamCity] TGL Auto-Commit BIOS ID update TGLMaster BIOS Version to 3444_01

Hsd-es-id: no sighting
Original commit date: Thu Oct 29 14:42:16 2020 -0700
Change-Id: I71fcbb3d38347911cd8a7d60eae112c4a31d4e36
Original commit hash: dbefcc5ebc859a41fffe84943d827b4eeab4a5b9

-------------------------------------------------------------------------------- 
[Changed Files]
TigerLakeBoardPkg/BiosId.env

================================================================================ 
Commit: 358833cffdfff0ebb9616b0b3fac2fec161c5bcb 
Author: ClientSysFWGit <clientsysfwgit@intel.com> 
Date: Wed Nov 4 10:52:57 2020 -0800 
-------------------------------------------------------------------------------- 
[TeamCity] TGL Auto-Commit DailyUpdate_FSP/RC TGLMaster

Hsd-es-id: no sighting
Original commit date: Thu Oct 29 14:36:58 2020 -0700
Change-Id: I3177959173fac1cafcd62e406b262d5da1bd57a5
Original commit hash: f7115255319b29cff37b82ddeaf3f7aeb9f457be

-------------------------------------------------------------------------------- 
[Changed Files]
TigerLakeFspPkg/TigerLakeFspPkg.dec

================================================================================ 
Commit: b91ce1cef990846296ea805397ba069593b86273 
Author: ClientSysFWGit <clientsysfwgit@intel.com> 
Date: Wed Nov 4 10:52:49 2020 -0800 
-------------------------------------------------------------------------------- 
Update to TigerLake Bx Unified (uCode+Punit) Production Patch 0x6C

Original commit date: Thu Oct 29 13:17:32 2020 -0700
Change-Id: I5e41bcbcfe8c8c38125b5df07a0761a01e4609fb
Original commit hash: 3086ba214e1c91a1658ff4b67827c9f38014d586

-------------------------------------------------------------------------------- 
[Changed Files]
TigerLakeBoardPkg/BoardPkg.fdf

================================================================================ 
Commit: 4a78452682ca97df91a7a64b2f9af230856740ac 
Author: ClientSysFWGit <clientsysfwgit@intel.com> 
Date: Wed Nov 4 10:52:39 2020 -0800 
-------------------------------------------------------------------------------- 
[TeamCity] TGL Auto-Commit BIOS ID update TGLMaster BIOS Version to 3444_00

Hsd-es-id: no sighting
Original commit date: Thu Oct 29 11:05:30 2020 -0700
Change-Id: Ib38d20adc7cd37b7ad86d305fefeb7b960807912
Original commit hash: bb745a19d301ca48fe0c1f27bc0b1b3f78f64518

-------------------------------------------------------------------------------- 
[Changed Files]
TigerLakeBoardPkg/BiosId.env

================================================================================ 
Commit: 4fc001c3997e46db694fb9521965b2589576b1c2 
Author: ClientSysFWGit <clientsysfwgit@intel.com> 
Date: Wed Nov 4 10:52:31 2020 -0800 
-------------------------------------------------------------------------------- 
[TeamCity] TGL Auto-Commit DailyUpdate_FSP/RC TGLMaster

Hsd-es-id: no sighting
Original commit date: Thu Oct 29 10:36:12 2020 -0700
Change-Id: I025c212dd154b0919d9092767027cea490cf05e9
Original commit hash: 1e68ea36ebb36855fce9b5fd393e6c922815dfcf

-------------------------------------------------------------------------------- 
[Changed Files]
TigerLakeFspPkg/TigerLakeFspPkg.dec

================================================================================ 
Commit: 136aa658eb6bdd219cf3d992d4bbc4e50d8f4790 
Author: ClientSysFWGit <clientsysfwgit@intel.com> 
Date: Wed Nov 4 10:52:22 2020 -0800 
-------------------------------------------------------------------------------- 
SsdtXhci: Bluetooth test cases not deploying automatically in HLK Studio.

Update PCIE root port mapped to M.2 BT on H board

Hsd-es-id: 14012779805
Original commit date: Thu Oct 22 14:19:50 2020 -0700
Change-Id: I384c699c03c4a06690301241ddc96777526fa1d9
Original commit hash: 89e6feff830fa4ff73e6ab3417e39b46b70cb2d0

-------------------------------------------------------------------------------- 
[Changed Files]
TigerLakeBoardPkg/Acpi/AcpiTables/SsdtXhci/UsbPortXhciTglHDdr4Rvp.asl

================================================================================ 
Commit: 1184e744c45b940c89fd1afc951029fa00f87d0c 
Author: ClientSysFWGit <clientsysfwgit@intel.com> 
Date: Wed Nov 4 10:52:11 2020 -0800 
-------------------------------------------------------------------------------- 
* [TGL-H] Include IpuImgClkDsm.asl for TGL-H control logic 3 and 4

 OV13858 got YB using control logic 3 and control logic 4
 include IpuImgClkDsm.asl to fix YB.

Hsd-es-id: 22011239772
Original commit date: Tue Oct 20 11:08:40 2020 +0800
Change-Id: I8ae318591aae421164b4866a355a26cbd0534524
Original commit hash: 6ed106f3929136083c40b8d62326ce127a5882eb

-------------------------------------------------------------------------------- 
[Changed Files]
TigerLakeBoardPkg/Acpi/AcpiTables/Dsdt/MipiCamSensors.asl

================================================================================ 
Commit: ca5760ea55b86eea2446aaede8f740fb4f0d4d2f 
Author: ClientSysFWGit <clientsysfwgit@intel.com> 
Date: Wed Nov 4 10:52:01 2020 -0800 
-------------------------------------------------------------------------------- 
[TeamCity] TGL Auto-Commit BIOS ID update TGLMaster BIOS Version to 3443_01

Hsd-es-id: no sighting
Original commit date: Wed Oct 28 21:41:32 2020 -0700
Change-Id: I05f5cf19b56aa8d9c5c8e5e0195333f89b592739
Original commit hash: 66c4d2a5417838968792f85a2a19e43c3ab74862

-------------------------------------------------------------------------------- 
[Changed Files]
TigerLakeBoardPkg/BiosId.env

================================================================================ 
Commit: 894a30d3026a4359524b1fd2ea0c19a5e367dd5e 
Author: ClientSysFWGit <clientsysfwgit@intel.com> 
Date: Wed Nov 4 10:51:52 2020 -0800 
-------------------------------------------------------------------------------- 
[TeamCity] TGL Auto-Commit DailyUpdate_FSP/RC TGLMaster

Hsd-es-id: no sighting
Original commit date: Wed Oct 28 21:24:23 2020 -0700
Change-Id: I590d2b32ae53a8959f3a9d3672e5732cc6ceb66e
Original commit hash: 46b4968b0506deea69a3a5231b50a6e3bc136f08

-------------------------------------------------------------------------------- 
[Changed Files]
TigerLakeFspPkg/TigerLakeFspPkg.dec

================================================================================ 
Commit: b404f84f6ee75fbd67111bbc6af6196e9c45479d 
Author: ClientSysFWGit <clientsysfwgit@intel.com> 
Date: Wed Nov 4 10:51:43 2020 -0800 
-------------------------------------------------------------------------------- 
[TeamCity] TGL Auto-Commit WeeklyUpdate_FSP/RC TGLMaster

Hsd-es-id: no sighting
Original commit date: Wed Oct 28 21:16:23 2020 -0700
Change-Id: I9c2fa1c8ec2073d9382f872904cc4247d146828d
Original commit hash: 2782763d675e328388628afe053d4ec600d0cf64

-------------------------------------------------------------------------------- 
[Changed Files]
TigerLakeFspPkg/TigerLakeFspPkg.dec

================================================================================ 
Commit: 198fea96baeefb93a1c562a3bce91d4ef4920181 
Author: ClientSysFWGit <clientsysfwgit@intel.com> 
Date: Wed Nov 4 10:51:32 2020 -0800 
-------------------------------------------------------------------------------- 
Overclocking: [TGLH][OC] VR Current Limit data field accepts out of range values

- Resolved Iccmax max value out of range display in Setup

Hsd-es-id: 1508420284
Original commit date: Thu Oct 22 10:43:46 2020 +0800
Change-Id: If90dff573845d8e58173887bdbc86a184dee4f75
Original commit hash: 327aa8c1e90bcb72a1877f0499dcbfe2f2961458

-------------------------------------------------------------------------------- 
[Changed Files]
ClientOneSiliconPkg/IpBlock/VoltageRegulator/LibraryPrivate/PeiVrLib/PeiVrLib.c

================================================================================ 
Commit: 951cd4967f5676f2db8a77a8dd8bc54ae8a152a9 
Author: ClientSysFWGit <clientsysfwgit@intel.com> 
Date: Wed Nov 4 10:51:21 2020 -0800 
-------------------------------------------------------------------------------- 
[TeamCity] TGL Auto-Commit BIOS ID update TGLMaster BIOS Version to 3443_00

Hsd-es-id: no sighting
Original commit date: Wed Oct 28 11:04:53 2020 -0700
Change-Id: I8c3ac12ef1d795419d789586f54b2340e9cb3ee9
Original commit hash: 30fbada287520890a68d25c64fff17ca630fd602

-------------------------------------------------------------------------------- 
[Changed Files]
TigerLakeBoardPkg/BiosId.env

================================================================================ 
Commit: 41d06aa88498878dc32ccf21a27534cc024c18c9 
Author: ClientSysFWGit <clientsysfwgit@intel.com> 
Date: Wed Nov 4 10:51:12 2020 -0800 
-------------------------------------------------------------------------------- 
[TeamCity] TGL Auto-Commit DailyUpdate_FSP/RC TGLMaster

Hsd-es-id: no sighting
Original commit date: Wed Oct 28 10:33:11 2020 -0700
Change-Id: I6d1559bd017b4a747461147d43a08ac39bb807e5
Original commit hash: 4e90768d68f2f5abb5ffd61e4d9f1541335aed0d

-------------------------------------------------------------------------------- 
[Changed Files]
TigerLakeFspPkg/TigerLakeFspPkg.dec

================================================================================ 
Commit: 568f99f4769ee8262f2d5cfd4f362e944c794cf0 
Author: ClientSysFWGit <clientsysfwgit@intel.com> 
Date: Wed Nov 4 10:51:02 2020 -0800 
-------------------------------------------------------------------------------- 
[TeamCity] TGL Auto-Commit BIOS ID update TGLMaster BIOS Version to 3442_00

Hsd-es-id: no sighting
Original commit date: Tue Oct 27 11:14:49 2020 -0700
Change-Id: Id2fa73f3db9c43dbaafa01cb95dc199cb8bfe20d
Original commit hash: 16ca666d308724cc72a19221b528d8f8f20d3a04

-------------------------------------------------------------------------------- 
[Changed Files]
TigerLakeBoardPkg/BiosId.env

================================================================================ 
Commit: 795e88067bb54b09a4d88f67b21e3b9051146626 
Author: ClientSysFWGit <clientsysfwgit@intel.com> 
Date: Wed Nov 4 10:50:53 2020 -0800 
-------------------------------------------------------------------------------- 
[TGL] Need BIOS setup option for PEP Audio to set as D3

Modifed the PEP constraint for HDA to suport both D0:f1 and D3 consrtait.

Hsd-es-id: 14012735898
Original commit date: Wed Oct 21 13:46:04 2020 +0800
Change-Id: If850f0cbc509006c7631ad767c20a2dad03b4b33
Original commit hash: 01b5cb2eccba9e7ee013431834fce475077c32f1

-------------------------------------------------------------------------------- 
[Changed Files]
TigerLakeBoardPkg/Acpi/AcpiTables/Dsdt/PlatformNvs.asl
TigerLakeBoardPkg/Acpi/AdvancedAcpiDxe/AcpiPlatform.c
TigerLakeBoardPkg/Include/PlatformNvsAreaDef.h
TigerLakePlatSamplePkg/Features/Pep/AcpiTables/Pep.asl
TigerLakePlatSamplePkg/Setup/AcpiSetup.hfr

================================================================================ 
Commit: 46f8fa96f5f36999182704b1f11c92667ae21532 
Author: ClientSysFWGit <clientsysfwgit@intel.com> 
Date: Wed Nov 4 10:50:43 2020 -0800 
-------------------------------------------------------------------------------- 
[TeamCity] TGL Auto-Commit DailyUpdate_FSP/RC TGLMaster

Hsd-es-id: no sighting
Original commit date: Tue Oct 27 10:33:07 2020 -0700
Change-Id: I5a7ef5fee8961c540fb5f6947b4f6c2c45eaeba8
Original commit hash: dd202e64ae2d85612573943140bf4ecb71d320ab

-------------------------------------------------------------------------------- 
[Changed Files]
TigerLakeFspPkg/TigerLakeFspPkg.dec

================================================================================ 
Commit: fc2cfe537aa5192a28eff093be3d30815423d782 
Author: ClientSysFWGit <clientsysfwgit@intel.com> 
Date: Wed Nov 4 10:50:35 2020 -0800 
-------------------------------------------------------------------------------- 
[TGL][WWAN] The 100ms delay before de-asserting PERST is only required when device returning from D3cold/L3

Applying the 100ms delay before PERST de-assertion in PON method
only when FLGN is set.

Hsd-es-id: 1508436739
Original commit date: Mon Oct 12 14:19:18 2020 +0800
Change-Id: Ia7e0a11db8ea3518a8bb5cf8a7a6e93979dacf1f
Original commit hash: 40ab1069625ef3e34a96b04a7ae3a0e673a6c118

-------------------------------------------------------------------------------- 
[Changed Files]
TigerLakeBoardPkg/Acpi/AcpiTables/SsdtRtd3/Rtd3PcieWwan.asl

================================================================================ 
Commit: 5d63abc10dedc826484b371427a4f0bea59f3dd5 
Author: ClientSysFWGit <clientsysfwgit@intel.com> 
Date: Wed Nov 4 10:50:23 2020 -0800 
-------------------------------------------------------------------------------- 
L1.2 LTR Threshold needs device-specific handling for Teton Glacier and Pyramid Glacier devices

Hsd-es-id: 16011937443
Original commit date: Mon Oct 12 15:18:04 2020 +0530
Change-Id: I6322227242e6992a5b17788ff3ca052f8cf30364
Original commit hash: 7b24d3c88e6b6f66421554d96f3c683e62ac8c8b

-------------------------------------------------------------------------------- 
[Changed Files]
ClientOneSiliconPkg/IpBlock/PcieRp/LibraryPrivate/DxePchPcieRpPolicyLib/DxePchPcieRpPolicyLib.c

================================================================================ 
Commit: f66da6568b087811973c497776a0273875fb55f5 
Author: ClientSysFWGit <clientsysfwgit@intel.com> 
Date: Wed Nov 4 10:50:10 2020 -0800 
-------------------------------------------------------------------------------- 
TigerLakeFspPkg: Removing duplicate upd to resolve BCT crashing during FSP patching

Removed duplicate upds "CpuCrashLogEnable" and "ConfigTdpLevel".

Hsd-es-id: 1508484244
Original commit date: Fri Oct 23 13:31:17 2020 +0800
Change-Id: I01873b754a8c9746dbde8f294858a7e5cb48b4b1
Original commit hash: 943dc8be8bbb6d19d7a5695a0302e6b8621dd3d4

-------------------------------------------------------------------------------- 
[Changed Files]
TigerLakeFspPkg/Library/PeiPolicyUpdateLib/PeiSaPolicyUpdate.c
TigerLakeFspPkg/Tools/GenPartialHeader/UpdList/FSPS.txt
TigerLakeFspPkg/Upd/FspsUpd.dsc
TigerLakePlatSamplePkg/Library/PeiPolicyUpdateLib/PeiSaPolicyUpdate.c

================================================================================ 
Commit: e7ea98e5a2f257deb599e184c2c934497d321b9f 
Author: ClientSysFWGit <clientsysfwgit@intel.com> 
Date: Wed Nov 4 10:49:58 2020 -0800 
-------------------------------------------------------------------------------- 
[TGL-U][FMP] Microcode update fail, if support FMP microcode update.

This issue is appear when FIT table has been destroyed and boot guard disabled.
This issue is related two parts of root cause.

The first issue is the address of first microcode not correct, because the value
of 'PcdCpuMicrocodePatchAddress' was overridden in boardpkg.fdf, original implementation
is match to unsupported FMP microcode update feature.
The second issue is the offset of microcode(microcode size) incorrect when the
first microcode located and not matched with CPUID, next run of locating microcode
will add an offset that the value is from microcode binary's header parameter,
it's the older mechanism and not satisfied support FMP microcode update feature's
slot size that define in prep.bat.

The solution is to fix the microcode start address and size, and fix the search
algorithm in FSP.

Hsd-es-id: 1508419417
Original commit date: Thu Oct 15 16:04:08 2020 +0800
Change-Id: I97d753102e630b5622d20021cd98784bc8189b58
Original commit hash: 58cfedd688fc6969c29fdadff46134a67716dfd5

-------------------------------------------------------------------------------- 
[Changed Files]
TigerLakePlatSamplePkg/Features/CapsuleUpdate/FaultTolerance.fdf
TigerLakePlatSamplePkg/FspWrapper/Library/SecFspWrapperPlatformSecLib/SecRamInitData.c

================================================================================ 
Commit: 328f8b9ecdcc1d14fd478f5364a3bacbb04e4bad 
Author: ClientSysFWGit <clientsysfwgit@intel.com> 
Date: Wed Nov 4 10:49:25 2020 -0800 
-------------------------------------------------------------------------------- 
[TeamCity] TGL Auto-Commit BIOS ID update TGLMaster BIOS Version to 3441_00

Hsd-es-id: no sighting
Original commit date: Mon Oct 26 16:08:39 2020 -0700
Change-Id: I057c43a5ebab2c135e3d551b5f787a10c17a0d7b
Original commit hash: 029a185bc3a78b1b0c582f137c8f9cae08dacd46

-------------------------------------------------------------------------------- 
[Changed Files]
TigerLakeBoardPkg/BiosId.env

================================================================================ 
Commit: 4ed2973ea3361d4e7bf8ecea9dd80bb74d2fe060 
Author: ClientSysFWGit <clientsysfwgit@intel.com> 
Date: Wed Nov 4 10:49:15 2020 -0800 
-------------------------------------------------------------------------------- 
[TeamCity] TGL Auto-Commit DailyUpdate_FSP/RC TGLMaster

Hsd-es-id: no sighting
Original commit date: Mon Oct 26 16:07:16 2020 -0700
Change-Id: If0b8f47c253a95ecc5b89bf43220039c5c40f5a0
Original commit hash: 6f21c042eab4af8921e16df7db76b91ce5c6f825

-------------------------------------------------------------------------------- 
[Changed Files]
TigerLakeFspPkg/TigerLakeFspPkg.dec

================================================================================ 
Commit: c666c187c2332316de89f6c985c4529ea598def7 
Author: ClientSysFWGit <clientsysfwgit@intel.com> 
Date: Wed Nov 4 10:49:03 2020 -0800 
-------------------------------------------------------------------------------- 
[TGL-H][P0][Cons]:PCH SKU shown as undefined SKU under PCH information

Added defined Sku names in the name display and updated name string based on latest Spec


Hsd-es-id: 16011849013
Original commit date: Fri Oct 9 11:57:37 2020 -0700
Change-Id: I49c05b0612d127473b4eb9d0e7a1dce1d2f6aa22
Original commit hash: 3c1b6c23e680fee93adee74e38335ee168d4e8bb

-------------------------------------------------------------------------------- 
[Changed Files]
ClientOneSiliconPkg/Pch/Include/Register/PchRegsLpcTgl.h
ClientOneSiliconPkg/Pch/Library/PeiDxeSmmPchInfoLib/PchInfoLibTgl.c

================================================================================ 
Commit: 5b95d0e3e86958198969734a7343f171c74d5f49 
Author: ClientSysFWGit <clientsysfwgit@intel.com> 
Date: Wed Nov 4 10:48:51 2020 -0800 
-------------------------------------------------------------------------------- 
Overclocking: [TGL] Add BIOS knob for Uncore Voltage Override (OCMB Command 0x11 with Domain 4)

- Add Voltage control for SA/Uncore adaptive and override mode

Original commit date: Mon Oct 19 14:11:34 2020 +0800
Change-Id: I8f01fbf080af60529ea3cf14adbb3b708fefba1a
Original commit hash: ff2a38be50010904699493fe91a087d37ff3f6a9

-------------------------------------------------------------------------------- 
[Changed Files]
ClientOneSiliconPkg/Include/ConfigBlock/Overclocking/OverclockingConfig.h
ClientOneSiliconPkg/IpBlock/Overclocking/LibraryPrivate/PeiOcInitLib/PeiOcInitLib.c
ClientOneSiliconPkg/IpBlock/Overclocking/LibraryPrivate/PeiOcPolicyLib/PeiOcPolicyLib.c
TigerLakeFspPkg/Library/PeiPolicyUpdatePreMemLib/PeiCpuPolicyUpdatePreMem.c
TigerLakeFspPkg/Upd/FspmUpd.dsc
TigerLakePlatSamplePkg/Include/OcSetupVariable.h
TigerLakePlatSamplePkg/Include/SetupVariable.h
TigerLakePlatSamplePkg/Library/PeiPolicyUpdateLib/PeiCpuPolicyUpdatePreMem.c
TigerLakePlatSamplePkg/Setup/OverClockSetup.hfr
TigerLakePlatSamplePkg/Setup/OverClockSetup.uni

================================================================================ 
Commit: b0700241134d7a0ef600feb9e923e01d2e96e09c 
Author: ClientSysFWGit <clientsysfwgit@intel.com> 
Date: Wed Nov 4 10:48:37 2020 -0800 
-------------------------------------------------------------------------------- 
Overclocking: Ability to disable DVSF for the fabric domain

- To disable Ring CCF Auto GV Down

Hsd-es-id: 1508438729
Original commit date: Sat Oct 17 21:51:39 2020 -0700
Change-Id: I74d901b0f40ae81b57271880e84f66c594b5b885
Original commit hash: a01159da5b55486fb2607b6a54aee1ffdde4d1d8

-------------------------------------------------------------------------------- 
[Changed Files]
ClientOneSiliconPkg/Include/ConfigBlock/Overclocking/OverclockingConfig.h
ClientOneSiliconPkg/IpBlock/Overclocking/IncludePrivate/Library/PeiOcLib.h
ClientOneSiliconPkg/IpBlock/Overclocking/LibraryPrivate/PeiOcInitLib/PeiOcInitLib.c
ClientOneSiliconPkg/IpBlock/Overclocking/LibraryPrivate/PeiOcPolicyLib/PeiOcPolicyLib.c
TigerLakeFspPkg/Library/PeiPolicyUpdatePreMemLib/PeiCpuPolicyUpdatePreMem.c
TigerLakeFspPkg/Upd/FspmUpd.dsc
TigerLakePlatSamplePkg/Include/SetupVariable.h
TigerLakePlatSamplePkg/Setup/OverClockSetup.hfr
TigerLakePlatSamplePkg/Setup/OverClockSetup.uni

================================================================================ 
Commit: d61f0a34795584334930903a69992c8306a9ff81 
Author: ClientSysFWGit <clientsysfwgit@intel.com> 
Date: Wed Nov 4 10:48:22 2020 -0800 
-------------------------------------------------------------------------------- 
[TeamCity] TGL Auto-Commit BIOS ID update TGLMaster BIOS Version to 3437_00

Hsd-es-id: no sighting
Original commit date: Sun Oct 25 11:13:10 2020 -0700
Change-Id: Icf9a601b6d527108fcff5ca30446cae6acbd2679
Original commit hash: eb5dee0ad9309e413ae72ddbc5f3ed8da84a886a

-------------------------------------------------------------------------------- 
[Changed Files]
TigerLakeBoardPkg/BiosId.env

================================================================================ 
Commit: 51e058fcf724603d39cf375a5f9b519e8144358d 
Author: ClientSysFWGit <clientsysfwgit@intel.com> 
Date: Wed Nov 4 10:48:09 2020 -0800 
-------------------------------------------------------------------------------- 
[TeamCity] TGL Auto-Commit DailyUpdate_FSP/RC TGLMaster

Hsd-es-id: no sighting
Original commit date: Sun Oct 25 11:12:41 2020 -0700
Change-Id: Id0756e99f559d5b94c833d76572a8e1f93cbf685
Original commit hash: 4011795383ce07cad1f36bfb3768374ca5fb7fff

-------------------------------------------------------------------------------- 
[Changed Files]
TigerLakeFspPkg/TigerLakeFspPkg.dec

================================================================================ 
Commit: 7fb199bdcdd1d3899390c9b0e58ee96d4b2e1b4e 
Author: ClientSysFWGit <clientsysfwgit@intel.com> 
Date: Wed Nov 4 10:47:56 2020 -0800 
-------------------------------------------------------------------------------- 
[TeamCity] TGL Auto-Commit BIOS ID update TGLMaster BIOS Version to 3436_00

Hsd-es-id: no sighting
Original commit date: Sat Oct 24 16:33:17 2020 -0700
Change-Id: I8d272bf08b325e39faf7988b073caa13a0a38b91
Original commit hash: 933b9a088ec4c7b0f9e641a47ec40b216a6ff701

-------------------------------------------------------------------------------- 
[Changed Files]
TigerLakeBoardPkg/BiosId.env

================================================================================ 
Commit: 3a2ac39074563fddc1f97065dba9350d1a3a83c2 
Author: ClientSysFWGit <clientsysfwgit@intel.com> 
Date: Wed Nov 4 10:47:44 2020 -0800 
-------------------------------------------------------------------------------- 
[TeamCity] TGL Auto-Commit DailyUpdate_FSP/RC TGLMaster

Hsd-es-id: no sighting
Original commit date: Sat Oct 24 16:32:43 2020 -0700
Change-Id: Ib17b44b0f9f6e2d4a3081398a600695e0e6b2e16
Original commit hash: 170db4e11263172330d65b91c68fdbfa51f7e98d

-------------------------------------------------------------------------------- 
[Changed Files]
TigerLakeFspPkg/TigerLakeFspPkg.dec

================================================================================ 
Commit: 7dbeb7a21cc682df6b0cb8d94715546949d769b8 
Author: ClientSysFWGit <clientsysfwgit@intel.com> 
Date: Wed Nov 4 10:38:41 2020 -0800 
-------------------------------------------------------------------------------- 
Update SiPkg.dec for 3435

-------------------------------------------------------------------------------- 
[Changed Files]
ClientOneSiliconPkg/SiPkg.dec

================================================================================ 
Commit: e5b997ac31afbc1304d5fc8e874998574e2202aa 
Author: ClientSysFWGit <clientsysfwgit@intel.com> 
Date: Wed Nov 4 10:34:55 2020 -0800 
-------------------------------------------------------------------------------- 
[TeamCity] TGL Auto-Commit BIOS ID update TGLMaster BIOS Version to 3435_01

Hsd-es-id: no sighting
Original commit date: Fri Oct 23 15:32:24 2020 -0700
Change-Id: Ib236184ebd03fb2d6797d3b794583abcb6d2435d
Original commit hash: fa8d7e8f273102faa4807f33e627c1df6cc743a8

-------------------------------------------------------------------------------- 
[Changed Files]
TigerLakeBoardPkg/BiosId.env

================================================================================ 
Commit: cd0e63ed56183b5e63671fc1ccca0bdea13206b2 
Author: ClientSysFWGit <clientsysfwgit@intel.com> 
Date: Wed Nov 4 10:34:38 2020 -0800 
-------------------------------------------------------------------------------- 
[TeamCity] TGL Auto-Commit DailyUpdate_FSP/RC TGLMaster

Hsd-es-id: no sighting
Original commit date: Fri Oct 23 15:25:50 2020 -0700
Change-Id: Iac2af23c3223e1e9da2e7c0ada4c16a1064246fc
Original commit hash: 278c791f6cc3bb2ab5d24d093fbac3e07750ff91

-------------------------------------------------------------------------------- 
[Changed Files]
TigerLakeFspPkg/TigerLakeFspPkg.dec

================================================================================ 
Commit: 41aae00b211da8020ffa7886a2321c08b18917b8 
Author: ClientSysFWGit <clientsysfwgit@intel.com> 
Date: Wed Nov 4 10:34:23 2020 -0800 
-------------------------------------------------------------------------------- 
R0 PO changes

Enabling Test menu.
Setting Debug consent to 2.

Hsd-es-id: N/A
Original commit date: Fri Oct 23 12:33:33 2020 -0700
Change-Id: I050c0b3ab523296638a89dcd23e205eaab82ab0b
Original commit hash: 777319c9fa686ca890409a61914295b5a3751fa8

-------------------------------------------------------------------------------- 
[Changed Files]
TigerLakeBoardPkg/TigerLakeHBoards/Include/TigerLakeHBoardConfigPatchTable.h
TigerLakeBoardPkg/TigerLakeHBoards/Library/BoardInitLib/Dxe/DxeInitLib.c
TigerLakeBoardPkg/TigerLakeHBoards/Library/BoardInitLib/Dxe/DxeMultiBoardInitlib.inf
TigerLakeBoardPkg/TigerLakeHBoards/Library/BoardInitLib/Pei/PeiInitPreMemLib.c

================================================================================ 
Commit: 9980f5c5c64bff283a08c0c57d9c38c8871fe560 
Author: ClientSysFWGit <clientsysfwgit@intel.com> 
Date: Wed Nov 4 10:33:47 2020 -0800 
-------------------------------------------------------------------------------- 
[TeamCity] TGL Auto-Commit BIOS ID update TGLMaster BIOS Version to 3435_00

Hsd-es-id: no sighting
Original commit date: Fri Oct 23 13:57:40 2020 -0700
Change-Id: I8d0004f960ce5a87f0e798a35b31307aee35d824
Original commit hash: 54d781061bcd3251f9ae6da11c2b457ca826eee0

-------------------------------------------------------------------------------- 
[Changed Files]
TigerLakeBoardPkg/BiosId.env

================================================================================ 
Commit: 93e52a86b824d878ed9f9598850884c498013035 
Author: ClientSysFWGit <clientsysfwgit@intel.com> 
Date: Wed Nov 4 10:33:30 2020 -0800 
-------------------------------------------------------------------------------- 
[TeamCity] TGL Auto-Commit DailyUpdate_FSP/RC TGLMaster

Hsd-es-id: no sighting
Original commit date: Fri Oct 23 13:57:18 2020 -0700
Change-Id: Ic44ce1d9b4c2c758c990e3cc16d551ef0c15f7a8
Original commit hash: b65327095a2d8765a976fdb56520d34150968dc9

-------------------------------------------------------------------------------- 
[Changed Files]
TigerLakeFspPkg/TigerLakeFspPkg.dec

================================================================================ 
Commit: b6bf0a148481ccb5984cd3170f49869c5ccd91aa 
Author: ClientSysFWGit <clientsysfwgit@intel.com> 
Date: Wed Nov 4 10:33:18 2020 -0800 
-------------------------------------------------------------------------------- 
Update MRC Release Notes and increment MRC build revision

Fri Oct 23 20:34:57 2020 +0000
Original commit date: Fri Oct 23 20:34:57 2020 +0000
Original commit hash: 270cbbc2641f332a130e09d1e0996cf224a7a059

-------------------------------------------------------------------------------- 
[Changed Files]
ClientOneSiliconPkg/IpBlock/MemoryInit/Tgl/LibraryPrivate/PeiMemoryInitLib/Source/Include/MrcVersion.h

================================================================================ 
Commit: 184df521d9c6775abd2edaba321e475d34a5dae6 
Author: ClientSysFWGit <clientsysfwgit@intel.com> 
Date: Wed Nov 4 10:33:04 2020 -0800 
-------------------------------------------------------------------------------- 
[TGL]Add Rx stepping support

1. Add Rx stepping support
2. Modify DDRSCRAM_CR_DDRMISCCONTROL7_STRUCT to be consistent with the Rx stepping design

Original commit date: Fri Oct 23 14:13:15 2020 +0800
Change-Id: Ic6981f75f61f62e9528ad40889a155e61f0047f3
Original commit hash: e41b55bba7aec28054cdf30d284ee575242d39f0

-------------------------------------------------------------------------------- 
[Changed Files]
ClientOneSiliconPkg/IpBlock/MemoryInit/Tgl/Include/MrcInterface.h
ClientOneSiliconPkg/IpBlock/MemoryInit/Tgl/LibraryPrivate/PeiMemoryInitLib/Source/Api/MrcGeneral.c
ClientOneSiliconPkg/IpBlock/MemoryInit/Tgl/LibraryPrivate/PeiMemoryInitLib/Source/Chip/DdrIo/MrcDdrIoConfig.c
ClientOneSiliconPkg/IpBlock/MemoryInit/Tgl/LibraryPrivate/PeiMemoryInitLib/Source/Include/MrcRegisters/Tigerlake/MrcMcRegisterStructTgl3xxx.h
ClientOneSiliconPkg/IpBlock/MemoryInit/Tgl/LibraryPrivate/PeiMemoryInitLib/Source/McConfiguration/MrcSchedulerParameters.c
ClientOneSiliconPkg/IpBlock/MemoryInit/Tgl/LibraryPrivate/PeiMemoryInitLib/Source/MemoryTypes/MrcLpddr5.c
ClientOneSiliconPkg/IpBlock/MemoryInit/Tgl/LibraryPrivate/PeiMemoryInitLib/Source/Services/MrcMcConfiguration.c
ClientOneSiliconPkg/IpBlock/MemoryInit/Tgl/LibraryPrivate/PeiMemoryInitLib/Source/WriteTraining/MrcWriteLeveling.c

================================================================================ 
Commit: 0988c9e7daf8d87256b11ec9d3e511a46ecd68c1 
Author: ClientSysFWGit <clientsysfwgit@intel.com> 
Date: Wed Nov 4 10:32:48 2020 -0800 
-------------------------------------------------------------------------------- 
Update new microcode patch for Px (uCode+Punit) Production Patch 0x48

Original commit date: Fri Oct 23 11:33:20 2020 -0700
Change-Id: Iee2cb1d40e7dcc2f969bb04c0c567de8e1eee0d1
Original commit hash: 98adb37af0b12709dad5e8df543b989d9b83c01c

-------------------------------------------------------------------------------- 
[Changed Files]
TigerLakeBoardPkg/BoardPkg.fdf

================================================================================ 
Commit: e7ac78036e41463dec1de4babe30aa307537db9b 
Author: ClientSysFWGit <clientsysfwgit@intel.com> 
Date: Wed Nov 4 10:32:34 2020 -0800 
-------------------------------------------------------------------------------- 
Revert "TigerLakePlatSamplePkg: BIOS always read constant value from EC through port 62"

This reverts commit 5314d6dacef0f78bf6e7f657afd649951392ecd7.

Original commit date: Fri Oct 23 11:24:59 2020 -0700
Change-Id: Idda24be42ea46d0100b86d9a886474093fadc1db
Original commit hash: 68cc4f16818a11c8674ce56ec94b239ba0d52565

-------------------------------------------------------------------------------- 
[Changed Files]
TigerLakeBoardPkg/BoardPkg.dec
TigerLakePlatSamplePkg/PlatformInitAdvanced/PolicyInitAdvancedDxe/GopPolicyInitDxe.c
TigerLakePlatSamplePkg/PlatformInitAdvanced/PolicyInitAdvancedDxe/PolicyInitAdvancedDxe.inf

================================================================================ 
Commit: 270cd21ea94a25099814d2ca1b2c7cb0ceaa550a 
Author: ClientSysFWGit <clientsysfwgit@intel.com> 
Date: Wed Nov 4 10:32:23 2020 -0800 
-------------------------------------------------------------------------------- 
[TGL] Rx IOM FW version is missing

Update TGL PeiTvssInitFruLib for TGL Rx.

Original commit date: Tue Oct 20 17:35:43 2020 +0800
Change-Id: I8d8925daf621b51c1e242eb78798d991f6e28a2a
Original commit hash: 0a76ccf1914708e58961d61e8f3c2af3d4409d2f

-------------------------------------------------------------------------------- 
[Changed Files]
ClientOneSiliconPkg/Fru/TglCpu/Tcss/LibraryPrivate/PeiTcssInitFruLib/PeiTcssInitFruLib.c
ClientOneSiliconPkg/IpBlock/Tcss/LibraryPrivate/PeiTcssInitLib/TcssInit.c

================================================================================ 
Commit: 7dcd092fa8d4fc6609a6d3d8c079d7ff0571e628 
Author: ClientSysFWGit <clientsysfwgit@intel.com> 
Date: Wed Nov 4 10:32:09 2020 -0800 
-------------------------------------------------------------------------------- 
Camera: Definitions of I2c/GPIO count are different to RC code in the ASL of flash

Corretcing typo error and misssed that _DSM DSDT_CAM_I2C function 1 has
to report only number of I2C devices for this device.
This is not caught by validation that values are used for logging error
in camera traces.

Hsd-es-id: 22011596204
Original commit date: Wed Oct 21 13:30:50 2020 +0530
Change-Id: I79d61d3860ee4046ba69a31c66241de22d91d1a2
Original commit hash: 6c6de31d6ace79fe1b02f608f287a4e0cd4d370b

-------------------------------------------------------------------------------- 
[Changed Files]
TigerLakeBoardPkg/Acpi/AcpiTables/Dsdt/MipiCamSensors.asl

================================================================================ 
Commit: 40a8810eac26576d44dd0d7d957d05ca184511d5 
Author: ClientSysFWGit <clientsysfwgit@intel.com> 
Date: Wed Nov 4 10:31:54 2020 -0800 
-------------------------------------------------------------------------------- 
[TGL-H] - SLP-S0 and PC10 values are not hitting with Bios 3425.00 and WW42.4.01IFWI, CSME 1419
Added back the L1PGLTREN bit to 1

Original commit date: Thu Oct 22 14:56:59 2020 +0530
Change-Id: If3273367bbff2a1cad9d1ee346a157243af509f0
Original commit hash: a1100c8fcc2736d7280d5c060a756dad965724e0

-------------------------------------------------------------------------------- 
[Changed Files]
ClientOneSiliconPkg/IpBlock/CpuDmi/LibraryPrivate/PeiCpuDmiInitLibVer2/PeiCpuDmi16.c

================================================================================ 
Commit: e6126500453f894a84e22ba07ae26dd52948f79d 
Author: ClientSysFWGit <clientsysfwgit@intel.com> 
Date: Wed Nov 4 10:31:41 2020 -0800 
-------------------------------------------------------------------------------- 
[TGL] Provide capability to support Dynamic one-time switch from iGFx to dGFx after boot to OS

Original commit date: Fri Oct 23 08:59:21 2020 -0700
Change-Id: I9a7ea23bb6a6a7d7a1868568bcda2b4ae05a5310
Original commit hash: 99ceee352e310bedd798ba306dc0609b967a7739

-------------------------------------------------------------------------------- 
[Changed Files]
ClientOneSiliconPkg/Fru/TglCpu/IncludePrivate/Register/IomRegs.h
ClientOneSiliconPkg/Include/ConfigBlock/Tcss/DpInPreMemConfig.h
ClientOneSiliconPkg/Include/TcssDataHob.h
ClientOneSiliconPkg/IpBlock/Graphics/AcpiTables/IgfxDsm.asl
ClientOneSiliconPkg/IpBlock/Tcss/AcpiTables/TcssSsdt/TcssSsdt.asl
ClientOneSiliconPkg/IpBlock/Tcss/IncludePrivate/Library/PeiDpInInitLib.h
ClientOneSiliconPkg/IpBlock/Tcss/LibraryPrivate/DxeTcssInitLib/DxeTcssInit.c
ClientOneSiliconPkg/IpBlock/Tcss/LibraryPrivate/PeiDpInInitLib/PeiDpInInitLib.c
ClientOneSiliconPkg/IpBlock/Tcss/LibraryPrivate/PeiDpInPolicyLib/PeiDpInPolicyPreMemLib.c
ClientOneSiliconPkg/Product/TigerLake/SiInit/Pei/SiInitPreMem.c
ClientOneSiliconPkg/SystemAgent/AcpiTables/SaSsdt/SaNvs.asl
ClientOneSiliconPkg/SystemAgent/IncludePrivate/SaNvsAreaDef.h
TigerLakeBoardPkg/Acpi/AcpiTables/Dsdt/Platform.asl
TigerLakeFspPkg/Library/PeiPolicyUpdatePreMemLib/PeiSaPolicyUpdatePreMem.c
TigerLakeFspPkg/Upd/FspmUpd.dsc
TigerLakePlatSamplePkg/Include/SetupVariable.h
TigerLakePlatSamplePkg/Library/PeiPolicyUpdateLib/PeiSaPolicyUpdatePreMem.c
TigerLakePlatSamplePkg/Setup/PlatformSetup.hfr
TigerLakePlatSamplePkg/Setup/PlatformSetup.uni

================================================================================ 
Commit: e535fa97faaf93f8f697df7576f9db5b12d72f49 
Author: ClientSysFWGit <clientsysfwgit@intel.com> 
Date: Wed Nov 4 10:31:27 2020 -0800 
-------------------------------------------------------------------------------- 
[TGL_H][DPIN][TCSS] N18E RTX2080 Gfx card is not detected when DP-IN Connection Policy BIOS knob is set to "External First"

Hsd-es-id: 14012627001
Original commit date: Fri Oct 23 04:59:19 2020 -0700
Change-Id: If613e28fdcf73dcfcf2b08acecdf4bc79a081d8d
Original commit hash: c978d03a18cab519ac2754d15017f67522ca32b2

-------------------------------------------------------------------------------- 
[Changed Files]
TigerLakeBoardPkg/TigerLakeHBoards/Library/BoardInitLib/Pei/GpioTableTglHPreMem.h

================================================================================ 
Commit: c8f1a44983755cff6c1380d43b12d6e6936303cc 
Author: ClientSysFWGit <clientsysfwgit@intel.com> 
Date: Wed Nov 4 10:31:13 2020 -0800 
-------------------------------------------------------------------------------- 
[SATA]: In RTD3 code, Port was wrongly mapped

Corrected the Sata direct port to PORT 0.

Hsd-es-id: 1508412124
Original commit date: Tue Oct 6 15:44:22 2020 +0530
Change-Id: I8ab70e7d4b3b55a1abc8f7a578fcc0fa1f63e3a4
Original commit hash: dc0ea09ce172b81de8267cc52a7925491594a459

-------------------------------------------------------------------------------- 
[Changed Files]
TigerLakeBoardPkg/Acpi/AcpiTables/SsdtRtd3/TglURvpRtd3.asl

================================================================================ 
Commit: d49a4ef0e1a5ec8cc928543f1145a836925fc960 
Author: ClientSysFWGit <clientsysfwgit@intel.com> 
Date: Wed Nov 4 10:31:00 2020 -0800 
-------------------------------------------------------------------------------- 
TigerLakePlatSamplePkg: BIOS always read constant value from EC through port 62

Check GPE0 BIT14 for lid status change.
Only query EC while the status got changed, otherwise return saved PCD.
This BIOS change needs EC to support wake# virtual wire from index4 based on lid status.

Impact Platforms: TGL

Hsd-es-id: 1508205244
Original commit date: Fri Jul 24 09:24:08 2020 +0800
Change-Id: If86cef8fc503859d9c8a6da0cf5366039b60f6cd
Original commit hash: 5314d6dacef0f78bf6e7f657afd649951392ecd7

-------------------------------------------------------------------------------- 
[Changed Files]
TigerLakeBoardPkg/BoardPkg.dec
TigerLakePlatSamplePkg/PlatformInitAdvanced/PolicyInitAdvancedDxe/GopPolicyInitDxe.c
TigerLakePlatSamplePkg/PlatformInitAdvanced/PolicyInitAdvancedDxe/PolicyInitAdvancedDxe.inf

================================================================================ 
Commit: 78dd276967a268eadc0c2e94cb9629f59d8cbe4f 
Author: ClientSysFWGit <clientsysfwgit@intel.com> 
Date: Wed Nov 4 10:30:47 2020 -0800 
-------------------------------------------------------------------------------- 
[TeamCity] TGL Auto-Commit BIOS ID update TGLMaster BIOS Version to 3434_00

Hsd-es-id: no sighting
Original commit date: Thu Oct 22 15:17:17 2020 -0700
Change-Id: Iba23cafc27d03d96d82a355f2b3a25bc38e2d248
Original commit hash: 14d6320c17575163d8e788f84fac996419035392

-------------------------------------------------------------------------------- 
[Changed Files]
TigerLakeBoardPkg/BiosId.env

================================================================================ 
Commit: c796776d21e5d4867e7c9356f7cabea4f94cf42e 
Author: ClientSysFWGit <clientsysfwgit@intel.com> 
Date: Wed Nov 4 10:30:34 2020 -0800 
-------------------------------------------------------------------------------- 
[TeamCity] TGL Auto-Commit DailyUpdate_FSP/RC TGLMaster

Hsd-es-id: no sighting
Original commit date: Thu Oct 22 15:16:38 2020 -0700
Change-Id: I0b30265d57f1e0ce1283f0472b2354e2aedbaabd
Original commit hash: e9f8ebcf0ada72581993db5ecf83360aa033f88c

-------------------------------------------------------------------------------- 
[Changed Files]
TigerLakeFspPkg/TigerLakeFspPkg.dec

================================================================================ 
Commit: e62a1b6dde31c507cc427308adca3502cd26f077 
Author: ClientSysFWGit <clientsysfwgit@intel.com> 
Date: Wed Nov 4 10:30:27 2020 -0800 
-------------------------------------------------------------------------------- 
TigerlakeBoardPkg: TME is not supported for FuSA (IOTG) SKU

Set TmeSupported to 0 and hide the option if (IOTG) FuSa supported bit is set.

Hsd-es-id: 14011947424
Original commit date: Fri Sep 25 14:31:50 2020 +0800
Change-Id: I94c2fe559e59d707f1c055a7a82942c860b13835
Original commit hash: f733d7b219485a86cd515561cf3003ec82e70e3a

-------------------------------------------------------------------------------- 
[Changed Files]
TigerLakePlatSamplePkg/Platform/PlatformSetup/Dxe/PlatformSetup.c

================================================================================ 
Commit: bf500937c2d1f957732ef8788164da5b63ecf466 
Author: ClientSysFWGit <clientsysfwgit@intel.com> 
Date: Wed Nov 4 10:30:22 2020 -0800 
-------------------------------------------------------------------------------- 
[TGL][Tigerlake-IOTG] Work around for GLC FuSa  error injection bug (IOTG SKU)

- Disable prefetcher at CTC entry

Hsd-es-id: 22011054985
Original commit date: Mon Jul 6 15:02:27 2020 +0800
Change-Id: I185ad0a2959b84cb2f5ec58aa92b901a5bbe3eea
Original commit hash: 3e4d1a8efd5e22ddae83c792ea7375b0fea70a6e

-------------------------------------------------------------------------------- 
[Changed Files]
ClientOneSiliconPkg/IpBlock/Fusa/LibraryPrivate/PeiFusaE2eCtcLib/PeiFusaE2eCtcLib.c

================================================================================ 
Commit: c6c05d970da13109320cc5d6ad347796a42ae6ac 
Author: ClientSysFWGit <clientsysfwgit@intel.com> 
Date: Wed Nov 4 10:30:15 2020 -0800 
-------------------------------------------------------------------------------- 
[TGL][Tigerlake-Master] Remove redundant set Sbmin function

Hsd-es-id: N/A
Original commit date: Thu Sep 3 16:58:21 2020 +0800
Change-Id: I17f6835ccd079d944e6265cd8975fe393847975a
Original commit hash: 5d905acc2e579a30f166b0dce7dbd90238e29de5

-------------------------------------------------------------------------------- 
[Changed Files]
ClientOneSiliconPkg/IpBlock/CpuDmi/IncludePrivate/Library/PeiCpuDmiInitLib.h
ClientOneSiliconPkg/IpBlock/CpuDmi/LibraryPrivate/PeiCpuDmiInitLibNull/PeiCpuDmiInitLibNull.c
ClientOneSiliconPkg/IpBlock/CpuDmi/LibraryPrivate/PeiCpuDmiInitLibVer2/PeiCpuDmiInitLib.c

================================================================================ 
Commit: 50bad4d09df25196cb061b371bd6d46d2651f152 
Author: ClientSysFWGit <clientsysfwgit@intel.com> 
Date: Wed Nov 4 10:30:05 2020 -0800 
-------------------------------------------------------------------------------- 
[TeamCity] TGL Auto-Commit BIOS ID update TGLMaster BIOS Version to 3433_00

Hsd-es-id: no sighting
Original commit date: Wed Oct 21 15:57:17 2020 -0700
Change-Id: I003cef6ac7613a4372de72a10eb39a8f1473f468
Original commit hash: f46fcc40ee83f801ff2e60256929761da5d1c531

-------------------------------------------------------------------------------- 
[Changed Files]
TigerLakeBoardPkg/BiosId.env

================================================================================ 
Commit: a75ef412a52ce3c96f18e84a1b694cf0362ba71d 
Author: ClientSysFWGit <clientsysfwgit@intel.com> 
Date: Wed Nov 4 10:29:59 2020 -0800 
-------------------------------------------------------------------------------- 
[TeamCity] TGL Auto-Commit DailyUpdate_FSP/RC TGLMaster

Hsd-es-id: no sighting
Original commit date: Wed Oct 21 15:56:56 2020 -0700
Change-Id: Iaf9c21a39e75cf8afa5902d6522f641405217cad
Original commit hash: 5254399d0a2f597b78d3a3589165cad37abc270c

-------------------------------------------------------------------------------- 
[Changed Files]
TigerLakeFspPkg/TigerLakeFspPkg.dec

================================================================================ 
Commit: 47775a8701ec21e458a638d68b23504f1cf3b7a8 
Author: ClientSysFWGit <clientsysfwgit@intel.com> 
Date: Wed Nov 4 10:29:52 2020 -0800 
-------------------------------------------------------------------------------- 
[TGL-U]:Active Trip Point 1 Fan Speed is 75 by default in BIOS

Modified  TGL-U config patch table to override the following:
1. Active Trip Point 0          : 71 C -> 87 C
2. Active Trip Point 0 Fan Speed: 100  -> 90
3. Active Trip Point 1 Fan Speed: 75   -> 50

Hsd-es-id: 1508454814
Original commit date: Tue Oct 20 16:29:36 2020 +0800
Change-Id: Ie058fa1be4f96f2bcb3ed06834fec0afd62667cd
Original commit hash: cb872f557bc0996cfb90febf800bc1950038c885

-------------------------------------------------------------------------------- 
[Changed Files]
TigerLakeBoardPkg/TigerLakeUBoards/Include/TigerLakeUBoardConfigPatchTable.h

================================================================================ 
Commit: f1e748cb792ca9cc6aa3b39f623a311bc4f3e863 
Author: ClientSysFWGit <clientsysfwgit@intel.com> 
Date: Wed Nov 4 10:29:44 2020 -0800 
-------------------------------------------------------------------------------- 
[TGL] Firmware update fails without connecting to display.

When GOP is not found during firmware update, continue the firmware update instead of exiting the update process.

Hsd-es-id: 1508316485
Original commit date: Thu Sep 10 11:14:18 2020 +0800
Change-Id: I600b33a13a0f65a1941ab2ffb6ed7b5114aa27fe
Original commit hash: ecc8d8c8a53e451a08a586a6349aef92f3e5f99b

-------------------------------------------------------------------------------- 
[Changed Files]
TigerLakeBoardPkg/BoardPkg.dsc
TigerLakePlatSamplePkg/Features/CapsuleUpdate/Library/PlatformDisplayUpdateProgressLib/PlatformDisplayUpdateProgressLib.c
TigerLakePlatSamplePkg/Features/CapsuleUpdate/Library/PlatformDisplayUpdateProgressLib/PlatformDisplayUpdateProgressLib.inf
TigerLakePlatSamplePkg/Features/CapsuleUpdate/Library/PlatformDisplayUpdateProgressLib/PlatformDisplayUpdateProgressLib.uni
TigerLakePlatSamplePkg/PlatformPkg.dsc

================================================================================ 
Commit: 3c7aa441bf7ea19d5b52795f078a407b37bbafb1 
Author: ClientSysFWGit <clientsysfwgit@intel.com> 
Date: Wed Nov 4 10:29:36 2020 -0800 
-------------------------------------------------------------------------------- 
[TGL] Incorrect description of Micro-PEP constraint bits was found in TGL  3384_02 integration

Updated the comments to have correct BIT definition for pep through out the project

Hsd-es-id: 2209312621
Original commit date: Mon Sep 28 11:50:44 2020 -0700
Change-Id: I91316ee93863a9ce9715cc6251cd97c81a44fc39
Original commit hash: 123da8086a02b61feb80c87a25a399e5146ec478

-------------------------------------------------------------------------------- 
[Changed Files]
TigerLakeBoardPkg/Acpi/AcpiTables/Dsdt/PlatformNvs.asl
TigerLakeBoardPkg/Include/PlatformNvsAreaDef.h
TigerLakePlatSamplePkg/Features/Pep/AcpiTables/Pep.asl

================================================================================ 
Commit: 3e0935972e686e29727f7a98e6b4fcee010238af 
Author: ClientSysFWGit <clientsysfwgit@intel.com> 
Date: Wed Nov 4 10:29:28 2020 -0800 
-------------------------------------------------------------------------------- 
BoardInitLib: Add PCIE PERST delay option in BIOS setup menu

PCIe goes go polliing.compliance due to incorrect PERST timing.
PERST signal was de-asserted before 3.3V is up.

Hsd-es-id: 14012718753
Original commit date: Thu Sep 10 10:45:35 2020 -0700
Change-Id: I2bb605b8520bf07966ace4af5116980fd1ac9b9a
Original commit hash: f7d5ce849ce2a5602842652566d08ac69fdb727a

-------------------------------------------------------------------------------- 
[Changed Files]
TigerLakeBoardPkg/BoardPkg.dec
TigerLakeBoardPkg/DefaultConfigStructures.dsc
TigerLakeBoardPkg/Include/Library/BoardConfigLib.h
TigerLakeBoardPkg/Library/PeiBoardConfigLib/PeiBoardConfigLib.c
TigerLakeBoardPkg/Library/PeiBoardConfigLib/PeiBoardConfigLib.inf
TigerLakeBoardPkg/TigerLakeHBoards/Library/BoardInitLib/Pei/BoardPchInitPreMemLib.c
TigerLakeBoardPkg/TigerLakeHBoards/Library/BoardInitLib/Pei/GpioTableTglHPostMem.h
TigerLakeBoardPkg/TigerLakeHBoards/Library/BoardInitLib/Pei/GpioTableTglHPreMem.h
TigerLakeBoardPkg/TigerLakeHBoards/Library/BoardInitLib/Pei/PeiInitPreMemLib.c
TigerLakeBoardPkg/TigerLakeHBoards/Library/BoardInitLib/Pei/PeiMultiBoardInitPreMemLib.inf
TigerLakePlatSamplePkg/Include/SetupVariable.h
TigerLakePlatSamplePkg/Setup/SaSetup.hfr
TigerLakePlatSamplePkg/Setup/SaSetup.uni

================================================================================ 
Commit: 6917f487976c813d4edbb57b54edb6c99482380c 
Author: ClientSysFWGit <clientsysfwgit@intel.com> 
Date: Wed Nov 4 10:29:17 2020 -0800 
-------------------------------------------------------------------------------- 
[TeamCity] TGL Auto-Commit BIOS ID update TGLMaster BIOS Version to 3432_00

Hsd-es-id: no sighting
Original commit date: Tue Oct 20 11:33:52 2020 -0700
Change-Id: I7650a2819ca58ae3669c155e2a553b81999b9fce
Original commit hash: 684519fdc9ee9e4dc3d79c319d49392170ba2696

-------------------------------------------------------------------------------- 
[Changed Files]
TigerLakeBoardPkg/BiosId.env

================================================================================ 
Commit: de74465492b492de499eba4c4f56fc17a91a5d0e 
Author: ClientSysFWGit <clientsysfwgit@intel.com> 
Date: Wed Nov 4 10:29:09 2020 -0800 
-------------------------------------------------------------------------------- 
[TeamCity] TGL Auto-Commit DailyUpdate_FSP/RC TGLMaster

Hsd-es-id: no sighting
Original commit date: Tue Oct 20 11:32:02 2020 -0700
Change-Id: I826eeaafeecbed9a8a33e8f2fe840632f5c7236a
Original commit hash: 21eddc4f46eab443673923a0121bec684135b0b4

-------------------------------------------------------------------------------- 
[Changed Files]
TigerLakeFspPkg/TigerLakeFspPkg.dec

================================================================================ 
Commit: bd4bddc7426e1115088437d107c241df2762d77b 
Author: ClientSysFWGit <clientsysfwgit@intel.com> 
Date: Wed Nov 4 10:29:02 2020 -0800 
-------------------------------------------------------------------------------- 
Update to TigerLake Bx Unified (uCode+Punit) Production Patch 0x6A

Original commit date: Fri Oct 16 10:46:07 2020 -0700
Change-Id: Ic77a68e0c62fca24ceeea840443310e95a67b07f
Original commit hash: cc146995699252a3af512ae1bc8396b6fa7bb1b4

-------------------------------------------------------------------------------- 
[Changed Files]
TigerLakeBoardPkg/BoardPkg.fdf

================================================================================ 
Commit: 4f96435b6b356538c2d64be9b29327116551bda5 
Author: ClientSysFWGit <clientsysfwgit@intel.com> 
Date: Wed Nov 4 10:28:54 2020 -0800 
-------------------------------------------------------------------------------- 
PeiPchFiaLib: FIA programming update

FIA CPTPOTO and CPTL1OTO need to be set to 1 (default value)

Hsd-es-id: 14012736394
Original commit date: Wed Oct 14 09:15:16 2020 -0700
Change-Id: I42f0a36d12cc1781fa47642f32c520bf3d4713cb
Original commit hash: e8749ad5224d452a5986550fb38ee548af1d1354

-------------------------------------------------------------------------------- 
[Changed Files]
ClientOneSiliconPkg/IpBlock/Fia/LibraryPrivate/PeiPchFiaLib/PchFia15.c

================================================================================ 
Commit: bbb1be732aebb7ee7a31782652fe9553e38e528a 
Author: ClientSysFWGit <clientsysfwgit@intel.com> 
Date: Wed Nov 4 10:28:46 2020 -0800 
-------------------------------------------------------------------------------- 
[TeamCity] TGL Auto-Commit BIOS ID update TGLMaster BIOS Version to 3431_01

Hsd-es-id: no sighting
Original commit date: Mon Oct 19 16:18:18 2020 -0700
Change-Id: I797254860d461f25cca2c3c9d35d60687398eb79
Original commit hash: e41acddf2e04f2620012ff773b2cf65d4512a068

-------------------------------------------------------------------------------- 
[Changed Files]
TigerLakeBoardPkg/BiosId.env

================================================================================ 
Commit: 957d7a84559c193abb522516d4396fcc47761be1 
Author: ClientSysFWGit <clientsysfwgit@intel.com> 
Date: Wed Nov 4 10:28:38 2020 -0800 
-------------------------------------------------------------------------------- 
[TeamCity] TGL Auto-Commit DailyUpdate_FSP/RC TGLMaster

Hsd-es-id: no sighting
Original commit date: Mon Oct 19 16:17:44 2020 -0700
Change-Id: I8029b9d6351eb44b3754ef3c0cda0e3a9f61c1fd
Original commit hash: 76b9e0d20e952b7bf392f81e26d3351e83bd618d

-------------------------------------------------------------------------------- 
[Changed Files]
TigerLakeFspPkg/TigerLakeFspPkg.dec

================================================================================ 
Commit: 52cf169f4725eb2633dcf41c1a29bd60c3b9b43a 
Author: ClientSysFWGit <clientsysfwgit@intel.com> 
Date: Wed Nov 4 10:28:28 2020 -0800 
-------------------------------------------------------------------------------- 
[TeamCity] TGL Auto-Commit BIOS ID update TGLMaster BIOS Version to 3431_00

Hsd-es-id: no sighting
Original commit date: Mon Oct 19 14:20:22 2020 -0700
Change-Id: Idcf13b880663084912d566e5dec310db5f14280e
Original commit hash: 4c8df52122c91b9ec12e407770f1da43d69bf437

-------------------------------------------------------------------------------- 
[Changed Files]
TigerLakeBoardPkg/BiosId.env

================================================================================ 
Commit: c4d4cbe5af92d0ea21b8352e60f2ec0b3994929c 
Author: ClientSysFWGit <clientsysfwgit@intel.com> 
Date: Wed Nov 4 10:28:19 2020 -0800 
-------------------------------------------------------------------------------- 
[TeamCity] TGL Auto-Commit DailyUpdate_FSP/RC TGLMaster

Hsd-es-id: no sighting
Original commit date: Mon Oct 19 13:55:22 2020 -0700
Change-Id: Ifc9c2ea8f6982ba84db524a524980e654e9efd1c
Original commit hash: fc9d7214af3a8b8f48322f2c525d549c5ad350e6

-------------------------------------------------------------------------------- 
[Changed Files]
TigerLakeFspPkg/TigerLakeFspPkg.dec

================================================================================ 
Commit: 8ee41824623aeb33be814f0f42ad4731411ea2db 
Author: ClientSysFWGit <clientsysfwgit@intel.com> 
Date: Wed Nov 4 10:28:10 2020 -0800 
-------------------------------------------------------------------------------- 
[TGL][CVF] CVF Dependency Requirements

Native Mode
----------------------------------------------------------------------------------
Device          	Dependency	                  DeviceScope
----------------------------------------------------------------------------------
CAMERA(LNK1)            PCH-I2C/Control Logic/CVF	  SB.PC00
Flash(FLM1)             Existing dependencies(GPIO/I2C)	  SB.PC00
SPIOED(SPFD.CVFD)       No as of now	                  SB.PC00.SPI1
----------------------------------------------------------------------------------

USB Bridge Mode
----------------------------------------------------------------------------------
Device 	                 Dependency	                   DeviceScope
----------------------------------------------------------------------------------
CAMERA(LNK1)             VI2C/Control Logic/CVF	           SB.PC00
SPIOED(SPFD.CVFD)        VGPO	                           SB.PC00.SPI1
FLASH(FLM1)              VGPO/VI2C	                   SB.PC00
USB Virtual I2C(VI2C)    No dependency	                   SB.PC00.XHCI.RHUB.HS04
USB Virtual GPIO(VGPO)   No dependency	                   SB.PC00.XHCI.RHUB.HS04
----------------------------------------------------------------------------------

Hsd-es-id: 16011629647
Original commit date: Tue Sep 29 14:31:30 2020 +0530
Change-Id: I1ff888c1542da46d007e15dbb5f5a940fb8fc7fb
Original commit hash: 6c4a405e5858285ac4a6efbc584e599c68f894ef

-------------------------------------------------------------------------------- 
[Changed Files]
TigerLakeBoardPkg/Acpi/AcpiTables/Dsdt/Cvf.asl
TigerLakeBoardPkg/Acpi/AcpiTables/Dsdt/MipiCamSensors.asl

================================================================================ 
Commit: edb6b6e075daf0c20e1011dd69e06b5cd1ca3ec6 
Author: ClientSysFWGit <clientsysfwgit@intel.com> 
Date: Wed Nov 4 10:27:57 2020 -0800 
-------------------------------------------------------------------------------- 
ClientOneSiliconPkg/DxeAsfLib: Fix Execption when AMT is disable when OCR enable

1. Enable OCR driver.
2. Add Destructor to AsfDxeLib to remove callback.
3. Add SKU check to not install OCR for TGL U/Y series

Hsd-es-id: 14012633832
Original commit date: Thu Oct 1 13:30:02 2020 -0700
Change-Id: I9d9c943a3a5858bc09613834e1176ac1f37b35b1
Original commit hash: 21a1bf522406172ebdbb4c0012a2c5b6dadad607

-------------------------------------------------------------------------------- 
[Changed Files]
ClientOneSiliconPkg/IpBlock/Me/Library/DxeAsfLib/DxeAsfLib.c
ClientOneSiliconPkg/IpBlock/Me/Library/DxeAsfLib/DxeAsfLib.inf
TigerLakeBoardPkg/BoardPkgConfig.dsc
TigerLakePlatSamplePkg/Features/Amt/OneClickRecovery/OneClickRecovery.c
TigerLakePlatSamplePkg/Features/Amt/OneClickRecovery/OneClickRecovery.inf

================================================================================ 
Commit: b5115e7ee3a7693f3aea6de64e558d3dd2112383 
Author: ClientSysFWGit <clientsysfwgit@intel.com> 
Date: Wed Nov 4 10:27:47 2020 -0800 
-------------------------------------------------------------------------------- 
[TGL] VTx setting didn't change caused by incorrect ECX value dumped by AsmCpuid

- Resolved incorrect coding on &Ecx.Uint32 of AsmCpuid ()

Original commit date: Tue Oct 13 02:39:38 2020 -0700
Change-Id: Ieaca0ac14479c03d0fb5e9b715399868151c3c49
Original commit hash: f480f839945f2201067010b008663c7776d13693

-------------------------------------------------------------------------------- 
[Changed Files]
ClientOneSiliconPkg/Cpu/LibraryPrivate/PeiCpuPowerOnConfigLib/PeiCpuPowerOnConfigLib.c

================================================================================ 
Commit: 4e53aeee44399dd4d0bf153be6eb4b55c1fab11e 
Author: ClientSysFWGit <clientsysfwgit@intel.com> 
Date: Wed Nov 4 10:27:39 2020 -0800 
-------------------------------------------------------------------------------- 
[TGL-H]:Active Trip Point 1 Fan Speed is 75 by default in BIOS

Modified  TGL-H config patch table to override the following:
1. Active Trip Point 0          : 71 C -> 87 C
2. Active Trip Point 0 Fan Speed: 100  -> 90
3. Active Trip Point 1 Fan Speed: 75   -> 50

Hsd-es-id: 16011940074
Original commit date: Fri Oct 16 16:50:31 2020 +0800
Change-Id: Ie6d1ea20c7d20b60bbc6c929757e6bf8966fc8e2
Original commit hash: defd1cfaa3c00e3aee5bc57bb067428ec2e0a0dd

-------------------------------------------------------------------------------- 
[Changed Files]
TigerLakeBoardPkg/TigerLakeHBoards/Include/TigerLakeHBoardConfigPatchTable.h

================================================================================ 
Commit: dd37088eec18505ffbe5cc080ec455c521fcb8b9 
Author: ClientSysFWGit <clientsysfwgit@intel.com> 
Date: Wed Nov 4 10:27:30 2020 -0800 
-------------------------------------------------------------------------------- 
[TeamCity] TGL Auto-Commit BIOS ID update TGLMaster BIOS Version to 3427_00

Hsd-es-id: no sighting
Original commit date: Sun Oct 18 11:48:10 2020 -0700
Change-Id: I0d161e7085fa1d4c4912a7bbe4a10180c405b272
Original commit hash: 41aaa43ec140f96157181cb92c2f63a320f87720

-------------------------------------------------------------------------------- 
[Changed Files]
TigerLakeBoardPkg/BiosId.env

================================================================================ 
Commit: b813a71c8b5dcd1e57234d6bd2fd00f575701ac2 
Author: ClientSysFWGit <clientsysfwgit@intel.com> 
Date: Wed Nov 4 10:27:21 2020 -0800 
-------------------------------------------------------------------------------- 
[TeamCity] TGL Auto-Commit WeeklyUpdate_FSP/RC TGLMaster

Hsd-es-id: no sighting
Original commit date: Sun Oct 18 11:47:36 2020 -0700
Change-Id: I34583795efaa290d1d4d3c66685c1a9c09c4b9e3
Original commit hash: 15261111ee5043c7c23cad54656df61a6e1375bc

-------------------------------------------------------------------------------- 
[Changed Files]
TigerLakeFspPkg/TigerLakeFspPkg.dec

================================================================================ 
Commit: c3a4c7b8b2faf6ccba9ac198956350cf9ec3459a 
Author: ClientSysFWGit <clientsysfwgit@intel.com> 
Date: Wed Nov 4 10:27:09 2020 -0800 
-------------------------------------------------------------------------------- 
[TeamCity] TGL Auto-Commit BIOS ID update TGLMaster BIOS Version to 3426_00

Hsd-es-id: no sighting
Original commit date: Sat Oct 17 11:48:21 2020 -0700
Change-Id: I6995216e5c740d5e7d6e4265b6b00996e53ede80
Original commit hash: 42eff590ab771fa95ebf9242e6cb6fd8e5877ec3

-------------------------------------------------------------------------------- 
[Changed Files]
TigerLakeBoardPkg/BiosId.env

================================================================================ 
Commit: c8442bb912db391373e2297b413ef115a49cd016 
Author: ClientSysFWGit <clientsysfwgit@intel.com> 
Date: Wed Nov 4 10:26:58 2020 -0800 
-------------------------------------------------------------------------------- 
[TeamCity] TGL Auto-Commit DailyUpdate_FSP/RC TGLMaster

Hsd-es-id: no sighting
Original commit date: Sat Oct 17 11:47:55 2020 -0700
Change-Id: If40cde2e2e021ecb289a52719c3376adb5f443f9
Original commit hash: 59fe2f3801ca6eee8aea8ed936dcce71667e1d0f

-------------------------------------------------------------------------------- 
[Changed Files]
TigerLakeFspPkg/TigerLakeFspPkg.dec

================================================================================ 
Commit: 9280927a609debe5121bc65277f7e2beca1d7802 
Author: ClientSysFWGit <clientsysfwgit@intel.com> 
Date: Wed Nov 4 10:26:47 2020 -0800 
-------------------------------------------------------------------------------- 
[TeamCity] TGL Auto-Commit BIOS ID update TGLMaster BIOS Version to 3425_01

Hsd-es-id: no sighting
Original commit date: Fri Oct 16 16:51:56 2020 -0700
Change-Id: Ib73eed1e7d29042c5fb9dd92c808c3977c769237
Original commit hash: 9299974acc5067bba6f89b6417ab8d04d75e7b87

-------------------------------------------------------------------------------- 
[Changed Files]
TigerLakeBoardPkg/BiosId.env

================================================================================ 
Commit: 9f2225f5dd8a09a759230da96ca1450ec56974af 
Author: ClientSysFWGit <clientsysfwgit@intel.com> 
Date: Wed Nov 4 10:26:36 2020 -0800 
-------------------------------------------------------------------------------- 
[TeamCity] TGL Auto-Commit DailyUpdate_FSP/RC TGLMaster

Hsd-es-id: no sighting
Original commit date: Fri Oct 16 16:51:19 2020 -0700
Change-Id: Ifa4c54a7a58b137e48a62aec4d6853796b1cbe1a
Original commit hash: 923077916a5d4f37e1ec59ba64f100be7ee5bab6

-------------------------------------------------------------------------------- 
[Changed Files]
TigerLakeFspPkg/TigerLakeFspPkg.dec
