================================================================================ 
Commit: e3c1b397dda4b71f62d40319d267a889fbd84915 
Author: ClientSysFWGit <clientsysfwgit@intel.com> 
Date: Sat Mar 20 08:45:58 2021 +0530 
-------------------------------------------------------------------------------- 
Update RKLS_B0 Production patchID to 0x3c


Original commit date: Fri Mar 19 11:29:49 2021 -0700
Change-Id: I2ab5bdb63b2eebb27873a542c64cd2f08fe8361f
Original commit hash: a271dabee01a3bb2431351c5805e499ffb74cf84

-------------------------------------------------------------------------------- 
[Changed Files]
CometLakePlatSamplePkg/PlatformPkg.fdf

================================================================================ 
Commit: b290fcdaee2b827255bae316c2ba852b2c5b0c83 
Author: ClientSysFWGit <clientsysfwgit@intel.com> 
Date: Sat Mar 20 08:45:41 2021 +0530 
-------------------------------------------------------------------------------- 
[TeamCity] RKLERB Auto-Commit BIOS ID update CI Increment BIOS Major Version () and reset Minor Version to 0

Original commit date: Fri Mar 19 05:13:31 2021 -0700
Change-Id: I252562281f10de106a50c3966b2cb5279cb65658
Original commit hash: c4706ed84e6f1d26ea08a4a3d9451c38a00e22ec

-------------------------------------------------------------------------------- 
[Changed Files]
CometLakePlatSamplePkg/Tools/GenBiosId/BiosId.env

================================================================================ 
Commit: e8937d12c814cc0e5ab84a30a65a6f5dcce02162 
Author: ClientSysFWGit <clientsysfwgit@intel.com> 
Date: Sat Mar 20 08:45:24 2021 +0530 
-------------------------------------------------------------------------------- 
[TeamCity] RKLERB Auto-Commit DailyUpdate_FSP/RC CI

Original commit date: Fri Mar 19 01:29:14 2021 -0700
Change-Id: I48ff23b4bf915ef96b4831d56f628c8aab9d4219
Original commit hash: ae05166c00a9eed0f26c2222250edc1297917be4

-------------------------------------------------------------------------------- 
[Changed Files]
CometLakeFspPkg/CometLakeFspPkg.dec
CometLakeSiliconPkg/SiPkg.dec.template

================================================================================ 
Commit: ee47c2f227c8f9d828dddbc8d857a8a2c30b63c2 
Author: ClientSysFWGit <clientsysfwgit@intel.com> 
Date: Sat Mar 20 08:45:06 2021 +0530 
-------------------------------------------------------------------------------- 
[TeamCity] RKLERB Auto-Commit BIOS ID update CI Increment BIOS Major Version () and reset Minor Version to 0

Original commit date: Thu Mar 18 05:13:35 2021 -0700
Change-Id: I1d6352092c0494a68a87ff37a032276c020ebf92
Original commit hash: 7b22acc1103df19198f23687fe792cca2d917695

-------------------------------------------------------------------------------- 
[Changed Files]
CometLakePlatSamplePkg/Tools/GenBiosId/BiosId.env

================================================================================ 
Commit: fea2a5c23f6e549cdbbac054a59a2f4ab21949be 
Author: ClientSysFWGit <clientsysfwgit@intel.com> 
Date: Sat Mar 20 08:44:51 2021 +0530 
-------------------------------------------------------------------------------- 
[TeamCity] RKLERB Auto-Commit DailyUpdate_FSP/RC CI

Original commit date: Thu Mar 18 01:26:19 2021 -0700
Change-Id: Ifdeca51fafbb72ca6af7b106488fe79851452a6f
Original commit hash: 0a1c8f276675b653afb8862e4c4fafdbad580a26

-------------------------------------------------------------------------------- 
[Changed Files]
CometLakeFspPkg/CometLakeFspPkg.dec
CometLakeSiliconPkg/SiPkg.dec.template

================================================================================ 
Commit: 5507a21adfd5a259396003464d2acac8437641f3 
Author: ClientSysFWGit <clientsysfwgit@intel.com> 
Date: Sat Mar 20 08:44:32 2021 +0530 
-------------------------------------------------------------------------------- 
[TeamCity] RKLERB Auto-Commit BIOS ID update CI Increment BIOS Major Version () and reset Minor Version to 0

Original commit date: Wed Mar 17 05:15:11 2021 -0700
Change-Id: I68dbc658c237b910e49fcd87f5ac264c1aaa966e
Original commit hash: e62f3d469096cb79a2d45301bdb90f8e9d7464da

-------------------------------------------------------------------------------- 
[Changed Files]
CometLakePlatSamplePkg/Tools/GenBiosId/BiosId.env

================================================================================ 
Commit: 5ed0a215468c514e6c1959f8dc0509d3e03ae6fd 
Author: ClientSysFWGit <clientsysfwgit@intel.com> 
Date: Sat Mar 20 08:44:15 2021 +0530 
-------------------------------------------------------------------------------- 
[TeamCity] RKLERB Auto-Commit DailyUpdate_FSP/RC CI

Original commit date: Wed Mar 17 01:41:02 2021 -0700
Change-Id: I4a6c86018922622445b0dacb7d7999ff7f146abe
Original commit hash: 4ac1d68d1abbf4a326b9f929dadaf6776e978d46

-------------------------------------------------------------------------------- 
[Changed Files]
CometLakeFspPkg/CometLakeFspPkg.dec
CometLakeSiliconPkg/SiPkg.dec.template

================================================================================ 
Commit: dca9f4db304a3f61848099b7c719399c14ddbaea 
Author: ClientSysFWGit <clientsysfwgit@intel.com> 
Date: Sat Mar 20 08:43:59 2021 +0530 
-------------------------------------------------------------------------------- 
[Xcomp] The definition of D6EN offset


Original commit date: Thu Mar 11 10:29:24 2021 +0530
Change-Id: I981752fda7aba712671692e021d7a05d03e2dafc
Original commit hash: d808f2dc32b8a5d7128794ec493cc667c4d7c4cf

-------------------------------------------------------------------------------- 
[Changed Files]
CometLakeSiliconPkg/SystemAgent/AcpiTables/HostBus.asl

================================================================================ 
Commit: 98899fbcc0c7af2fd4a409132667fe08305b06b6 
Author: ClientSysFWGit <clientsysfwgit@intel.com> 
Date: Sat Mar 20 08:43:42 2021 +0530 
-------------------------------------------------------------------------------- 
[RKLS + CMPH] PCIe BWG 1.7 implementation.

Original commit date: Wed Mar 10 22:28:13 2021 +0530
Change-Id: I9df31fbd7403fd4392ae996355889e9cf5005969
Original commit hash: 872350dca099566e548755b8f75a261dab5b041c

-------------------------------------------------------------------------------- 
[Changed Files]
CometLakeSiliconPkg/SystemAgent/Library/Private/PeiCpuPcieRpInitLibGen4/PeiCpuPcieRpInitLib.c

================================================================================ 
Commit: 03525e3f0ba95da0b0cffba37e5396e2c0a7d2ed 
Author: ClientSysFWGit <clientsysfwgit@intel.com> 
Date: Sat Mar 20 08:43:26 2021 +0530 
-------------------------------------------------------------------------------- 
[TeamCity] RKLERB Auto-Commit BIOS ID update CI Increment BIOS Major Version () and reset Minor Version to 0

Original commit date: Tue Mar 16 05:12:59 2021 -0700
Change-Id: Ia6253ff19c3df48861ef0d604557c123301ec4a4
Original commit hash: 821003d89a05ea96c58a29db763e4d2f7c7ea6df

-------------------------------------------------------------------------------- 
[Changed Files]
CometLakePlatSamplePkg/Tools/GenBiosId/BiosId.env

================================================================================ 
Commit: 5a27216472145166d8e1f1a2863b991356c1297f 
Author: ClientSysFWGit <clientsysfwgit@intel.com> 
Date: Sat Mar 20 08:43:08 2021 +0530 
-------------------------------------------------------------------------------- 
[TeamCity] RKLERB Auto-Commit DailyUpdate_FSP/RC CI

Original commit date: Tue Mar 16 01:50:00 2021 -0700
Change-Id: I256a42360b61de1b0d9d311d872ed1d36385feff
Original commit hash: 26e846df48733da049418689d2ee951431576990

-------------------------------------------------------------------------------- 
[Changed Files]
CometLakeFspPkg/CometLakeFspPkg.dec
CometLakeSiliconPkg/SiPkg.dec.template

================================================================================ 
Commit: 7f025a781147c526775729565b0a1b11655564e6 
Author: ClientSysFWGit <clientsysfwgit@intel.com> 
Date: Sat Mar 20 08:42:51 2021 +0530 
-------------------------------------------------------------------------------- 
Update RKLS_B0 Production patchID to 0x39


Original commit date: Mon Mar 15 11:59:03 2021 -0700
Change-Id: I80c4760523dc5c837c1c1b8d3f694935d4691172
Original commit hash: 183e6268dce697385a84a0febf4145d5651a77b0

-------------------------------------------------------------------------------- 
[Changed Files]
CometLakePlatSamplePkg/PlatformPkg.fdf

================================================================================ 
Commit: fc0bc9e03c6f31c58fac2b36fbfb16c58f53151b 
Author: ClientSysFWGit <clientsysfwgit@intel.com> 
Date: Sat Mar 20 08:42:35 2021 +0530 
-------------------------------------------------------------------------------- 
[TeamCity] RKLERB Auto-Commit WeeklyUpdate_FSP/RC CI

Original commit date: Mon Mar 15 06:16:04 2021 -0700
Change-Id: Ibba1afeeeb87926dcefc2310a06b5bfcfd67ed88
Original commit hash: a76bcb47d75eb364ad0daf31c7efce8cb27025a6

-------------------------------------------------------------------------------- 
[Changed Files]
CometLakeFspPkg/CometLakeFspPkg.dec
CometLakeSiliconPkg/SiPkg.dec.template

================================================================================ 
Commit: 466cff9f4420ae28f8af6ede5271f7b2121f15a2 
Author: ClientSysFWGit <clientsysfwgit@intel.com> 
Date: Sat Mar 20 08:42:18 2021 +0530 
-------------------------------------------------------------------------------- 
[TeamCity] RKLERB Auto-Commit BIOS ID update CI Increment BIOS Major Version () and reset Minor Version to 0

Original commit date: Mon Mar 15 05:14:06 2021 -0700
Change-Id: Ibc6b9eaabf071ffe4ebe11c2d99ce4e52706898b
Original commit hash: 2e22a8af7cf3163a12bf1f87c02e57d4fcd88da4

-------------------------------------------------------------------------------- 
[Changed Files]
CometLakePlatSamplePkg/Tools/GenBiosId/BiosId.env

================================================================================ 
Commit: 09affbb26a734666c6b6cb165a14ac72aafdb7bc 
Author: ClientSysFWGit <clientsysfwgit@intel.com> 
Date: Sat Mar 20 08:42:01 2021 +0530 
-------------------------------------------------------------------------------- 
[TeamCity] RKLERB Auto-Commit DailyUpdate_FSP/RC CI

Original commit date: Mon Mar 15 01:23:45 2021 -0700
Change-Id: If516ad808eb0e2963b0bf3441553474bd9b1a898
Original commit hash: f3e5c4f7e6b50982fd397c651328159bd74a36fb

-------------------------------------------------------------------------------- 
[Changed Files]
CometLakeFspPkg/CometLakeFspPkg.dec
CometLakeSiliconPkg/SiPkg.dec.template

================================================================================ 
Commit: 2f285808a4d41ac85e58956fac68cea333190b61 
Author: ClientSysFWGit <clientsysfwgit@intel.com> 
Date: Sat Mar 20 08:41:43 2021 +0530 
-------------------------------------------------------------------------------- 
[TeamCity] RKLERB Auto-Commit BIOS ID update CI Increment BIOS Major Version () and reset Minor Version to 0

Original commit date: Sun Mar 14 05:12:45 2021 -0700
Change-Id: Ic64d0d0509a3f8f009ad68eecfdcbb2cb0f24bc4
Original commit hash: 2206a1a37a4743ac04faf3a5c3022a548d8fd48a

-------------------------------------------------------------------------------- 
[Changed Files]
CometLakePlatSamplePkg/Tools/GenBiosId/BiosId.env

================================================================================ 
Commit: 1482e9a8623b5ac9efbd7b1fb195ae1e9e83802a 
Author: ClientSysFWGit <clientsysfwgit@intel.com> 
Date: Sat Mar 20 08:41:26 2021 +0530 
-------------------------------------------------------------------------------- 
[TeamCity] RKLERB Auto-Commit DailyUpdate_FSP/RC CI

Original commit date: Sun Mar 14 01:23:46 2021 -0800
Change-Id: I03c83ef6d1fc5abcf997e8e5ee21e276b27992b1
Original commit hash: f3dfb598c54620e2afdd689ec888c1f00cc6a205

-------------------------------------------------------------------------------- 
[Changed Files]
CometLakeFspPkg/CometLakeFspPkg.dec
CometLakeSiliconPkg/SiPkg.dec.template

================================================================================ 
Commit: eafe35a19db7eeb1a553ae93fc1593d4cbb1e92d 
Author: ClientSysFWGit <clientsysfwgit@intel.com> 
Date: Sat Mar 20 08:41:09 2021 +0530 
-------------------------------------------------------------------------------- 
[TeamCity] RKLERB Auto-Commit BIOS ID update CI Increment BIOS Major Version () and reset Minor Version to 0

Original commit date: Sat Mar 13 05:16:47 2021 -0800
Change-Id: Iba4a78057835be63b1cbf28f334ff56eadfb7ed0
Original commit hash: af7ce2f2d5536384c5e0b4171c3b7b8bfb464f14

-------------------------------------------------------------------------------- 
[Changed Files]
CometLakePlatSamplePkg/Tools/GenBiosId/BiosId.env

================================================================================ 
Commit: d2249b8a920934ca4a618d4e2a711b7f822bc072 
Author: ClientSysFWGit <clientsysfwgit@intel.com> 
Date: Sat Mar 20 08:40:53 2021 +0530 
-------------------------------------------------------------------------------- 
[TeamCity] RKLERB Auto-Commit DailyUpdate_FSP/RC CI

Original commit date: Sat Mar 13 01:24:53 2021 -0800
Change-Id: I82f0c268e02b45742656298f8cda832e1206ca26
Original commit hash: bb68369bc02a3569b156ac23a45bb9f979165e40

-------------------------------------------------------------------------------- 
[Changed Files]
CometLakeFspPkg/CometLakeFspPkg.dec
CometLakeSiliconPkg/SiPkg.dec.template

================================================================================ 
Commit: 7b95a3832cf37828e1593953605fbcd324c738f0 
Author: ClientSysFWGit <clientsysfwgit@intel.com> 
Date: Sat Mar 20 08:40:33 2021 +0530 
-------------------------------------------------------------------------------- 
[TeamCity] RKLERB Auto-Commit BIOS ID update CI Increment BIOS Major Version () and reset Minor Version to 0

Original commit date: Fri Mar 12 05:18:59 2021 -0800
Change-Id: Ica3613e8fd3ef73796075da39fad786943dd1b73
Original commit hash: 174b448fa0f48db0472b2e7da31be7785e0d9fd2

-------------------------------------------------------------------------------- 
[Changed Files]
CometLakePlatSamplePkg/Tools/GenBiosId/BiosId.env

================================================================================ 
Commit: 38bd3b68cea2f58982c5f644c89b7470f115aa3a 
Author: ClientSysFWGit <clientsysfwgit@intel.com> 
Date: Sat Mar 20 08:40:13 2021 +0530 
-------------------------------------------------------------------------------- 
[TeamCity] RKLERB Auto-Commit DailyUpdate_FSP/RC CI

Original commit date: Fri Mar 12 01:36:27 2021 -0800
Change-Id: Idd7654a386daecc57850a0aa23412833957704a4
Original commit hash: 408e074c89a6062abcaacbd66db66ee57d9e0bb7

-------------------------------------------------------------------------------- 
[Changed Files]
CometLakeFspPkg/CometLakeFspPkg.dec
CometLakeSiliconPkg/SiPkg.dec.template

================================================================================ 
Commit: 9b59c1ccefab11d54d0f866e3802f1e797a0ff57 
Author: ClientSysFWGit <clientsysfwgit@intel.com> 
Date: Sat Mar 20 08:39:54 2021 +0530 
-------------------------------------------------------------------------------- 
[TeamCity] RKLERB Auto-Commit BIOS ID update CI Increment BIOS Major Version () and reset Minor Version to 0

Original commit date: Thu Mar 11 05:28:04 2021 -0800
Change-Id: I9cb769cec3978a91679ef58f0e403b1b16acf025
Original commit hash: 51ffc00d396eeda807e23a2cb878d19faf1185e5

-------------------------------------------------------------------------------- 
[Changed Files]
CometLakePlatSamplePkg/Tools/GenBiosId/BiosId.env

================================================================================ 
Commit: db89d2579f3362d852bb08266c822ac8d0b774fb 
Author: ClientSysFWGit <clientsysfwgit@intel.com> 
Date: Sat Mar 20 08:39:34 2021 +0530 
-------------------------------------------------------------------------------- 
[TeamCity] RKLERB Auto-Commit DailyUpdate_FSP/RC CI

Original commit date: Thu Mar 11 01:28:41 2021 -0800
Change-Id: I1646282b3926e2294c62f20cd8f52be1a3096b8c
Original commit hash: 06c7b415936ed44ccb3c8aa21d82eb378e5f650f

-------------------------------------------------------------------------------- 
[Changed Files]
CometLakeFspPkg/CometLakeFspPkg.dec
CometLakeSiliconPkg/SiPkg.dec.template

================================================================================ 
Commit: 00eb638c8701a94a78d5662892fedfc6d61b3fb4 
Author: ClientSysFWGit <clientsysfwgit@intel.com> 
Date: Sat Mar 20 08:39:17 2021 +0530 
-------------------------------------------------------------------------------- 
[TeamCity] RKLERB Auto-Commit BIOS ID update CI Increment BIOS Major Version () and reset Minor Version to 0

Original commit date: Wed Mar 10 05:18:40 2021 -0800
Change-Id: Ia75e3133b10785edc7f726587ac6f2ec8ec9dceb
Original commit hash: ab2bdfef1767bf065ed02cb347e2954cd0a72789

-------------------------------------------------------------------------------- 
[Changed Files]
CometLakePlatSamplePkg/Tools/GenBiosId/BiosId.env

================================================================================ 
Commit: 6e8d3972153564358b25b39d71f1565b5c6fa5d7 
Author: ClientSysFWGit <clientsysfwgit@intel.com> 
Date: Sat Mar 20 08:38:58 2021 +0530 
-------------------------------------------------------------------------------- 
[TeamCity] RKLERB Auto-Commit DailyUpdate_FSP/RC CI

Original commit date: Wed Mar 10 01:27:18 2021 -0800
Change-Id: I24bd1fedb60c690f8d3c668371888a98b6c89c44
Original commit hash: 0a5fcf42f89d2c81017bc0122012af8a6db76308

-------------------------------------------------------------------------------- 
[Changed Files]
CometLakeFspPkg/CometLakeFspPkg.dec
CometLakeSiliconPkg/SiPkg.dec.template
dt.exe
getsh.sh
