================================================================================ 
Commit: 68d58832078198c94d1a75674637456c2506b68f 
Author: ClientSysFWGit <clientsysfwgit@intel.com> 
Date: Tue May 25 15:04:38 2021 -0700 
-------------------------------------------------------------------------------- 
Update files for 4213.01

-------------------------------------------------------------------------------- 
[Changed Files]
ClientOneSiliconPkg/SiPkg.dec

================================================================================ 
Commit: 2a76ae9326e47481d1532b7267d3c9c259a19d1c 
Author: ClientSysFWGit <clientsysfwgit@intel.com> 
Date: Tue May 25 11:55:01 2021 -0700 
-------------------------------------------------------------------------------- 
[TeamCity] TGL Auto-Commit BIOS ID update TGLMaster BIOS Version to 4213_01

Hsd-es-id: N/A
Original commit date: Wed May 19 16:58:32 2021 -0700
Change-Id: I2d0587aa923a97100cdd3bdf0eb3f346000d0026
Original commit hash: 9a4959048973a1ae2d1be89fb5d20c599cda9d17

-------------------------------------------------------------------------------- 
[Changed Files]
TigerLakeBoardPkg/BiosId.env

================================================================================ 
Commit: 13c33d1c6bcc4e410970c83ce635accff51f57a0 
Author: ClientSysFWGit <clientsysfwgit@intel.com> 
Date: Tue May 25 11:54:59 2021 -0700 
-------------------------------------------------------------------------------- 
[TeamCity] TGL Auto-Commit DailyUpdate_FSP/RC TGLMaster

Hsd-es-id: no sighting
Original commit date: Wed May 19 16:47:43 2021 -0700
Change-Id: I0bae4b61ef90c4a7347d82bc5e10f812e2cc5959
Original commit hash: c3bc0cdd5db0470b1b0b9346cd1c08f11cac5735

-------------------------------------------------------------------------------- 
[Changed Files]
TigerLakeFspPkg/TigerLakeFspPkg.dec

================================================================================ 
Commit: 4e43021d174e2715cf5699bda3b4511602975a62 
Author: ClientSysFWGit <clientsysfwgit@intel.com> 
Date: Tue May 25 11:54:57 2021 -0700 
-------------------------------------------------------------------------------- 
Update MRC Release Notes and increment MRC build revision

Wed May 19 23:32:40 2021 +0000
Original commit date: Wed May 19 23:32:40 2021 +0000
Original commit hash: b0dcb224fdd25d5ed4e5210215c3b04c1289e1ad

-------------------------------------------------------------------------------- 
[Changed Files]
ClientOneSiliconPkg/IpBlock/MemoryInit/Tgl/LibraryPrivate/PeiMemoryInitLib/Source/Include/MrcVersion.h

================================================================================ 
Commit: ae23defd26b8ea90f208daabed8ef12dbea4b819 
Author: ClientSysFWGit <clientsysfwgit@intel.com> 
Date: Tue May 25 11:54:55 2021 -0700 
-------------------------------------------------------------------------------- 
Revert "[ICL/TGL/RKL/ADL/MTL] Both IGD & PEG display works in BIOS Setup when PEG Gfx Card is connected. - GGC[VAMEN] (bit 2) is set along with IVD bit, so the sub-class field changes to 0x80."
This reverts commit 4efeffb5a2eec018d5f74c887eacc21027aea53b.

Hsd-es-id: 14013537582
Original commit date: Wed May 19 14:56:01 2021 -0700
Change-Id: I64c04f731aa77749a9ba9c1d606de958aa467b9c
Original commit hash: 2ae37b8a5b2bee4f858ab9734e61ccfeab1d2459

-------------------------------------------------------------------------------- 
[Changed Files]
ClientOneSiliconPkg/IpBlock/Graphics/LibraryPrivate/PeiGraphicsDisableInitLib/AdditionalDisableSteps.c
ClientOneSiliconPkg/IpBlock/Graphics/LibraryPrivate/PeiGraphicsInitLibGen12/AdditionalDisableSteps.c
ClientOneSiliconPkg/IpBlock/Graphics/LibraryPrivate/PeiGraphicsInitLibGen12/PeiGraphicsInitLib.c
ClientOneSiliconPkg/IpBlock/MemoryInit/Tgl/LibraryPrivate/PeiMemoryInitLib/Source/Services/MrcMemoryMap.c
ClientOneSiliconPkg/SystemAgent/LibraryPrivate/PeiSaInitLib/SaInitPreMem.c

================================================================================ 
Commit: 2e42d1c00d04e883d8365b5303c899e4914dd13c 
Author: ClientSysFWGit <clientsysfwgit@intel.com> 
Date: Tue May 25 11:54:53 2021 -0700 
-------------------------------------------------------------------------------- 
Default power limits on TGLH platform with a 65W SOC are incorrect

Revert "[TGL][Tigerlake-Master]Added new and update PM override support for IOTG skus ww09'21"
This reverts commit 80e27a995e1f9f273358ac95202708b664ef9d2d.

Hsd-es-id: 14014168721
Original commit date: Wed May 19 12:26:05 2021 -0700
Change-Id: Iadd7f6dd4067cd727fff8e951bd1d7e16f48fc40
Original commit hash: 98cd540ea2571b12d5468fd3efb08c88a7fc9128

-------------------------------------------------------------------------------- 
[Changed Files]
ClientOneSiliconPkg/Fru/TglCpu/IncludePrivate/CpuGenInfoFruLib.h
ClientOneSiliconPkg/Fru/TglCpu/LibraryPrivate/BaseCpuInfoFruLib/BaseCpuInfoFruLib.c
ClientOneSiliconPkg/Fru/TglCpu/VoltageRegulator/LibraryPrivate/PeiVrFruLib/PeiVrFruLib.c

================================================================================ 
Commit: f5282937b049732dbe72511de47ee65a4976944e 
Author: ClientSysFWGit <clientsysfwgit@intel.com> 
Date: Tue May 25 11:54:51 2021 -0700 
-------------------------------------------------------------------------------- 
[TeamCity] TGL Auto-Commit BIOS ID update TGLMaster BIOS Version to 4213_00

Hsd-es-id: N/A
Original commit date: Wed May 19 11:07:19 2021 -0700
Change-Id: Ie6bd9ace618a6cf437a917949c07a25ed8588743
Original commit hash: 602cc0d382633b98ec8c94b04b871402f8e9a77a

-------------------------------------------------------------------------------- 
[Changed Files]
TigerLakeBoardPkg/BiosId.env

================================================================================ 
Commit: 0113ee6921ce5227f5358f0f875be7282c08758b 
Author: ClientSysFWGit <clientsysfwgit@intel.com> 
Date: Tue May 25 11:54:49 2021 -0700 
-------------------------------------------------------------------------------- 
[TeamCity] TGL Auto-Commit DailyUpdate_FSP/RC TGLMaster

Hsd-es-id: no sighting
Original commit date: Wed May 19 10:47:46 2021 -0700
Change-Id: I39fbc3e63e034f32c319ef7796d6bf0bee118c52
Original commit hash: 532548fff24bac742ab21bea0877fd083a879241

-------------------------------------------------------------------------------- 
[Changed Files]
TigerLakeFspPkg/TigerLakeFspPkg.dec

================================================================================ 
Commit: 801b3378d9f7f425a9b00682be1ed49fe34f8ded 
Author: ClientSysFWGit <clientsysfwgit@intel.com> 
Date: Tue May 25 11:54:47 2021 -0700 
-------------------------------------------------------------------------------- 
PeiHostBridgePolicyLib: Policy default mismatch with Setup Default - HostBridgePeiConfig

Policy Default Mismatch With Setup Default
ConfigBlock : HostBridgePeiConfig->EdramTestMode = 0x0
Setup : SaSetup.EdramTestMode = 0x2
---
Policy Default Mismatch With Setup Default
ConfigBlock : HostBridgePeiConfig->Device4Enable = 0x0
Setup : SaSetup.SaDevice4 = 0x1
---

Hsd-es-id: 14014152839
Original commit date: Tue May 11 18:50:21 2021 -0700
Change-Id: Idb68828f788e73137637fe2eb05476d08998ba16
Original commit hash: 88aaab95f5ea6cf4d799c90854eea7b95257f0e9

-------------------------------------------------------------------------------- 
[Changed Files]
ClientOneSiliconPkg/IpBlock/HostBridge/LibraryPrivate/PeiHostBridgePolicyLib/PeiHostBridgePolicyLib.c

================================================================================ 
Commit: 5a1ef97e4b7f47598386b4861d3d3e681ed35199 
Author: ClientSysFWGit <clientsysfwgit@intel.com> 
Date: Tue May 25 11:54:45 2021 -0700 
-------------------------------------------------------------------------------- 
[TeamCity] TGL Auto-Commit BIOS ID update TGLMaster BIOS Version to 4212_00

Hsd-es-id: N/A
Original commit date: Tue May 18 11:14:41 2021 -0700
Change-Id: Ib55f5937d57d3ba27c33e3e6305aa93e0915ed26
Original commit hash: 4e981633874aaaa47107631fed76e51539bebfe4

-------------------------------------------------------------------------------- 
[Changed Files]
TigerLakeBoardPkg/BiosId.env

================================================================================ 
Commit: 46e0b0b95b5defcfe59c84de005093f691ffbadd 
Author: ClientSysFWGit <clientsysfwgit@intel.com> 
Date: Tue May 25 11:54:43 2021 -0700 
-------------------------------------------------------------------------------- 
[TeamCity] TGL Auto-Commit DailyUpdate_FSP/RC TGLMaster

Hsd-es-id: no sighting
Original commit date: Tue May 18 11:01:03 2021 -0700
Change-Id: I289be10bbfe2ff50c75468d9ff9f90da2ad30395
Original commit hash: cd0793a6b3f3c175ac5e3f9c2a4e0993d98cbc9a

-------------------------------------------------------------------------------- 
[Changed Files]
TigerLakeFspPkg/TigerLakeFspPkg.dec

================================================================================ 
Commit: bd9536c4c47b9c8de7f0408d79b8281416a8a880 
Author: ClientSysFWGit <clientsysfwgit@intel.com> 
Date: Tue May 25 11:54:41 2021 -0700 
-------------------------------------------------------------------------------- 
PeiThermalPolicyLib: Policy default mismatch with Setup Default - ThermalConfig

Policy Default Mismatch With Setup Default
ConfigBlock : ThermalConfig->DmiHaAWC.TS2TW = 0x0
Setup : PchSetup->PchTs2Width = 0x1
---
Policy Default Mismatch With Setup Default
ConfigBlock : ThermalConfig->DmiHaAWC.TS1TW = 0x0
Setup : PchSetup->PchTs1Width = 0x2
---
Policy Default Mismatch With Setup Default
ConfigBlock : ThermalConfig->DmiHaAWC.TS0TW = 0x0
Setup : PchSetup->PchTs0Width = 0x3
---

Hsd-es-id: 14014152633
Original commit date: Tue May 11 18:35:00 2021 -0700
Change-Id: I41eedb46e6217988ce01429911b7163d3d7eefcf
Original commit hash: 00997df18c2c136e75ae976c4c31e4b293541938

-------------------------------------------------------------------------------- 
[Changed Files]
ClientOneSiliconPkg/IpBlock/Thermal/LibraryPrivate/PeiThermalPolicyLib/PeiThermalPolicyLib.c
TigerLakeFspPkg/Upd/FspsUpd.dsc

================================================================================ 
Commit: 939e81766d5cccb34887386aaa25e057c4f6b80e 
Author: ClientSysFWGit <clientsysfwgit@intel.com> 
Date: Tue May 25 11:54:38 2021 -0700 
-------------------------------------------------------------------------------- 
Update MRC Release Notes and increment MRC build revision

Mon May 17 19:54:39 2021 +0000
Original commit date: Mon May 17 19:54:39 2021 +0000
Original commit hash: 5615411fa97a44d7ed33ffcc5361ad1ab07b7ea1

-------------------------------------------------------------------------------- 
[Changed Files]
ClientOneSiliconPkg/IpBlock/MemoryInit/Tgl/LibraryPrivate/PeiMemoryInitLib/Source/Include/MrcVersion.h

================================================================================ 
Commit: 27fbb3c4dd37d1e2e743203893e0e573f822d49d 
Author: ClientSysFWGit <clientsysfwgit@intel.com> 
Date: Tue May 25 11:54:36 2021 -0700 
-------------------------------------------------------------------------------- 
[ICL/TGL/RKL/ADL/MTL] Both IGD & PEG display works in BIOS Setup when PEG Gfx Card is connected.
- GGC[VAMEN] (bit 2) is set along with IVD bit, so the sub-class field changes to 0x80.

Hsd-es-id: 14013537582
Original commit date: Fri Apr 30 17:24:04 2021 +0530
Change-Id: I355269bccfaa52090631a7e4ae44c74af7ed75c7
Original commit hash: 4efeffb5a2eec018d5f74c887eacc21027aea53b

-------------------------------------------------------------------------------- 
[Changed Files]
ClientOneSiliconPkg/IpBlock/Graphics/LibraryPrivate/PeiGraphicsDisableInitLib/AdditionalDisableSteps.c
ClientOneSiliconPkg/IpBlock/Graphics/LibraryPrivate/PeiGraphicsInitLibGen12/AdditionalDisableSteps.c
ClientOneSiliconPkg/IpBlock/Graphics/LibraryPrivate/PeiGraphicsInitLibGen12/PeiGraphicsInitLib.c
ClientOneSiliconPkg/IpBlock/MemoryInit/Tgl/LibraryPrivate/PeiMemoryInitLib/Source/Services/MrcMemoryMap.c
ClientOneSiliconPkg/SystemAgent/LibraryPrivate/PeiSaInitLib/SaInitPreMem.c

================================================================================ 
Commit: dd328f9c5b3d089c5fbd6ebf0c460cd59ca78954 
Author: ClientSysFWGit <clientsysfwgit@intel.com> 
Date: Tue May 25 11:54:34 2021 -0700 
-------------------------------------------------------------------------------- 
[TeamCity] TGL Auto-Commit BIOS ID update TGLMaster BIOS Version to 4211_00

Hsd-es-id: N/A
Original commit date: Mon May 17 11:04:03 2021 -0700
Change-Id: I6f580f0a8b0bae2a2d2e24dc43623edcfff3c246
Original commit hash: a49706990eed6fec67e3b134450db53477916e16

-------------------------------------------------------------------------------- 
[Changed Files]
TigerLakeBoardPkg/BiosId.env

================================================================================ 
Commit: b41b1701be89c28af909c7b595d611925c206624 
Author: ClientSysFWGit <clientsysfwgit@intel.com> 
Date: Tue May 25 11:54:32 2021 -0700 
-------------------------------------------------------------------------------- 
[TeamCity] TGL Auto-Commit DailyUpdate_FSP/RC TGLMaster

Hsd-es-id: no sighting
Original commit date: Mon May 17 10:35:38 2021 -0700
Change-Id: I69636a1d576388df23140b161cd88a1b152eb164
Original commit hash: f259bffa8ff33f5f8ae95b226af167c9807da134

-------------------------------------------------------------------------------- 
[Changed Files]
TigerLakeFspPkg/TigerLakeFspPkg.dec

================================================================================ 
Commit: 74a39d35ee346b541f40f43cc241e395a8c49273 
Author: ClientSysFWGit <clientsysfwgit@intel.com> 
Date: Tue May 25 11:54:30 2021 -0700 
-------------------------------------------------------------------------------- 
[ICL/TGL/RKL/XCOMP/ADL/MTL]Correction for DMI Link and Speed information that is displayed wrongly in BIOS Setup

Hsd-es-id: 22013033580
Original commit date: Wed May 5 21:27:39 2021 +0530
Change-Id: Ibb737517d4f97460d5b305b31d2d7916248cb30c
Original commit hash: 44b61809c4166eabad7f1b4d00c1a64194466663

-------------------------------------------------------------------------------- 
[Changed Files]
TigerLakePlatSamplePkg/Setup/SaSetup.c

================================================================================ 
Commit: cc78cef9d1156613453bd2f0990e96d0c167bfab 
Author: ClientSysFWGit <clientsysfwgit@intel.com> 
Date: Tue May 25 11:54:28 2021 -0700 
-------------------------------------------------------------------------------- 
[TeamCity] TGL Auto-Commit BIOS ID update TGLMaster BIOS Version to 4207_00

Hsd-es-id: N/A
Original commit date: Sun May 16 11:03:44 2021 -0700
Change-Id: I8183e258d526481a3e648efebc099625f3a4b001
Original commit hash: 868b940b66758e5a2a61e587be9405703dae2e20

-------------------------------------------------------------------------------- 
[Changed Files]
TigerLakeBoardPkg/BiosId.env

================================================================================ 
Commit: 006bcc5e851609a57bb7a116df8c4d55a97f190a 
Author: ClientSysFWGit <clientsysfwgit@intel.com> 
Date: Tue May 25 11:54:26 2021 -0700 
-------------------------------------------------------------------------------- 
[TeamCity] TGL Auto-Commit DailyUpdate_FSP/RC TGLMaster

Hsd-es-id: no sighting
Original commit date: Sun May 16 10:33:33 2021 -0700
Change-Id: Ie32a51ba88a5104c675368e258fb42af1dc73fa6
Original commit hash: ea82e2a42d40a7904264d59856549845ec3156b9

-------------------------------------------------------------------------------- 
[Changed Files]
TigerLakeFspPkg/TigerLakeFspPkg.dec

================================================================================ 
Commit: 0d0d33525d3ae7057fa521b74720b624f058f77d 
Author: ClientSysFWGit <clientsysfwgit@intel.com> 
Date: Tue May 25 11:54:24 2021 -0700 
-------------------------------------------------------------------------------- 
[TeamCity] TGL Auto-Commit WeeklyUpdate_FSP/RC TGLMaster

Hsd-es-id: no sighting
Original commit date: Sun May 16 10:09:16 2021 -0700
Change-Id: I77b694f48ae4ef30a1361b9a5f1b1748e351d7c7
Original commit hash: bf2e408e90221398dd16501eb1488dd064e3b9c6

-------------------------------------------------------------------------------- 
[Changed Files]
TigerLakeFspPkg/TigerLakeFspPkg.dec

================================================================================ 
Commit: 0be2a4ff52028d446c32ffc5c9566186db9c7a32 
Author: ClientSysFWGit <clientsysfwgit@intel.com> 
Date: Tue May 25 11:54:22 2021 -0700 
-------------------------------------------------------------------------------- 
[TeamCity] TGL Auto-Commit BIOS ID update TGLMaster BIOS Version to 4206_00

Hsd-es-id: N/A
Original commit date: Sat May 15 11:03:42 2021 -0700
Change-Id: I29512b2a6268f246e5e4383ef98c10a75c1db7dd
Original commit hash: 05a5773a7fbdd6f3914593952330346c106bc16f

-------------------------------------------------------------------------------- 
[Changed Files]
TigerLakeBoardPkg/BiosId.env

================================================================================ 
Commit: 9a80fe1e0f54b6ff8e97fd8d62eaee0fb941efc9 
Author: ClientSysFWGit <clientsysfwgit@intel.com> 
Date: Tue May 25 11:54:20 2021 -0700 
-------------------------------------------------------------------------------- 
[TeamCity] TGL Auto-Commit DailyUpdate_FSP/RC TGLMaster

Hsd-es-id: no sighting
Original commit date: Sat May 15 10:35:04 2021 -0700
Change-Id: I4aa3bc415142c9159f792aa8fbd2a393c5a007fd
Original commit hash: 479196469bf4740f18a0438970b89e8369cd4102

-------------------------------------------------------------------------------- 
[Changed Files]
TigerLakeFspPkg/TigerLakeFspPkg.dec

================================================================================ 
Commit: 3c4f764042f0709b830e0128df3526d5576ca661 
Author: ClientSysFWGit <clientsysfwgit@intel.com> 
Date: Tue May 25 11:54:18 2021 -0700 
-------------------------------------------------------------------------------- 
[TeamCity] TGL Auto-Commit BIOS ID update TGLMaster BIOS Version to 4205_01

Hsd-es-id: N/A
Original commit date: Fri May 14 11:07:16 2021 -0700
Change-Id: Idf49187156d48b8b36dc2e3a9c02b7f953a5e414
Original commit hash: d24c86b559884dd451ed71d682c5347de4737a8b

-------------------------------------------------------------------------------- 
[Changed Files]
TigerLakeBoardPkg/BiosId.env

================================================================================ 
Commit: 574177420285a965b96f712e206abcc8e46bf9d3 
Author: ClientSysFWGit <clientsysfwgit@intel.com> 
Date: Tue May 25 11:54:16 2021 -0700 
-------------------------------------------------------------------------------- 
[TeamCity] TGL Auto-Commit DailyUpdate_FSP/RC TGLMaster

Hsd-es-id: no sighting
Original commit date: Fri May 14 10:34:20 2021 -0700
Change-Id: I5e322b0995cae8d69813a907eb7e68698c1dca2c
Original commit hash: a6593b309ea2cd62848f2a6021fa2fb1a5cc16d4

-------------------------------------------------------------------------------- 
[Changed Files]
TigerLakeFspPkg/TigerLakeFspPkg.dec

================================================================================ 
Commit: eb0d40ba9306002b5052d87403dfbb3cdbaceb8b 
Author: ClientSysFWGit <clientsysfwgit@intel.com> 
Date: Tue May 25 11:54:14 2021 -0700 
-------------------------------------------------------------------------------- 
[TeamCity] TGL Auto-Commit BIOS ID update TGLMaster BIOS Version to 4205_00

Hsd-es-id: N/A
Original commit date: Fri May 14 10:33:39 2021 -0700
Change-Id: I2e4458436d129a23f36475c09815ef0139b0a2a4
Original commit hash: 12426e40958adca40b0736353954e43e1d239c05

-------------------------------------------------------------------------------- 
[Changed Files]
TigerLakeBoardPkg/BiosId.env

================================================================================ 
Commit: 4f13c4e7b35dd6de8e1eaa560c3a26a22652f044 
Author: ClientSysFWGit <clientsysfwgit@intel.com> 
Date: Tue May 25 11:54:12 2021 -0700 
-------------------------------------------------------------------------------- 
[TeamCity] TGL Auto-Commit DailyUpdate_FSP/RC TGLMaster

Hsd-es-id: no sighting
Original commit date: Fri May 14 10:26:31 2021 -0700
Change-Id: If00d117e40d33f9394032846ac5b87c8833b5e24
Original commit hash: 7edf2ffc3681c8c923ae1730e223998c540b0e2d

-------------------------------------------------------------------------------- 
[Changed Files]
TigerLakeFspPkg/TigerLakeFspPkg.dec

================================================================================ 
Commit: 48959962338342aa655f340d5459f5f42e1d1fc2 
Author: ClientSysFWGit <clientsysfwgit@intel.com> 
Date: Tue May 25 11:54:10 2021 -0700 
-------------------------------------------------------------------------------- 
[TGL] - Fix KW reported issues in CpuDmiLib

Hsd-es-id: 14014132555
Original commit date: Fri May 14 09:34:12 2021 -0700
Change-Id: I1c6a3d74b983c420328622373420fc04b6830f9b
Original commit hash: adf55bbb6c5dd8a391d4237ac755346471430ae4

-------------------------------------------------------------------------------- 
[Changed Files]
ClientOneSiliconPkg/IpBlock/CpuDmi/LibraryPrivate/PeiCpuDmiInitLibVer2/PeiCpuDmi16.c

================================================================================ 
Commit: 4fb222efb16a9033b89db65d9dec6a339b8b103f 
Author: ClientSysFWGit <clientsysfwgit@intel.com> 
Date: Tue May 25 11:54:08 2021 -0700 
-------------------------------------------------------------------------------- 
PlatSamplePkg\Features\Acpi\AcpiTables; Debug Port ACPI table -> Reserved field is not set to 0

- Fixed by DebugPort Table memory allocation with AllocateZeroPool

[internal-only]:

Hsd-es-id: 22012583081
Original commit date: Wed Apr 28 09:53:45 2021 -0700
Change-Id: I066fc836bb69b8794aaa552f3e79b231dcf111e7
Original commit hash: 4fd7caef4d44990e8af67119c85446e74fcee45d

-------------------------------------------------------------------------------- 
[Changed Files]
TigerLakePlatSamplePkg/Features/Acpi/AcpiTables/AcpiFeatures.c

================================================================================ 
Commit: 589daddc3aa444b5c0034d9506939d44887ccc6f 
Author: ClientSysFWGit <clientsysfwgit@intel.com> 
Date: Tue May 25 11:54:06 2021 -0700 
-------------------------------------------------------------------------------- 
PeiVmdPolicyLib: Policy default mismatch with Setup Default - Vmd

Policy Default Mismatch With Setup Default
ConfigBlock : VmdPeiConfig->VmdCfgBarAttr = 0x2
Setup : SaSetup.VmdCfgBarAttr = 0x1

Hsd-es-id: 14014101721
Original commit date: Tue May 11 18:57:24 2021 -0700
Change-Id: I2365670bdc2dd62868ed9064f3e21c0b3a482843
Original commit hash: 32284b54a79be4852d472f6d42add9b6f13cf12b

-------------------------------------------------------------------------------- 
[Changed Files]
ClientOneSiliconPkg/IpBlock/Vmd/LibraryPrivate/PeiVmdPolicyLib/PeiVmdPolicyLib.c

================================================================================ 
Commit: 079ea3d79938a5734ac370036f287d4fed8f5526 
Author: ClientSysFWGit <clientsysfwgit@intel.com> 
Date: Tue May 25 11:54:04 2021 -0700 
-------------------------------------------------------------------------------- 
CpuSetup.hfr defaults do not match silicon reference code defaults
 - Align Setup and Config policy defaults

Hsd-es-id: 14014101612
Original commit date: Wed May 12 12:30:04 2021 +0530
Change-Id: I9b33da89586f6a832dd3581963be7c0368f321c6
Original commit hash: 4cef827ddec58f9ff167aea93a1ea83667f1e825

-------------------------------------------------------------------------------- 
[Changed Files]
ClientOneSiliconPkg/Cpu/Library/PeiCpuPolicyLib/PeiCpuPolicyLib.c
ClientOneSiliconPkg/IpBlock/VoltageRegulator/LibraryPrivate/PeiVrPolicyLib/PeiVrPolicyLib.c

================================================================================ 
Commit: ae259672993a790df2246ef42de514b9bfc8e0a5 
Author: ClientSysFWGit <clientsysfwgit@intel.com> 
Date: Tue May 25 11:54:01 2021 -0700 
-------------------------------------------------------------------------------- 
[TeamCity] TGL Auto-Commit BIOS ID update TGLMaster BIOS Version to 4204_00

Hsd-es-id: N/A
Original commit date: Thu May 13 11:05:59 2021 -0700
Change-Id: I953aea288fcf1e8901bb9eca91dd4fdac18e3662
Original commit hash: 495096c969718d3b9ae68f064523d4c22bb533ab

-------------------------------------------------------------------------------- 
[Changed Files]
TigerLakeBoardPkg/BiosId.env

================================================================================ 
Commit: 59bfe21111434a28ee582cb4c6d934e35bbbe588 
Author: ClientSysFWGit <clientsysfwgit@intel.com> 
Date: Tue May 25 11:53:59 2021 -0700 
-------------------------------------------------------------------------------- 
[TeamCity] TGL Auto-Commit DailyUpdate_FSP/RC TGLMaster

Hsd-es-id: no sighting
Original commit date: Thu May 13 10:40:09 2021 -0700
Change-Id: Ibf78d8b97dbd45204cee16eb2ef97f5ff3a9fb61
Original commit hash: 12babb5d5bfb5cb4775452f875d6baa55b8a2e5e

-------------------------------------------------------------------------------- 
[Changed Files]
TigerLakeFspPkg/TigerLakeFspPkg.dec

================================================================================ 
Commit: 978566edf6b8b9e1cb153eff0b5676214c2a6156 
Author: ClientSysFWGit <clientsysfwgit@intel.com> 
Date: Tue May 25 11:53:57 2021 -0700 
-------------------------------------------------------------------------------- 
ClientOneSiliconPkg/SMBIOS: [TGL-UP3] SMBIOS Type 16 Physical Memory Array Maximum Capacity is incorrect

- Follow specification to update maximum rank memory size of DDR4.
- Add BoardIdTglHDdr4SODimm slotmap to meet TGL-H DDR4 memory configuration.

Hsd-es-id: 1509174149
Original commit date: Wed May 12 10:20:43 2021 +0800
Change-Id: Id284ab910a0da575a33ed89a1e2abf8d780cef1b
Original commit hash: e264d2376f7983c047aa3ea187d7ac6dbdf8717c

-------------------------------------------------------------------------------- 
[Changed Files]
ClientOneSiliconPkg/SystemAgent/LibraryPrivate/DxeSmbiosMemoryLib/SmbiosMemory.h
TigerLakePlatSamplePkg/Library/DxePolicyUpdateLib/DxeSaPolicyUpdate.c

================================================================================ 
Commit: ca749e55a59a979bb4094252bdc2e69dae33e162 
Author: ClientSysFWGit <clientsysfwgit@intel.com> 
Date: Tue May 25 11:53:55 2021 -0700 
-------------------------------------------------------------------------------- 
TigerLakePlatSamplePkg/OneClickRecovery: OCR check if url is 'https'

Add check to OCR to reject a request if url isn't 'https'

Hsd-es-id: 22011301604
Original commit date: Wed Jan 27 21:31:16 2021 -0700
Change-Id: I171ac4ccc5f7addf08bf9b7f3e73c7607ac8a6cc
Original commit hash: 7a0c1c41885865f3b5154abc7ebd55521ab1b706

-------------------------------------------------------------------------------- 
[Changed Files]
TigerLakePlatSamplePkg/Features/Amt/OneClickRecovery/OneClickRecovery.c
TigerLakePlatSamplePkg/Features/Amt/OneClickRecovery/OneClickRecoveryHttpsSupport.c
TigerLakePlatSamplePkg/Features/Amt/OneClickRecovery/OneClickRecoverySupport.h

================================================================================ 
Commit: dd61160be4a2a685566176dadceb4f080c9454f9 
Author: ClientSysFWGit <clientsysfwgit@intel.com> 
Date: Tue May 25 11:53:53 2021 -0700 
-------------------------------------------------------------------------------- 
PlatSamplePkg: Fix PlatformConfigurationChangeVariable.h typos in Intel Reference Code

Replace EFI_TREE_PHYSICAL_PRESENCE_DATA_GUID with PLATFORM_CONFIGURATION_CHANGE_VARIABLE_GUID

Hsd-es-id: 22012976694
Original commit date: Fri May 7 12:18:34 2021 -0700
Change-Id: I9889d3682301571be5797071aea23449c6d43c09
Original commit hash: 16b8dd1121bd06f796bd550c8bd1891b89e5fe9c

-------------------------------------------------------------------------------- 
[Changed Files]
TigerLakePlatSamplePkg/Include/PlatformConfigurationChangeVariable.h

================================================================================ 
Commit: 86ee6732cfe2e107c1880e0ed41789090e639f07 
Author: ClientSysFWGit <clientsysfwgit@intel.com> 
Date: Tue May 25 11:53:51 2021 -0700 
-------------------------------------------------------------------------------- 
[TeamCity] TGL Auto-Commit BIOS ID update TGLMaster BIOS Version to 4203_00

Hsd-es-id: N/A
Original commit date: Wed May 12 11:10:30 2021 -0700
Change-Id: I558c3b6bd0e22445c3b04ab5795eab42ce5eb072
Original commit hash: 08590f79caea4db72fd79b61d7860934336d343d

-------------------------------------------------------------------------------- 
[Changed Files]
TigerLakeBoardPkg/BiosId.env

================================================================================ 
Commit: 35abefa3511053fc5f0eb96961bf1b77d27bdc3a 
Author: ClientSysFWGit <clientsysfwgit@intel.com> 
Date: Tue May 25 11:53:49 2021 -0700 
-------------------------------------------------------------------------------- 
[TeamCity] TGL Auto-Commit DailyUpdate_FSP/RC TGLMaster

Hsd-es-id: no sighting
Original commit date: Wed May 12 10:43:07 2021 -0700
Change-Id: I772a500b85161567c29c4a11237493134728b0fa
Original commit hash: 24549108fc7dc4330a0bd5e388d3547d325c447e

-------------------------------------------------------------------------------- 
[Changed Files]
TigerLakeFspPkg/TigerLakeFspPkg.dec

================================================================================ 
Commit: cc64dd41103bea22ec87c558e8b8436f8fb4baeb 
Author: ClientSysFWGit <clientsysfwgit@intel.com> 
Date: Tue May 25 11:53:46 2021 -0700 
-------------------------------------------------------------------------------- 
TGL R0 Unified [uCode+pCode] Patch ID 0x30

Hsd-es-id: 14014084606
Original commit date: Mon May 10 09:34:54 2021 -0700
Change-Id: Icf60185afc8caba41485fc7d85245bfa86f6205d
Original commit hash: 525417a115bfaf75622dfc2310f2eb13daf1392c

-------------------------------------------------------------------------------- 
[Changed Files]
TigerLakeBoardPkg/BoardPkg.fdf

================================================================================ 
Commit: 4cc6980e269358229db7220bc4c673b8f829b939 
Author: ClientSysFWGit <clientsysfwgit@intel.com> 
Date: Tue May 25 11:53:44 2021 -0700 
-------------------------------------------------------------------------------- 
Update MRC Release Notes and increment MRC build revision

Hsd-es-id: N/A
Original commit date: Tue May 11 10:30:08 2021 +0800
Change-Id: Ib53bc1d875c1f61f47ea8d756fe27dbe46ad7b03
Original commit hash: 62513b35223787b30df71e3905eee2fb7153aa71

-------------------------------------------------------------------------------- 
[Changed Files]
ClientOneSiliconPkg/IpBlock/MemoryInit/Tgl/LibraryPrivate/PeiMemoryInitLib/Source/Include/MrcVersion.h

================================================================================ 
Commit: 093d584fe1426bd132249b0303badfce16108628 
Author: ClientSysFWGit <clientsysfwgit@intel.com> 
Date: Tue May 25 11:53:42 2021 -0700 
-------------------------------------------------------------------------------- 
[TeamCity] TGL Auto-Commit BIOS ID update TGLMaster BIOS Version to 4202_00

Hsd-es-id: N/A
Original commit date: Tue May 11 11:03:15 2021 -0700
Change-Id: Idf88f0f410e1a6663c3014a8b030af574cf04a1e
Original commit hash: 23457954a2e5ab01a3b7fbcd4fab1fab664a4a78

-------------------------------------------------------------------------------- 
[Changed Files]
TigerLakeBoardPkg/BiosId.env

================================================================================ 
Commit: 973cb04c00f84dc03bf2047036023809e77b1d95 
Author: ClientSysFWGit <clientsysfwgit@intel.com> 
Date: Tue May 25 11:53:40 2021 -0700 
-------------------------------------------------------------------------------- 
[TeamCity] TGL Auto-Commit DailyUpdate_FSP/RC TGLMaster

Hsd-es-id: no sighting
Original commit date: Tue May 11 10:35:48 2021 -0700
Change-Id: Ibb3d911e19fc4bf40353a2511ba2e77fa2395a01
Original commit hash: 83ce4a60812fc1e796b3a6ef11aeaed91776bb90

-------------------------------------------------------------------------------- 
[Changed Files]
TigerLakeFspPkg/TigerLakeFspPkg.dec

================================================================================ 
Commit: 417882e07bb1fdea3559b33621992b62a41f851e 
Author: ClientSysFWGit <clientsysfwgit@intel.com> 
Date: Tue May 25 11:53:38 2021 -0700 
-------------------------------------------------------------------------------- 
TigerLakeBoardPkg/BoardInit: [TGL_H_GC_R0][CONS][20H2] System does not wake from S3 & S4 with magic packet using Foxville LAN Aic

1. To add wake up pin for PCIE slot 1(RP21) and Pcie slot 2(RP01)

Hsd-es-id: 16012880268
Original commit date: Tue Mar 30 18:00:36 2021 +0800
Change-Id: I435de49b1a85d795d2e1d829cdb2968809ec34ad
Original commit hash: d41d47ba2893e7634869794a0ab8f6423a6f1711

-------------------------------------------------------------------------------- 
[Changed Files]
TigerLakeBoardPkg/Acpi/AcpiTables/Dsdt/Dsdt.asl

================================================================================ 
Commit: c638c70dee34a242ea3b08baf484e6da706212c0 
Author: ClientSysFWGit <clientsysfwgit@intel.com> 
Date: Tue May 25 11:53:36 2021 -0700 
-------------------------------------------------------------------------------- 
Update MRC Release Notes and increment MRC build revision

Mon May 10 18:53:44 2021 +0000
Original commit date: Mon May 10 18:53:44 2021 +0000
Original commit hash: ca8f422aed97b05b8fbbda7bae318672cfe1e436

-------------------------------------------------------------------------------- 
[Changed Files]
ClientOneSiliconPkg/IpBlock/MemoryInit/Tgl/LibraryPrivate/PeiMemoryInitLib/Source/Include/MrcVersion.h

================================================================================ 
Commit: f1b7b87b189b6fa4f87024edd40f8cc2fa5c8a50 
Author: ClientSysFWGit <clientsysfwgit@intel.com> 
Date: Tue May 25 11:53:34 2021 -0700 
-------------------------------------------------------------------------------- 
ClientOneSiliconPkg/MemoryInit/Tgl:[TGL]Fixed PiCbEn Data mappings in MRC HAL

[Issue/Feature Description]
    PiCBEn has to be matching across all 25 DLLS (Replica in comp,4 in CCC and 8 in Data) and consequently SDLL PiCbEn has to match

[Resolution]
    Add DDRPHY_COMP_CR_VCCDLLREPLICACTRL2.RxD0PiCB setting, the value should be the same as PiCbEn
    Added PiCbEn CCC and Comp registers to MRC HAL and PHY init (only for LPDDR)
    Made a few additional changes to the PiCbEn registers in PHY init (only for LPDDR)

[Impacted Platform]
TGL All

[internal-only]:

Hsd-es-id: 22013094637
Original commit date: Thu Apr 22 12:28:53 2021 -0700
Change-Id: Ic5432cc1d37c126e6248f07507e3e2aecebd6ae7
Original commit hash: 22932f86d24467013d4cb648be350728ac0b882e

-------------------------------------------------------------------------------- 
[Changed Files]
ClientOneSiliconPkg/IpBlock/MemoryInit/Tgl/Include/MrcCommonTypes.h
ClientOneSiliconPkg/IpBlock/MemoryInit/Tgl/LibraryPrivate/PeiMemoryInitLib/Source/Chip/DdrIo/MrcDdrIoConfig.c
ClientOneSiliconPkg/IpBlock/MemoryInit/Tgl/LibraryPrivate/PeiMemoryInitLib/Source/Hal/MrcDdrIoOffsets.c
ClientOneSiliconPkg/IpBlock/MemoryInit/Tgl/LibraryPrivate/PeiMemoryInitLib/Source/Hal/MrcHalRegisterAccess.c
ClientOneSiliconPkg/IpBlock/MemoryInit/Tgl/LibraryPrivate/PeiMemoryInitLib/Source/Include/MrcRegisters/Tigerlake/MrcMcRegisterTgl3xxx.h

================================================================================ 
Commit: 6cc6d908b25aeef4af30b114d943cc636a253f35 
Author: ClientSysFWGit <clientsysfwgit@intel.com> 
Date: Tue May 25 11:53:30 2021 -0700 
-------------------------------------------------------------------------------- 
ClientOneSiliconPkg/MemoryInit/Tgl:[TGL] LP4x 4267 Write Timing Centering failure fix

[Issue/Feature Description]
    Some devices fail to boot on frequency 4267 due to Write Timing Centering failed

[Resolution]
    Set the RloadInstances to 5 and RloadOffset to 8 on LP4 4267 G2
    Adjust final Rx 2D Centering Loopcount for LP4x 4267

[Impacted Platform]
TGL U/Y with LP4x 4267 only

Hsd-es-id: 22013103392
Original commit date: Tue Mar 2 15:08:29 2021 +0800
Change-Id: I961fa2adc0cf319a88aaa41d49e0af6c8f3b9577
Original commit hash: a22ee0023cc4566b6091b1e8ad9b458e4955e206

-------------------------------------------------------------------------------- 
[Changed Files]
ClientOneSiliconPkg/IpBlock/MemoryInit/Tgl/LibraryPrivate/PeiMemoryInitLib/Source/ReadTraining/MrcReadDqDqs.c
ClientOneSiliconPkg/IpBlock/MemoryInit/Tgl/LibraryPrivate/PeiMemoryInitLib/Source/Services/MrcCommon.c
ClientOneSiliconPkg/IpBlock/MemoryInit/Tgl/LibraryPrivate/PeiMemoryInitLib/Source/Services/MrcMcConfiguration.c

================================================================================ 
Commit: a335f49c37c8fb7218aee71619792d870150e3f5 
Author: ClientSysFWGit <clientsysfwgit@intel.com> 
Date: Tue May 25 11:53:28 2021 -0700 
-------------------------------------------------------------------------------- 
[TeamCity] TGL Auto-Commit BIOS ID update TGLMaster BIOS Version to 4201_00

Hsd-es-id: N/A
Original commit date: Mon May 10 11:03:31 2021 -0700
Change-Id: I78448ffdc6fdfb60d7df59fce8404be87e23159f
Original commit hash: 5a502f88ee18bc5d602edf4af87aafe486e36d40

-------------------------------------------------------------------------------- 
[Changed Files]
TigerLakeBoardPkg/BiosId.env

================================================================================ 
Commit: 77be3e9264dc4dc7c2fb00a452cbe349dd355e11 
Author: ClientSysFWGit <clientsysfwgit@intel.com> 
Date: Tue May 25 11:53:25 2021 -0700 
-------------------------------------------------------------------------------- 
[TeamCity] TGL Auto-Commit DailyUpdate_FSP/RC TGLMaster

Hsd-es-id: no sighting
Original commit date: Mon May 10 10:50:46 2021 -0700
Change-Id: Ie326e3f42ca2210f027e352e69f8679b43032bf6
Original commit hash: dfc6f7c3e959f8e6a6615ad9061737d759b7fdff

-------------------------------------------------------------------------------- 
[Changed Files]
TigerLakeFspPkg/TigerLakeFspPkg.dec

================================================================================ 
Commit: 484eb719d9a107a104dde71036c239540e7dd781 
Author: ClientSysFWGit <clientsysfwgit@intel.com> 
Date: Tue May 25 11:53:23 2021 -0700 
-------------------------------------------------------------------------------- 
[TeamCity] TGL Auto-Commit BIOS ID update TGLMaster BIOS Version to 4197_00

Hsd-es-id: N/A
Original commit date: Sun May 9 11:03:39 2021 -0700
Change-Id: I9659925f3939a466e1926751317d69efc2de52a8
Original commit hash: 4f758b6a2f8f29fb643f43037450496d70609f29

-------------------------------------------------------------------------------- 
[Changed Files]
TigerLakeBoardPkg/BiosId.env

================================================================================ 
Commit: 3f63530a22467099f3e67f8cf3e096137c0f0128 
Author: ClientSysFWGit <clientsysfwgit@intel.com> 
Date: Tue May 25 11:53:21 2021 -0700 
-------------------------------------------------------------------------------- 
[TeamCity] TGL Auto-Commit DailyUpdate_FSP/RC TGLMaster

Hsd-es-id: no sighting
Original commit date: Sun May 9 10:33:02 2021 -0700
Change-Id: I49a1693b4c2074c3f46c3005a3c7624135b756de
Original commit hash: 21c65b75b07d1db795095e81e37ba527eedc5de3

-------------------------------------------------------------------------------- 
[Changed Files]
TigerLakeFspPkg/TigerLakeFspPkg.dec

================================================================================ 
Commit: 07cb2bf81933714c31bd23ca919755fb721d8c57 
Author: ClientSysFWGit <clientsysfwgit@intel.com> 
Date: Tue May 25 11:53:19 2021 -0700 
-------------------------------------------------------------------------------- 
[TeamCity] TGL Auto-Commit WeeklyUpdate_FSP/RC TGLMaster

Hsd-es-id: no sighting
Original commit date: Sun May 9 10:03:11 2021 -0700
Change-Id: I3b771e9843780811f56df0c167f4231c30e29253
Original commit hash: 27218a1ce9a670a31fc046998eb442840a820269

-------------------------------------------------------------------------------- 
[Changed Files]
TigerLakeFspPkg/TigerLakeFspPkg.dec

================================================================================ 
Commit: 254c4f9f2bc6476698b59651dd96db9d3eeaf2fe 
Author: ClientSysFWGit <clientsysfwgit@intel.com> 
Date: Tue May 25 11:53:17 2021 -0700 
-------------------------------------------------------------------------------- 
[TeamCity] TGL Auto-Commit BIOS ID update TGLMaster BIOS Version to 4196_00

Hsd-es-id: N/A
Original commit date: Sat May 8 11:13:27 2021 -0700
Change-Id: I4e78dc74b86a2bdb8b79811af1a423c2aa2f8ec2
Original commit hash: 88c3452caf6955174e3cc2beff372a9e3c217159

-------------------------------------------------------------------------------- 
[Changed Files]
TigerLakeBoardPkg/BiosId.env

================================================================================ 
Commit: 7a949a7018903bf397c7a6f29ecd63cd850d755a 
Author: ClientSysFWGit <clientsysfwgit@intel.com> 
Date: Tue May 25 11:53:15 2021 -0700 
-------------------------------------------------------------------------------- 
[TeamCity] TGL Auto-Commit DailyUpdate_FSP/RC TGLMaster

Hsd-es-id: no sighting
Original commit date: Sat May 8 10:34:14 2021 -0700
Change-Id: Ifefbc8c32d861d7a55971dc1931f6b91212eb8f0
Original commit hash: cac96393c09a21bf183402675065361ee3e5067f

-------------------------------------------------------------------------------- 
[Changed Files]
TigerLakeFspPkg/TigerLakeFspPkg.dec

================================================================================ 
Commit: f3ae39788f58d2e4da9905938a5a0548e84f547f 
Author: ClientSysFWGit <clientsysfwgit@intel.com> 
Date: Tue May 25 11:53:13 2021 -0700 
-------------------------------------------------------------------------------- 
[TGL-H-R0][QS]-DMI ASPM should be enabled in Link Control at end of DMI programming flow (definitely after reaching max Target Link Speed)
-- Link Retrain in gen1 for CPU DMI to support NFTS Programming.
-- Enabling DMI ASPM after link train to Gen3

Hsd-es-id: 22012969683
Original commit date: Wed Mar 10 15:07:40 2021 +0530
Change-Id: Id80792e2103d66f6f5628688feba22790252f8be
Original commit hash: 4ecc49e9f3fde9f81643e4ab0240267e68ac4cfe

-------------------------------------------------------------------------------- 
[Changed Files]
ClientOneSiliconPkg/IpBlock/CpuDmi/LibraryPrivate/PeiCpuDmiInitLibVer2/PeiCpuDmi16.c
ClientOneSiliconPkg/IpBlock/PchDmi/IncludePrivate/Library/PeiPchDmiLib.h
ClientOneSiliconPkg/IpBlock/PchDmi/LibraryPrivate/PeiDxeSmmPchDmiLib/PchDmi15.h
ClientOneSiliconPkg/IpBlock/PchDmi/LibraryPrivate/PeiDxeSmmPchDmiLib/PeiPchDmi15.c
ClientOneSiliconPkg/IpBlock/PchDmi/LibraryPrivate/PeiDxeSmmPchDmiLib/PeiPchDmiLib.c

================================================================================ 
Commit: efa259ade81358ee425ff7c7ce1a9ab30c213f65 
Author: ClientSysFWGit <clientsysfwgit@intel.com> 
Date: Tue May 25 11:53:11 2021 -0700 
-------------------------------------------------------------------------------- 
[TeamCity] TGL Auto-Commit BIOS ID update TGLMaster BIOS Version to 4195_00

Hsd-es-id: N/A
Original commit date: Fri May 7 11:05:15 2021 -0700
Change-Id: I01b29c76583310db892ff2104668b3e90c9e3137
Original commit hash: f3796cf801da6760e68b8231c09e63b7004bc2af

-------------------------------------------------------------------------------- 
[Changed Files]
TigerLakeBoardPkg/BiosId.env

================================================================================ 
Commit: e2cd06245ce85ab84a29d7e443f352deba1255b9 
Author: ClientSysFWGit <clientsysfwgit@intel.com> 
Date: Tue May 25 11:53:09 2021 -0700 
-------------------------------------------------------------------------------- 
[TeamCity] TGL Auto-Commit DailyUpdate_FSP/RC TGLMaster

Hsd-es-id: no sighting
Original commit date: Fri May 7 10:34:16 2021 -0700
Change-Id: I9b9f8e81daf7a7e0b3c724c6c4026df8c32dbf83
Original commit hash: f55d2e805b39f59950ad4a7b4f57ac4ed5b92b7b

-------------------------------------------------------------------------------- 
[Changed Files]
TigerLakeFspPkg/TigerLakeFspPkg.dec

================================================================================ 
Commit: 7ddd905ff499ca021fe8d9fee07ef563741ba50f 
Author: ClientSysFWGit <clientsysfwgit@intel.com> 
Date: Tue May 25 11:53:07 2021 -0700 
-------------------------------------------------------------------------------- 
[TeamCity] TGL Auto-Commit BIOS ID update TGLMaster BIOS Version to 4194_00

Hsd-es-id: N/A
Original commit date: Thu May 6 11:07:38 2021 -0700
Change-Id: I874a7d015cdacff873d46bc520bc5a0aeb703db3
Original commit hash: 37584484c2adb1f920a6c3518438f6dadca7d847

-------------------------------------------------------------------------------- 
[Changed Files]
TigerLakeBoardPkg/BiosId.env

================================================================================ 
Commit: dc7c1dca6bd7e4165f21873755d759e3cfbb2b9a 
Author: ClientSysFWGit <clientsysfwgit@intel.com> 
Date: Tue May 25 11:53:05 2021 -0700 
-------------------------------------------------------------------------------- 
[TGL]Cold boot time and S3 resume time increase about 300ms-600ms

Applying the 5G power off sequence only when 5G modem is enabled.

Hsd-es-id: 1509165383
Original commit date: Thu May 6 18:06:29 2021 +0800
Change-Id: Ia7c0f51a46f101bd42d17f32ded20d77bcd3bdcc
Original commit hash: d812c97f380a9342c345afd01b4df2c13fe1b340

-------------------------------------------------------------------------------- 
[Changed Files]
TigerLakePlatSamplePkg/PlatformInitAdvanced/PlatformInitAdvancedPei/PlatformInitAdvancedPreMem.c

================================================================================ 
Commit: dbf46eb92a507006787f35cb9d665e27577ee7a6 
Author: ClientSysFWGit <clientsysfwgit@intel.com> 
Date: Tue May 25 11:53:03 2021 -0700 
-------------------------------------------------------------------------------- 
[TeamCity] TGL Auto-Commit DailyUpdate_FSP/RC TGLMaster

Hsd-es-id: no sighting
Original commit date: Thu May 6 10:53:35 2021 -0700
Change-Id: I0e4a3a7741ed87302105fe8d6d6d674caeedbe8c
Original commit hash: c4658c7e853a97c3f93040575d554754c316b8a6

-------------------------------------------------------------------------------- 
[Changed Files]
TigerLakeFspPkg/TigerLakeFspPkg.dec

================================================================================ 
Commit: 3efc7382e1a170b5c538f93b2bf46ec015a21f6f 
Author: ClientSysFWGit <clientsysfwgit@intel.com> 
Date: Tue May 25 11:53:00 2021 -0700 
-------------------------------------------------------------------------------- 
TigerLakeBoardPkg: Intel SST Support for Windows Bluetooth A2DP Sideband

Update A2DP format for TGL-C only.

Hsd-es-id: 22011649652
Original commit date: Tue Apr 27 06:33:54 2021 -0700
Change-Id: I50336f1bab9df95f8006088a7a9ee6da84704c5e
Original commit hash: 80331a11d12a654efa66aa5ec696f912df2f8fc4

-------------------------------------------------------------------------------- 
[Changed Files]
TigerLakePlatSamplePkg/Library/DxeInstallNhltTableLib/DxeCreateNhltTableLib.c
TigerLakePlatSamplePkg/Library/DxeInstallNhltTableLib/NhltConfig.c
TigerLakePlatSamplePkg/Library/DxeInstallNhltTableLib/NhltEndpoints.c
TigerLakePlatSamplePkg/Library/DxeInstallNhltTableLib/NhltEndpoints.h
TigerLakePlatSamplePkg/Setup/PchSetup.hfr

================================================================================ 
Commit: db563049fe0c6627cd6d8cbfd15e62b33a90fff1 
Author: ClientSysFWGit <clientsysfwgit@intel.com> 
Date: Tue May 25 11:52:58 2021 -0700 
-------------------------------------------------------------------------------- 
[TGL][Tigerlake-Master]Added new and update PM override support for IOTG skus ww09'21

Hsd-es-id: 22012637536
Original commit date: Wed May 5 12:58:38 2021 +0800
Change-Id: Id5b34680514e55790a36b3861c48040264f651e8
Original commit hash: 80e27a995e1f9f273358ac95202708b664ef9d2d

-------------------------------------------------------------------------------- 
[Changed Files]
ClientOneSiliconPkg/Fru/TglCpu/IncludePrivate/CpuGenInfoFruLib.h
ClientOneSiliconPkg/Fru/TglCpu/LibraryPrivate/BaseCpuInfoFruLib/BaseCpuInfoFruLib.c
ClientOneSiliconPkg/Fru/TglCpu/VoltageRegulator/LibraryPrivate/PeiVrFruLib/PeiVrFruLib.c

================================================================================ 
Commit: 6b87cd095cd0cc8dcd16262c5983517f10227fcc 
Author: ClientSysFWGit <clientsysfwgit@intel.com> 
Date: Tue May 25 11:52:55 2021 -0700 
-------------------------------------------------------------------------------- 
[TeamCity] TGL Auto-Commit BIOS ID update TGLMaster BIOS Version to 4193_00

Hsd-es-id: N/A
Original commit date: Wed May 5 11:17:02 2021 -0700
Change-Id: I9c27b1e548a9bdb80765e1c9f4f077cd805657ad
Original commit hash: 6806fbae390d9fc8c5a779a5118a626ef5400851

-------------------------------------------------------------------------------- 
[Changed Files]
TigerLakeBoardPkg/BiosId.env

================================================================================ 
Commit: 80273c8f2e528fbf31cd832b418858d271d8261c 
Author: ClientSysFWGit <clientsysfwgit@intel.com> 
Date: Tue May 25 11:52:53 2021 -0700 
-------------------------------------------------------------------------------- 
[TeamCity] TGL Auto-Commit DailyUpdate_FSP/RC TGLMaster

Hsd-es-id: no sighting
Original commit date: Wed May 5 10:43:17 2021 -0700
Change-Id: I86f9fa191ea4c8177d687979545243f0a53a1347
Original commit hash: 0422d65a8e7177e7b199d0f24b53292e50a42ab3

-------------------------------------------------------------------------------- 
[Changed Files]
TigerLakeFspPkg/TigerLakeFspPkg.dec

================================================================================ 
Commit: ee5fb5e0b91e01388906b7271bc3511a1dc1a019 
Author: ClientSysFWGit <clientsysfwgit@intel.com> 
Date: Tue May 25 11:52:47 2021 -0700 
-------------------------------------------------------------------------------- 
[TeamCity] TGL Auto-Commit BIOS ID update TGLMaster BIOS Version to 4192_01

Hsd-es-id: N/A
Original commit date: Tue May 4 20:14:13 2021 -0700
Change-Id: I3b64f58ce8df4b0db63604fd470ab93de4e57da1
Original commit hash: b2e3568b7f7ed1642ff2b18558334e05bc9b2c3a

-------------------------------------------------------------------------------- 
[Changed Files]
TigerLakeBoardPkg/BiosId.env

================================================================================ 
Commit: ef0ccc14f13bd546501312d589664faf3aed79a1 
Author: ClientSysFWGit <clientsysfwgit@intel.com> 
Date: Tue May 25 11:52:43 2021 -0700 
-------------------------------------------------------------------------------- 
[TeamCity] TGL Auto-Commit DailyUpdate_FSP/RC TGLMaster

Hsd-es-id: no sighting
Original commit date: Tue May 4 20:08:39 2021 -0700
Change-Id: Ie39a1423ad97b7809b964bcacd705b541671f450
Original commit hash: 6bc008be0d7a3133c6a27cfe193c4fe1d5ac1be2

-------------------------------------------------------------------------------- 
[Changed Files]
TigerLakeFspPkg/TigerLakeFspPkg.dec

================================================================================ 
Commit: 85edd7a0bdd287950b6b24c5771f2c6b71d1d3e7 
Author: ClientSysFWGit <clientsysfwgit@intel.com> 
Date: Tue May 25 11:52:41 2021 -0700 
-------------------------------------------------------------------------------- 
[TGL] Toggling PERST during PLDR flow and applying reset WA to 5G modem

1.Toggling PERST during PLDR flow
2.Applying reset WA to 5G modem

Hsd-es-id: 22012973084, 22012973170
Original commit date: Thu Apr 15 13:29:40 2021 +0800
Change-Id: I266c6109111e07aff2c709712e2ee7c99ffe332c
Original commit hash: 6eee89e9192c8bbc7fa4fc0045b691cfafa337cb

-------------------------------------------------------------------------------- 
[Changed Files]
TigerLakeBoardPkg/Acpi/AcpiTables/Dsdt/PlatformNvs.asl
TigerLakeBoardPkg/Acpi/AcpiTables/Dsdt/Wwan.asl
TigerLakeBoardPkg/Acpi/AcpiTables/SsdtRtd3/Rtd3Pcie5GWwan.asl
TigerLakeBoardPkg/Acpi/AcpiTables/SsdtRtd3/Rtd3PcieWwan.asl
TigerLakeBoardPkg/Acpi/AdvancedAcpiDxe/AcpiPlatform.c
TigerLakeBoardPkg/Acpi/AdvancedAcpiDxe/AdvancedAcpiDxe.inf
TigerLakeBoardPkg/BoardPkg.dec
TigerLakeBoardPkg/Include/PlatformNvsAreaDef.h
TigerLakePlatSamplePkg/Include/SetupVariable.h
TigerLakePlatSamplePkg/PlatformInitAdvanced/PlatformInitAdvancedPei/PlatformInitAdvancedPreMem.c
TigerLakePlatSamplePkg/PlatformInitAdvanced/PlatformInitAdvancedPei/PlatformInitAdvancedPreMem.inf
TigerLakePlatSamplePkg/Setup/ConnectivitySetup.hfr

================================================================================ 
Commit: ed2ae34126c354ab66b6f95a5d193673a9b8a24b 
Author: ClientSysFWGit <clientsysfwgit@intel.com> 
Date: Tue May 25 11:52:36 2021 -0700 
-------------------------------------------------------------------------------- 
TGL R0 Unified [uCode+pCode] Patch ID 0x2e

Hsd-es-id: 22013064196
Original commit date: Mon May 3 14:55:09 2021 -0700
Change-Id: I2d29489984b39681b7c1e2bd17a8e6160e29b596
Original commit hash: aa6aeb387179288fc39223306925c034f677cf2c

-------------------------------------------------------------------------------- 
[Changed Files]
TigerLakeBoardPkg/BoardPkg.fdf

================================================================================ 
Commit: b9e9df8e1ecae701f654c8947f0a1c2104f293ce 
Author: ClientSysFWGit <clientsysfwgit@intel.com> 
Date: Tue May 25 11:52:32 2021 -0700 
-------------------------------------------------------------------------------- 
TcssSsdt: BIOS Work-around RCR to handle CPU xHCI PME_EN bit

PME_EN check as a part of _PS3 & set it if OS does not set

Hsd-es-id: 1509158489
Original commit date: Tue May 4 14:14:07 2021 -0700
Change-Id: I933c0437de472bd352f641561d5c39e173e5255e
Original commit hash: 4a2f675af561df5893aa5b38c2fafc8f1e2cad2c

-------------------------------------------------------------------------------- 
[Changed Files]
ClientOneSiliconPkg/IpBlock/Tcss/AcpiTables/TcssSsdt/TcssXhci.asl

================================================================================ 
Commit: a7c56e6ea947f3a0ed082a382e28018953c9b7a8 
Author: ClientSysFWGit <clientsysfwgit@intel.com> 
Date: Tue May 25 11:52:29 2021 -0700 
-------------------------------------------------------------------------------- 
ClientOneSiliconPkg: Low priority tool chain default build for CLANGPDB

Lower priority CLANGPDB for Silicon build to unlock policy check failure

Hsd-es-id: N/A
Original commit date: Tue May 4 18:25:14 2021 -0700
Change-Id: I47067c3bfb2323fd7245e9f1660263663b9a8d8e
Original commit hash: 39b9129dcf3713ff51163b54ca049b746ff149d2

-------------------------------------------------------------------------------- 
[Changed Files]
ClientOneSiliconPkg/ClientOneSiliconBuild.py

================================================================================ 
Commit: 8e8109ba592bb4af7784d3128eab82a03c5c274d 
Author: ClientSysFWGit <clientsysfwgit@intel.com> 
Date: Tue May 25 11:52:26 2021 -0700 
-------------------------------------------------------------------------------- 
[TGL/RKL/RPL][Audio][SNDW]: Need to Set DOAIS register to max value to support multiple SNDW topologies

00 - 6 clock periods
01 - 7 clock periods
10 - 8 clock periods
11 - 11 clock periods

Hsd-es-id: 22012800606
Original commit date: Fri Apr 16 12:17:35 2021 -0700
Change-Id: Iadfc4cd4f4cc8ae8b57bb9567176ef958ee1db79
Original commit hash: 95a36c513fed01cef0b2c8bc60e9e0ad381a58e7

-------------------------------------------------------------------------------- 
[Changed Files]
ClientOneSiliconPkg/Include/ConfigBlock/Hda/HdAudioConfig.h
TigerLakePlatSamplePkg/Setup/PchSetup.hfr
TigerLakePlatSamplePkg/Setup/PchSetup.uni

================================================================================ 
Commit: bc482ded33f648bf2edbf7ad12317b5e135d1cb9 
Author: ClientSysFWGit <clientsysfwgit@intel.com> 
Date: Tue May 25 11:52:24 2021 -0700 
-------------------------------------------------------------------------------- 
[TeamCity] TGL Auto-Commit BIOS ID update TGLMaster BIOS Version to 4192_00

Hsd-es-id: N/A
Original commit date: Tue May 4 11:15:38 2021 -0700
Change-Id: I7a303f6cccdc6641d7918ce8162862337ff444d2
Original commit hash: 63066bf7019f5118417aff7e5ae19e685c61e6ce

-------------------------------------------------------------------------------- 
[Changed Files]
TigerLakeBoardPkg/BiosId.env

================================================================================ 
Commit: a15bb34f5457c878f9daee3c5b3e882cf3a1035e 
Author: ClientSysFWGit <clientsysfwgit@intel.com> 
Date: Tue May 25 11:52:21 2021 -0700 
-------------------------------------------------------------------------------- 
[TeamCity] TGL Auto-Commit DailyUpdate_FSP/RC TGLMaster

Hsd-es-id: no sighting
Original commit date: Tue May 4 10:33:54 2021 -0700
Change-Id: I6b2bc2e0e3ff03a546f1e1d20cb42af9011a4607
Original commit hash: c8b349ff7abcbc46ccf59e019b6fdc4fb6b1b2bf

-------------------------------------------------------------------------------- 
[Changed Files]
TigerLakeFspPkg/TigerLakeFspPkg.dec

================================================================================ 
Commit: caf67eaacf21875f0910f2049d5eca22e9dec3da 
Author: ClientSysFWGit <clientsysfwgit@intel.com> 
Date: Tue May 25 11:52:19 2021 -0700 
-------------------------------------------------------------------------------- 
Add RaceConditionResponse option to Setup & CPU policy

Hsd-es-id: 22012981357
Original commit date: Fri Apr 23 17:56:26 2021 -0700
Change-Id: I6f13c9ac4861b3fc49e02cdba323c6042ccf0be3
Original commit hash: 623c61b632375736e9b305108fb9d3eb00ea10e6

-------------------------------------------------------------------------------- 
[Changed Files]
ClientOneSiliconPkg/Cpu/Include/ConfigBlock/CpuConfig.h
ClientOneSiliconPkg/Cpu/IncludePrivate/Library/CpuInitLib.h
ClientOneSiliconPkg/Cpu/Library/PeiCpuPolicyLib/CpuPrintPolicy.c
ClientOneSiliconPkg/Cpu/LibraryPrivate/PeiCpuInitLib/Features.c
TigerLakeFspPkg/Library/PeiPolicyUpdateLib/PeiCpuPolicyUpdate.c
TigerLakeFspPkg/Upd/FspsUpd.dsc
TigerLakePlatSamplePkg/Include/SetupVariable.h
TigerLakePlatSamplePkg/Library/PeiPolicyUpdateLib/PeiCpuPolicyUpdate.c
TigerLakePlatSamplePkg/Setup/CpuSetup.hfr
TigerLakePlatSamplePkg/Setup/CpuSetup.uni

================================================================================ 
Commit: cac35d294a38bee5ec17007593bb5cd97abfffae 
Author: ClientSysFWGit <clientsysfwgit@intel.com> 
Date: Tue May 25 11:52:16 2021 -0700 
-------------------------------------------------------------------------------- 
[TGL] Tcss BiosInit PMC command error - increases Debug boot time by 2 seconds - Fixed

BIOS move the XHCI Lock setting before PMC and BIOS handshake.

Hsd-es-id: 22012780133
Original commit date: Wed Apr 28 06:38:09 2021 -0700
Change-Id: I31d59eaeb2269e0939ae0b7cd29db8ca9252e056
Original commit hash: 4e69d794c32885fb4157e6bcff931cc496b85183

-------------------------------------------------------------------------------- 
[Changed Files]
ClientOneSiliconPkg/IpBlock/Tcss/LibraryPrivate/PeiTcssInitLib/TcssInit.c

================================================================================ 
Commit: c02e8a005bb4afc7ab05a35cdede1f2e374c2ffc 
Author: ClientSysFWGit <clientsysfwgit@intel.com> 
Date: Tue May 25 11:52:14 2021 -0700 
-------------------------------------------------------------------------------- 
[TeamCity] TGL Auto-Commit BIOS ID update TGLMaster BIOS Version to 4191_00

Hsd-es-id: N/A
Original commit date: Mon May 3 11:03:58 2021 -0700
Change-Id: I28dfcd624b20aba2cc8c1210c0cde2c54a808f9a
Original commit hash: 06e53f9a7126cbdd299c5fa17d5674dd4ab96d00

-------------------------------------------------------------------------------- 
[Changed Files]
TigerLakeBoardPkg/BiosId.env

================================================================================ 
Commit: 878f73baa1ddbff04ac20c32e8f9682ced4d0fb1 
Author: ClientSysFWGit <clientsysfwgit@intel.com> 
Date: Tue May 25 11:52:11 2021 -0700 
-------------------------------------------------------------------------------- 
[TeamCity] TGL Auto-Commit DailyUpdate_FSP/RC TGLMaster

Hsd-es-id: no sighting
Original commit date: Mon May 3 10:33:47 2021 -0700
Change-Id: Ie0848bf08765f9d267af78c94b254cb2cd6ae352
Original commit hash: a1c8ce45870210fe7cba0ea275095687b40b0d01

-------------------------------------------------------------------------------- 
[Changed Files]
TigerLakeFspPkg/TigerLakeFspPkg.dec

================================================================================ 
Commit: 1193d7f1b311f88add2421297898a5878d9d0649 
Author: ClientSysFWGit <clientsysfwgit@intel.com> 
Date: Tue May 25 11:52:09 2021 -0700 
-------------------------------------------------------------------------------- 
[TeamCity] TGL Auto-Commit BIOS ID update TGLMaster BIOS Version to 4187_00

Hsd-es-id: N/A
Original commit date: Sun May 2 11:04:36 2021 -0700
Change-Id: Id4fdfe4e4ff91b16d5128d228ae87fcb4f586d01
Original commit hash: e8beae23b3efceb6250ebeb7caf9038c69d8d79c

-------------------------------------------------------------------------------- 
[Changed Files]
TigerLakeBoardPkg/BiosId.env

================================================================================ 
Commit: 9886cb3122fc44984871d79d95d588e16fc4fd5e 
Author: ClientSysFWGit <clientsysfwgit@intel.com> 
Date: Tue May 25 11:52:07 2021 -0700 
-------------------------------------------------------------------------------- 
[TeamCity] TGL Auto-Commit DailyUpdate_FSP/RC TGLMaster

Hsd-es-id: no sighting
Original commit date: Sun May 2 10:32:51 2021 -0700
Change-Id: I9c7cfd12e00e00f6da45d1e09e0441cb38c30727
Original commit hash: f2df06f9726945534369d93b7d60f7c5a823bd7d

-------------------------------------------------------------------------------- 
[Changed Files]
TigerLakeFspPkg/TigerLakeFspPkg.dec

================================================================================ 
Commit: 6657c758874bbbca3bf07699da0240e8940efdfb 
Author: ClientSysFWGit <clientsysfwgit@intel.com> 
Date: Tue May 25 11:52:05 2021 -0700 
-------------------------------------------------------------------------------- 
[TeamCity] TGL Auto-Commit WeeklyUpdate_FSP/RC TGLMaster

Hsd-es-id: no sighting
Original commit date: Sun May 2 10:03:14 2021 -0700
Change-Id: I6bdc548b928d3cc23112ce256022906bba89b816
Original commit hash: 32fd86e63947753b0c40aec3531457df856a169f

-------------------------------------------------------------------------------- 
[Changed Files]
TigerLakeFspPkg/TigerLakeFspPkg.dec

================================================================================ 
Commit: 743a9d15d73c82bd5c2b2c7fd4382206a449d246 
Author: ClientSysFWGit <clientsysfwgit@intel.com> 
Date: Tue May 25 11:52:02 2021 -0700 
-------------------------------------------------------------------------------- 
[TeamCity] TGL Auto-Commit BIOS ID update TGLMaster BIOS Version to 4186_00

Hsd-es-id: N/A
Original commit date: Sat May 1 11:03:19 2021 -0700
Change-Id: Ib31f781ba3d3a23628246999d84f8f1ebd2dcdab
Original commit hash: d3cebcf8b5bdc53b9ef043fb4e326bde22d87e6f

-------------------------------------------------------------------------------- 
[Changed Files]
TigerLakeBoardPkg/BiosId.env

================================================================================ 
Commit: 3023da803eb8ef5a80f636e8a379b00e081ca840 
Author: ClientSysFWGit <clientsysfwgit@intel.com> 
Date: Tue May 25 11:51:59 2021 -0700 
-------------------------------------------------------------------------------- 
[TeamCity] TGL Auto-Commit DailyUpdate_FSP/RC TGLMaster

Hsd-es-id: no sighting
Original commit date: Sat May 1 10:33:10 2021 -0700
Change-Id: If8274fd59f0aaa9ef7f0b438824fd35e69e15af1
Original commit hash: 1fa8cae2b49fd7722d5b7d565343e4e69f88e112

-------------------------------------------------------------------------------- 
[Changed Files]
TigerLakeFspPkg/TigerLakeFspPkg.dec

================================================================================ 
Commit: 387a5f775c0159770fd79c56184891b96a864b21 
Author: ClientSysFWGit <clientsysfwgit@intel.com> 
Date: Tue May 25 11:51:57 2021 -0700 
-------------------------------------------------------------------------------- 
[TeamCity] TGL Auto-Commit BIOS ID update TGLMaster BIOS Version to 4185_00

Hsd-es-id: N/A
Original commit date: Fri Apr 30 11:04:17 2021 -0700
Change-Id: I601fe6862754af985bf279d768ecbe1abc331db2
Original commit hash: 1e8d637f5779e827d58f58c887def9dee505facc

-------------------------------------------------------------------------------- 
[Changed Files]
TigerLakeBoardPkg/BiosId.env

================================================================================ 
Commit: b7530100909703b215ebe26e01af09408cbbce8d 
Author: ClientSysFWGit <clientsysfwgit@intel.com> 
Date: Tue May 25 11:51:55 2021 -0700 
-------------------------------------------------------------------------------- 
[TeamCity] TGL Auto-Commit DailyUpdate_FSP/RC TGLMaster

Hsd-es-id: no sighting
Original commit date: Fri Apr 30 10:33:35 2021 -0700
Change-Id: I512e866f1a1707ca86e7aff4253ac9ca423db068
Original commit hash: 1168f2efcef030bde2a5bcdcf16c1e6bfa6aa56a

-------------------------------------------------------------------------------- 
[Changed Files]
TigerLakeFspPkg/TigerLakeFspPkg.dec

================================================================================ 
Commit: dcfa0ae41cc8d2a92a4da4a69b8896c66d927875 
Author: ClientSysFWGit <clientsysfwgit@intel.com> 
Date: Tue May 25 11:51:52 2021 -0700 
-------------------------------------------------------------------------------- 
[TeamCity] TGL Auto-Commit BIOS ID update TGLMaster BIOS Version to 4184_00

Hsd-es-id: N/A
Original commit date: Thu Apr 29 11:10:56 2021 -0700
Change-Id: Ia4383a084ae192aaee7d4d1bdf881a4627839b91
Original commit hash: 16b5d25de6d64f0fdf5832aaa7d09fcbe6eca701

-------------------------------------------------------------------------------- 
[Changed Files]
TigerLakeBoardPkg/BiosId.env

================================================================================ 
Commit: 90e1a6d9ba3e668de9a4ca44d276aeb7aca6765c 
Author: ClientSysFWGit <clientsysfwgit@intel.com> 
Date: Tue May 25 11:51:50 2021 -0700 
-------------------------------------------------------------------------------- 
[TeamCity] TGL Auto-Commit DailyUpdate_FSP/RC TGLMaster

Hsd-es-id: no sighting
Original commit date: Thu Apr 29 10:35:58 2021 -0700
Change-Id: I34691ae7d35e55af2b90b88c4d240edfe688f707
Original commit hash: 56991ca555af0ace3f182927c835ea3400a9bcf9

-------------------------------------------------------------------------------- 
[Changed Files]
Release_Notes.docx
TigerLakeFspPkg/TigerLakeFspPkg.dec
