================================================================================ 
Commit: a190d14dc8ac12428311fd61bbb764ed5ba8a984 
Author: ClientSysFWGit <clientsysfwgit@intel.com> 
Date: Mon Dec 15 17:07:25 2025 +0530 
-------------------------------------------------------------------------------- 
Added Doxygen and License file for ARL-S 5494_00 label.

-------------------------------------------------------------------------------- 
[Changed Files]
ClientOneSiliconPkg/SiPkg.dec
Doxygen/BoardApi.chm
Doxygen/FspApi.chm
Doxygen/MeteorLake_FSP_Integration_Guide.chm
Doxygen/MeteorLake_FSP_Integration_Guide.pdf
Doxygen/PlatApi.chm
Doxygen/SiPkgApi.chm
LICENSE.txt

================================================================================ 
Commit: 68471b196716eebc6a0ba074fed5b689f65f38ae 
Author: ClientSysFWGit <clientsysfwgit@intel.com> 
Date: Mon Dec 15 16:59:00 2025 +0530 
-------------------------------------------------------------------------------- 
"MTL MeteorLakeJenkins_arrowlake_s_program_platform_Daily Daily Updating Version/ID: MeteorLake_5494_00

Hsd-es-id: N/A"
Original commit date: Thu Dec 4 08:10:22 2025 +0000
Original commit hash: b24ad0d847d18751794b27e4241d31c4ca16ebc4

-------------------------------------------------------------------------------- 
[Changed Files]
ClientOneSiliconPkg/Product/MeteorLake/SiPkgPcdInit.dsc
MeteorLakeBoardPkg/BiosId.env
MeteorLakeFspPkg/FspPkgPcdInit.dsc

================================================================================ 
Commit: e27414207855ad633baf2356f91e63472cb4d8b2 
Author: ClientSysFWGit <clientsysfwgit@intel.com> 
Date: Mon Dec 15 16:58:56 2025 +0530 
-------------------------------------------------------------------------------- 
DisCo update for Alc711

[Feature Description]
DisCo update for Alc711 to fix issue related to data port setting.

Package/Module:
Features/Audio/SndwDevTopologyFeaturePkg

[Impacted Platform]
ARL

Hsd-es-id: 18043998472
Original commit date: Thu Nov 20 12:11:26 2025 +0000
Change-Id: I1c17fe2d1249e393d7967f5b6c9ce64f49cd52da
Original commit hash: 0569f61e9639a8ce9d052126109a5883482b2a84

-------------------------------------------------------------------------------- 
[Changed Files]
Features/Audio/SndwDevTopologyFeaturePkg/AcpiTables/Desktop/SndwDevTopologySt01Ssdt/AggregationAudioComposition.asl
Features/Audio/SndwDevTopologyFeaturePkg/AcpiTables/Desktop/SndwDevTopologySt01Ssdt/AudioFunction_1316_SPK1.asl
Features/Audio/SndwDevTopologyFeaturePkg/AcpiTables/Desktop/SndwDevTopologySt01Ssdt/AudioFunction_1316_SPK2.asl
Features/Audio/SndwDevTopologyFeaturePkg/AcpiTables/Desktop/SndwDevTopologySt01Ssdt/AudioFunction_711_HID.asl
Features/Audio/SndwDevTopologyFeaturePkg/AcpiTables/Desktop/SndwDevTopologySt01Ssdt/AudioFunction_711_UAJ.asl
Features/Audio/SndwDevTopologyFeaturePkg/AcpiTables/Desktop/SndwDevTopologySt01Ssdt/AudioFunction_714_MIC.asl
Features/Audio/SndwDevTopologyFeaturePkg/AcpiTables/Desktop/SndwDevTopologySt01Ssdt/Peripheral_1316_SPK1.asl
Features/Audio/SndwDevTopologyFeaturePkg/AcpiTables/Desktop/SndwDevTopologySt01Ssdt/Peripheral_1316_SPK2.asl
Features/Audio/SndwDevTopologyFeaturePkg/AcpiTables/Desktop/SndwDevTopologySt01Ssdt/Peripheral_711.asl
Features/Audio/SndwDevTopologyFeaturePkg/AcpiTables/Desktop/SndwDevTopologySt01Ssdt/Peripheral_714.asl

================================================================================ 
Commit: 16bcb12fe3d593f1e2d39eba7e4e74ec835cf36c 
Author: ClientSysFWGit <clientsysfwgit@intel.com> 
Date: Mon Dec 15 16:58:52 2025 +0530 
-------------------------------------------------------------------------------- 
"MTL MeteorLakeJenkins_arrowlake_s_program_platform_Daily Daily Updating Version/ID: MeteorLake_5481_01

Hsd-es-id: N/A"
Original commit date: Tue Nov 25 07:04:51 2025 +0000
Original commit hash: dbb99fa231413038e0bb05940aeebe482d75744a

-------------------------------------------------------------------------------- 
[Changed Files]
ClientOneSiliconPkg/Product/MeteorLake/SiPkgPcdInit.dsc
MeteorLakeBoardPkg/BiosId.env
MeteorLakeFspPkg/FspPkgPcdInit.dsc

================================================================================ 
Commit: dc770a5d7629e4acba90953baad2d8225b9010a4 
Author: ClientSysFWGit <clientsysfwgit@intel.com> 
Date: Mon Dec 15 16:58:48 2025 +0530 
-------------------------------------------------------------------------------- 
"MTL MeteorLakeJenkins_arrowlake_s_program_platform_Daily Daily Updating Version/ID: MeteorLake_5481_00

Hsd-es-id: N/A"
Original commit date: Tue Nov 25 04:35:43 2025 +0000
Original commit hash: b0e43870136b1957a2421cedab7fec908cc9fac5

-------------------------------------------------------------------------------- 
[Changed Files]
ClientOneSiliconPkg/Product/MeteorLake/SiPkgPcdInit.dsc
MeteorLakeBoardPkg/BiosId.env
MeteorLakeFspPkg/FspPkgPcdInit.dsc

================================================================================ 
Commit: 4012c2578f017a70ace2e71a2a71fd344f90e0dc 
Author: ClientSysFWGit <clientsysfwgit@intel.com> 
Date: Mon Dec 15 16:58:44 2025 +0530 
-------------------------------------------------------------------------------- 
Update PD parameters as per spec

[Issue Description]
Incorrect pd values like power limit

[Resolution]
Update PD parameters as per spec

Package/Module:
One Silicon Pkg

[Impacted Platform]
All

Hsd-es-id: 16029005198
Original commit date: Tue Oct 28 19:09:57 2025 +0530
Change-Id: I50e9822f3ecb9500f2082efc62ac0e31daceddb0
Original commit hash: 91f601bc0c1245c6720eb7814188dd7bb9f9d299

-------------------------------------------------------------------------------- 
[Changed Files]
ClientOneSiliconPkg/Fru/MtlCpu/LibraryPrivate/BaseCpuInfoFruLib/BaseCpuInfoFruLib.c
ClientOneSiliconPkg/Fru/MtlCpu/VoltageRegulator/LibraryPrivate/PeiVrFruLib/PeiVrFruLib.c

================================================================================ 
Commit: 715dd7db74492ac8c977c5ccf47aac3554e9ef8a 
Author: ClientSysFWGit <clientsysfwgit@intel.com> 
Date: Mon Dec 15 16:58:40 2025 +0530 
-------------------------------------------------------------------------------- 
Update Gen3 and Gen4 EQ setting for PXPA, PXPB and PXPF

[Issue Description]
PCIe Gen3/Gen4 PHY EQ setting does not align to POR value

[Resolution]
Updated the required EQ settings as per PCIe BWG for Gen5 RP's

Package/Module: OneSiliconPkg

[Impacted Platform]
S

Hsd-es-id: 15018613786
Original commit date: Thu Nov 6 14:59:06 2025 +0530
Change-Id: I3f8be503b3a6bc25d9bd7861160823c84bf815a1
Original commit hash: 4d34c623a1d076241690c7483df0a585c48baad1

-------------------------------------------------------------------------------- 
[Changed Files]
ClientOneSiliconPkg/Fru/MtlSoc/LibraryPrivate/PeiMtlSocInitLib/MtlSocRootPorts.c
MeteorLakeFspPkg/Upd/FspsUpd.dsc
MeteorLakePlatSamplePkg/Setup/PchPcieSetupSinglePort.hfr

================================================================================ 
Commit: d86a5744e2d8216a2e78c6eb70c9f331c814e1da 
Author: ClientSysFWGit <clientsysfwgit@intel.com> 
Date: Mon Dec 15 16:58:36 2025 +0530 
-------------------------------------------------------------------------------- 
"[TeamCity] MTL MeteorLakeJenkins_arrowlake_s_program_platform_Daily Daily Updating Version/ID: MeteorLake_5453_00

Hsd-es-id: N/A"
Original commit date: Wed Nov 5 15:17:43 2025 +0000
Original commit hash: 8a21242f07b0cd60deb45dec7342655825f50fe9

-------------------------------------------------------------------------------- 
[Changed Files]
ClientOneSiliconPkg/Product/MeteorLake/SiPkgPcdInit.dsc
MeteorLakeBoardPkg/BiosId.env
MeteorLakeFspPkg/FspPkgPcdInit.dsc

================================================================================ 
Commit: 77055c7d9672634c5faa96093166a29e41786b54 
Author: ClientSysFWGit <clientsysfwgit@intel.com> 
Date: Mon Dec 15 16:58:32 2025 +0530 
-------------------------------------------------------------------------------- 
"[TeamCity] MTL MeteorLake_arrowlake_s_program_platform_Daily Daily Updating Version/ID: MeteorLake_5435_01

Hsd-es-id: N/A"
Original commit date: Wed Nov 5 06:44:56 2025 +0000
Original commit hash: 8a77b4d6cc826914551f4953978f144b43ba65f5

-------------------------------------------------------------------------------- 
[Changed Files]
MeteorLakeBoardPkg/BiosId.env

================================================================================ 
Commit: a64346d964ab1dbd863314f8c0fe97ec7abaecd9 
Author: ClientSysFWGit <clientsysfwgit@intel.com> 
Date: Mon Dec 15 16:58:28 2025 +0530 
-------------------------------------------------------------------------------- 
Display DIMM size which is larger than UINT16 in Setup page

[Issue Description]
Setup menu show 0 MB with 64GB memory.
DimmSize in MEMORY_INFO_DATA is UINT16 only, those value
which is larger than UINT16 will be truncated.

[Resolution]
In order to keep MEMORY_INFO_DATA structure consistent for
backward compatibility, consume MemInfoData HOB directly
instead of MemInfoProtocol when updating HII string of
DIMM size.

Package/Module: PlatSamplePkg

[Impacted Platform]
All

Hsd-es-id: 15018325967
Original commit date: Fri Oct 17 20:52:11 2025 +0800
Change-Id: I78a09158e6a717843d318747ab1a35507a902c19
Original commit hash: 1f58c663bd69aeb80138c95d24ce7ff5d2686416

-------------------------------------------------------------------------------- 
[Changed Files]
MeteorLakePlatSamplePkg/Setup/SaSetup.c

================================================================================ 
Commit: 6b00ea3306a83d467af889f4f60f9ac0562762ac 
Author: ClientSysFWGit <clientsysfwgit@intel.com> 
Date: Mon Dec 15 16:58:22 2025 +0530 
-------------------------------------------------------------------------------- 
"[TeamCity] MTL MeteorLakeJenkins_arrowlake_s_program_platform_Daily Daily Updating Version/ID: MeteorLake_5435_00

Hsd-es-id: N/A"
Original commit date: Fri Oct 24 11:15:50 2025 +0000
Original commit hash: 8c062b3a6f4c4fceb28666a100c97662989244bd

-------------------------------------------------------------------------------- 
[Changed Files]
ClientOneSiliconPkg/SiPkg.dec
Doxygen/BoardApi.chm
Doxygen/FspApi.chm
Doxygen/MeteorLake_FSP_Integration_Guide.chm
Doxygen/MeteorLake_FSP_Integration_Guide.pdf
Doxygen/PlatApi.chm
Doxygen/SiPkgApi.chm
LICENSE.txt
MeteorLakeBoardPkg/Acpi/AcpiTables/Facs/Facs.act
MeteorLakeBoardPkg/Acpi/AcpiTables/Fadt/Fadt6.3.act
MeteorLakeBoardPkg/Acpi/AcpiTables/Hpet/Hpet.act
MeteorLakeBoardPkg/Acpi/AcpiTables/Madt/Madt.act
MeteorLakeBoardPkg/Acpi/AcpiTables/Mcfg/Mcfg.act
