================================================================================ 
Commit: 93deba750b80db67360dbdef314d8be546de430e 
Author: ClientSysFWGit <clientsysfwgit@intel.com> 
Date: Tue Feb 23 13:59:40 2021 -0800 
-------------------------------------------------------------------------------- 
Update SiPkg.dec for 4064

-------------------------------------------------------------------------------- 
[Changed Files]
ClientOneSiliconPkg/SiPkg.dec

================================================================================ 
Commit: c0bae98853effb03cd8382070979c38b4ec2eee0 
Author: ClientSysFWGit <clientsysfwgit@intel.com> 
Date: Tue Feb 23 13:53:25 2021 -0800 
-------------------------------------------------------------------------------- 
[TeamCity] TGL Auto-Commit BIOS ID update TGLMaster BIOS Version to 4064_00

Hsd-es-id: N/A
Original commit date: Thu Feb 4 00:37:25 2021 -0800
Change-Id: Iac709fe24d17129666f43dc2a1f6950bbeb50b97
Original commit hash: ce6f523afdecc9bde6a856e4844a240a0d8973e3

-------------------------------------------------------------------------------- 
[Changed Files]
TigerLakeBoardPkg/BiosId.env

================================================================================ 
Commit: b834c21be68537cee4f7701aedd2e8b0897965b5 
Author: ClientSysFWGit <clientsysfwgit@intel.com> 
Date: Tue Feb 23 13:53:17 2021 -0800 
-------------------------------------------------------------------------------- 
[TeamCity] TGL Auto-Commit DailyUpdate_FSP/RC TGLMaster

Hsd-es-id: no sighting
Original commit date: Wed Feb 3 23:38:26 2021 -0800
Change-Id: I82a2360ab79eb6ffe461b475483f3bf03e9740f6
Original commit hash: ffbacd80c82baeb1b90bd9e8af4d027596e654f3

-------------------------------------------------------------------------------- 
[Changed Files]
TigerLakeFspPkg/TigerLakeFspPkg.dec

================================================================================ 
Commit: 83df76f99dfd487b7e21e9280607e516b3e2d86e 
Author: ClientSysFWGit <clientsysfwgit@intel.com> 
Date: Tue Feb 23 13:53:10 2021 -0800 
-------------------------------------------------------------------------------- 
[TGL]Observed CatErr w/ MCA PKGC_WATCHDOG_HANG_C0: in C0 towards C2 during S3/S4/WR/FS Cycling

Original commit date: Wed Feb 3 20:11:42 2021 +0530
Change-Id: I6d62dd9aa9364dc97a57a12ff3d5a8e2ebef9ba1
Original commit hash: 394f268e862b1f72eb32e7697636555762c32926

-------------------------------------------------------------------------------- 
[Changed Files]
ClientOneSiliconPkg/Fru/TglCpu/CpuPcieRp/LibraryPrivate/PeiCpuPcieDekelInitLib/PeiCpuPcieDekelInitLib.c
ClientOneSiliconPkg/Fru/TglCpu/IncludePrivate/Register/CpuPcieRegs.h
TigerLakePlatSamplePkg/Setup/SaSetup.hfr

================================================================================ 
Commit: ba6bc872c2e23dbdb08cd1f44739aade0ea4a4d8 
Author: ClientSysFWGit <clientsysfwgit@intel.com> 
Date: Tue Feb 23 13:53:02 2021 -0800 
-------------------------------------------------------------------------------- 
Revert "ClientOneSiliconPkg/MemoryInit/Tgl:[TGL] Scomp corner case fix"

This reverts commit 45ed9aa52a61fba4f77c5db48c437f9035ed49fd.

[Issue/Feature Description]
One corner case occurs, in case of harmonic lock did not caught. The algorithm will set the cell to 15 (Max).
However, there is a possible small drift can hit harmonic lock

[Resolution]
Fix #1: Limits of Max number of scomp cell is equal to 12 or smaller. min(RoundDn(# of cell found in HL algo x 80%) , 12)
Fix #2: Fix potential issue of scomp normalization step to honor above limits during trainings

[Impacted Platform]
  All TGL

Original commit date: Wed Feb 3 16:25:37 2021 -0700
Change-Id: Ic293c4fb52ede225fcab6d5d455b8ff16506ddc0
Original commit hash: 8a6f648cddbbec07b81441fda741474783bfc801

-------------------------------------------------------------------------------- 
[Changed Files]
ClientOneSiliconPkg/IpBlock/MemoryInit/Tgl/LibraryPrivate/PeiMemoryInitLib/Source/Services/MrcCrosser.c
ClientOneSiliconPkg/IpBlock/MemoryInit/Tgl/LibraryPrivate/PeiMemoryInitLib/Source/Services/MrcMcConfiguration.c

================================================================================ 
Commit: f5eafae5724c979e4d3db4a24bf0218d44a3a990 
Author: ClientSysFWGit <clientsysfwgit@intel.com> 
Date: Tue Feb 23 13:52:56 2021 -0800 
-------------------------------------------------------------------------------- 
Revert "TGL-H [P0/R0]: PEG11 dGFX audio not working due to INTx mapping"

This reverts commit 8bc63b31a3a74faeef96d1ede6b8a624753d3d07.

Original commit date: Wed Feb 3 16:23:52 2021 -0700
Change-Id: I3d997b1c6ee2dbf260f1089a6a0a04ca78ee58f5
Original commit hash: 3c288d6628a65e1df8ff4021ffe4cfddf900aba2

-------------------------------------------------------------------------------- 
[Changed Files]
ClientOneSiliconPkg/SystemAgent/AcpiTables/SaSsdt/CpuPcieRp.asl

================================================================================ 
Commit: f2261de44a87d88b9b2b420489bf890a5709468b 
Author: ClientSysFWGit <clientsysfwgit@intel.com> 
Date: Tue Feb 23 13:52:50 2021 -0800 
-------------------------------------------------------------------------------- 
[TeamCity] TGL Auto-Commit BIOS ID update TGLMaster BIOS Version to 4063_00

Hsd-es-id: N/A
Original commit date: Wed Feb 3 11:03:48 2021 -0800
Change-Id: I2623e646bbf67dde6875b2140197d67a45d84b63
Original commit hash: a2f7765d74fb640222bc961c7b2c05527effa4c9

-------------------------------------------------------------------------------- 
[Changed Files]
TigerLakeBoardPkg/BiosId.env

================================================================================ 
Commit: 10445839b2ce8b099a7c87efaab9cfc5303f7d18 
Author: ClientSysFWGit <clientsysfwgit@intel.com> 
Date: Tue Feb 23 13:52:44 2021 -0800 
-------------------------------------------------------------------------------- 
[TeamCity] TGL Auto-Commit DailyUpdate_FSP/RC TGLMaster

Hsd-es-id: no sighting
Original commit date: Wed Feb 3 10:34:44 2021 -0800
Change-Id: I87a733c0a1da41fd5d4ec2039eba0608abb5d27b
Original commit hash: 7bdf067d9ab6f5f4ca3d1d429db4f298d62d4111

-------------------------------------------------------------------------------- 
[Changed Files]
TigerLakeFspPkg/TigerLakeFspPkg.dec

================================================================================ 
Commit: b4a60337b2ddf9fbf57301e5e339cc8face24969 
Author: ClientSysFWGit <clientsysfwgit@intel.com> 
Date: Tue Feb 23 13:52:38 2021 -0800 
-------------------------------------------------------------------------------- 
[TGL] Scomp corner case fix

[Issue/Feature Description]
One corner case occurs, in case of harmonic lock did not caught. The algorithm will set the cell to 15 (Max).
However, there is a possible small drift can hit harmonic lock

[Resolution]
Fix #1: Limits of Max number of scomp cell is equal to 12 or smaller. min(RoundDn(# of cell found in HL algo x 80%) , 12)
Fix #2: Fix potential issue of scomp normalization step to honor above limits during trainings

[Impacted Platform]
  All TGL

Original commit date: Thu Dec 24 09:15:41 2020 +0800
Change-Id: Id0a5a5b874f7195a644a98a19444a1b351a9b2f2
Original commit hash: 45ed9aa52a61fba4f77c5db48c437f9035ed49fd

-------------------------------------------------------------------------------- 
[Changed Files]
ClientOneSiliconPkg/IpBlock/MemoryInit/Tgl/LibraryPrivate/PeiMemoryInitLib/Source/Services/MrcCrosser.c
ClientOneSiliconPkg/IpBlock/MemoryInit/Tgl/LibraryPrivate/PeiMemoryInitLib/Source/Services/MrcMcConfiguration.c

================================================================================ 
Commit: 8e8589458488a9ed018be41e26d9782dc559bc6f 
Author: ClientSysFWGit <clientsysfwgit@intel.com> 
Date: Tue Feb 23 13:52:30 2021 -0800 
-------------------------------------------------------------------------------- 
[TGL]: Remove RFI Mitigation Option for ION DCM/CCM Switching

 - Suppressed the RFI Mitigation BIOS setup for desktop SKU's.
 - Internal changes to skip the programming is already taken care.

Original commit date: Wed Jan 27 18:15:13 2021 +0530
Change-Id: Ia7e0f23f5ddc86e1ff367e7f22276dfa13a3913c
Original commit hash: de64b63788c7e960a2dc4c277589a64d93023547

-------------------------------------------------------------------------------- 
[Changed Files]
TigerLakePlatSamplePkg/Setup/CpuSetup.hfr

================================================================================ 
Commit: c14a31dd023cfbaa0344e662624c45f038138ac2 
Author: ClientSysFWGit <clientsysfwgit@intel.com> 
Date: Tue Feb 23 13:52:24 2021 -0800 
-------------------------------------------------------------------------------- 
[TeamCity] TGL Auto-Commit BIOS ID update TGLMaster BIOS Version to 4062_00

Hsd-es-id: N/A
Original commit date: Tue Feb 2 11:04:15 2021 -0800
Change-Id: Ic5f6abd532229f2f53778a7494e53dd7ea65722b
Original commit hash: 88c65af9cc5939ed0ba2ae310b967ee46dd40e38

-------------------------------------------------------------------------------- 
[Changed Files]
TigerLakeBoardPkg/BiosId.env

================================================================================ 
Commit: 00edab608c3f64a52f64d739e7701335495162ff 
Author: ClientSysFWGit <clientsysfwgit@intel.com> 
Date: Tue Feb 23 13:52:18 2021 -0800 
-------------------------------------------------------------------------------- 
[TeamCity] TGL Auto-Commit DailyUpdate_FSP/RC TGLMaster

Hsd-es-id: no sighting
Original commit date: Tue Feb 2 10:34:39 2021 -0800
Change-Id: I7e68937fe0a78a669cca8bf90b1792f2613df15e
Original commit hash: 487e095ec29049749e81818eac39010829908b86

-------------------------------------------------------------------------------- 
[Changed Files]
TigerLakeFspPkg/TigerLakeFspPkg.dec

================================================================================ 
Commit: a080a96d73674c42b1497d8c8521f628f0d30b7a 
Author: ClientSysFWGit <clientsysfwgit@intel.com> 
Date: Tue Feb 23 13:52:12 2021 -0800 
-------------------------------------------------------------------------------- 
TGL-H [P0/R0]: PEG11 dGFX audio not working due to INTx mapping

Hsd-es-id: 22012018337
Original commit date: Wed Jan 20 09:50:08 2021 +0530
Change-Id: Ic7f3d7dd08ca15582601a3036b570c4a98d4a6b1
Original commit hash: 8bc63b31a3a74faeef96d1ede6b8a624753d3d07

-------------------------------------------------------------------------------- 
[Changed Files]
ClientOneSiliconPkg/SystemAgent/AcpiTables/SaSsdt/CpuPcieRp.asl

================================================================================ 
Commit: 7d5fcc68ee4de78f4a706781a8bc158070481f8e 
Author: ClientSysFWGit <clientsysfwgit@intel.com> 
Date: Tue Feb 23 13:52:05 2021 -0800 
-------------------------------------------------------------------------------- 
[TeamCity] TGL Auto-Commit BIOS ID update TGLMaster BIOS Version to 4061_00

Hsd-es-id: N/A
Original commit date: Mon Feb 1 11:04:56 2021 -0800
Change-Id: I6439cba8652f65d5a5229defe18b4a6b6e419933
Original commit hash: 67dbf3b880f1c7eccd8020848c26e72a04dab68f

-------------------------------------------------------------------------------- 
[Changed Files]
TigerLakeBoardPkg/BiosId.env

================================================================================ 
Commit: 18e099604ba91e9306c72ed436f28bb95e1fcdb5 
Author: ClientSysFWGit <clientsysfwgit@intel.com> 
Date: Tue Feb 23 13:52:00 2021 -0800 
-------------------------------------------------------------------------------- 
[TeamCity] TGL Auto-Commit DailyUpdate_FSP/RC TGLMaster

Hsd-es-id: no sighting
Original commit date: Mon Feb 1 10:34:45 2021 -0800
Change-Id: I92dda37b6a0ad321490721c03cf29b3cc259c656
Original commit hash: d574b5484ad0e25ecb60cccbc5e042e145b13baf

-------------------------------------------------------------------------------- 
[Changed Files]
TigerLakeFspPkg/TigerLakeFspPkg.dec

================================================================================ 
Commit: 537fc03408b56180e77d1ac46a9b390beb974efc 
Author: ClientSysFWGit <clientsysfwgit@intel.com> 
Date: Tue Feb 23 13:51:54 2021 -0800 
-------------------------------------------------------------------------------- 
[TeamCity] TGL Auto-Commit BIOS ID update TGLMaster BIOS Version to 4057_00

Hsd-es-id: N/A
Original commit date: Sun Jan 31 11:03:12 2021 -0800
Change-Id: I574a48c61413cb97f4186400931f353fbb5628fb
Original commit hash: 712b149bd97bdc21a3a47d128f415f88b2529b0e

-------------------------------------------------------------------------------- 
[Changed Files]
TigerLakeBoardPkg/BiosId.env

================================================================================ 
Commit: e7028c3631226cb875cb6952b1cbc6c6366d790e 
Author: ClientSysFWGit <clientsysfwgit@intel.com> 
Date: Tue Feb 23 13:51:49 2021 -0800 
-------------------------------------------------------------------------------- 
[TeamCity] TGL Auto-Commit DailyUpdate_FSP/RC TGLMaster

Hsd-es-id: no sighting
Original commit date: Sun Jan 31 10:33:05 2021 -0800
Change-Id: I3acf7ff6c3c4dee234fdfca7fcbbd19ce75113a1
Original commit hash: fd7b1d8381b0a6b5515623da73dc3e9415987331

-------------------------------------------------------------------------------- 
[Changed Files]
TigerLakeFspPkg/TigerLakeFspPkg.dec

================================================================================ 
Commit: 1b2d384768d329d7aed91db7c954e137ca7a1cd4 
Author: ClientSysFWGit <clientsysfwgit@intel.com> 
Date: Tue Feb 23 13:51:44 2021 -0800 
-------------------------------------------------------------------------------- 
[TeamCity] TGL Auto-Commit WeeklyUpdate_FSP/RC TGLMaster

Hsd-es-id: no sighting
Original commit date: Sun Jan 31 10:03:37 2021 -0800
Change-Id: I5f30b1e65f12e07a683001848991aecd75f02e89
Original commit hash: 1ea7c867f6c5b711aede7a8e70e132bf62c4a2c7

-------------------------------------------------------------------------------- 
[Changed Files]
TigerLakeFspPkg/TigerLakeFspPkg.dec

================================================================================ 
Commit: 79c044824113363d2635c0eac549a0a2891875e6 
Author: ClientSysFWGit <clientsysfwgit@intel.com> 
Date: Tue Feb 23 13:51:37 2021 -0800 
-------------------------------------------------------------------------------- 
[TeamCity] TGL Auto-Commit BIOS ID update TGLMaster BIOS Version to 4056_00

Hsd-es-id: N/A
Original commit date: Sat Jan 30 11:03:14 2021 -0800
Change-Id: I75391c35938faa2364ca9af72747338e5b62f275
Original commit hash: 6addb0ab1464c1656c8df30de14d5d7bcc84c680

-------------------------------------------------------------------------------- 
[Changed Files]
TigerLakeBoardPkg/BiosId.env

================================================================================ 
Commit: 03f4fc601ab81cf0f91766d349414038bbd18ca3 
Author: ClientSysFWGit <clientsysfwgit@intel.com> 
Date: Tue Feb 23 13:51:31 2021 -0800 
-------------------------------------------------------------------------------- 
[TeamCity] TGL Auto-Commit DailyUpdate_FSP/RC TGLMaster

Hsd-es-id: no sighting
Original commit date: Sat Jan 30 10:32:57 2021 -0800
Change-Id: I17ace623903dd5b0a8618f52f6b0a93e1df6b4f0
Original commit hash: 343eee17a880deb45525dcbe93c3dffe996d9c0c

-------------------------------------------------------------------------------- 
[Changed Files]
TigerLakeFspPkg/TigerLakeFspPkg.dec

================================================================================ 
Commit: dffe1c928ca87f171a9eb60c034bbc21a110c5a5 
Author: ClientSysFWGit <clientsysfwgit@intel.com> 
Date: Tue Feb 23 13:44:21 2021 -0800 
-------------------------------------------------------------------------------- 
Update SiPkg.dec for 4055.01

-------------------------------------------------------------------------------- 
[Changed Files]
ClientOneSiliconPkg/SiPkg.dec
Release_Notes.docx

================================================================================ 
Commit: 8fcc55e6b73a9b283aa6697bd8c0bfdc84ec658f 
Author: ClientSysFWGit <clientsysfwgit@intel.com> 
Date: Tue Feb 23 11:16:47 2021 -0800 
-------------------------------------------------------------------------------- 
[TeamCity] TGL Auto-Commit BIOS ID update TGLMaster BIOS Version to 4055_01

Hsd-es-id: N/A
Original commit date: Fri Jan 29 11:03:12 2021 -0800
Change-Id: I5f58170d9a01787edcaac590a5432fa24c438ae1
Original commit hash: 3b8a9fb59760d143508dd4a6519732dbf4f6cfab

-------------------------------------------------------------------------------- 
[Changed Files]
TigerLakeBoardPkg/BiosId.env

================================================================================ 
Commit: 12e19431ec950dc207c7992b2cb79ed0c538ef1b 
Author: ClientSysFWGit <clientsysfwgit@intel.com> 
Date: Tue Feb 23 11:16:38 2021 -0800 
-------------------------------------------------------------------------------- 
[TeamCity] TGL Auto-Commit BIOS ID update TGLMaster BIOS Version to 4055_00

Hsd-es-id: N/A
Original commit date: Fri Jan 29 10:37:03 2021 -0800
Change-Id: I7f7ee96fae70bcd81ab6680b459839dedb1d37cc
Original commit hash: ec6199aa944ab3333142390d73feb0d1e0826ca3

-------------------------------------------------------------------------------- 
[Changed Files]
TigerLakeBoardPkg/BiosId.env

================================================================================ 
Commit: 456b08786a1c52924f6f0e40b87828c97119b162 
Author: ClientSysFWGit <clientsysfwgit@intel.com> 
Date: Tue Feb 23 11:16:31 2021 -0800 
-------------------------------------------------------------------------------- 
[TeamCity] TGL Auto-Commit DailyUpdate_FSP/RC TGLMaster

Hsd-es-id: no sighting
Original commit date: Fri Jan 29 10:33:21 2021 -0800
Change-Id: I2dd8505d35c1a7d9e8c8d4945a86ef51e1fe4e11
Original commit hash: 469eb0399cc3d213fd10356f5b58896ac62f74ae

-------------------------------------------------------------------------------- 
[Changed Files]
TigerLakeFspPkg/TigerLakeFspPkg.dec

================================================================================ 
Commit: a7917389765d35112c198b23646672ecf2cb0d48 
Author: ClientSysFWGit <clientsysfwgit@intel.com> 
Date: Tue Feb 23 11:16:20 2021 -0800 
-------------------------------------------------------------------------------- 
[TeamCity] TGL Auto-Commit DailyUpdate_FSP/RC TGLMaster

Hsd-es-id: no sighting
Original commit date: Fri Jan 29 08:57:48 2021 -0800
Change-Id: Icc063ced0dd21122f113ee9ed1e18ce9e37ce8a5
Original commit hash: 44a197809a5e6f5071ba1e0bb84e39288011741d

-------------------------------------------------------------------------------- 
[Changed Files]
TigerLakeFspPkg/TigerLakeFspPkg.dec

================================================================================ 
Commit: 1d3273e9f98fc0993cbec18a297e4cf8ee0222f8 
Author: ClientSysFWGit <clientsysfwgit@intel.com> 
Date: Tue Feb 23 11:16:12 2021 -0800 
-------------------------------------------------------------------------------- 
KW scan: Issue reported V4053.01 BIOS release

Uninitialized Status variable in DxeDg1OpregionInit function

Hsd-es-id: 1508796598
Original commit date: Thu Jan 28 11:29:51 2021 -0800
Change-Id: I261fc24c77a8cb4da96454edb525dde2de85c3ca
Original commit hash: 4383d984d7c5bc033bb1d418fab61f21bb926ab7

-------------------------------------------------------------------------------- 
[Changed Files]
TigerLakePlatSamplePkg/Features/DashG/Dg1/Dg1OpRegionInit.c

================================================================================ 
Commit: 4c6e6f83de739a73fe70fa679b94d4560af96c09 
Author: ClientSysFWGit <clientsysfwgit@intel.com> 
Date: Tue Feb 23 11:16:05 2021 -0800 
-------------------------------------------------------------------------------- 
[TeamCity] TGL Auto-Commit BIOS ID update TGLMaster BIOS Version to 4054_00

Hsd-es-id: N/A
Original commit date: Thu Jan 28 11:06:03 2021 -0800
Change-Id: I7a56e6bc9bbb132e929f962b1a1ce9c3a5ccc36d
Original commit hash: dc16f1c791776cd2a012151cf9cad21a069098cb

-------------------------------------------------------------------------------- 
[Changed Files]
TigerLakeBoardPkg/BiosId.env

================================================================================ 
Commit: 3fe581017ad75d5bfb33ef36625f888488c6da09 
Author: ClientSysFWGit <clientsysfwgit@intel.com> 
Date: Tue Feb 23 11:15:57 2021 -0800 
-------------------------------------------------------------------------------- 
[TeamCity] TGL Auto-Commit DailyUpdate_FSP/RC TGLMaster

Hsd-es-id: no sighting
Original commit date: Thu Jan 28 10:33:13 2021 -0800
Change-Id: I23f45a382b0cea0d6c78de5b0fc380698bd88c32
Original commit hash: 9269b4c92acb13f319909615e7c5b545ee1f5c09

-------------------------------------------------------------------------------- 
[Changed Files]
TigerLakeFspPkg/TigerLakeFspPkg.dec

================================================================================ 
Commit: 2f3e364d841e6d935a4b318eec156ffa44acbdc3 
Author: ClientSysFWGit <clientsysfwgit@intel.com> 
Date: Tue Feb 23 11:15:45 2021 -0800 
-------------------------------------------------------------------------------- 
[TGL H]: CPU frequency is shown as 0GHz in BIOS main page

Original commit date: Thu Jan 28 18:32:36 2021 +0800
Change-Id: I370dffa2faae6a8b1fcfd04142f5d9a57e7c147c
Original commit hash: 6c781020ca103312fa59cbbf9f59891c08800d7e

-------------------------------------------------------------------------------- 
[Changed Files]
ClientOneSiliconPkg/Cpu/LibraryPrivate/PeiSmbiosCpuLib/SmbiosType4.c

================================================================================ 
Commit: 1ea2f19acda2610d12a75905b0b09df06575c1aa 
Author: ClientSysFWGit <clientsysfwgit@intel.com> 
Date: Tue Feb 23 11:15:26 2021 -0800 
-------------------------------------------------------------------------------- 
[TeamCity] TGL Auto-Commit BIOS ID update TGLMaster BIOS Version to 4053_01

Hsd-es-id: N/A
Original commit date: Wed Jan 27 20:21:55 2021 -0800
Change-Id: I0351511bf663be3a52b05c5f9ffb29d738091aef
Original commit hash: 4dc053eb1192badfbcc2c82eca084518137218bd

-------------------------------------------------------------------------------- 
[Changed Files]
TigerLakeBoardPkg/BiosId.env

================================================================================ 
Commit: 586f5122fb54ddf51867f5afa3ad618b5bc9aeeb 
Author: ClientSysFWGit <clientsysfwgit@intel.com> 
Date: Tue Feb 23 11:15:16 2021 -0800 
-------------------------------------------------------------------------------- 
[TeamCity] TGL Auto-Commit DailyUpdate_FSP/RC TGLMaster

Hsd-es-id: no sighting
Original commit date: Wed Jan 27 20:09:32 2021 -0800
Change-Id: I7b637982cc0faa8f217a4975739e6f2de1e15f76
Original commit hash: 02a8b9f395e9f1ce44fb21063c65bc9c6a6b957a

-------------------------------------------------------------------------------- 
[Changed Files]
TigerLakeFspPkg/TigerLakeFspPkg.dec

================================================================================ 
Commit: 21545f7b1f264ef68ed2fec215eee12ca3a0219a 
Author: ClientSysFWGit <clientsysfwgit@intel.com> 
Date: Tue Feb 23 11:15:03 2021 -0800 
-------------------------------------------------------------------------------- 
TGL H Rx/ TGL UY cx - Programmability to disable New FOM scheme
TGL SH Rx only - Programmable bit to enable IOTG Mode

Original commit date: Fri Jan 8 23:06:49 2021 +0530
Change-Id: Ib0def3042b27f1ec945652b3fc3439e9ac21ca8e
Original commit hash: 61e9cc760eaf9fee61327bc3a126e8cdf3680ecf

-------------------------------------------------------------------------------- 
[Changed Files]
ClientOneSiliconPkg/Fru/TglCpu/CpuPcieRp/Library/PeiDxeSmmCpuPcieInfoFruLib/CpuPcieInfoFruLib.c
ClientOneSiliconPkg/Fru/TglCpu/CpuPcieRp/LibraryPrivate/PeiCpuPcieDekelInitLib/PeiCpuPcieDekelInitLib.c
ClientOneSiliconPkg/Fru/TglCpu/Include/Library/CpuPcieInfoFruLib.h
ClientOneSiliconPkg/Fru/TglCpu/IncludePrivate/CpuSbInfo.h
ClientOneSiliconPkg/Fru/TglCpu/IncludePrivate/Register/CpuPcieRegs.h
ClientOneSiliconPkg/Include/ConfigBlock/CpuPcieRp/Gen4/CpuPcieConfig.h
ClientOneSiliconPkg/IpBlock/CpuPcieRp/LibraryPrivate/PeiCpuPciePolicyLib/PeiCpuPciePolicyLib.c
ClientOneSiliconPkg/IpBlock/CpuPcieRp/LibraryPrivate/PeiCpuPcieRpInitLib/PeiCpuPcieRpInitLib.c
TigerLakeFspPkg/Library/PeiPolicyUpdatePreMemLib/PeiSaPolicyUpdatePreMem.c
TigerLakeFspPkg/Upd/FspmUpd.dsc
TigerLakePlatSamplePkg/Include/SetupVariable.h
TigerLakePlatSamplePkg/Library/PeiPolicyUpdateLib/PeiSaPolicyUpdatePreMem.c
TigerLakePlatSamplePkg/Setup/SaPcieSetupSinglePort.hfr
TigerLakePlatSamplePkg/Setup/SaSetup.hfr
TigerLakePlatSamplePkg/Setup/SaSetup.uni

================================================================================ 
Commit: dc762a1d589bc3858cd6f955be7ce8eb49c9f28e 
Author: ClientSysFWGit <clientsysfwgit@intel.com> 
Date: Tue Feb 23 11:14:42 2021 -0800 
-------------------------------------------------------------------------------- 
Update to TigerLake Cx Unified (uCode+Punit) Patch 0x0A

Original commit date: Tue Jan 26 16:23:11 2021 -0800
Change-Id: If1a7c488f101bfc3443755201ff46ce344b49268
Original commit hash: db5e151e5579f8c09dee320abce44897a23f5c7b

-------------------------------------------------------------------------------- 
[Changed Files]
TigerLakeBoardPkg/BoardPkg.fdf

================================================================================ 
Commit: 5b1633e8a2a62e3943f7505759101393073f73e6 
Author: ClientSysFWGit <clientsysfwgit@intel.com> 
Date: Tue Feb 23 11:14:29 2021 -0800 
-------------------------------------------------------------------------------- 
[CNV] PLDR changes to CNV (D&I) - Bluetooth _PRR instead _PR3

1.Implementing BT _DSM and PLDR
2.Removing USB BT RTD3

Hsd-es-id: 14013492991
Original commit date: Mon Dec 28 10:54:26 2020 +0800
Change-Id: Ie1a357e0b0826b956a3dfcc437eb0b11a4a86a65
Original commit hash: 4eadd40088902c861a0b462b4c08ebd5f0af6b9e

-------------------------------------------------------------------------------- 
[Changed Files]
TigerLakeBoardPkg/Acpi/AcpiTables/Dsdt/BtFeatureDsm.asl
TigerLakeBoardPkg/Acpi/AcpiTables/Dsdt/BtReset.asl
TigerLakeBoardPkg/Acpi/AcpiTables/Dsdt/Connectivity.asl
TigerLakeBoardPkg/Acpi/AcpiTables/Dsdt/Platform.asl
TigerLakeBoardPkg/Acpi/AcpiTables/Dsdt/WifiFeatureDsm.asl
TigerLakeBoardPkg/Acpi/AcpiTables/SsdtRtd3/TglHCfg3Rtd3.asl
TigerLakeBoardPkg/Acpi/AcpiTables/SsdtRtd3/TglHCfg5Rtd3.asl
TigerLakeBoardPkg/Acpi/AcpiTables/SsdtRtd3/TglHRvpRtd3.asl
TigerLakeBoardPkg/Acpi/AcpiTables/SsdtRtd3/TglUErbRtd3.asl
TigerLakeBoardPkg/Acpi/AcpiTables/SsdtRtd3/TglURvpRtd3.asl
TigerLakeBoardPkg/Acpi/AcpiTables/SsdtRtd3/TglYRvpRtd3.asl
TigerLakeBoardPkg/Acpi/AcpiTables/SsdtXhci/UsbPortXhciTglHDdr4Rvp.asl
TigerLakeBoardPkg/Acpi/AcpiTables/SsdtXhci/UsbPortXhciTglUDdr4Rvp.asl
TigerLakeBoardPkg/Acpi/AcpiTables/SsdtXhci/UsbPortXhciTglYLp4Rvp.asl
TigerLakePlatSamplePkg/Setup/PlatformSetup.hfr

================================================================================ 
Commit: 87d0096af84e7da72239678311b8821fc1a7ca3d 
Author: ClientSysFWGit <clientsysfwgit@intel.com> 
Date: Tue Feb 23 11:14:16 2021 -0800 
-------------------------------------------------------------------------------- 
Update I2C SCL HCNT LCNT timings to meet the correct frequencies.

Originals: When applied either BIOS ACPI override through example Method(SSCN){Return(PKG3(SSH0,SSL0,SSD0))}
       or through Serial Io I2C driver I2C clock was not programmed correctly.
       Thus ending up with different freq vs expected.
- Standart Speed Result Frequency 74.6[kHz] instead of 100kHz
- Fast Speed Result Frequency 312.5[kHz] instead of 400kHz
- Fast Speed Plus Result Frequency - I2C produced error unknown freq instead 1MHz

Changes:
- Replaced outdated SCL programming with best calibrated values in both sample package and C1S

Hsd-es-id: 22012230763
Original commit date: Tue Oct 27 20:17:58 2020 -0700
Change-Id: I23f624eef69889c0d5cde77e90b07e059d5cda7f
Original commit hash: c0937e1e27a1cac689b537d399e8ef5b423b684a

-------------------------------------------------------------------------------- 
[Changed Files]
ClientOneSiliconPkg/Include/Register/SerialIoI2cRegs.h
ClientOneSiliconPkg/IpBlock/SerialIo/I2c/LibraryPrivate/PeiDxeSerialIoI2cMasterCommonLib/SerialIoI2cMasterCommonLib.c
ClientOneSiliconPkg/IpBlock/SerialIo/LibraryPrivate/PeiSerialIoInitLib/PeiSerialIoI2cLib.c
TigerLakePlatSamplePkg/Library/PeiI2cAccessLib/PeiI2cAccessLib.c
TigerLakePlatSamplePkg/Setup/PchSetup.hfr

================================================================================ 
Commit: 72679fb3aa2752ffd486ef7dd9638817b501e1bd 
Author: ClientSysFWGit <clientsysfwgit@intel.com> 
Date: Tue Feb 23 11:14:05 2021 -0800 
-------------------------------------------------------------------------------- 
TigerLake Bx Unified (uCode+Punit) Production Patch 0x78

Original commit date: Tue Jan 26 16:09:55 2021 -0800
Change-Id: I1faba0bb38c3911375db4c66d0c65ef9e2e0cf55
Original commit hash: bdaa0332f6ee8a8fb7c2202ddc110e7c6563dfd1

-------------------------------------------------------------------------------- 
[Changed Files]
TigerLakeBoardPkg/BoardPkg.fdf

================================================================================ 
Commit: 6ef9f12eae8f6458110adca196b61c293e9e5c2e 
Author: ClientSysFWGit <clientsysfwgit@intel.com> 
Date: Tue Feb 23 11:13:55 2021 -0800 
-------------------------------------------------------------------------------- 
TigerLakeBoardPkg: TigerLake Rx Unified (uCode+Punit) Patch 0x16

Original commit date: Mon Jan 25 11:31:12 2021 -0800
Change-Id: I4f4c979a42ebfc8545bc6f1ebde17e3dc04af19b
Original commit hash: 35c3dc389ddc4431abecb825a73d729648ae4fec

-------------------------------------------------------------------------------- 
[Changed Files]
TigerLakeBoardPkg/BoardPkg.fdf

================================================================================ 
Commit: 07563690c3268e70391a638c4b21efb98abed437 
Author: ClientSysFWGit <clientsysfwgit@intel.com> 
Date: Tue Feb 23 11:13:44 2021 -0800 
-------------------------------------------------------------------------------- 
DG2 MBD support for TGL-H x16 PEG port
- added VRAM SR support
- added PEP constraint for DG2

Hsd-es-id: 14012321167
Original commit date: Wed Nov 25 11:19:01 2020 +0530
Change-Id: I482df71d1ffe9b8079914fadb366d3398eed304c
Original commit hash: b867cd40af8b285597d38e7340b8a76946946ed7

-------------------------------------------------------------------------------- 
[Changed Files]
TigerLakeBoardPkg/Acpi/AcpiTables/Dsdt/PlatformNvs.asl
TigerLakeBoardPkg/Acpi/AcpiTables/SsdtRtd3/Rtd3CpuPcie.asl
TigerLakeBoardPkg/Acpi/AcpiTables/SsdtRtd3/Rtd3CpuPcieDg2.asl
TigerLakeBoardPkg/Acpi/AcpiTables/SsdtRtd3/TglHRvpRtd3.asl
TigerLakeBoardPkg/Acpi/AdvancedAcpiDxe/AcpiPlatform.c
TigerLakeBoardPkg/BoardPkg.dsc
TigerLakeBoardPkg/BoardPkg.fdf
TigerLakeBoardPkg/Include/PlatformNvsAreaDef.h
TigerLakePlatSamplePkg/Features/DashG/Dg1/Dg1OpRegion.h
TigerLakePlatSamplePkg/Features/DashG/Dg1/Dg1OpRegionInit.c
TigerLakePlatSamplePkg/Features/DashG/Dg1/DxeDg1OpregionInit.inf
TigerLakePlatSamplePkg/Features/DashG/Dg2/Dg2OpRegion.h
TigerLakePlatSamplePkg/Features/DashG/Dg2/Dg2OpRegionInit.c
TigerLakePlatSamplePkg/Features/DashG/Dg2/DxeDg2OpregionInit.inf
TigerLakePlatSamplePkg/Features/Pep/AcpiTables/Pep.asl
TigerLakePlatSamplePkg/Include/SetupVariable.h
TigerLakePlatSamplePkg/Setup/AcpiSetup.hfr
TigerLakePlatSamplePkg/Setup/AcpiSetup.uni
TigerLakePlatSamplePkg/Setup/PlatformSetup.hfr
TigerLakePlatSamplePkg/Setup/PlatformSetup.uni

================================================================================ 
Commit: e7384ea7d479cb6ae15919f2a028f1016376f2ee 
Author: ClientSysFWGit <clientsysfwgit@intel.com> 
Date: Tue Feb 23 11:13:28 2021 -0800 
-------------------------------------------------------------------------------- 
[TGL_H_DG2_MRB][PO] : RTD3 Cold POR gpio not working as Expected in SX/RTD3 flows

Removing two time congiguration of PEG slot power pin.
ACPI power pin and polarity changes.

Hsd-es-id: 22012199086
Original commit date: Sat Dec 12 12:57:01 2020 +0530
Change-Id: Ibeacf9ce5cbff50b860ee4785d7ce7dd47ca5e53
Original commit hash: 4820d2002d42475784d2e52afc42279c5034a8a8

-------------------------------------------------------------------------------- 
[Changed Files]
TigerLakeBoardPkg/TigerLakeHBoards/Library/BoardInitLib/Pei/BoardPchInitPreMemLib.c
TigerLakeBoardPkg/TigerLakeHBoards/Library/BoardInitLib/Pei/BoardSaInitPreMemLib.c
TigerLakeBoardPkg/TigerLakeHBoards/Library/BoardInitLib/Pei/GpioTableTglHPreMem.h
TigerLakeBoardPkg/TigerLakeHBoards/Library/BoardInitLib/Pei/PeiInitPreMemLib.c
TigerLakeBoardPkg/TigerLakeHBoards/Library/BoardInitLib/Pei/PeiMultiBoardInitPreMemLib.inf
TigerLakePlatSamplePkg/PlatformInitAdvanced/PlatformInitAdvancedPei/PlatformInitAdvancedPreMem.c
TigerLakePlatSamplePkg/PlatformInitAdvanced/PlatformInitAdvancedPei/PlatformInitAdvancedPreMem.inf

================================================================================ 
Commit: 3349e4bf213754c58ec068c9ad032d1c21cbacb3 
Author: ClientSysFWGit <clientsysfwgit@intel.com> 
Date: Tue Feb 23 11:13:16 2021 -0800 
-------------------------------------------------------------------------------- 
[TeamCity] TGL Auto-Commit BIOS ID update TGLMaster BIOS Version to 4053_00

Hsd-es-id: N/A
Original commit date: Wed Jan 27 11:03:34 2021 -0800
Change-Id: I76b9c79400178d0c1b0a0972777bcd34cb88a4c2
Original commit hash: 68f81bede8f06f56724c7e1a6f32d4be7b27ac29

-------------------------------------------------------------------------------- 
[Changed Files]
TigerLakeBoardPkg/BiosId.env

================================================================================ 
Commit: 924274e58846687f67ea26cacbbe5ab1d342a403 
Author: ClientSysFWGit <clientsysfwgit@intel.com> 
Date: Tue Feb 23 11:13:05 2021 -0800 
-------------------------------------------------------------------------------- 
[TeamCity] TGL Auto-Commit DailyUpdate_FSP/RC TGLMaster

Hsd-es-id: no sighting
Original commit date: Wed Jan 27 10:39:07 2021 -0800
Change-Id: I65b2e141324b3beeb98f897f4c39c5220a1c8d7a
Original commit hash: 12ec09890a1194984631d0e787e9035b2b69b0d2

-------------------------------------------------------------------------------- 
[Changed Files]
TigerLakeFspPkg/TigerLakeFspPkg.dec

================================================================================ 
Commit: b32102d72f335fcb7a314940c9036d2893a25911 
Author: ClientSysFWGit <clientsysfwgit@intel.com> 
Date: Tue Feb 23 11:12:52 2021 -0800 
-------------------------------------------------------------------------------- 
[TGL] Integrate GOP V1055

Original commit date: Mon Jan 25 16:07:35 2021 +0530
Change-Id: Ib7d1c0417bd7355a2ca18365ed8aef3f78044a37
Original commit hash: 8224561315fabb37f035e3b7cabb2cd21a47e11f

-------------------------------------------------------------------------------- 
[Changed Files]
ClientOneSiliconPkg/Fru/TglCpu/Graphics/IntelGraphicsPeim/Binaries/IntelGraphicsPeim.efi
ClientOneSiliconPkg/Fru/TglCpu/Graphics/IntelGraphicsPeim/Binaries/IntelGraphicsPeimDebug.efi

================================================================================ 
Commit: 327087ec8a6e7d15eda1ba3c4a7512a9d2da1487 
Author: ClientSysFWGit <clientsysfwgit@intel.com> 
Date: Tue Feb 23 11:12:37 2021 -0800 
-------------------------------------------------------------------------------- 
[TeamCity] TGL Auto-Commit BIOS ID update TGLMaster BIOS Version to 4052_00

Hsd-es-id: N/A
Original commit date: Tue Jan 26 11:04:21 2021 -0800
Change-Id: I265863a2e83db65d6db4bef4a3a3392d008fe31f
Original commit hash: 64fc9645452b651b54ed51129bcf29a5ccee17c7

-------------------------------------------------------------------------------- 
[Changed Files]
TigerLakeBoardPkg/BiosId.env

================================================================================ 
Commit: 3b864075327e3c35b8a37d4ff8ea22d8f1614dce 
Author: ClientSysFWGit <clientsysfwgit@intel.com> 
Date: Tue Feb 23 11:12:21 2021 -0800 
-------------------------------------------------------------------------------- 
[TeamCity] TGL Auto-Commit DailyUpdate_FSP/RC TGLMaster

Hsd-es-id: no sighting
Original commit date: Tue Jan 26 10:33:16 2021 -0800
Change-Id: Id17d953a44df7193e4b3d2078176861885c4d6a3
Original commit hash: 343274d5291b3b590313feef2561ae79c6d274cb

-------------------------------------------------------------------------------- 
[Changed Files]
TigerLakeFspPkg/TigerLakeFspPkg.dec

================================================================================ 
Commit: a3bf9f105bc13c82aa89da80a7fc8272565a406d 
Author: ClientSysFWGit <clientsysfwgit@intel.com> 
Date: Tue Feb 23 11:12:01 2021 -0800 
-------------------------------------------------------------------------------- 
PCIe Resizable BAR Support

Hsd-es-id: 14013054963
Original commit date: Fri Jan 22 11:18:37 2021 +0530
Change-Id: I67868b14fb9321cb98da9bdaf59092c92232c7d1
Original commit hash: eed3cb67e427a320e62ff2367c5e547a02d79278

-------------------------------------------------------------------------------- 
[Changed Files]
TigerLakeBoardPkg/BoardPkgPcd.dsc
TigerLakePlatSamplePkg/Include/SetupVariable.h
TigerLakePlatSamplePkg/Library/PeiPolicyUpdateLib/PeiPolicyUpdateLib.inf
TigerLakePlatSamplePkg/Library/PeiPolicyUpdateLib/PeiPolicyUpdateLibFsp.inf
TigerLakePlatSamplePkg/Library/PeiPolicyUpdateLib/PeiSaPolicyUpdate.c
TigerLakePlatSamplePkg/Setup/SaSetup.hfr
TigerLakePlatSamplePkg/Setup/SaSetup.uni

================================================================================ 
Commit: 27c1569943a58e996f0370fc06726a32742b4c67 
Author: ClientSysFWGit <clientsysfwgit@intel.com> 
Date: Tue Feb 23 11:11:48 2021 -0800 
-------------------------------------------------------------------------------- 
XHCI: Use LTR mode instead of NDE
- Update XHCI settings
- Add policy/setup option to enable/disable LTR Mode

Hsd-es-id: 22012222822
Original commit date: Thu Jan 14 09:45:16 2021 -0800
Change-Id: Iafc98431df71dfd22ca4a53aa37572bc0db34b7c
Original commit hash: 6364e49ef19d2041fc9918796b24576f0a25046b

-------------------------------------------------------------------------------- 
[Changed Files]
ClientOneSiliconPkg/Include/ConfigBlock/Usb/UsbConfig.h
ClientOneSiliconPkg/IpBlock/Usb/LibraryPrivate/PeiUsbHostControllerInitLib/XhciInit.c
ClientOneSiliconPkg/IpBlock/Usb/LibraryPrivate/PeiUsbPolicyLib/PeiUsbPolicyLib.c
TigerLakeFspPkg/Library/PeiPolicyUpdateLib/PeiPchPolicyUpdate.c
TigerLakeFspPkg/Upd/FspsUpd.dsc
TigerLakePlatSamplePkg/Include/SetupVariable.h
TigerLakePlatSamplePkg/Library/PeiPolicyUpdateLib/PeiPchPolicyUpdate.c
TigerLakePlatSamplePkg/Setup/PchSetup.hfr
TigerLakePlatSamplePkg/Setup/PchSetup.uni

================================================================================ 
Commit: 061d4b258b24f30a1a8c991fb536a544b1c0f639 
Author: ClientSysFWGit <clientsysfwgit@intel.com> 
Date: Tue Feb 23 11:11:34 2021 -0800 
-------------------------------------------------------------------------------- 
[TeamCity] TGL Auto-Commit BIOS ID update TGLMaster BIOS Version to 4051_00

Hsd-es-id: N/A
Original commit date: Mon Jan 25 11:02:33 2021 -0800
Change-Id: If9eeaa07123d86409329b7279c613211cfcc902c
Original commit hash: 098e54c5b5d3d5d0e9ce74e9357b8b9025885cef

-------------------------------------------------------------------------------- 
[Changed Files]
TigerLakeBoardPkg/BiosId.env

================================================================================ 
Commit: 084ad83350cae7da9fa7788d5b9048c282018e56 
Author: ClientSysFWGit <clientsysfwgit@intel.com> 
Date: Tue Feb 23 11:11:24 2021 -0800 
-------------------------------------------------------------------------------- 
[TeamCity] TGL Auto-Commit DailyUpdate_FSP/RC TGLMaster

Hsd-es-id: no sighting
Original commit date: Mon Jan 25 10:33:49 2021 -0800
Change-Id: I88c4b95d5030e6f7a01282fa58454544b781c32b
Original commit hash: d07adfd97ae0c28935cad3ad084685ae1735b603

-------------------------------------------------------------------------------- 
[Changed Files]
TigerLakeFspPkg/TigerLakeFspPkg.dec

================================================================================ 
Commit: b34674343a10272703e8b5d0d8704abb2064cd4b 
Author: ClientSysFWGit <clientsysfwgit@intel.com> 
Date: Tue Feb 23 11:11:15 2021 -0800 
-------------------------------------------------------------------------------- 
ClientOneSiliconPkg: Gen3 PLL are slightly higher than TGP-LP

This change applies missing programming as per SPI BWG for CLK.CNTRL.

Hsd-es-id: 14013366809
Original commit date: Wed Jan 13 16:52:58 2021 +0100
Change-Id: I4db679a828832950cd29a14c7a62a80a83cfe2c2
Original commit hash: 9f085450dd9471a66a508daee000167697e20057

-------------------------------------------------------------------------------- 
[Changed Files]
ClientOneSiliconPkg/IpBlock/Espi/LibraryPrivate/PeiEspiInitLib/PeiEspiInitLib.c

================================================================================ 
Commit: 294e1e743ba79405d819d60b26330f9e247a6862 
Author: ClientSysFWGit <clientsysfwgit@intel.com> 
Date: Tue Feb 23 11:11:07 2021 -0800 
-------------------------------------------------------------------------------- 
[TGL-H] Need Power Meter support

Enable Power Meter support for TigerLake-H

Hsd-es-id: 22012085773
Original commit date: Mon Jan 18 16:41:33 2021 +0800
Change-Id: Idd32d9b57f6dffc409e150bc04d20d847f7dd8dc
Original commit hash: dba8c4bb6b59e04de533328257bd9dd6d68fa9a8

-------------------------------------------------------------------------------- 
[Changed Files]
TigerLakeBoardPkg/Acpi/AcpiTables/Dsdt/Platform.asl
TigerLakeBoardPkg/Acpi/AcpiTables/Dsdt/PowerMeterTglH.asl
TigerLakeBoardPkg/Acpi/AcpiTables/Dsdt/PowerMeterTglU.asl

================================================================================ 
Commit: 3dec6ed77d3367d4e64694514f37a50b545d8b09 
Author: ClientSysFWGit <clientsysfwgit@intel.com> 
Date: Tue Feb 23 11:10:58 2021 -0800 
-------------------------------------------------------------------------------- 
[TeamCity] TGL Auto-Commit BIOS ID update TGLMaster BIOS Version to 4047_00

Hsd-es-id: N/A
Original commit date: Sun Jan 24 11:03:00 2021 -0800
Change-Id: If5c0addc01a2a5bb0f20a30472c82498a6a28104
Original commit hash: 062b8078fa473420b6ce097c7b025aa69a6645d4

-------------------------------------------------------------------------------- 
[Changed Files]
TigerLakeBoardPkg/BiosId.env

================================================================================ 
Commit: c878124333cac17fee25257351b1193ba0954da3 
Author: ClientSysFWGit <clientsysfwgit@intel.com> 
Date: Tue Feb 23 11:10:49 2021 -0800 
-------------------------------------------------------------------------------- 
[TeamCity] TGL Auto-Commit DailyUpdate_FSP/RC TGLMaster

Hsd-es-id: no sighting
Original commit date: Sun Jan 24 10:33:05 2021 -0800
Change-Id: I6ff4f673002b5a6ab2849c0e471d8003ff915e63
Original commit hash: fa51efd15a19916a855a67a012a9cf7dd91ac921

-------------------------------------------------------------------------------- 
[Changed Files]
TigerLakeFspPkg/TigerLakeFspPkg.dec

================================================================================ 
Commit: 42e81b76ca56559825245458781bc7e6082ec049 
Author: ClientSysFWGit <clientsysfwgit@intel.com> 
Date: Tue Feb 23 11:10:40 2021 -0800 
-------------------------------------------------------------------------------- 
[TeamCity] TGL Auto-Commit WeeklyUpdate_FSP/RC TGLMaster

Hsd-es-id: no sighting
Original commit date: Sun Jan 24 10:03:02 2021 -0800
Change-Id: I5334124e2bb5e73826eb4106136bb8352b30ada8
Original commit hash: 4c1c1a510b46632acaec8fa48ad3fbf17ed31641

-------------------------------------------------------------------------------- 
[Changed Files]
TigerLakeFspPkg/TigerLakeFspPkg.dec

================================================================================ 
Commit: 1032eeffdecf74d535397003f904339894f99f33 
Author: ClientSysFWGit <clientsysfwgit@intel.com> 
Date: Tue Feb 23 11:10:30 2021 -0800 
-------------------------------------------------------------------------------- 
[TeamCity] TGL Auto-Commit BIOS ID update TGLMaster BIOS Version to 4046_00

Hsd-es-id: N/A
Original commit date: Sat Jan 23 11:03:00 2021 -0800
Change-Id: If56c46b768dac00838c1b2bd0a47e9583dabdc04
Original commit hash: 99b62ca194df6e42fa3cd84890d6b0f44ca7d2ee

-------------------------------------------------------------------------------- 
[Changed Files]
TigerLakeBoardPkg/BiosId.env

================================================================================ 
Commit: 2ceebb3f3c098c4ef42a5e44e785ede06682de23 
Author: ClientSysFWGit <clientsysfwgit@intel.com> 
Date: Tue Feb 23 11:10:22 2021 -0800 
-------------------------------------------------------------------------------- 
[TeamCity] TGL Auto-Commit DailyUpdate_FSP/RC TGLMaster

Hsd-es-id: no sighting
Original commit date: Sat Jan 23 10:33:03 2021 -0800
Change-Id: Iabc7f3d9c30c9a4e0a4a3a5e39a86f2b6c66f3e9
Original commit hash: 08914a85655b41b19da90c8e0f60a92fd5ed8776

-------------------------------------------------------------------------------- 
[Changed Files]
TigerLakeFspPkg/TigerLakeFspPkg.dec

================================================================================ 
Commit: 4ed7afe4f6f273b05c899ff20c68dc7803bc3731 
Author: ClientSysFWGit <clientsysfwgit@intel.com> 
Date: Tue Feb 23 11:10:12 2021 -0800 
-------------------------------------------------------------------------------- 
[TeamCity] TGL Auto-Commit BIOS ID update TGLMaster BIOS Version to 4045_00

Hsd-es-id: N/A
Original commit date: Fri Jan 22 11:09:14 2021 -0800
Change-Id: If67bdb8d9b7e54c76a0b58dc5340323543e9ef9b
Original commit hash: 7e1c0f22cd12c7789433371548eaa4b8ac4c38b8

-------------------------------------------------------------------------------- 
[Changed Files]
TigerLakeBoardPkg/BiosId.env

================================================================================ 
Commit: 134ac783e8ff53b03e7c1dcfa9f8ba2feb2934d5 
Author: ClientSysFWGit <clientsysfwgit@intel.com> 
Date: Tue Feb 23 11:10:00 2021 -0800 
-------------------------------------------------------------------------------- 
[TeamCity] TGL Auto-Commit DailyUpdate_FSP/RC TGLMaster

Hsd-es-id: no sighting
Original commit date: Fri Jan 22 10:34:12 2021 -0800
Change-Id: I53dddcf0f6a31060b0c5190ca31142ed8927cf5c
Original commit hash: 17282f00ebc4c7e7d17eb511f39f4fe9b823b6fc

-------------------------------------------------------------------------------- 
[Changed Files]
TigerLakeFspPkg/TigerLakeFspPkg.dec

================================================================================ 
Commit: dc99c5aaca47d7f42d797c06cd878cca1fbd09ff 
Author: ClientSysFWGit <clientsysfwgit@intel.com> 
Date: Tue Feb 23 11:09:40 2021 -0800 
-------------------------------------------------------------------------------- 
[TeamCity] TGL Auto-Commit BIOS ID update TGLMaster BIOS Version to 4044_00

Hsd-es-id: N/A
Original commit date: Thu Jan 21 11:10:05 2021 -0800
Change-Id: Ied54a55d8405fb1105d60d97dbfe3726d11e0ba8
Original commit hash: 613d7a78bdf05e36d3f5a4e98187cb6ef85e2c22

-------------------------------------------------------------------------------- 
[Changed Files]
TigerLakeBoardPkg/BiosId.env

================================================================================ 
Commit: 0b158149fac642ca968d1da5478fa80040692204 
Author: ClientSysFWGit <clientsysfwgit@intel.com> 
Date: Tue Feb 23 11:09:28 2021 -0800 
-------------------------------------------------------------------------------- 
[TeamCity] TGL Auto-Commit DailyUpdate_FSP/RC TGLMaster

Hsd-es-id: no sighting
Original commit date: Thu Jan 21 10:32:54 2021 -0800
Change-Id: Ia343050d24ca6e11746f4c990841ebe957266520
Original commit hash: cd9e61eb68d1c47216e5967d6d64e76787eac6c1

-------------------------------------------------------------------------------- 
[Changed Files]
TigerLakeFspPkg/TigerLakeFspPkg.dec

================================================================================ 
Commit: c467702ca2132b841636614cda04a3e86e5b08e0 
Author: ClientSysFWGit <clientsysfwgit@intel.com> 
Date: Tue Feb 23 11:09:14 2021 -0800 
-------------------------------------------------------------------------------- 
DGR:[TGL] DGR State Save SMRAM memory access change

Added flag to DGR Comm Buffer to check if the handler is intended
to update the RAX value in state save map

Original commit date: Wed Jan 20 22:18:57 2021 +0530
Change-Id: I398d49add77d226acada1967ae32a8d27c203b17
Original commit hash: 1c33a995965976f1f18e66ea9f7ca8241339362e

-------------------------------------------------------------------------------- 
[Changed Files]
ClientOneSiliconPkg/Cpu/Library/SmmCpuFeaturesLib/SmramSaveState.c
Release_Notes.docx
