================================================================================ 
Commit: 2c745d07d255fc63f3adfa6e188535b8d276e95e 
Author: ClientSysFWGit <clientsysfwgit@intel.com> 
Date: Tue Nov 12 10:13:04 2024 +0530 
-------------------------------------------------------------------------------- 
Added Doxygen and License file for ARL-H 4404_82 label.

-------------------------------------------------------------------------------- 
[Changed Files]
ClientOneSiliconPkg/IpBlock/Smbus/Smm/SmbusArpDisabled.c
ClientOneSiliconPkg/IpBlock/Smbus/Smm/SmbusEntry.c
ClientOneSiliconPkg/IpBlock/Smbus/Smm/SmbusSmm.h
ClientOneSiliconPkg/IpBlock/Smbus/Smm/SmbusSmm.inf
ClientOneSiliconPkg/IpBlock/Smbus/Smm/SmbusTraditionalMm.c
ClientOneSiliconPkg/Pch/Include/Protocol/SmmSmbus.h
ClientOneSiliconPkg/Product/MeteorLake/EarlyDevices/Readme.md
ClientOneSiliconPkg/SiPkg.dec
Doxygen/BoardApi.chm
Doxygen/FspApi.chm
Doxygen/MeteorLake_FSP_Integration_Guide.chm
Doxygen/MeteorLake_FSP_Integration_Guide.pdf
Doxygen/PlatApi.chm
Doxygen/SiPkgApi.chm
LICENSE.txt
MeteorLakeBoardPkg/CapsuleUpdateConfig/.gitignore
MeteorLakeBoardPkg/Features/CapsuleUpdate/Tools/CapsuleGenerate/Ucode/.gitignore

================================================================================ 
Commit: 9d9e12f51032f0323e5255a7b06967f56cada357 
Author: ClientSysFWGit <clientsysfwgit@intel.com> 
Date: Tue Nov 12 10:00:04 2024 +0530 
-------------------------------------------------------------------------------- 
"[TeamCity] MTL MeteorLake_meteorlake_program_platform_Daily Daily Updating Version/ID: MeteorLake_4404_82

Hsd-es-id: N/A"
Original commit date: Thu Oct 17 04:17:14 2024 -0700
Original commit hash: 9af720acf0d35d912f44c2ec0b6330d1e1e2319c

-------------------------------------------------------------------------------- 
[Changed Files]
MeteorLakeBoardPkg/BiosId.env

================================================================================ 
Commit: 6bb6971d24e5fede5bd4ee0c58437f230f09ab77 
Author: ClientSysFWGit <clientsysfwgit@intel.com> 
Date: Tue Nov 12 10:00:01 2024 +0530 
-------------------------------------------------------------------------------- 
Update MRC Release Notes MTL MRC 1.5.4.0

[Feature Description]
Update MRC version.

Package/Module: ClientOneSiliconPkg/IpBlock/MemoryInit/Mtl

[Impacted Platform]
ALL

Hsd-es-id: 22014478540
Original commit date: Tue Oct 8 19:22:00 2024 -0700
Change-Id: I33ac2f710ed1fba07d395c850946c1724320a0e3
Original commit hash: 8e3bae36704cb0a475aed85917c7957f8c7e3ca3

-------------------------------------------------------------------------------- 
[Changed Files]
ClientOneSiliconPkg/IpBlock/MemoryInit/Mtl/LibraryPrivate/PeiMemoryInitLib/Source/Include/MrcVersion.h

================================================================================ 
Commit: 479998a0fc636f04536186fe688a2d70b904d911 
Author: ClientSysFWGit <clientsysfwgit@intel.com> 
Date: Tue Nov 12 09:59:58 2024 +0530 
-------------------------------------------------------------------------------- 
Update MRC Release Notes MTL MRC 1.5.3.4

[Feature Description]
Update MRC version.

Package/Module: ClientOneSiliconPkg/IpBlock/MemoryInit/Mtl

[Impacted Platform]
ALL

Hsd-es-id: 22014478540
Original commit date: Tue Oct 8 19:21:30 2024 -0700
Change-Id: I1c6c763f28a30af6f1a0f53f6f5ecf9af629bfa4
Original commit hash: c573f88aca201dbb5900ad5b7d2c06df78a6940d

-------------------------------------------------------------------------------- 
[Changed Files]
ClientOneSiliconPkg/IpBlock/MemoryInit/Mtl/LibraryPrivate/PeiMemoryInitLib/Source/Include/MrcVersion.h

================================================================================ 
Commit: f6aba759cff6684fa750657bb08704be6c529cc5 
Author: ClientSysFWGit <clientsysfwgit@intel.com> 
Date: Tue Nov 12 09:59:56 2024 +0530 
-------------------------------------------------------------------------------- 
[ARL-H] Update RefPi Temp Coefficient LUT for 6400G2

[Feature Description]
1) MRC must update RefPiTempCoLut coefficients to include 6400G2 data.

Package/Module: ClientOneSiliconPkg/IpBlock/MemoryInit/Mtl

[Impacted Platform]
ALL

Hsd-es-id: 14023610923
Original commit date: Fri Oct 4 15:20:14 2024 -0700
Change-Id: I2290deb3e5d14877bc1f208b6b77189bb68f7b6a
Original commit hash: 6ecf4e8b806c206fe3b869fa6b02a7287ec30d0c

-------------------------------------------------------------------------------- 
[Changed Files]
ClientOneSiliconPkg/IpBlock/MemoryInit/Mtl/Include/MrcInterface.h
ClientOneSiliconPkg/IpBlock/MemoryInit/Mtl/LibraryPrivate/PeiMemoryInitLib/Source/Chip/DdrIo/MrcDdrIoConfig.c

================================================================================ 
Commit: b3dc712500c352c5a7aa649d1a3c028e8e9573e8 
Author: ClientSysFWGit <clientsysfwgit@intel.com> 
Date: Tue Nov 12 09:59:53 2024 +0530 
-------------------------------------------------------------------------------- 
Update MRC Release Notes MTL MRC 1.5.3.3

[Feature Description]
Update MRC version.

Package/Module: ClientOneSiliconPkg/IpBlock/MemoryInit/Mtl

[Impacted Platform]
ALL

Hsd-es-id: 22014478540
Original commit date: Tue Oct 8 19:21:00 2024 -0700
Change-Id: I85ad72f6a9bfec73d0f86cb643394d8b09565ebe
Original commit hash: b9f9d09825efcac80ff71963fdd882df2f1be8e8

-------------------------------------------------------------------------------- 
[Changed Files]
ClientOneSiliconPkg/IpBlock/MemoryInit/Mtl/LibraryPrivate/PeiMemoryInitLib/Source/Include/MrcVersion.h

================================================================================ 
Commit: 99fb9b46319b70e759bb7cb83a8c96d15cd83aa1 
Author: ClientSysFWGit <clientsysfwgit@intel.com> 
Date: Tue Nov 12 09:59:50 2024 +0530 
-------------------------------------------------------------------------------- 
[ARL | LP5 DDR5] IoReset and Dll Reset need to be added in RdV...

[Feature Description]
1) MRC must perform IoReset and DLL reset when sweeping RdV with
single ended receiver enabled avoiding DLL to become unlocked during
RMT Per-bit. This requirement was detected after enabling LP5 8400G4
with 2R configurations.

Package/Module: ClientOneSiliconPkg/IpBlock/MemoryInit/Mtl

[Impacted Platform]
ALL

Hsd-es-id: 14023610906
Original commit date: Fri Oct 4 12:43:54 2024 -0700
Change-Id: I8e0e253eff80cf9ca546c4b3a1e4b6c88dc2ed00
Original commit hash: 7370394e8e7c3d017fc8e10d9b5f3d1d0504b8fd

-------------------------------------------------------------------------------- 
[Changed Files]
ClientOneSiliconPkg/IpBlock/MemoryInit/Mtl/LibraryPrivate/PeiMemoryInitLib/Source/Services/MrcCommon.c

================================================================================ 
Commit: 002d2817f31537eb6de0212f9e231e3e3c99066c 
Author: ClientSysFWGit <clientsysfwgit@intel.com> 
Date: Tue Nov 12 09:59:47 2024 +0530 
-------------------------------------------------------------------------------- 
Update MRC Release Notes MTL MRC 1.5.3.2

[Feature Description]
Update MRC version.

Package/Module: ClientOneSiliconPkg/IpBlock/MemoryInit/Mtl

[Impacted Platform]
ALL

Hsd-es-id: 22014478540
Original commit date: Tue Oct 8 19:20:20 2024 -0700
Change-Id: If9236e726f4190d1f09f556922b1e7db32a46f31
Original commit hash: acfba531959761456b557aba8158e3a1c215e2df

-------------------------------------------------------------------------------- 
[Changed Files]
ClientOneSiliconPkg/IpBlock/MemoryInit/Mtl/LibraryPrivate/PeiMemoryInitLib/Source/Include/MrcVersion.h

================================================================================ 
Commit: 2db4e0691c40f5d1b8f30dc64d3188dfd89c4b2e 
Author: ClientSysFWGit <clientsysfwgit@intel.com> 
Date: Tue Nov 12 09:59:43 2024 +0530 
-------------------------------------------------------------------------------- 
[ARL | DDR5 LP5] Add RefPi FSM Re-run if Zero Value is Found in RefPi...

[Feature Description]
1) MRC must re-run RefPi4Xover_FSM if zero value is detected
in any partition.
2) MRC must re-run RefPi4Xover_FSM at Vmin before 1D Sweep only.
3) MRC must re-run RefPi4Xover_FSM by 10 times, if after 10 iterations
RefPi4Xover_FSM still shows zero values then send and error.

Package/Module: ClientOneSiliconPkg/IpBlock/MemoryInit/Mtl

[Impacted Platform]
ALL

Hsd-es-id: 14023610955
Original commit date: Thu Oct 3 18:29:41 2024 -0700
Change-Id: I1fd22663eabc3d1147e07d9b0159879772933a3f
Original commit hash: 95df6d413065528e5e76a7ec5ac7edf9d79e60dd

-------------------------------------------------------------------------------- 
[Changed Files]
ClientOneSiliconPkg/IpBlock/MemoryInit/Mtl/LibraryPrivate/PeiMemoryInitLib/Source/Chip/DdrIo/MrcDdrIoApi.h
ClientOneSiliconPkg/IpBlock/MemoryInit/Mtl/LibraryPrivate/PeiMemoryInitLib/Source/Chip/DdrIo/MrcDdrIoConfig.c
ClientOneSiliconPkg/IpBlock/MemoryInit/Mtl/LibraryPrivate/PeiMemoryInitLib/Source/Chip/DdrIo/MrcDdrIoConfigPrivate.h

================================================================================ 
Commit: 13d8a0345205683ec8e31a72d521be9db6a3fa53 
Author: ClientSysFWGit <clientsysfwgit@intel.com> 
Date: Tue Nov 12 09:59:39 2024 +0530 
-------------------------------------------------------------------------------- 
Update MRC Release Notes MTL MRC 1.5.3.1

[Feature Description]
Update MRC version.

Package/Module: ClientOneSiliconPkg/IpBlock/MemoryInit/Mtl

[Impacted Platform]
ALL

Hsd-es-id: 22014478540
Original commit date: Tue Oct 8 19:19:53 2024 -0700
Change-Id: I66fc633eeb837090087e5d0d08015873132b1c1d
Original commit hash: 65475dfe2b892e03b88f3cb801ab222704059f9e

-------------------------------------------------------------------------------- 
[Changed Files]
ClientOneSiliconPkg/IpBlock/MemoryInit/Mtl/LibraryPrivate/PeiMemoryInitLib/Source/Include/MrcVersion.h

================================================================================ 
Commit: d1f8ac5900d608a81f289600d0225f0ae4ee3a92 
Author: ClientSysFWGit <clientsysfwgit@intel.com> 
Date: Tue Nov 12 09:59:35 2024 +0530 
-------------------------------------------------------------------------------- 
[ARL-H/ARL-U/LP5] Change ARL QCLK=2100 8400G4 VCCSA bump from +50mV to..

[Feature Description]
1) MRC must change current ARL LP5 QCLK=2100 (8400G4) VCCSA delta
from +50mV to +80mV

Package/Module: ClientOneSiliconPkg/IpBlock/MemoryInit/Mtl

[Impacted Platform]
ALL

Hsd-es-id: 14023610891
Original commit date: Fri Oct 4 12:16:30 2024 -0700
Change-Id: Id88e73f812651adc7efc74f237651319c46273a7
Original commit hash: 52ec72c3937d1020205bd4defcb4021ce4b3ea9b

-------------------------------------------------------------------------------- 
[Changed Files]
ClientOneSiliconPkg/IpBlock/MemoryInit/Mtl/LibraryPrivate/PeiMemoryInitLib/Source/Chip/DdrIo/MrcDdrIoConfig.h
ClientOneSiliconPkg/IpBlock/MemoryInit/Mtl/LibraryPrivate/PeiMemoryInitLib/Source/Services/MrcChipRouting.c

================================================================================ 
Commit: 1476b4060eef5eae088583be9095766aff118246 
Author: ClientSysFWGit <clientsysfwgit@intel.com> 
Date: Tue Nov 12 09:59:31 2024 +0530 
-------------------------------------------------------------------------------- 
Update MRC Release Notes MTL MRC 1.5.3.0

[Feature Description]
Update MRC version.

Package/Module: ClientOneSiliconPkg/IpBlock/MemoryInit/Mtl

[Impacted Platform]
ALL

Hsd-es-id: 22014478540
Original commit date: Tue Oct 8 19:19:25 2024 -0700
Change-Id: I93016c0908b70938afe6059d5cb4ffd0e96498d7
Original commit hash: 03e557260b07d6f3dc4c5967cee2606b5aee1c2b

-------------------------------------------------------------------------------- 
[Changed Files]
ClientOneSiliconPkg/IpBlock/MemoryInit/Mtl/LibraryPrivate/PeiMemoryInitLib/Source/Include/MrcVersion.h

================================================================================ 
Commit: ff63f71b7e273798319ec63fdceda7d093326e4f 
Author: ClientSysFWGit <clientsysfwgit@intel.com> 
Date: Tue Nov 12 09:59:27 2024 +0530 
-------------------------------------------------------------------------------- 
Move out TcssInitFruLib to common library

[Feature Description]
Move out PEI/DXE TcssInitFruLib to common library

Package/Module:
ClientOneSiliconPkg

[Impacted Platform]
Default ALL

Hsd-es-id: 15016820104
Original commit date: Fri Sep 27 15:19:08 2024 +0800
Change-Id: Ic18241b48cc0b5b3d9412e6a612666385522f720
Original commit hash: cf4a28517fb2751c3dede8f9214dfabdd58f5231

-------------------------------------------------------------------------------- 
[Changed Files]
ClientOneSiliconPkg/Fru/MtlSoc/DxeLib.dsc
ClientOneSiliconPkg/Fru/MtlSoc/Include/Library/PeiTcssInitFruLib.h
ClientOneSiliconPkg/Fru/MtlSoc/PeiLib.dsc
ClientOneSiliconPkg/Fru/MtlSoc/Tcss/Include/Library/DxeTcssInitFruLib.h
ClientOneSiliconPkg/Fru/MtlSoc/Tcss/Library/DxeTcssInitFruLib/DxeTcssInitFruLib.c
ClientOneSiliconPkg/Fru/MtlSoc/Tcss/Library/DxeTcssInitFruLib/DxeTcssInitFruLib.inf
ClientOneSiliconPkg/Fru/MtlSoc/Tcss/Library/PeiTcssInitFruLib/PeiTcssInitFruLib.c
ClientOneSiliconPkg/Fru/MtlSoc/Tcss/Library/PeiTcssInitFruLib/PeiTcssInitFruLib.inf
ClientOneSiliconPkg/Product/MeteorLake/MeteorLakeSiliconPkg.dsc
ClientOneSiliconPkg/Product/MeteorLake/SiPkgDxeLib.dsc

================================================================================ 
Commit: 77474b2affb8f4093b6e31f6a43d6eebd239d0f5 
Author: ClientSysFWGit <clientsysfwgit@intel.com> 
Date: Tue Nov 12 09:59:24 2024 +0530 
-------------------------------------------------------------------------------- 
Memory Type mismatching is observed.

[Issue Description]
Observed ModuleType mismatch due to missing LP5x MemoryType

[Resolution]
Updated according to the ModuleType values according to MemoryType

Package/Module: OneSiliconPkg

[Impacted Platform]
ALL.

Hsd-es-id: 16025675750
Original commit date: Fri Sep 27 09:39:29 2024 +0530
Change-Id: I509343fd436323da0dfba4648b93b875729177d2
Original commit hash: ea8678433698723120fe3d2ed637f00450926577

-------------------------------------------------------------------------------- 
[Changed Files]
ClientOneSiliconPkg/LibraryPrivate/DxeSmbiosMemoryLib/SmbiosMemory.h
ClientOneSiliconPkg/LibraryPrivate/DxeSmbiosMemoryLib/SmbiosType17.c

================================================================================ 
Commit: 7e97928fdf774a1ff707c60c5e0de409e222bdf3 
Author: ClientSysFWGit <clientsysfwgit@intel.com> 
Date: Tue Nov 12 09:59:19 2024 +0530 
-------------------------------------------------------------------------------- 
[ARL][dTBT] Improve dTBT programming for dTBT enablement

[Issue Description]
PCH definition is diff between Mobile platform and Desktop platform.
For MB platform, PCH is belong to SOC but TYPE_PCH for dTBT indicates
discrete PCH.

[Resolution]
Consider if exists discrete PCH.

Package/Module: MeteorLakePlatSamplePkg

[Impacted Platform]
ARL

Hsd-es-id: 15016717132
Original commit date: Tue Sep 10 01:24:30 2024 +0800
Change-Id: I61ef5b9d0b4dc056c828f49e876427d3d7a3a9e3
Original commit hash: 04b464f88111b9cc67b700ede59fcf0a2834ac8f

-------------------------------------------------------------------------------- 
[Changed Files]
MeteorLakePlatSamplePkg/Features/Acpi/AcpiTables/TbtTypeC/TbtTypeC.asl
MeteorLakePlatSamplePkg/Features/Tbt/TbtInit/Dxe/AcpiTables/DTbt.asl
MeteorLakePlatSamplePkg/Platform/PciHotPlug/PciHotPlug.c

================================================================================ 
Commit: 1b421d5b14331f99357a74b8fa950f2344064c9c 
Author: ClientSysFWGit <clientsysfwgit@intel.com> 
Date: Tue Nov 12 09:59:13 2024 +0530 
-------------------------------------------------------------------------------- 
"[TeamCity] MTL MeteorLake_meteorlake_program_platform_Daily Daily Updating Version/ID: MeteorLake_4404_81

Hsd-es-id: N/A"
Original commit date: Tue Oct 8 23:15:56 2024 -0700
Original commit hash: c0ceae77832d836dd80e16c7d109d2aef1964f32

-------------------------------------------------------------------------------- 
[Changed Files]
ClientOneSiliconPkg/IpBlock/Smbus/Smm/SmbusArpDisabled.c
ClientOneSiliconPkg/IpBlock/Smbus/Smm/SmbusEntry.c
ClientOneSiliconPkg/IpBlock/Smbus/Smm/SmbusSmm.h
ClientOneSiliconPkg/IpBlock/Smbus/Smm/SmbusSmm.inf
ClientOneSiliconPkg/IpBlock/Smbus/Smm/SmbusTraditionalMm.c
ClientOneSiliconPkg/Pch/Include/Protocol/SmmSmbus.h
ClientOneSiliconPkg/Product/MeteorLake/EarlyDevices/Readme.md
ClientOneSiliconPkg/SiPkg.dec
Doxygen/BoardApi.chm
Doxygen/FspApi.chm
Doxygen/MeteorLake_FSP_Integration_Guide.chm
Doxygen/MeteorLake_FSP_Integration_Guide.pdf
Doxygen/PlatApi.chm
Doxygen/SiPkgApi.chm
LICENSE.txt
MeteorLakeBoardPkg/CapsuleUpdateConfig/.gitignore
MeteorLakeBoardPkg/Features/CapsuleUpdate/Tools/CapsuleGenerate/Ucode/.gitignore
