================================================================================ 
Commit: b31e0d659c4dedee4c57d4d2703eaacd94dd7997 
Author: ClientSysFWGit <clientsysfwgit@intel.com> 
Date: Mon Jun 28 15:39:58 2021 -0500 
-------------------------------------------------------------------------------- 
Update files for 4262 TGL

-------------------------------------------------------------------------------- 
[Changed Files]
ClientOneSiliconPkg/SiPkg.dec
Release_Notes.docx
~$lease_Notes.docx

================================================================================ 
Commit: 7cfe9b783610d54ba2b256af3e4547876dbae49d 
Author: ClientSysFWGit <clientsysfwgit@intel.com> 
Date: Mon Jun 28 12:49:54 2021 -0500 
-------------------------------------------------------------------------------- 
[TeamCity] TGL Auto-Commit BIOS ID update TGLMaster BIOS Version to 4262_01

Hsd-es-id: N/A
Original commit date: Tue Jun 22 17:34:54 2021 -0700
Change-Id: If8e62ecf833017f5802daa6112dd7a962f41ee5c
Original commit hash: a04d0cdf541ddac72450f06d2efe837b1521817d

-------------------------------------------------------------------------------- 
[Changed Files]
TigerLakeBoardPkg/BiosId.env

================================================================================ 
Commit: 92c7d0b68c9347d0e90e5488408c2d50148d69b8 
Author: ClientSysFWGit <clientsysfwgit@intel.com> 
Date: Mon Jun 28 12:49:51 2021 -0500 
-------------------------------------------------------------------------------- 
[TeamCity] TGL Auto-Commit DailyUpdate_FSP/RC TGLMaster

Hsd-es-id: no sighting
Original commit date: Tue Jun 22 17:27:32 2021 -0700
Change-Id: I90505c1e706a439cf403566afefbc6fa9bb93061
Original commit hash: aeac3647aea895071e6a889085726edff9c8ada5

-------------------------------------------------------------------------------- 
[Changed Files]
TigerLakeFspPkg/TigerLakeFspPkg.dec

================================================================================ 
Commit: c81ddb3f0b682821fa2ae980de06a4613733d52d 
Author: ClientSysFWGit <clientsysfwgit@intel.com> 
Date: Mon Jun 28 12:49:48 2021 -0500 
-------------------------------------------------------------------------------- 
[TGL]HSIO turning policies are not initialized in FSP Dispatch mode.

Hsd-es-id: 1509343570
Original commit date: Mon Jun 21 18:22:55 2021 -0700
Change-Id: If3db30bab9f446c6559897de315afcb929bab2b2
Original commit hash: 43579dfd85b9cf2e97caeda551512440cc0350a7

-------------------------------------------------------------------------------- 
[Changed Files]
ClientOneSiliconPkg/IpBlock/Usb/LibraryPrivate/PeiUsbPolicyLib/PeiUsbPolicyLib.c
ClientOneSiliconPkg/Pch/Library/PeiPchPolicyLib/PeiPchPreMemPolicyLib.c

================================================================================ 
Commit: 0f6a6fa2ac4b23dfa9d200f0fa548bc19b773c21 
Author: ClientSysFWGit <clientsysfwgit@intel.com> 
Date: Mon Jun 28 12:49:45 2021 -0500 
-------------------------------------------------------------------------------- 
[TeamCity] TGL Auto-Commit BIOS ID update TGLMaster BIOS Version to 4262_00

Hsd-es-id: N/A
Original commit date: Tue Jun 22 11:29:40 2021 -0700
Change-Id: I65aa533da5de0d07fde9874b26b69d7af866480c
Original commit hash: 22d342360a9a5b3a72b27e7b0bc7cf0ebd7a0247

-------------------------------------------------------------------------------- 
[Changed Files]
TigerLakeBoardPkg/BiosId.env

================================================================================ 
Commit: 2c8d93baa6a36cfb3ea03da90307494e9098f38d 
Author: ClientSysFWGit <clientsysfwgit@intel.com> 
Date: Mon Jun 28 12:49:42 2021 -0500 
-------------------------------------------------------------------------------- 
[TeamCity] TGL Auto-Commit DailyUpdate_FSP/RC TGLMaster

Hsd-es-id: no sighting
Original commit date: Tue Jun 22 10:47:39 2021 -0700
Change-Id: Ice753343ac2b9482367ae130de82cc70ae3c7c50
Original commit hash: f0a8a46f6e71c7b960ec7087030f0a150769994c

-------------------------------------------------------------------------------- 
[Changed Files]
TigerLakeFspPkg/TigerLakeFspPkg.dec

================================================================================ 
Commit: 7cd56664f8fb83f9523115659b3da33973bb492f 
Author: ClientSysFWGit <clientsysfwgit@intel.com> 
Date: Mon Jun 28 12:49:39 2021 -0500 
-------------------------------------------------------------------------------- 
[TeamCity] TGL Auto-Commit BIOS ID update TGLMaster BIOS Version to 4261_00

Hsd-es-id: N/A
Original commit date: Mon Jun 21 11:17:27 2021 -0700
Change-Id: Ib98dbeb8c337ca00ec7be48e578e0e038a214fed
Original commit hash: c51dd150576e7482ef06f944d40edfd259bde1ec

-------------------------------------------------------------------------------- 
[Changed Files]
TigerLakeBoardPkg/BiosId.env

================================================================================ 
Commit: 4bebaff4ed084d720c66ebc22568976242792d1f 
Author: ClientSysFWGit <clientsysfwgit@intel.com> 
Date: Mon Jun 28 12:49:36 2021 -0500 
-------------------------------------------------------------------------------- 
[TeamCity] TGL Auto-Commit DailyUpdate_FSP/RC TGLMaster

Hsd-es-id: no sighting
Original commit date: Mon Jun 21 10:38:43 2021 -0700
Change-Id: Ia358c8df138a88f7e45f6166cbfde089671bb937
Original commit hash: 9719a02b98913543089ee90d9492703b2b12b668

-------------------------------------------------------------------------------- 
[Changed Files]
TigerLakeFspPkg/TigerLakeFspPkg.dec

================================================================================ 
Commit: f49bd59647039891218faa254941523f81028f48 
Author: ClientSysFWGit <clientsysfwgit@intel.com> 
Date: Mon Jun 28 12:49:33 2021 -0500 
-------------------------------------------------------------------------------- 
Programming Maximum D0 LTR Value

Hsd-es-id: 16013063509
Original commit date: Wed Jun 16 11:50:06 2021 +0530
Change-Id: I4b703c67e8934659df47fa06c95fda25e8772b91
Original commit hash: 71d570489d949d1ce9d96e632652773433eb1f90

-------------------------------------------------------------------------------- 
[Changed Files]
ClientOneSiliconPkg/IpBlock/CpuPcieRp/LibraryPrivate/PeiCpuPciePolicyLib/PeiCpuPciePolicyLib.c
TigerLakeFspPkg/Upd/FspsUpd.dsc
TigerLakePlatSamplePkg/Library/PeiPolicyDebugLib/PeiSaPolicyDebugLib.c
TigerLakePlatSamplePkg/Library/PeiPolicyUpdateLib/PeiSaPolicyUpdate.c

================================================================================ 
Commit: 68f3d98875a9e12811d14f0a77934e856e2cb773 
Author: ClientSysFWGit <clientsysfwgit@intel.com> 
Date: Mon Jun 28 12:49:30 2021 -0500 
-------------------------------------------------------------------------------- 
[TeamCity] TGL Auto-Commit BIOS ID update TGLMaster BIOS Version to 4257_00

Hsd-es-id: N/A
Original commit date: Sun Jun 20 11:03:03 2021 -0700
Change-Id: I8c2c9363d19583219113cb402264966f99d5e06e
Original commit hash: 056b3af2ed7fa307491b979b9d464f97f0c69604

-------------------------------------------------------------------------------- 
[Changed Files]
TigerLakeBoardPkg/BiosId.env

================================================================================ 
Commit: 9a87a860d8d5918043e53901850334ef80b199f3 
Author: ClientSysFWGit <clientsysfwgit@intel.com> 
Date: Mon Jun 28 12:49:27 2021 -0500 
-------------------------------------------------------------------------------- 
[TeamCity] TGL Auto-Commit DailyUpdate_FSP/RC TGLMaster

Hsd-es-id: no sighting
Original commit date: Sun Jun 20 10:33:31 2021 -0700
Change-Id: I61e2f550f238cbd2cde23fd5c3d7f60e3ddc5ee4
Original commit hash: d1a9dcb5cb5d3c2ca310166cbf39ef5082dfd299

-------------------------------------------------------------------------------- 
[Changed Files]
TigerLakeFspPkg/TigerLakeFspPkg.dec

================================================================================ 
Commit: 12ec0c950e90a46c7a5194ac40966e3d3745967c 
Author: ClientSysFWGit <clientsysfwgit@intel.com> 
Date: Mon Jun 28 12:49:24 2021 -0500 
-------------------------------------------------------------------------------- 
[TeamCity] TGL Auto-Commit WeeklyUpdate_FSP/RC TGLMaster

Hsd-es-id: no sighting
Original commit date: Sun Jun 20 10:04:26 2021 -0700
Change-Id: I55fbc13506a900ba46f8072980485cf0baa57ff5
Original commit hash: 32e9d7ab7ed75964a18eae185c47cbc644c95121

-------------------------------------------------------------------------------- 
[Changed Files]
TigerLakeFspPkg/TigerLakeFspPkg.dec

================================================================================ 
Commit: 1ddc701a031027784ad51ec94919beebd743f075 
Author: ClientSysFWGit <clientsysfwgit@intel.com> 
Date: Mon Jun 28 12:49:21 2021 -0500 
-------------------------------------------------------------------------------- 
[TeamCity] TGL Auto-Commit BIOS ID update TGLMaster BIOS Version to 4256_00

Hsd-es-id: N/A
Original commit date: Sat Jun 19 11:03:12 2021 -0700
Change-Id: Ic8edb36bc0aaef0c488f87cde61b8233b4c369d4
Original commit hash: 6cd403c356d2eaef63edfc2701231a9033ba9c9f

-------------------------------------------------------------------------------- 
[Changed Files]
TigerLakeBoardPkg/BiosId.env

================================================================================ 
Commit: 95cc9fb843ec6af6ddd9a0c09dee170d81e6850d 
Author: ClientSysFWGit <clientsysfwgit@intel.com> 
Date: Mon Jun 28 12:49:18 2021 -0500 
-------------------------------------------------------------------------------- 
[TeamCity] TGL Auto-Commit DailyUpdate_FSP/RC TGLMaster

Hsd-es-id: no sighting
Original commit date: Sat Jun 19 10:33:16 2021 -0700
Change-Id: I49719d9502f41d7ad71cd14785e4bea6b01d24c5
Original commit hash: a0fb1e6cfeb00cb0359ce889d0755edbf0e9962b

-------------------------------------------------------------------------------- 
[Changed Files]
TigerLakeFspPkg/TigerLakeFspPkg.dec

================================================================================ 
Commit: 7eb0a3dd22562088271d4e4aa84b1d5ca01ddc3c 
Author: ClientSysFWGit <clientsysfwgit@intel.com> 
Date: Mon Jun 28 12:49:14 2021 -0500 
-------------------------------------------------------------------------------- 
[TeamCity] TGL Auto-Commit BIOS ID update TGLMaster BIOS Version to 4255_00

Hsd-es-id: N/A
Original commit date: Fri Jun 18 11:07:14 2021 -0700
Change-Id: I6f05eef6f54c7db24b7c5f00095a66eeb250b3b3
Original commit hash: db5591d62ff28f8248959198247a83005f429c9c

-------------------------------------------------------------------------------- 
[Changed Files]
TigerLakeBoardPkg/BiosId.env

================================================================================ 
Commit: 63a4c0a75c8e3d1c436700247caf53be5b03575a 
Author: ClientSysFWGit <clientsysfwgit@intel.com> 
Date: Mon Jun 28 12:49:11 2021 -0500 
-------------------------------------------------------------------------------- 
[TeamCity] TGL Auto-Commit DailyUpdate_FSP/RC TGLMaster

Hsd-es-id: no sighting
Original commit date: Fri Jun 18 10:33:56 2021 -0700
Change-Id: I6355dc86bb8dbed98e5c3715a8c4fc94ba66f61b
Original commit hash: 2ee2d0535cd4ae71c0a508f2bb45dcac5a698c4f

-------------------------------------------------------------------------------- 
[Changed Files]
TigerLakeFspPkg/TigerLakeFspPkg.dec

================================================================================ 
Commit: 42d670e8107f3e1954e4fb4a8d9ed8d988219b23 
Author: ClientSysFWGit <clientsysfwgit@intel.com> 
Date: Mon Jun 28 12:49:08 2021 -0500 
-------------------------------------------------------------------------------- 
PlatSamplePkg/MeSetup: Current FIPS Mode is coming as Co after enabling FIPS Mode Select

Issue: FIPS_CURRENT_MODE_VALUE got a random value.
       It is because HiiLibGetString returns buffer too small if StringLength is not initialized.
Solution: Assign the correct buffer value to StringLength.

Original commit date: Thu Jun 17 18:23:20 2021 +0800
Change-Id: Ice37e4cc672abc20003e8e9a679481eec5f8f0a6
Original commit hash: 596374ecdf8939a5a620bab5b6e60a8fac56aba8

-------------------------------------------------------------------------------- 
[Changed Files]
TigerLakePlatSamplePkg/Setup/MeSetup.c

================================================================================ 
Commit: d3c9190e43283729715a4ab557c5b5b3f2960a95 
Author: ClientSysFWGit <clientsysfwgit@intel.com> 
Date: Mon Jun 28 12:49:05 2021 -0500 
-------------------------------------------------------------------------------- 
[TeamCity] TGL Auto-Commit BIOS ID update TGLMaster BIOS Version to 4254_01

Hsd-es-id: N/A
Original commit date: Thu Jun 17 14:39:42 2021 -0700
Change-Id: I99692be9e147cefa50c8605666de7d4768bebdcf
Original commit hash: bd4e62891fed1f493a709eb479cd9b0346a06fa7

-------------------------------------------------------------------------------- 
[Changed Files]
TigerLakeBoardPkg/BiosId.env

================================================================================ 
Commit: c70ba0e2c086a526b4ade0a6623b79fff54fa726 
Author: ClientSysFWGit <clientsysfwgit@intel.com> 
Date: Mon Jun 28 12:49:02 2021 -0500 
-------------------------------------------------------------------------------- 
[TeamCity] TGL Auto-Commit DailyUpdate_FSP/RC TGLMaster

Hsd-es-id: no sighting
Original commit date: Thu Jun 17 14:15:24 2021 -0700
Change-Id: I7db311f1952f1e081f177051ac5b7af609c02f15
Original commit hash: b17585f72a82b859ecf7755d80ff0fd4bb09923a

-------------------------------------------------------------------------------- 
[Changed Files]
TigerLakeFspPkg/TigerLakeFspPkg.dec

================================================================================ 
Commit: 56c6d0f5f382ba1836deddc0baf91ecee49aa648 
Author: ClientSysFWGit <clientsysfwgit@intel.com> 
Date: Mon Jun 28 12:48:59 2021 -0500 
-------------------------------------------------------------------------------- 
TGL BIOS should not set Opregion Mailbox#2 as supported in Opregion header
    - Opregion mailbox #2 is obsolete and BIOS should not be setting that as supported in header

Hsd-es-id: 16013677027
Original commit date: Mon Jun 14 14:45:59 2021 +0530
Change-Id: I3bb10605e6a36553810dc678a694bb4c4d5376a0
Original commit hash: 34ee09f6ab7e16b95775e69e157d64736e233d03

-------------------------------------------------------------------------------- 
[Changed Files]
ClientOneSiliconPkg/IpBlock/Graphics/IncludePrivate/Library/DxeIgdOpRegionInitLib.h

================================================================================ 
Commit: ee221284efe222f88da53068d3700430669d748d 
Author: ClientSysFWGit <clientsysfwgit@intel.com> 
Date: Mon Jun 28 12:48:57 2021 -0500 
-------------------------------------------------------------------------------- 
ClientOneSiliconPkg: TME is getting disabled in warm reset flow

If TME_ACTIVATE fails to lock during new key generation:
a. Lock TME_ACTIVATE to 0
b. Measure TME disabled status into the TPM PCR[1]
c. Boot with TME disabled
If TME_ACTIVATE fails to lock during previous key restore:
a. Generate a new key
b. If new key is generated, report EFI_MEMORY_CPU_CRYPTO attributes for all system memory
c. Measure TME enabled status into the TPM PCR[1]
d. Boot with TME enabled with new keys

Hsd-es-id: 22012973247
Original commit date: Tue Jun 8 15:37:26 2021 -0700
Change-Id: I25fd0c5ae49c784929e442406d61fc8ba9b3cd95
Original commit hash: 7a9d215160c7ea061aaa9cd6bf6bf6b25dbf5dab

-------------------------------------------------------------------------------- 
[Changed Files]
ClientOneSiliconPkg/Cpu/Include/Library/CpuPlatformLib.h
ClientOneSiliconPkg/Cpu/Library/PeiDxeSmmCpuPlatformLib/CpuPlatformLibrary.c
ClientOneSiliconPkg/Cpu/LibraryPrivate/PeiCpuInitLib/CpuInitPeim.c
ClientOneSiliconPkg/Fru/TglCpu/CommonLib.dsc
ClientOneSiliconPkg/Fru/TglCpu/Dxe.dsc
ClientOneSiliconPkg/Fru/TglCpu/LibraryPrivate/BaseMsrFruLib/BaseMsrFruLib.c
ClientOneSiliconPkg/Fru/TglCpu/LibraryPrivate/BaseMsrFruLib/BaseMsrFruLib.inf
ClientOneSiliconPkg/Include/Library/TmeInfoLib.h
ClientOneSiliconPkg/IpBlock/Tme/Library/TmeInfoLib.c
ClientOneSiliconPkg/IpBlock/Tme/Library/TmeInfoLib.inf
ClientOneSiliconPkg/IpBlock/Tme/LibraryPrivate/TmeLib/TmeLib.c
TigerLakeBoardPkg/BoardPkg.dsc
TigerLakeBoardPkg/BoardPkg.fdf
TigerLakeFspPkg/TigerLakeFspPkg.dsc
TigerLakePlatSamplePkg/Features/Tme/Dxe/TmeInitDxe.c
TigerLakePlatSamplePkg/Features/Tme/Dxe/TmeInitDxe.inf

================================================================================ 
Commit: 6d943156ad7ab3d3349753b8271c67364936f9a7 
Author: ClientSysFWGit <clientsysfwgit@intel.com> 
Date: Mon Jun 28 12:48:52 2021 -0500 
-------------------------------------------------------------------------------- 
[TGL]Assert error is observed with API Debug BIOS

Hsd-es-id: 16013706891
Original commit date: Thu Jun 17 10:05:17 2021 -0700
Change-Id: I0bbc9db1066229d10012ff2cb7ddd711858de5ad
Original commit hash: 850e01267dbfad659abd44efd55a43174414e963

-------------------------------------------------------------------------------- 
[Changed Files]
TigerLakePlatSamplePkg/Library/PeiPolicyUpdateLib/PeiPchPolicyUpdate.c

================================================================================ 
Commit: d982954dc60802b332c5856e6a92c0ecd8b543d8 
Author: ClientSysFWGit <clientsysfwgit@intel.com> 
Date: Mon Jun 28 12:48:49 2021 -0500 
-------------------------------------------------------------------------------- 
[TeamCity] TGL Auto-Commit BIOS ID update TGLMaster BIOS Version to 4254_00

Hsd-es-id: N/A
Original commit date: Thu Jun 17 11:10:34 2021 -0700
Change-Id: I18c78b6de96b7e96bce226bf8b9b7f2097fdcbb3
Original commit hash: 3df8bb7603a11db43293a429f7c126bb2511b2b1

-------------------------------------------------------------------------------- 
[Changed Files]
TigerLakeBoardPkg/BiosId.env

================================================================================ 
Commit: 608d214d13b87d3ab690c72bfefd04ba4f069694 
Author: ClientSysFWGit <clientsysfwgit@intel.com> 
Date: Mon Jun 28 12:48:47 2021 -0500 
-------------------------------------------------------------------------------- 
[TeamCity] TGL Auto-Commit DailyUpdate_FSP/RC TGLMaster

Hsd-es-id: no sighting
Original commit date: Thu Jun 17 10:47:04 2021 -0700
Change-Id: I2d6ef872a27a4092155eb2ccdb863c09f2869288
Original commit hash: 6fcbe849a1fdfde9f9378ddbfc687a0dfa19c63c

-------------------------------------------------------------------------------- 
[Changed Files]
TigerLakeFspPkg/TigerLakeFspPkg.dec

================================================================================ 
Commit: 19fce5f20594008fc4a6f65e5ecd3d7e515d8490 
Author: ClientSysFWGit <clientsysfwgit@intel.com> 
Date: Mon Jun 28 12:48:44 2021 -0500 
-------------------------------------------------------------------------------- 
[TeamCity] TGL Auto-Commit BIOS ID update TGLMaster BIOS Version to 4253_01

Hsd-es-id: N/A
Original commit date: Wed Jun 16 14:40:30 2021 -0700
Change-Id: I48e5dfe72f94892af6a629c14702650cb1b85d5f
Original commit hash: adac943e5fd75e8c90113a56fc2e8c05e06729c6

-------------------------------------------------------------------------------- 
[Changed Files]
TigerLakeBoardPkg/BiosId.env

================================================================================ 
Commit: d108c305da976e16d648302d1af89cf69a833ae7 
Author: ClientSysFWGit <clientsysfwgit@intel.com> 
Date: Mon Jun 28 12:48:40 2021 -0500 
-------------------------------------------------------------------------------- 
[TeamCity] TGL Auto-Commit DailyUpdate_FSP/RC TGLMaster

Hsd-es-id: no sighting
Original commit date: Wed Jun 16 14:33:37 2021 -0700
Change-Id: I206be7c8da2793870cf95553f875a11c34af8812
Original commit hash: fb5423427cee2179f252beab2d9b57ff355583cc

-------------------------------------------------------------------------------- 
[Changed Files]
TigerLakeFspPkg/TigerLakeFspPkg.dec

================================================================================ 
Commit: e7327b40f669218ae05d6a25cc7afcd8fc8c9c86 
Author: ClientSysFWGit <clientsysfwgit@intel.com> 
Date: Mon Jun 28 12:48:37 2021 -0500 
-------------------------------------------------------------------------------- 
Remove the BTG SVN related field from FWSTS5

Hsd-es-id: 14014362357
Original commit date: Wed Jun 16 12:58:57 2021 -0700
Change-Id: Ia683d0880d029ee373f22e646b9f6fc0f80e63cd
Original commit hash: eeaef9b7aee7d6c4f0231945768d9bd48bcbb6fd

-------------------------------------------------------------------------------- 
[Changed Files]
ClientOneSiliconPkg/Include/Register/HeciRegs.h

================================================================================ 
Commit: f2f8446ad4cdd798cbda0e76698144e85dacf154 
Author: ClientSysFWGit <clientsysfwgit@intel.com> 
Date: Mon Jun 28 12:48:34 2021 -0500 
-------------------------------------------------------------------------------- 
[TGL-H/TGPH] Request BIOS to change Audio LTR guardband

Current POR:
Set HDABAR + 1048h[6:0] = 29h

Proposed Change POR Text:
Set HDABAR + 1048h[6:0] = 3Dh to eliminate glitches during audio playback

Hsd-es-id: 14014362319
Original commit date: Tue Mar 30 23:50:39 2021 -0700
Change-Id: Ic2d47d059549f951357284dede180216ab3fe0cd
Original commit hash: b6911868ca484faa5cb524f5f6f1e406e4b12d5d

-------------------------------------------------------------------------------- 
[Changed Files]
ClientOneSiliconPkg/IpBlock/Hda/IncludePrivate/Register/HdaRegs.h
ClientOneSiliconPkg/IpBlock/Hda/LibraryPrivate/PeiHdaInitLib/PeiHdaInitLib.c

================================================================================ 
Commit: d4e34978ce1f9ae84e413d4ab7b179841ca4bb00 
Author: ClientSysFWGit <clientsysfwgit@intel.com> 
Date: Mon Jun 28 12:48:32 2021 -0500 
-------------------------------------------------------------------------------- 
[TGL][PCIe][Gen4] BIOS skipping Gen4 equalization if EP advertises Gen5 speed support

Hsd-es-id: 16013706306
Original commit date: Wed Jun 16 12:02:08 2021 +0530
Change-Id: I064cc7ee8eeb8a01a08d6b6143f31ed19fd86810
Original commit hash: 762e2dcb9af3a5074be1cc394147b92e8b17f51c

-------------------------------------------------------------------------------- 
[Changed Files]
ClientOneSiliconPkg/IpBlock/CpuPcieRp/LibraryPrivate/PeiCpuPcieRpInitLib/PeiCpuPcieRpInitLib.c

================================================================================ 
Commit: 94e149330390bf5f5ec52174f282878914747d75 
Author: ClientSysFWGit <clientsysfwgit@intel.com> 
Date: Mon Jun 28 12:48:29 2021 -0500 
-------------------------------------------------------------------------------- 
[TGL] Remove auto option from dmi link speed setup option.

Hsd-es-id: 16013729459
Original commit date: Wed Jun 16 13:18:16 2021 +0530
Change-Id: I44b459d284655ab86c845282d53ea311364ca174
Original commit hash: 88b281fe28720aed27b524d57c320cfb7c0efb51

-------------------------------------------------------------------------------- 
[Changed Files]
ClientOneSiliconPkg/Include/ConfigBlock/CpuDmi/CpuDmiPreMemConfig.h
ClientOneSiliconPkg/IpBlock/CpuDmi/LibraryPrivate/PeiCpuDmiInitLibVer1/PeiCpuDmiInitLib.c
ClientOneSiliconPkg/IpBlock/CpuDmi/LibraryPrivate/PeiCpuDmiInitLibVer2/PeiCpuDmi16.c
TigerLakeFspPkg/Upd/FspmUpd.dsc
TigerLakePlatSamplePkg/Setup/SaSetup.hfr

================================================================================ 
Commit: f0f2ffddc59aab10dac2a781b2c62de80e31050d 
Author: ClientSysFWGit <clientsysfwgit@intel.com> 
Date: Mon Jun 28 12:48:24 2021 -0500 
-------------------------------------------------------------------------------- 
[TeamCity] TGL Auto-Commit BIOS ID update TGLMaster BIOS Version to 4253_00

Hsd-es-id: N/A
Original commit date: Wed Jun 16 11:09:58 2021 -0700
Change-Id: I294f8391745f5e9f3b4108be77d16d8a9016b3ca
Original commit hash: ff7e50d90ffc8be8547fadf15149df455b55c1d5

-------------------------------------------------------------------------------- 
[Changed Files]
TigerLakeBoardPkg/BiosId.env

================================================================================ 
Commit: 1fd7de49af18bc2551efe188f0a32a0496c4e1c7 
Author: ClientSysFWGit <clientsysfwgit@intel.com> 
Date: Mon Jun 28 12:48:22 2021 -0500 
-------------------------------------------------------------------------------- 
[TeamCity] TGL Auto-Commit DailyUpdate_FSP/RC TGLMaster

Hsd-es-id: no sighting
Original commit date: Wed Jun 16 10:52:21 2021 -0700
Change-Id: I52d060bd3b70c0413e2cc3267a9e7b8b6d6ef2a5
Original commit hash: 97355cc54f6140a48605f187cfe7e8f45b6599a6

-------------------------------------------------------------------------------- 
[Changed Files]
TigerLakeFspPkg/TigerLakeFspPkg.dec

================================================================================ 
Commit: d922e82dbd38365d5642937fc70ce84b6cd101bd 
Author: ClientSysFWGit <clientsysfwgit@intel.com> 
Date: Mon Jun 28 12:48:19 2021 -0500 
-------------------------------------------------------------------------------- 
TGL - KW issue in PcihotPlug

Hsd-es-id: 14014357929
Original commit date: Wed Jun 16 09:36:13 2021 -0700
Change-Id: I0c4edd0eb41f6bc0f3e4c24d6fbb2b95656aa495
Original commit hash: 9a250812c4e9820d5cc67ec2cf6a3472c71881c3

-------------------------------------------------------------------------------- 
[Changed Files]
TigerLakePlatSamplePkg/Platform/PciHotPlug/PciHotPlug.c

================================================================================ 
Commit: fc76c5c319b7aa7976b69e73af3454d0319c5148 
Author: ClientSysFWGit <clientsysfwgit@intel.com> 
Date: Mon Jun 28 12:48:16 2021 -0500 
-------------------------------------------------------------------------------- 
TGL R0 Unified [uCode+pCode] Patch ID 0x34

Hsd-es-id: 14014185440
Original commit date: Mon May 24 10:18:18 2021 -0700
Change-Id: Ie737d11eb9bd6cb401530aab505d34582e5999b7
Original commit hash: 7811ce0d3c7893c0f1369ffbcf53f3ea6a1ffc2e

-------------------------------------------------------------------------------- 
[Changed Files]
TigerLakeBoardPkg/BoardPkg.fdf

================================================================================ 
Commit: 70f4d2f4ea5cdd72c838bb10cc084d5d9ad1b4ea 
Author: ClientSysFWGit <clientsysfwgit@intel.com> 
Date: Mon Jun 28 12:48:12 2021 -0500 
-------------------------------------------------------------------------------- 
[TeamCity] TGL Auto-Commit BIOS ID update TGLMaster BIOS Version to 4252_00

Hsd-es-id: N/A
Original commit date: Tue Jun 15 11:21:17 2021 -0700
Change-Id: I0f16b8e86ac5e4e8d411d449806207fed52bb8b5
Original commit hash: 5d73faf9360cb5aeeb48824053ddb6bebeca887a

-------------------------------------------------------------------------------- 
[Changed Files]
TigerLakeBoardPkg/BiosId.env

================================================================================ 
Commit: 6e073ff531262558243e6346117507de07b15c19 
Author: ClientSysFWGit <clientsysfwgit@intel.com> 
Date: Mon Jun 28 12:48:09 2021 -0500 
-------------------------------------------------------------------------------- 
[TeamCity] TGL Auto-Commit DailyUpdate_FSP/RC TGLMaster

Hsd-es-id: no sighting
Original commit date: Tue Jun 15 10:50:47 2021 -0700
Change-Id: Ia322f6745ae118e730e426f8441397e75efa8b4a
Original commit hash: 5aaa6322a60b313a485ac55567f7b98c140f4b9f

-------------------------------------------------------------------------------- 
[Changed Files]
TigerLakeFspPkg/TigerLakeFspPkg.dec

================================================================================ 
Commit: 5e64fd08ddb62365f1d54e4404e2cf1c81ed9328 
Author: ClientSysFWGit <clientsysfwgit@intel.com> 
Date: Mon Jun 28 12:48:06 2021 -0500 
-------------------------------------------------------------------------------- 
ClientOneSiliconPkg: Assign TCSS Policy defaults for TGL golden configure setting

Assign TCSS Policy defaults for TGL golden configure setting.

Hsd-es-id: 14014153740
Original commit date: Mon May 24 16:18:45 2021 +0800
Change-Id: Idbe36d33f5836710b1708aa8b3ba3425670707a0
Original commit hash: 1b628c3715f3453053fc1bd0348f488e272d78b8

-------------------------------------------------------------------------------- 
[Changed Files]
ClientOneSiliconPkg/IpBlock/Tbt/Library/PeiITbtPolicyLib/PeiITbtPolicyLib.c
ClientOneSiliconPkg/IpBlock/Tcss/LibraryPrivate/PeiTcssPolicyLib/PeiTcssPolicyLib.c
ClientOneSiliconPkg/IpBlock/Usb/LibraryPrivate/PeiUsbPolicyLib/PeiUsbPolicyLib.c
TigerLakeFspPkg/Upd/FspsUpd.dsc

================================================================================ 
Commit: 3155c5fc70263e3d42976566f8ad81a755c8e625 
Author: ClientSysFWGit <clientsysfwgit@intel.com> 
Date: Mon Jun 28 12:48:03 2021 -0500 
-------------------------------------------------------------------------------- 
Include ChipsetInit Binary in BIOS

Hsd-es-id: 16013447837
Original commit date: Mon Aug 3 14:14:43 2020 -0700
Change-Id: Ifc70a79787291cb1a72f03820ec0ecfe05ccb232
Original commit hash: 352d3c926e02a32433615a29927c31822e284734

-------------------------------------------------------------------------------- 
[Changed Files]
TigerLakeBoardPkg/BoardPkg.fdf
TigerLakePlatSamplePkg/Library/PeiPolicyUpdateLib/PeiPchPolicyUpdate.c
TigerLakePlatSamplePkg/Library/PeiPolicyUpdateLib/PeiPolicyUpdateLib.inf
TigerLakePlatSamplePkg/Library/PeiPolicyUpdateLib/PeiPolicyUpdateLibFsp.inf
TigerLakePlatSamplePkg/PlatformPkg.dec

================================================================================ 
Commit: f8bda0b4fda87bc1353353d4d3efb2be0fc5e39d 
Author: ClientSysFWGit <clientsysfwgit@intel.com> 
Date: Mon Jun 28 12:48:00 2021 -0500 
-------------------------------------------------------------------------------- 
[TeamCity] TGL Auto-Commit BIOS ID update TGLMaster BIOS Version to 4251_00

Hsd-es-id: N/A
Original commit date: Mon Jun 14 11:06:04 2021 -0700
Change-Id: I91a88c506b5e825fd4a210537cf04482fea67c27
Original commit hash: c2b351cf5db22f371de9fc6f648f43ab35c57e71

-------------------------------------------------------------------------------- 
[Changed Files]
TigerLakeBoardPkg/BiosId.env

================================================================================ 
Commit: 6a976c08f02b1d6c547693acac729223f8644c45 
Author: ClientSysFWGit <clientsysfwgit@intel.com> 
Date: Mon Jun 28 12:47:57 2021 -0500 
-------------------------------------------------------------------------------- 
[TeamCity] TGL Auto-Commit DailyUpdate_FSP/RC TGLMaster

Hsd-es-id: no sighting
Original commit date: Mon Jun 14 10:33:26 2021 -0700
Change-Id: I6f872231c7b033bde9ff30e17e05c2491ca5cddf
Original commit hash: f5288a6cff8a3889ac0890a731953dda13c35c1e

-------------------------------------------------------------------------------- 
[Changed Files]
TigerLakeFspPkg/TigerLakeFspPkg.dec

================================================================================ 
Commit: f20944e3df7796761606bac58a23a852114a774a 
Author: ClientSysFWGit <clientsysfwgit@intel.com> 
Date: Mon Jun 28 12:47:54 2021 -0500 
-------------------------------------------------------------------------------- 
ClientOneSiliconPkg/Gpio: [TGP-H] GPIO update to match RTL1.0 configuration

Gpio library has been updated to align with TGP-H RTL1.0 drop.
Changes:
- updated Virtual Wire Message mapping
- corrected THC1 pin assignment

Hsd-es-id: 22013160331
Original commit date: Tue May 25 15:36:28 2021 +0200
Change-Id: I21e5ca435806d8afaf073249e148066387ec39e6
Original commit hash: c3540655ff66092d8de72b0eaf478dac10a00fa8

-------------------------------------------------------------------------------- 
[Changed Files]
ClientOneSiliconPkg/IpBlock/Gpio/LibraryPrivate/PeiDxeSmmGpioPrivateLib/GpioNativePrivateLibVer2.c
ClientOneSiliconPkg/IpBlock/Gpio/LibraryPrivate/PeiDxeSmmGpioPrivateLib/GpioPrivateLibVer2.c

================================================================================ 
Commit: 00ce951ea0746c89ebdcbbc0c4bc413433262922 
Author: ClientSysFWGit <clientsysfwgit@intel.com> 
Date: Mon Jun 28 12:47:51 2021 -0500 
-------------------------------------------------------------------------------- 
[TeamCity] TGL Auto-Commit BIOS ID update TGLMaster BIOS Version to 4247_00

Hsd-es-id: N/A
Original commit date: Sun Jun 13 11:03:58 2021 -0700
Change-Id: Ibff912ac4d791497ebe94bf2a3e826d1bc6fb7ad
Original commit hash: 5970fa279dc25e813d8e5be1eaa0c561bce70bc2

-------------------------------------------------------------------------------- 
[Changed Files]
TigerLakeBoardPkg/BiosId.env

================================================================================ 
Commit: e0b4e2777225be8cedebb3b3b7448e2b6fb340b9 
Author: ClientSysFWGit <clientsysfwgit@intel.com> 
Date: Mon Jun 28 12:47:47 2021 -0500 
-------------------------------------------------------------------------------- 
[TeamCity] TGL Auto-Commit DailyUpdate_FSP/RC TGLMaster

Hsd-es-id: no sighting
Original commit date: Sun Jun 13 10:36:56 2021 -0700
Change-Id: I5520378b59b304c6e16751fcf51840743073bcd6
Original commit hash: cf2191d851b252873ee9c32654a0c01b1c9565ca

-------------------------------------------------------------------------------- 
[Changed Files]
TigerLakeFspPkg/TigerLakeFspPkg.dec

================================================================================ 
Commit: 0b48ee0c019ac2bab7567c8ea17161a98e21a649 
Author: ClientSysFWGit <clientsysfwgit@intel.com> 
Date: Mon Jun 28 12:47:44 2021 -0500 
-------------------------------------------------------------------------------- 
[TeamCity] TGL Auto-Commit WeeklyUpdate_FSP/RC TGLMaster

Hsd-es-id: no sighting
Original commit date: Sun Jun 13 10:03:50 2021 -0700
Change-Id: I0a22d1089f687f5df44dc2408cb2707e5b00bfce
Original commit hash: f331454f176c78b430736360072c44d7724e22e8

-------------------------------------------------------------------------------- 
[Changed Files]
TigerLakeFspPkg/TigerLakeFspPkg.dec

================================================================================ 
Commit: 94d96925e4f13ee970fb0ba08be976c044b11229 
Author: ClientSysFWGit <clientsysfwgit@intel.com> 
Date: Mon Jun 28 12:47:42 2021 -0500 
-------------------------------------------------------------------------------- 
[TeamCity] TGL Auto-Commit BIOS ID update TGLMaster BIOS Version to 4246_00

Hsd-es-id: N/A
Original commit date: Sat Jun 12 11:04:40 2021 -0700
Change-Id: Ie6e2c06e58f4210f6ee8d1d049b79313521df4db
Original commit hash: 92668889f067d33959f6128b6b81eb6945a78385

-------------------------------------------------------------------------------- 
[Changed Files]
TigerLakeBoardPkg/BiosId.env

================================================================================ 
Commit: a21a11323ae8b7ccfd7720371fa082f895108890 
Author: ClientSysFWGit <clientsysfwgit@intel.com> 
Date: Mon Jun 28 12:47:39 2021 -0500 
-------------------------------------------------------------------------------- 
[TeamCity] TGL Auto-Commit DailyUpdate_FSP/RC TGLMaster

Hsd-es-id: no sighting
Original commit date: Sat Jun 12 10:36:44 2021 -0700
Change-Id: I1718bc0a5e60edfda42d4c3d5ca5b8f747fea9f9
Original commit hash: 1747937055e7406de6ff536d39b8b75a744e831b

-------------------------------------------------------------------------------- 
[Changed Files]
TigerLakeFspPkg/TigerLakeFspPkg.dec

================================================================================ 
Commit: f02dd557ee2c22ac44add6e5b28815a31bf5fde6 
Author: ClientSysFWGit <clientsysfwgit@intel.com> 
Date: Mon Jun 28 12:47:36 2021 -0500 
-------------------------------------------------------------------------------- 
[TeamCity] TGL Auto-Commit BIOS ID update TGLMaster BIOS Version to 4245_00

Hsd-es-id: N/A
Original commit date: Fri Jun 11 11:13:19 2021 -0700
Change-Id: I3c497afb0814690bb10b934dc791bbaabec42a64
Original commit hash: 185487dd39134bd182389a039102af4e885d7a60

-------------------------------------------------------------------------------- 
[Changed Files]
TigerLakeBoardPkg/BiosId.env

================================================================================ 
Commit: 820080191e8b883de15393621e54ace60d2b2bc4 
Author: ClientSysFWGit <clientsysfwgit@intel.com> 
Date: Mon Jun 28 12:47:33 2021 -0500 
-------------------------------------------------------------------------------- 
[TeamCity] TGL Auto-Commit DailyUpdate_FSP/RC TGLMaster

Hsd-es-id: no sighting
Original commit date: Fri Jun 11 11:04:52 2021 -0700
Change-Id: Ib2dec913da132990a582bcaf3696bdb92f678c1a
Original commit hash: f8708477a940c9dccd201d3599eff006b1a77634

-------------------------------------------------------------------------------- 
[Changed Files]
TigerLakeFspPkg/TigerLakeFspPkg.dec

================================================================================ 
Commit: 0227493c99b624d708e5c7bd78fee2c8944b39e4 
Author: ClientSysFWGit <clientsysfwgit@intel.com> 
Date: Mon Jun 28 12:47:27 2021 -0500 
-------------------------------------------------------------------------------- 
[TGL] Request for M80 PLDR and FLDR _RST methods to support OEM customized Subsystem VID

Detecting the desired OEM SVID at the end of FLDR/PLDR.

Hsd-es-id: 22013174162
Original commit date: Thu May 27 18:05:16 2021 +0800
Change-Id: Icd7589364d4922f753ef752c3d3a4f3b4f84d608
Original commit hash: bd9baa53874c2ceba5d7b8d6950e1795cb2a2574

-------------------------------------------------------------------------------- 
[Changed Files]
TigerLakeBoardPkg/Acpi/AcpiTables/Dsdt/DiscreteConnectivity.asl
TigerLakeBoardPkg/Acpi/AcpiTables/Dsdt/PlatformNvs.asl
TigerLakeBoardPkg/Acpi/AcpiTables/Dsdt/Wwan.asl
TigerLakeBoardPkg/Acpi/AdvancedAcpiDxe/AcpiPlatform.c
TigerLakeBoardPkg/Include/PlatformNvsAreaDef.h
TigerLakePlatSamplePkg/Include/SetupVariable.h
TigerLakePlatSamplePkg/Setup/ConnectivitySetup.hfr
TigerLakePlatSamplePkg/Setup/ConnectivitySetup.uni

================================================================================ 
Commit: 88c4abfec39cda083266176f3d282de88f198121 
Author: ClientSysFWGit <clientsysfwgit@intel.com> 
Date: Mon Jun 28 12:47:22 2021 -0500 
-------------------------------------------------------------------------------- 
[TGL][Security]:Retimer capsule update is failing

Change delay time from 2ms to 2seconds.

Hsd-es-id: 16013062174, 16012771712
Original commit date: Fri Jun 4 15:52:16 2021 +0800
Change-Id: I4261c551a6f50b98cc337c492a9fbe717da827b0
Original commit hash: 5e804f515f9685d1c8aa100aef2fe80461f427d5

-------------------------------------------------------------------------------- 
[Changed Files]
TigerLakePlatSamplePkg/Features/CapsuleUpdate/Library/FmpDeviceLibTbtRetimer/FmpDeviceLib.c

================================================================================ 
Commit: bdfd3a66f0abfe3c36c82e0d6f45cd12ac63cc33 
Author: ClientSysFWGit <clientsysfwgit@intel.com> 
Date: Mon Jun 28 12:47:19 2021 -0500 
-------------------------------------------------------------------------------- 
[TeamCity] TGL Auto-Commit BIOS ID update TGLMaster BIOS Version to 4244_00

Hsd-es-id: N/A
Original commit date: Thu Jun 10 11:04:57 2021 -0700
Change-Id: I8adfddcd21b9abb6f4ccc3031738abbbb8c46f26
Original commit hash: dbcd273fbea1ee0c54d0c03cbbf6190ef5c44920

-------------------------------------------------------------------------------- 
[Changed Files]
TigerLakeBoardPkg/BiosId.env

================================================================================ 
Commit: 0038e17fe4b09d9b6a6a53485d6387a7592306e6 
Author: ClientSysFWGit <clientsysfwgit@intel.com> 
Date: Mon Jun 28 12:47:16 2021 -0500 
-------------------------------------------------------------------------------- 
[TeamCity] TGL Auto-Commit DailyUpdate_FSP/RC TGLMaster

Hsd-es-id: no sighting
Original commit date: Thu Jun 10 10:34:22 2021 -0700
Change-Id: I6642cc0ec7d2cdaa81d1903f6821ff2ffb426ce0
Original commit hash: 44a75e637523710d421c1adb7587b355abef20f8

-------------------------------------------------------------------------------- 
[Changed Files]
TigerLakeFspPkg/TigerLakeFspPkg.dec

================================================================================ 
Commit: 749f914611a4b1a579981201d9600e57e5ebcb42 
Author: ClientSysFWGit <clientsysfwgit@intel.com> 
Date: Mon Jun 28 12:47:13 2021 -0500 
-------------------------------------------------------------------------------- 
[TeamCity] TGL Auto-Commit BIOS ID update TGLMaster BIOS Version to 4243_00

Hsd-es-id: N/A
Original commit date: Wed Jun 9 11:08:04 2021 -0700
Change-Id: I31bd73d0d166ddc96763c1f2255fabf5c7413618
Original commit hash: da56b9d3c9a160a5ed188a1e258ba61d26ed3110

-------------------------------------------------------------------------------- 
[Changed Files]
TigerLakeBoardPkg/BiosId.env

================================================================================ 
Commit: 19e13f7da88baaec3c6f299ae98c5df5bea2465f 
Author: ClientSysFWGit <clientsysfwgit@intel.com> 
Date: Mon Jun 28 12:47:10 2021 -0500 
-------------------------------------------------------------------------------- 
[TeamCity] TGL Auto-Commit DailyUpdate_FSP/RC TGLMaster

Hsd-es-id: no sighting
Original commit date: Wed Jun 9 10:33:25 2021 -0700
Change-Id: Ib83bfc6da65b6b34e4197062fe12d06d3a4397e2
Original commit hash: 0ef0b48c11086383bb8c6f8afe9c16811b4413f4

-------------------------------------------------------------------------------- 
[Changed Files]
TigerLakeFspPkg/TigerLakeFspPkg.dec

================================================================================ 
Commit: bb46bb23298c3e9608620804ec7224fcd5f379a3 
Author: ClientSysFWGit <clientsysfwgit@intel.com> 
Date: Mon Jun 28 12:47:05 2021 -0500 
-------------------------------------------------------------------------------- 
[TeamCity] TGL Auto-Commit BIOS ID update TGLMaster BIOS Version to 4242_00

Hsd-es-id: N/A
Original commit date: Tue Jun 8 11:08:35 2021 -0700
Change-Id: I37659d691a29a953cdb2cfdd829eeda4070c0169
Original commit hash: ccc93dbaeb906986a638a7b4f88d14ea4b12e3e7

-------------------------------------------------------------------------------- 
[Changed Files]
TigerLakeBoardPkg/BiosId.env

================================================================================ 
Commit: 7bae07206463d63b4f08d39104205e63c306b178 
Author: ClientSysFWGit <clientsysfwgit@intel.com> 
Date: Mon Jun 28 12:47:02 2021 -0500 
-------------------------------------------------------------------------------- 
[TeamCity] TGL Auto-Commit DailyUpdate_FSP/RC TGLMaster

Hsd-es-id: no sighting
Original commit date: Tue Jun 8 10:44:25 2021 -0700
Change-Id: I81c5f213f0040305fa51a2321bdc482364cd591b
Original commit hash: 7e19ef8b7a9a618cb76b7ca4ab5276512e6f3ff6

-------------------------------------------------------------------------------- 
[Changed Files]
TigerLakeFspPkg/TigerLakeFspPkg.dec

================================================================================ 
Commit: cf4067100996515d71351d492cfb63a612d08241 
Author: ClientSysFWGit <clientsysfwgit@intel.com> 
Date: Mon Jun 28 12:46:59 2021 -0500 
-------------------------------------------------------------------------------- 
[TGL] Please correct the register offset of peg registers.

Hsd-es-id: 22012891647
Original commit date: Wed Mar 24 11:23:24 2021 +0530
Change-Id: I28419900db5a5ed8010bf532533f3b37034f8e21
Original commit hash: 6dc5f1e7274ca3523d75851937f6d9cf636b2101

-------------------------------------------------------------------------------- 
[Changed Files]
ClientOneSiliconPkg/Include/ConfigBlock/CpuPcieRp/Gen3/CpuPcieConfigGen3.h
ClientOneSiliconPkg/Include/ConfigBlock/CpuPcieRp/Gen3/PciePeiConfig.h
ClientOneSiliconPkg/Include/ConfigBlock/CpuPcieRp/Gen4/CpuPcieConfig.h
ClientOneSiliconPkg/Include/ConfigBlock/TwoLm/TwoLmConfig.h
ClientOneSiliconPkg/Include/CpuPcieHob.h
ClientOneSiliconPkg/IpBlock/CpuPcieRp/LibraryPrivate/DxeCpuPcieRpLib/DxeCpuPcieRpLib.c
ClientOneSiliconPkg/IpBlock/CpuPcieRp/LibraryPrivate/PeiCpuPciePolicyLib/PeiCpuPciePolicyLib.c
ClientOneSiliconPkg/IpBlock/CpuPcieRp/LibraryPrivate/PeiCpuPcieRpInitLib/PeiCpuPcieRpInitLib.c
ClientOneSiliconPkg/IpBlock/TwoLm/LibraryPrivate/TwoLmPreMemPolicyLib/TwoLmPreMemPolicyLib.c
ClientOneSiliconPkg/SystemAgent/Include/ConfigBlock/PcieDxeConfig.h
ClientOneSiliconPkg/SystemAgent/IncludePrivate/SaNvsAreaDef.h
ClientOneSiliconPkg/SystemAgent/Library/DxeSaPolicyLib/DxeSaPolicyLib.c
ClientOneSiliconPkg/SystemAgent/SaInit/Smm/SaLateInitSmm.c
TigerLakeFspPkg/Library/PeiPolicyUpdatePreMemLib/PeiSaPolicyUpdatePreMem.c
TigerLakeFspPkg/Upd/FspmUpd.dsc
TigerLakePlatSamplePkg/Include/OemSetup.h
TigerLakePlatSamplePkg/Include/SetupVariable.h
TigerLakePlatSamplePkg/Library/DxePolicyUpdateLib/DxeSaPolicyUpdate.c
TigerLakePlatSamplePkg/Library/PeiPolicyUpdateLib/PeiSaPolicyUpdatePreMem.c
TigerLakePlatSamplePkg/Platform/PciHotPlug/PciHotPlug.c
TigerLakePlatSamplePkg/Setup/SaSetup.c
TigerLakePlatSamplePkg/Setup/SaSetup.hfr
TigerLakePlatSamplePkg/Setup/SaSetup.uni
TigerLakePlatSamplePkg/Setup/SetupId.h

================================================================================ 
Commit: 7e5567a244e7cc5634b5a937ed23977ff512b526 
Author: ClientSysFWGit <clientsysfwgit@intel.com> 
Date: Mon Jun 28 12:46:54 2021 -0500 
-------------------------------------------------------------------------------- 
[TeamCity] TGL Auto-Commit BIOS ID update TGLMaster BIOS Version to 4241_00

Hsd-es-id: N/A
Original commit date: Mon Jun 7 11:08:25 2021 -0700
Change-Id: Idefaa2bea094cbab8c464e7cf3255999860b552b
Original commit hash: 1496b6c6eb6d177a1e8b2095a22d53e4e7129b10

-------------------------------------------------------------------------------- 
[Changed Files]
TigerLakeBoardPkg/BiosId.env

================================================================================ 
Commit: 5addc020796d71bd31f11ef43fa839ce76fc47fe 
Author: ClientSysFWGit <clientsysfwgit@intel.com> 
Date: Mon Jun 28 12:46:52 2021 -0500 
-------------------------------------------------------------------------------- 
[TeamCity] TGL Auto-Commit DailyUpdate_FSP/RC TGLMaster

Hsd-es-id: no sighting
Original commit date: Mon Jun 7 10:34:42 2021 -0700
Change-Id: I6bccbd5c925e5dcc9060c6d172d2488f15d0b4b7
Original commit hash: 33e50c409c3728aa5b9b153eaf6a38f36e96f426

-------------------------------------------------------------------------------- 
[Changed Files]
TigerLakeFspPkg/TigerLakeFspPkg.dec

================================================================================ 
Commit: 9f560d695e078959483d0cb3623c639c16e6f398 
Author: ClientSysFWGit <clientsysfwgit@intel.com> 
Date: Mon Jun 28 12:46:49 2021 -0500 
-------------------------------------------------------------------------------- 
[TeamCity] TGL Auto-Commit BIOS ID update TGLMaster BIOS Version to 4237_00

Hsd-es-id: N/A
Original commit date: Sun Jun 6 11:04:06 2021 -0700
Change-Id: I08e0ea590ec3517fa1872fd9907a251494b6b503
Original commit hash: dc4e1487cda210bbce580ae0b7b046f8e453431a

-------------------------------------------------------------------------------- 
[Changed Files]
TigerLakeBoardPkg/BiosId.env

================================================================================ 
Commit: 6c08fd3d7992a6a8717f3ab5d84f303321e99669 
Author: ClientSysFWGit <clientsysfwgit@intel.com> 
Date: Mon Jun 28 12:46:47 2021 -0500 
-------------------------------------------------------------------------------- 
[TeamCity] TGL Auto-Commit DailyUpdate_FSP/RC TGLMaster

Hsd-es-id: no sighting
Original commit date: Sun Jun 6 10:33:30 2021 -0700
Change-Id: I871d2dad1236bac32f81ef308490667d9f7237d4
Original commit hash: 4e63490146f1d83d63fe02989b5e008ac11cfd3a

-------------------------------------------------------------------------------- 
[Changed Files]
TigerLakeFspPkg/TigerLakeFspPkg.dec

================================================================================ 
Commit: 43620af683cea3893302db99e9b7b91a04b4c23b 
Author: ClientSysFWGit <clientsysfwgit@intel.com> 
Date: Mon Jun 28 12:46:44 2021 -0500 
-------------------------------------------------------------------------------- 
[TeamCity] TGL Auto-Commit WeeklyUpdate_FSP/RC TGLMaster

Hsd-es-id: no sighting
Original commit date: Sun Jun 6 10:06:42 2021 -0700
Change-Id: Ib070985e2869f468c5f381c12909d5dc75c66d01
Original commit hash: 07ebe8ff9ddcbaedbbed4b4fdab1205eb6844fcc

-------------------------------------------------------------------------------- 
[Changed Files]
TigerLakeFspPkg/TigerLakeFspPkg.dec

================================================================================ 
Commit: c6a9d1cff9735de6e1284863e8c1502b371ec6fa 
Author: ClientSysFWGit <clientsysfwgit@intel.com> 
Date: Mon Jun 28 12:46:42 2021 -0500 
-------------------------------------------------------------------------------- 
[TeamCity] TGL Auto-Commit BIOS ID update TGLMaster BIOS Version to 4236_00

Hsd-es-id: N/A
Original commit date: Sat Jun 5 11:05:44 2021 -0700
Change-Id: I088a88162dd7ddf1df9e45173deac4d2ceefeb58
Original commit hash: adcaf6d52884032cd29fa87a1ddf069a7a2a0251

-------------------------------------------------------------------------------- 
[Changed Files]
TigerLakeBoardPkg/BiosId.env

================================================================================ 
Commit: 8e6fbaab9fb74877fca28b49cded9a4990172bb9 
Author: ClientSysFWGit <clientsysfwgit@intel.com> 
Date: Mon Jun 28 12:46:39 2021 -0500 
-------------------------------------------------------------------------------- 
[TeamCity] TGL Auto-Commit DailyUpdate_FSP/RC TGLMaster

Hsd-es-id: no sighting
Original commit date: Sat Jun 5 10:34:08 2021 -0700
Change-Id: I2b861dc7ebe2397f2eebd0df85baa806883e92ee
Original commit hash: 867478177f299c9c86b12875d02fbde188b8d86b

-------------------------------------------------------------------------------- 
[Changed Files]
TigerLakeFspPkg/TigerLakeFspPkg.dec

================================================================================ 
Commit: a2a16c18977a26511744185eb70b17a26904503a 
Author: ClientSysFWGit <clientsysfwgit@intel.com> 
Date: Mon Jun 28 12:46:37 2021 -0500 
-------------------------------------------------------------------------------- 
[TeamCity] TGL Auto-Commit BIOS ID update TGLMaster BIOS Version to 4235_00

Hsd-es-id: N/A
Original commit date: Fri Jun 4 11:03:55 2021 -0700
Change-Id: I80fbfa4eaf699cfe74abe9bcf7fe265948335f74
Original commit hash: 94adfcadf52d2b7cc9c9199ccc30973430be3227

-------------------------------------------------------------------------------- 
[Changed Files]
TigerLakeBoardPkg/BiosId.env

================================================================================ 
Commit: 53a7326b92592a051018bdf8af140ec8a77dd9bd 
Author: ClientSysFWGit <clientsysfwgit@intel.com> 
Date: Mon Jun 28 12:46:34 2021 -0500 
-------------------------------------------------------------------------------- 
[TeamCity] TGL Auto-Commit DailyUpdate_FSP/RC TGLMaster

Hsd-es-id: no sighting
Original commit date: Fri Jun 4 10:40:16 2021 -0700
Change-Id: Ied8c116a5a6c752f9b43f0d148f03ec1297d12a5
Original commit hash: f47f8d69ea35d9b69f008952570c09e5157337d5

-------------------------------------------------------------------------------- 
[Changed Files]
TigerLakeFspPkg/TigerLakeFspPkg.dec

================================================================================ 
Commit: 3fb4e60a288a1e1bc25c0757beeba77165a84c91 
Author: ClientSysFWGit <clientsysfwgit@intel.com> 
Date: Mon Jun 28 12:46:32 2021 -0500 
-------------------------------------------------------------------------------- 
[TGL] SA Policy defaults do not match silicon reference code defaults
Fix Policy defaults mismatch with Setup

Hsd-es-id: 14014153638
Original commit date: Thu May 13 14:26:39 2021 +0530
Change-Id: Id6739c154782bb6bba1adc0eb33b5a2e38a485d4
Original commit hash: 23fdb436f7742f28bd65d7821b1ebedf1f8fafb0

-------------------------------------------------------------------------------- 
[Changed Files]
ClientOneSiliconPkg/IpBlock/CpuPcieRp/LibraryPrivate/PeiCpuPciePolicyLib/PeiCpuPciePolicyLib.c
ClientOneSiliconPkg/IpBlock/Graphics/LibraryPrivate/PeiGraphicsPolicyLibGen12/PeiGraphicsPolicyLib.c

================================================================================ 
Commit: f0a9d7b9873dc9daebc964ab8a13e1d6bd3b0652 
Author: ClientSysFWGit <clientsysfwgit@intel.com> 
Date: Mon Jun 28 12:46:29 2021 -0500 
-------------------------------------------------------------------------------- 
Revert "TigerLakePlatSamplePkg/Capsule: BIOS NIST Resiliency - Bios resiliency recovery not getting triggered in BPM corrupted case with 0T profile."

This reverts commit a70ab274520942e0d1f090c249639cff8a469233.
Regarding to the test case it was handling (BPM/KM corruption on 0T profile), ACM will take care. So no more BIOS manual check needed.

Hsd-es-id: 16012896973
Original commit date: Wed May 26 18:23:56 2021 +0800
Change-Id: I355f665980b5f5a63f00e0ee55ead0547f7a73c2
Original commit hash: 28955bfb6ecb0117fb1bafd69aaa08a82d495e5a

-------------------------------------------------------------------------------- 
[Changed Files]
TigerLakePlatSamplePkg/PlatformInitAdvanced/PlatformInitAdvancedPei/PlatformInitAdvancedPreMem.c
TigerLakePlatSamplePkg/PlatformInitAdvanced/PlatformInitAdvancedPei/PlatformInitAdvancedPreMem.inf

================================================================================ 
Commit: 21338eeb105c0c6fc2451eb261c2e7bfc9c66840 
Author: ClientSysFWGit <clientsysfwgit@intel.com> 
Date: Mon Jun 28 12:46:27 2021 -0500 
-------------------------------------------------------------------------------- 
[TeamCity] TGL Auto-Commit BIOS ID update TGLMaster BIOS Version to 4234_00

Hsd-es-id: N/A
Original commit date: Thu Jun 3 11:07:53 2021 -0700
Change-Id: I09a4c74144aeb3d778252c04218731da168c89a6
Original commit hash: 6440289664170c6bf5eda330d24c4edd0d12f273

-------------------------------------------------------------------------------- 
[Changed Files]
TigerLakeBoardPkg/BiosId.env

================================================================================ 
Commit: a4b1fcf3de8425fa41ec666ac5c3057083cd1306 
Author: ClientSysFWGit <clientsysfwgit@intel.com> 
Date: Mon Jun 28 12:46:24 2021 -0500 
-------------------------------------------------------------------------------- 
[TeamCity] TGL Auto-Commit DailyUpdate_FSP/RC TGLMaster

Hsd-es-id: no sighting
Original commit date: Thu Jun 3 10:34:24 2021 -0700
Change-Id: If1aacd902ff3917ecbe8c8cabec7e3b728fd9296
Original commit hash: 2edf1269828c87219e52e8ee6f24ad5738c62031

-------------------------------------------------------------------------------- 
[Changed Files]
TigerLakeFspPkg/TigerLakeFspPkg.dec

================================================================================ 
Commit: 5245227b82006c472bc65fdca42f164303f81e13 
Author: ClientSysFWGit <clientsysfwgit@intel.com> 
Date: Mon Jun 28 12:46:21 2021 -0500 
-------------------------------------------------------------------------------- 
[TGL] - Fix KW reported issues for PeiHdaInitLib

Hsd-es-id: 14014243044
Original commit date: Wed Jun 2 10:37:28 2021 -0700
Change-Id: I817274ddfa859f3721b41a484dae39823df565c6
Original commit hash: 13c181de3b07e984bbd64094c59ee1707ab0c514

-------------------------------------------------------------------------------- 
[Changed Files]
ClientOneSiliconPkg/IpBlock/Hda/LibraryPrivate/PeiHdaInitLib/PeiHdaInitLib.c

================================================================================ 
Commit: b91776fa22ada108813339a7eb39530177e18a8a 
Author: ClientSysFWGit <clientsysfwgit@intel.com> 
Date: Mon Jun 28 12:46:19 2021 -0500 
-------------------------------------------------------------------------------- 
[TeamCity] TGL Auto-Commit BIOS ID update TGLMaster BIOS Version to 4233_00

Hsd-es-id: N/A
Original commit date: Wed Jun 2 11:04:07 2021 -0700
Change-Id: I0766b1f44793e65ce470a0b500df8f26f180b596
Original commit hash: 2ace500b575a82b1652f24153040216401ce9903

-------------------------------------------------------------------------------- 
[Changed Files]
TigerLakeBoardPkg/BiosId.env

================================================================================ 
Commit: a50cf6bc30f613e7a37a3a4f0e9b56696090a6a7 
Author: ClientSysFWGit <clientsysfwgit@intel.com> 
Date: Mon Jun 28 12:46:17 2021 -0500 
-------------------------------------------------------------------------------- 
[TeamCity] TGL Auto-Commit DailyUpdate_FSP/RC TGLMaster

Hsd-es-id: no sighting
Original commit date: Wed Jun 2 10:48:42 2021 -0700
Change-Id: Ic6eec083534f6d6bb38bf5ed5785fc8d29c6ea08
Original commit hash: 3c5a3b5fc38e4d0efc749fffdc24ac536091b97a

-------------------------------------------------------------------------------- 
[Changed Files]
TigerLakeFspPkg/TigerLakeFspPkg.dec

================================================================================ 
Commit: 305c7a31058d6c3422cca68e6cecbeaf14f30a35 
Author: ClientSysFWGit <clientsysfwgit@intel.com> 
Date: Mon Jun 28 12:46:14 2021 -0500 
-------------------------------------------------------------------------------- 
[BIOS] Navi14 Support on TGL-H

Hsd-es-id: 22012825737
Original commit date: Thu Feb 11 15:33:22 2021 +0530
Change-Id: I9ae02bde6fce554e166e950ad8d82654f630aa4e
Original commit hash: b0f57fab47354b68649d1e16adce2179c47dce2d

-------------------------------------------------------------------------------- 
[Changed Files]
ClientOneSiliconPkg/IpBlock/CpuPcieRp/LibraryPrivate/DxeCpuPcieRpLib/DxeCpuPcieRpLib.c
ClientOneSiliconPkg/IpBlock/CpuPcieRp/LibraryPrivate/DxeCpuPcieRpLib/DxeCpuPcieRpLib.inf
ClientOneSiliconPkg/IpBlock/HybridGraphics/LibraryPrivate/DxeHybridGraphicsInitLib/DxeHybridGraphicsInitLib.c

================================================================================ 
Commit: 2c256888171df9fb59b0f885f21c79e8a8260944 
Author: ClientSysFWGit <clientsysfwgit@intel.com> 
Date: Mon Jun 28 12:46:11 2021 -0500 
-------------------------------------------------------------------------------- 
[TeamCity] TGL Auto-Commit BIOS ID update TGLMaster BIOS Version to 4232_00

Hsd-es-id: N/A
Original commit date: Tue Jun 1 11:03:30 2021 -0700
Change-Id: I6c30d2644042a80f751961e93c0589e9d86890b8
Original commit hash: d71316a5c196667b036296f4ee64e799377489ef

-------------------------------------------------------------------------------- 
[Changed Files]
TigerLakeBoardPkg/BiosId.env

================================================================================ 
Commit: f143d3fdf617e01b4002a9e02b6367d0ba4d8381 
Author: ClientSysFWGit <clientsysfwgit@intel.com> 
Date: Mon Jun 28 12:46:09 2021 -0500 
-------------------------------------------------------------------------------- 
[TeamCity] TGL Auto-Commit DailyUpdate_FSP/RC TGLMaster

Hsd-es-id: no sighting
Original commit date: Tue Jun 1 10:34:02 2021 -0700
Change-Id: I5f9a98d8788425d11e8f73ad8957056e59922054
Original commit hash: a35c003f75f0e7c73e079d6707db25de1b32eb0e

-------------------------------------------------------------------------------- 
[Changed Files]
TigerLakeFspPkg/TigerLakeFspPkg.dec

================================================================================ 
Commit: 4772aaaa53d46df02d4b91fea2028537947ac407 
Author: ClientSysFWGit <clientsysfwgit@intel.com> 
Date: Mon Jun 28 12:46:06 2021 -0500 
-------------------------------------------------------------------------------- 
Correction for PAM WAC/CP PG registers offsets

Hsd-es-id: 16013351569
Original commit date: Sat May 22 19:30:13 2021 +0530
Change-Id: Ied2d3c1f7139cfcf3401d51ac96863a9db8c755e
Original commit hash: 55028047f109e205bb5a46e3ed9754ce8fb7af0c

-------------------------------------------------------------------------------- 
[Changed Files]
ClientOneSiliconPkg/Fru/TglCpu/Include/Register/SaRegsHostBridge.h

================================================================================ 
Commit: 8ff4010d29e60637a0b8fd92b940378db0d582ed 
Author: ClientSysFWGit <clientsysfwgit@intel.com> 
Date: Mon Jun 28 12:46:04 2021 -0500 
-------------------------------------------------------------------------------- 
[TeamCity] TGL Auto-Commit BIOS ID update TGLMaster BIOS Version to 4231_00

Hsd-es-id: N/A
Original commit date: Mon May 31 11:03:17 2021 -0700
Change-Id: Ie172041bfeeb7eaff736ac65df30bcbbb43d64ad
Original commit hash: 29d6c6b5139022e9528b2b49be0d7e96d0d669e6

-------------------------------------------------------------------------------- 
[Changed Files]
TigerLakeBoardPkg/BiosId.env

================================================================================ 
Commit: c6d77e8af87c3314d5bfe3b4b6c6b98eb05bb8ce 
Author: ClientSysFWGit <clientsysfwgit@intel.com> 
Date: Mon Jun 28 12:46:01 2021 -0500 
-------------------------------------------------------------------------------- 
[TeamCity] TGL Auto-Commit DailyUpdate_FSP/RC TGLMaster

Hsd-es-id: no sighting
Original commit date: Mon May 31 10:34:29 2021 -0700
Change-Id: I44876f97d27292ce1f7c8e24f97ad13ccc3b5000
Original commit hash: 8f43851a6c7d64ad91cecd3686fbaa363b9aeeab

-------------------------------------------------------------------------------- 
[Changed Files]
TigerLakeFspPkg/TigerLakeFspPkg.dec

================================================================================ 
Commit: 494e0f5fbcd0008cdc52c9c2108f8611e807b423 
Author: ClientSysFWGit <clientsysfwgit@intel.com> 
Date: Mon Jun 28 12:45:59 2021 -0500 
-------------------------------------------------------------------------------- 
[TeamCity] TGL Auto-Commit BIOS ID update TGLMaster BIOS Version to 4227_00

Hsd-es-id: N/A
Original commit date: Sun May 30 11:03:26 2021 -0700
Change-Id: I03335d798c86b03bf3d3a1958cf42f6416ad960f
Original commit hash: 2971792c879ac09850314b6afa2b3c240368de47

-------------------------------------------------------------------------------- 
[Changed Files]
TigerLakeBoardPkg/BiosId.env

================================================================================ 
Commit: 4fb5181c49320f2eab9a3a37d19a8e239a97781d 
Author: ClientSysFWGit <clientsysfwgit@intel.com> 
Date: Mon Jun 28 12:45:56 2021 -0500 
-------------------------------------------------------------------------------- 
[TeamCity] TGL Auto-Commit DailyUpdate_FSP/RC TGLMaster

Hsd-es-id: no sighting
Original commit date: Sun May 30 10:32:40 2021 -0700
Change-Id: I5875f2033361827a9f02bfe9950dc91f4ba20913
Original commit hash: b6a76a32f241b54389c5ed07574fb7fb6a112f04

-------------------------------------------------------------------------------- 
[Changed Files]
TigerLakeFspPkg/TigerLakeFspPkg.dec

================================================================================ 
Commit: e6ef0ad6bbe4ba85f65896d5686a346eda5d5fd6 
Author: ClientSysFWGit <clientsysfwgit@intel.com> 
Date: Mon Jun 28 12:45:54 2021 -0500 
-------------------------------------------------------------------------------- 
[TeamCity] TGL Auto-Commit WeeklyUpdate_FSP/RC TGLMaster

Hsd-es-id: no sighting
Original commit date: Sun May 30 10:10:13 2021 -0700
Change-Id: I2406bd7ebc6ef6564db585d6970401549a066af6
Original commit hash: 67319f242682012067ed26b0b7969cd7644a2561

-------------------------------------------------------------------------------- 
[Changed Files]
TigerLakeFspPkg/TigerLakeFspPkg.dec

================================================================================ 
Commit: efbb90b1559423d7615078c18edf100960b79f5a 
Author: ClientSysFWGit <clientsysfwgit@intel.com> 
Date: Mon Jun 28 12:45:51 2021 -0500 
-------------------------------------------------------------------------------- 
[TeamCity] TGL Auto-Commit BIOS ID update TGLMaster BIOS Version to 4226_00

Hsd-es-id: N/A
Original commit date: Sat May 29 11:03:13 2021 -0700
Change-Id: I3bc0c97051534fafd24368c25f757c730a24fc85
Original commit hash: 3387219568e16fd27b13e29f769f8433e40b2acc

-------------------------------------------------------------------------------- 
[Changed Files]
TigerLakeBoardPkg/BiosId.env

================================================================================ 
Commit: b9a762b8050e8fd7d63a957394ccee75f156cc1d 
Author: ClientSysFWGit <clientsysfwgit@intel.com> 
Date: Mon Jun 28 12:45:48 2021 -0500 
-------------------------------------------------------------------------------- 
[TeamCity] TGL Auto-Commit DailyUpdate_FSP/RC TGLMaster

Hsd-es-id: no sighting
Original commit date: Sat May 29 10:33:20 2021 -0700
Change-Id: I83dc1602a96849302badd901b85245df8c9a73b6
Original commit hash: 707d6fc51013431c593ee21b6429dd51897090fa

-------------------------------------------------------------------------------- 
[Changed Files]
TigerLakeFspPkg/TigerLakeFspPkg.dec

================================================================================ 
Commit: ef39886fb9d5a1ac018ba7ce476cf44967cf2a78 
Author: ClientSysFWGit <clientsysfwgit@intel.com> 
Date: Mon Jun 28 12:45:46 2021 -0500 
-------------------------------------------------------------------------------- 
[TeamCity] TGL Auto-Commit BIOS ID update TGLMaster BIOS Version to 4225_00

Hsd-es-id: N/A
Original commit date: Fri May 28 11:04:06 2021 -0700
Change-Id: I65852f339fb670142477194182da84a934bc3af8
Original commit hash: faea3d30d1d587be0435dca7546b0bc276796ac5

-------------------------------------------------------------------------------- 
[Changed Files]
TigerLakeBoardPkg/BiosId.env

================================================================================ 
Commit: 9181b7435f880b8a80042227e5f2bd31fdb0032a 
Author: ClientSysFWGit <clientsysfwgit@intel.com> 
Date: Mon Jun 28 12:45:43 2021 -0500 
-------------------------------------------------------------------------------- 
[TeamCity] TGL Auto-Commit DailyUpdate_FSP/RC TGLMaster

Hsd-es-id: no sighting
Original commit date: Fri May 28 10:33:32 2021 -0700
Change-Id: I825fe5584efbf630b71a0ea0018853df92adccaa
Original commit hash: 6d490476454234f20d3160ac2431494190a555e7

-------------------------------------------------------------------------------- 
[Changed Files]
TigerLakeFspPkg/TigerLakeFspPkg.dec

================================================================================ 
Commit: 83b39a1f9cfc6acd1a51df0699508dd71d6d121e 
Author: ClientSysFWGit <clientsysfwgit@intel.com> 
Date: Mon Jun 28 12:45:40 2021 -0500 
-------------------------------------------------------------------------------- 
Update MRC Release Notes and increment MRC build revision

Thu May 27 19:05:04 2021 +0000
Original commit date: Thu May 27 19:05:04 2021 +0000
Original commit hash: e08d185e153c6832d716da844fb284f6875f1da2

-------------------------------------------------------------------------------- 
[Changed Files]
ClientOneSiliconPkg/IpBlock/MemoryInit/Tgl/LibraryPrivate/PeiMemoryInitLib/Source/Include/MrcVersion.h

================================================================================ 
Commit: 5d2657e6d6cc4e4a8801b4a1a0e2d38b71c013b8 
Author: ClientSysFWGit <clientsysfwgit@intel.com> 
Date: Mon Jun 28 12:45:38 2021 -0500 
-------------------------------------------------------------------------------- 
Both IGD & PEG display works in BIOS Setup when PEG Gfx Card is connected.
- GGC[VAMEN] (bit 2) is set along with IVD bit, so the sub-class field changes to 0x80.

Hsd-es-id: 14013537582
Original commit date: Mon May 24 14:28:45 2021 -0700
Change-Id: I9764153e76b97db1e3a98ac0ecec3ad91e7da6ef
Original commit hash: 708e35bfc996782cc3ee29cae3cc1ed716b74a4d

-------------------------------------------------------------------------------- 
[Changed Files]
ClientOneSiliconPkg/IpBlock/Graphics/LibraryPrivate/PeiGraphicsDisableInitLib/AdditionalDisableSteps.c
ClientOneSiliconPkg/IpBlock/Graphics/LibraryPrivate/PeiGraphicsInitLibGen12/AdditionalDisableSteps.c
ClientOneSiliconPkg/IpBlock/Graphics/LibraryPrivate/PeiGraphicsInitLibGen12/PeiGraphicsInitLib.c
ClientOneSiliconPkg/IpBlock/MemoryInit/Tgl/LibraryPrivate/PeiMemoryInitLib/Source/Services/MrcMemoryMap.c
ClientOneSiliconPkg/SystemAgent/LibraryPrivate/PeiSaInitLib/SaInitPreMem.c

================================================================================ 
Commit: b953814c48b2b59933fd8f1b606d8311e2f1f6e6 
Author: ClientSysFWGit <clientsysfwgit@intel.com> 
Date: Mon Jun 28 12:45:35 2021 -0500 
-------------------------------------------------------------------------------- 
[TXT][TDS] Apply mask to extend only immutable policies into PCR[0]

For TDS feature , some OEM  use PCR[0] as golden value even before TXT enable
from BIOS. As ACM_POLICY_STS contain mutable policies related with TXT, after
enabling TXT, PCR[0] value mismatches with sealed values.
The solution is to apply a mask to include only immutbale policies into ACM_POLICY_STS.
OEM will slect this mask into BPM as part of IBB flag.

Hsd-es-id: 14014080099
Original commit date: Thu May 6 10:34:25 2021 -0700
Change-Id: Ib13d74eea16eee7702ecd3bf98387f16128cfc59
Original commit hash: 510372c3beee5bc6e1ca5905b93c6a900999ca93

-------------------------------------------------------------------------------- 
[Changed Files]
TigerLakePlatSamplePkg/Library/PeiBootGuardEventLogLib/PeiBootGuardEventLogLib.c

================================================================================ 
Commit: 5c3a244be925762d6c5446439f92c7df0a3b0dae 
Author: ClientSysFWGit <clientsysfwgit@intel.com> 
Date: Mon Jun 28 12:45:32 2021 -0500 
-------------------------------------------------------------------------------- 
[TeamCity] TGL Auto-Commit BIOS ID update TGLMaster BIOS Version to 4224_00

Hsd-es-id: N/A
Original commit date: Thu May 27 11:11:18 2021 -0700
Change-Id: Id02f4e2e0120b076ec9f3b13ab4208900f1f03cd
Original commit hash: 38f9ae90649f26888f234d55b30d40a3835fbb22

-------------------------------------------------------------------------------- 
[Changed Files]
TigerLakeBoardPkg/BiosId.env

================================================================================ 
Commit: 5795c538cd20ae8fe2d36425b93495789e6ccf5c 
Author: ClientSysFWGit <clientsysfwgit@intel.com> 
Date: Mon Jun 28 12:45:30 2021 -0500 
-------------------------------------------------------------------------------- 
[TeamCity] TGL Auto-Commit DailyUpdate_FSP/RC TGLMaster

Hsd-es-id: no sighting
Original commit date: Thu May 27 10:46:04 2021 -0700
Change-Id: I3645c01998afb3bf1cb806052cb0e8c0470272a3
Original commit hash: 7acebe8a78f8380aeb8479038def334dcf096f18

-------------------------------------------------------------------------------- 
[Changed Files]
TigerLakeFspPkg/TigerLakeFspPkg.dec

================================================================================ 
Commit: e024a94134571cdc1338a8742f8de53b779a68bc 
Author: ClientSysFWGit <clientsysfwgit@intel.com> 
Date: Mon Jun 28 12:45:27 2021 -0500 
-------------------------------------------------------------------------------- 
[TeamCity] TGL Auto-Commit BIOS ID update TGLMaster BIOS Version to 4223_00

Hsd-es-id: N/A
Original commit date: Wed May 26 11:28:13 2021 -0700
Change-Id: Id6af75eb8509a61017d73b566ecfbf9bb87243ab
Original commit hash: 6688d07e290e769140fb127aa87ffbba32ffe171

-------------------------------------------------------------------------------- 
[Changed Files]
TigerLakeBoardPkg/BiosId.env

================================================================================ 
Commit: 35bfc1642bbd938aecc3ea689896b35fe8e1e4a7 
Author: ClientSysFWGit <clientsysfwgit@intel.com> 
Date: Mon Jun 28 12:45:25 2021 -0500 
-------------------------------------------------------------------------------- 
[TeamCity] TGL Auto-Commit DailyUpdate_FSP/RC TGLMaster

Hsd-es-id: no sighting
Original commit date: Wed May 26 10:43:58 2021 -0700
Change-Id: Id490586d8f8c89571259746e4616547a20749fdf
Original commit hash: e57fd1bbd7a2c29cbce44348d799aa636a661090

-------------------------------------------------------------------------------- 
[Changed Files]
TigerLakeFspPkg/TigerLakeFspPkg.dec

================================================================================ 
Commit: 2cee3a6081694d6ca9fa3715470e8555d047b8c2 
Author: ClientSysFWGit <clientsysfwgit@intel.com> 
Date: Mon Jun 28 12:45:22 2021 -0500 
-------------------------------------------------------------------------------- 
Access to ADSPD should be by SB not by MMIO.

Fix hang issue on TGL

Hsd-es-id: 22012800665
Original commit date: Wed May 26 15:02:14 2021 +0200
Change-Id: Ifd71696f109fdb931356371e36c07a90a7d9c3c2
Original commit hash: 9899c286702cbafc07dd60f3da87d8f5bd63a561

-------------------------------------------------------------------------------- 
[Changed Files]
ClientOneSiliconPkg/IpBlock/Hda/IncludePrivate/Register/HdaRegs.h
ClientOneSiliconPkg/IpBlock/Hda/LibraryPrivate/PeiHdaInitLib/PeiHdaInitLib.c

================================================================================ 
Commit: 30a83ed647cda0af5f6ed400a26ae52ad00cc127 
Author: ClientSysFWGit <clientsysfwgit@intel.com> 
Date: Mon Jun 28 12:45:19 2021 -0500 
-------------------------------------------------------------------------------- 
[TeamCity] TGL Auto-Commit BIOS ID update TGLMaster BIOS Version to 4222_00

Hsd-es-id: N/A
Original commit date: Tue May 25 11:19:27 2021 -0700
Change-Id: I02c3905948ecd7493538e112ed9bb70f1d0cba10
Original commit hash: a0774c6b83065ef929e6e44ba669468bbf79c447

-------------------------------------------------------------------------------- 
[Changed Files]
TigerLakeBoardPkg/BiosId.env

================================================================================ 
Commit: 42a3445dc0f7613928bd96463393166fc49f572c 
Author: ClientSysFWGit <clientsysfwgit@intel.com> 
Date: Mon Jun 28 12:45:17 2021 -0500 
-------------------------------------------------------------------------------- 
[TeamCity] TGL Auto-Commit DailyUpdate_FSP/RC TGLMaster

Hsd-es-id: no sighting
Original commit date: Tue May 25 10:36:01 2021 -0700
Change-Id: Ic8c55bce4b8ab7a3c18c5a363a401d87161effff
Original commit hash: 3ea4d14cc9bbb89d79fce060bbe596747ff1d9e6

-------------------------------------------------------------------------------- 
[Changed Files]
TigerLakeFspPkg/TigerLakeFspPkg.dec

================================================================================ 
Commit: 22f98dbb1cdccdcff06a1e0ed4eba5382437f90d 
Author: ClientSysFWGit <clientsysfwgit@intel.com> 
Date: Mon Jun 28 12:45:13 2021 -0500 
-------------------------------------------------------------------------------- 
Add fuse disable ADSP input as another trigger for BIOS flow to disable Audio DSP

Add function for reading Audio DSP fuse state.
Hide option for enabling/disbaling Audio DSP when DSP is not present.

Hsd-es-id: 22012800665
Original commit date: Tue May 18 12:04:39 2021 +0200
Change-Id: I5b531e78395c5a8bac710c360108cd38559576e2
Original commit hash: 89dd84e8d06e01437fd5a1202ce9fe71d5b8fdde

-------------------------------------------------------------------------------- 
[Changed Files]
ClientOneSiliconPkg/IpBlock/Hda/IncludePrivate/Register/HdaRegs.h
ClientOneSiliconPkg/IpBlock/Hda/LibraryPrivate/PeiHdaInitLib/PeiHdaInitLib.c
ClientOneSiliconPkg/Pch/Include/PchInfoHob.h
TigerLakePlatSamplePkg/Include/OemSetup.h
TigerLakePlatSamplePkg/Setup/PchSetup.c
TigerLakePlatSamplePkg/Setup/PchSetup.hfr

================================================================================ 
Commit: 2b7d6afa22f1503c22eb222e922f2d9e0665a64c 
Author: ClientSysFWGit <clientsysfwgit@intel.com> 
Date: Mon Jun 28 12:45:08 2021 -0500 
-------------------------------------------------------------------------------- 
[TeamCity] TGL Auto-Commit BIOS ID update TGLMaster BIOS Version to 4221_00

Hsd-es-id: N/A
Original commit date: Mon May 24 11:11:08 2021 -0700
Change-Id: I6488db33c80934f9af8f04176aa9051352b1b43f
Original commit hash: e0416289469aa992551d028614a8c0e1f7cf51cc

-------------------------------------------------------------------------------- 
[Changed Files]
TigerLakeBoardPkg/BiosId.env

================================================================================ 
Commit: 05cb06e5a39947c7ea31e27caaa839d931ad76ec 
Author: ClientSysFWGit <clientsysfwgit@intel.com> 
Date: Mon Jun 28 12:45:04 2021 -0500 
-------------------------------------------------------------------------------- 
[TeamCity] TGL Auto-Commit DailyUpdate_FSP/RC TGLMaster

Hsd-es-id: no sighting
Original commit date: Mon May 24 10:39:21 2021 -0700
Change-Id: I0b505fbd31009482b487c34fb4a1f8df82b32057
Original commit hash: 7ccdc142a98d4fd70399706098541762da262e1b

-------------------------------------------------------------------------------- 
[Changed Files]
TigerLakeFspPkg/TigerLakeFspPkg.dec

================================================================================ 
Commit: 28d7e71d565da60edfaf9dc2d7fe49e4b3f0e04b 
Author: ClientSysFWGit <clientsysfwgit@intel.com> 
Date: Mon Jun 28 12:45:00 2021 -0500 
-------------------------------------------------------------------------------- 
[TeamCity] TGL Auto-Commit BIOS ID update TGLMaster BIOS Version to 4217_00

Hsd-es-id: N/A
Original commit date: Sun May 23 11:03:38 2021 -0700
Change-Id: Idd0bc6c0b172a84792c1890c0b844236b65ead41
Original commit hash: 6a569cb34c6e37c3c6599ab09232db01ff5aad16

-------------------------------------------------------------------------------- 
[Changed Files]
TigerLakeBoardPkg/BiosId.env

================================================================================ 
Commit: 307395155345d7d961dc695b090d9a9d72565b88 
Author: ClientSysFWGit <clientsysfwgit@intel.com> 
Date: Mon Jun 28 12:44:56 2021 -0500 
-------------------------------------------------------------------------------- 
[TeamCity] TGL Auto-Commit DailyUpdate_FSP/RC TGLMaster

Hsd-es-id: no sighting
Original commit date: Sun May 23 10:34:07 2021 -0700
Change-Id: If88a39e844f37b5b6e65714a1096173a84323352
Original commit hash: 1ed7c9ff033c853a095f456e7e4bcbe44ecfea11

-------------------------------------------------------------------------------- 
[Changed Files]
TigerLakeFspPkg/TigerLakeFspPkg.dec

================================================================================ 
Commit: 9884b6caeccc0ccd6de3453f442aa055c40cc647 
Author: ClientSysFWGit <clientsysfwgit@intel.com> 
Date: Mon Jun 28 12:44:53 2021 -0500 
-------------------------------------------------------------------------------- 
[TeamCity] TGL Auto-Commit WeeklyUpdate_FSP/RC TGLMaster

Hsd-es-id: no sighting
Original commit date: Sun May 23 10:08:49 2021 -0700
Change-Id: I25f4555fbb2e1d1bd7e205de841d76e461998f26
Original commit hash: 4b06d51a5cb00407d8ad8826f790515073a16ac9

-------------------------------------------------------------------------------- 
[Changed Files]
TigerLakeFspPkg/TigerLakeFspPkg.dec

================================================================================ 
Commit: 52984789d8b06d498f30faf56b7f0bccab7788b0 
Author: ClientSysFWGit <clientsysfwgit@intel.com> 
Date: Mon Jun 28 12:44:49 2021 -0500 
-------------------------------------------------------------------------------- 
[TeamCity] TGL Auto-Commit BIOS ID update TGLMaster BIOS Version to 4216_00

Hsd-es-id: N/A
Original commit date: Sat May 22 11:03:25 2021 -0700
Change-Id: Idd4ace7ae9b849acc11037bcc93d64420c26c082
Original commit hash: 8dcfbb7ae69f2ac67443374f6bd15bf9e56ec2bc

-------------------------------------------------------------------------------- 
[Changed Files]
TigerLakeBoardPkg/BiosId.env

================================================================================ 
Commit: dcd9ff18ea3ce5d651522adaf254fac20c4dd22c 
Author: ClientSysFWGit <clientsysfwgit@intel.com> 
Date: Mon Jun 28 12:44:45 2021 -0500 
-------------------------------------------------------------------------------- 
[TeamCity] TGL Auto-Commit DailyUpdate_FSP/RC TGLMaster

Hsd-es-id: no sighting
Original commit date: Sat May 22 10:34:04 2021 -0700
Change-Id: I1ed40a3cc74f691bb4cb80ba4e22919c17fe7841
Original commit hash: aa35ce284d6330a6d2b486c859e79601bbf19b2f

-------------------------------------------------------------------------------- 
[Changed Files]
TigerLakeFspPkg/TigerLakeFspPkg.dec

================================================================================ 
Commit: fb27a13f62099dd05302f1898702c22aad3ae92a 
Author: ClientSysFWGit <clientsysfwgit@intel.com> 
Date: Mon Jun 28 12:44:41 2021 -0500 
-------------------------------------------------------------------------------- 
[TeamCity] TGL Auto-Commit BIOS ID update TGLMaster BIOS Version to 4215_00

Hsd-es-id: N/A
Original commit date: Fri May 21 11:03:37 2021 -0700
Change-Id: I2d8e197fe459c7a6da56e53af67c573dcb49abd0
Original commit hash: 8f7976837788214a01cc05e61ec17671140a33b9

-------------------------------------------------------------------------------- 
[Changed Files]
TigerLakeBoardPkg/BiosId.env

================================================================================ 
Commit: 998bad96bbdc7200e28951eef0bd46480c91ef6f 
Author: ClientSysFWGit <clientsysfwgit@intel.com> 
Date: Mon Jun 28 12:44:37 2021 -0500 
-------------------------------------------------------------------------------- 
[TeamCity] TGL Auto-Commit DailyUpdate_FSP/RC TGLMaster

Hsd-es-id: no sighting
Original commit date: Fri May 21 10:33:20 2021 -0700
Change-Id: I21dd98f604d842c8ce0c3267fc2f81a4363e1c5f
Original commit hash: d1a965b2bb938cf6e882cc1091f77f4735a1a6ec

-------------------------------------------------------------------------------- 
[Changed Files]
TigerLakeFspPkg/TigerLakeFspPkg.dec

================================================================================ 
Commit: 36c6ad233d163abce974ead7179fa315f359a9fe 
Author: ClientSysFWGit <clientsysfwgit@intel.com> 
Date: Mon Jun 28 12:44:34 2021 -0500 
-------------------------------------------------------------------------------- 
[TeamCity] TGL Auto-Commit BIOS ID update TGLMaster BIOS Version to 4214_00

Hsd-es-id: N/A
Original commit date: Thu May 20 11:23:53 2021 -0700
Change-Id: Iab392c583dcfbd830832ee4732f3525a3ce75844
Original commit hash: e8298ae6c0256c1ddfe41f83e5ed5cb4d5a293a4

-------------------------------------------------------------------------------- 
[Changed Files]
TigerLakeBoardPkg/BiosId.env

================================================================================ 
Commit: 47838f55b34beb75cab0b4cbbeac1db1c3dfec04 
Author: ClientSysFWGit <clientsysfwgit@intel.com> 
Date: Mon Jun 28 12:44:30 2021 -0500 
-------------------------------------------------------------------------------- 
[TeamCity] TGL Auto-Commit DailyUpdate_FSP/RC TGLMaster

Hsd-es-id: no sighting
Original commit date: Thu May 20 11:00:59 2021 -0700
Change-Id: I6129abc308afba489a4c422a9a31b1b0113c8a5a
Original commit hash: c610762afeaaa1f9b1d90dd5f0796099b7f88a32

-------------------------------------------------------------------------------- 
[Changed Files]
Release_Notes.docx
TigerLakeFspPkg/TigerLakeFspPkg.dec
~$lease_Notes.docx
