================================================================================ 
Commit: 452f603d261c2789152bfdde2c5c00c387208c42 
Author: ClientSysFWGit <clientsysfwgit@intel.com> 
Date: Thu Mar 3 01:01:59 2022 +0530 
-------------------------------------------------------------------------------- 
[ADL-S] Update BIOS Version to 3093_00 

Hsd-es-id: N/A
Original commit date: Wed Feb 23 12:40:45 2022 +0530
Change-Id: Ia20db374b13dee82bf9dafcff4d5e8179a009ec5
Original commit hash: 4699d0cacd3b2b5590ba1d6db08420fb1d3b3609

-------------------------------------------------------------------------------- 
[Changed Files]
AlderLakeBoardPkg/BiosId.env

================================================================================ 
Commit: 22543395b8a974beaca166b74eae1582d4dc59ba 
Author: ClientSysFWGit <clientsysfwgit@intel.com> 
Date: Thu Mar 3 01:01:56 2022 +0530 
-------------------------------------------------------------------------------- 
Chasm Falls: Add support for me capsule update when no ESP partition available.

Currently, for me capsule update, if no esp partition, bios will continue perform update without exit.
expect to exit update when there is no ESP available with ME resiliency enabled.

Hsd-es-id: 16015470606
Original commit date: Wed Jan 5 13:40:11 2022 +0800
Change-Id: If6764fe683400a5b8a153946d5fe423f3f778d6a
Original commit hash: d0bfa445b223b1099be79d235247c8c3e4c55936

-------------------------------------------------------------------------------- 
[Changed Files]
AlderLakePlatSamplePkg/Features/CapsuleUpdate/Library/FmpDeviceLibMe/FmpDeviceLibMe.c
AlderLakePlatSamplePkg/Features/CapsuleUpdate/Library/FmpDeviceLibMonolithic/FmpDeviceLibMonolithic.c

================================================================================ 
Commit: 208eb9cbfbfffc7c442ec2b84f95b95513ab9205 
Author: ClientSysFWGit <clientsysfwgit@intel.com> 
Date: Thu Mar 3 01:01:53 2022 +0530 
-------------------------------------------------------------------------------- 
[ADL-S]Microcode patch 0x1E update

Hsd-es-id: 22014692740
Original commit date: Tue Feb 22 11:55:39 2022 -0800
Change-Id: I05dd868cc06cf58cd18ec47aaa458f5a24b4e167
Original commit hash: 064fbd6c6c012548b7065e2e52d1e975cbc7b4ae

-------------------------------------------------------------------------------- 
[Changed Files]
AlderLakeBoardPkg/BoardPkg.fdf
