================================================================================ 
Commit: 8396cf13ef79b98dc359bf889d7855c032ef3677 
Author: ClientSysFWGit <clientsysfwgit@intel.com> 
Date: Wed Dec 29 13:23:46 2021 +0530 
-------------------------------------------------------------------------------- 
updated doxygen

-------------------------------------------------------------------------------- 
[Changed Files]
Doxygen/AlderLake_FSP_Integration_Guide.chm
Doxygen/AlderLake_FSP_Integration_Guide.pdf
Doxygen/BoardApi.chm
Doxygen/FspApi.chm
Doxygen/PlatApi.chm
Doxygen/SiPkgApi.chm

================================================================================ 
Commit: bfc59b313443ead043d2adcbbd2c0fd5bcef09d4 
Author: ClientSysFWGit <clientsysfwgit@intel.com> 
Date: Wed Dec 29 13:21:00 2021 +0530 
-------------------------------------------------------------------------------- 
[ADL-S] Update BIOS Minor Version to 2511_02 for Dot label

Hsd-es-id: NA
Original commit date: Tue Dec 28 10:23:34 2021 +0530
Change-Id: If653e2f53f169b1b1d3b393ae7b0eea723def96b
Original commit hash: c5a9f45f6b87f59ec459aa857e50690bc960a736

-------------------------------------------------------------------------------- 
[Changed Files]
AlderLakeBoardPkg/BiosId.env

================================================================================ 
Commit: f40845324e1b0a21f264a9e45e42d4c2a9206041 
Author: ClientSysFWGit <clientsysfwgit@intel.com> 
Date: Wed Dec 29 13:20:58 2021 +0530 
-------------------------------------------------------------------------------- 
[ADL-S]Platform shall assert PS_ON#
only when all PCIe AIC devices in CEM Slots are in D3cold.

Hsd-es-id: 15010419220
Original commit date: Fri Dec 17 10:41:57 2021 +0800
Change-Id: I12bc56a32565bac89256b1c91fb302a90b85aa07
Original commit hash: e5d5e8f2e91469a01ef772210ffdae94d0761065

-------------------------------------------------------------------------------- 
[Changed Files]
AlderLakeBoardPkg/Acpi/AcpiTables/SsdtRtd3/AdlSRvpRtd3.asl
AlderLakeBoardPkg/Acpi/AcpiTables/SsdtRtd3/AdlSRvpTbtRtd3.asl
AlderLakeBoardPkg/Acpi/AcpiTables/SsdtRtd3/AdlSS8RvpRtd3.asl
AlderLakeBoardPkg/Acpi/AcpiTables/SsdtRtd3/AdlSS8RvpTbtRtd3.asl

================================================================================ 
Commit: caae37640f6788c607ad0913c0c50018202b2dc0 
Author: ClientSysFWGit <clientsysfwgit@intel.com> 
Date: Wed Dec 29 13:20:55 2021 +0530 
-------------------------------------------------------------------------------- 
[ADL-S] Update the Ucode for ADL S C0

Update the Ucode 0x00000019 of C0

Hsd-es-id: N/A
Original commit date: Thu Dec 23 16:29:06 2021 +0800
Change-Id: I540f7a46c3f3d4f2ffdc1793cbc9df5011bbb35a
Original commit hash: 1b6a92accc63c4b9bcc2c7c9f19a2ee952fdeaa9

-------------------------------------------------------------------------------- 
[Changed Files]
AlderLakeBoardPkg/BoardPkg.fdf

================================================================================ 
Commit: bdc265436dd4e9b01426212c57a152c954f761dc 
Author: ClientSysFWGit <clientsysfwgit@intel.com> 
Date: Wed Dec 29 13:20:53 2021 +0530 
-------------------------------------------------------------------------------- 
[ADL-S][OC] Add eTVB BIOS Disable/Enable Knob for P3K OC Support.

Addition of Enhanced Thermal Velocity Boost control in BIOS for the supporting product.

Hsd-es-id: 22014339627
Original commit date: Wed Dec 8 16:28:25 2021 -0800
Change-Id: I98e4284b4e514e8ca143b3f56ee1acbea00dd154
Original commit hash: a622f2978e99d9647f4f570f8e733dbe3a766a8e

-------------------------------------------------------------------------------- 
[Changed Files]
AlderLakeFspPkg/Library/PeiPolicyUpdatePreMemLib/PeiCpuPolicyUpdatePreMem.c
AlderLakeFspPkg/Upd/FspmUpd.dsc
AlderLakePlatSamplePkg/Include/SetupVariable.h
AlderLakePlatSamplePkg/Library/PeiPolicyUpdateLib/PeiCpuPolicyUpdatePreMem.c
AlderLakePlatSamplePkg/Setup/OverClockSetup.hfr
AlderLakePlatSamplePkg/Setup/OverClockSetup.uni
ClientOneSiliconPkg/Include/ConfigBlock/Overclocking/OverclockingConfig.h
ClientOneSiliconPkg/IpBlock/Overclocking/IncludePrivate/OcMailbox.h
ClientOneSiliconPkg/IpBlock/Overclocking/LibraryPrivate/PeiOcInitLib/PeiOcInitLib.c
ClientOneSiliconPkg/IpBlock/Overclocking/LibraryPrivate/PeiOcPolicyLib/PeiOcPolicyLib.c
