================================================================================ 
Commit: 8be58009fdc16c4bd07595a46fb0df1b7fb23cbd 
Author: ClientSysFWGit <clientsysfwgit@intel.com> 
Date: Wed May 10 09:19:00 2023 +0530 
-------------------------------------------------------------------------------- 
Added LICENSE.txt. Code clean up.

-------------------------------------------------------------------------------- 
[Changed Files]
ClientOneSiliconPkg/IpBlock/MemoryInit/.gitignore
LICENSE.txt
MeteorLakeBoardPkg/CapsuleUpdateConfig/.gitignore
MeteorLakeBoardPkg/Features/CapsuleUpdate/Tools/CapsuleGenerate/Ucode/.gitignore

================================================================================ 
Commit: bd0ee094ef56ef46210416b725003c87a385297b 
Author: ClientSysFWGit <clientsysfwgit@intel.com> 
Date: Wed May 10 09:12:30 2023 +0530 
-------------------------------------------------------------------------------- 
[TeamCity] MTL MeteorLake_meteorlake_program_platform_Daily Daily Updating Version/ID: MeteorLake_3173_80

Hsd-es-id: N/A
Original commit date: Wed Apr 26 08:24:48 2023 -0700
Original commit hash: 24a7c1fad750f60279631376bfe6816b2fa5ea0e

-------------------------------------------------------------------------------- 
[Changed Files]
MeteorLakeBoardPkg/BiosId.env

================================================================================ 
Commit: 02a7fe6f064e67c18ef166df521c7ed0e44ef706 
Author: ClientSysFWGit <clientsysfwgit@intel.com> 
Date: Wed May 10 09:12:29 2023 +0530 
-------------------------------------------------------------------------------- 
Minor version update in program branch.

Original commit date: Wed Apr 26 20:39:22 2023 +0530
Change-Id: Ic49f529b58811d2d5f8ce7172b7471f176b69896
Original commit hash: f780164e0c57a7e90acd644a1a3c2dbe801670b0

-------------------------------------------------------------------------------- 
[Changed Files]
MeteorLakeBoardPkg/BiosId.env

================================================================================ 
Commit: dbe66f377ade654fe4acdf789f4c1a5c451a64a4 
Author: ClientSysFWGit <clientsysfwgit@intel.com> 
Date: Wed May 10 09:12:28 2023 +0530 
-------------------------------------------------------------------------------- 
[TeamCity] MTL MeteorLake_meteorlake_family_Daily Daily Updating Version/ID: MeteorLake_3173_00

Hsd-es-id: N/A
Original commit date: Wed Apr 26 06:03:57 2023 -0700
Original commit hash: 7940d9faeaff4b9386f09dd6023dac55e63a47ff

-------------------------------------------------------------------------------- 
[Changed Files]
ClientOneSiliconPkg/Product/MeteorLake/SiPkgPcdInit.dsc
MeteorLakeBoardPkg/BiosId.env
MeteorLakeFspPkg/FspPkgPcdInit.dsc

================================================================================ 
Commit: 11e6948356434e04621045b1d182c50dd47078fb 
Author: ClientSysFWGit <clientsysfwgit@intel.com> 
Date: Wed May 10 09:12:27 2023 +0530 
-------------------------------------------------------------------------------- 
[MTL][TCSS]BIOS Guide Updates for MTL_TCSS Program 

[Feature Description]
TCSS limits C-state to PC2 if xHCI has Primary Clock Resource requested.
This requires ALL CPU TCSS xHCI to use SSTCGE = 0xF irrespective of
compliance failure

Package/Module:ClientOneSiliconPkg

[Impacted Platform]
MTL

Hsd-es-id: 14019219523
Original commit date: Mon Apr 24 14:17:32 2023 -0700
Change-Id: I7bd03bef3617b2d1aadea1dd7097eac6eccdc09d
Original commit hash: 1e0f28f8e554da5a07e5584531fcb55db5ee8f20

-------------------------------------------------------------------------------- 
[Changed Files]
ClientOneSiliconPkg/IpBlock/Usb/LibraryPrivate/PeiUsbHostControllerInitLib/UsbHostControllerInit.c

================================================================================ 
Commit: 875a34657c9ba5407cfbc8d88c09c566005281a7 
Author: ClientSysFWGit <clientsysfwgit@intel.com> 
Date: Wed May 10 09:12:26 2023 +0530 
-------------------------------------------------------------------------------- 
[MTL-M][MTL-P]:CAT error observed while and after preloading the OS with BIOS

[Issue Description]
[MTL-M][MTL-P]:CAT error observed while and after preloading the OS with BIOS

[Resolution]
Revert commit "[MTL-S MTL-M MTL-P | DDR5 LP5] Enable Opportunistic SR by default in the BIOS menu"

Package/Module: Intel/MeteorLakePlatSamplePkg/Setup

[Impacted Platform]
ALL

Hsd-es-id: 22018038956
Original commit date: Sat Apr 22 17:44:59 2023 +0530
Change-Id: Id5d682592520993fdb6c1ec9beb6809b99e44fc1
Original commit hash: 414e91788c7f2d17de02522bb3d9bca2a5d01f85

-------------------------------------------------------------------------------- 
[Changed Files]
MeteorLakeFspPkg/Upd/FspmUpd.dsc
MeteorLakePlatSamplePkg/Setup/SaSetup.hfr

================================================================================ 
Commit: b9c87e8d7a3baa9d3ad9a1b661ecc17f6f57f97a 
Author: ClientSysFWGit <clientsysfwgit@intel.com> 
Date: Wed May 10 09:12:25 2023 +0530 
-------------------------------------------------------------------------------- 
[PCH] MTL-PCH ISH should be under PC02 scope

[Feature Description]
Create ISH ACPI device under PC02 for MTL-PCH

Package/Module:
ClientOneSiliconPkg/Fru/MtlPch

[Impacted Platform]
MTL

Hsd-es-id: 14018926115
Original commit date: Thu Mar 23 13:34:16 2023 +0100
Original commit hash: 3b8bd36e9a360c6a62dd003657a2e143127fbd90

-------------------------------------------------------------------------------- 
[Changed Files]
ClientOneSiliconPkg/Fru/MtlPch/Include/AcpiTables/Dsdt/MtlPch.asl
ClientOneSiliconPkg/Fru/MtlPch/Include/AcpiTables/Dsdt/MtlPchIsh.asl
MeteorLakeBoardPkg/Acpi/AcpiTables/Dsdt/Platform.asl

================================================================================ 
Commit: 1b04be7d168291e0fb6ffb942d33a6b6b02ed0a8 
Author: ClientSysFWGit <clientsysfwgit@intel.com> 
Date: Wed May 10 09:12:24 2023 +0530 
-------------------------------------------------------------------------------- 
Update MRC Release Notes and increment MRC build revision to 0.7.14.2

Original commit date: Tue Apr 25 20:04:57 2023 -0700
Change-Id: Ia38308d21067c48f6474303273194675d68a02b9
Original commit hash: a1ebca265656327d522decf8aa7caa0d9912faa3

-------------------------------------------------------------------------------- 
[Changed Files]
ClientOneSiliconPkg/IpBlock/MemoryInit/Mtl/LibraryPrivate/PeiMemoryInitLib/Source/Include/MrcVersion.h

================================================================================ 
Commit: bbf15d7460ec9e5d49e097cb7bff5017edceeb62 
Author: ClientSysFWGit <clientsysfwgit@intel.com> 
Date: Wed May 10 09:12:23 2023 +0530 
-------------------------------------------------------------------------------- 
[MTL-S | DDR5] Disable RDVC2D and FUNCDCCCLK

[Feature Description]
Disable RDVC2D and FUNCDCCCLK due to instability in 2SPC

Package/Module: ClientOneSiliconPkg/IpBlock/MemoryInit/Mtl

[Impacted Platform]
S

Hsd-es-id: 15013232438
Original commit date: Wed Apr 12 20:50:18 2023 +0800
Change-Id: I904028eab50d894f84261fe36cfe14dc89fda80c
Original commit hash: 639bd58c42bac739fb66d703a2a5f4bf0f3b5d32

-------------------------------------------------------------------------------- 
[Changed Files]
ClientOneSiliconPkg/IpBlock/MemoryInit/Mtl/LibraryPrivate/PeiMemoryInitLib/Source/Api/MrcGeneral.c

================================================================================ 
Commit: 3a0434a66d70f791f420edcf2b25cdcb7fa7c29e 
Author: ClientSysFWGit <clientsysfwgit@intel.com> 
Date: Wed May 10 09:12:22 2023 +0530 
-------------------------------------------------------------------------------- 
[MTL][BT BLE]: Bluetooth device fails to enumerate
during scanning in the BIOS when Preboot BLE is enabled.

[Issue Description]
Occasionally, the BT scanning screen hang.

[Resolution]
Provided a patch to resolve the scan hang issue on MTL platform.

Package/Module: Features/BluetoothPkg

[Impacted Platform]
MTL

Hsd-es-id: 15013315316
Original commit date: Mon Apr 24 16:41:08 2023 +0800
Change-Id: Ic6e0a4b4a38380cc7e5aa958425950ce016c791d
Original commit hash: 83a5e3572f7437cded3a601a731d529c9419d637

-------------------------------------------------------------------------------- 
[Changed Files]
Features/BluetoothPkg/BluetoothBusDxe/BluetoothConfigScan.c
Features/BluetoothPkg/BluetoothBusDxe/iLE/apps/src/uefi_app.c
Features/BluetoothPkg/BluetoothBusDxe/iLE/ifc/inc/config_host.h

================================================================================ 
Commit: d3a5ff5195725c746d49ede907031ce6eb46d76f 
Author: ClientSysFWGit <clientsysfwgit@intel.com> 
Date: Wed May 10 09:12:21 2023 +0530 
-------------------------------------------------------------------------------- 
[PCH][SOC I/O] OEM ChipsetInit 3.0 sync support

[Feature Description]
ChipsetInit 3.0 sync flow allows OEMs to update OEM modules binary on
the system.
- Added HSIO config update
- Added generic code for OEM tables (CSI/SPHY/NPHY) sync flow
- Removed ChipsetInit 2.0 sync flow

Package/Module:
ClientOneSiliconPkg
MeteorLakePlatSamplePkg
MeteorLakeFspPkg

[Impacted Platform]
MTL

Hsd-es-id: 18027232101
Original commit date: Fri Feb 17 17:40:25 2023 +0100
Change-Id: Ia7bbb9fb91a6b57964dd2bd4ebab0682e583543d
Original commit hash: d326c1198a959d65e9934403cb0fc0361d0946c5

-------------------------------------------------------------------------------- 
[Changed Files]
ClientOneSiliconPkg/Fru/MtlPch/LibraryPrivate/MtlPchPolicyLib/PchPrintPolicy.c
ClientOneSiliconPkg/Fru/MtlSoc/LibraryPrivate/MtlSocPolicyLib/MtlSocPrintPolicy.c
ClientOneSiliconPkg/Fru/MtlSoc/LibraryPrivate/PeiMtlSocInitLib/MtlSocInit.c
ClientOneSiliconPkg/Fru/MtlSoc/LibraryPrivate/SocInfoLib/SocInfoLib.c
ClientOneSiliconPkg/Include/MchiMsgs.h
ClientOneSiliconPkg/IpBlock/Hsio/IncludePrivate/Library/ChipsetInitLib.h
ClientOneSiliconPkg/IpBlock/Hsio/LibraryPrivate/ChipsetInitLib/ChipsetInitLib.c
ClientOneSiliconPkg/IpBlock/Hsio/LibraryPrivate/ChipsetInitLib/ChipsetInitLib.inf
ClientOneSiliconPkg/IpBlock/Me/Library/PeiMeLib/HeciMsgPeiLib.c
ClientOneSiliconPkg/Pch/Library/PeiPchPolicyLib/PchPrintPolicy.c
ClientOneSiliconPkg/Product/MeteorLake/EarlyDevices/EarlyDevices.inf
ClientOneSiliconPkg/Product/MeteorLake/EarlyDevices/EarlyDevicesFsp.inf
MeteorLakeFspPkg/Upd/FspsUpd.dsc
MeteorLakePlatSamplePkg/Library/PeiPolicyUpdateLib/PeiPchPolicyUpdate.c
MeteorLakePlatSamplePkg/Library/PeiPolicyUpdateLib/PeiPolicyUpdateLib.inf
MeteorLakePlatSamplePkg/Library/PeiPolicyUpdateLib/PeiPolicyUpdateLibFsp.inf

================================================================================ 
Commit: 0239b81eb09a26b68c88a609e23e666ff3b0b7b2 
Author: ClientSysFWGit <clientsysfwgit@intel.com> 
Date: Wed May 10 09:12:19 2023 +0530 
-------------------------------------------------------------------------------- 
[TeamCity] MTL MeteorLake_meteorlake_family_Daily Daily Updating Version/ID: MeteorLake_3172_00

Hsd-es-id: N/A
Original commit date: Tue Apr 25 21:31:25 2023 -0700
Original commit hash: ee8b32762b252252de7343d390c0417f4dae6b2b

-------------------------------------------------------------------------------- 
[Changed Files]
ClientOneSiliconPkg/Product/MeteorLake/SiPkgPcdInit.dsc
MeteorLakeBoardPkg/BiosId.env
MeteorLakeFspPkg/FspPkgPcdInit.dsc

================================================================================ 
Commit: 83965521c1d3964f798dbab9bebf1f0c1a45e0f6 
Author: ClientSysFWGit <clientsysfwgit@intel.com> 
Date: Wed May 10 09:12:18 2023 +0530 
-------------------------------------------------------------------------------- 
[MTL]BIOS send SVID_WRITE_REG_WHITELIST(NON POR) Mailbox cmd during POST

[Issue Description]
BIOS sends SVID_WRITE_REG_WHITELIST(NON POR) Mailbox commands during
boot flow and the Pcode returns "MAILBOX_BIOS_CC_ILLEGAL_CMD /Command is
not supported."

[Resolution]
Remove the code for sending the mailbox command, because it's not
supported on MTL.

Package/Module:
ClientOneSiliconPkg

[Impacted Platform]
MTL

Hsd-es-id: 22017927656
Original commit date: Tue Apr 25 10:52:21 2023 +0800
Change-Id: Ia49127480ff021ea5794e1bdbcb0059e230bfd2c
Original commit hash: a44f1d0dcf678798be4972370ccd950f675ea269

-------------------------------------------------------------------------------- 
[Changed Files]
ClientOneSiliconPkg/Include/VoltageRegulatorCommands.h
ClientOneSiliconPkg/IpBlock/VoltageRegulator/IncludePrivate/Library/PeiVrLib.h
ClientOneSiliconPkg/IpBlock/VoltageRegulator/LibraryPrivate/PeiVrLib/PeiVrLib.c
ClientOneSiliconPkg/Product/MeteorLake/SiInit/Pei/SiInitPreMem.c

================================================================================ 
Commit: 10a7567a6f7331fb611cfd6b99efaa298ed157b6 
Author: ClientSysFWGit <clientsysfwgit@intel.com> 
Date: Wed May 10 09:12:17 2023 +0530 
-------------------------------------------------------------------------------- 
Port BIOS fixes found in ARL ERB PO

[Issue Description]
Battery Icon not visible in OS
S3 and S4 option are not exposed to OS
ARL-Hx is a mobile desktop

[Resolution]
add virtual battery support
Add RTD3 support in inf file
change platformFlavor to mobile

Package/Module: MeteorLakeBoardPkg

[Impacted Platform]
Hx

Hsd-es-id: 14019123448
Original commit date: Thu Apr 6 11:53:45 2023 -0700
Change-Id: Idbb3e9832a782b4111d28c8a68bfd05e2e1ebb0c
Original commit hash: 4ed28aa2f5d0b63eaae822115b85362ccced2c85

-------------------------------------------------------------------------------- 
[Changed Files]
MeteorLakeBoardPkg/Acpi/AcpiTables/AcpiTables.inf
MeteorLakeBoardPkg/Acpi/AcpiTables/SsdtRtd3/ArlSBGAErbRtd3.asl
MeteorLakeBoardPkg/Library/PeiBoardConfigLib/PeiBoardConfigLib.c
MeteorLakeBoardPkg/MeteorLakeBoards/BoardVpdPcdsInit/MtlS/SkuIdArlSBGASodimm1DErb.dsc

================================================================================ 
Commit: 68803daf84a9ff011a6681b15f7a87df71d29881 
Author: ClientSysFWGit <clientsysfwgit@intel.com> 
Date: Wed May 10 09:12:16 2023 +0530 
-------------------------------------------------------------------------------- 
[MTL-S MTL-M MTL-P | DDR5 LP5] Port from RPL to MTL- Enable MRC Time
Measure feature for release version of RVP BIOS

[Feature Description]
Enable MRC Time Measure feature for release version of RVP BIOS.
Current MRC Boot time to be included in release BIOS for customer
reference.

Package/Module:
MeteorLakeFspPkg
MeteorLakePlatSamplePkg

[Impacted Platform]
ALL

Hsd-es-id: 14019094122
Original commit date: Thu Apr 20 17:14:46 2023 -0700
Change-Id: Icff5e8c4133c9eb8426e04dc1711af40af9aef1a
Original commit hash: 111970fa9a23d2369444371d388e065d9821d377

-------------------------------------------------------------------------------- 
[Changed Files]
MeteorLakeFspPkg/Library/PeiPolicyUpdatePreMemLib/PeiSaPolicyUpdatePreMem.c
MeteorLakeFspPkg/Upd/FspmUpd.dsc
MeteorLakePlatSamplePkg/Library/PeiPolicyUpdateLib/PeiSaPolicyUpdatePreMem.c

================================================================================ 
Commit: 84d3e7a25935c47c20219d62cfcbe67b6851e379 
Author: ClientSysFWGit <clientsysfwgit@intel.com> 
Date: Wed May 10 09:12:14 2023 +0530 
-------------------------------------------------------------------------------- 
[PCH] FEXTNVM12 string is not printing in debug log.

[Issue Description]
FEXTNVM12 string is not printing in debug log.

[Resolution]
Enabled Policy Update (LockWriteFlashSupported) of GbE.

Package/Module:
ClientOneSiliconPkg

[Impacted Platform]
MTLS

Hsd-es-id: 16020323802
Original commit date: Mon Apr 24 18:30:29 2023 +0530
Change-Id: Id1b851332dd031fefc39273f27c8f7b5ebd793da
Original commit hash: 01bea818d8053b0110a6010acc70e2cac1e640e6

-------------------------------------------------------------------------------- 
[Changed Files]
ClientOneSiliconPkg/Fru/MtlPch/LibraryPrivate/PeiMtlPchInitLib/MtlPchGbe.c

================================================================================ 
Commit: fe0ed0c1780de321ac068ec1501eb76146d78724 
Author: ClientSysFWGit <clientsysfwgit@intel.com> 
Date: Wed May 10 09:12:13 2023 +0530 
-------------------------------------------------------------------------------- 
[TeamCity] MTL MeteorLake_meteorlake_family_Daily Daily Updating Version/ID: MeteorLake_3171_01

Hsd-es-id: N/A
Original commit date: Mon Apr 24 21:31:24 2023 -0700
Original commit hash: 64e3dc37e0edcb49562efbaecf2441e28c401518

-------------------------------------------------------------------------------- 
[Changed Files]
ClientOneSiliconPkg/Product/MeteorLake/SiPkgPcdInit.dsc
MeteorLakeBoardPkg/BiosId.env
MeteorLakeFspPkg/FspPkgPcdInit.dsc

================================================================================ 
Commit: 10ce3b1ff080e2869fdc31075998bda2511e1d13 
Author: ClientSysFWGit <clientsysfwgit@intel.com> 
Date: Wed May 10 09:12:12 2023 +0530 
-------------------------------------------------------------------------------- 
[MTL OpenBoard BIOS] Reducing MTL OpenBoardPkg to be a minimum package

[Issue Description]
Reducing MTL OpenBoardPkg to be a minimum package.

[Resolution]
Remove not use module.

Package/Module:
OpenBoardPkg

[Impacted Platform]
Default ALL

Hsd-es-id: 16020035575
Original commit date: Tue Mar 7 11:22:02 2023 +0800
Change-Id: I6d40165e60d068d9745ccd883e518e3850231c7e
Original commit hash: ef36d59470f0ab28e8f0aba98498612130d09970

-------------------------------------------------------------------------------- 
[Changed Files]
MeteorLakeOpenBoardPkg/Include/Library/BoardConfigLib.h
MeteorLakeOpenBoardPkg/Include/PlatformBoardConfig.h
MeteorLakeOpenBoardPkg/Library/BasePlatformHookLib/BasePlatformHookLib.c
MeteorLakeOpenBoardPkg/Library/PeiBoardConfigLib/PeiBoardConfigLib.c
MeteorLakeOpenBoardPkg/OpenBoardPkg.dec
MeteorLakeOpenBoardPkg/OpenBoardPkg.dsc
MeteorLakeOpenBoardPkg/OpenBoardPkg.fdf
MeteorLakeOpenBoardPkg/OpenBoardPkgBuildOption.dsc
MeteorLakeOpenBoardPkg/OpenBoardPkgPcdInit.dsc
MeteorLakeOpenBoardPkg/PciPlatform/Dxe/PciPlatform.c
MeteorLakeOpenBoardPkg/PciPlatform/Dxe/PciPlatform.h
MeteorLakeOpenBoardPkg/PciPlatform/Dxe/PciPlatform.inf

================================================================================ 
Commit: 7fbcebe8eead0ac84d4d7a0d04b2358c25f6bae0 
Author: ClientSysFWGit <clientsysfwgit@intel.com> 
Date: Wed May 10 09:12:11 2023 +0530 
-------------------------------------------------------------------------------- 
[TeamCity] MTL MeteorLake_meteorlake_family_Daily Daily Updating Version/ID: MeteorLake_3171_00

Hsd-es-id: N/A
Original commit date: Mon Apr 24 11:30:22 2023 -0700
Original commit hash: 0899721135c502b9d268d0522232432d9434f471

-------------------------------------------------------------------------------- 
[Changed Files]
ClientOneSiliconPkg/Product/MeteorLake/SiPkgPcdInit.dsc
MeteorLakeBoardPkg/BiosId.env
MeteorLakeFspPkg/FspPkgPcdInit.dsc

================================================================================ 
Commit: 57c878ae3e735b7cd2821e2f9746d5ac0732f3d1 
Author: ClientSysFWGit <clientsysfwgit@intel.com> 
Date: Wed May 10 09:12:10 2023 +0530 
-------------------------------------------------------------------------------- 
[PCH][SOC I/O] I2S1 does not work properly from WW05 to WW11 BIOS.

[Issue Description]
A2DP streaming is not successful But DUT is going on to Offload.

[Resolution]
Add missing _DSD method for the discrete Bluetooth offload.

Package/Module:
ClientOneSiliconPkg/IpBlock/Hda/AcpiTables

[Impacted Platform]
MTL

Hsd-es-id: 15013307710
Original commit date: Mon Apr 24 01:29:20 2023 -0700
Change-Id: Ib8434037d3e6e8d729331e971f29db5ae1b28afa
Original commit hash: 3bb061af116ee167da9fe6c0bdc31ea6242e86a8

-------------------------------------------------------------------------------- 
[Changed Files]
ClientOneSiliconPkg/IpBlock/Hda/AcpiTables/HdaIda.asl

================================================================================ 
Commit: de52bc74dd85795759ec08759901cca09e5505dd 
Author: ClientSysFWGit <clientsysfwgit@intel.com> 
Date: Wed May 10 09:12:09 2023 +0530 
-------------------------------------------------------------------------------- 
[Code Inspection] Unused code resided in SecureEraseDxeLib
after Platform Sanitization feature is implemented.

[Issue Description]
Unused code resided in SecureEraseDxeLib
after Platform Sanitization feature is implemented

[Resolution]
Clean up unused code in SecureEraseDxeLib

Package/Module:
MeteorLakePlatSamplePkg/Features/Amt

[Impacted Platform]
MTL

Hsd-es-id: 16020472714
Original commit date: Mon Apr 24 15:29:18 2023 +0800
Change-Id: Ib0496bf09f835ad090d7ee4b309ac31bc474402e
Original commit hash: 298b7dacf750a4674ca9dd5cf30b46ac109b7c91

-------------------------------------------------------------------------------- 
[Changed Files]
MeteorLakePlatSamplePkg/Features/Amt/Library/SecureEraseDxeLib/SecureEraseDxeLib.c
MeteorLakePlatSamplePkg/Features/Amt/Library/SecureEraseDxeLib/Ui.c
MeteorLakePlatSamplePkg/Features/Amt/Library/SecureEraseDxeLib/Ui.h
MeteorLakePlatSamplePkg/Features/Amt/SecureEraseDxe/SecureErase.c

================================================================================ 
Commit: 81e7b7e5532525d65ca52e0fe43b4a62c5afd8a6 
Author: ClientSysFWGit <clientsysfwgit@intel.com> 
Date: Wed May 10 09:12:08 2023 +0530 
-------------------------------------------------------------------------------- 
[TCSS][MTL] Align PcdITbtRootPortNumber with IOE

[Issue Description]
1. PcdITbtRootPortNumber was designed by default.
It will causes potential risk to customers if
the design is different from RVP.
2. Need code optimization to avoid confusing customers.

[Resolution]
1. Set PcdITbtRootPortNumber according to IOE.
2. Code optimization.

Package/Module:
MeteorLakeBoardPkg, MeteorLakePlatSamplePkg

[Impacted Platform]
MTL

Hsd-es-id: 15013166288
Original commit date: Mon Apr 24 13:16:00 2023 +0800
Change-Id: If3f6c9d97e68e17832c496e6ae3071bde75bd976
Original commit hash: 13f9e06caf0ff22399698a7cea3cda3cc4ffe0ab

-------------------------------------------------------------------------------- 
[Changed Files]
MeteorLakeBoardPkg/MeteorLakeBoards/Library/BoardInitLib/Pei/BoardSaInitPreMemLib.c
MeteorLakePlatSamplePkg/Features/UsbTypeC/UsbTypeCDxe/UsbTypeCDxe.c
MeteorLakePlatSamplePkg/Library/PeiPolicyUpdateLib/PeiSaPolicyUpdate.c

================================================================================ 
Commit: d75e06cc0ce90d139845e1c48214bf4e0953de9a 
Author: ClientSysFWGit <clientsysfwgit@intel.com> 
Date: Wed May 10 09:12:07 2023 +0530 
-------------------------------------------------------------------------------- 
Static Code Analyzer errors

[Issue Description]
Fixed the potential errors reported by static code
analysis tool

[Resolution]
Initailized unused variables.

Package/Module: MTL

[Impacted Platform]
MTL

Hsd-es-id: 16017217979
Original commit date: Thu Apr 20 17:45:44 2023 +0530
Change-Id: I701d0e0a554786940d3b15d1a8674276b45a4258
Original commit hash: 4d0c4d207e1605f7d39c216ef7e8319b5a75f86e

-------------------------------------------------------------------------------- 
[Changed Files]
ClientOneSiliconPkg/IpBlock/Dmi/LibraryPrivate/PeiDmiInitLib/PeiDmiInitLib.c
ClientOneSiliconPkg/Product/MeteorLake/SiInit/Pei/SiInitPreMem.c

================================================================================ 
Commit: 269f28648077cf8bde0d95bc1efb0f429084cf47 
Author: ClientSysFWGit <clientsysfwgit@intel.com> 
Date: Wed May 10 09:12:06 2023 +0530 
-------------------------------------------------------------------------------- 
[TeamCity] MTL MeteorLake_meteorlake_family_Daily Daily Updating Version/ID: MeteorLake_3167_00

Hsd-es-id: N/A
Original commit date: Sun Apr 23 21:31:24 2023 -0700
Original commit hash: 04563cd7673e2f9cdba9afba09f0430e2a7fedf3

-------------------------------------------------------------------------------- 
[Changed Files]
ClientOneSiliconPkg/Product/MeteorLake/SiPkgPcdInit.dsc
MeteorLakeBoardPkg/BiosId.env
MeteorLakeFspPkg/FspPkgPcdInit.dsc

================================================================================ 
Commit: 9744a60002a3c7842be3501f2ad826f3ccde97c0 
Author: ClientSysFWGit <clientsysfwgit@intel.com> 
Date: Wed May 10 09:12:05 2023 +0530 
-------------------------------------------------------------------------------- 
[ARL] BIOS code update for VR spec update in WW16'23

[Feature Description]
BIOS code update for VR spec update in WW16'23

Package/Module:
ClientOneSiliconPkg

[Impacted Platform]
ARL-S

Hsd-es-id: 16020413071
Original commit date: Wed Apr 19 20:56:03 2023 +0800
Change-Id: Ia83c9d8cd7ed97b8a51234bcdafb8b9479f90d32
Original commit hash: 89546b8b0bf47886e4d570faa800d1051778d16f

-------------------------------------------------------------------------------- 
[Changed Files]
ClientOneSiliconPkg/Fru/MtlCpu/LibraryPrivate/BaseCpuInfoFruLib/BaseCpuInfoFruLib.c
ClientOneSiliconPkg/Fru/MtlCpu/VoltageRegulator/LibraryPrivate/PeiVrFruLib/PeiVrFruLib.c

================================================================================ 
Commit: 4e26eea3e36885031e3be7b0cefc1958b2db71ad 
Author: ClientSysFWGit <clientsysfwgit@intel.com> 
Date: Wed May 10 09:12:04 2023 +0530 
-------------------------------------------------------------------------------- 
[TeamCity] MTL MeteorLake_meteorlake_family_Daily Daily Updating Version/ID: MeteorLake_3166_00

Hsd-es-id: N/A
Original commit date: Sat Apr 22 21:31:10 2023 -0700
Original commit hash: ff4ec6ff2ebf7d00ac1e0be110d1f367c01321f2

-------------------------------------------------------------------------------- 
[Changed Files]
ClientOneSiliconPkg/Product/MeteorLake/SiPkgPcdInit.dsc
MeteorLakeBoardPkg/BiosId.env
MeteorLakeFspPkg/FspPkgPcdInit.dsc

================================================================================ 
Commit: 6c6e8bdae07e137dd10441cdb79a39d138daba26 
Author: ClientSysFWGit <clientsysfwgit@intel.com> 
Date: Wed May 10 09:12:03 2023 +0530 
-------------------------------------------------------------------------------- 
[TeamCity] MTL MeteorLake_meteorlake_family_Daily Daily Updating Version/ID: MeteorLake_3165_01

Hsd-es-id: N/A
Original commit date: Fri Apr 21 21:31:07 2023 -0700
Original commit hash: 43c7bb853acdddd334fbc0106bdc09144be1454b

-------------------------------------------------------------------------------- 
[Changed Files]
ClientOneSiliconPkg/Product/MeteorLake/SiPkgPcdInit.dsc
MeteorLakeBoardPkg/BiosId.env
MeteorLakeFspPkg/FspPkgPcdInit.dsc

================================================================================ 
Commit: 4169863bbd2dbf605ec2c648ba655fc436037ee3 
Author: ClientSysFWGit <clientsysfwgit@intel.com> 
Date: Wed May 10 09:12:02 2023 +0530 
-------------------------------------------------------------------------------- 
[MTL-S MTL-M MTL-P | DDR5 LP5] Memory limp home mode feature setup item

[Feature Description]
Bios side changes to enable/disable memory limp home mode feature.
With this feature MRC will retrain to working channels and boot the
system in case of one non working DDR Channel.
Setup item "Retrain to Working Channel" is used to enable/disable this
feature.

> Intel Advanced Menu
> Memory Configuration
> Retrain to Working Channel <Enabled/Disabled>

Package/Module:
MeteorLakeFspPkg
MeteorLakePlatSamplePkg

[Impacted Platform]
ALL

Hsd-es-id: 14019158833
Original commit date: Tue Feb 7 10:09:04 2023 -0700
Change-Id: Idd05efdc4fec68be2e3f5fa4353e1bf44be8cb41
Original commit hash: e3171e47d032066ecfe5f65cfbcda211268091ef

-------------------------------------------------------------------------------- 
[Changed Files]
MeteorLakeFspPkg/Library/PeiPolicyUpdatePreMemLib/PeiSaPolicyUpdatePreMem.c
MeteorLakeFspPkg/Upd/FspmUpd.dsc
MeteorLakePlatSamplePkg/Include/SetupVariable.h
MeteorLakePlatSamplePkg/Library/PeiPolicyUpdateLib/PeiSaPolicyUpdatePreMem.c
MeteorLakePlatSamplePkg/Setup/SaSetup.hfr
MeteorLakePlatSamplePkg/Setup/SaSetup.uni

================================================================================ 
Commit: 25f8d63e3ed1f00616b3bf029fb6e85e8c4b340e 
Author: ClientSysFWGit <clientsysfwgit@intel.com> 
Date: Wed May 10 09:12:01 2023 +0530 
-------------------------------------------------------------------------------- 
SyncScript: Revert override commits.

Wed Apr 26 08:00:21 2023 -0700
Original commit date: Wed Apr 26 08:00:21 2023 -0700
Original commit hash: b5a9b36dea47517aec7b84ce99e4c202bfd10aa0

-------------------------------------------------------------------------------- 
[Changed Files]
ClientOneSiliconPkg/IpBlock/Usb/LibraryPrivate/PeiUsbHostControllerInitLib/UsbHostControllerInit.c
MeteorLakeBoardPkg/BiosId.env
MeteorLakeFspPkg/Upd/FspmUpd.dsc
MeteorLakePlatSamplePkg/Setup/SaSetup.hfr

================================================================================ 
Commit: e655c6a41470ad6672227ae845ccec240ceeb393 
Author: ClientSysFWGit <clientsysfwgit@intel.com> 
Date: Wed May 10 09:11:59 2023 +0530 
-------------------------------------------------------------------------------- 
[MTL][TCSS]BIOS Guide Updates for MTL_TCSS Program (Rev24)

[Feature Description]
TCSS limits C-state to PC2 if xHCI has Primary Clock Resource requested.
This requires ALL CPU TCSS xHCI to use SSTCGE = 0xF irrespective of
compliance failure

Package/Module:ClientOneSiliconPkg

[Impacted Platform]
MTL

Hsd-es-id: 14019219523
Original commit date: Mon Apr 24 14:17:32 2023 -0700
Change-Id: I7bd03bef3617b2d1aadea1dd7097eac6eccdc09d
Original commit hash: 6037bda97d1024d7dc5a670f6537fda4785754bd

-------------------------------------------------------------------------------- 
[Changed Files]
ClientOneSiliconPkg/IpBlock/Usb/LibraryPrivate/PeiUsbHostControllerInitLib/UsbHostControllerInit.c

================================================================================ 
Commit: aafe90e0808ea2c76b1d3be63672049fbb171227 
Author: ClientSysFWGit <clientsysfwgit@intel.com> 
Date: Wed May 10 09:11:56 2023 +0530 
-------------------------------------------------------------------------------- 
[TeamCity] MTL MeteorLake_meteorlake_program_platform_Daily Daily Updating Version/ID: MeteorLake_3165_81

Hsd-es-id: N/A
Original commit date: Sat Apr 22 21:46:58 2023 -0700

-------------------------------------------------------------------------------- 
[Changed Files]
.gitattributes
.gitignore
ClientOneSiliconPkg/IpBlock/Amt/Library/DxeAmtHeciLibNull/DxeAmtHeciLibNull.c
ClientOneSiliconPkg/IpBlock/Me/HeciInit/Dxe/MeReadyToBoot.c
ClientOneSiliconPkg/IpBlock/MemoryInit/.gitignore
ClientOneSiliconPkg/IpBlock/MemoryInit/Mtl/Include/Protocol/MemoryAddressEncodeDecode.h
ClientOneSiliconPkg/IpBlock/MemoryInit/Mtl/Library/PeiDxeSmmMemAddrEncodeLib/MemAddrEncodeLib.c
ClientOneSiliconPkg/IpBlock/MemoryInit/Mtl/Library/PeiDxeSmmMemAddrEncodeLib/PeiDxeSmmMemAddrEncodeLib.inf
ClientOneSiliconPkg/SiPkg.dec
