================================================================================ 
Commit: 6eba67f1bdf3d699bd4f4b626c87562145cf1ad1 
Author: ClientSysFWGit <clientsysfwgit@intel.com> 
Date: Fri Dec 18 08:52:13 2020 +0530 
-------------------------------------------------------------------------------- 
[RKL-S CMP XCOMP] Integrate GOP V1049


Original commit date: Wed Dec 16 14:15:06 2020 -0800
Change-Id: I62f82ad77a811a875daafa2edb3fb07147100ef7
Original commit hash: fee6d7e87eca54a7c78f86246a01fbef4cf25599

-------------------------------------------------------------------------------- 
[Changed Files]
CometLakeFspBinPkg/SampleCode/Vbt/VbtRkl.json
CometLakeSiliconPkg/SystemAgent/IntelGraphicsPeim/Binaries/IntelGraphicsPeimRkl.efi
CometLakeSiliconPkg/SystemAgent/IntelGraphicsPeim/Binaries/IntelGraphicsPeimRklDebug.efi

================================================================================ 
Commit: 9a0a4f68cf3d90ec9758ce7ae0bc204792daad82 
Author: ClientSysFWGit <clientsysfwgit@intel.com> 
Date: Fri Dec 18 08:52:10 2020 +0530 
-------------------------------------------------------------------------------- 
[RKLS+CMLH/TGPH][Security] BIOS Guard Module Update 0x133E (2.0.4926)


Original commit date: Wed Dec 16 21:17:39 2020 +0100
Change-Id: Ie5ccf371855d6b3825aa30172465a441a0e25b2f
Original commit hash: 4236c262d399da6b5e0ce37b8c8d6aca0e25ca65

-------------------------------------------------------------------------------- 
[Changed Files]
CometLakePlatSamplePkg/PlatformInit/PlatformInitPei/PlatformInit.c

================================================================================ 
Commit: 31626eba008ad99aaef1989a1c77159fc28756b0 
Author: ClientSysFWGit <clientsysfwgit@intel.com> 
Date: Fri Dec 18 08:52:06 2020 +0530 
-------------------------------------------------------------------------------- 
[CMPH] With SAGV Enable update for MRC


Original commit date: Wed Dec 16 13:26:49 2020 +0200
Change-Id: Icb8deac8f591458200e40bb353c938b68ff28fed
Original commit hash: 1d57ee8e24c7ac7a800f4544808ab04b5e2bbac6

-------------------------------------------------------------------------------- 
[Changed Files]
CometLakeSiliconPkg/SystemAgent/MemoryInitRkl/LibraryPrivate/PeiMemoryInitLib/Source/Api/MrcStartMemoryConfiguration.c
CometLakeSiliconPkg/SystemAgent/MemoryInitRkl/LibraryPrivate/PeiMemoryInitLib/Source/Include/MrcVersion.h

================================================================================ 
Commit: 31085dcff7abba92bc61990772142cf6de6960a8 
Author: ClientSysFWGit <clientsysfwgit@intel.com> 
Date: Fri Dec 18 08:52:00 2020 +0530 
-------------------------------------------------------------------------------- 
[RKL-S CMP XCOMP] Integrate GOP V1051

Original commit date: Wed Dec 16 13:05:27 2020 +0530
Change-Id: Iae208d35161addbeb0b95847a51950247d9b0b5e
Original commit hash: 21cb84b8b7b92420868e85919173cfed950b730e

-------------------------------------------------------------------------------- 
[Changed Files]
CometLakeFspBinPkg/SampleCode/Vbt/VbtRkl.bin
CometLakeFspBinPkg/SampleCode/Vbt/VbtRkl.json
CometLakeSiliconPkg/SystemAgent/IntelGraphicsPeim/Binaries/IntelGraphicsPeimRkl.efi
CometLakeSiliconPkg/SystemAgent/IntelGraphicsPeim/Binaries/IntelGraphicsPeimRklDebug.efi

================================================================================ 
Commit: 0c53626b4cfdf422c2ae4f8914611da333ef2ccb 
Author: ClientSysFWGit <clientsysfwgit@intel.com> 
Date: Fri Dec 18 08:51:54 2020 +0530 
-------------------------------------------------------------------------------- 
[TeamCity] RKLERB Auto-Commit BIOS ID update CI Increment BIOS Major Version () and reset Minor Version to 0

Original commit date: Wed Dec 16 05:24:02 2020 -0800
Change-Id: Ibcd5729040ffcfd5efd944df81107a6c9f706066
Original commit hash: 3a0308040838f98289a54aab66db63d4a83816f3

-------------------------------------------------------------------------------- 
[Changed Files]
CometLakePlatSamplePkg/Tools/GenBiosId/BiosId.env

================================================================================ 
Commit: bfeb5a3da47972db58ac0f799512cf86cb8683a9 
Author: ClientSysFWGit <clientsysfwgit@intel.com> 
Date: Fri Dec 18 08:51:49 2020 +0530 
-------------------------------------------------------------------------------- 
[TeamCity] RKLERB Auto-Commit DailyUpdate_FSP/RC CI

Original commit date: Wed Dec 16 01:35:17 2020 -0800
Change-Id: I536011262199596c0e21901fbd10bb058701beba
Original commit hash: 2e30587938bb13a13cca9e944ebce837d1a2147e

-------------------------------------------------------------------------------- 
[Changed Files]
CometLakeFspPkg/CometLakeFspPkg.dec
CometLakeSiliconPkg/SiPkg.dec.template

================================================================================ 
Commit: eb153790e1afa9860c5971cfe3cb84d88602c143 
Author: ClientSysFWGit <clientsysfwgit@intel.com> 
Date: Fri Dec 18 08:51:44 2020 +0530 
-------------------------------------------------------------------------------- 
Update RKLS_B0 Production patchID to 0x0000001c

Original commit date: Tue Dec 15 11:12:00 2020 -0800
Change-Id: I0a380cfc1f02edc07b5cff52ec7175ed4f986fc3
Original commit hash: 667d3c177dc812c224cfb25bcdbd2f988c6de217

-------------------------------------------------------------------------------- 
[Changed Files]
CometLakePlatSamplePkg/PlatformPkg.fdf

================================================================================ 
Commit: 4a5d9e8e471dac15af8d7b445a8a0aab6d7d3ffc 
Author: ClientSysFWGit <clientsysfwgit@intel.com> 
Date: Fri Dec 18 08:51:38 2020 +0530 
-------------------------------------------------------------------------------- 
Program PAVPC[6] to 0 for RKL CPU

Original commit date: Fri Dec 11 13:18:43 2020 -0800
Change-Id: I5f7f3ea4ba326d7003cada857c62d8b3f1b1217f
Original commit hash: 91c51ec9b04d9292d3ba0e2a1b6ea739ba7d336f

-------------------------------------------------------------------------------- 
[Changed Files]
CometLakeSiliconPkg/SystemAgent/Library/Private/PeiGraphicsInitLib/PeiGraphicsPmInit.c

================================================================================ 
Commit: 91eb8a692a5145b9328d88799ddb25e4fe0bca2c 
Author: ClientSysFWGit <clientsysfwgit@intel.com> 
Date: Fri Dec 18 08:51:33 2020 +0530 
-------------------------------------------------------------------------------- 
[TeamCity] RKLERB Auto-Commit BIOS ID update CI Increment BIOS Major Version () and reset Minor Version to 0

Original commit date: Tue Dec 15 05:13:38 2020 -0800
Change-Id: I5e4907fa03e63b181a6293d870a0e853e9529b05
Original commit hash: b01f959ccc2d67c01acaa72df82a24a0c27f42cd

-------------------------------------------------------------------------------- 
[Changed Files]
CometLakePlatSamplePkg/Tools/GenBiosId/BiosId.env

================================================================================ 
Commit: c63255d5160a8bfc385defbc1a9c5f05595dd954 
Author: ClientSysFWGit <clientsysfwgit@intel.com> 
Date: Fri Dec 18 08:51:28 2020 +0530 
-------------------------------------------------------------------------------- 
[TeamCity] RKLERB Auto-Commit DailyUpdate_FSP/RC CI

Original commit date: Tue Dec 15 01:35:35 2020 -0800
Change-Id: Ie539fb9a3d79e860a772fa05a36731792199bc22
Original commit hash: 7a3f6a4a086507dcd83a2fb3263158cfe25bf566

-------------------------------------------------------------------------------- 
[Changed Files]
CometLakeFspPkg/CometLakeFspPkg.dec
CometLakeSiliconPkg/SiPkg.dec.template

================================================================================ 
Commit: 2259d6e497ac8afa82c3a533579603f8d6049cfe 
Author: ClientSysFWGit <clientsysfwgit@intel.com> 
Date: Fri Dec 18 08:51:22 2020 +0530 
-------------------------------------------------------------------------------- 
[TeamCity] RKLERB Auto-Commit WeeklyUpdate_FSP/RC CI

Original commit date: Mon Dec 14 06:05:19 2020 -0800
Change-Id: I653ca27d5343213f1433dba06e300c1f5440a3cc
Original commit hash: b241cfc473fe8e416b8989e87eb13c5ad93948f6

-------------------------------------------------------------------------------- 
[Changed Files]
CometLakeFspPkg/CometLakeFspPkg.dec
CometLakeSiliconPkg/SiPkg.dec.template

================================================================================ 
Commit: 7b5c35457ffbd0531172e152c1e9e2dcc0667efb 
Author: ClientSysFWGit <clientsysfwgit@intel.com> 
Date: Fri Dec 18 08:51:18 2020 +0530 
-------------------------------------------------------------------------------- 
[TeamCity] RKLERB Auto-Commit BIOS ID update CI Increment BIOS Major Version () and reset Minor Version to 0

Original commit date: Mon Dec 14 05:14:21 2020 -0800
Change-Id: Ia184e0768ff40115dc50bef008ff9fb834a9e0f5
Original commit hash: a313f049d4b95b6c6459f0d46a4df0dd0c605e32

-------------------------------------------------------------------------------- 
[Changed Files]
CometLakePlatSamplePkg/Tools/GenBiosId/BiosId.env

================================================================================ 
Commit: 248e891f930c05667b6d6aed1f87bfe746f3f03d 
Author: ClientSysFWGit <clientsysfwgit@intel.com> 
Date: Fri Dec 18 08:51:13 2020 +0530 
-------------------------------------------------------------------------------- 
[TeamCity] RKLERB Auto-Commit DailyUpdate_FSP/RC CI

Original commit date: Mon Dec 14 01:24:03 2020 -0800
Change-Id: Icc409ea864df44f2dc96cb86ecbc75c52e5f6a10
Original commit hash: 441bdecc6a5a84be562919f3f5daf2cb3b2688d9

-------------------------------------------------------------------------------- 
[Changed Files]
CometLakeFspPkg/CometLakeFspPkg.dec
CometLakeSiliconPkg/SiPkg.dec.template

================================================================================ 
Commit: 7680e0065c3985286c3f737bc8c252a2656e7b34 
Author: ClientSysFWGit <clientsysfwgit@intel.com> 
Date: Fri Dec 18 08:51:08 2020 +0530 
-------------------------------------------------------------------------------- 
[TeamCity] RKLERB Auto-Commit BIOS ID update CI Increment BIOS Major Version () and reset Minor Version to 0

Original commit date: Sun Dec 13 05:12:35 2020 -0800
Change-Id: I573707105436f284a0fc24257385a49ddfd0a29e
Original commit hash: 99e469e344d968591db6e359b2efd18410bfe5ad

-------------------------------------------------------------------------------- 
[Changed Files]
CometLakePlatSamplePkg/Tools/GenBiosId/BiosId.env

================================================================================ 
Commit: e0bc3a71678efc6c28440f706c10b115deb5e7ea 
Author: ClientSysFWGit <clientsysfwgit@intel.com> 
Date: Fri Dec 18 08:51:03 2020 +0530 
-------------------------------------------------------------------------------- 
[TeamCity] RKLERB Auto-Commit DailyUpdate_FSP/RC CI

Original commit date: Sun Dec 13 01:24:02 2020 -0800
Change-Id: If7ff5f2bdb5a0fa22e2a0444012e04c025219612
Original commit hash: df9da5b6a9d35dff32b479798e248d9cf252b008

-------------------------------------------------------------------------------- 
[Changed Files]
CometLakeFspPkg/CometLakeFspPkg.dec
CometLakeSiliconPkg/SiPkg.dec.template

================================================================================ 
Commit: 6b14ab62bf018aa82d74e4ceabf805bcdfa3a686 
Author: ClientSysFWGit <clientsysfwgit@intel.com> 
Date: Fri Dec 18 08:50:58 2020 +0530 
-------------------------------------------------------------------------------- 
HstiIhvDxe: System Agent Removed HSTI flags


Original commit date: Fri Dec 11 12:18:48 2020 -0800
Change-Id: I86049b5f3b53ddc58944cdf1e1d64ab8a58d33de
Original commit hash: 886c21f1e76f4f7b1b153ac69f0bf1cd7a85589c

-------------------------------------------------------------------------------- 
[Changed Files]
CometLakePlatSamplePkg/Features/Hsti/HstiIhvDxe/HstiIhvDxe.c

================================================================================ 
Commit: 064a9ba132005fa54083561735206ef81a0ab1ee 
Author: ClientSysFWGit <clientsysfwgit@intel.com> 
Date: Fri Dec 18 08:50:53 2020 +0530 
-------------------------------------------------------------------------------- 
[TeamCity] RKLERB Auto-Commit BIOS ID update CI Increment BIOS Major Version () and reset Minor Version to 0

Original commit date: Sat Dec 12 05:12:49 2020 -0800
Change-Id: I8004271d03dc761ca619d95f59424058d4ba2e0d
Original commit hash: ab0832b8b109efdcd94df04f722a3d1cac89680e

-------------------------------------------------------------------------------- 
[Changed Files]
CometLakePlatSamplePkg/Tools/GenBiosId/BiosId.env

================================================================================ 
Commit: a616363bf44bdc67483ee7b3227d65718157b50e 
Author: ClientSysFWGit <clientsysfwgit@intel.com> 
Date: Fri Dec 18 08:50:49 2020 +0530 
-------------------------------------------------------------------------------- 
[TeamCity] RKLERB Auto-Commit DailyUpdate_FSP/RC CI

Original commit date: Sat Dec 12 01:23:50 2020 -0800
Change-Id: I40c90694bc5b2ef6c33a652d61d3af10ff21b6a8
Original commit hash: ba8626e10990c8020c31246de7bb4d0aa96d03aa

-------------------------------------------------------------------------------- 
[Changed Files]
CometLakeFspPkg/CometLakeFspPkg.dec
CometLakeSiliconPkg/SiPkg.dec.template

================================================================================ 
Commit: 2c6203dc0495686c94d76ef6c010d1d94cb01ffc 
Author: ClientSysFWGit <clientsysfwgit@intel.com> 
Date: Fri Dec 18 08:50:46 2020 +0530 
-------------------------------------------------------------------------------- 
[TeamCity] RKLERB Auto-Commit BIOS ID update CI Increment BIOS Major Version () and reset Minor Version to 0

Original commit date: Fri Dec 11 05:12:59 2020 -0800
Change-Id: Ic79f2207ea09119580d0f54dc16b23522caabb2a
Original commit hash: 7a02d1bf8630438aca9b45517dadf6dce371fc8b

-------------------------------------------------------------------------------- 
[Changed Files]
CometLakePlatSamplePkg/Tools/GenBiosId/BiosId.env

================================================================================ 
Commit: c5bae55fe2607d0f7a4dd358048d6ed7ce3d1d75 
Author: ClientSysFWGit <clientsysfwgit@intel.com> 
Date: Fri Dec 18 08:50:42 2020 +0530 
-------------------------------------------------------------------------------- 
[TeamCity] RKLERB Auto-Commit DailyUpdate_FSP/RC CI

Original commit date: Fri Dec 11 01:25:58 2020 -0800
Change-Id: If7f421df756ee10af54d90bdfa9d6b2ecb6b9e54
Original commit hash: c26b2fccd1f7e9f281d8cc0d1c18e81cf515ce82

-------------------------------------------------------------------------------- 
[Changed Files]
CometLakeFspPkg/CometLakeFspPkg.dec
CometLakeSiliconPkg/SiPkg.dec.template

================================================================================ 
Commit: 5d0fbec33f7690a16fc58c031f823d62c735b02d 
Author: ClientSysFWGit <clientsysfwgit@intel.com> 
Date: Fri Dec 18 08:50:38 2020 +0530 
-------------------------------------------------------------------------------- 
[TeamCity] RKLERB Auto-Commit BIOS ID update CI Increment BIOS Major Version () and reset Minor Version to 0

Original commit date: Thu Dec 10 05:14:04 2020 -0800
Change-Id: I769fba89f67467b4299230d01ce3a5e7154def34
Original commit hash: d7e5af63b8bfe6b33218c6e49308ce3772744227

-------------------------------------------------------------------------------- 
[Changed Files]
CometLakePlatSamplePkg/Tools/GenBiosId/BiosId.env

================================================================================ 
Commit: ded5221ab85e486345223d037f32d53ceaf6922b 
Author: ClientSysFWGit <clientsysfwgit@intel.com> 
Date: Fri Dec 18 08:50:33 2020 +0530 
-------------------------------------------------------------------------------- 
[TeamCity] RKLERB Auto-Commit DailyUpdate_FSP/RC CI

Original commit date: Thu Dec 10 01:41:49 2020 -0800
Change-Id: I6fbab95c8819b9ef88e346b19912e089b93fda58
Original commit hash: 509f3b615fb071c4269f3ba41bc429e1de004a03

-------------------------------------------------------------------------------- 
[Changed Files]
CometLakeFspPkg/CometLakeFspPkg.dec
CometLakeSiliconPkg/SiPkg.dec.template

================================================================================ 
Commit: 9f8a6ef9b55de1fbd6ddcb27eabde1a6b2e8954d 
Author: ClientSysFWGit <clientsysfwgit@intel.com> 
Date: Fri Dec 18 08:50:29 2020 +0530 
-------------------------------------------------------------------------------- 
[TeamCity] RKLERB Auto-Commit BIOS ID update CI Increment BIOS Major Version () and reset Minor Version to 0

Original commit date: Wed Dec 9 05:16:48 2020 -0800
Change-Id: I209c0b0c319bef9afc1c8ec0691e0dc24e7cc233
Original commit hash: 16bc50fed9b2325725a77dc2eeed0eca0b36695d

-------------------------------------------------------------------------------- 
[Changed Files]
CometLakePlatSamplePkg/Tools/GenBiosId/BiosId.env

================================================================================ 
Commit: 9450ea482758ea6ce33f7935382b95e5a68e1677 
Author: ClientSysFWGit <clientsysfwgit@intel.com> 
Date: Fri Dec 18 08:50:24 2020 +0530 
-------------------------------------------------------------------------------- 
[TeamCity] RKLERB Auto-Commit DailyUpdate_FSP/RC CI

Original commit date: Wed Dec 9 01:26:00 2020 -0800
Change-Id: I7bfd170cd641d859de28640165b2f5230f83205f
Original commit hash: e622cbd0bf3f83c2b7b1971ca2765d066a018969

-------------------------------------------------------------------------------- 
[Changed Files]
CometLakeFspPkg/CometLakeFspPkg.dec
CometLakeSiliconPkg/SiPkg.dec.template

================================================================================ 
Commit: 2dde37827f5936a3278241e37c615c36e69f0f5b 
Author: ClientSysFWGit <clientsysfwgit@intel.com> 
Date: Fri Dec 18 08:50:18 2020 +0530 
-------------------------------------------------------------------------------- 
[TeamCity] RKLERB Auto-Commit BIOS ID update CI Increment BIOS Major Version () and reset Minor Version to 0

Original commit date: Tue Dec 8 05:13:13 2020 -0800
Change-Id: I2c781f812852a054529f4a77fc84a476656a8b00
Original commit hash: a5fa234fe75dc328f169a5f9c16a1a2866ee7d36

-------------------------------------------------------------------------------- 
[Changed Files]
CometLakePlatSamplePkg/Tools/GenBiosId/BiosId.env

================================================================================ 
Commit: dc19204668ce5005e584cc7ce97075240d4a27ab 
Author: ClientSysFWGit <clientsysfwgit@intel.com> 
Date: Fri Dec 18 08:50:12 2020 +0530 
-------------------------------------------------------------------------------- 
[TeamCity] RKLERB Auto-Commit DailyUpdate_FSP/RC CI

Original commit date: Tue Dec 8 01:24:53 2020 -0800
Change-Id: I50ff6eae4a8d3ca696d69efb184c1e9a9edc5d77
Original commit hash: 6548a7d19594bb03173b6276515a15ae2b849823

-------------------------------------------------------------------------------- 
[Changed Files]
CometLakeFspPkg/CometLakeFspPkg.dec
CometLakeSiliconPkg/SiPkg.dec.template
