================================================================================ 
Commit: c2e7eaebb993c5c6d6c25da45f2153fa02ee9845 
Author: ClientSysFWGit <clientsysfwgit@intel.com> 
Date: Tue Sep 3 14:28:23 2024 +0800 
-------------------------------------------------------------------------------- 
Update BIOS version to 5355_00

[Feature Description]
Update BIOS version to 5355_00

[Resolution]
Update BIOS version to 5355_00

Package/Module:

[Impacted Platform]
Default ALL

Hsd-es-id: N/A
Original commit date: Mon Sep 2 15:22:22 2024 +0530
Change-Id: Ie43fb157fb46770a79c60331ead32e88a3dbade7
Original commit hash: 225025c8fa5c325a142f5a5737bfab610563d3ac

-------------------------------------------------------------------------------- 
[Changed Files]
AlderLakeBoardPkg/BiosId.env
AlderLakeFspPkg/FspPkgPcdInit.dsc
ClientOneSiliconPkg/Product/AlderLake/SiPkgPcdInit.dsc

================================================================================ 
Commit: 3c24598a87bd911e708ac428fe20d6250eb5d9f6 
Author: ClientSysFWGit <clientsysfwgit@intel.com> 
Date: Tue Sep 3 14:28:19 2024 +0800 
-------------------------------------------------------------------------------- 
"[TeamCity] ADL AlderLake_rpl_program_rel_Daily Daily Updating Version/ID:

Hsd-es-id: N/A"
Original commit date: Sun Sep 1 20:15:44 2024 -0700
Original commit hash: 253110ef80a01f95f774f761ecd8f7edb598f6b0

-------------------------------------------------------------------------------- 
[Changed Files]
AlderLakeBoardPkg/BiosId.env

================================================================================ 
Commit: 3e4788faaad0589bd41bc500613bc55b4102c0e5 
Author: ClientSysFWGit <clientsysfwgit@intel.com> 
Date: Tue Sep 3 14:28:16 2024 +0800 
-------------------------------------------------------------------------------- 
BIOS reference code change to separate C1e from cstate disable

[Feature Description]
Updated C1e option as enable by default

Package/Module:
PlatSamplePkg

[Impacted Platform]
RPL

Hsd-es-id: 16025212093
Original commit date: Fri Aug 30 13:57:04 2024 +0530
Change-Id: I846cff7abb6d0c4782917d1c4c0156a55c0676bb
Original commit hash: 53dd298ca3b08ba9cf157b09ac7c46bd8cffe1ed

-------------------------------------------------------------------------------- 
[Changed Files]
AlderLakePlatSamplePkg/Library/PeiPolicyDebugLib/PeiCpuPolicyDebugLib.c
AlderLakePlatSamplePkg/Setup/CpuSetup.hfr
ClientOneSiliconPkg/Cpu/LibraryPrivate/PeiCpuPowerMgmtLib/IdleStates.c

================================================================================ 
Commit: bc7a0346948e8abead5b9236de44f55de8fb8de9 
Author: ClientSysFWGit <clientsysfwgit@intel.com> 
Date: Tue Sep 3 14:28:13 2024 +0800 
-------------------------------------------------------------------------------- 
"[TeamCity] ADL AlderLake_rpl_program_rel_Daily Daily Updating Version/ID:

Hsd-es-id: N/A"
Original commit date: Fri Aug 30 05:40:36 2024 -0700
Original commit hash: 375806abeb0f1807c42b3fbafa384e92d0697332

-------------------------------------------------------------------------------- 
[Changed Files]
AlderLakeBoardPkg/BiosId.env

================================================================================ 
Commit: 4b7524fc62cd12cc724051ff986af7aec1e889f6 
Author: ClientSysFWGit <clientsysfwgit@intel.com> 
Date: Tue Sep 3 14:28:10 2024 +0800 
-------------------------------------------------------------------------------- 
Revert to version 5045_00_207

Revert to version 5045_00_207

Original commit date: Fri Aug 30 17:22:34 2024 +0800
Change-Id: I49bda47e29f4e0ea4696adbd093ed2f8fb147dd1
Original commit hash: 73ef2aa9c33b4f920917e8f2a04bccfebf5b4a36

-------------------------------------------------------------------------------- 
[Changed Files]
AlderLakeBoardPkg/Acpi/AcpiTables/Dsdt/DiscreteConnectivity.asl
AlderLakeBoardPkg/Acpi/AcpiTables/Dsdt/HdaSoundWireDev/HdaSoundWireDev.asl
AlderLakeBoardPkg/Acpi/AcpiTables/Dsdt/PlatformNvs.asl
AlderLakeBoardPkg/Acpi/AcpiTables/Dsdt/Wifi.asl
AlderLakeBoardPkg/Acpi/AcpiTables/SsdtXhci/UsbPortXhciAdlLp4Rvp.asl
AlderLakeBoardPkg/Acpi/AcpiTables/SsdtXhci/UsbPortXhciAdlMLp4Rvp.asl
AlderLakeBoardPkg/Acpi/AcpiTables/SsdtXhci/UsbPortXhciAdlS03Rvp.asl
AlderLakeBoardPkg/Acpi/AcpiTables/SsdtXhci/UsbPortXhciAdlS08Rvp.asl
AlderLakeBoardPkg/Acpi/AcpiTables/SsdtXhci/UsbPortXhciAdlS10Rvp.asl
AlderLakeBoardPkg/Acpi/AcpiTables/SsdtXhci/UsbPortXhciAdlS12Rvp.asl
AlderLakeBoardPkg/Acpi/AcpiTables/SsdtXhci/UsbPortXhciAdlSSbgaRvp.asl
AlderLakeBoardPkg/Acpi/AcpiTables/SsdtXhci/UsbPortXhciAdlSSbgaRvp3.asl
AlderLakeBoardPkg/Acpi/AcpiTables/SsdtXhci/UsbPortXhciAdlpDdr5MrRvp.asl
AlderLakeBoardPkg/Acpi/AcpiTables/SsdtXhci/UsbPortXhciRplHxMobileAep.asl
AlderLakeBoardPkg/Acpi/AcpiTables/SsdtXhci/UsbPortXhciRplHxUpdateRvp.asl
AlderLakeBoardPkg/Acpi/AcpiTables/SsdtXhci/UsbPortXhciRplPxRvp.asl
AlderLakeBoardPkg/Acpi/AcpiTables/SsdtXhci/UsbPortXhciRplS14Rvp.asl
AlderLakeBoardPkg/Acpi/AcpiTables/SsdtXhci/UsbPortXhciRplS18Rvp.asl
AlderLakeBoardPkg/Acpi/AcpiTables/SsdtXhci/UsbPortXhciRplS19Rvp.asl
AlderLakeBoardPkg/Acpi/AcpiTables/SsdtXhci/UsbPortXhciRplSHmpRvp.asl
AlderLakeBoardPkg/Acpi/AcpiTables/SsdtXhci/UsbPortXhciRplSbgaAep.asl
AlderLakeBoardPkg/Acpi/AcpiTables/SsdtXhci/UsbPortXhciRplSbgaRvp.asl
AlderLakeBoardPkg/Acpi/AcpiTables/SsdtXhci/UsbPortXhciTglHDdr4Rvp.asl
AlderLakeBoardPkg/Acpi/AcpiTables/SsdtXhci/UsbPortXhciTglUDdr4Rvp.asl
AlderLakeBoardPkg/Acpi/AcpiTables/SsdtXhci/UsbPortXhciTglYLp4Rvp.asl
AlderLakeBoardPkg/Acpi/AdvancedAcpiDxe/AcpiPlatform.c
AlderLakeBoardPkg/Acpi/AdvancedAcpiDxe/AcpiPlatform.h
AlderLakeBoardPkg/Acpi/AdvancedAcpiDxe/AdvancedAcpiDxe.inf
AlderLakeBoardPkg/AlderLakePBoards/Include/AlderLakePRvpBoardConfigPatchTable.h
AlderLakeBoardPkg/AlderLakePBoards/Library/BoardInitLib/Dxe/DxeInitLib.c
AlderLakeBoardPkg/AlderLakePBoards/Library/BoardInitLib/Pei/PeiInitPostMemLib.c
AlderLakeBoardPkg/AlderLakePBoards/Library/BoardInitLib/Pei/PeiInitPreMemLib.c
AlderLakeBoardPkg/AlderLakePBoards/Library/BoardInitLib/Pei/PeiMultiBoardInitPostMemLib.inf
AlderLakeBoardPkg/AlderLakePBoards/Library/BoardInitLib/Pei/PeiMultiBoardInitPreMemLib.inf
AlderLakeBoardPkg/AlderLakeSBoards/Library/BoardInitLib/Pei/PeiInitPreMemLib.c
AlderLakeBoardPkg/AlderLakeSBoards/Library/BoardInitLib/Pei/PeiMultiBoardInitPreMemLib.inf
AlderLakeBoardPkg/BiosId.env
AlderLakeBoardPkg/BoardPkg.dec
AlderLakeBoardPkg/BoardPkg.dsc
AlderLakeBoardPkg/BoardPkg.fdf
AlderLakeBoardPkg/BoardPkgPcdInit.dsc
AlderLakeBoardPkg/BoardPkgPcdUpdate.dsc
AlderLakeBoardPkg/Include/PlatformBoardConfig.h
AlderLakeBoardPkg/Include/PlatformNvsAreaDef.h
AlderLakeBoardPkg/RaptorLakePBoards/Library/BoardInitLib/Pei/PeiInitPreMemLib.c
AlderLakeBoardPkg/RaptorLakePBoards/Library/BoardInitLib/Pei/PeiMultiBoardInitPreMemLib.inf
AlderLakeBoardPkg/RaptorLakeSBoards/Library/BoardInitLib/Pei/PeiInitPreMemLib.c
AlderLakeBoardPkg/RaptorLakeSBoards/Library/BoardInitLib/Pei/PeiMultiBoardInitPreMemLib.inf
AlderLakeFspBinPkg/Include/FspProducerDataHeader.h
AlderLakeFspPkg/AlderLakeFspPkg.dsc
AlderLakeFspPkg/AlderLakeFspPkg.fdf
AlderLakeFspPkg/BuildFv.cmd
AlderLakeFspPkg/BuildFv.sh
AlderLakeFspPkg/FspHeader/FspHeader.aslc
AlderLakeFspPkg/FspPkgPcdInit.dsc
AlderLakeOpenBoardPkg/TigerLakeSimics/OpenBoardPkgConfig.dsc
AlderLakeOpenBoardPkg/TigerLakeSimics/OpenBoardPkgPcd.dsc
AlderLakePlatSamplePkg/EC/Asl/Bat1Real.asl
AlderLakePlatSamplePkg/EC/Asl/EC.ASL
AlderLakePlatSamplePkg/Features/Amt/Include/Protocol/WifiProfileSyncProtocol.h
AlderLakePlatSamplePkg/Features/Amt/OneClickRecovery/OneClickRecoveryHttpsSupport.c
AlderLakePlatSamplePkg/Features/Amt/WifiProfileSync/WifiProfileSync.c
AlderLakePlatSamplePkg/Features/CapsuleUpdate/FmpPlatformBios.dsc
AlderLakePlatSamplePkg/Features/CapsuleUpdate/FmpPlatformMonolithic.dsc
AlderLakePlatSamplePkg/Features/Cnv/CnvUefiVariables/CnvUefiVariables.c
AlderLakePlatSamplePkg/Features/Tbt/TbtInit/Dxe/AcpiTables/DTbt.asl
AlderLakePlatSamplePkg/Features/Ufs/UfsBlockIoPei/UfsBlockIoPei.h
AlderLakePlatSamplePkg/Features/WifiConnectionManagerDxe/WifiConnectionMgrDxe.h
AlderLakePlatSamplePkg/Features/WifiConnectionManagerDxe/WifiConnectionMgrHiiConfigAccess.c
AlderLakePlatSamplePkg/FspWrapper/Library/DxeFspWrapperPlatformLib/DxeFspWrapperPlatformLib.c
AlderLakePlatSamplePkg/FspWrapper/Library/PeiFspWrapperPlatformLib/PeiFspWrapperPlatformResetLib.c
AlderLakePlatSamplePkg/Include/CnvVariables.h
AlderLakePlatSamplePkg/Library/DxePlatformBootManagerLib/BdsPlatform.c
AlderLakePlatSamplePkg/PlatformInit/PlatformInitPei/PlatformInitPostMem.c
AlderLakePlatSamplePkg/PlatformInit/PlatformInitPei/PlatformInitPostMem.inf
AlderLakePlatSamplePkg/PlatformInitAdvanced/PlatformInitAdvancedPei/PlatformInitAdvancedPostMem.c
AlderLakePlatSamplePkg/PlatformInitAdvanced/PlatformInitAdvancedPei/PlatformInitAdvancedPostMemLib.inf
AlderLakePlatSamplePkg/PlatformInitAdvanced/PlatformInitAdvancedPei/PlatformInitAdvancedPreMem.c
AlderLakePlatSamplePkg/PlatformInitAdvanced/PlatformInitAdvancedPei/PlatformInitAdvancedPreMem.inf
AlderLakePlatSamplePkg/PlatformPkg.dsc
AlderLakePlatSamplePkg/PlatformPkgConfig.dsc
AlderLakePlatSamplePkg/Setup/AcpiSetup.uni
AlderLakePlatSamplePkg/Setup/MeSetup.c
AlderLakePlatSamplePkg/Setup/PchSetup.uni
AlderLakePlatSamplePkg/Setup/PlatformSetup.c
AlderLakePlatSamplePkg/Setup/PlatformSetup.hfr
AlderLakePlatSamplePkg/Setup/PlatformSetup.uni
AlderLakePlatSamplePkg/Setup/SaSetup.hfr
AlderLakePlatSamplePkg/Telemetry/BiosGuardFirmwareVersionPeim/BiosGuardFirmwareVersionPeim.c
AlderLakePlatSamplePkg/Telemetry/BiosGuardFirmwareVersionPeim/BiosGuardFirmwareVersionPeim.h
AlderLakePlatSamplePkg/Telemetry/BiosGuardFirmwareVersionPeim/BiosGuardFirmwareVersionPeim.inf
AlderLakePlatSamplePkg/Telemetry/BiosGuardFirmwareVersionPeim/BiosGuardFirmwareVersionPeimFsp.inf
AlderLakePlatSamplePkg/Telemetry/BiosGuardFirmwareVersionPeim/BiosGuardVersion.c
AlderLakePlatSamplePkg/Telemetry/BiosGuardFirmwareVersionPeim/BiosGuardVersionFsp.c
AlderLakePlatSamplePkg/Telemetry/FspFirmwareVersionPeim/FspFirmwareVersionPeim.c
AlderLakePlatSamplePkg/Telemetry/FspFirmwareVersionPeim/FspFirmwareVersionPeim.inf
AlderLakePlatSamplePkg/Telemetry/SiFirmwareVersionDxe/SiFirmwareVersionDxe.c
AlderLakePlatSamplePkg/Telemetry/SiFirmwareVersionDxe/SiFirmwareVersionDxe.inf
AlderLakePlatSamplePkg/Vtio/Dxe/VtioDxe.c
ClientOneSiliconPkg/Cpu/Library/SmmCpuFeaturesLib/SmmSps.c
ClientOneSiliconPkg/Cpu/LibraryPrivate/PeiSmbiosCpuLib/SmbiosType4.c
ClientOneSiliconPkg/Cpu/LibraryPrivate/PeiTxtLib/PeiTxtLib.inf
ClientOneSiliconPkg/Fru/AdlCpu/Include/CpuGenInfo.h
ClientOneSiliconPkg/Fsp/FspInit/Pei/FspInit.c
ClientOneSiliconPkg/Fsp/FspInit/Pei/FspInitPreMem.c
ClientOneSiliconPkg/Fsp/Include/FspProducerDataHeader.h
ClientOneSiliconPkg/Fsp/Library/FspInfoLib/FspInfoLib.c
ClientOneSiliconPkg/Fsp/Library/SecFspSiliconLib/SecFspSiliconLib.c
ClientOneSiliconPkg/Include/Library/PlatformFspMultiPhaseLib.h
ClientOneSiliconPkg/IpBlock/MemoryInit/Adl/Include/MrcInterface.h
ClientOneSiliconPkg/IpBlock/MemoryInit/Adl/LibraryPrivate/PeiMemoryInitLib/Source/Api/MrcGeneral.c
ClientOneSiliconPkg/IpBlock/MemoryInit/Adl/LibraryPrivate/PeiMemoryInitLib/Source/Api/MrcStartMemoryConfiguration.c
ClientOneSiliconPkg/IpBlock/MemoryInit/Adl/LibraryPrivate/PeiMemoryInitLib/Source/Include/MrcVersion.h
ClientOneSiliconPkg/IpBlock/MemoryInit/Adl/LibraryPrivate/PeiMemoryInitLib/Source/McConfiguration/MrcTimingConfiguration.c
ClientOneSiliconPkg/IpBlock/MemoryInit/Adl/LibraryPrivate/PeiMemoryInitLib/Source/MemoryTypes/MrcDdr5.c
ClientOneSiliconPkg/IpBlock/MemoryInit/Adl/LibraryPrivate/PeiMemoryInitLib/Source/MemoryTypes/MrcMemoryApi.c
ClientOneSiliconPkg/IpBlock/MemoryInit/Adl/LibraryPrivate/PeiMemoryInitLib/Source/Services/MrcCommon.c
ClientOneSiliconPkg/IpBlock/MemoryInit/Adl/LibraryPrivate/PeiMemoryInitLib/Source/Services/MrcCrosser.c
ClientOneSiliconPkg/IpBlock/MemoryInit/Adl/LibraryPrivate/PeiMemoryInitLib/Source/Services/MrcMcConfiguration.c
ClientOneSiliconPkg/IpBlock/MemoryInit/Adl/LibraryPrivate/PeiMemoryInitLib/Source/SpdProcessing/MrcSpdProcessing.c
ClientOneSiliconPkg/IpBlock/Tcss/AcpiTables/TcssSsdt/TcssXhci.asl
ClientOneSiliconPkg/Library/BasePlatformFspMultiPhaseLib/BasePlatformFspMultiPhaseLib.c
ClientOneSiliconPkg/Library/BasePlatformFspMultiPhaseLib/BasePlatformFspMultiPhaseLib.inf
ClientOneSiliconPkg/Library/DxeSmbiosProcessorLib/DxeSmbiosProcessorLib.c
ClientOneSiliconPkg/Product/AlderLake/SiPkgPcdInit.dsc

================================================================================ 
Commit: ee63a9a1e1340c7f0e41f06828817a95918819e9 
Author: ClientSysFWGit <clientsysfwgit@intel.com> 
Date: Tue Sep 3 14:27:59 2024 +0800 
-------------------------------------------------------------------------------- 
Update BIOS version to 5352_00

[Feature Description]
Update BIOS version to 5352_00

[Resolution]
Update BIOS version to 5352_00

Package/Module:

[Impacted Platform]
Default ALL

Hsd-es-id: N/A
Original commit date: Tue Aug 27 23:32:34 2024 +0800
Change-Id: I3a1c64ce2e398523b5e23ff5fef5cc71f9af1358
Original commit hash: 7286a9909a2835166a6be048e88b103c86984cd6

-------------------------------------------------------------------------------- 
[Changed Files]
AlderLakeBoardPkg/BiosId.env
AlderLakeFspPkg/FspPkgPcdInit.dsc
ClientOneSiliconPkg/Product/AlderLake/SiPkgPcdInit.dsc

================================================================================ 
Commit: b9772d0f48b72aaccf5aee0437094311d79da5a5 
Author: ClientSysFWGit <clientsysfwgit@intel.com> 
Date: Tue Sep 3 14:27:56 2024 +0800 
-------------------------------------------------------------------------------- 
[RPL-P]Microcode patch 0x00005104 update for RPL J0

[Feature Description]
Updated patch 0x00005104 for RPL J0

Package/Module:
AlderLakeBoardPkg

[Impacted Platform]
RPL-P

Hsd-es-id: 15016701678
Original commit date: Tue Aug 27 23:07:09 2024 +0800
Change-Id: I271543947644a84ed201b92ec91856ee7b864ca6
Original commit hash: a085a6353a358eb341ade83b217a73271bb8cfb3

-------------------------------------------------------------------------------- 
[Changed Files]
AlderLakeBoardPkg/BoardPkg.fdf

================================================================================ 
Commit: 8c51d836ef370b5e405a462d9501b1b67abb02a5 
Author: ClientSysFWGit <clientsysfwgit@intel.com> 
Date: Tue Sep 3 14:27:53 2024 +0800 
-------------------------------------------------------------------------------- 
Update MRC Release Notes and increment ADL MRC build revision to 0.0.4.232

Hsd-es-id: N/A
Original commit date: Tue Aug 13 23:35:47 2024 -0700
Original commit hash: 187011c895faef6c3836ba1422458c239789afe2

-------------------------------------------------------------------------------- 
[Changed Files]
ClientOneSiliconPkg/IpBlock/MemoryInit/Adl/LibraryPrivate/PeiMemoryInitLib/Source/Include/MrcVersion.h

================================================================================ 
Commit: 46e3e87550c51d627fbb8eaac05e9f8f088490a5 
Author: ClientSysFWGit <clientsysfwgit@intel.com> 
Date: Tue Sep 3 14:27:50 2024 +0800 
-------------------------------------------------------------------------------- 
DDR5 nECC SODIMM enablement

[Feature Description]
DDR5 nECC SODIMM enablement

Package/Module: MRC

[Impacted Platform]
DDR5

Hsd-es-id: 22020378167
Original commit date: Tue Aug 13 13:36:48 2024 -0700
Change-Id: I5fbb402b6ddc171c119631df09a85ffd1e1edb2a
Original commit hash: 0ae08a3fd5616912ab828dbefefd043c3a57c027

-------------------------------------------------------------------------------- 
[Changed Files]
ClientOneSiliconPkg/IpBlock/MemoryInit/Adl/LibraryPrivate/PeiMemoryInitLib/Source/Api/MrcGeneral.c

================================================================================ 
Commit: c9f6116b245468d58001992aa3e5a7a2596730b0 
Author: ClientSysFWGit <clientsysfwgit@intel.com> 
Date: Tue Sep 3 14:27:46 2024 +0800 
-------------------------------------------------------------------------------- 
Update MRC Release Notes and increment ADL MRC build revision to 0.0.4.231

Hsd-es-id: N/A
Original commit date: Mon Aug 12 07:02:54 2024 -0700
Original commit hash: a3dbebeade914a57a6786fb5642edcb09bbaa8d8

-------------------------------------------------------------------------------- 
[Changed Files]
ClientOneSiliconPkg/IpBlock/MemoryInit/Adl/LibraryPrivate/PeiMemoryInitLib/Source/Include/MrcVersion.h

================================================================================ 
Commit: 21a3c61c5f46ffc37b7401cda266f97bc42a15e5 
Author: ClientSysFWGit <clientsysfwgit@intel.com> 
Date: Tue Sep 3 14:27:42 2024 +0800 
-------------------------------------------------------------------------------- 
DDR5 nECC SODIMM enablement

[Feature Description]
DDR5 nECC SODIMM enablement

Package/Module: MRC

[Impacted Platform]
DDR5

Hsd-es-id: 22020362999
Original commit date: Fri Aug 9 09:08:07 2024 -0700
Change-Id: I65d236ed582da71587ba30fcb1666d080da1713f
Original commit hash: d7752f7e27e2727a380d6640fff119b3e1567fa3

-------------------------------------------------------------------------------- 
[Changed Files]
ClientOneSiliconPkg/IpBlock/MemoryInit/Adl/Include/MrcInterface.h
ClientOneSiliconPkg/IpBlock/MemoryInit/Adl/LibraryPrivate/PeiMemoryInitLib/Source/Api/MrcGeneral.c
ClientOneSiliconPkg/IpBlock/MemoryInit/Adl/LibraryPrivate/PeiMemoryInitLib/Source/SpdProcessing/MrcSpdProcessing.c

================================================================================ 
Commit: a76c6ecbf92573cb7779432bc79a6526e3c17459 
Author: ClientSysFWGit <clientsysfwgit@intel.com> 
Date: Tue Sep 3 14:27:38 2024 +0800 
-------------------------------------------------------------------------------- 
Update MRC Release Notes and increment ADL MRC build revision to 0.0.4.230

Hsd-es-id: N/A
Original commit date: Thu Aug 8 23:14:41 2024 -0700
Original commit hash: 2a8a18672c07eb8f57ac31e8d10c112c13123b7e

-------------------------------------------------------------------------------- 
[Changed Files]
ClientOneSiliconPkg/IpBlock/MemoryInit/Adl/LibraryPrivate/PeiMemoryInitLib/Source/Include/MrcVersion.h

================================================================================ 
Commit: f28e6e4b84989da954b94a262864791718d750f9 
Author: ClientSysFWGit <clientsysfwgit@intel.com> 
Date: Tue Sep 3 14:27:35 2024 +0800 
-------------------------------------------------------------------------------- 
LPDDR5x T3 2R 5200 enablement

[Feature Description]
LPDDR5x T3 2R 5200 enablement

Package/Module: MRC

[Impacted Platform]
LPDDR5 T3

Hsd-es-id: 15015841385
Original commit date: Wed Aug 7 14:47:26 2024 -0700
Change-Id: Ide63144a5c0edae6007276d3aa6fd81eef002c61
Original commit hash: ef1acca586e69157fc73317e07ea633948e832a4

-------------------------------------------------------------------------------- 
[Changed Files]
ClientOneSiliconPkg/IpBlock/MemoryInit/Adl/LibraryPrivate/PeiMemoryInitLib/Source/Api/MrcGeneral.c
