================================================================================ 
Commit: 1f06ff87ee17c62282703237a533c08dde066f9b 
Author: ClientSysFWGit <clientsysfwgit@intel.com> 
Date: 2019-11-13 10:47:21 -0800 
-------------------------------------------------------------------------------- 
Increment Bios minor version for RC5

Hsd-es-id: NA
Original commit date: 2019-11-11 13:30:58 -0800
Change-Id: I6fc9f7c9b9ea92cff08c22a74f42c5dca4c01281
Original commit hash: edd627abac337fe8f5ecc7589546ad8092a9bb38

-------------------------------------------------------------------------------- 
[Changed Files]
TigerLakeBoardPkg/BiosId.env
TigerLakeFspPkg/TigerLakeFspPkg.dec

================================================================================ 
Commit: 1f202ad9d905895595d79435430e0c03f5d248cd 
Author: ClientSysFWGit <clientsysfwgit@intel.com> 
Date: 2019-11-13 10:47:20 -0800 
-------------------------------------------------------------------------------- 
[RKL][TGL] Fix Variable Assert

Variable Assert caused by SHAID a77ebd3f659f34c2f8c45e916869729a6a67b421

Hsd-es-id: https://hsdes.intel.com/appstore/article/#/1608619718, https://hsdes.intel.com/appstore/article/#/2209626964

Original commit date: 2019-11-08 15:59:25 -0800
Change-Id: I8a656470518905fa0057e7d060cc03453ec7f329
Original commit hash: 86a75ffab312098a35cd832597152063e62b421c

-------------------------------------------------------------------------------- 
[Changed Files]
TigerLakeBoardPkg/BoardPkgPcd.dsc

================================================================================ 
Commit: e6e71b4e0610299a96304dffd887249440ddd902 
Author: ClientSysFWGit <clientsysfwgit@intel.com> 
Date: 2019-11-13 10:47:19 -0800 
-------------------------------------------------------------------------------- 
Description: With Enabled ACPI D3 cold, NVME is not getting detected when connected to CPU attached M.2 slot
Solution: Updated gpio pcd setting for CPU M.2 SSD.

Original commit date: 2019-11-05 17:49:46 +0800
Change-Id: I798da6b454aad8105ea48a0b86e3140f120d819e
Original commit hash: ff7fd523fa4396f5066363e977aa883d3daef62c

-------------------------------------------------------------------------------- 
[Changed Files]
TigerLakeBoardPkg/TigerLakeYBoards/Library/BoardInitLib/Pei/BoardSaInitPreMemLib.c

================================================================================ 
Commit: 4e33645293ff282ab7d43fe04651cc2abaf037ca 
Author: ClientSysFWGit <clientsysfwgit@intel.com> 
Date: 2019-11-13 10:47:18 -0800 
-------------------------------------------------------------------------------- 
[TeamCity] TGL Auto-Commit DailyUpdate_FSP/RC CI

2019-11-06 02:07:04 -0800
Original commit date: 2019-11-06 02:07:04 -0800
Original commit hash: 4668926c497fc5bdc71402f060877dd034129bf6

-------------------------------------------------------------------------------- 
[Changed Files]
TigerLakeFspPkg/TigerLakeFspPkg.dec

================================================================================ 
Commit: ddbd826cb390642c43432adda00f9e07890e5778 
Author: ClientSysFWGit <clientsysfwgit@intel.com> 
Date: 2019-11-12 17:15:41 -0800 
-------------------------------------------------------------------------------- 
[TGL]Increment Bios minor version for RC3

Increment Bios minor version for RC3

Hsd-es-id: na
Original commit date: 2019-11-06 16:52:13 +0800
Change-Id: I0b1225b5c7e64d66dd587533b98800416af98239
Original commit hash: 8346cd51461b8842c7ff556a547ec880264e2958

-------------------------------------------------------------------------------- 
[Changed Files]
TigerLakeBoardPkg/BiosId.env

================================================================================ 
Commit: 027e592aea8c0b0944404dd13b8d465ecab16e93 
Author: ClientSysFWGit <clientsysfwgit@intel.com> 
Date: 2019-11-12 17:15:39 -0800 
-------------------------------------------------------------------------------- 
[TeamCity] TGL Auto-Commit DailyUpdate_FSP/RC CI

2019-11-06 00:53:09 -0800
Original commit date: 2019-11-06 00:53:09 -0800
Original commit hash: a276d659ccc8bf66ff9f45e61ea62b1475b0feda

-------------------------------------------------------------------------------- 
[Changed Files]
TigerLakeFspPkg/TigerLakeFspPkg.dec

================================================================================ 
Commit: 21b391feba2146fbd090ae506165d2de49d1caf2 
Author: ClientSysFWGit <clientsysfwgit@intel.com> 
Date: 2019-11-12 17:15:36 -0800 
-------------------------------------------------------------------------------- 
[TGL][PCH] BIOS Assert on PeiHdaInitLib booting

Hsd-es-id: 1808863521
Original commit date: 2019-11-06 15:46:16 +0800
Change-Id: I13813805b98ee92a9792365b35852453d65fa022
Original commit hash: dd07411e656789fb8e2e813030857d9a336419ac

-------------------------------------------------------------------------------- 
[Changed Files]
ClientOneSiliconPkg/IpBlock/Hda/LibraryPrivate/PeiHdaInitLib/PeiHdaInitLib.c

================================================================================ 
Commit: b3f5d901d4495c5c901d39859d8f913355fe3415 
Author: ClientSysFWGit <clientsysfwgit@intel.com> 
Date: 2019-11-12 17:15:34 -0800 
-------------------------------------------------------------------------------- 
[TeamCity] TGL Auto-Commit NVS CI Update auto-generated NVS structure definitions

2019-11-05 02:50:55 -0800
Original commit date: 2019-11-05 02:50:55 -0800
Original commit hash: 155ccbe7402935bd6b65391a0edadd4929ae9896

-------------------------------------------------------------------------------- 
[Changed Files]
TigerLakeBoardPkg/Acpi/AcpiTables/Dsdt/PlatformNvs.asl
TigerLakeBoardPkg/Include/PlatformNvsAreaDef.h

================================================================================ 
Commit: 38a0c427754953aca9fd075c0989aa8b905413b7 
Author: ClientSysFWGit <clientsysfwgit@intel.com> 
Date: 2019-11-12 17:15:31 -0800 
-------------------------------------------------------------------------------- 
Increment Bios minor version for RC3

Hsd-es-id: NA
Original commit date: 2019-11-04 20:20:11 -0800
Change-Id: Ifa9fd574b87ef6011a5b492d9422a27da2215de6
Original commit hash: f4920e98a022f59538c8400be427c74f30074a3b

-------------------------------------------------------------------------------- 
[Changed Files]
TigerLakeBoardPkg/BiosId.env
TigerLakeFspPkg/TigerLakeFspPkg.dec

================================================================================ 
Commit: 113de91da957a4e020404f0bd7ccffe42f3c7cf7 
Author: ClientSysFWGit <clientsysfwgit@intel.com> 
Date: 2019-11-12 17:15:28 -0800 
-------------------------------------------------------------------------------- 
[TigerLakePlatSamplePkg]: Reintroduce PTT support into TGL BIOS

Changes for cleaning up ClientCommonPkg removed PTT support.
To fix this issue we are introducing a platform driver Tcg2PlatformConfig.

Additionally, due to new changes in the EDK2 implementation, a execution
dependency bug was uncovered between Tcg2Config and TcgSetupDxe modules. To
solve this, the logic to patch the TCG configuration variables was moved to a
callback function to execute at the EndOfDxe signal.

Hsd-es-id: 1608178234
Original commit date: 2019-11-04 13:19:30 -0800
Change-Id: I93e0b087916311db0c7ceb5d24a94c3b188e4cd0
Original commit hash: 79ee8b1e397d9c0852ffa310a9a8ba08de7d7066

-------------------------------------------------------------------------------- 
[Changed Files]
TigerLakeBoardPkg/BoardPkg.dsc
TigerLakeBoardPkg/BoardPkg.fdf
TigerLakePlatSamplePkg/Features/Tcg/Tcg2PlatformConfig/Tcg2Config.vfr
TigerLakePlatSamplePkg/Features/Tcg/Tcg2PlatformConfig/Tcg2ConfigDriver.c
TigerLakePlatSamplePkg/Features/Tcg/Tcg2PlatformConfig/Tcg2ConfigDxe.inf
TigerLakePlatSamplePkg/Features/Tcg/Tcg2PlatformConfig/Tcg2ConfigDxe.uni
TigerLakePlatSamplePkg/Features/Tcg/Tcg2PlatformConfig/Tcg2ConfigDxeExtra.uni
TigerLakePlatSamplePkg/Features/Tcg/Tcg2PlatformConfig/Tcg2ConfigImpl.c
TigerLakePlatSamplePkg/Features/Tcg/Tcg2PlatformConfig/Tcg2ConfigImpl.h
TigerLakePlatSamplePkg/Features/Tcg/Tcg2PlatformConfig/Tcg2ConfigNvData.h
TigerLakePlatSamplePkg/Features/Tcg/Tcg2PlatformConfig/Tcg2ConfigPei.inf
TigerLakePlatSamplePkg/Features/Tcg/Tcg2PlatformConfig/Tcg2ConfigPei.uni
TigerLakePlatSamplePkg/Features/Tcg/Tcg2PlatformConfig/Tcg2ConfigPeiExtra.uni
TigerLakePlatSamplePkg/Features/Tcg/Tcg2PlatformConfig/Tcg2ConfigPeim.c
TigerLakePlatSamplePkg/Features/Tcg/Tcg2PlatformConfig/Tcg2ConfigStrings.uni
TigerLakePlatSamplePkg/Features/Tcg/Tcg2PlatformConfig/Tcg2Internal.h
TigerLakePlatSamplePkg/Features/Tcg/Tcg2PlatformConfig/TpmDetection.c
TigerLakePlatSamplePkg/Features/Tcg/TcgSetupDxe/TcgSetupDxe.c
TigerLakePlatSamplePkg/Features/Tcg/TcgSetupDxe/TcgSetupDxe.inf

================================================================================ 
Commit: e877d35e5e88e11318402971365e0ccb87b21473 
Author: ClientSysFWGit <clientsysfwgit@intel.com> 
Date: 2019-11-12 17:15:25 -0800 
-------------------------------------------------------------------------------- 
[Client Platforms] Switch to use the Tcg2PlatformPei/Dxe modules in MinPlatformPkg\Tcg

  Use MinPlatform TCG2 and remove the similar code in ClientCommonPkg.

Hsd-es-id: 1507384970
Original commit date: 2019-09-10 18:51:43 +0800
Change-Id: I2105bb945e6a2c7baff027eb049354bb0371cdc8
Original commit hash: ba90e5437c67a36f4c43130f29ebe0c1e044ae78

-------------------------------------------------------------------------------- 
[Changed Files]
TigerLakeBoardPkg/BoardPkg.dsc
TigerLakeBoardPkg/BoardPkg.fdf
TigerLakeBoardPkg/BoardPkgPcd.dsc

================================================================================ 
Commit: 3d6d28123f6d1d26dc7166740fd54f3fee00d61d 
Author: ClientSysFWGit <clientsysfwgit@intel.com> 
Date: 2019-11-12 17:15:22 -0800 
-------------------------------------------------------------------------------- 
[ClientCommonPkg Tcg2Config] Upstream the override content to edk2/SecurityPkg

  Use EDK2 open source to replace Tcg2Config in ClientCommonPkg.

Hsd-es-id: 1507385024
Original commit date: 2019-09-16 15:30:39 +0800
Change-Id: I4ec78bd4abce7b0426f49793ebcbb70fc2334047
Original commit hash: d952635634cfc48f765e829b7109f755c71ea4a2

-------------------------------------------------------------------------------- 
[Changed Files]
ClientCommonPkg/Universal/Tcg/Tcg2Config/Tcg2Config.vfr
ClientCommonPkg/Universal/Tcg/Tcg2Config/Tcg2ConfigDriver.c
ClientCommonPkg/Universal/Tcg/Tcg2Config/Tcg2ConfigDxe.inf
ClientCommonPkg/Universal/Tcg/Tcg2Config/Tcg2ConfigDxe.uni
ClientCommonPkg/Universal/Tcg/Tcg2Config/Tcg2ConfigDxeExtra.uni
ClientCommonPkg/Universal/Tcg/Tcg2Config/Tcg2ConfigImpl.c
ClientCommonPkg/Universal/Tcg/Tcg2Config/Tcg2ConfigImpl.h
ClientCommonPkg/Universal/Tcg/Tcg2Config/Tcg2ConfigNvData.h
ClientCommonPkg/Universal/Tcg/Tcg2Config/Tcg2ConfigPei.inf
ClientCommonPkg/Universal/Tcg/Tcg2Config/Tcg2ConfigPei.uni
ClientCommonPkg/Universal/Tcg/Tcg2Config/Tcg2ConfigPeiExtra.uni
ClientCommonPkg/Universal/Tcg/Tcg2Config/Tcg2ConfigPeim.c
ClientCommonPkg/Universal/Tcg/Tcg2Config/Tcg2ConfigStrings.uni
ClientCommonPkg/Universal/Tcg/Tcg2Config/TpmDetection.c
TigerLakeBoardPkg/BoardPkg.dsc
TigerLakeBoardPkg/BoardPkg.fdf

================================================================================ 
Commit: 769a0d7a7688702b9a188586cdca16092ce137dc 
Author: ClientSysFWGit <clientsysfwgit@intel.com> 
Date: 2019-11-12 17:15:19 -0800 
-------------------------------------------------------------------------------- 
[RKL][TGL][ADL][JSL] Source level debug enable for release build

Update Bios build options for complete BIOS symbols.
After debugging the bios build for release with symbols,
a few shortfalls has came to light. This patch addresses those and bring back parity with intended behavior.

Hsd-es-id:2209584300,2209590706
Original commit date: 2019-10-29 14:43:21 -0700
Change-Id: I95f3cb79c46ae9253bef2eed63bb67b6c7a1cb0e
Original commit hash: 2ddce6deddacebc4dc125fd0ca99eee66466c3d3

-------------------------------------------------------------------------------- 
[Changed Files]
TigerLakeBoardPkg/BoardPkgBuildOption.dsc
TigerLakeBoardPkg/BoardPkgConfigDefault.dsc

================================================================================ 
Commit: 7e470b80623de6925d33cb52c0afb81a4bac1406 
Author: ClientSysFWGit <clientsysfwgit@intel.com> 
Date: 2019-11-12 17:15:16 -0800 
-------------------------------------------------------------------------------- 
HDA audio codec not found in device manager

Hsd-es-id: 1808669321

Original commit date: 2019-11-01 17:21:37 -0700
Change-Id: Ib1e79836fba4227c65d47fc0898b02cfbf7fb917
Original commit hash: 6fe7a574a3270d6ce750ae66085b158700509329

-------------------------------------------------------------------------------- 
[Changed Files]
TigerLakePlatSamplePkg/Library/PeiPolicyUpdateLib/PeiPchPolicyUpdatePreMem.c
TigerLakePlatSamplePkg/Setup/PchSetup.hfr

================================================================================ 
Commit: 00d75905927986b35622899a1ce786aa86f4f2f0 
Author: ClientSysFWGit <clientsysfwgit@intel.com> 
Date: 2019-11-12 17:15:13 -0800 
-------------------------------------------------------------------------------- 
[TGL] Integrate latest GOP V1025

Original commit date: 2019-10-25 19:52:14 +0530
Change-Id: Iae50f687ea20923cff4f740cd5ee9fc96701b17c
Original commit hash: 7aac449879674e88b3c9c066514306e98a612cd4

-------------------------------------------------------------------------------- 
[Changed Files]
ClientOneSiliconPkg/Fru/TglCpu/Graphics/IntelGraphicsPeim/Binaries/IntelGraphicsPeim.efi
ClientOneSiliconPkg/Fru/TglCpu/Graphics/IntelGraphicsPeim/Binaries/IntelGraphicsPeimDebug.efi
TigerLakeFspBinPkg/SampleCode/Vbt/Vbt.bin
TigerLakeFspBinPkg/SampleCode/Vbt/Vbt.bsf

================================================================================ 
Commit: 4dfe9c06d025362fec6052512e92af27e880b9da 
Author: ClientSysFWGit <clientsysfwgit@intel.com> 
Date: 2019-11-12 17:15:04 -0800 
-------------------------------------------------------------------------------- 
Increment Bios minor version for RC2

Hsd-es-id: NA
Original commit date: 2019-10-25 15:40:55 -0700
Change-Id: Ia572e1d222f14c6c2f2d5481f094f7d2be751b24
Original commit hash: bbd3b6400e3acccba93a8c1b869865399e2e3346

-------------------------------------------------------------------------------- 
[Changed Files]
TigerLakeBoardPkg/BiosId.env

================================================================================ 
Commit: 29ddd13f5e0d51ff21076c88edf909431cb55f0b 
Author: ClientSysFWGit <clientsysfwgit@intel.com> 
Date: 2019-11-12 17:15:02 -0800 
-------------------------------------------------------------------------------- 
Update TGL Ax with Patch 0x3e

Original commit date: 2019-10-24 11:45:13 -0700
Change-Id: Iad4fab7b61766bbb1db9c021042b4e1389ae8986
Original commit hash: a0dd08747ddb89b61d9a5a64122906b34bbbbb23

-------------------------------------------------------------------------------- 
[Changed Files]
TigerLakeBoardPkg/BoardPkg.fdf

================================================================================ 
Commit: 308f3ed3247eef2dd8f58675d3779c6f6032946c 
Author: ClientSysFWGit <clientsysfwgit@intel.com> 
Date: 2019-11-12 17:14:59 -0800 
-------------------------------------------------------------------------------- 
Update TGL Ax with Patch 0x3c

Original commit date: 2019-10-18 11:39:30 -0700
Change-Id: Iff6a48c6d813506708023ea66f91a22c1ee7662c
Original commit hash: 61aa710163d0a44dc5d3191c51a7ecf792d237ec

-------------------------------------------------------------------------------- 
[Changed Files]
TigerLakeBoardPkg/BoardPkg.fdf

================================================================================ 
Commit: d10ff72c387399526970981ce975db0cfe58d512 
Author: ClientSysFWGit <clientsysfwgit@intel.com> 
Date: 2019-11-12 17:14:56 -0800 
-------------------------------------------------------------------------------- 
[TGL-U/Y][PCH] BIOS: F3 changes some BIOS knobs to non-default values

Fixed PchHda coding error and set the default value for Win10Support.

Hsd-es-id: 2208092324
Original commit date: 2019-10-16 17:47:19 +0800
Change-Id: I9f43b7793371afd0c7a90be58a97109c117a4212
Original commit hash: fcfba8263e59bf9dffa0ec2e0c79e4ef90bdf4f1

-------------------------------------------------------------------------------- 
[Changed Files]
TigerLakePlatSamplePkg/Setup/PchSetup.hfr
TigerLakePlatSamplePkg/Setup/TbtSetup.hfr

================================================================================ 
Commit: 7871ce8cbbfcf20e8a86b459f2f56330bcc05a5b 
Author: ClientSysFWGit <clientsysfwgit@intel.com> 
Date: 2019-11-12 17:14:54 -0800 
-------------------------------------------------------------------------------- 
[TGL][PCH]GPIO IO Standby causing Assert on PCH-H

- returned default state for GPIO IO to avoid not supported PCH

Hsd-es-id: 2209425157
Original commit date: 2019-10-19 00:22:00 -0700
Change-Id: I5f45cfe644e45863a6b162f8fd8b17cea4c288ed
Original commit hash: aba26a49fceb8d7067f251b59185098d7005786d

-------------------------------------------------------------------------------- 
[Changed Files]
ClientOneSiliconPkg/IpBlock/Gpio/LibraryPrivate/PeiDxeSmmGpioPrivateLib/GpioNativePrivateLibVer2.c
ClientOneSiliconPkg/IpBlock/Gpio/LibraryPrivate/PeiDxeSmmGpioPrivateLib/GpioPrivateLib.c
ClientOneSiliconPkg/IpBlock/Gpio/LibraryPrivate/PeiDxeSmmGpioPrivateLib/GpioPrivateLibVer2.c

================================================================================ 
Commit: 18e4ed8624b34163497a292d65869875589cfd75 
Author: ClientSysFWGit <clientsysfwgit@intel.com> 
Date: 2019-11-12 17:14:51 -0800 
-------------------------------------------------------------------------------- 
[TeamCity] TGL Clear WhiteSpace-Git Auto-Commit [Part 2] CI Replace tab characters with two spaces and trim trailing white space

2019-10-19 00:30:24 -0700
Original commit date: 2019-10-19 00:30:24 -0700
Original commit hash: 3227b6d0fa9fb88b45b1fbc093e0a0ae5030161e

-------------------------------------------------------------------------------- 
[Changed Files]
TigerLakeFspBinPkg/SampleCode/Vbt/Vbt.bsf
TigerLakePlatSamplePkg/Tools/ToolScripts/SignFv/Rsa2048Sha256SignPlatform
