================================================================================ 
Commit: 40cb65a525c3706087d102cfe6911ba9c44a3ab6 
Author: ClientSysFWGit <clientsysfwgit@intel.com> 
Date: Thu Oct 16 08:03:05 2025 +0530 
-------------------------------------------------------------------------------- 
Added Doxygen folder and License.txt file for PTL 3383_05 label.

-------------------------------------------------------------------------------- 
[Changed Files]
Doxygen/BoardApi.chm
Doxygen/FspApi.chm
Doxygen/PantherLake_FSP_Integration_Guide.chm
Doxygen/PantherLake_FSP_Integration_Guide.pdf
Doxygen/PlatApi.chm
Doxygen/SiPkgApi.chm
LICENSE.txt
OneSiliconPkg/Library/BaseNemConfigLibNull/BaseNemConfigLibNull.c
OneSiliconPkg/Library/BaseNemConfigLibNull/BaseNemConfigLibNull.inf
OneSiliconPkg/Product/PantherLake/SiPkgPcdInit.dsc
OneSiliconPkg/SiPkg.dec

================================================================================ 
Commit: 338d94dfee43f8221c0db3a4c8b7be573b197a03 
Author: ClientSysFWGit <clientsysfwgit@intel.com> 
Date: Wed Oct 15 15:12:55 2025 +0530 
-------------------------------------------------------------------------------- 
"[TeamCity] PTL PantherLake_pantherlake_program_platform_Daily Daily Updating Version/ID: PantherLake_3383_05

Hsd-es-id: N/A"
Original commit date: Mon Oct 6 13:22:32 2025 -0700
Original commit hash: 4f274fb4d831524acb56cbf6942334df85973d81

-------------------------------------------------------------------------------- 
[Changed Files]
OneSiliconPkg/Product/PantherLake/SiPkgPcdInit.dsc
PantherLakeBoardPkg/BiosId.env

================================================================================ 
Commit: fedbbc8ca58b7eaf8d8d3caef6dae3748808c867 
Author: ClientSysFWGit <clientsysfwgit@intel.com> 
Date: Wed Oct 15 15:12:50 2025 +0530 
-------------------------------------------------------------------------------- 
[SOC I/O] OneSiliconPkg/Smbus:Fix wrong count parameter for host timing register

[Issue Description]
The SMBUS host timing register write used the wrong Count value.
It passed sizeof(HostTiming), which is in bytes.
For EfiPciIoWidthUint32,
the Count must be the number of UINT32 elements,
not the number of bytes.

[Resolution]
Change Count from:
  sizeof(HostTiming)
to:
  sizeof(HostTiming) / sizeof(UINT32)

This ensures writing one UINT32 instead of four.

Package/Module:OneSiliconPkg

[Impacted Platform]
ALL

Hsd-es-id: 15018429676
Original commit date: Tue Sep 30 11:29:58 2025 +0800
Change-Id: I4f7a32aeaa4a6b3c9351154a005ff1d488449df7
Original commit hash: 9948374cad9913b9c2f9d9dd2c76d5eb391e45d6

-------------------------------------------------------------------------------- 
[Changed Files]
OneSiliconPkg/IpBlock/Smbus/SmbDriver/SmbusCommon.c

================================================================================ 
Commit: 7f6687808cb86676e6b8977284d31122a8a99248 
Author: ClientSysFWGit <clientsysfwgit@intel.com> 
Date: Wed Oct 15 15:12:46 2025 +0530 
-------------------------------------------------------------------------------- 
SMBIOS 3.9 Support

[Feature Description]
Update PcdSmbiosVersion to 0x0309

Package/Module:
BoradPkg

[Impacted Platform]
ALL

Hsd-es-id: 15018427102
Original commit date: Tue Sep 30 14:40:27 2025 +0800
Change-Id: I1a0e6fc723c0f26f52e4d29e4bc6bd082e94383e
Original commit hash: c291edb251b44e03c290a614a84163ae8f8d5e2d

-------------------------------------------------------------------------------- 
[Changed Files]
PantherLakeBoardPkg/BoardPkgPcdInit.dsc
PantherLakeOpenBoardPkg/OpenBoardPkgPcdInit.dsc

================================================================================ 
Commit: 22b2870e9f1876cfeba9aac1e20145b02fe9d957 
Author: ClientSysFWGit <clientsysfwgit@intel.com> 
Date: Wed Oct 15 15:12:43 2025 +0530 
-------------------------------------------------------------------------------- 
Update CSODIMM and CUDIMM FormFactor value

[Feature Description]
Report CSODIMM form factor with CSODIMM memory.
Report CUDIMM form factor with CUDIMM memory.

Package/Module:
MemoryTelemetryFeaturePkg/DxeMemoryTelemetry

[Impacted Platform]
ALL

Hsd-es-id: 15018427102
Original commit date: Tue Sep 30 14:38:29 2025 +0800
Change-Id: I2d9c9e3d657d43499078c9f85d39997220565d36
Original commit hash: 6738eac83e265110ca5042dcfe81d4bae30ae430

-------------------------------------------------------------------------------- 
[Changed Files]
Features/Manageability/MemoryTelemetryFeaturePkg/DxeMemoryTelemetry/MemTelemetryTableHandler.c

================================================================================ 
Commit: 0b70bdd2db23d5c7673f19ee7c1f7c6fd7c1d721 
Author: ClientSysFWGit <clientsysfwgit@intel.com> 
Date: Wed Oct 15 15:12:40 2025 +0530 
-------------------------------------------------------------------------------- 
Update CSODIMM and CUDIMM FormFactor value

[Feature Description]
Report CSODIMM form factor with CSODIMM memory.
Report CUDIMM form factor with CUDIMM memory.

Package/Module:
DxeSmbiosMemoryLib/SmbiosType17.c

[Impacted Platform]
ALL

Hsd-es-id: 15018427102
Original commit date: Tue Sep 30 14:36:41 2025 +0800
Change-Id: Ib6fb5ff6804b44aa56012d5d778205f69b9aaa1e
Original commit hash: 6bb7d681cd68ec89eb715952ef2059665c193bac

-------------------------------------------------------------------------------- 
[Changed Files]
OneSiliconPkg/LibraryPrivate/DxeSmbiosMemoryLib/SmbiosType17.c

================================================================================ 
Commit: 5d0745c6aa63ed0e9ca13bc9d290c7ab47ea531d 
Author: ClientSysFWGit <clientsysfwgit@intel.com> 
Date: Wed Oct 15 15:12:36 2025 +0530 
-------------------------------------------------------------------------------- 
Update MRC Release Notes and increment MRC build revision to 0.0.112.2

[Feature Description]
Updating MrcVersion.h and ReleaseNotes.

Package/Module:OneSiliconPkg/MemoryInit

[Impacted Platform]
All

Registers impacted: None

Hsd-es-id: 22018552565
Original commit date: Mon Oct 6 13:19:21 2025 +0000
Original commit hash: 6cbc96457c84bb274ddaa10e79a246c01a855655

-------------------------------------------------------------------------------- 
[Changed Files]
OneSiliconPkg/IpBlock/MemoryInit/src/IncludePrivate/Ptl/MrcVersion.h

================================================================================ 
Commit: 43d20e08d7d08822f19cff006525e06269ff5062 
Author: ClientSysFWGit <clientsysfwgit@intel.com> 
Date: Wed Oct 15 15:12:32 2025 +0530 
-------------------------------------------------------------------------------- 
[PTL] Post-Si Throttling rules performance tuning

[Feature Description]
- Updated MC scheduler throttling rules for all DRAM configurations.
- Aligned with post-silicon tuning requirements, per PnP request.
sc_wpq_threshold.read_ph_weight             0x3
sc_wpq_threshold.phs_allowed_under_high_wm  0x6
sc_wpq_threshold.phs_allowed_under_med_wm   0x3
sc_wpq_threshold.phs_allowed_under_low_wm   0x1
sc_wpq_threshold.high_wm  0x22
sc_wpq_threshold.med_wm   0x1a
sc_wpq_threshold.low_wm   0x5

sc_ph_throttling_0.unloaded_same_rank       0xa
sc_ph_throttling_0.unloaded_different_rank  0x14
sc_ph_throttling_0.loaded_same_rank         0x0
sc_ph_throttling_0.loaded_different_rank    0x18

sc_ph_throttling_1.unloaded_same_rank       0x2
sc_ph_throttling_1.unloaded_different_rank  0x10
sc_ph_throttling_1.loaded_same_rank         0xc
sc_ph_throttling_1.loaded_different_rank    0x14

sc_ph_throttling_2.unloaded_same_rank       0x6
sc_ph_throttling_2.unloaded_different_rank  0x2
sc_ph_throttling_2.loaded_same_rank         0x8
sc_ph_throttling_2.loaded_different_rank    0x6

sc_ph_throttling_3.unloaded_same_rank       0x0
sc_ph_throttling_3.unloaded_different_rank  0x0
sc_ph_throttling_3.loaded_same_rank         0x0
sc_ph_throttling_3.loaded_different_rank    0x0

sc_blocking_rules_cfg.loaded_read_threshold   0x4
sc_blocking_rules_cfg.ph_block_pe             0x1
sc_blocking_rules_cfg.blkr_effect_major_mode  0x0
sc_blocking_rules_cfg.high_wm_allowed_preempt_priorities  0x0
sc_blocking_rules_cfg.med_wm_allowed_preempt_priorities   0x6
sc_blocking_rules_cfg.low_wm_allowed_preempt_priorities   0x6

sched_cbit.dis_blkr_ph  0x0 (keep CR default)
sched_cbit.dis_blkr_pe  0x0 (keep CR default)
sched_cbit.dis_blkr_pm  0x0 (keep CR default)

Package/Module: MemoryInit

[Impacted Platform]
ALL

Hsd-es-id: 18043579494
Original commit date: Mon Oct 6 12:26:26 2025 +0200
Change-Id: I4928510abc3b9fda4ea77622928ff18faf2e9e50
Original commit hash: a9e6ad56c6da5898fc59561731b514cc3296673d

-------------------------------------------------------------------------------- 
[Changed Files]
OneSiliconPkg/IpBlock/MemoryInit/src/McLib/MrcSchedulerParameters.c

================================================================================ 
Commit: 8e19af0eb92bc55bb34900f1a822dccd19d80f0b 
Author: ClientSysFWGit <clientsysfwgit@intel.com> 
Date: Wed Oct 15 15:12:28 2025 +0530 
-------------------------------------------------------------------------------- 
Enable Verification logs

[Feature Description]
Enable FSP-M/S/O
verification logs.

Package/Module:FspPkg

[Impacted Platform]
Default ALL

Hsd-es-id: 16028736632
Original commit date: Tue Sep 30 02:40:08 2025 +0530
Change-Id: I751df69c4f158786cdabccc6cef5dd40c6e5c532
Original commit hash: ce57aab5a0254a681767bf50ad65243e27b4b69c

-------------------------------------------------------------------------------- 
[Changed Files]
Features/FspWrapperFeaturePkg/Library/PeiPlatformFspVerificationLib/PeiPlatformFspsVerificationLib.c
PantherLakeFspPkg/Library/BaseFspVerificationLib/BaseFspVerificationLib.c
PantherLakeFspPkg/Library/FspLoadComponentsLib/FspLoadComponents.c

================================================================================ 
Commit: 37c62f281dacafda47eef7fc2cad02f5596280c0 
Author: ClientSysFWGit <clientsysfwgit@intel.com> 
Date: Wed Oct 15 15:12:24 2025 +0530 
-------------------------------------------------------------------------------- 
Revert "Enable Verification logs"

This reverts commit d6de2c7ece6b900cfb9e32256e30eb42cda3fda9.

Mon Oct 6 14:52:20 2025 +0530
Original commit date: Mon Oct 6 14:52:20 2025 +0530
Original commit hash: b385f9d63dc96ed27442c72d4e6a7e977db4283f

-------------------------------------------------------------------------------- 
[Changed Files]
Features/FspWrapperFeaturePkg/Library/PeiPlatformFspVerificationLib/PeiPlatformFspsVerificationLib.c
PantherLakeFspPkg/Library/BaseFspVerificationLib/BaseFspVerificationLib.c
PantherLakeFspPkg/Library/FspLoadComponentsLib/FspLoadComponents.c

================================================================================ 
Commit: 1afd661e8b5452c62b9ea89eac0bb7e1fca63499 
Author: ClientSysFWGit <clientsysfwgit@intel.com> 
Date: Wed Oct 15 15:12:20 2025 +0530 
-------------------------------------------------------------------------------- 
Update FabricGVDisable Si policy

[Issue Description]
FabricGVDisable setup variable default doesn't
match with FabricGVDisable Si policy.
Setup variable is set to 1, Si policy is set to 0.
This is causing touch capsule update failure.

[Resolution]
Update the FabricGVDisable Si policy to match the
setup variable default value.

Package/Module: OneSiliconPkg

[Impacted Platform]
P

Hsd-es-id: 14026010083
Original commit date: Fri Oct 3 08:54:45 2025 +0530
Change-Id: I16872a443aff750818c1ed95460b571d02d1db72
Original commit hash: 19a4b95ef0de23628088ddfebc110365849140bd

-------------------------------------------------------------------------------- 
[Changed Files]
OneSiliconPkg/IpBlock/HostBridge/LibraryPrivate/PeiHostBridgePolicyLib/PeiHostBridgePolicyLibVer3.c
PantherLakeFspPkg/Upd/FspmUpd.dsc
PantherLakePlatSamplePkg/Library/PeiPolicyUpdateLib/PeiSaPolicyUpdatePreMem.c

================================================================================ 
Commit: d691a9757ca631edd87143b32f2681ce1fb7b022 
Author: ClientSysFWGit <clientsysfwgit@intel.com> 
Date: Wed Oct 15 15:12:10 2025 +0530 
-------------------------------------------------------------------------------- 
DTT Fan table policy update-temperature range and fail safe pwm change

[Issue Description]
DTT Fail condition with current fail safe mechanism in linux environment
In order to accommodate Linux system requirement. Cpu PWM is not meeting
the requirement when temp is 100.

[Resolution]
Changed the existing Cpu Temp and PWM to 100 instead of 85 and 65 for ADK.

Package/Module:BoardPkg

[Impacted Platform]
ADK

Hsd-es-id: 16028739636
Original commit date: Tue Sep 30 12:03:12 2025 +0530
Change-Id: If151daaabba3a83e41ad266558219ef1fade6db9
Original commit hash: b100842b00cf7b41613071631afa211b406813c0

-------------------------------------------------------------------------------- 
[Changed Files]
PantherLakeBoardPkg/PantherLakeBoards/PantherLakeMobileBoards/BoardVpdPcdsInit/PtlUH/SkuIdPtlUHCammDTbTRvp2.dsc
PantherLakeBoardPkg/PantherLakeBoards/PantherLakeMobileBoards/BoardVpdPcdsInit/PtlUH/SkuIdPtlUHDdr5Rvp4.dsc
PantherLakeBoardPkg/PantherLakeBoards/PantherLakeMobileBoards/BoardVpdPcdsInit/PtlUH/SkuIdPtlUHLp5Adk1.dsc
PantherLakeBoardPkg/PantherLakeBoards/PantherLakeMobileBoards/BoardVpdPcdsInit/PtlUH/SkuIdPtlUHLp5Adk2.dsc
PantherLakeBoardPkg/PantherLakeBoards/PantherLakeMobileBoards/BoardVpdPcdsInit/PtlUH/SkuIdPtlUHLp5Rvp1.dsc
PantherLakeBoardPkg/PantherLakeBoards/PantherLakeMobileBoards/BoardVpdPcdsInit/PtlUH/SkuIdPtlUHLp5Rvp3.dsc

================================================================================ 
Commit: aabf827998184f5ef762acc7925cc24fe24de1cd 
Author: ClientSysFWGit <clientsysfwgit@intel.com> 
Date: Wed Oct 15 15:12:07 2025 +0530 
-------------------------------------------------------------------------------- 
"[TeamCity] PTL PantherLake_pantherlake_program_platform_Daily Daily Updating Version/ID: PantherLake_3383_04

Hsd-es-id: N/A"
Original commit date: Mon Sep 29 22:27:55 2025 -0700
Original commit hash: f52d44b58af425c13afad15645035da7cb4ceca0

-------------------------------------------------------------------------------- 
[Changed Files]
OneSiliconPkg/Product/PantherLake/SiPkgPcdInit.dsc
PantherLakeBoardPkg/BiosId.env

================================================================================ 
Commit: c39e37d8ac3a05ed987ce53825d777c743e8f946 
Author: ClientSysFWGit <clientsysfwgit@intel.com> 
Date: Wed Oct 15 15:12:03 2025 +0530 
-------------------------------------------------------------------------------- 
Enable Verification logs

[Feature Description]
Enable FSP-M/S/O
verification logs.

Package/Module:FspPkg

[Impacted Platform]
Default ALL

Hsd-es-id: 16028736632
Original commit date: Tue Sep 30 02:40:08 2025 +0530
Change-Id: I751df69c4f158786cdabccc6cef5dd40c6e5c532
Original commit hash: d6de2c7ece6b900cfb9e32256e30eb42cda3fda9

-------------------------------------------------------------------------------- 
[Changed Files]
Features/FspWrapperFeaturePkg/Library/PeiPlatformFspVerificationLib/PeiPlatformFspsVerificationLib.c
PantherLakeFspPkg/Library/BaseFspVerificationLib/BaseFspVerificationLib.c
PantherLakeFspPkg/Library/FspLoadComponentsLib/FspLoadComponents.c

================================================================================ 
Commit: cf392b7c9d41868c27a4c3bdee50a0ba24a64e1f 
Author: ClientSysFWGit <clientsysfwgit@intel.com> 
Date: Wed Oct 15 15:11:59 2025 +0530 
-------------------------------------------------------------------------------- 
Update PL2 value

[Feature Description]
Update PL2 value to 65

Package/Module:
OneSiliconPkg

[Impacted Platform]
All

Hsd-es-id: 16028735804
Original commit date: Mon Sep 29 22:18:38 2025 +0530
Change-Id: I62dd9b081f03a5e4012a585b756c366a3f6a9e2d
Original commit hash: 68a7beb5fefe33826212048d7752429383c42471

-------------------------------------------------------------------------------- 
[Changed Files]
OneSiliconPkg/Fru/PtlCDie/LibraryPrivate/BaseCpuInfoFruLib/BaseCpuInfoFruLib.c

================================================================================ 
Commit: cae3919d80e64efa3c53a040cc5f6be611e8995f 
Author: ClientSysFWGit <clientsysfwgit@intel.com> 
Date: Wed Oct 15 15:11:55 2025 +0530 
-------------------------------------------------------------------------------- 
"[TeamCity] PTL PantherLake_pantherlake_program_platform_Daily Daily Updating Version/ID: PantherLake_3383_03

Hsd-es-id: N/A"
Original commit date: Mon Sep 29 09:18:57 2025 -0700
Original commit hash: 9a3573be83899dbcc5fb86bf9e2711a9ec474790

-------------------------------------------------------------------------------- 
[Changed Files]
OneSiliconPkg/Product/PantherLake/SiPkgPcdInit.dsc
PantherLakeBoardPkg/BiosId.env

================================================================================ 
Commit: 3c5119cb899386e4b803aa765f43a13cc4563e1c 
Author: ClientSysFWGit <clientsysfwgit@intel.com> 
Date: Wed Oct 15 15:11:51 2025 +0530 
-------------------------------------------------------------------------------- 
Revert "BIOS Version/ID: PantherLake_3401_00"

[Feature Description]
Align BIOS version to map the PTL milestone

Package/Module: N/A

[Impacted Platform]
PTL

Hsd-es-id: N/A
Original commit date: Mon Sep 29 18:12:31 2025 +0530
Change-Id: I4647cf2c0d6ba25d4537dc8548e0cc6b7e4ce215
Original commit hash: c637cf145c990c00da0f90aba1e2246726d52ebf

-------------------------------------------------------------------------------- 
[Changed Files]
OneSiliconPkg/Product/PantherLake/SiPkgPcdInit.dsc
PantherLakeBoardPkg/BiosId.env

================================================================================ 
Commit: dbd16f8a6b07061469760dbf466157091cac8d3f 
Author: ClientSysFWGit <clientsysfwgit@intel.com> 
Date: Wed Oct 15 15:11:47 2025 +0530 
-------------------------------------------------------------------------------- 
"[TeamCity] PTL PantherLake_pantherlake_program_platform_Daily Daily Updating Version/ID: PantherLake_3401_00

Hsd-es-id: N/A"
Original commit date: Mon Sep 29 02:55:58 2025 -0700
Original commit hash: 8ba7f1b6675956bded7fa6f53150f0582e1bb0e6

-------------------------------------------------------------------------------- 
[Changed Files]
OneSiliconPkg/Product/PantherLake/SiPkgPcdInit.dsc
PantherLakeBoardPkg/BiosId.env

================================================================================ 
Commit: af3749b4fdf53f98c7ce226c3f91ab68b884f644 
Author: ClientSysFWGit <clientsysfwgit@intel.com> 
Date: Wed Oct 15 15:11:39 2025 +0530 
-------------------------------------------------------------------------------- 
Refactor NEM allocation flow for signed FSP

[Feature Description]
FBM will report only FSP-O and FSP-T to ACM for NEM allocation.
FSP-O will allocate NEM for FSP-M and BSP Pre-Mem.
If BSP Pre-Mem has multiple segments, all the segments will be considered
for NEM allocation.

Package/Module:
FspPkg

[Impacted Platform]
Default ALL

Hsd-es-id: 16028644958
Original commit date: Thu Sep 11 08:27:22 2025 +0530
Change-Id: If4fb7daed8c3f33472a5d66a50af1ee1927a7f05
Original commit hash: 526349bb7ed85324b0a31b74bc9845ed5f18e2ca

-------------------------------------------------------------------------------- 
[Changed Files]
OneSiliconPkg/Include/BpmDef.h
OneSiliconPkg/Library/BaseNemConfigLib/BaseNemConfigLib.c
OneSiliconPkg/Library/BaseNemConfigLib/BaseNemConfigLib.inf
PantherLakeFspPkg/FspSecCore/X64/FspSecEntry.nasm
PantherLakeFspPkg/Include/Library/FspFbmSupportLib.h
PantherLakeFspPkg/Include/Library/FspLoadComponentsLib.h
PantherLakeFspPkg/Library/BaseFspFbmSupportLib/BaseFspFbmSupportLib.c
PantherLakeFspPkg/Library/BaseFspFbmSupportLib/BpmAccess.c
PantherLakeFspPkg/Library/BaseFspVerificationLib/BaseFspVerificationLib.c
PantherLakeFspPkg/Library/FspLoadComponentsLib/FspLoadComponents.c
PantherLakeFspPkg/Library/FspLoadComponentsLib/FspLoadComponents.inf
PantherLakeFspPkg/Library/FspLoadComponentsLibNull/FspLoadComponentsNull.c
PantherLakeFspPkg/PantherLakeFspPkg.dsc

================================================================================ 
Commit: 469045ba3df023f4da25067ca9cc501f17ae3f76 
Author: ClientSysFWGit <clientsysfwgit@intel.com> 
Date: Wed Oct 15 15:11:34 2025 +0530 
-------------------------------------------------------------------------------- 
Fix Smm Perf Records

[Issue Description]
No Performance records gathered during SMM were being preserved
and saved to FPDT.

[Resolution]
SmmCorePerformanceLib was not linked. In previous platforms
this was done in Edk2Platforms. Now, that code to link this
Lib is no longer there. Therefore it will be included in BoardPkg.dsc
instead.

Package/Module:
BoardPkg

[Impacted Platform]
ALL

Hsd-es-id: 22021553509
Original commit date: Thu Sep 25 14:53:20 2025 -0700
Change-Id: If142d134ebba4b43e9b4fd60fbb6f35255499d9b
Original commit hash: aae08c215d9af2bae57aa2cbc2637740c947b96f

-------------------------------------------------------------------------------- 
[Changed Files]
PantherLakeBoardPkg/BoardPkg.dsc

================================================================================ 
Commit: 266b7f1b58fd0cfe0208ed5434ded33e02e3b97f 
Author: ClientSysFWGit <clientsysfwgit@intel.com> 
Date: Wed Oct 15 15:11:29 2025 +0530 
-------------------------------------------------------------------------------- 
Update MRC Release Notes and increment MRC build revision to 0.0.112.1

[Feature Description]
Updating MrcVersion.h and ReleaseNotes.

Package/Module:OneSiliconPkg/MemoryInit

[Impacted Platform]
All

Registers impacted: None

Hsd-es-id: 22018552565
Original commit date: Fri Sep 26 22:30:40 2025 +0000
Original commit hash: aafa7144938c4763e317b465e515db61df8ddb7f

-------------------------------------------------------------------------------- 
[Changed Files]
OneSiliconPkg/IpBlock/MemoryInit/src/IncludePrivate/Ptl/MrcVersion.h

================================================================================ 
Commit: fa1b065a165bdcda141638f89e6679a3c86a51b0 
Author: ClientSysFWGit <clientsysfwgit@intel.com> 
Date: Wed Oct 15 15:11:24 2025 +0530 
-------------------------------------------------------------------------------- 
Added FSP hook for platform PPR

[Feature Description]
Added FSP hook for platform PPR

Package/Module:
OneSiliconPkg, BoardPkg

[Impacted Platform]
Default ALL.

Hsd-es-id: 18043491831
Original commit date: Tue Sep 23 10:42:17 2025 +0530
Change-Id: I31591a015b9b155a1b75f315cd28e94d99857078
Original commit hash: 3012f45695cec46737d65a7598da594254a7add4

-------------------------------------------------------------------------------- 
[Changed Files]
OneSiliconPkg/IpBlock/MemoryInit/LibraryPrivate/MemoryInitPtl.c
OneSiliconPkg/IpBlock/MemoryInit/PeiMemoryInitLibPtl.inf
PantherLakeBoardPkg/Features/MemoryDiagnosticTest/Include/TishDataHob.h
PantherLakeBoardPkg/Features/MemoryDiagnosticTest/PeiMemoryDiagnosticTestLib/PeiMemoryDiagnosticTest.c
PantherLakePlatSamplePkg/Library/PeiPolicyUpdateLib/PeiSaPolicyUpdatePreMem.c

================================================================================ 
Commit: 4b1c48fc3abeec92da0c2d2603a676767aeb35fb 
Author: ClientSysFWGit <clientsysfwgit@intel.com> 
Date: Wed Oct 15 15:11:20 2025 +0530 
-------------------------------------------------------------------------------- 
[SOC I/O] PTL DisCo update - GC, DC3, DC2, DC5

[Feature Description]
PTL DisCo update - GC, DC3, DC2, DC5 - Alc712 + Alc1320, Alc713 +
Alc1320, Alc722 SN/ML.

Package/Module:
Features/Audio/SndwDevTopologyFeaturePkg

[Impacted Platform]
PTL

Hsd-es-id: 18043489529
Original commit date: Fri Sep 26 13:00:21 2025 +0000
Change-Id: I4fb1d1cd1c01764173d8d19a3e73722d30ca84f6
Original commit hash: e720a8cf4095b57df23d048daba14f804f8f05a9

-------------------------------------------------------------------------------- 
[Changed Files]
Features/Audio/SndwDevTopologyFeaturePkg/AcpiTables/SndwDevTopologySt01Ssdt/AudioFunction_722_AMP.asl
Features/Audio/SndwDevTopologyFeaturePkg/AcpiTables/SndwDevTopologySt01Ssdt/AudioFunction_722_HID.asl
Features/Audio/SndwDevTopologyFeaturePkg/AcpiTables/SndwDevTopologySt01Ssdt/AudioFunction_722_UAJ.asl
Features/Audio/SndwDevTopologyFeaturePkg/AcpiTables/SndwDevTopologySt01Ssdt/Peripheral_722.asl
Features/Audio/SndwDevTopologyFeaturePkg/AcpiTables/SndwDevTopologySt02Ssdt/AudioFunction_1320VBC_SPK_ADR01.asl
Features/Audio/SndwDevTopologyFeaturePkg/AcpiTables/SndwDevTopologySt02Ssdt/AudioFunction_712VB_AMP.asl
Features/Audio/SndwDevTopologyFeaturePkg/AcpiTables/SndwDevTopologySt02Ssdt/AudioFunction_712VB_UAJ.asl
Features/Audio/SndwDevTopologyFeaturePkg/AcpiTables/SndwDevTopologySt03Ssdt/AudioFunction_1320VBC_SPK1_ADR01.asl
Features/Audio/SndwDevTopologyFeaturePkg/AcpiTables/SndwDevTopologySt03Ssdt/AudioFunction_1320VBC_SPK2_ADR01.asl
Features/Audio/SndwDevTopologyFeaturePkg/AcpiTables/SndwDevTopologySt03Ssdt/AudioFunction_713VB_UAJ.asl
Features/Audio/SndwDevTopologyFeaturePkg/AcpiTables/SndwDevTopologySt04Ssdt/AudioFunction_722_AMP.asl
Features/Audio/SndwDevTopologyFeaturePkg/AcpiTables/SndwDevTopologySt04Ssdt/AudioFunction_722_HID.asl
Features/Audio/SndwDevTopologyFeaturePkg/AcpiTables/SndwDevTopologySt04Ssdt/AudioFunction_722_UAJ.asl
Features/Audio/SndwDevTopologyFeaturePkg/AcpiTables/SndwDevTopologySt04Ssdt/Peripheral_722.asl
PantherLakePlatSamplePkg/Setup/PchSetup.uni

================================================================================ 
Commit: fa9967b8ea998464d2fb01ed245ec036c84e9de8 
Author: ClientSysFWGit <clientsysfwgit@intel.com> 
Date: Wed Oct 15 15:11:15 2025 +0530 
-------------------------------------------------------------------------------- 
FSP-O Size Optimization.

[Feature Description]
Optimize size of FSP-O.
By adding NullDebugLibrary
and Function Optimization.

Package/Module:FspPkg

[Impacted Platform]
Default ALL

Hsd-es-id: 16028712368
Original commit date: Thu Sep 25 20:50:23 2025 +0530
Change-Id: I8ed860717a2486d18c6402f75d62d58c30de4ef1
Original commit hash: 9be81fbfb31debae5cad2a1df7a0586d8085552e

-------------------------------------------------------------------------------- 
[Changed Files]
PantherLakeFspPkg/Library/MeasurementLib/FspMeasurementLib.c
PantherLakeFspPkg/Library/MeasurementLib/FspMeasurementLib.inf
PantherLakeFspPkg/PantherLakeFspPkg.dsc

================================================================================ 
Commit: 4212a42d01996b07e5274629c4fb66b8fc1c9ab0 
Author: ClientSysFWGit <clientsysfwgit@intel.com> 
Date: Wed Oct 15 15:11:11 2025 +0530 
-------------------------------------------------------------------------------- 
[SOC I/O] Add Port arbiter programming to Grant count programming

[Feature Description]
Add Port Arbiter programming to PCIe Root Ports in PSF according to BWG

Package/Module:
OneSiliconPkg/Fru

[Impacted Platform]
All

Hsd-es-id: 18043446482
Original commit date: Sat Sep 20 18:49:55 2025 +0200
Change-Id: I5dff213ae1b9f90fd5f3de8e7402c3770ffed836
Original commit hash: b5c6a4f055291505690c3813d8ff3ea161836ce4

-------------------------------------------------------------------------------- 
[Changed Files]
OneSiliconPkg/Fru/PtlPcd/IncludePrivate/Library/PtlPcdHPsfLib.h
OneSiliconPkg/Fru/PtlPcd/IncludePrivate/Library/PtlPcdPsfSocLib.h
OneSiliconPkg/Fru/PtlPcd/LibraryPrivate/PtlPcdPeiDxeSmmPsfLib/PsfSocLib.c
OneSiliconPkg/Fru/PtlPcd/LibraryPrivate/PtlPcdPeiDxeSmmPsfLib/PtlPcdHPsfLib.c
OneSiliconPkg/Fru/PtlPcd/LibraryPrivate/PtlPcdPeiDxeSmmPsfLib/PtlPcdPPsfLib.c
OneSiliconPkg/Fru/PtlPcd/LibraryPrivate/PtlPcdPeiInitLib/PtlPcdPeiInitLib.inf
OneSiliconPkg/Fru/PtlPcd/LibraryPrivate/PtlPcdPeiInitLib/PtlPcdRootPorts.c
OneSiliconPkg/IncludePrivate/Register/Ptl/PsfRegsPtlPcd.h
OneSiliconPkg/IpBlock/IpPcieSip17/Include/IpPcieSipInitLib.h
OneSiliconPkg/IpBlock/IpPcieSip17/IpPcieLib/IpPcieSipInitLib.c

================================================================================ 
Commit: f11272e8030e379f790565aa4e2776d8cbdd8b65 
Author: ClientSysFWGit <clientsysfwgit@intel.com> 
Date: Wed Oct 15 15:11:07 2025 +0530 
-------------------------------------------------------------------------------- 
Add some Voltage Regulator UPDs to FSPM.txt for coreboot compatibility

[Feature Description]
This commit adds the IccMax, TdcMode, Ps1Threshold, Ps2Threshold,
Ps3Threshold, PcoreHysteresisWindow, and EcoreHysteresisWindow
configuration options to the FSPM.txt file, enabling coreboot to utilize
these parameters.

The addition helps ensure better management of thermal design current
limits and acoustic noise mitigation within coreboot configurations. By
incorporating these parameters, developers can now optimize performance
settings based on specific thermal constraints.

Package/Module:
New Platform

[Impacted Platform]
All

Hsd-es-id: 22021605555
Original commit date: Tue Sep 23 15:48:36 2025 -0700
Change-Id: I8ef48de3997a0f415154fcd1d92587c6acad420a
Original commit hash: c7d2d24b702c225dcfc64be8ef19c79485a5aa8d

-------------------------------------------------------------------------------- 
[Changed Files]
PantherLakeFspPkg/Upd/UpdList/FSPM.txt

================================================================================ 
Commit: 94639072a3af619823e6ba06b9723f0211b2cc08 
Author: ClientSysFWGit <clientsysfwgit@intel.com> 
Date: Wed Oct 15 15:11:02 2025 +0530 
-------------------------------------------------------------------------------- 
Fix syntax issue in FspmUpd.dsc configuration comments

[Feature Description]
The commit addresses a syntax issue in the configuration comments within
the `FspmUpd.dsc` file of the PantherLakeFspPkg. The comments for the
P-core and E-core VR Hysteresis time windows were incorrectly formatted,
with the default value description included within the same line as the
TYPE, leading to header files being improperly generated.

Package/Module:
New Platform

[Impacted Platform]
All

Hsd-es-id: 22021605555
Original commit date: Wed Sep 24 14:48:27 2025 -0700
Change-Id: I8ef48de3997a0f415154fcd1d92587c6acad420b
Original commit hash: 5cc262d6e9e2c7f6fc2238962faf5b7144542a36

-------------------------------------------------------------------------------- 
[Changed Files]
PantherLakeFspPkg/Upd/FspmUpd.dsc

================================================================================ 
Commit: cd4c8105eb4bd31e7d107a1164930b5a0d51996e 
Author: ClientSysFWGit <clientsysfwgit@intel.com> 
Date: Wed Oct 15 15:10:57 2025 +0530 
-------------------------------------------------------------------------------- 
[SOC I/O] Code improvement for rename I2C HIDD method

[Feature Description]
Rename I2C HIDD method to avoid potential conflicts with ACPI Device HIDD (HID Event filter) caused by iASL optimization

Package/Module: AFP

[Impacted Platform]
ALL.

Hsd-es-id: 15018386776
Original commit date: Mon Sep 15 17:36:11 2025 +0530
Change-Id: Idd2aea40b81639414c108f1765e2b27ef6c21daf
Original commit hash: e2abc1e336ca078ad9f77e2d8ab989a12b87d9e7

-------------------------------------------------------------------------------- 
[Changed Files]
Features/I2cFeaturePkg/I2cTouchAcpiDxe/I2cTouchCommon/I2cDevices.asl
Features/I2cFeaturePkg/I2cTouchAcpiDxe/I2cTouchCommon/I2cTouchPad.asl
Features/I2cFeaturePkg/I2cTouchAcpiDxe/I2cTouchCommon/I2cTouchPanel.asl
Features/I2cFeaturePkg/I2cTouchAcpiDxe/I2cTouchCommon/I2cTouchPanel2.asl

================================================================================ 
Commit: d3b8137d5aafa30e31da3ec87ca69a236daf2301 
Author: ClientSysFWGit <clientsysfwgit@intel.com> 
Date: Wed Oct 15 15:10:40 2025 +0530 
-------------------------------------------------------------------------------- 
[SOC I/O] Keyboard and mouse is not shown in BT scan list

[Issue Description]
In case of a specific Keyboard and Mouse, Not able to distinguish BDAddr coming from Devices since Local Name is not coming along with it.

[Resolution]
In case of some platform scan list LocalName was coming in BluetoothGapTypeShortenedLocalName, but copymem was missing in this case. 
Used copymem to get LocalName

Package/Module: Intel\Features\BluetoothPkg\BluetoothConnectionManagerDxe

[Impacted Platform]
WCL/PTL

Hsd-es-id: 16028687950
Original commit date: Wed Sep 24 08:09:50 2025 +0530
Change-Id: I0c99287975deded17758e2082acb50fe7c543562
Original commit hash: 9be2aeaad99f83122b877185aa6457ec2a89222e

-------------------------------------------------------------------------------- 
[Changed Files]
Features/BluetoothPkg/BluetoothConnectionManagerDxe/BluetoothConnectionManagerDxe.c

================================================================================ 
Commit: 43ceefd1e2b7360ec38b7b1d21a56725bb508dcf 
Author: ClientSysFWGit <clientsysfwgit@intel.com> 
Date: Wed Oct 15 15:10:35 2025 +0530 
-------------------------------------------------------------------------------- 
[SOC I/O] After Warm or Cold restart BLE Keyboard is removed in UEFI mode

[Issue Description]
In case of a specific Keyboard, after G3 or Warm or Cold restart BLE-Keyboard is removed in UEFI mode. Its a device specific issue, After connecting the KB and going for a warm or cold reboot, the device is expected to be auto connected, but the device is been removed in UEFI.

[Resolution]
That specific KB IDAddr is getting invalid during bonding, so fallback to Direct_BD_ADDR Or BDAddr which is valid at that time.

Package/Module: Intel\Features\BluetoothPkg\BluetoothBusDxe

[Impacted Platform]
WCL/PTL

Hsd-es-id: 16028646296
Original commit date: Fri Sep 19 08:37:54 2025 +0530
Change-Id: I731240b05986f104b92e9d9ab773de40fadd83c9
Original commit hash: 62a10325d8100343ed0efc56a49f03fc28ab58bb

-------------------------------------------------------------------------------- 
[Changed Files]
Features/BluetoothPkg/BluetoothBusDxe/iLE/apps/src/uefi_app.c

================================================================================ 
Commit: 742b259e26911f06e9160d56d215a88b1f685323 
Author: ClientSysFWGit <clientsysfwgit@intel.com> 
Date: Wed Oct 15 15:10:27 2025 +0530 
-------------------------------------------------------------------------------- 
Optimize Code Quality for jenkins build

[Resolution]
Optimize code quality with this PR,
CID: 3499032, 3499075, 3499028 3499043, 3499045,
3499052,3499053,3499056, 3499057,3499077,3499079,
3497699, 3499031, 3499035, 307730, 3303777

Package/Module: OneSiliconPkg

[Impacted Platform]
PTL

Hsd-es-id: 15018387751
Original commit date: Wed Sep 17 17:13:23 2025 +0530
Change-Id: I8287632c53f9ac117de0c32e5e5d432676c0ac39
Original commit hash: 0cc90a2778847f0b4b779bc897a4ae69e4f1e15b

-------------------------------------------------------------------------------- 
[Changed Files]
Features/Security/VtioFeaturePkg/VtioDxe/VtioDxe.c
OneSiliconPkg/Fru/PtlCDie/Library/NguInfoLib/NguInfoLib.c
OneSiliconPkg/Fru/PtlPcd/LibraryPrivate/PtlPcdPeiInitLib/PtlPcdUsb.c
OneSiliconPkg/Library/FspErrorInfoLib/FspErrorInfo.c
PantherLakeBoardPkg/SmbiosPlatformInfo/SmbiosPlatformInfo.c
PantherLakePlatSamplePkg/Library/DxePlatformBootManagerLib/BdsPlatform.c

================================================================================ 
Commit: 2840b2534d832c085a8674baa193b57efcffbba8 
Author: ClientSysFWGit <clientsysfwgit@intel.com> 
Date: Wed Oct 15 15:10:21 2025 +0530 
-------------------------------------------------------------------------------- 
[SOC I/O] Removed extra command that is being sent.

[Issue Description]
Redundant code in WriteFifo is causing an extra I2C read request.

[Resolution]
Remove redundant I2C read command in WriteFifo to prevent extra read request.

Package/Module:
OneSiliconPkg/IpBlock

[Impacted Platform]
ALL

Hsd-es-id: 14025877895
Original commit date: Tue Sep 9 11:15:53 2025 +0530
Change-Id: Ic0bb468bfee3a38bcaad1c6b128362c0f390531d
Original commit hash: d8ec1cbebd60c6de8fb1c1f2b6d90577bd7f806e

-------------------------------------------------------------------------------- 
[Changed Files]
OneSiliconPkg/IpBlock/SerialIo/I2c/LibraryPrivate/PeiDxeSerialIoI2cMasterCommonLib/SerialIoI2cMasterCommonLib.c

================================================================================ 
Commit: 5eb43f651246717d0c7043964b9484c46628187c 
Author: ClientSysFWGit <clientsysfwgit@intel.com> 
Date: Wed Oct 15 15:10:15 2025 +0530 
-------------------------------------------------------------------------------- 
Power on Blackscreen with Unsigned FSP with no ACM

[Issue Description]
BIOS RC v3332_01 Power on Blackscreen when build
unsign fsp with no ACM

[Resolution]
Append BspConfigHead in script

Package/Module:
BoardPkg, OpenBoardPkg

[Impacted Platform]
PTL

Hsd-es-id: 15018367714
Original commit date: Wed Sep 17 09:57:32 2025 -0700
Change-Id: I83fe78a73356be32bef1fd8f8cae9c67e3eccd4a
Original commit hash: 6b0617667370579317e7a6e43eda58cfe5e9e00b

-------------------------------------------------------------------------------- 
[Changed Files]
PantherLakeBoardPkg/BoardSupport/Tools/BsssGen/BsssGen.py
PantherLakeBoardPkg/prep.bat
PantherLakeOpenBoardPkg/BoardSupport/Tools/BsssGen/BsssGen.py

================================================================================ 
Commit: 39bdbef2ed88aa1633e0c7b04aa77cd5828d57c1 
Author: ClientSysFWGit <clientsysfwgit@intel.com> 
Date: Wed Oct 15 15:09:59 2025 +0530 
-------------------------------------------------------------------------------- 
"[TeamCity] PTL PantherLake_pantherlake_program_platform_Daily Daily Updating Version/ID: PantherLake_3383_02

Hsd-es-id: N/A"
Original commit date: Tue Sep 23 22:47:52 2025 -0700
Original commit hash: b5bda082b42cbf279c81819547c08b8bb2926059

-------------------------------------------------------------------------------- 
[Changed Files]
Doxygen/BoardApi.chm
Doxygen/FspApi.chm
Doxygen/PantherLake_FSP_Integration_Guide.chm
Doxygen/PantherLake_FSP_Integration_Guide.pdf
Doxygen/PlatApi.chm
Doxygen/SiPkgApi.chm
LICENSE.txt
OneSiliconPkg/Product/PantherLake/SiPkgPcdInit.dsc
