================================================================================ 
Commit: 99bf0cb63960d9c9eb18de96ffe14aa7c37fd4e8 
Author: ClientSysFWGit <clientsysfwgit@intel.com> 
Date: Thu Aug 6 10:18:56 2020 +0530 
-------------------------------------------------------------------------------- 
Update FSP/RC version

Hsd-es-id: N/A
[internal-only]:

Original commit date: Wed Aug 5 09:35:02 2020 -0700
Change-Id: I600cdb3cf4a9e638d6bc07495d0df3bc719e5c44
Original commit hash: 4f9e043f7beb1790636efe28bc848d80c6213bc4

-------------------------------------------------------------------------------- 
[Changed Files]
CometLakeFspPkg/CometLakeFspPkg.dec
CometLakeSiliconPkg/SiPkg.dec.template

================================================================================ 
Commit: 0e3f3a5cf046bdbfdc820a02af6bc0e4ecf528b0 
Author: ClientSysFWGit <clientsysfwgit@intel.com> 
Date: Thu Aug 6 10:18:53 2020 +0530 
-------------------------------------------------------------------------------- 
[TeamCity] RKLERB Auto-Commit BIOS ID update CI Increment BIOS Major Version () and reset Minor Version to 0

Hsd-es-id: no sighting
Original commit date: Wed Aug 5 08:07:18 2020 -0700
Change-Id: I83770cba7aeb8db4e8ebc510634b847416dccdad
Original commit hash: 036165b1776477d5fb17ba08d2d5952a505248a8

-------------------------------------------------------------------------------- 
[Changed Files]
CometLakePlatSamplePkg/Tools/GenBiosId/BiosId.env

================================================================================ 
Commit: bae2b8cdedadac0483f26a4793afc9ec192b4083 
Author: ClientSysFWGit <clientsysfwgit@intel.com> 
Date: Thu Aug 6 10:18:49 2020 +0530 
-------------------------------------------------------------------------------- 
RKL-S Xcomp2[RKL-S+CMPH] : Bios Guard option is not Enumerating in Intel test menu Bios

Move BiosGuard setup option form CpuSetup to SetupData scope
Set BiosGuard  setup option as Restricted

Hsd-es-id: 16011286811
[internal-only]:

Original commit date: Thu Jun 18 16:48:43 2020 -0700
Change-Id: I79f2f2045d4f102618b8cfe59101cec1320b0573
Original commit hash: 1b61e2e8a0c247c6c3959fc23f4a590fd8b8bcce

-------------------------------------------------------------------------------- 
[Changed Files]
CometLakePlatSamplePkg/Board/Include/OtherBoardConfigPatchTable.h
CometLakePlatSamplePkg/Board/Others/DxeBoardInitLib/BoardInitLib.c
CometLakePlatSamplePkg/Board/Others/PeiBoardInitLib/BoardInitPreMemLib.c
CometLakePlatSamplePkg/Include/SetupVariable.h
CometLakePlatSamplePkg/Library/PeiPolicyUpdateLib/PeiCpuPolicyUpdatePreMem.c
CometLakePlatSamplePkg/Library/PeiPolicyUpdateLib/PeiPolicyUpdateLib.inf
CometLakePlatSamplePkg/Library/PeiPolicyUpdateLib/PeiPolicyUpdateLibFsp.inf
CometLakePlatSamplePkg/Setup/CpuSetup.c
CometLakePlatSamplePkg/Setup/CpuSetup.hfr
CometLakePlatSamplePkg/Setup/PchSetup.hfr
CometLakePlatSamplePkg/Setup/PlatformSetup.c

================================================================================ 
Commit: aa06a8bc7eba26d4f219c79f783bb01e53c39c5c 
Author: ClientSysFWGit <clientsysfwgit@intel.com> 
Date: Thu Aug 6 10:18:44 2020 +0530 
-------------------------------------------------------------------------------- 
[TeamCity] RKLERB Auto-Commit BIOS ID update CI Increment BIOS Major Version () and reset Minor Version to 0

Hsd-es-id: no sighting
Original commit date: Tue Aug 4 07:58:11 2020 -0700
Change-Id: Ia9745345901c0ab16ae77a38d5ae421bbd02fd2a
Original commit hash: ac2819f84e8e5747a2dc160ebda91b3039267590

-------------------------------------------------------------------------------- 
[Changed Files]
CometLakePlatSamplePkg/Tools/GenBiosId/BiosId.env

================================================================================ 
Commit: 97bc89f050b049fb11afbd62d7020b7da99258a2 
Author: ClientSysFWGit <clientsysfwgit@intel.com> 
Date: Thu Aug 6 10:18:40 2020 +0530 
-------------------------------------------------------------------------------- 
[CML] Need a new editable field in BIOS to change the Subsystem ID
in PCI header config space for HD Audio BUS controller

Hsd-es-id:https://hsdes.intel.com/appstore/article/#/16010839362

Original commit date: Mon Dec 2 22:21:36 2019 +0530
Change-Id: I80f0441c9c2b75ea781fcd5f8ccf9fffe1311e9d
Original commit hash: 706c05e2d0029f518d0d7ad7a0dab2127386899a

-------------------------------------------------------------------------------- 
[Changed Files]
CometLakePlatSamplePkg/Include/SetupVariablePch.h
CometLakePlatSamplePkg/Library/PeiPolicyUpdateLib/PeiSiPolicyUpdate.c
CometLakePlatSamplePkg/Setup/PchSetup.hfr
CometLakePlatSamplePkg/Setup/PchSetup.uni

================================================================================ 
Commit: d2f66021ef7cde6435e7aecfc5c1944d877f2cbb 
Author: ClientSysFWGit <clientsysfwgit@intel.com> 
Date: Thu Aug 6 10:18:35 2020 +0530 
-------------------------------------------------------------------------------- 
DxePlatformBootManagerLib: Assert enabling Intel RST premium

If PxeOption is not found in GetPxeOption then PxeOptionNumber is not valid and it asserts in RegisterBootOptionHotKey because it is not found

Hsd-es-id: 16011174788
Original commit date: Tue Jul 7 10:48:49 2020 -0700
Change-Id: I6191740e65e539c5b7fceab30d9637b22ff539c4
Original commit hash: 8973657b55e813c831c46c5671f1194077f94053

-------------------------------------------------------------------------------- 
[Changed Files]
CometLakePlatSamplePkg/Library/DxePlatformBootManagerLib/PlatformBootOption.c

================================================================================ 
Commit: 3799bcdb142320128b493a6df9f9b5d67e7d6cd9 
Author: ClientSysFWGit <clientsysfwgit@intel.com> 
Date: Thu Aug 6 10:18:31 2020 +0530 
-------------------------------------------------------------------------------- 
[Xcomp] OS Boot stuck with PC 10AD When Single Sabrent NVME connected on PEG10/PEG11 port

Hsd-es-id: 16011484491
Original commit date: Mon Aug 3 09:26:41 2020 +0530
Change-Id: I6eb7fc1e3785736d719555d200d1f104d3dbdcef
Original commit hash: a90edccf4b9f9ae471f2c41f4ba1509fef5a8ea0

-------------------------------------------------------------------------------- 
[Changed Files]
CometLakeSiliconPkg/SystemAgent/Library/Private/PeiCpuPcieRpInitLibGen4/PeiCpuPcieRpInitLib.c

================================================================================ 
Commit: 3a5e6570c60f66a1a5a434b30087933e48099e5e 
Author: ClientSysFWGit <clientsysfwgit@intel.com> 
Date: Thu Aug 6 10:18:28 2020 +0530 
-------------------------------------------------------------------------------- 
[TeamCity] RKLERB Auto-Commit BIOS ID update CI Increment BIOS Major Version () and reset Minor Version to 0

Hsd-es-id: no sighting
Original commit date: Mon Aug 3 07:46:02 2020 -0700
Change-Id: Ie196a21342bc7d1e6a8df6bb8ee193455c8d6031
Original commit hash: 152e7105b40b3bf21da97da5ac600f81e8da9e31

-------------------------------------------------------------------------------- 
[Changed Files]
CometLakePlatSamplePkg/Tools/GenBiosId/BiosId.env

================================================================================ 
Commit: ff342b73ccede0079d722318a5326c8a2c416d68 
Author: ClientSysFWGit <clientsysfwgit@intel.com> 
Date: Thu Aug 6 10:18:24 2020 +0530 
-------------------------------------------------------------------------------- 
[TeamCity] RKLERB Auto-Commit FSP CI

Hsd-es-id: no sighting
Original commit date: Mon Aug 3 01:11:37 2020 -0700
Change-Id: I4137295e4fde01ecfd119e80b4dd73c6057e4706
Original commit hash: bbaeeff1838080b13a2fa1a4be4047430501737d

-------------------------------------------------------------------------------- 
[Changed Files]
CometLakeFspBinPkg/Fsp.bsf

================================================================================ 
Commit: f36ad05bab7a799324e4faf1a23a8d9eacd307d3 
Author: ClientSysFWGit <clientsysfwgit@intel.com> 
Date: Thu Aug 6 10:18:20 2020 +0530 
-------------------------------------------------------------------------------- 
[RKL xcomp2] Update hob when running RKL cpu or CML cpu

    SaConfigHob->VtdData struct was not updating variables when RKL cpu was in use, meaning that any of those variable would be reset to their default value when PEI passed to DXE

    Hsd-es-id: 16011402802
    [internal-only]:

    Change-Id: I8f0d4daf8833510708cf29255bced54851deea4a

Original commit date: Wed Jul 22 15:45:21 2020 -0700
Change-Id: I507da5a3fc8de228afb4716392ca2ef39b4bcc35
Original commit hash: 94a7e5ef4e7a2b79b988af10615539548b235906

-------------------------------------------------------------------------------- 
[Changed Files]
CometLakeFspPkg/CometLakeFspPkg.dsc
CometLakeFspPkg/Library/PeiPolicyUpdateLib/PeiPchPolicyUpdate.c
CometLakeFspPkg/Library/PeiPolicyUpdatePreMemLib/PeiSaPolicyUpdatePreMem.c
CometLakeFspPkg/Upd/FspmUpd.dsc
CometLakeFspPkg/Upd/FspsUpd.dsc
CometLakePlatSamplePkg/Acpi/AcpiTables/SsdtRtd3/Rtd3Pcie.asl
CometLakePlatSamplePkg/Features/Amt/AmtWrapperDxe/AmtWrapperDxe.c
CometLakePlatSamplePkg/Features/Amt/AmtWrapperDxe/AsfSupport.c
CometLakePlatSamplePkg/FspWrapper/Library/PeiFspPolicyInitLib/PeiFspPchPolicyInitLib.c
CometLakePlatSamplePkg/FspWrapper/Library/PeiFspPolicyInitLib/PeiFspSaPolicyInitLib.c
CometLakePlatSamplePkg/Include/SetupVariable.h
CometLakePlatSamplePkg/Library/DxePlatformBootManagerLib/AmtSupport.c
CometLakePlatSamplePkg/Library/PeiPolicyUpdateLib/PeiCpuPolicyUpdate.c
CometLakePlatSamplePkg/Library/PeiPolicyUpdateLib/PeiSaPolicyUpdatePreMem.c
CometLakePlatSamplePkg/PlatformInit/PlatformInitPei/PlatformInit.c
CometLakePlatSamplePkg/Setup/CpuSetup.hfr
CometLakePlatSamplePkg/Setup/CpuSetup.uni
CometLakePlatSamplePkg/Setup/MeSetup.c
CometLakePlatSamplePkg/Setup/SaSetup.hfr
CometLakePlatSamplePkg/Setup/SaSetup.uni
CometLakePlatSamplePkg/Setup/UqiList.uni
CometLakeSiliconPkg/CmlvPch/Library/Private/PeiPchInitLib/PchInit.c
CometLakeSiliconPkg/Cpu/Library/Private/PeiCpuInitLib/CpuInitPreResetCpl.c
CometLakeSiliconPkg/Me/HeciInit/Dxe/EndOfPost.c
CometLakeSiliconPkg/Me/HeciInit/Dxe/HeciInit.inf
CometLakeSiliconPkg/Me/HeciInit/Dxe/HeciInitDxeFsp.inf
CometLakeSiliconPkg/Me/HeciInit/Dxe/HeciInitFsp.inf
CometLakeSiliconPkg/Me/HeciInit/Dxe/MeInit.h
CometLakeSiliconPkg/Me/HeciInit/Dxe/MeInitFsp.c
CometLakeSiliconPkg/Me/HeciInit/Dxe/MeReadyToBoot.c
CometLakeSiliconPkg/Me/Library/Private/PeiDxeHeciInitLib/HeciCore.c
CometLakeSiliconPkg/Pch/Include/ConfigBlock/EspiConfig.h
CometLakeSiliconPkg/Pch/Library/PeiPchPolicyLib/PchPrintPolicy.c
CometLakeSiliconPkg/Pch/Library/PeiPchPolicyLib/PeiPchPolicyLib.c
CometLakeSiliconPkg/Pch/Library/Private/PeiEspiInitLib/PeiEspiInitLib.c
CometLakeSiliconPkg/SystemAgent/Library/PeiSaPolicyLib/SaPrintPolicy.c
CometLakeSiliconPkg/SystemAgent/Library/Private/PeiSaInitLib/SaInit.c
CometLakeSiliconPkg/SystemAgent/MemoryInitCfl/Library/Private/PeiMemoryInitLib/MemoryInit.c
CometLakeSiliconPkg/SystemAgent/MemoryInitCfl/Library/Private/PeiMemoryInitLib/PeiMemoryInitLib.inf
CometLakeSiliconPkg/SystemAgent/MemoryInitCfl/Library/Private/PeiMemoryInitLib/PeiMemoryInitLibFsp.inf
CometLakeSiliconPkg/SystemAgent/MemoryInitCfl/Library/Private/PeiMemoryInitLib/Source/Api/MrcGeneral.c
CometLakeSiliconPkg/SystemAgent/MemoryInitCfl/Library/Private/PeiMemoryInitLib/Source/Api/MrcStartMemoryConfiguration.c
CometLakeSiliconPkg/SystemAgent/MemoryInitCml/LibraryPrivate/PeiMemoryInitLib/MemoryInit.c

================================================================================ 
Commit: 1c59e3a4691faded78bdc883293f01a30029cba9 
Author: ClientSysFWGit <clientsysfwgit@intel.com> 
Date: Thu Aug 6 10:18:11 2020 +0530 
-------------------------------------------------------------------------------- 
[TeamCity] RKLERB Auto-Commit BIOS ID update CI Increment BIOS Major Version () and reset Minor Version to 0

Hsd-es-id: no sighting
Original commit date: Sun Aug 2 07:37:07 2020 -0700
Change-Id: I41568bd203c6a451839132d2dcfd394e471366f5
Original commit hash: d937463228f4abb0d48da3d72fc9cd0677a62593

-------------------------------------------------------------------------------- 
[Changed Files]
CometLakePlatSamplePkg/Tools/GenBiosId/BiosId.env

================================================================================ 
Commit: 48083590c0ee8be26fb5f748c8b1e2249670bc23 
Author: ClientSysFWGit <clientsysfwgit@intel.com> 
Date: Thu Aug 6 10:18:07 2020 +0530 
-------------------------------------------------------------------------------- 
Missing GFX Defaults in BIOS
  -CdynmaxClampEnable should be 0 for RKL and 1 for CML

Hsd-es-id: 16011409232
[internal-only]:

Original commit date: Wed Jul 8 23:23:09 2020 +0530
Change-Id: I8cf6a5310d366d7f9d3814b5b6c10c415d63f40f
Original commit hash: 19daf1141f8027359fa280de72911f7d2b368094

-------------------------------------------------------------------------------- 
[Changed Files]
CometLakePlatSamplePkg/Board/Include/OtherBoardConfigPatchTable.h

================================================================================ 
Commit: c9b59fd3547dd4fd2d9002eacef240c0caa1cf70 
Author: ClientSysFWGit <clientsysfwgit@intel.com> 
Date: Thu Aug 6 10:18:03 2020 +0530 
-------------------------------------------------------------------------------- 
[Title]
[VT-d] SA RC should only clear PMR in post-mem and only when pre-boot DMA protection is not enabled

[Resolution]
Added check before programming VTdBar whether its already enabled
Moevd ClearDmaProtectionSetByBootGuard to postmem
SA RC checks if DmaControlGuarantee is enabled, before clearing PMR

[Impacted Platform]
RKL

Hsd-es-id: 22011077091
[internal-only]:

Original commit date: Wed Jul 29 09:59:41 2020 +0530
Change-Id: I2c134f8a21a87d3b033a2f23adbba79caf122b80
Original commit hash: f6690634d08f3e22d3e338f32833ba3dcd045d80

-------------------------------------------------------------------------------- 
[Changed Files]
CometLakeSiliconPkg/SystemAgent/Library/Private/PeiVtdInitLib/PeiVtdInitLib.c

================================================================================ 
Commit: a256d2a9e3240306c436c2cfd2dc06bf150055fc 
Author: ClientSysFWGit <clientsysfwgit@intel.com> 
Date: Thu Aug 6 10:17:59 2020 +0530 
-------------------------------------------------------------------------------- 
[TeamCity] RKLERB Auto-Commit BIOS ID update CI Increment BIOS Major Version () and reset Minor Version to 0

Hsd-es-id: no sighting
Original commit date: Sat Aug 1 07:06:50 2020 -0700
Change-Id: I05eec631bfa53b6ab38cee65773c184f2a3beecb
Original commit hash: 3e809d45707dc5a779c0f28e7eea3e9be625c131

-------------------------------------------------------------------------------- 
[Changed Files]
CometLakePlatSamplePkg/Tools/GenBiosId/BiosId.env

================================================================================ 
Commit: cc2f8b455734dd85e8ca55724b9799a807956b8e 
Author: ClientSysFWGit <clientsysfwgit@intel.com> 
Date: Thu Aug 6 10:17:55 2020 +0530 
-------------------------------------------------------------------------------- 
CometLakeSiliconPkg: [RKL XCOMP] Unresolved external symbols in PeiCpuTraceHubLib

Resolution:  Unresolved externals can be generated due to 32-bit code doing 64-bit operations
             Check and use 64-bit operations for this error.

Hsd-es-id: 1508189076
Original commit date: Thu Jul 23 16:26:12 2020 +0800
Change-Id: Ib5ac0b5d43da41ea4d9ec2fe8842c13ece6a1681
Original commit hash: 54ff0b4beabeb67bcac8dec8dcd9840858740018

-------------------------------------------------------------------------------- 
[Changed Files]
CometLakeSiliconPkg/SystemAgent/Library/Private/PeiCpuTraceHubLib/PeiCpuTraceHubLib.c

================================================================================ 
Commit: d134a5f3848e5560fcfcceb16b8616553c711685 
Author: ClientSysFWGit <clientsysfwgit@intel.com> 
Date: Thu Aug 6 10:17:48 2020 +0530 
-------------------------------------------------------------------------------- 
[RKL]:Update CPU Stepping support for B0.

Hsd-es-id: 16011529850
Original commit date: Wed Jul 29 22:52:27 2020 +0530
Change-Id: I20c89d1787a354aabc9477cd36f494343fd267a7
Original commit hash: 95e1e6da0554dd9abdc4d02e3617eee4e0579656

-------------------------------------------------------------------------------- 
[Changed Files]
CometLakePlatSamplePkg/Setup/CpuSetup.c
CometLakeSiliconPkg/Cpu/Include/CpuRegs.h
CometLakeSiliconPkg/SystemAgent/MemoryInitRkl/Include/MrcInterface.h
CometLakeSiliconPkg/SystemAgent/MemoryInitRkl/LibraryPrivate/PeiMemoryInitLib/Source/Api/MrcGeneral.c
CometLakeSiliconPkg/SystemAgent/MemoryInitRkl/MiniBios/Common/CpuRegs.h

================================================================================ 
Commit: 8c8cfb2524e60be4db5031c10254a6d491ab25ef 
Author: ClientSysFWGit <clientsysfwgit@intel.com> 
Date: Thu Aug 6 10:17:44 2020 +0530 
-------------------------------------------------------------------------------- 
[TeamCity] RKLERB Auto-Commit BIOS ID update CI Increment BIOS Major Version () and reset Minor Version to 0

Hsd-es-id: no sighting
Original commit date: Fri Jul 31 07:02:10 2020 -0700
Change-Id: I57ca7db6ebbd81acc334b703f6fa559aa8ce2b75
Original commit hash: 0697e03e92d6f425058e91edd7d809d555820c5f

-------------------------------------------------------------------------------- 
[Changed Files]
CometLakePlatSamplePkg/Tools/GenBiosId/BiosId.env

================================================================================ 
Commit: 03830038ffa0b9882bccd7e3f224fa26463cadb3 
Author: ClientSysFWGit <clientsysfwgit@intel.com> 
Date: Thu Aug 6 10:17:40 2020 +0530 
-------------------------------------------------------------------------------- 
Board/Others/PeiBoardInitLib: Modified MrcBoardType for PCIe Gen4 RVP.

Modified MrcBoardType for PcieGen4Rvp because RKL MRC is different than CML.

Impacted: All RKL-XComp platforms.

Hsd-es-id: NA
Original commit date: Thu Jul 30 10:07:00 2020 +0800
Change-Id: I82ad48b2fb32082429511fb9f9c7ff69376d0f1c
Original commit hash: f4e0e17527cbc7880a2df3d3a9a0cf1ec8d060ee

-------------------------------------------------------------------------------- 
[Changed Files]
CometLakePlatSamplePkg/Board/Others/PeiBoardInitLib/BoardSaInitPreMemLib.c

================================================================================ 
Commit: b187c909a3d71e57b9f232d2a2389ed2bb5d08a3 
Author: ClientSysFWGit <clientsysfwgit@intel.com> 
Date: Thu Aug 6 10:17:36 2020 +0530 
-------------------------------------------------------------------------------- 
[TeamCity] RKLERB Auto-Commit BIOS ID update CI Increment BIOS Major Version () and reset Minor Version to 0

Hsd-es-id: no sighting
Original commit date: Thu Jul 30 05:29:40 2020 -0700
Change-Id: I512faf1cc7d2569ec46ade5c1d3f34672a685797
Original commit hash: f11d8f2b3fb37f3857048d7b599202b4934ebd4f

-------------------------------------------------------------------------------- 
[Changed Files]
CometLakePlatSamplePkg/Tools/GenBiosId/BiosId.env

================================================================================ 
Commit: 91ec6bd8de66b1a875ca2bb75714709ff8f1f7f3 
Author: ClientSysFWGit <clientsysfwgit@intel.com> 
Date: Thu Aug 6 10:17:32 2020 +0530 
-------------------------------------------------------------------------------- 
[Xcomp2] ME KW scan failures

Resolution: Fix ME KW Bugs.
Impacted: All RKL Xcomp2 projects.

Hsd-es-id: 22011138554
Original commit date: Fri Jul 17 12:17:06 2020 +0800
Change-Id: I6636c53792cf86dd7c60bbb01351ec8d72e4e1d2
Original commit hash: e256097af34221686ba28a32b5f0a5bbe5e36f0a

-------------------------------------------------------------------------------- 
[Changed Files]
CometLakeSiliconPkg/Me/Jhi/Dxe/Jhid.c
CometLakeSiliconPkg/Me/Jhi/Dxe/Jhis.c

================================================================================ 
Commit: ff35150d249e75e5446ee1007562c8ad194dee6d 
Author: ClientSysFWGit <clientsysfwgit@intel.com> 
Date: Thu Aug 6 10:17:28 2020 +0530 
-------------------------------------------------------------------------------- 
[RKLXCOMP]xdci: remove DVID check fail logs when Xdci is disable

Cleanup xdci acpi logs.

Hsd-es-id: N/A
[internal-only]:

Original commit date: Fri Jul 3 15:19:24 2020 +0800
Change-Id: Iec9aba2e33475561fc942ca841d2e13a18cd5360
Original commit hash: 3364a0a4616ac2e686cf9079c0d04942cd701d91

-------------------------------------------------------------------------------- 
[Changed Files]
CometLakeSiliconPkg/Pch/AcpiTables/Dsdt/Pch.asl
CometLakeSiliconPkg/Pch/AcpiTables/Dsdt/PchXdci.asl

================================================================================ 
Commit: 2fcb4654533d9618334d77d20107f0e28ebcf8b3 
Author: ClientSysFWGit <clientsysfwgit@intel.com> 
Date: Thu Aug 6 10:17:24 2020 +0530 
-------------------------------------------------------------------------------- 
[RKLS_CMPH][MRC] DCC Initialization 2DPC fix

Changes:
- Error while access GsmIocDccClkTrainVal for Rank 2 and Rank 3.
Fixed by add support in MrcGetDdrIoCfgHash.

Hsd-es-id: NA
Original commit date: Wed Jul 29 04:30:39 2020 +0300
Change-Id: If72b0046405c6662e557a90ba587d7a11e9c4dc3
Original commit hash: a9394a4bb7111821016f3d6dbe2b464337e213b1

-------------------------------------------------------------------------------- 
[Changed Files]
CometLakeSiliconPkg/SystemAgent/MemoryInitRkl/LibraryPrivate/PeiMemoryInitLib/Source/Hal/MrcHalRegisterAccess.c

================================================================================ 
Commit: 8482a4e5709721aec1701137b730a4dbda721be6 
Author: ClientSysFWGit <clientsysfwgit@intel.com> 
Date: Thu Aug 6 10:17:20 2020 +0530 
-------------------------------------------------------------------------------- 
[TeamCity] RKLERB Auto-Commit BIOS ID update CI Increment BIOS Major Version () and reset Minor Version to 0

Hsd-es-id: no sighting
Original commit date: Wed Jul 29 07:23:00 2020 -0700
Change-Id: Ia13b7ad7571fb0d28cded93424c938c043bbd225
Original commit hash: 2e4117888412e6d87012f111ce4fc865fc4b35fc

-------------------------------------------------------------------------------- 
[Changed Files]
CometLakePlatSamplePkg/Tools/GenBiosId/BiosId.env
