================================================================================ 
Commit: b6ecdd643afb832f2f6a448f794107a7ce5ed475 
Author: ClientSysFWGit <clientsysfwgit@intel.com> 
Date: Tue Jun 29 12:55:24 2021 +0530 
-------------------------------------------------------------------------------- 
Update RKLS_B0 Production patchID to 0x44


Original commit date: Mon Jun 28 15:40:03 2021 -0700
Change-Id: Ibc93f527cae679da1f79eea769d26f7944f22e5a
Original commit hash: e0bcc63d8b06b7ca7e5967c88425cece7445b8c4

-------------------------------------------------------------------------------- 
[Changed Files]
CometLakePlatSamplePkg/PlatformPkg.fdf

================================================================================ 
Commit: ce35d7ba147173ed81eb453a05542795990f76f4 
Author: ClientSysFWGit <clientsysfwgit@intel.com> 
Date: Tue Jun 29 12:55:20 2021 +0530 
-------------------------------------------------------------------------------- 
[RKL-S]+[CMPH] PCIe Gen3 and Gen4 Cm/Cp control via policy 

Original commit date: Thu Nov 26 21:12:00 2020 +0530
Change-Id: I6fd0d9850dc2223ed8664110b7bd548ac8e8901e
Original commit hash: f42954464352277021197b41526bcba63de0ae84

-------------------------------------------------------------------------------- 
[Changed Files]
CometLakeFspPkg/Library/PeiPolicyUpdateLib/PeiSaPolicyUpdate.c
CometLakeSiliconPkg/SystemAgent/Include/ConfigBlock/CpuPcieGen4Config.h
CometLakeSiliconPkg/SystemAgent/Include/ConfigBlock/PcieConfig.h
CometLakeSiliconPkg/SystemAgent/Library/PeiSaPolicyLib/PeiSaPolicyLib.c
CometLakeSiliconPkg/SystemAgent/Library/Private/PeiCpuPcieRpInitLibGen4/PeiCpuPcieRpInitLib.c

================================================================================ 
Commit: 3f2dff894300be6dc1e2b94afde4c45edf08e53f 
Author: ClientSysFWGit <clientsysfwgit@intel.com> 
Date: Tue Jun 29 12:55:17 2021 +0530 
-------------------------------------------------------------------------------- 
[TeamCity] RKLERB Auto-Commit WeeklyUpdate_FSP/RC CI


Original commit date: Mon Jun 28 06:05:46 2021 -0700
Change-Id: I1e0243118902c866b57de922a3a2ce853e86369c
Original commit hash: aa951fee024be2c751c0e34deae36e3f9ff084f0

-------------------------------------------------------------------------------- 
[Changed Files]
CometLakeFspPkg/CometLakeFspPkg.dec
CometLakeSiliconPkg/SiPkg.dec.template

================================================================================ 
Commit: 43e070dadc425bdefaf59107f63beafd1b81bf78 
Author: ClientSysFWGit <clientsysfwgit@intel.com> 
Date: Tue Jun 29 12:55:14 2021 +0530 
-------------------------------------------------------------------------------- 
[TeamCity] RKLERB Auto-Commit BIOS ID update CI Increment BIOS Major Version () and reset Minor Version to 0

Original commit date: Mon Jun 28 05:13:40 2021 -0700
Change-Id: I759c7971c983ea6527e052aae2ac5bd18568db06
Original commit hash: 634a6332ab08ecc473e5cfd9353d60f8e6360cf1

-------------------------------------------------------------------------------- 
[Changed Files]
CometLakePlatSamplePkg/Tools/GenBiosId/BiosId.env

================================================================================ 
Commit: 3dff05cc56acb3d3cd16905e2a9101f92869c071 
Author: ClientSysFWGit <clientsysfwgit@intel.com> 
Date: Tue Jun 29 12:55:10 2021 +0530 
-------------------------------------------------------------------------------- 
[TeamCity] RKLERB Auto-Commit DailyUpdate_FSP/RC CI

Original commit date: Mon Jun 28 01:27:55 2021 -0700
Change-Id: Ia01c426eacc5c19658e1efb1813c4e378252e3ad
Original commit hash: 571849a3aeca543fd6dff324fc24ba7994b0fdf9

-------------------------------------------------------------------------------- 
[Changed Files]
CometLakeFspPkg/CometLakeFspPkg.dec
CometLakeSiliconPkg/SiPkg.dec.template

================================================================================ 
Commit: 5661e52674da45362fed8b397c800fb27c4442d6 
Author: ClientSysFWGit <clientsysfwgit@intel.com> 
Date: Tue Jun 29 12:55:07 2021 +0530 
-------------------------------------------------------------------------------- 
[TeamCity] RKLERB Auto-Commit BIOS ID update CI Increment BIOS Major Version () and reset Minor Version to 0

Original commit date: Sun Jun 27 05:13:15 2021 -0700
Change-Id: Id73429a3ff3f52d4483d51f81e10ed04c09e5fed
Original commit hash: 0803fcafd1c52759eb886671d1792f3ef0760af2

-------------------------------------------------------------------------------- 
[Changed Files]
CometLakePlatSamplePkg/Tools/GenBiosId/BiosId.env

================================================================================ 
Commit: 064147f221316c52c6dce2423db1e97b2e17c675 
Author: ClientSysFWGit <clientsysfwgit@intel.com> 
Date: Tue Jun 29 12:55:04 2021 +0530 
-------------------------------------------------------------------------------- 
[TeamCity] RKLERB Auto-Commit DailyUpdate_FSP/RC CI

Original commit date: Sun Jun 27 04:16:29 2021 -0700
Change-Id: I5d4a9f723b3b8c69caeb0ef27006c5475bc12646
Original commit hash: ff2c31ae6ac47147d94b59f8c21d6cf466d200d9

-------------------------------------------------------------------------------- 
[Changed Files]
CometLakeFspPkg/CometLakeFspPkg.dec
CometLakeSiliconPkg/SiPkg.dec.template

================================================================================ 
Commit: 71f95c2e6896156a3c318cf0b949a3c4a5e2ecc5 
Author: ClientSysFWGit <clientsysfwgit@intel.com> 
Date: Tue Jun 29 12:55:00 2021 +0530 
-------------------------------------------------------------------------------- 
[TeamCity] RKLERB Auto-Commit BIOS ID update CI Increment BIOS Major Version () and reset Minor Version to 0

Original commit date: Sat Jun 26 05:15:29 2021 -0700
Change-Id: Idfea06ed90b20f2364f23e80129d49d22b2f4b9b
Original commit hash: fd35727904e2601dfeec4b62d25261dc8c4a1659

-------------------------------------------------------------------------------- 
[Changed Files]
CometLakePlatSamplePkg/Tools/GenBiosId/BiosId.env

================================================================================ 
Commit: 922fbb59a5cf3e608f3c21e65bfc53c736935e9e 
Author: ClientSysFWGit <clientsysfwgit@intel.com> 
Date: Tue Jun 29 12:54:57 2021 +0530 
-------------------------------------------------------------------------------- 
[TeamCity] RKLERB Auto-Commit DailyUpdate_FSP/RC CI

Original commit date: Sat Jun 26 01:25:13 2021 -0700
Change-Id: I3be25f3ceaa7da7cb8eda6470283f5a5f5ebc34f
Original commit hash: 504e6bacba1afd899aea3e99e9e5bbc66c22d710

-------------------------------------------------------------------------------- 
[Changed Files]
CometLakeFspPkg/CometLakeFspPkg.dec
CometLakeSiliconPkg/SiPkg.dec.template

================================================================================ 
Commit: 869d811441a936326e6e9df14df3f649062c18a8 
Author: ClientSysFWGit <clientsysfwgit@intel.com> 
Date: Tue Jun 29 12:54:54 2021 +0530 
-------------------------------------------------------------------------------- 
[TeamCity] RKLERB Auto-Commit BIOS ID update CI Increment BIOS Major Version () and reset Minor Version to 0

Original commit date: Fri Jun 25 05:19:49 2021 -0700
Change-Id: Ief26f57da084f1743a44996d0a5e6a3daacf53a7
Original commit hash: f4c55960f141b9b479d065e94abc36703278b223

-------------------------------------------------------------------------------- 
[Changed Files]
CometLakePlatSamplePkg/Tools/GenBiosId/BiosId.env

================================================================================ 
Commit: 62dbe34a3c07d33e6736e9b1a17aedc761e1ca28 
Author: ClientSysFWGit <clientsysfwgit@intel.com> 
Date: Tue Jun 29 12:54:51 2021 +0530 
-------------------------------------------------------------------------------- 
[TeamCity] RKLERB Auto-Commit DailyUpdate_FSP/RC CI

Original commit date: Fri Jun 25 01:34:58 2021 -0700
Change-Id: I9a009b449b22cf63231018dccf0bf7a3b751dad7
Original commit hash: 88041aa10e1ded19f5f654b290ba122e26d0a322

-------------------------------------------------------------------------------- 
[Changed Files]
CometLakeFspPkg/CometLakeFspPkg.dec
CometLakeSiliconPkg/SiPkg.dec.template

================================================================================ 
Commit: 09adbfe7e67e75e6441fa64185d5af9bdff920ce 
Author: ClientSysFWGit <clientsysfwgit@intel.com> 
Date: Tue Jun 29 12:54:47 2021 +0530 
-------------------------------------------------------------------------------- 
[TeamCity] RKLERB Auto-Commit BIOS ID update CI Increment BIOS Major Version () and reset Minor Version to 0

Original commit date: Thu Jun 24 05:16:07 2021 -0700
Change-Id: I9f9258f975d80908e2b04ad4c2f406faae5aa45a
Original commit hash: 3e593d63c54a98f0dfba9a1dc5c4ba50541ac48e

-------------------------------------------------------------------------------- 
[Changed Files]
CometLakePlatSamplePkg/Tools/GenBiosId/BiosId.env

================================================================================ 
Commit: 4ea496ea75fb35a1f44d5b91fd9d1ab391c867b3 
Author: ClientSysFWGit <clientsysfwgit@intel.com> 
Date: Tue Jun 29 12:54:44 2021 +0530 
-------------------------------------------------------------------------------- 
[TeamCity] RKLERB Auto-Commit DailyUpdate_FSP/RC CI

Original commit date: Thu Jun 24 01:36:37 2021 -0700
Change-Id: I888ea17255e183732e7b94167414e1447ca96186
Original commit hash: 571117c345399eb5dadd5fc5380822d4ba20afed

-------------------------------------------------------------------------------- 
[Changed Files]
CometLakeFspPkg/CometLakeFspPkg.dec
CometLakeSiliconPkg/SiPkg.dec.template

================================================================================ 
Commit: 65d9c97621217994bdd9756aa39ff7081da37c04 
Author: ClientSysFWGit <clientsysfwgit@intel.com> 
Date: Tue Jun 29 12:54:41 2021 +0530 
-------------------------------------------------------------------------------- 
[TeamCity] RKLERB Auto-Commit BIOS ID update CI Increment BIOS Major Version () and reset Minor Version to 0

Original commit date: Wed Jun 23 05:15:33 2021 -0700
Change-Id: Ia3d1746d48297c7028d32b634aa9f9d352be77ba
Original commit hash: 7883f0ec811b550dfd1ad1cdd3046f54bf892d6a

-------------------------------------------------------------------------------- 
[Changed Files]
CometLakePlatSamplePkg/Tools/GenBiosId/BiosId.env

================================================================================ 
Commit: 80b1228660623473072f702635b6b27f070ae234 
Author: ClientSysFWGit <clientsysfwgit@intel.com> 
Date: Tue Jun 29 12:54:38 2021 +0530 
-------------------------------------------------------------------------------- 
[TeamCity] RKLERB Auto-Commit DailyUpdate_FSP/RC CI

Original commit date: Wed Jun 23 02:23:51 2021 -0700
Change-Id: I6c352ac0515a3566bc53f707c5950996abc34057
Original commit hash: e3faeeee8ce5af64a5215e5fecc20fe575be09bb

-------------------------------------------------------------------------------- 
[Changed Files]
CometLakeFspPkg/CometLakeFspPkg.dec
CometLakeSiliconPkg/SiPkg.dec.template

================================================================================ 
Commit: 645bd33c560ff003cd0db7f5a8aa73a8c927e95b 
Author: ClientSysFWGit <clientsysfwgit@intel.com> 
Date: Tue Jun 29 12:54:35 2021 +0530 
-------------------------------------------------------------------------------- 
[TeamCity] RKLERB Auto-Commit BIOS ID update CI Increment BIOS Major Version () and reset Minor Version to 0

Original commit date: Tue Jun 22 06:03:42 2021 -0700
Change-Id: I12a0c6869a9afd0096f4e7d56963df61ece64297
Original commit hash: d01d67b47e0235d0dafd62afac2bbc8e22a95b0b

-------------------------------------------------------------------------------- 
[Changed Files]
CometLakePlatSamplePkg/Tools/GenBiosId/BiosId.env

================================================================================ 
Commit: 7a5d37c3ddf6d9862039f6341aa4c377f046c7b4 
Author: ClientSysFWGit <clientsysfwgit@intel.com> 
Date: Tue Jun 29 12:54:31 2021 +0530 
-------------------------------------------------------------------------------- 
[TeamCity] RKLERB Auto-Commit DailyUpdate_FSP/RC CI

Original commit date: Tue Jun 22 02:07:35 2021 -0700
Change-Id: Ibf481e29d90a6581b1a9e8f4807f77a7b0f8d490
Original commit hash: df864ee3ff3f824453d579f85c892c880d9a0ba1

-------------------------------------------------------------------------------- 
[Changed Files]
CometLakeFspPkg/CometLakeFspPkg.dec
CometLakeSiliconPkg/SiPkg.dec.template

================================================================================ 
Commit: f68476afc52a0b5edad5c13185a4412ce8cd13bc 
Author: ClientSysFWGit <clientsysfwgit@intel.com> 
Date: Tue Jun 29 12:54:28 2021 +0530 
-------------------------------------------------------------------------------- 
[TeamCity] RKLERB Auto-Commit WeeklyUpdate_FSP/RC CI

Original commit date: Mon Jun 21 06:08:01 2021 -0700
Change-Id: Ic6abbfc1c21fa6a9d508bd4583745fc803dc66eb
Original commit hash: 3e6b3ceb6db3cbf810e1c2027c6decf82f5725f7

-------------------------------------------------------------------------------- 
[Changed Files]
CometLakeFspPkg/CometLakeFspPkg.dec
CometLakeSiliconPkg/SiPkg.dec.template

================================================================================ 
Commit: 3313e87d22322e13a3e0a8d78538b451166e875b 
Author: ClientSysFWGit <clientsysfwgit@intel.com> 
Date: Tue Jun 29 12:54:25 2021 +0530 
-------------------------------------------------------------------------------- 
[TeamCity] RKLERB Auto-Commit BIOS ID update CI Increment BIOS Major Version () and reset Minor Version to 0

Original commit date: Mon Jun 21 05:33:37 2021 -0700
Change-Id: I41bfc3316e832992de582f33858b9552f8308b4d
Original commit hash: cba0d4723ee73721528fc374ecd844ad5bad9c9b

-------------------------------------------------------------------------------- 
[Changed Files]
CometLakePlatSamplePkg/Tools/GenBiosId/BiosId.env

================================================================================ 
Commit: e4be98f92a3cc425f9a01fb827279cd13d332d24 
Author: ClientSysFWGit <clientsysfwgit@intel.com> 
Date: Tue Jun 29 12:54:22 2021 +0530 
-------------------------------------------------------------------------------- 
[TeamCity] RKLERB Auto-Commit DailyUpdate_FSP/RC CI

Original commit date: Mon Jun 21 01:45:51 2021 -0700
Change-Id: I2b6682e695a6f085fcffb18df1810fffe8570e7b
Original commit hash: 18e8b3af83f9d9b65bc551ad78fa4fc1548af095

-------------------------------------------------------------------------------- 
[Changed Files]
CometLakeFspPkg/CometLakeFspPkg.dec
CometLakeSiliconPkg/SiPkg.dec.template

================================================================================ 
Commit: 53cea353abca46c27f91ac416d038d95c6497199 
Author: ClientSysFWGit <clientsysfwgit@intel.com> 
Date: Tue Jun 29 12:54:18 2021 +0530 
-------------------------------------------------------------------------------- 
[TeamCity] RKLERB Auto-Commit BIOS ID update CI Increment BIOS Major Version () and reset Minor Version to 0

Original commit date: Sun Jun 20 05:12:45 2021 -0700
Change-Id: I8abcee47f5657882dfa99c66904aff58bf467622
Original commit hash: 35054ae8a3947f48533699dfff5a27738d779ea6

-------------------------------------------------------------------------------- 
[Changed Files]
CometLakePlatSamplePkg/Tools/GenBiosId/BiosId.env

================================================================================ 
Commit: eeb30122bb3759b07df3ea66dc5e12c089c99998 
Author: ClientSysFWGit <clientsysfwgit@intel.com> 
Date: Tue Jun 29 12:54:15 2021 +0530 
-------------------------------------------------------------------------------- 
[TeamCity] RKLERB Auto-Commit DailyUpdate_FSP/RC CI

Original commit date: Sun Jun 20 01:24:21 2021 -0700
Change-Id: I62aacb191d3537b3b514495fd3c79fa274d7785e
Original commit hash: 34599103bedad0d3868addda2f9c811c011cd52c

-------------------------------------------------------------------------------- 
[Changed Files]
CometLakeFspPkg/CometLakeFspPkg.dec
CometLakeSiliconPkg/SiPkg.dec.template

================================================================================ 
Commit: 521201d513462b22797cc676e05aa22e023bdf9c 
Author: ClientSysFWGit <clientsysfwgit@intel.com> 
Date: Tue Jun 29 12:54:12 2021 +0530 
-------------------------------------------------------------------------------- 
[TeamCity] RKLERB Auto-Commit BIOS ID update CI Increment BIOS Major Version () and reset Minor Version to 0

Original commit date: Sat Jun 19 05:14:49 2021 -0700
Change-Id: Id8cc3c805ec6af404939af3cee68de424b60b629
Original commit hash: 205762e9c31ae30844dd87557891a89d3e1390a4

-------------------------------------------------------------------------------- 
[Changed Files]
CometLakePlatSamplePkg/Tools/GenBiosId/BiosId.env

================================================================================ 
Commit: 34a23faec19af214a809dd9b8f3af1f5c2ad26e9 
Author: ClientSysFWGit <clientsysfwgit@intel.com> 
Date: Tue Jun 29 12:54:07 2021 +0530 
-------------------------------------------------------------------------------- 
[TeamCity] RKLERB Auto-Commit DailyUpdate_FSP/RC CI

Original commit date: Sat Jun 19 01:24:56 2021 -0700
Change-Id: I0e5e52328cf8c83707fd2c8fc0b2b2cf2c6c2ce7
Original commit hash: 9c43e309288db40b04d2f34499450565cf95fd89

-------------------------------------------------------------------------------- 
[Changed Files]
CometLakeFspPkg/CometLakeFspPkg.dec
CometLakeSiliconPkg/SiPkg.dec.template
