================================================================================ 
Commit: d359c2eda15a51f734f3dae6c2ae5d4cc2b7b026 
Author: ClientSysFWGit <clientsysfwgit@intel.com> 
Date: Sat Jun 19 12:44:17 2021 +0530 
-------------------------------------------------------------------------------- 
PlatSamplePkg/MeSetup: FIPS Mode Select


Original commit date: Thu Jun 17 18:31:51 2021 +0800
Change-Id: Ie464670d370fd2008f6faa1dc98d032a801399b6
Original commit hash: a1281955169b632f64da1ae083e6a0d9d632e52e

-------------------------------------------------------------------------------- 
[Changed Files]
CometLakePlatSamplePkg/Setup/MeSetup.c

================================================================================ 
Commit: 2f7db362c2939e157200211582760bc1b657f677 
Author: ClientSysFWGit <clientsysfwgit@intel.com> 
Date: Sat Jun 19 12:44:10 2021 +0530 
-------------------------------------------------------------------------------- 
[TeamCity] RKLERB Auto-Commit BIOS ID update CI Increment BIOS Major Version () and reset Minor Version to 0

Original commit date: Fri Jun 18 05:37:00 2021 -0700
Change-Id: I5a5d914eb8f81f980745538f8a1ace10ef378611
Original commit hash: ae821b8c08e3601c06cf1175b46f3aa67e5f069c

-------------------------------------------------------------------------------- 
[Changed Files]
CometLakePlatSamplePkg/Tools/GenBiosId/BiosId.env

================================================================================ 
Commit: 71e1056cee16c851b5ed6f4dcd1cbf3fc2068c1b 
Author: ClientSysFWGit <clientsysfwgit@intel.com> 
Date: Sat Jun 19 12:44:05 2021 +0530 
-------------------------------------------------------------------------------- 
[TeamCity] RKLERB Auto-Commit DailyUpdate_FSP/RC CI

Original commit date: Fri Jun 18 02:11:55 2021 -0700
Change-Id: Ic347a3abf9ee653d85f39f8f4fe67cc7101a1fc8
Original commit hash: 43f8f36051669f8d9f1cade7747fe3b6428d4a6b

-------------------------------------------------------------------------------- 
[Changed Files]
CometLakeFspPkg/CometLakeFspPkg.dec
CometLakeSiliconPkg/SiPkg.dec.template

================================================================================ 
Commit: 85b3e0e397de43d6735c2620973a19f9d87d1610 
Author: ClientSysFWGit <clientsysfwgit@intel.com> 
Date: Sat Jun 19 12:43:59 2021 +0530 
-------------------------------------------------------------------------------- 
[MRC] Sync MRC version 108

Original commit date: Sun Mar 21 14:10:36 2021 +0200
Change-Id: I180c54846199bc046f8f127c41be2ccd059826e4
Original commit hash: 9f25bab3039c6a3ec512d3d5d5b0e319a8979a80

-------------------------------------------------------------------------------- 
[Changed Files]
CometLakeSiliconPkg/SystemAgent/MemoryInitRkl/Include/MrcInterface.h
CometLakeSiliconPkg/SystemAgent/MemoryInitRkl/LibraryPrivate/PeiMemoryInitLib/Source/Api/MrcGeneral.c
CometLakeSiliconPkg/SystemAgent/MemoryInitRkl/LibraryPrivate/PeiMemoryInitLib/Source/Api/MrcSaveRestore.c
CometLakeSiliconPkg/SystemAgent/MemoryInitRkl/LibraryPrivate/PeiMemoryInitLib/Source/Api/MrcStartMemoryConfiguration.c
CometLakeSiliconPkg/SystemAgent/MemoryInitRkl/LibraryPrivate/PeiMemoryInitLib/Source/Include/MrcVersion.h
CometLakeSiliconPkg/SystemAgent/MemoryInitRkl/LibraryPrivate/PeiMemoryInitLib/Source/McConfiguration/MrcAddressDecodeConfiguration.c
CometLakeSiliconPkg/SystemAgent/MemoryInitRkl/LibraryPrivate/PeiMemoryInitLib/Source/Services/MrcCrosser.c

================================================================================ 
Commit: 6134a9a5a10a9d2d0203f5ff8ceaaa532e4b5c63 
Author: ClientSysFWGit <clientsysfwgit@intel.com> 
Date: Sat Jun 19 12:43:52 2021 +0530 
-------------------------------------------------------------------------------- 
[TeamCity] RKLERB Auto-Commit BIOS ID update CI Increment BIOS Major Version () and reset Minor Version to 0

Original commit date: Thu Jun 17 05:30:41 2021 -0700
Change-Id: I990acf7360c9e5bf5f4b3508f410ecce67d1eed3
Original commit hash: ca7bff72aaf0e2a7f8e1c44277362c6811d2b4a0

-------------------------------------------------------------------------------- 
[Changed Files]
CometLakePlatSamplePkg/Tools/GenBiosId/BiosId.env

================================================================================ 
Commit: f9d210565bedb9ccf2608a1c7a62252393319de6 
Author: ClientSysFWGit <clientsysfwgit@intel.com> 
Date: Sat Jun 19 12:43:46 2021 +0530 
-------------------------------------------------------------------------------- 
[TeamCity] RKLERB Auto-Commit DailyUpdate_FSP/RC CI

Original commit date: Thu Jun 17 02:33:37 2021 -0700
Change-Id: I47852475725973e6f5b1cc1d6d0bf6b5dee1d2b8
Original commit hash: e6457d9439738cb8aee2272e7afeedbccbba7c85

-------------------------------------------------------------------------------- 
[Changed Files]
CometLakeFspPkg/CometLakeFspPkg.dec
CometLakeSiliconPkg/SiPkg.dec.template

================================================================================ 
Commit: 4c92da0bec79fe54fcba81a62ba285f8484fecbb 
Author: ClientSysFWGit <clientsysfwgit@intel.com> 
Date: Sat Jun 19 12:43:40 2021 +0530 
-------------------------------------------------------------------------------- 
[TeamCity] RKLERB Auto-Commit BIOS ID update CI Increment BIOS Major Version () and reset Minor Version to 0

Original commit date: Wed Jun 16 05:24:10 2021 -0700
Change-Id: I30ac3b4e3521f6dbb3dde26bc1b49a43b3270bfd
Original commit hash: fd841f240acd9b8302b5f631ba7656348e216fab

-------------------------------------------------------------------------------- 
[Changed Files]
CometLakePlatSamplePkg/Tools/GenBiosId/BiosId.env

================================================================================ 
Commit: d4eee0a82452931941ec1c879422097fde9bd69c 
Author: ClientSysFWGit <clientsysfwgit@intel.com> 
Date: Sat Jun 19 12:43:35 2021 +0530 
-------------------------------------------------------------------------------- 
[TeamCity] RKLERB Auto-Commit DailyUpdate_FSP/RC CI

Original commit date: Wed Jun 16 01:49:51 2021 -0700
Change-Id: I2b160cbec0df37e9fc438c4ee2e9d7c421005eb5
Original commit hash: 6d098b957c4783289d7a103e8b24a503a4e83008

-------------------------------------------------------------------------------- 
[Changed Files]
CometLakeFspPkg/CometLakeFspPkg.dec
CometLakeSiliconPkg/SiPkg.dec.template

================================================================================ 
Commit: c995d378576256f485706e592ff87616a262512d 
Author: ClientSysFWGit <clientsysfwgit@intel.com> 
Date: Sat Jun 19 12:43:29 2021 +0530 
-------------------------------------------------------------------------------- 
[TeamCity] RKLERB Auto-Commit BIOS ID update CI Increment BIOS Major Version () and reset Minor Version to 0

Original commit date: Tue Jun 15 05:20:39 2021 -0700
Change-Id: Ifbef18a6dc45bddb903bcefa68433aa237ad3ba3
Original commit hash: 5e9ecec2ec40aeb04c316d06c4877a6093204c0b

-------------------------------------------------------------------------------- 
[Changed Files]
CometLakePlatSamplePkg/Tools/GenBiosId/BiosId.env

================================================================================ 
Commit: 280b7b1769c50b4aeec24e420ee22a2fffe537bf 
Author: ClientSysFWGit <clientsysfwgit@intel.com> 
Date: Sat Jun 19 12:43:24 2021 +0530 
-------------------------------------------------------------------------------- 
[TeamCity] RKLERB Auto-Commit DailyUpdate_FSP/RC CI

Original commit date: Tue Jun 15 01:26:01 2021 -0700
Change-Id: Ibea42c0ad97ab6770ad53beabd9527d4987e89af
Original commit hash: d9b0ef069fcb3ac7fd24909402a457b2eb426eb4

-------------------------------------------------------------------------------- 
[Changed Files]
CometLakeFspPkg/CometLakeFspPkg.dec
CometLakeSiliconPkg/SiPkg.dec.template

================================================================================ 
Commit: 762df2d2437cd529842181c368eeacaffda847ef 
Author: ClientSysFWGit <clientsysfwgit@intel.com> 
Date: Sat Jun 19 12:43:18 2021 +0530 
-------------------------------------------------------------------------------- 
[TeamCity] RKLERB Auto-Commit WeeklyUpdate_FSP/RC CI

Original commit date: Mon Jun 14 06:03:48 2021 -0700
Change-Id: I54fd36b12e59966dc59aacb3fb1b3793b721f544
Original commit hash: ee46886dc9e30aaefacbe4a766a3abf61be98e37

-------------------------------------------------------------------------------- 
[Changed Files]
CometLakeFspPkg/CometLakeFspPkg.dec
CometLakeSiliconPkg/SiPkg.dec.template

================================================================================ 
Commit: 4dbba2099ecfe7689c26f15edbf525e5b684eac1 
Author: ClientSysFWGit <clientsysfwgit@intel.com> 
Date: Sat Jun 19 12:43:12 2021 +0530 
-------------------------------------------------------------------------------- 
[TeamCity] RKLERB Auto-Commit BIOS ID update CI Increment BIOS Major Version () and reset Minor Version to 0

Original commit date: Mon Jun 14 05:12:57 2021 -0700
Change-Id: Ia20e1c4fceef2c544334432bf117f291ed310584
Original commit hash: 44cb1d12c6f595206de556f41fb31fc6ea030587

-------------------------------------------------------------------------------- 
[Changed Files]
CometLakePlatSamplePkg/Tools/GenBiosId/BiosId.env

================================================================================ 
Commit: f33f4c8d2d949c8a231bf710ddbbc5b138f2d1ad 
Author: ClientSysFWGit <clientsysfwgit@intel.com> 
Date: Sat Jun 19 12:43:06 2021 +0530 
-------------------------------------------------------------------------------- 
[TeamCity] RKLERB Auto-Commit DailyUpdate_FSP/RC CI

Original commit date: Mon Jun 14 01:24:58 2021 -0700
Change-Id: I80c2dd44a73807f065a3eb60aa0613542167036c
Original commit hash: c2068ff4556ddad50bce49ee0e0f60349234b48f

-------------------------------------------------------------------------------- 
[Changed Files]
CometLakeFspPkg/CometLakeFspPkg.dec
CometLakeSiliconPkg/SiPkg.dec.template

================================================================================ 
Commit: 0e1d594989fcd9aaac3805597029a52c9376e09d 
Author: ClientSysFWGit <clientsysfwgit@intel.com> 
Date: Sat Jun 19 12:43:00 2021 +0530 
-------------------------------------------------------------------------------- 
[TeamCity] RKLERB Auto-Commit BIOS ID update CI Increment BIOS Major Version () and reset Minor Version to 0

Original commit date: Sun Jun 13 05:15:45 2021 -0700
Change-Id: I6e5a13744de6f0ba218d6834e453fcc416797aca
Original commit hash: e754b7229a77472b9a1c5f612b17b7aeb2a2dbb7

-------------------------------------------------------------------------------- 
[Changed Files]
CometLakePlatSamplePkg/Tools/GenBiosId/BiosId.env

================================================================================ 
Commit: b334013b64c14dd30c90438cc0a5b6f996c530c9 
Author: ClientSysFWGit <clientsysfwgit@intel.com> 
Date: Sat Jun 19 12:42:54 2021 +0530 
-------------------------------------------------------------------------------- 
[TeamCity] RKLERB Auto-Commit DailyUpdate_FSP/RC CI

Original commit date: Sun Jun 13 01:26:00 2021 -0700
Change-Id: I70624274365dcfb4581d1d3b589fd1db4ea6355f
Original commit hash: 3ba772e098d3cf381e91d05c3193165ae0addb5e

-------------------------------------------------------------------------------- 
[Changed Files]
CometLakeFspPkg/CometLakeFspPkg.dec
CometLakeSiliconPkg/SiPkg.dec.template

================================================================================ 
Commit: 86c7730f4c09d2447c076a29a2a9493905f8a413 
Author: ClientSysFWGit <clientsysfwgit@intel.com> 
Date: Sat Jun 19 12:42:48 2021 +0530 
-------------------------------------------------------------------------------- 
[TeamCity] RKLERB Auto-Commit BIOS ID update CI Increment BIOS Major Version () and reset Minor Version to 0

Original commit date: Sat Jun 12 05:14:09 2021 -0700
Change-Id: I733c70e3a06c53d40381389a0026ddcd3a8cdb37
Original commit hash: 7a1d64e95f1d0b3c755960a34a1b8404897bfa95

-------------------------------------------------------------------------------- 
[Changed Files]
CometLakePlatSamplePkg/Tools/GenBiosId/BiosId.env

================================================================================ 
Commit: d5491157e562a48814ed15db4756dc3d13aa84bd 
Author: ClientSysFWGit <clientsysfwgit@intel.com> 
Date: Sat Jun 19 12:42:42 2021 +0530 
-------------------------------------------------------------------------------- 
[TeamCity] RKLERB Auto-Commit DailyUpdate_FSP/RC CI

Original commit date: Sat Jun 12 01:24:00 2021 -0700
Change-Id: I21399c8daa59e568e43c1ded4280c7a45b9fed2d
Original commit hash: 816464b3018e43be894264fb0eccd520220cfd95

-------------------------------------------------------------------------------- 
[Changed Files]
CometLakeFspPkg/CometLakeFspPkg.dec
CometLakeSiliconPkg/SiPkg.dec.template

================================================================================ 
Commit: a8564544d8fdb214fbebca2b80111766a018dffe 
Author: ClientSysFWGit <clientsysfwgit@intel.com> 
Date: Sat Jun 19 12:42:36 2021 +0530 
-------------------------------------------------------------------------------- 
[TeamCity] RKLERB Auto-Commit BIOS ID update CI Increment BIOS Major Version () and reset Minor Version to 0

Original commit date: Fri Jun 11 05:14:41 2021 -0700
Change-Id: I7527ea2230605ddc9aaf96c6700a85881a3ce9f5
Original commit hash: 631e0b7ad9294e94cef7dd79df56d0e9515b7179

-------------------------------------------------------------------------------- 
[Changed Files]
CometLakePlatSamplePkg/Tools/GenBiosId/BiosId.env

================================================================================ 
Commit: b7ad51ea56d2c70879a54b823afbb975d7f9099e 
Author: ClientSysFWGit <clientsysfwgit@intel.com> 
Date: Sat Jun 19 12:42:29 2021 +0530 
-------------------------------------------------------------------------------- 
[TeamCity] RKLERB Auto-Commit DailyUpdate_FSP/RC CI

Original commit date: Fri Jun 11 02:29:06 2021 -0700
Change-Id: Iff1aa9bf799c522c18294fc81ccb755c78662f4e
Original commit hash: 4497f2258480329a44e5450a44cb2886f7138562

-------------------------------------------------------------------------------- 
[Changed Files]
CometLakeFspPkg/CometLakeFspPkg.dec
CometLakeSiliconPkg/SiPkg.dec.template

================================================================================ 
Commit: 1d1a7cda92288cc08772ba4e7d5d404816032bb1 
Author: ClientSysFWGit <clientsysfwgit@intel.com> 
Date: Sat Jun 19 12:42:24 2021 +0530 
-------------------------------------------------------------------------------- 
[TeamCity] RKLERB Auto-Commit BIOS ID update CI Increment BIOS Major Version () and reset Minor Version to 0

Original commit date: Thu Jun 10 05:31:25 2021 -0700
Change-Id: Ibad4b9b92e0e11b65d9122d362d3d0b922b100d4
Original commit hash: d0efb00f539e20895ccf8f54572001cf38880bc3

-------------------------------------------------------------------------------- 
[Changed Files]
CometLakePlatSamplePkg/Tools/GenBiosId/BiosId.env

================================================================================ 
Commit: 9dbd83d3656fdb6b476e1c00764c612d94ee80e8 
Author: ClientSysFWGit <clientsysfwgit@intel.com> 
Date: Sat Jun 19 12:42:18 2021 +0530 
-------------------------------------------------------------------------------- 
[TeamCity] RKLERB Auto-Commit DailyUpdate_FSP/RC CI

Original commit date: Thu Jun 10 01:53:51 2021 -0700
Change-Id: Iaae5fc26edb97b9542c9ee4473ad7d6f92a1216c
Original commit hash: 1268b4a2030836fc28f5a15fcd5908149f8c70c0

-------------------------------------------------------------------------------- 
[Changed Files]
CometLakeFspPkg/CometLakeFspPkg.dec
CometLakeSiliconPkg/SiPkg.dec.template

================================================================================ 
Commit: cb97185fa7c8edc820cac1facebf7a1d157d1e31 
Author: ClientSysFWGit <clientsysfwgit@intel.com> 
Date: Sat Jun 19 12:42:12 2021 +0530 
-------------------------------------------------------------------------------- 
[TeamCity] RKLERB Auto-Commit BIOS ID update CI Increment BIOS Major Version () and reset Minor Version to 0

Original commit date: Wed Jun 9 05:31:41 2021 -0700
Change-Id: I35f691e9f5edfd44832aa66def38ab119060ff86
Original commit hash: ba9c4056ba5e99fda22836bd41e698d75ce028b8

-------------------------------------------------------------------------------- 
[Changed Files]
CometLakePlatSamplePkg/Tools/GenBiosId/BiosId.env

================================================================================ 
Commit: 23d6eedfe148b4239bdeb31756f691ab59924a5f 
Author: ClientSysFWGit <clientsysfwgit@intel.com> 
Date: Sat Jun 19 12:42:06 2021 +0530 
-------------------------------------------------------------------------------- 
[TeamCity] RKLERB Auto-Commit DailyUpdate_FSP/RC CI

Original commit date: Wed Jun 9 02:16:46 2021 -0700
Change-Id: I8d13989e5d1e36b1eb2788749e52074134ebfcc1
Original commit hash: 8a4f7896d79ef47deeaf329cd2bed803e820c3c3

-------------------------------------------------------------------------------- 
[Changed Files]
CometLakeFspPkg/CometLakeFspPkg.dec
CometLakeSiliconPkg/SiPkg.dec.template

================================================================================ 
Commit: 1279d01cc561953fec4faaa090c28de4827561ba 
Author: ClientSysFWGit <clientsysfwgit@intel.com> 
Date: Sat Jun 19 12:42:00 2021 +0530 
-------------------------------------------------------------------------------- 
[TeamCity] RKLERB Auto-Commit BIOS ID update CI Increment BIOS Major Version () and reset Minor Version to 0

Original commit date: Tue Jun 8 05:39:28 2021 -0700
Change-Id: I35fbf353190941f04d01ba43108cf9b74729a40a
Original commit hash: 2428d342d1e4848fe1bb07a45629321afc734448

-------------------------------------------------------------------------------- 
[Changed Files]
CometLakePlatSamplePkg/Tools/GenBiosId/BiosId.env

================================================================================ 
Commit: f3c797a9d2149645aee4b0e9bf0fd15c1cdb1867 
Author: ClientSysFWGit <clientsysfwgit@intel.com> 
Date: Sat Jun 19 12:41:54 2021 +0530 
-------------------------------------------------------------------------------- 
[TeamCity] RKLERB Auto-Commit DailyUpdate_FSP/RC CI

Original commit date: Tue Jun 8 02:19:50 2021 -0700
Change-Id: I9051bb957eab85f8687ed12828fd0097e2b2b775
Original commit hash: 4285e3fd002ba5ec252965df253062a317ff52ab

-------------------------------------------------------------------------------- 
[Changed Files]
CometLakeFspPkg/CometLakeFspPkg.dec
CometLakeSiliconPkg/SiPkg.dec.template

================================================================================ 
Commit: 18f20111d94dcda4a3565281fc71c8e105d5bff2 
Author: ClientSysFWGit <clientsysfwgit@intel.com> 
Date: Sat Jun 19 12:41:43 2021 +0530 
-------------------------------------------------------------------------------- 
[RKL][OC] Request MRC to force disable dynamic SAGV transitions for Realtime Memory Frequency feature


Original commit date: Mon Jun 7 10:42:12 2021 -0700
Change-Id: I44e81c235892311215fbec9f90edd38301f90527
Original commit hash: fe38d266fa1836b6d71768e8265456270630989a

-------------------------------------------------------------------------------- 
[Changed Files]
CometLakeSiliconPkg/SystemAgent/MemoryInitRkl/LibraryPrivate/PeiMemoryInitLib/Source/Api/MrcGeneral.c

================================================================================ 
Commit: 8f7d54e3258b1223b16f483c02f9bc563ab65f24 
Author: ClientSysFWGit <clientsysfwgit@intel.com> 
Date: Sat Jun 19 12:41:37 2021 +0530 
-------------------------------------------------------------------------------- 
[TeamCity] RKLERB Auto-Commit WeeklyUpdate_FSP/RC CI

Original commit date: Mon Jun 7 06:13:14 2021 -0700
Change-Id: I0e264d10354b0f97c947d06d5a882cd55afb63bb
Original commit hash: 924532d9bdb29f46d9f3dcc1854bbcff1b1d1abe

-------------------------------------------------------------------------------- 
[Changed Files]
CometLakeFspPkg/CometLakeFspPkg.dec
CometLakeSiliconPkg/SiPkg.dec.template

================================================================================ 
Commit: 5bca7c79cf0df92548169257af01d158a6ff8d35 
Author: ClientSysFWGit <clientsysfwgit@intel.com> 
Date: Sat Jun 19 12:41:32 2021 +0530 
-------------------------------------------------------------------------------- 
[TeamCity] RKLERB Auto-Commit BIOS ID update CI Increment BIOS Major Version () and reset Minor Version to 0

Original commit date: Mon Jun 7 05:43:22 2021 -0700
Change-Id: I69524d2490100356ea237aa5a2523c75cd43e453
Original commit hash: 8a995007aaed1a633fc779a89550f37012d33f33

-------------------------------------------------------------------------------- 
[Changed Files]
CometLakePlatSamplePkg/Tools/GenBiosId/BiosId.env

================================================================================ 
Commit: 62d8b1c120b5b18790c2b67ce4246fd7db9a5991 
Author: ClientSysFWGit <clientsysfwgit@intel.com> 
Date: Sat Jun 19 12:41:26 2021 +0530 
-------------------------------------------------------------------------------- 
[TeamCity] RKLERB Auto-Commit DailyUpdate_FSP/RC CI

Original commit date: Mon Jun 7 01:31:08 2021 -0700
Change-Id: I11724d6a4904b09e3101e623794b8d70a2498061
Original commit hash: 05fa2cb97c48f308973e9b3e2307d8032aa6f74f

-------------------------------------------------------------------------------- 
[Changed Files]
CometLakeFspPkg/CometLakeFspPkg.dec
CometLakeSiliconPkg/SiPkg.dec.template

================================================================================ 
Commit: a2fe03718d87b7953710e5f3cbf993c96703e80e 
Author: ClientSysFWGit <clientsysfwgit@intel.com> 
Date: Sat Jun 19 12:41:19 2021 +0530 
-------------------------------------------------------------------------------- 
[TeamCity] RKLERB Auto-Commit BIOS ID update CI Increment BIOS Major Version () and reset Minor Version to 0

Original commit date: Sun Jun 6 05:14:15 2021 -0700
Change-Id: Id7bddb906da9050eb9c64213515e7655878f0444
Original commit hash: 05af978295b97beff9ac1e77fc218736a1e0c86b

-------------------------------------------------------------------------------- 
[Changed Files]
CometLakePlatSamplePkg/Tools/GenBiosId/BiosId.env

================================================================================ 
Commit: d87ad7989b2ed1212412624eba1bf3bbfda81568 
Author: ClientSysFWGit <clientsysfwgit@intel.com> 
Date: Sat Jun 19 12:41:13 2021 +0530 
-------------------------------------------------------------------------------- 
[TeamCity] RKLERB Auto-Commit DailyUpdate_FSP/RC CI

Original commit date: Sun Jun 6 01:24:31 2021 -0700
Change-Id: I788a76f4bdf07d5401c9ef39d256b6ec470b34b0
Original commit hash: 646eed49433ed8e837dd7bfad5ff109bf9cf9fbf

-------------------------------------------------------------------------------- 
[Changed Files]
CometLakeFspPkg/CometLakeFspPkg.dec
CometLakeSiliconPkg/SiPkg.dec.template

================================================================================ 
Commit: 6b2afc147a995a3f77b20c7d85f5fe75ef72f9ad 
Author: ClientSysFWGit <clientsysfwgit@intel.com> 
Date: Sat Jun 19 12:41:06 2021 +0530 
-------------------------------------------------------------------------------- 
[TeamCity] RKLERB Auto-Commit BIOS ID update CI Increment BIOS Major Version () and reset Minor Version to 0

Original commit date: Sat Jun 5 05:13:41 2021 -0700
Change-Id: Ic159bb43dba2095b29884fa681a304aa4f337c70
Original commit hash: c15be7011070eee9cbe3e3fa91a0295510e105de

-------------------------------------------------------------------------------- 
[Changed Files]
CometLakePlatSamplePkg/Tools/GenBiosId/BiosId.env

================================================================================ 
Commit: 072df788545c83018ba7c9b4d7d51de3b7a2a8a5 
Author: ClientSysFWGit <clientsysfwgit@intel.com> 
Date: Sat Jun 19 12:40:59 2021 +0530 
-------------------------------------------------------------------------------- 
[TeamCity] RKLERB Auto-Commit DailyUpdate_FSP/RC CI

Original commit date: Sat Jun 5 01:28:55 2021 -0700
Change-Id: Ic85dec0a937dcaae76646a650f9064d5cd831c73
Original commit hash: ba835546fc911d0c7158f51f88590e0689a8bcef

-------------------------------------------------------------------------------- 
[Changed Files]
CometLakeFspPkg/CometLakeFspPkg.dec
CometLakeSiliconPkg/SiPkg.dec.template

================================================================================ 
Commit: 003401624876fc002f8dc460556495666219e09f 
Author: ClientSysFWGit <clientsysfwgit@intel.com> 
Date: Sat Jun 19 12:40:53 2021 +0530 
-------------------------------------------------------------------------------- 
[TeamCity] RKLERB Auto-Commit BIOS ID update CI Increment BIOS Major Version () and reset Minor Version to 0

Original commit date: Fri Jun 4 05:14:50 2021 -0700
Change-Id: Ie5291bb271cc191e3b36f6d0b99ed1b1ab8373e6
Original commit hash: ff93954283692e078b2f5ae2ffa55b07ef22c50f

-------------------------------------------------------------------------------- 
[Changed Files]
CometLakePlatSamplePkg/Tools/GenBiosId/BiosId.env

================================================================================ 
Commit: ecd5306c934ad52d20b8eda186e4ea2fe5ae4163 
Author: ClientSysFWGit <clientsysfwgit@intel.com> 
Date: Sat Jun 19 12:40:46 2021 +0530 
-------------------------------------------------------------------------------- 
[TeamCity] RKLERB Auto-Commit DailyUpdate_FSP/RC CI

Original commit date: Fri Jun 4 01:29:25 2021 -0700
Change-Id: Icebe0f2819b6075483c04eb712591e99fa21df97
Original commit hash: d32f4bbb61ebff9b70b4486c08c79717c6759b16

-------------------------------------------------------------------------------- 
[Changed Files]
CometLakeFspPkg/CometLakeFspPkg.dec
CometLakeSiliconPkg/SiPkg.dec.template
