================================================================================ 
Commit: 435bcc19570ff6fe0f69de618eac178ff6abcfc8 
Author: ClientSysFWGit <clientsysfwgit@intel.com> 
Date: Mon Jan 27 12:22:11 2025 +0530 
-------------------------------------------------------------------------------- 
Added Doxygen folder and License.txt file for ARL-S 5020_82 label.

-------------------------------------------------------------------------------- 
[Changed Files]
ClientOneSiliconPkg/Product/MeteorLake/EarlyDevices/Readme.md
ClientOneSiliconPkg/SiPkg.dec
Doxygen/BoardApi.chm
Doxygen/FspApi.chm
Doxygen/MeteorLake_FSP_Integration_Guide.chm
Doxygen/MeteorLake_FSP_Integration_Guide.pdf
Doxygen/PlatApi.chm
Doxygen/SiPkgApi.chm
LICENSE.txt
MeteorLakeBoardPkg/CapsuleUpdateConfig/.gitignore
MeteorLakeBoardPkg/Features/CapsuleUpdate/Tools/CapsuleGenerate/Ucode/.gitignore

================================================================================ 
Commit: 9b78361a9f65e8289ae8a1125223c14b67d1ab25 
Author: ClientSysFWGit <clientsysfwgit@intel.com> 
Date: Mon Jan 27 12:08:40 2025 +0530 
-------------------------------------------------------------------------------- 
"[TeamCity] MTL MeteorLake_arrowlake_s_program_platform_Daily Daily Updating Version/ID: MeteorLake_5020_82

Hsd-es-id: N/A"
Original commit date: Thu Jan 9 15:30:42 2025 -0800
Original commit hash: 9eb62d7fc2d5e071536c7e4317834797dbdc8906

-------------------------------------------------------------------------------- 
[Changed Files]
MeteorLakeBoardPkg/BiosId.env

================================================================================ 
Commit: 40e07ca8daff082b33e7b3f5d78ca0f24c4d9864 
Author: ClientSysFWGit <clientsysfwgit@intel.com> 
Date: Mon Jan 27 12:08:37 2025 +0530 
-------------------------------------------------------------------------------- 
Change PPB HotPlug IO rsvd default value to 4KB

[Issue Description]
PCI specification defines that I/O Base address[11:0] is assumed
to be 0xFFF. Default IO reserved space equal to 1KB is wrong.
It should be minimum 4KB and increased by 4KB.

[Resolution]
Updated default IO reserved space to 4KB.
Enabled increments in multiples of 4KB only.

Package/Module:
MeteorLakePlatSamplePkg/Setup/PciHotplugForm.hfr

[Impacted Platform]
All

Hsd-es-id: 16026424261
Original commit date: Tue Jan 7 11:21:55 2025 +0100
Change-Id: I20fafb475d603a8e34840bde198aa83bccad846b
Original commit hash: 04ae9052636368473078984bfb21a248e72f1f43

-------------------------------------------------------------------------------- 
[Changed Files]
MeteorLakePlatSamplePkg/Setup/PciHotplugForm.hfr
MeteorLakePlatSamplePkg/Setup/PciHotplugForm.uni

================================================================================ 
Commit: 4c879b36924402031a8067ade456814e01770e23 
Author: ClientSysFWGit <clientsysfwgit@intel.com> 
Date: Mon Jan 27 12:08:34 2025 +0530 
-------------------------------------------------------------------------------- 
"[TeamCity] MTL MeteorLake_arrowlake_s_program_platform_Daily Daily Updating Version/ID: MeteorLake_5020_81

Hsd-es-id: N/A"
Original commit date: Thu Jan 9 10:09:09 2025 -0700
Original commit hash: 9d6c385021e9c4e15703ceea29a0e022e8bb1b8e

-------------------------------------------------------------------------------- 
[Changed Files]
MeteorLakeBoardPkg/BiosId.env

================================================================================ 
Commit: 355ccc7cd63a5c5cad5c4f918a0b16e4b4662db6 
Author: ClientSysFWGit <clientsysfwgit@intel.com> 
Date: Mon Jan 27 12:08:31 2025 +0530 
-------------------------------------------------------------------------------- 
Com Port enumeration issue on Windows OS

[Issue Description]
Com Port enumeration issue on Windows OS.

[Resolution]
Set VpdPcdH8S2113UAR to TRUE

Package/Module: MeteorLakeBoards

[Impacted Platform]
S

Hsd-es-id: 14024060927
Original commit date: Mon Dec 9 11:35:49 2024 -0800
Change-Id: Id839d0af47423e9d9b1932d3498270bc9d39be2d
Original commit hash: a1a9740e9341d4cbef5ff5c744a2a9f80580a28f

-------------------------------------------------------------------------------- 
[Changed Files]
MeteorLakeBoardPkg/MeteorLakeBoards/BoardVpdPcdsInit/ArlS/SkuIdArlSBGASodimm1DCrb.dsc
MeteorLakeBoardPkg/MeteorLakeBoards/BoardVpdPcdsInit/MtlS/SkuIdMtlSOcRvp.dsc
MeteorLakeBoardPkg/MeteorLakeBoards/BoardVpdPcdsInit/MtlS/SkuIdMtlSSODimm1DEvcrb.dsc
MeteorLakeBoardPkg/MeteorLakeBoards/BoardVpdPcdsInit/MtlS/SkuIdMtlSSODimm2DEvcrb.dsc
MeteorLakeBoardPkg/MeteorLakeBoards/BoardVpdPcdsInit/MtlS/SkuIdMtlSUDimm1DEvcrb.dsc
MeteorLakeBoardPkg/MeteorLakeBoards/BoardVpdPcdsInit/MtlS/SkuIdMtlSUDimm2DEvcrb.dsc

================================================================================ 
Commit: 3a802ccbf0a0a53426a4a720f992e2ebe78de99d 
Author: ClientSysFWGit <clientsysfwgit@intel.com> 
Date: Mon Jan 27 12:08:28 2025 +0530 
-------------------------------------------------------------------------------- 
SPI2 not working properly in OS.

[Issue Description]
Interrupt transaction for SPI2 is failing.
Bios is passing wrong IRQ to OS

[Resolution]
Updated the IRQ with correct value.

Package/Module: BoardPkg/Acpi

[Impacted Platform]
S.

Hsd-es-id: 15017307610
Original commit date: Tue Jan 7 01:01:21 2025 -0800
Change-Id: I60c4a4af728812cb06c709a397bac3a70bc57348
Original commit hash: 3aca0b176c0a9d05fe24e04c6dcb06ecd7a4b615

-------------------------------------------------------------------------------- 
[Changed Files]
MeteorLakeBoardPkg/Acpi/AcpiTables/Dsdt/PciTree.asl

================================================================================ 
Commit: 9a78259090f99b0d61f3a32a1457d72fc75029ad 
Author: ClientSysFWGit <clientsysfwgit@intel.com> 
Date: Mon Jan 27 12:08:24 2025 +0530 
-------------------------------------------------------------------------------- 
"[TeamCity] MTL MeteorLake_arrowlake_s_program_platform_Daily Daily Updating Version/ID: MeteorLake_5020_80

Hsd-es-id: N/A"
Original commit date: Mon Jan 6 09:10:27 2025 -0800
Original commit hash: d4d955bf5ebc27a80efbb5f3cc7a0ebdb16cf2a0

-------------------------------------------------------------------------------- 
[Changed Files]
ClientOneSiliconPkg/Product/MeteorLake/EarlyDevices/Readme.md
ClientOneSiliconPkg/SiPkg.dec
Doxygen/BoardApi.chm
Doxygen/FspApi.chm
Doxygen/MeteorLake_FSP_Integration_Guide.chm
Doxygen/MeteorLake_FSP_Integration_Guide.pdf
Doxygen/PlatApi.chm
Doxygen/SiPkgApi.chm
LICENSE.txt
MeteorLakeBoardPkg/Acpi/AcpiTables/Facs/Facs.act
MeteorLakeBoardPkg/Acpi/AcpiTables/Fadt/Fadt6.3.act
MeteorLakeBoardPkg/Acpi/AcpiTables/Hpet/Hpet.act
MeteorLakeBoardPkg/Acpi/AcpiTables/Madt/Madt.act
MeteorLakeBoardPkg/Acpi/AcpiTables/Mcfg/Mcfg.act
MeteorLakeBoardPkg/CapsuleUpdateConfig/.gitignore
MeteorLakeBoardPkg/Features/CapsuleUpdate/Tools/CapsuleGenerate/Ucode/.gitignore
