================================================================================ 
Commit: 47309df307c216f14b68aef98f3821f03b4e0754 
Author: ClientSysFWGit <clientsysfwgit@intel.com> 
Date: Tue Sep 28 10:08:28 2021 +0530 
-------------------------------------------------------------------------------- 
Updated sipkg.dec for ADL.2374.05

-------------------------------------------------------------------------------- 
[Changed Files]
ClientOneSiliconPkg/SiPkg.dec

================================================================================ 
Commit: 5aa9dec62b36069c03da6a70d6e7106366cec8ca 
Author: ClientSysFWGit <clientsysfwgit@intel.com> 
Date: Tue Sep 28 10:06:06 2021 +0530 
-------------------------------------------------------------------------------- 
Update BIOS version to 2374_05

Update BIOS version to 2374_05

Hsd-es-id: N/A
Original commit date: Sun Sep 26 17:05:33 2021 +0800
Change-Id: I243225e8456afa3c8fb43a37047e8634a0a6ad02
Original commit hash: 577ba3262b74f2ad03a51f149cd6aadc2c485777

-------------------------------------------------------------------------------- 
[Changed Files]
AlderLakeBoardPkg/BiosId.env

================================================================================ 
Commit: 1acbd26bfe041b0b227fd1558862e05fc0422910 
Author: ClientSysFWGit <clientsysfwgit@intel.com> 
Date: Tue Sep 28 10:06:04 2021 +0530 
-------------------------------------------------------------------------------- 
AlderLakeBoardPkg: Update microcode version 0x12 for ADL-S C0

Update microcode version 0x12 for ADL-S C0

Hsd-es-id: N/A
Original commit date: Sun Sep 26 16:52:34 2021 +0800
Change-Id: I15770750be728c7e68be55e263452ddf339fd6de
Original commit hash: 1dd50d34b69337d644f05be5886a446868fb8c56

-------------------------------------------------------------------------------- 
[Changed Files]
AlderLakeBoardPkg/BoardPkg.fdf

================================================================================ 
Commit: 39b147e89ca6a9ddcad95ef390de739ec7105728 
Author: ClientSysFWGit <clientsysfwgit@intel.com> 
Date: Tue Sep 28 10:06:02 2021 +0530 
-------------------------------------------------------------------------------- 
[ADL-S]: Updated BIOS minor version to 2374_04

Hsd-es-id: NA
Original commit date: Wed Sep 22 11:34:07 2021 +0530
Change-Id: Ia17b0a4e7a99e3ce0ae444b41272ad430948f0d1
Original commit hash: 7dce895aab0f2a56fb3f5571ad966072d879ee1a

-------------------------------------------------------------------------------- 
[Changed Files]
AlderLakeBoardPkg/BiosId.env

================================================================================ 
Commit: 360262e26d22666307f7e2953544da031f58ddc0 
Author: ClientSysFWGit <clientsysfwgit@intel.com> 
Date: Tue Sep 28 10:06:00 2021 +0530 
-------------------------------------------------------------------------------- 
[ADL-S]Updated the ucode for ADL S C0

Updated the Ucode 0x00000011 of C0

Hsd-es-id: N/A
Original commit date: Thu Sep 16 19:19:44 2021 +0800
Change-Id: I4e54abe192330dfccc309405cced929f29f4c6ba
Original commit hash: 26b43342f536fd07ac131189fb65123c92d58139

-------------------------------------------------------------------------------- 
[Changed Files]
AlderLakeBoardPkg/BoardPkg.fdf

================================================================================ 
Commit: 8e321d8b403fd8cd2f566216a27f14b21d1d5869 
Author: ClientSysFWGit <clientsysfwgit@intel.com> 
Date: Tue Sep 28 10:05:58 2021 +0530 
-------------------------------------------------------------------------------- 
[ADL-S]  changing the BIOS ID to 2374.03

Hsd-es-id: N/A
Original commit date: Tue Sep 21 10:15:17 2021 -0700
Change-Id: I278211945447835eaccb6163e343361a5f0deeeb
Original commit hash: 4e8eb89df1faf736b1700dbbecc87b765948ee50

-------------------------------------------------------------------------------- 
[Changed Files]
AlderLakeBoardPkg/BiosId.env

================================================================================ 
Commit: 42cf174716403812cb033d112a1b910d9bd822fb 
Author: ClientSysFWGit <clientsysfwgit@intel.com> 
Date: Tue Sep 28 10:05:56 2021 +0530 
-------------------------------------------------------------------------------- 
[ADL][DDR4]Consumer & Corporate Debug IFWI not booting to BIOS/EDK/OS SUT hangs at 004f postcode on DDR4.

1. Create new patch tables of ADL SBGA DDR4 platform.
2. Remove SGBA DDR4 TBT Config settings.(Non-POR)

internal only: Reference Validation_Config_v2.2_ww34'21.xlsx

Hsd-es-id: 16014636370
Original commit date: Fri Sep 10 15:50:18 2021 +0800
Change-Id: I027d72623d195e483cd072db9a0b1cd671627354
Original commit hash: b4e62feef5b5e660e8b32ad5a2efae1f92d03a57

-------------------------------------------------------------------------------- 
[Changed Files]
AlderLakeBoardPkg/AlderLakeSBoards/Include/AlderLakeSBoardConfigPatchTable.h
AlderLakeBoardPkg/AlderLakeSBoards/Library/BoardInitLib/Dxe/DxeInitLib.c
AlderLakeBoardPkg/AlderLakeSBoards/Library/BoardInitLib/Pei/PeiInitPreMemLib.c
AlderLakeBoardPkg/BoardPkg.dec
AlderLakeBoardPkg/Library/PeiPolicyBoardConfigLib/PeiPolicyBoardConfigLib.inf
AlderLakeBoardPkg/Library/PeiPolicyBoardConfigLib/PeiPolicyBoardConfigLibFsp.inf
AlderLakeBoardPkg/Library/PeiPolicyBoardConfigLib/PeiTbtPolicyBoardConfig.c

================================================================================ 
Commit: 4ec0329f1ee64f11c15c912969234cc512c28b41 
Author: ClientSysFWGit <clientsysfwgit@intel.com> 
Date: Tue Sep 28 10:05:54 2021 +0530 
-------------------------------------------------------------------------------- 
[ADL-S]: Updated BIOS minor version to 2374_02 for the ADL-S PR1 label

Hsd-es-id: NA
Original commit date: Tue Sep 21 16:52:44 2021 +0530
Change-Id: Icfa7563019558cf474de241b878e8294964bfeb5
Original commit hash: 3f137bdffbba8781a33aa4efd383391da9ebaa24

-------------------------------------------------------------------------------- 
[Changed Files]
AlderLakeBoardPkg/BiosId.env
