================================================================================ 
Commit: e6801f76c699fa9889e224c02c05d83780c63d92 
Author: ClientSysFWGit <clientsysfwgit@intel.com> 
Date: Thu Nov 12 10:59:38 2020 -0800 
-------------------------------------------------------------------------------- 
Update RKLS_B0 Production patchID to 0x00000014

Hsd-es-id: NA
Original commit date: Tue Nov 3 10:12:38 2020 -0800
Change-Id: I8aabdbe10086a20319e46f336ddaf60d3fe4ed6c
Original commit hash: c82ee22143e9826103bbb25fab5a3c08128cfe52

-------------------------------------------------------------------------------- 
[Changed Files]
RocketLakeBoardPkg/BoardPkg.fdf

================================================================================ 
Commit: b7092eada1b200c92d745fc7d9e81bf9e1e78dbc 
Author: ClientSysFWGit <clientsysfwgit@intel.com> 
Date: Thu Nov 12 10:59:30 2020 -0800 
-------------------------------------------------------------------------------- 
Update FSP/RC version

internal-only: Place holder for information that in internal to intel, for ex: information related to internal-only/restricted code, hsd, gerrit, bugzilla links etc.
Hsd-es-id: N/A
Original commit date: Tue Nov 3 10:43:50 2020 -0800
Change-Id: Iaa61fbf7bb41e70ebf7b83dd5e52b587e75c4b8d
Original commit hash: 9c856da119f3457fcd9a59e6d21d8d6c58bfe736

-------------------------------------------------------------------------------- 
[Changed Files]
ClientOneSiliconPkg/Product/RocketLake/SiPkgPcd.dsc
RocketLakeFspPkg/RocketLakeFspPkg.dsc

================================================================================ 
Commit: eb480a367b069620249f0064d58c0133f13a2745 
Author: ClientSysFWGit <clientsysfwgit@intel.com> 
Date: Thu Nov 12 10:59:23 2020 -0800 
-------------------------------------------------------------------------------- 
RKL [TGP-PCH] Disable throttling on Back to Back PCIe read transactions

Remove CCFG.UNRD programming

Hsd-es-id: 22011645517

Original commit date: Wed Oct 21 13:11:02 2020 +0530
Change-Id: I27d63231dffbb6fbfde02f9359b15ffff369a684
Original commit hash: fc8d61103003ed13a63e94732a28a59cc63e42c3

-------------------------------------------------------------------------------- 
[Changed Files]
ClientOneSiliconPkg/IpBlock/CpuPcieRp/LibraryPrivate/PeiCpuPcieRpInitLib/PeiCpuPcieRpInitLibVer1.c

================================================================================ 
Commit: cd2db6801833b3836333ef8db9d9147b8b1a008c 
Author: ClientSysFWGit <clientsysfwgit@intel.com> 
Date: Thu Nov 12 10:59:15 2020 -0800 
-------------------------------------------------------------------------------- 
[TGL H RKL S TGP-H] DMI L0s failure
moving ASPM programming to later stage once EQ training is done

Hsd-es-id: 1508257518
Original commit date: Tue Nov 3 15:19:08 2020 +0530
Change-Id: I2e33a595aa4bd507e997e1f8977472f27aa50037
Original commit hash: ad051635c20bc82952654f204c5d50cd75af3744

-------------------------------------------------------------------------------- 
[Changed Files]
ClientOneSiliconPkg/IpBlock/CpuDmi/LibraryPrivate/PeiCpuDmiInitLibVer2/PeiCpuDmi16.c
RocketLakeFspPkg/RocketLakeFspPkg.fdf

================================================================================ 
Commit: 47561f8d6e11cc1404a90d620490a962206d9ec6 
Author: ClientSysFWGit <clientsysfwgit@intel.com> 
Date: Thu Nov 12 10:59:07 2020 -0800 
-------------------------------------------------------------------------------- 
[TeamCity] RKL Auto-Commit BIOS ID update CI Increment BIOS Major Version () and reset Minor Version to 0

Hsd-es-id: no sighting
Original commit date: Tue Nov 3 01:10:08 2020 -0800
Change-Id: I2b3654ed01eea9486cfa3329f69a5a4ba505762f
Original commit hash: 386fc252a8730bf35f19e5e06577721329f03ffc

-------------------------------------------------------------------------------- 
[Changed Files]
RocketLakeBoardPkg/BiosId.env

================================================================================ 
Commit: ab6835d6a6d225cb864524cb6e7e2b48eb1724ff 
Author: ClientSysFWGit <clientsysfwgit@intel.com> 
Date: Thu Nov 12 10:59:00 2020 -0800 
-------------------------------------------------------------------------------- 
Update MRC Release Notes and increment MRC build revision

Tue Nov 3 00:43:46 2020 +0000
Original commit date: Tue Nov 3 00:43:46 2020 +0000
Original commit hash: 4ec6f505af189fae05eba37c549eaf07af35cb15

-------------------------------------------------------------------------------- 
[Changed Files]
ClientOneSiliconPkg/IpBlock/MemoryInit/Rkl/LibraryPrivate/PeiMemoryInitLib/Source/Include/MrcVersion.h

================================================================================ 
Commit: d77e7260796e38bab146ceb4598c40ff22f830ba 
Author: ClientSysFWGit <clientsysfwgit@intel.com> 
Date: Thu Nov 12 10:58:54 2020 -0800 
-------------------------------------------------------------------------------- 
ClientOneSiliconPkg/Rst: Fix PCIe policy aquisition

Change to common PCIe config block broke the mPchPcieConfig pointer
update which in turn causes incorrect LTR initalization for remapped
drives. This change fixes the pointer update.

Hsd-es-id: 16011961720
Original commit date: Wed Oct 21 13:17:02 2020 +0200
Change-Id: I6878e12eb1e5cef48c872d6036b9c38dec2f5784
Original commit hash: c5c2a2f128e50749680d9bbc96676395f48a9d3d

-------------------------------------------------------------------------------- 
[Changed Files]
ClientOneSiliconPkg/IpBlock/Rst/LibraryPrivate/PeiRstPrivateLib/PeiRstRemapping.c

================================================================================ 
Commit: a219708bb503e06e314ada124b9ff9be9a80c557 
Author: ClientSysFWGit <clientsysfwgit@intel.com> 
Date: Thu Nov 12 10:58:47 2020 -0800 
-------------------------------------------------------------------------------- 
[RKL/CML] ClientOneSiliconPkg: Klocwork scan fixes

[Issue/Feature Description]
Klocwork scan of MRC codebase
Hsd-es-id: 14012688216

[Resolution]
Fixing out of bounds condition and incorrect use
of MrcRankInChannelExist() parameter order.

[Impacted Platform]
RKL/CML

[
Original commit date: Fri Oct 16 14:06:59 2020 -0700
Change-Id: I44ff680535d0b6c504bace97df2d42821e9594de
Original commit hash: 52228b68c719ecac6156a86d85a92ce55e1a90e7

-------------------------------------------------------------------------------- 
[Changed Files]
ClientOneSiliconPkg/IpBlock/MemoryInit/Cml/Library/Private/PeiMemoryInitLib/Source/Api/MrcGeneral.c
ClientOneSiliconPkg/IpBlock/MemoryInit/Rkl/LibraryPrivate/PeiMemoryInitLib/Source/MemoryTypes/MrcDdr4.c

================================================================================ 
Commit: 97057696d73877908616e8e545165cd7b2c590db 
Author: ClientSysFWGit <clientsysfwgit@intel.com> 
Date: Thu Nov 12 10:58:40 2020 -0800 
-------------------------------------------------------------------------------- 
ClientOneSiliconPkg: [RKL] System hang when BIOS try to update CPU DMI max link speed

Resolution: System hang when BIOS try to update CPU DMI max link speed.
            If we change setup item "DMI Link ASPM Control" to Auto,
            SUT hangs when program LCTL2.TLS in "PeiCpuDmi16.c".

Hsd-es-id: 1508325817
Original commit date: Tue Sep 8 18:17:38 2020 +0800
Change-Id: I5eec9c9432ebecb4c8d7cd59c80e76b527f68365
Original commit hash: 25ce10453e39f89906ae085457df4fb96f491bf1

-------------------------------------------------------------------------------- 
[Changed Files]
ClientOneSiliconPkg/IpBlock/PchDmi/LibraryPrivate/PeiDxeSmmPchDmiLib/PchDmi15.h
ClientOneSiliconPkg/IpBlock/PchDmi/LibraryPrivate/PeiDxeSmmPchDmiLib/PeiPchDmi15.c

================================================================================ 
Commit: 2a4917be24e2b33938bbeceed36c0768aa09bcbd 
Author: ClientSysFWGit <clientsysfwgit@intel.com> 
Date: Thu Nov 12 10:58:33 2020 -0800 
-------------------------------------------------------------------------------- 
Update MRC Release Notes and increment MRC build revision

Mon Nov 2 17:18:28 2020 +0000
Original commit date: Mon Nov 2 17:18:28 2020 +0000
Original commit hash: 9847f41f41f78ab02bd5661b342f306a1d324f22

-------------------------------------------------------------------------------- 
[Changed Files]
ClientOneSiliconPkg/IpBlock/MemoryInit/Rkl/LibraryPrivate/PeiMemoryInitLib/Source/Include/MrcVersion.h

================================================================================ 
Commit: b5459ccd730d4466eab31bb685445550e8d04189 
Author: ClientSysFWGit <clientsysfwgit@intel.com> 
Date: Thu Nov 12 10:58:27 2020 -0800 
-------------------------------------------------------------------------------- 
[RKLS+TGPH] Making the CheckAndInitializePegVga available to the external BIOS.

Hsd-es-id: 1508463638
[
Original commit date: Tue Oct 27 14:09:14 2020 +0530
Change-Id: I955fc09868b5432ff52b858cca90a986ca804d86
Original commit hash: 16e1e4ddb04af5f633f2d15fbdc4712d289d4e91

-------------------------------------------------------------------------------- 
[Changed Files]
ClientOneSiliconPkg/Product/RocketLake/SiInit/Pei/SiInitPreMem.c

================================================================================ 
Commit: 24bb9d5f15e095d776fbd1622a3a5ba48bd3b15c 
Author: ClientSysFWGit <clientsysfwgit@intel.com> 
Date: Thu Nov 12 10:58:21 2020 -0800 
-------------------------------------------------------------------------------- 
[RKL-S][B0][TGP-H]PL1 TAU at 8 secs against 28 secs on 35W parts.

Updated time window for 125 watt and other watt sku.

Hsd-es-id: 16011992811
[
Original commit date: Wed Oct 28 20:41:19 2020 +0530
Change-Id: Iec683144b69a8a44fa607d966159dcd5f898907a
Original commit hash: d8a769e2e08232165f9d7ee35cd6a0469726b179

-------------------------------------------------------------------------------- 
[Changed Files]
ClientOneSiliconPkg/Cpu/Include/CpuPowerMgmt.h
ClientOneSiliconPkg/Cpu/LibraryPrivate/PeiCpuPowerMgmtLib/PowerLimits.c

================================================================================ 
Commit: 22755f226fe1a9bd7d7ff64992e84bd962efac3f 
Author: ClientSysFWGit <clientsysfwgit@intel.com> 
Date: Thu Nov 12 10:58:15 2020 -0800 
-------------------------------------------------------------------------------- 
[RKLS][MRC] General EV fixes

Description:
- Swap order between MrcReadAmplifierPower and MrcReadEQTraining.
- Organize centering 2D training inclue add new centering2D function.
- Update both TxEqVal and WrDsVal training list in MrcWriteEqDsTraining.
- Add centering after MrcOptimizeComp.
- Update VccIO to 1000 mv.
- Add B0 patch.
- Add Support for RocketLake DT (RKL-S 8+1) new device ID (0x4C63) to MiniBios.

Hsd-es-id: NA
[
Original commit date: Mon Oct 26 04:51:37 2020 +0200
Change-Id: I8835b7ddf67586370ffe5e28b97c82494b9bdf87
Original commit hash: 03eca18c3975c250c73293b9e64f3d32419d446d

-------------------------------------------------------------------------------- 
[Changed Files]
ClientOneSiliconPkg/IpBlock/MemoryInit/Rkl/LibraryPrivate/PeiMemoryInitLib/MemoryInit.c
ClientOneSiliconPkg/IpBlock/MemoryInit/Rkl/LibraryPrivate/PeiMemoryInitLib/Source/Api/MrcStartMemoryConfiguration.c
ClientOneSiliconPkg/IpBlock/MemoryInit/Rkl/LibraryPrivate/PeiMemoryInitLib/Source/Include/MrcCommon.h
ClientOneSiliconPkg/IpBlock/MemoryInit/Rkl/LibraryPrivate/PeiMemoryInitLib/Source/McConfiguration/MrcPowerModesUpServer.c
ClientOneSiliconPkg/IpBlock/MemoryInit/Rkl/LibraryPrivate/PeiMemoryInitLib/Source/ReadTraining/MrcReadDqDqs.c
ClientOneSiliconPkg/IpBlock/MemoryInit/Rkl/LibraryPrivate/PeiMemoryInitLib/Source/ReadTraining/MrcReadReceiveEnable.c
ClientOneSiliconPkg/IpBlock/MemoryInit/Rkl/LibraryPrivate/PeiMemoryInitLib/Source/Services/MrcCommon.c
ClientOneSiliconPkg/IpBlock/MemoryInit/Rkl/LibraryPrivate/PeiMemoryInitLib/Source/Services/MrcCrosser.c
ClientOneSiliconPkg/IpBlock/MemoryInit/Rkl/LibraryPrivate/PeiMemoryInitLib/Source/WriteTraining/MrcWriteDqDqs.c
ClientOneSiliconPkg/IpBlock/MemoryInit/Rkl/MiniBios/CPU/UCODE/m_02_a0671_00000004.inc
ClientOneSiliconPkg/IpBlock/MemoryInit/Rkl/MiniBios/CPU/UCODE/m_02_a0671_80000004.inc
ClientOneSiliconPkg/IpBlock/MemoryInit/Rkl/MiniBios/MEMORY/MrcOemPlatform.h
ClientOneSiliconPkg/IpBlock/MemoryInit/Rkl/MiniBios/MEMORY/MrcSetup.c

================================================================================ 
Commit: f4f8aad47fd34f3e1405cd32f755421ddfbaff84 
Author: ClientSysFWGit <clientsysfwgit@intel.com> 
Date: Thu Nov 12 10:58:04 2020 -0800 
-------------------------------------------------------------------------------- 
[TeamCity] RKL Auto-Commit BIOS ID update CI Increment BIOS Major Version () and reset Minor Version to 0

Hsd-es-id: no sighting
Original commit date: Mon Nov 2 01:16:01 2020 -0800
Change-Id: I67d6eaae014ef97f34c7b6fbaf484108cd734e7a
Original commit hash: 60e2da8a7f3e662743645ddb940dc2853ae40c1c

-------------------------------------------------------------------------------- 
[Changed Files]
RocketLakeBoardPkg/BiosId.env

================================================================================ 
Commit: dfa9919aad1230f15b80a0b1723a609965995bfe 
Author: ClientSysFWGit <clientsysfwgit@intel.com> 
Date: Thu Nov 12 10:57:57 2020 -0800 
-------------------------------------------------------------------------------- 
[TeamCity] RKL Auto-Commit BIOS ID update CI Increment BIOS Major Version () and reset Minor Version to 0

Hsd-es-id: no sighting
Original commit date: Sun Nov 1 01:08:53 2020 -0800
Change-Id: I80e01a812c83080b4daf0fde5c9c85bb6dfc4727
Original commit hash: 502e105e4339e4f9a582aa966bf6f11e8b9c79ac

-------------------------------------------------------------------------------- 
[Changed Files]
RocketLakeBoardPkg/BiosId.env

================================================================================ 
Commit: 9fc51cc0a106197da3f95afc513770db93a6d595 
Author: ClientSysFWGit <clientsysfwgit@intel.com> 
Date: Thu Nov 12 10:57:51 2020 -0800 
-------------------------------------------------------------------------------- 
[TeamCity] RKL Auto-Commit BIOS ID update CI Increment BIOS Major Version () and reset Minor Version to 0

Hsd-es-id: no sighting
Original commit date: Sat Oct 31 01:08:16 2020 -0700
Change-Id: I2560687f45ab6fdc10f420634e946d0a81e0decb
Original commit hash: 162542ef3b169f08cc2e624db739f30b3073353b

-------------------------------------------------------------------------------- 
[Changed Files]
RocketLakeBoardPkg/BiosId.env

================================================================================ 
Commit: 950bddc4edb6ef35ed165b0eef9b967ec80efb81 
Author: ClientSysFWGit <clientsysfwgit@intel.com> 
Date: Thu Nov 12 10:57:45 2020 -0800 
-------------------------------------------------------------------------------- 
[TeamCity] RKL Auto-Commit BIOS ID update CI Increment BIOS Major Version () and reset Minor Version to 0

Hsd-es-id: no sighting
Original commit date: Fri Oct 30 01:09:58 2020 -0700
Change-Id: Idea747d48b184fbda7955edd7c4bfde251bf09f8
Original commit hash: f5053087869a01d9ee517a2a4a069eb24005393e

-------------------------------------------------------------------------------- 
[Changed Files]
RocketLakeBoardPkg/BiosId.env

================================================================================ 
Commit: d2f2adc7c3d26cefd1e5b51fb0b49bc88d58bad0 
Author: ClientSysFWGit <clientsysfwgit@intel.com> 
Date: Thu Nov 12 10:57:40 2020 -0800 
-------------------------------------------------------------------------------- 
Update RKLS_B0 Production patchID to 0x00000012

Hsd-es-id: NA
Original commit date: Thu Oct 29 20:39:11 2020 -0700
Change-Id: I96c3460e4ac4bb83d08cb867272667db3b879d1a
Original commit hash: f5dc33637445d172fb12e850ed8efcf672fe2ba2

-------------------------------------------------------------------------------- 
[Changed Files]
RocketLakeBoardPkg/BoardPkg.fdf

================================================================================ 
Commit: 3d77a8185dea530604ce3c351f60e3ec6cf30a33 
Author: ClientSysFWGit <clientsysfwgit@intel.com> 
Date: Thu Nov 12 10:57:33 2020 -0800 
-------------------------------------------------------------------------------- 
Revert "Update RKLS_B0 Production patchID to 0x00000012"

This reverts commit 23a9694faa0c9ccbbd7bc6a8476abe8814c02c66.

Hsd-es-id: NA
Original commit date: Thu Oct 29 20:35:32 2020 -0700
Change-Id: I6500034f5ba66509e06fb18d21b2dcaf7a321874
Original commit hash: 5e47ef324b7c200b1a0eb41da6842ee952e6170e

-------------------------------------------------------------------------------- 
[Changed Files]
RocketLakeBoardPkg/BoardPkg.fdf

================================================================================ 
Commit: 23cd13a081a35d8c69909ec45140d7528f674a93 
Author: ClientSysFWGit <clientsysfwgit@intel.com> 
Date: Thu Nov 12 10:57:27 2020 -0800 
-------------------------------------------------------------------------------- 
Update RKLS_B0 Production patchID to 0x00000012

Hsd-es-id: NA
Original commit date: Thu Oct 29 19:10:50 2020 -0700
Change-Id: If0b490a1238c72ac93fb6e5aa568a3896ccd9262
Original commit hash: 23a9694faa0c9ccbbd7bc6a8476abe8814c02c66

-------------------------------------------------------------------------------- 
[Changed Files]
RocketLakeBoardPkg/BoardPkg.fdf

================================================================================ 
Commit: 4338830ac02be6bcc9ce6f093bbb05f0c88cb3a6 
Author: ClientSysFWGit <clientsysfwgit@intel.com> 
Date: Thu Nov 12 10:57:21 2020 -0800 
-------------------------------------------------------------------------------- 
Update MRC Release Notes and increment MRC build revision

Fri Oct 30 03:03:17 2020 +0000
Original commit date: Fri Oct 30 03:03:17 2020 +0000
Original commit hash: 20de2d8fdb66a9aa03669be8f4d0f39abde6c11e

-------------------------------------------------------------------------------- 
[Changed Files]
ClientOneSiliconPkg/IpBlock/MemoryInit/Rkl/LibraryPrivate/PeiMemoryInitLib/Source/Include/MrcVersion.h

================================================================================ 
Commit: f838260178ca56132d51a26d8e848de9d9cdce37 
Author: ClientSysFWGit <clientsysfwgit@intel.com> 
Date: Thu Nov 12 10:57:14 2020 -0800 
-------------------------------------------------------------------------------- 
[RKL-S] Default memory speed - QS fixs

The change will auto switch frequency and Gear.
1. 3200 G1/G2 2R2R(DualRank) not POR, switch back to 2933G1, mandatory switch.
2. 2933 G2 1R1R,2R2R --> 2933 G1
3. 3200 G1 1R1R --> 3200 G2

Auto switch poits 2 and 3 will be connected to setup option flag in future.

Hsd-es-id: 1308036342
[
Original commit date: Fri Oct 30 00:50:05 2020 +0200
Change-Id: Icdfd7ae184b4dea68c99d2e7876c1e6352faacde
Original commit hash: cb59ff74f06f0a293f2ad1ac34e96f21cf536b7d

-------------------------------------------------------------------------------- 
[Changed Files]
ClientOneSiliconPkg/IpBlock/MemoryInit/Rkl/LibraryPrivate/PeiMemoryInitLib/Source/Api/MrcGeneral.c

================================================================================ 
Commit: bb0324a13bb3d936084445e173c7430a30126dc7 
Author: ClientSysFWGit <clientsysfwgit@intel.com> 
Date: Thu Nov 12 10:57:08 2020 -0800 
-------------------------------------------------------------------------------- 
[TeamCity] RKL Auto-Commit BIOS ID update CI Increment BIOS Major Version () and reset Minor Version to 0

Hsd-es-id: no sighting
Original commit date: Thu Oct 29 01:22:55 2020 -0700
Change-Id: I8d9b8168e44f88e162ef2b497d679f25d94ffab1
Original commit hash: fb81681eecd13ff6da52f001adcfc5a50dbb29a1

-------------------------------------------------------------------------------- 
[Changed Files]
RocketLakeBoardPkg/BiosId.env

================================================================================ 
Commit: f1644be3f12d11cb577793cfe9bc6ae48203b668 
Author: ClientSysFWGit <clientsysfwgit@intel.com> 
Date: Thu Nov 12 10:56:55 2020 -0800 
-------------------------------------------------------------------------------- 
Update MRC Release Notes and increment MRC build revision

Wed Oct 28 19:06:48 2020 +0000
Original commit date: Wed Oct 28 19:06:48 2020 +0000
Original commit hash: f313e6cedaed0eafdc29d96fe9eba1dbaaea1db8

-------------------------------------------------------------------------------- 
[Changed Files]
ClientOneSiliconPkg/IpBlock/MemoryInit/Rkl/LibraryPrivate/PeiMemoryInitLib/Source/Include/MrcVersion.h

================================================================================ 
Commit: c5533db1a84b3a699e06a0c9b5bdc87f2aa65796 
Author: ClientSysFWGit <clientsysfwgit@intel.com> 
Date: Thu Nov 12 10:56:49 2020 -0800 
-------------------------------------------------------------------------------- 
[RKL-S] Default memory speed - switch Policy fixs

The change will auto switch frequency and Gear.
1. 3200 G1/G2 2R2R(DualRank) not POR, switch back to 2933G1, mandatory switch.
2. 2933 G2 1R1R,2R2R --> 2933 G1
3. 3200 G1 1R1R --> 3200 G2

Auto switch poits 2 and 3 will be connected to setup option flag in future.

Hsd-es-id: 1308036342
[
Original commit date: Wed Oct 28 18:12:03 2020 +0200
Change-Id: Ibe4e490278f2e44756de2c9e482782078742f1f4
Original commit hash: 2b2dec9cabc58df262f9d7f43dc6d570e5df9cd4

-------------------------------------------------------------------------------- 
[Changed Files]
ClientOneSiliconPkg/IpBlock/MemoryInit/Rkl/LibraryPrivate/PeiMemoryInitLib/Source/Api/MrcGeneral.c

================================================================================ 
Commit: fab7391502712742cab5ad97cefcc6fa6e729a85 
Author: ClientSysFWGit <clientsysfwgit@intel.com> 
Date: Thu Nov 12 10:56:43 2020 -0800 
-------------------------------------------------------------------------------- 
Revert "Update RKLS_B0 Production patchID to 0x00000010" to patch 0xE

This reverts commit d970a7092dd4df30e88e9e36a45342e86103df98.

Hsd-es-id: N/A
[
Original commit date: Wed Oct 28 11:23:36 2020 -0700
Change-Id: Iefaed7a3519165a9b2763979793f0b05518e91f3
Original commit hash: 36223ae58fd5317852dece2b5f81e42008711f85

-------------------------------------------------------------------------------- 
[Changed Files]
RocketLakeBoardPkg/BoardPkg.fdf

================================================================================ 
Commit: 03e3d6d6c3b3f299ceca8988923c03bf3ff162f2 
Author: ClientSysFWGit <clientsysfwgit@intel.com> 
Date: Thu Nov 12 10:56:36 2020 -0800 
-------------------------------------------------------------------------------- 
[TeamCity] RKL Auto-Commit BIOS ID update CI Increment BIOS Major Version () and reset Minor Version to 0

Hsd-es-id: no sighting
Original commit date: Wed Oct 28 01:09:00 2020 -0700
Change-Id: I31eaa5a26bd5d621669834817ceb3a521b8eaf57
Original commit hash: 4beda3e0e52447a877b928d43a02b58a7530c15e

-------------------------------------------------------------------------------- 
[Changed Files]
RocketLakeBoardPkg/BiosId.env

================================================================================ 
Commit: 3c943545c291a7277721614656888f5fc2eca850 
Author: ClientSysFWGit <clientsysfwgit@intel.com> 
Date: Thu Nov 12 10:56:29 2020 -0800 
-------------------------------------------------------------------------------- 
Update FSP/RC version

Hsd-es-id: N/A
[
Original commit date: Tue Oct 27 15:10:26 2020 -0700
Change-Id: Ib6bdbd3c6df947dea84ebe1ea629f6c3a693f618
Original commit hash: 98afd7bc7cb1441dd3439bd4b8c57fef837b57f3

-------------------------------------------------------------------------------- 
[Changed Files]
ClientOneSiliconPkg/Product/RocketLake/SiPkgPcd.dsc
RocketLakeFspPkg/RocketLakeFspPkg.dsc

================================================================================ 
Commit: f2a4772647202841f2572ab70eeacff23a42ee72 
Author: ClientSysFWGit <clientsysfwgit@intel.com> 
Date: Thu Nov 12 10:56:23 2020 -0800 
-------------------------------------------------------------------------------- 
Revert "ClientOneSiliconPkg/GPIO: Change default NF for CNVI_CLKREQ functionality for GPP_D_6"
This reverts commit 43fc7264f547fc91d6561d4d247352c99294b94b.

Native Functionality for CNVI_CLKREQ should be NF3 for GPP_D_6.
External GPIO spec should be updated accordingly.

Hsd-es-id: 1508286431
Original commit date: Tue Oct 27 10:14:03 2020 +0800
Change-Id: I40021dc33914fbb33bb76579f8d9b69896765ef8
Original commit hash: 43659dd2fce2a4cce3bb4c7f81de83afdfbd2027

-------------------------------------------------------------------------------- 
[Changed Files]
ClientOneSiliconPkg/IpBlock/Gpio/LibraryPrivate/PeiDxeSmmGpioPrivateLib/GpioNativePrivateLibVer2.c

================================================================================ 
Commit: a0af040e0822976485a06a4d2e45c0f5207bd995 
Author: ClientSysFWGit <clientsysfwgit@intel.com> 
Date: Thu Nov 12 10:56:17 2020 -0800 
-------------------------------------------------------------------------------- 
ClientOneSiliconPkg/IpBlock/Graphics: Update CD Clock programming as per latest Bspec
- Updated PLL ratio value for all reference clock
- Updated CD clock divider values

Hsd-es-id: 14012434069
[
Original commit date: Wed Sep 9 00:02:56 2020 +0530
Change-Id: Ie888a909d27eb0bf2d19a8c6c403032fdba7f083
Original commit hash: 487a3b1bd1481060aa7fa3e74c787ef52d9b7709

-------------------------------------------------------------------------------- 
[Changed Files]
ClientOneSiliconPkg/Fru/RklCpu/IncludePrivate/Register/IgdRegs.h
ClientOneSiliconPkg/IpBlock/Graphics/LibraryPrivate/PeiDisplayInitLibGen12/PeiDisplayInitLib.c

================================================================================ 
Commit: 7d7122f34534470723152974794a4357b4c7d3c5 
Author: ClientSysFWGit <clientsysfwgit@intel.com> 
Date: Thu Nov 12 10:56:10 2020 -0800 
-------------------------------------------------------------------------------- 
Disable TXT in case S-ACM reports TXT failed

Any error reported by S-ACM regarding TXT failure (including TPM not provisioned), BIOS will disable TXT setting txt_mode=0 in PEI
and based on that in DXE phase LOCK-CONFIG (aka SCHECK) will not be run;
this will prevent continuous reset.

Hsd-es-id: 14012783163
[
Original commit date: Wed Oct 21 15:16:26 2020 -0700
Change-Id: Id0754ca8370f6e17fdb7b117e85f6c2965b60022
Original commit hash: 2a6545fab683c56e3adfc2810351e184102902e2

-------------------------------------------------------------------------------- 
[Changed Files]
ClientOneSiliconPkg/Cpu/Include/Txt.h
ClientOneSiliconPkg/Cpu/IncludePrivate/Library/TxtPeiLib.h
ClientOneSiliconPkg/Cpu/LibraryPrivate/PeiTxtLib/TxtPei.c
ClientOneSiliconPkg/Cpu/LibraryPrivate/PeiTxtLib/TxtPeiLib.c

================================================================================ 
Commit: 4dbaec4a017571fbc739013240452be7c7ac3af1 
Author: ClientSysFWGit <clientsysfwgit@intel.com> 
Date: Thu Nov 12 10:56:04 2020 -0800 
-------------------------------------------------------------------------------- 
[RKL-S TGP] Integrate the GOP 1046

Hsd-es-id: N/A
[
Original commit date: Thu Oct 22 15:01:54 2020 +0530
Change-Id: Id5e2d03b98a4f72ea0607b38e597aa08c9226d05
Original commit hash: c188a8c8c7cf124b89a964265980acc2e281af79

-------------------------------------------------------------------------------- 
[Changed Files]
ClientOneSiliconPkg/Fru/RklCpu/Graphics/IntelGraphicsPeim/Binaries/IntelGraphicsPeim.efi
ClientOneSiliconPkg/Fru/RklCpu/Graphics/IntelGraphicsPeim/Binaries/IntelGraphicsPeimDebug.efi
RocketLakeFspBinPkg/SampleCode/Vbt/Vbt.bin
RocketLakeFspBinPkg/SampleCode/Vbt/Vbt.json

================================================================================ 
Commit: dded912542903ed22a809a6a7e7259a26476ed95 
Author: ClientSysFWGit <clientsysfwgit@intel.com> 
Date: Thu Nov 12 10:55:57 2020 -0800 
-------------------------------------------------------------------------------- 
RocketLake: replace the warm reset with cold reset when do Hyper thread change

CatError seen on Hyper thread disable/enable in bios config,
use the cold reset to fix the issuse.

Hsd-es-id: 16011591443
[
Original commit date: Tue Oct 20 14:09:26 2020 +0800
Change-Id: Ie6dbd7335193e572806a2e4c80c50196bad9b952
Original commit hash: 12c142994691bcfe3f1167f1acb3e864491b2d5a

-------------------------------------------------------------------------------- 
[Changed Files]
ClientOneSiliconPkg/Fru/RklCpu/LibraryPrivate/PeiCpuInitFruLib/PeiCpuInitFruLib.c

================================================================================ 
Commit: d23c940e682947124c36ebb38df93076c478bfb7 
Author: ClientSysFWGit <clientsysfwgit@intel.com> 
Date: Thu Nov 12 10:55:51 2020 -0800 
-------------------------------------------------------------------------------- 
[RKL-S] [A0][OC] AC/DC Loadline values not getting programmed correctly

- Issue:
  1. VR Load Line settings can't be programmed by BIOS when OC enable.
  2. Incorrect LoadLine value will cause Vcore be over voltage too higher and might cause CPU burning out.
- Solution: Resolved PCODE mailbox not to config Voltage Limit and TDC related.

Hsd-es-id: 16011759367
[
Original commit date: Fri Oct 23 01:03:45 2020 -0700
Change-Id: If8efebd13f09d55db9d39339536c65627bcf3723
Original commit hash: 7c871ffbbcbc238f738e76b9e2fa145337c412ef

-------------------------------------------------------------------------------- 
[Changed Files]
ClientOneSiliconPkg/IpBlock/VoltageRegulator/LibraryPrivate/PeiVrLib/PeiVrLib.c

================================================================================ 
Commit: 02cd4bee0dee13789a5f9a720605ef10a8b57d79 
Author: ClientSysFWGit <clientsysfwgit@intel.com> 
Date: Thu Nov 12 10:55:45 2020 -0800 
-------------------------------------------------------------------------------- 
[RKL] DMI Max Link Speed option hasn't auto train policy, even set AUTO.

Hsd-es-id: 1508449976
Original commit date: Mon Oct 19 20:07:17 2020 +0530
Change-Id: I03bead8c4500b380f8669c1a4471244ffff5c197
Original commit hash: 4ff5829d1e7488fbe3c9fe12a6c8f1ade3b46706

-------------------------------------------------------------------------------- 
[Changed Files]
ClientOneSiliconPkg/Include/ConfigBlock/CpuDmi/CpuDmiPreMemConfig.h
ClientOneSiliconPkg/IpBlock/CpuDmi/LibraryPrivate/PeiCpuDmiInitLibVer2/PeiCpuDmi16.c
RocketLakeFspPkg/Upd/FspmUpd.dsc
RocketLakePlatSamplePkg/Setup/SaSetup.hfr

================================================================================ 
Commit: e5488f8796b01143075fd9f007e3901d4a905461 
Author: ClientSysFWGit <clientsysfwgit@intel.com> 
Date: Thu Nov 12 10:55:37 2020 -0800 
-------------------------------------------------------------------------------- 
RKL-S[TGP][B0]Bifurcation: KH card on peg12 is not getting detected at GEN3 speed only and link is not stable(link in L0 only for 2ns)

BIOS needs to program L0LFFS register per port unlike other presettocoefficient programming which is per controller

Hsd-es-id: 1508474886

Original commit date: Fri Oct 23 13:38:26 2020 +0530
Change-Id: I367a9e2da33c95d7b348aa943a33f50730ce4806
Original commit hash: 47262013ff59444c433cb04d95cca6b952f51882

-------------------------------------------------------------------------------- 
[Changed Files]
ClientOneSiliconPkg/IpBlock/CpuPcieRp/LibraryPrivate/PeiCpuPcieRpInitLib/PeiCpuPcieRpInitLibVer1.c
ClientOneSiliconPkg/IpBlock/CpuPcieRp/LibraryPrivate/PeiCpuPcieSip16InitLib/PeiCpuPcieSip16InitLib.c

================================================================================ 
Commit: 8d4e83b5c16e787b9992fe98871a28db86833550 
Author: ClientSysFWGit <clientsysfwgit@intel.com> 
Date: Thu Nov 12 10:55:30 2020 -0800 
-------------------------------------------------------------------------------- 
Update MRC Release Notes and increment MRC build revision

Tue Oct 27 15:39:11 2020 +0000
Original commit date: Tue Oct 27 15:39:11 2020 +0000
Original commit hash: c2027287b8f0bc9be41a1b3e8d09c5025a64c77d

-------------------------------------------------------------------------------- 
[Changed Files]
ClientOneSiliconPkg/IpBlock/MemoryInit/Rkl/LibraryPrivate/PeiMemoryInitLib/Source/Include/MrcVersion.h

================================================================================ 
Commit: 46c41be4e9eb2c0d2a565f55ca197c9e4dbe0cc4 
Author: ClientSysFWGit <clientsysfwgit@intel.com> 
Date: Thu Nov 12 10:55:24 2020 -0800 
-------------------------------------------------------------------------------- 
Update RKLS_B0 Production patchID to 0x00000010

Hsd-es-id: NA
Original commit date: Mon Oct 26 16:48:23 2020 -0700
Change-Id: I632eaa081df51d8f5e6bd205e17015c6e7697f3c
Original commit hash: d970a7092dd4df30e88e9e36a45342e86103df98

-------------------------------------------------------------------------------- 
[Changed Files]
RocketLakeBoardPkg/BoardPkg.fdf

================================================================================ 
Commit: d012ef72d8e3eb32b312e0d8e43c7be5c6897884 
Author: ClientSysFWGit <clientsysfwgit@intel.com> 
Date: Thu Nov 12 10:55:17 2020 -0800 
-------------------------------------------------------------------------------- 
[RKL-S] Default memory speed - BIOS Policy

This change overrides specific memory frequency inputs to insure better performance.
2933 G2 -> 2933 G1
3200 G1 with 1R DIMMs -> 3200 G2
3200 G1 with 2R DIMMs -> 2933 G1
3200 G2 with 2R DIMMs -> 2933 G1

Hsd-es-id: 1308036342
[
Original commit date: Thu Oct 22 17:24:41 2020 +0300
Change-Id: I320388df8d79013131805310108915b1c3c4e331
Original commit hash: a799f1e87d1df8ca89a33264dce1be57dbbed695

-------------------------------------------------------------------------------- 
[Changed Files]
ClientOneSiliconPkg/IpBlock/MemoryInit/Rkl/LibraryPrivate/PeiMemoryInitLib/Source/Api/MrcGeneral.c

================================================================================ 
Commit: 2cc6b01a8e771c23f8a18a01cc2df5978c21e1bd 
Author: ClientSysFWGit <clientsysfwgit@intel.com> 
Date: Thu Nov 12 10:55:11 2020 -0800 
-------------------------------------------------------------------------------- 
[RKL-S][CML-S-TGP-H][20H2][PM][Regression] Drips are not generating with 1422 bios

Add PEP support for processors 17-20

Hsd-es-id: 16011963308
[
Original commit date: Tue Oct 20 13:59:06 2020 -0700
Change-Id: Ib4f3f70d52c248af488feb9bfb195843bd135ed0
Original commit hash: 32df08e463fa59d74f797e8c2e006b1809115871

-------------------------------------------------------------------------------- 
[Changed Files]
RocketLakePlatSamplePkg/Features/Pep/AcpiTables/Pep.asl

================================================================================ 
Commit: dc3d2a99d5c0389cc2dfb4bfff29740a7e6ce163 
Author: ClientSysFWGit <clientsysfwgit@intel.com> 
Date: Thu Nov 12 10:55:05 2020 -0800 
-------------------------------------------------------------------------------- 
[TeamCity] RKL Auto-Commit BIOS ID update CI Increment BIOS Major Version () and reset Minor Version to 0

Hsd-es-id: no sighting
Original commit date: Tue Oct 27 07:54:43 2020 -0700
Change-Id: Ia678e9c5a35476cac636b27ba441d9dfe0e2fb77
Original commit hash: 043443b7511ee3cdfc068a7e835d46ddb4de9005

-------------------------------------------------------------------------------- 
[Changed Files]
RocketLakeBoardPkg/BiosId.env

================================================================================ 
Commit: a2c44166f3d5ce25b2bd83503de4d86623b91e41 
Author: ClientSysFWGit <clientsysfwgit@intel.com> 
Date: Thu Nov 12 10:54:58 2020 -0800 
-------------------------------------------------------------------------------- 
RocketLakePlatSamplePkg/Features/Dptf/AcpiTables: Fix typographical error in FAN Participant files

Fix typographical error in FAN Participant files.

Hsd-es-id: 1508440725
[
Original commit date: Thu Oct 22 11:32:57 2020 +0800
Change-Id: Ic14d9994110b211f0f81aebb7a9db1f151c0dad8
Original commit hash: 8d1309f4e37a3f0dcfb1aaf46da59f14ac102003

-------------------------------------------------------------------------------- 
[Changed Files]
RocketLakePlatSamplePkg/Features/Dptf/AcpiTables/TFN1Participant.asl
RocketLakePlatSamplePkg/Features/Dptf/AcpiTables/TFN2Participant.asl
RocketLakePlatSamplePkg/Features/Dptf/AcpiTables/TFN3Participant.asl

================================================================================ 
Commit: 525c67ae4d0f1e242d906b2b3046f5d7d657b283 
Author: ClientSysFWGit <clientsysfwgit@intel.com> 
Date: Thu Nov 12 10:54:47 2020 -0800 
-------------------------------------------------------------------------------- 
Disable C6dram for RKL platforms

Hsd-es-id: 22011529139
[
Original commit date: Tue Oct 20 14:59:57 2020 -0700
Change-Id: I4039b6a74d0de5686ee9b15f5c7538c8adb43b60
Original commit hash: 24de7c137ab4cf8c7c2c5d5e5ae1d754f44627cf

-------------------------------------------------------------------------------- 
[Changed Files]
ClientOneSiliconPkg/Cpu/Include/ConfigBlock/CpuSecurityPreMemConfig.h
RocketLakeFspPkg/Upd/FspmUpd.dsc
RocketLakePlatSamplePkg/Setup/CpuSetup.hfr

================================================================================ 
Commit: 0632b2d96af611e674ea160a72d4986af9c32176 
Author: ClientSysFWGit <clientsysfwgit@intel.com> 
Date: Thu Nov 12 10:54:38 2020 -0800 
-------------------------------------------------------------------------------- 
HstiIhvDxe: Removed logic for PRMRR testing

* PRMRR HSTI tests are removed (No SGx and C6DRAM support/POR)

Hsd-es-id: 22011529142
Original commit date: Wed Oct 14 09:59:45 2020 -0700
Change-Id: I7565efa5e67627cd26036638da7470a0f5fd309f
Original commit hash: efeed27ef3f9486d3ce1b46d19d9eb2ce6a0515a

-------------------------------------------------------------------------------- 
[Changed Files]
RocketLakePlatSamplePkg/Features/Hsti/HstiIhvDxe/SecureCpuConfiguration.c

================================================================================ 
Commit: 7decc3b02c6b939ce22d8c35fe93f9f371aff42e 
Author: ClientSysFWGit <clientsysfwgit@intel.com> 
Date: Thu Nov 12 10:54:31 2020 -0800 
-------------------------------------------------------------------------------- 
[TGL-H][P0][Cons][BIOS]:PCH SKU shown as undefined SKU under PCH information

Added defined Sku names in the name display and updated name string based on latest C-Spec
(chap6)

Hsd-es-id: 16011849013
[
Original commit date: Fri Oct 9 11:57:37 2020 -0700
Change-Id: I49c05b0612d127473b4eb9d0e7a1dce1d2f6aa22
Original commit hash: 239bbe48591255b914a66036f087a4db87267730

-------------------------------------------------------------------------------- 
[Changed Files]
ClientOneSiliconPkg/Pch/Include/Register/PchRegsLpcTgl.h
ClientOneSiliconPkg/Pch/Library/PeiDxeSmmPchInfoLib/PchInfoLibTgl.c

================================================================================ 
Commit: a617692ebe890b1f9c908d38bfd42f3f14b08380 
Author: ClientSysFWGit <clientsysfwgit@intel.com> 
Date: Thu Nov 12 10:54:18 2020 -0800 
-------------------------------------------------------------------------------- 
[CMLS/RKLS][TXT]Remove hyperthreading dependency on TXT option

Hsd-es-id: <16011980063>

Original commit date: Tue Oct 20 12:36:32 2020 -0700
Change-Id: Ice823fc15e0c2d99cfc755f11c57d0c37951c507
Original commit hash: 8ebba33f137784a55a71621fdf9a84d3679d6826

-------------------------------------------------------------------------------- 
[Changed Files]
RocketLakePlatSamplePkg/Setup/CpuSetup.hfr

================================================================================ 
Commit: 99e24f4277acd57e0c0fbc8fecea8dd10e2b0f13 
Author: ClientSysFWGit <clientsysfwgit@intel.com> 
Date: Thu Nov 12 10:54:10 2020 -0800 
-------------------------------------------------------------------------------- 
[TeamCity] RKL Auto-Commit BIOS ID update CI Increment BIOS Major Version () and reset Minor Version to 0

Hsd-es-id: no sighting
Original commit date: Mon Oct 26 08:27:45 2020 -0700
Change-Id: I07c31f82e960bd904a8c5c46432e81b45ce6ca57
Original commit hash: 7dc1f9ea08c562d984f079dc8395575e6e22f065

-------------------------------------------------------------------------------- 
[Changed Files]
RocketLakeBoardPkg/BiosId.env

================================================================================ 
Commit: c5fff73940bcd1e95b32dd00f30b0819b4a0e54c 
Author: ClientSysFWGit <clientsysfwgit@intel.com> 
Date: Thu Nov 12 10:54:02 2020 -0800 
-------------------------------------------------------------------------------- 
[TeamCity] RKL Auto-Commit BIOS ID update CI Increment BIOS Major Version () and reset Minor Version to 0

Hsd-es-id: no sighting
Original commit date: Sun Oct 25 05:05:53 2020 -0700
Change-Id: I99f5ff4580da41712175940b35299cc28da667b9
Original commit hash: df34d3aff783111217359a3c357fab306ec09a0e

-------------------------------------------------------------------------------- 
[Changed Files]
RocketLakeBoardPkg/BiosId.env

================================================================================ 
Commit: 2190ce3b81e05ee0159153a44cc7b3afc1eeacbd 
Author: ClientSysFWGit <clientsysfwgit@intel.com> 
Date: Thu Nov 12 10:53:54 2020 -0800 
-------------------------------------------------------------------------------- 
[TeamCity] RKL Auto-Commit BIOS ID update CI Increment BIOS Major Version () and reset Minor Version to 0

Hsd-es-id: no sighting
Original commit date: Sat Oct 24 03:47:48 2020 -0700
Change-Id: Iba42be28cab168571e0a8425a444892131f55283
Original commit hash: 79cb5e0848988c4246861d31a56c4ad61237e548

-------------------------------------------------------------------------------- 
[Changed Files]
RocketLakeBoardPkg/BiosId.env
