================================================================================ 
Commit: ace282472b41b9a07ccc1b6c95db896eb576ea5e 
Author: ClientSysFWGit <clientsysfwgit@intel.com> 
Date: Tue Jan 22 02:06:42 2019 -0800 
-------------------------------------------------------------------------------- 
Update PV RST driver to 17.0.0.3720

Hsd-es-id: N/A
Original commit date: Thu Jan 17 17:58:57 2019 -0800
Change-Id: Ie6ef06c070d51aa5330b7181a5ccc1ba2f9f24b0
Original commit hash: 4442bd097c6d4fc6ab6c9edb258c2634c31aa263

-------------------------------------------------------------------------------- 
[Changed Files]
CannonLakePlatSamplePkg/PlatformInit/PlatformInitDxe/PlatformInitDxe.c

================================================================================ 
Commit: f1610567ee5d0025a20f176956158eb12078c766 
Author: ClientSysFWGit <clientsysfwgit@intel.com> 
Date: Tue Jan 22 02:06:40 2019 -0800 
-------------------------------------------------------------------------------- 
[TeamCity] Weekly Update BIOS ID

Increment BIOS Major Version and reset Minor Version to 0

Thu Jan 17 18:19:56 2019 -0800
Original commit date: Thu Jan 17 18:19:56 2019 -0800
Original commit hash: 1f97dab6d5bf11e598e3947e51e4da97f401e953

-------------------------------------------------------------------------------- 
[Changed Files]
CannonLakePlatSamplePkg/Tools/GenBiosId/BiosId.env

================================================================================ 
Commit: 3931c439dda232c52e036fe663e34a47f5252d58 
Author: ClientSysFWGit <clientsysfwgit@intel.com> 
Date: Tue Jan 22 02:06:39 2019 -0800 
-------------------------------------------------------------------------------- 
Update MRC Release Notes and increment MRC build revision

Fri Jan 18 02:03:02 2019 +0000
Original commit date: Fri Jan 18 02:03:02 2019 +0000
Original commit hash: 5b9ec869f2d01d72c57e982ba727123f2a9aaa5a

-------------------------------------------------------------------------------- 
[Changed Files]
CannonLakeSiliconPkg/SystemAgent/MemoryInitCfl/Library/Private/PeiMemoryInitLib/Source/Include/MrcVersion.h

================================================================================ 
Commit: 73d504144ce8323f33dde434bb00a11264faee61 
Author: ClientSysFWGit <clientsysfwgit@intel.com> 
Date: Tue Jan 22 02:06:37 2019 -0800 
-------------------------------------------------------------------------------- 
Update MRC Release Notes and increment MRC build revision

Fri Jan 18 01:40:43 2019 +0000
Original commit date: Fri Jan 18 01:40:43 2019 +0000
Original commit hash: 8ebaeb0e1ab3a3bb05fb3f90fc6e8e6793940522

-------------------------------------------------------------------------------- 
[Changed Files]
CannonLakeSiliconPkg/SystemAgent/MemoryInit/LibraryPrivate/PeiMemoryInitLib/Source/Include/MrcVersion.h

================================================================================ 
Commit: 7421dfb35083ec0387d860bf54d26cf8f69c2b7a 
Author: ClientSysFWGit <clientsysfwgit@intel.com> 
Date: Tue Jan 22 02:06:36 2019 -0800 
-------------------------------------------------------------------------------- 
CannonLakePlatSamplePkg: [2206399504][CFL-R][MRC] Sporadic memory initialization issues with 4 Double Sided UDIMMs, 2 DIMMs per-channel configuration

We observe sporadic memory initialisation issues when 2 Double Sided Micron 16GB ECC UDIMMs per channel are inserted (after 10-100 boots).
The issue does not occur on non-CFL refresh CPUs
In case of failure MRC cannot pass the TAT training even at initial value, on CH0 during DDRD2WR test

Hsd-es-id: 2205496465
Original commit date: Sun Jan 13 12:37:29 2019 +0200
Change-Id: Ied3d486c22593a3b7209e7527da636968320c4b1
Original commit hash: effc9af2e323581d903d240209a4a996ee116b05

-------------------------------------------------------------------------------- 
[Changed Files]
CannonLakeSiliconPkg/SystemAgent/Include/ConfigBlock/MemoryConfig.h
CannonLakeSiliconPkg/SystemAgent/MemoryInit/Include/Cannonlake/MrcInterface.h
CannonLakeSiliconPkg/SystemAgent/MemoryInit/Include/Coffeelake/MrcInterface.h
CannonLakeSiliconPkg/SystemAgent/MemoryInitCfl/Library/Private/PeiMemoryInitLib/MemoryInit.c
CannonLakeSiliconPkg/SystemAgent/MemoryInitCfl/Library/Private/PeiMemoryInitLib/Source/Api/MrcGeneral.c
CannonLakeSiliconPkg/SystemAgent/MemoryInitCfl/Library/Private/PeiMemoryInitLib/Source/Include/MrcCrosser.h
CannonLakeSiliconPkg/SystemAgent/MemoryInitCfl/Library/Private/PeiMemoryInitLib/Source/ReadTraining/MrcReadReceiveEnable.c
CannonLakeSiliconPkg/SystemAgent/MemoryInitCfl/Library/Private/PeiMemoryInitLib/Source/ReadTraining/MrcReadReceiveEnable.h
CannonLakeSiliconPkg/SystemAgent/MemoryInitCfl/Library/Private/PeiMemoryInitLib/Source/Services/MrcCrosser.c
CannonLakeSiliconPkg/SystemAgent/MemoryInitCfl/MiniBios/MEMORY/MrcSetup.c

================================================================================ 
Commit: 4ba26121e8fd4b369187fc38029441b42d687fdb 
Author: ClientSysFWGit <clientsysfwgit@intel.com> 
Date: Tue Jan 22 02:06:33 2019 -0800 
-------------------------------------------------------------------------------- 
[TeamCity]  Daily Update_FSP/RC

Thu Jan 17 11:37:34 2019 -0800
Original commit date: Thu Jan 17 11:37:34 2019 -0800
Original commit hash: ceba2c9eafcf519d917c1f09de4aae1f7d6f368c

-------------------------------------------------------------------------------- 
[Changed Files]
CannonLakeFspPkg/CannonLakeFspPkg.dec
CannonLakeSiliconPkg/SiPkg.dec

================================================================================ 
Commit: 06dc6e3f18d62426a0baa7d7c6eb35a0f0876d5d 
Author: ClientSysFWGit <clientsysfwgit@intel.com> 
Date: Tue Jan 22 01:53:37 2019 -0800 
-------------------------------------------------------------------------------- 
CFL: Can't disable HDMI PORT B and port C

BIOS should use different delay for disp codecs and hda codecs during verb programming.

Hsd-es-id: 2205496465
Tracker-link: https://hsdes.intel.com/appstore/article/#/2205496465
Attestation-link: CannonLakePlatSamplePkg/InternalOnly/IpPlan/ClientBIOS IP Plan.xlsx
Original commit date: Wed Sep 26 13:09:32 2018 +0200
Change-Id: I3bd31d001d4e08da213de4afdd1cab8b1150af1f
Original commit hash: d0caaed1152a79ff439a2a699a8a2ae847dc7e5a

-------------------------------------------------------------------------------- 
[Changed Files]
CannonLakeSiliconPkg/Pch/Library/Private/PeiHdaInitLib/PeiHdaInitLib.c

================================================================================ 
Commit: 0db623f23060d11f01344464f3050510480e024e 
Author: ClientSysFWGit <clientsysfwgit@intel.com> 
Date: Tue Jan 22 01:53:35 2019 -0800 
-------------------------------------------------------------------------------- 
CFL [CNP-PCH] New CFL Platform VR POR file WW0119

Added CFL-H 4+2 65W PM support

Hsd-es-id: 1806787046

Attestation-link: CannonLakePlatSamplePkg/InternalOnly/IpPlan/ClientBIOS IP Plan.xlsx
Original commit date: Fri Jan 11 17:49:35 2019 -0800
Change-Id: I42a68d0b3cbcac19768ba7d664b2663c8b57f804
Original commit hash: a1b5a11169224160c113d944f937dc381a81db41

-------------------------------------------------------------------------------- 
[Changed Files]
CannonLakeSiliconPkg/Cpu/Include/CpuPowerMgmt.h
CannonLakeSiliconPkg/Cpu/Library/PeiDxeSmmCpuPlatformLib/CpuPlatformLibrary.c
CannonLakeSiliconPkg/Cpu/Library/Private/PeiCpuInitLib/CpuInitPreResetCpl.c
CannonLakeSiliconPkg/Cpu/Library/Private/PeiCpuPowerMgmtLib/PowerLimits.c

================================================================================ 
Commit: 4996285500413f1ec5cce82e30230d0af39f6579 
Author: ClientSysFWGit <clientsysfwgit@intel.com> 
Date: Tue Jan 22 01:53:34 2019 -0800 
-------------------------------------------------------------------------------- 
CannonLakePlatSamplePkg/Tcg2Config: Klocwork issues for Platform based on Daily_182_00_439
Resolution: Provide an initial value

Impacted: CFL

Hsd-es-id: 1507018006
Original commit date: Mon Jan 14 13:06:24 2019 +0800
Change-Id: I08fcf5c045d3e8acc078e5990e23d82ce5cd9244
Original commit hash: ef15acc7ca267fd834fb2a15cc8d0272d1cd174f

-------------------------------------------------------------------------------- 
[Changed Files]
CannonLakePlatSamplePkg/Features/Tcg/Tcg2Config/Tcg2ConfigPeim.c

================================================================================ 
Commit: 82c1655a6b9db96bc9653fc307d5186ae573b460 
Author: ClientSysFWGit <clientsysfwgit@intel.com> 
Date: Tue Jan 22 01:53:33 2019 -0800 
-------------------------------------------------------------------------------- 
System will continuously power on and power off when disabling ME FW via HECI (SoftTemp disable) then clear CMOS.

Implemented Get ME Unconfigurateion State Heci message

Hsd-es-id: 2206615898
Attestation-link: CannonLakePlatSamplePkg/InternalOnly/IpPlan/ClientBIOS IP Plan.xlsx
Original commit date: Wed Jan 16 10:18:28 2019 +0100
Change-Id: I2df0a74760f7f2eb161b88cc3356b8b5f1bd78db
Original commit hash: edaf67d1141404efb6113deb60b422554d96745b

-------------------------------------------------------------------------------- 
[Changed Files]
CannonLakeSiliconPkg/Me/Include/Library/DxeMeLib.h
CannonLakeSiliconPkg/Me/Include/MkhiMsgs.h
CannonLakeSiliconPkg/Me/Library/DxeMeLib/HeciMsgDxeLib.c

================================================================================ 
Commit: de7315598409400f81cc37fcbb6fdeea40fa4b03 
Author: ClientSysFWGit <clientsysfwgit@intel.com> 
Date: Tue Jan 22 01:53:31 2019 -0800 
-------------------------------------------------------------------------------- 
[TeamCity]  Daily Update_FSP/RC

Wed Jan 16 11:36:48 2019 -0800
Original commit date: Wed Jan 16 11:36:48 2019 -0800
Original commit hash: befaf9699191e325fa3072da1fde1e1ea7a44f33

-------------------------------------------------------------------------------- 
[Changed Files]
CannonLakeFspPkg/CannonLakeFspPkg.dec
CannonLakeSiliconPkg/SiPkg.dec

================================================================================ 
Commit: 10a213b6a90b6301bd16482191c698e157fe56bf 
Author: ClientSysFWGit <clientsysfwgit@intel.com> 
Date: Tue Jan 22 01:53:30 2019 -0800 
-------------------------------------------------------------------------------- 
[TeamCity]  Daily Update_FSP/RC

Tue Jan 15 11:38:31 2019 -0800
Original commit date: Tue Jan 15 11:38:31 2019 -0800
Original commit hash: 16b5bf48ddce85aee55f0ccffa17e8ef1012df81

-------------------------------------------------------------------------------- 
[Changed Files]
CannonLakeFspPkg/CannonLakeFspPkg.dec
CannonLakeSiliconPkg/SiPkg.dec

================================================================================ 
Commit: e213df78ad598393495e9af0436e058cbd015f6a 
Author: ClientSysFWGit <clientsysfwgit@intel.com> 
Date: Tue Jan 22 01:53:28 2019 -0800 
-------------------------------------------------------------------------------- 
[TeamCity]  Daily Update_FSP/RC

Mon Jan 14 11:37:09 2019 -0800
Original commit date: Mon Jan 14 11:37:09 2019 -0800
Original commit hash: 5f603ee4c8c87e9cfa34f4bd1fd3e3e6725621cd

-------------------------------------------------------------------------------- 
[Changed Files]
CannonLakeFspPkg/CannonLakeFspPkg.dec
CannonLakeSiliconPkg/SiPkg.dec

================================================================================ 
Commit: 0b7f0171d587c82f5a950de973ff9cafc10dafe7 
Author: ClientSysFWGit <clientsysfwgit@intel.com> 
Date: Tue Jan 22 01:53:27 2019 -0800 
-------------------------------------------------------------------------------- 
[TeamCity] CNL Weekly Update_FSP/RC

Sun Jan 13 12:09:54 2019 -0800
Original commit date: Sun Jan 13 12:09:54 2019 -0800
Original commit hash: cbc3c616205f5f39992e25e25b2f2af65575b337

-------------------------------------------------------------------------------- 
[Changed Files]
CannonLakeFspPkg/CannonLakeFspPkg.dec
CannonLakeSiliconPkg/SiPkg.dec

================================================================================ 
Commit: acdebfa0083ba7fa874ee16f80f7fade05bcf4c6 
Author: ClientSysFWGit <clientsysfwgit@intel.com> 
Date: Tue Jan 22 01:53:26 2019 -0800 
-------------------------------------------------------------------------------- 
[TeamCity]  Daily Update_FSP/RC

Sun Jan 13 11:36:59 2019 -0800
Original commit date: Sun Jan 13 11:36:59 2019 -0800
Original commit hash: f5ca5cc9cc26f59aeea5806d4a1568ed120f8f18

-------------------------------------------------------------------------------- 
[Changed Files]
CannonLakeFspPkg/CannonLakeFspPkg.dec
CannonLakeSiliconPkg/SiPkg.dec

================================================================================ 
Commit: f3c117248a76600b1c1e76745a74432ac4701a8c 
Author: ClientSysFWGit <clientsysfwgit@intel.com> 
Date: Tue Jan 22 01:53:24 2019 -0800 
-------------------------------------------------------------------------------- 
[TeamCity]  Daily Update_FSP/RC

Sat Jan 12 11:39:35 2019 -0800
Original commit date: Sat Jan 12 11:39:35 2019 -0800
Original commit hash: 7106cb2abf69740b8c8c81999b8693569a2837f1

-------------------------------------------------------------------------------- 
[Changed Files]
CannonLakeFspPkg/CannonLakeFspPkg.dec
CannonLakeSiliconPkg/SiPkg.dec

================================================================================ 
Commit: dd23b209da76535e94529b4914c1e6fc6bbc5ecd 
Author: ClientSysFWGit <clientsysfwgit@intel.com> 
Date: Tue Jan 22 01:53:23 2019 -0800 
-------------------------------------------------------------------------------- 
[TeamCity]  Daily Update_FSP/RC

Fri Jan 11 11:37:04 2019 -0800
Original commit date: Fri Jan 11 11:37:04 2019 -0800
Original commit hash: 7c10195f2137cf398f643f4b04dc22527872eea8

-------------------------------------------------------------------------------- 
[Changed Files]
CannonLakeFspPkg/CannonLakeFspPkg.dec
CannonLakeSiliconPkg/SiPkg.dec
================================================================================ 
Commit: 544b02038a10d0fa00dae7f3febff522ab3bbf6e 
Author: ClientSysFWGit <clientsysfwgit@intel.com> 
Date: Sun Jan 20 06:39:04 2019 -0800 
-------------------------------------------------------------------------------- 
 Revert [CFL-S82][CFL-H82][CFL][WHL][FSP]Move Hda Config Lockdown to notify stage but not silicon init stage

-------------------------------------------------------------------------------- 
[Changed Files]
CannonLakeFspBinPkg/Fsp.bsf
CannonLakeFspBinPkg/Include/FspUpd.h
CannonLakeFspBinPkg/Include/FspmUpd.h
CannonLakeFspBinPkg/Include/FspsUpd.h
CannonLakeFspBinPkg/Include/FsptUpd.h
CannonLakeFspPkg/Include/FspUpd.h
CannonLakeFspPkg/Include/FspmUpd.h
CannonLakeFspPkg/Include/FspsUpd.h
CannonLakeFspPkg/Include/FsptUpd.h
CannonLakeFspPkg/Include/HobUsageDataHob.h
CannonLakeSiliconPkg/Pch/Library/Private/PeiHdaInitLib/PeiHdaInitLib.c
CannonLakeSiliconPkg/Pch/PchInit/Dxe/PchInit.c
CannonLakeSiliconPkg/Pch/PchInit/Dxe/PchInit.h

================================================================================ 
Commit: 23ac00e5b943a2ef285d797b563ff39a715d15a0 
Author: ClientSysFWGit <clientsysfwgit@intel.com> 
Date: Sun Jan 20 06:32:49 2019 -0800 
-------------------------------------------------------------------------------- 
[TeamCity] Weekly Update BIOS ID

Increment BIOS Major Version and reset Minor Version to 0

Thu Jan 10 16:52:28 2019 -0800
Original commit date: Thu Jan 10 16:52:28 2019 -0800
Original commit hash: 0bb7372d190f0708fb4fce84060062d51f6f4cae

-------------------------------------------------------------------------------- 
[Changed Files]
CannonLakePlatSamplePkg/Tools/GenBiosId/BiosId.env

================================================================================ 
Commit: 72936835d538b05cafcf3d7ef48b9b76911331c2 
Author: ClientSysFWGit <clientsysfwgit@intel.com> 
Date: Sun Jan 20 06:32:48 2019 -0800 
-------------------------------------------------------------------------------- 
[CFL-S82][CFL-H82][CFL][WHL][FSP]Move Hda Config Lockdown to notify stage but not silicon init stage

Move Hda config Lockdown after PCI enumeration.

Hsd-es-id: 1408649257
Tracker-link: https://hsdes.intel.com/appstore/article/#/1408649257
Attestation-link: CannonLakePlatSamplePkg/InternalOnly/IpPlan/ClientBIOS IP Plan.xlsx
Original commit date: Fri Jan 4 15:56:01 2019 +0100
Change-Id: I8b8f30ce3d3f3d2fc7e6651f3403c048c06fd861
Original commit hash: 55c54dee09aaa8d876fb60e151dd00db7ba041b1

-------------------------------------------------------------------------------- 
[Changed Files]
CannonLakeSiliconPkg/Pch/Library/Private/PeiHdaInitLib/PeiHdaInitLib.c
CannonLakeSiliconPkg/Pch/PchInit/Dxe/PchInit.c
CannonLakeSiliconPkg/Pch/PchInit/Dxe/PchInit.h

================================================================================ 
Commit: b752b1d083dfbcf4fda6cd15c9f3e0fd871741d1 
Author: ClientSysFWGit <clientsysfwgit@intel.com> 
Date: Sun Jan 20 06:32:46 2019 -0800 
-------------------------------------------------------------------------------- 
CannonLakePlatSamplePkg/Tcg2Smm: Verify HLK test "TPM 2.0 - Supplemental test" with FTPM is failing

Resolution:
  Only support interrupt with dTPM 2.0

Impacted Platform: CNL/CFL/WHL

Hsd-es-id: 1606889992
Original commit date: Thu Jan 10 14:53:45 2019 +0800
Change-Id: Ib4d4a91e46b6ba0666f660b0578c234f36b87584
Original commit hash: 3f34ea54003a464a480bb5d214f7d84969b3229e

-------------------------------------------------------------------------------- 
[Changed Files]
CannonLakePlatSamplePkg/Features/Tcg/Tcg2Config/Tcg2Config.vfr
CannonLakePlatSamplePkg/Features/Tcg/Tcg2Config/Tcg2ConfigDriver.c
CannonLakePlatSamplePkg/Features/Tcg/Tcg2Config/Tcg2ConfigDxe.inf
CannonLakePlatSamplePkg/Features/Tcg/Tcg2Config/Tcg2ConfigDxe.uni
CannonLakePlatSamplePkg/Features/Tcg/Tcg2Config/Tcg2ConfigDxeExtra.uni
CannonLakePlatSamplePkg/Features/Tcg/Tcg2Config/Tcg2ConfigImpl.c
CannonLakePlatSamplePkg/Features/Tcg/Tcg2Config/Tcg2ConfigImpl.h
CannonLakePlatSamplePkg/Features/Tcg/Tcg2Config/Tcg2ConfigNvData.h
CannonLakePlatSamplePkg/Features/Tcg/Tcg2Config/Tcg2ConfigPei.inf
CannonLakePlatSamplePkg/Features/Tcg/Tcg2Config/Tcg2ConfigPei.uni
CannonLakePlatSamplePkg/Features/Tcg/Tcg2Config/Tcg2ConfigPeiExtra.uni
CannonLakePlatSamplePkg/Features/Tcg/Tcg2Config/Tcg2ConfigPeim.c
CannonLakePlatSamplePkg/Features/Tcg/Tcg2Config/Tcg2ConfigStrings.uni
CannonLakePlatSamplePkg/Features/Tcg/Tcg2Config/TpmDetection.c
CannonLakePlatSamplePkg/Override/DoxygenRpOverride.h
CannonLakePlatSamplePkg/PlatformPkg.dsc
CannonLakePlatSamplePkg/PlatformPkg.fdf

================================================================================ 
Commit: 4b413fab0e53c9e01f05b5d8071ceb55e5619fb4 
Author: ClientSysFWGit <clientsysfwgit@intel.com> 
Date: Sun Jan 20 06:32:44 2019 -0800 
-------------------------------------------------------------------------------- 
[CFL-S-CORP 8+2] [TBT-VTd] Enable IOMMU

Allow Pre-boot DMAr enabling on CFL-S 82 CORP

Hsd-es-id: 2206373891
Original commit date: Tue Nov 27 15:30:49 2018 +0800
Change-Id: I84eae62d35060177bcdcd24d74a711966d3e3347
Original commit hash: 881e8d868884218faa55e53a5fe17153e2d32775

-------------------------------------------------------------------------------- 
[Changed Files]
CannonLakePlatSamplePkg/Features/Tbt/Include/Library/DxeCheckIommuSupportLib.h
CannonLakePlatSamplePkg/Features/Tbt/Library/DxeCheckIommuSupportLib/DxeCheckIommuSupportLib.c
CannonLakePlatSamplePkg/Features/Tbt/Library/DxeCheckIommuSupportLib/DxeCheckIommuSupportLib.inf
CannonLakePlatSamplePkg/Features/Tbt/Library/PeiCheckIommuSupportLib/PeiCheckIommuSupportLib.c
CannonLakePlatSamplePkg/Features/Tbt/Library/PeiCheckIommuSupportLib/PeiCheckIommuSupportLib.inf
CannonLakePlatSamplePkg/Features/Tbt/PlatformVTdSampleDxe/PlatformVTdSampleDxe.c
CannonLakePlatSamplePkg/Features/Tbt/PlatformVTdSampleDxe/PlatformVTdSampleDxe.inf
CannonLakePlatSamplePkg/PlatformPkg.dec
CannonLakePlatSamplePkg/PlatformPkg.dsc
CannonLakePlatSamplePkg/Setup/TbtSetup.c

================================================================================ 
Commit: 57b0af14127354a9d444b5ce0453cfed9038e087 
Author: ClientSysFWGit <clientsysfwgit@intel.com> 
Date: Sun Jan 20 06:32:42 2019 -0800 
-------------------------------------------------------------------------------- 
CannonLakePlatSamplePkg: While reverting Admin to factory defaults with Keep user data disabled pop up with incorrect information is coming

Add override tag.

Hsd-es-id: 1606812348
Original commit date: Tue Jan 8 17:36:22 2019 +0800
Change-Id: I84de0d7114c8bdfa539891125ab45e911244ed5c
Original commit hash: 12db051668c6467a749e48f755f9c3c0f6165e58

-------------------------------------------------------------------------------- 
[Changed Files]
CannonLakePlatSamplePkg/Override/DoxygenRpOverride.h
CannonLakePlatSamplePkg/Override/SecurityPkg/Tcg/Opal/OpalPassword/OpalDriver.c

================================================================================ 
Commit: c03c9c75fdd805fca6f8feeed15de150d4a0e348 
Author: ClientSysFWGit <clientsysfwgit@intel.com> 
Date: Sun Jan 20 06:32:38 2019 -0800 
-------------------------------------------------------------------------------- 
[TeamCity]  Daily Update_FSP/RC

Thu Jan 10 11:38:06 2019 -0800
Original commit date: Thu Jan 10 11:38:06 2019 -0800
Original commit hash: 718505a29f84ef937b715374cbd694500292a184

-------------------------------------------------------------------------------- 
[Changed Files]
CannonLakeFspPkg/CannonLakeFspPkg.dec
CannonLakeSiliconPkg/SiPkg.dec

================================================================================ 
Commit: e419c61eca590d3e015601f35cf2d8d432065bc4 
Author: ClientSysFWGit <clientsysfwgit@intel.com> 
Date: Sun Jan 20 06:32:37 2019 -0800 
-------------------------------------------------------------------------------- 
[1506872378][OC feature test]Support tRRD_L and tRRD_S control ID

Hsd-es-id: 1506872378
Original commit date: Mon Nov 12 12:23:57 2018 +0800
Change-Id: Id96ad9c015ed2a542b02dd9183460aba47d2a7b9
Original commit hash: 2ae8868b2a746550f0b32baf222bb833b654b6fd

-------------------------------------------------------------------------------- 
[Changed Files]
CannonLakePlatSamplePkg/Features/OverClocking/OverClockInit/DxeOverClock.c
CannonLakePlatSamplePkg/Features/OverClocking/OverclockInterface/OverClockSmiHandler.c
CannonLakePlatSamplePkg/Features/OverClocking/OverclockInterface/OverClockSmiHandler.h
CannonLakePlatSamplePkg/Features/OverClocking/OverclockInterface/OverClockSmiHandler.inf
CannonLakePlatSamplePkg/Features/OverClocking/OverclockInterface/OverclockInterface.c
CannonLakePlatSamplePkg/Features/OverClocking/OverclockInterface/OverclockInterface.h
CannonLakePlatSamplePkg/Features/OverClocking/OverclockInterface/OverclockInterfaceACPI.asl
CannonLakePlatSamplePkg/Include/OcSetupVariable.h
CannonLakePlatSamplePkg/Setup/OverClockSetup.c
CannonLakePlatSamplePkg/Setup/Setup.inf

================================================================================ 
Commit: cc2f00d4db4f3a016a9733d69fd6f860d7158f8b 
Author: ClientSysFWGit <clientsysfwgit@intel.com> 
Date: Sun Jan 20 06:32:34 2019 -0800 
-------------------------------------------------------------------------------- 
[CNL] Move the unused override tag into correct area.

To move the unused override tag into "retired" region.

Hsd-es-id: 1506992672
Attestation-link: CannonLakePlatSamplePkg/InternalOnly/IpPlan/ClientBIOS IP Plan.xlsx
Original commit date: Tue Dec 25 16:48:03 2018 +0800
Change-Id: I68bd202dfb40b6a107625a64a90fa82fd223528b
Original commit hash: 529418080f8f38aedaa7049fe6bc103084ffb724

-------------------------------------------------------------------------------- 
[Changed Files]
CannonLakePlatSamplePkg/Override/DoxygenRpOverride.h
CannonLakePlatSamplePkg/PlatformPkg.dsc
CannonLakePlatSamplePkg/PlatformPkg.fdf

================================================================================ 
Commit: 4b24b323afeade08ef2652b660aa5aa1759d13b1 
Author: ClientSysFWGit <clientsysfwgit@intel.com> 
Date: Sun Jan 20 06:32:28 2019 -0800 
-------------------------------------------------------------------------------- 
[TeamCity]  Daily Update_FSP/RC

Wed Jan 9 11:36:55 2019 -0800
Original commit date: Wed Jan 9 11:36:55 2019 -0800
Original commit hash: ed4f20fba769f0c8a644dfe2d482bc6593a992c9

-------------------------------------------------------------------------------- 
[Changed Files]
CannonLakeFspPkg/CannonLakeFspPkg.dec
CannonLakeSiliconPkg/SiPkg.dec

================================================================================ 
Commit: ffef77aee2c299b06738d1a31c2f46256dd1ffa2 
Author: ClientSysFWGit <clientsysfwgit@intel.com> 
Date: Sun Jan 20 06:32:27 2019 -0800 
-------------------------------------------------------------------------------- 
[TeamCity]  Daily Update_FSP/RC

Tue Jan 8 11:37:23 2019 -0800
Original commit date: Tue Jan 8 11:37:23 2019 -0800
Original commit hash: 4ecfe82a87b26fda2c4506e01e64b37f76c93634

-------------------------------------------------------------------------------- 
[Changed Files]
CannonLakeFspPkg/CannonLakeFspPkg.dec
CannonLakeSiliconPkg/SiPkg.dec

================================================================================ 
Commit: 89f03882e43c15d05e4a1446aaac8101ccb5d4da 
Author: ClientSysFWGit <clientsysfwgit@intel.com> 
Date: Sun Jan 20 06:32:26 2019 -0800 
-------------------------------------------------------------------------------- 
[CFL] Klocwork issues for PCH based on Daily_184_00_454

"Status" might be used uninitialized in this function.

Hsd-es-id: 1507004347
Original commit date: Tue Jan 8 09:17:20 2019 +0800
Change-Id: If835e1413e1c0f69bfeb6eb84fd9ff6e7e751a0a
Original commit hash: 9db5d0b1db5f1a92d6074eb59e7e1a91264e87a1

-------------------------------------------------------------------------------- 
[Changed Files]
CannonLakeSiliconPkg/Pch/PchInit/Dxe/PchHdaAcpi.c

================================================================================ 
Commit: 817ba690b71cabe9dbdc57d7d55cfabf6ab2d5e9 
Author: ClientSysFWGit <clientsysfwgit@intel.com> 
Date: Sun Jan 20 06:32:24 2019 -0800 
-------------------------------------------------------------------------------- 
[TeamCity]  Daily Update_FSP/RC

Mon Jan 7 11:37:18 2019 -0800
Original commit date: Mon Jan 7 11:37:18 2019 -0800
Original commit hash: ed6685fc497ca020555bbe1bc5e614c0ef67185a

-------------------------------------------------------------------------------- 
[Changed Files]
CannonLakeFspPkg/CannonLakeFspPkg.dec
CannonLakeSiliconPkg/SiPkg.dec

================================================================================ 
Commit: 63c9da94c7cc7fcb1023bfb63ab468b737dd4f00 
Author: ClientSysFWGit <clientsysfwgit@intel.com> 
Date: Sun Jan 20 06:32:23 2019 -0800 
-------------------------------------------------------------------------------- 
[TeamCity] CNL Weekly Update_FSP/RC

Sun Jan 6 12:06:25 2019 -0800
Original commit date: Sun Jan 6 12:06:25 2019 -0800
Original commit hash: cdd8480bd9f0e759d29104df4afa476c9aa16ccf

-------------------------------------------------------------------------------- 
[Changed Files]
CannonLakeFspPkg/CannonLakeFspPkg.dec
CannonLakeSiliconPkg/SiPkg.dec

================================================================================ 
Commit: f61eed21115a6c537fe7b5d378661a019664a868 
Author: ClientSysFWGit <clientsysfwgit@intel.com> 
Date: Sun Jan 20 06:32:21 2019 -0800 
-------------------------------------------------------------------------------- 
[TeamCity]  Daily Update_FSP/RC

Sun Jan 6 11:36:57 2019 -0800
Original commit date: Sun Jan 6 11:36:57 2019 -0800
Original commit hash: 95f3bb054a2b431bd0985696d2e0ea54e6493361

-------------------------------------------------------------------------------- 
[Changed Files]
CannonLakeFspPkg/CannonLakeFspPkg.dec
CannonLakeSiliconPkg/SiPkg.dec

================================================================================ 
Commit: 168a76b37f0506990e0405b9977a8b66856af0d1 
Author: ClientSysFWGit <clientsysfwgit@intel.com> 
Date: Sun Jan 20 06:32:20 2019 -0800 
-------------------------------------------------------------------------------- 
[TeamCity]  Daily Update_FSP/RC

Sat Jan 5 11:39:37 2019 -0800
Original commit date: Sat Jan 5 11:39:37 2019 -0800
Original commit hash: cb9ee90d708a8f41b9d31bb667af40d20e0ad5dd

-------------------------------------------------------------------------------- 
[Changed Files]
CannonLakeFspPkg/CannonLakeFspPkg.dec
CannonLakeSiliconPkg/SiPkg.dec

================================================================================ 
Commit: 2772db13c732c453e200eef21cfd1e7568dccec6 
Author: ClientSysFWGit <clientsysfwgit@intel.com> 
Date: Sun Jan 20 06:32:19 2019 -0800 
-------------------------------------------------------------------------------- 
[TeamCity] Weekly Update BIOS ID

Increment BIOS Major Version and reset Minor Version to 0

Fri Jan 4 20:15:13 2019 -0800
Original commit date: Fri Jan 4 20:15:13 2019 -0800
Original commit hash: b1ad5f5d3dceaebdce0ca8af7b2bfc8ea7c4a086

-------------------------------------------------------------------------------- 
[Changed Files]
CannonLakePlatSamplePkg/Tools/GenBiosId/BiosId.env

================================================================================ 
Commit: e730136cd41ffd9d2d2758e99c78bfc25f1c9628 
Author: ClientSysFWGit <clientsysfwgit@intel.com> 
Date: Sun Jan 20 06:32:18 2019 -0800 
-------------------------------------------------------------------------------- 
[1909285931] intel XTU tool "Process Cache default value" is 8.000x, when default value of control ID 0x4c is reported "0"

Hsd-es-id: 1909285931
Original commit date: Tue Dec 25 15:37:40 2018 +0800
Change-Id: Iae74bde73473bc68d5694a92ae1f748e3b4df687
Original commit hash: 834318f6320de4726ba57b861719655c8adb01e8

-------------------------------------------------------------------------------- 
[Changed Files]
CannonLakePlatSamplePkg/Features/OverClocking/OverClockInit/DxeOverClock.c
CannonLakePlatSamplePkg/Features/OverClocking/OverclockInterface/OverclockInterface.c

================================================================================ 
Commit: 5a1da4cb07de677457bd963323369081eb5c16b3 
Author: ClientSysFWGit <clientsysfwgit@intel.com> 
Date: Sun Jan 20 06:32:15 2019 -0800 
-------------------------------------------------------------------------------- 
[TeamCity] Auto-Commit FSP

Fri Jan 4 17:05:01 2019 -0800
Original commit date: Fri Jan 4 17:05:01 2019 -0800
Original commit hash: e5bb78e890886ffb6fd128d75f157d16a6971c7f

-------------------------------------------------------------------------------- 
[Changed Files]
CannonLakeFspBinPkg/Fsp.bsf

================================================================================ 
Commit: 51bc30cf1cd811da491b6c9e98ce2dae5512bb65 
Author: ClientSysFWGit <clientsysfwgit@intel.com> 
Date: Sun Jan 20 06:32:14 2019 -0800 
-------------------------------------------------------------------------------- 
Update MRC Release Notes and increment MRC build revision

Sat Jan 5 00:11:43 2019 +0000
Original commit date: Sat Jan 5 00:11:43 2019 +0000
Original commit hash: a3df32429cd7c5090bf1c61aadd859b140f9731e

-------------------------------------------------------------------------------- 
[Changed Files]
CannonLakeSiliconPkg/SystemAgent/MemoryInitCfl/Library/Private/PeiMemoryInitLib/Source/Include/MrcVersion.h

================================================================================ 
Commit: d74704d04e053a9ca5d3eaf33fac48403779d4b6 
Author: ClientSysFWGit <clientsysfwgit@intel.com> 
Date: Sun Jan 20 06:32:12 2019 -0800 
-------------------------------------------------------------------------------- 
CannonLakeSiliconPkg: [CFL] Possible Out-of-bounds memory read in DCTT

When NoMarginOperation is set within DCTT, and MarginRunNumber is equal to zero there is apossibly array out-of-bounds access.

This change adds additional conditional checks to avoid such cases from being possible.

Original commit date: Mon Dec 31 14:15:28 2018 -0800
Change-Id: If359e26c4924b4d5c0ae7d46b39479777685f0c7
Original commit hash: 5953aa69baee6a6280d099eb9cd3e3bb73973b43

-------------------------------------------------------------------------------- 
[Changed Files]
CannonLakeSiliconPkg/SystemAgent/MemoryInitCfl/Library/Private/PeiMemoryInitLib/Source/DimmCellTest/Source/DcttMain.c

================================================================================ 
Commit: bc56114f9aa9a5dbfbff2fccc4fc5d30ed190ced 
Author: ClientSysFWGit <clientsysfwgit@intel.com> 
Date: Sun Jan 20 06:32:11 2019 -0800 
-------------------------------------------------------------------------------- 
[Gaming][CoffeeLake-S]Processor cache ratio cannot be kept and it is loaded default after system restarts.

-Added maxRingRatio to the OcSetupData so it can be updated along with MaxOcRingRatio.

Hsd-es-id: 1506990398
Original commit date: Fri Dec 21 15:56:43 2018 -0800
Change-Id: I1e4c62892cda5d0fc6358cd5b9fcdbcd12e2ec60
Original commit hash: f9a6b0cd6d90670150f98e1931f6017db624d6c3

-------------------------------------------------------------------------------- 
[Changed Files]
CannonLakePlatSamplePkg/Features/OverClocking/OverClockInit/DxeOverClock.c
CannonLakePlatSamplePkg/Features/OverClocking/OverclockInterface/OverClockSmiHandler.c
CannonLakePlatSamplePkg/Include/OcSetupVariable.h

================================================================================ 
Commit: 68de9e06e29a152b2b96162aaad0c2dc6a7c7d3e 
Author: ClientSysFWGit <clientsysfwgit@intel.com> 
Date: Sun Jan 20 06:32:09 2019 -0800 
-------------------------------------------------------------------------------- 
Move platform specific NHLT code from Silicon package to Platform package

Currently, the platform specific NHLT code on KBL and CNL branch is part of SiliconPkg.
It should be moved it to PlatformPkg because Intel does not recommend OEM/ODM/IBV to modify
Silicon Initialization Code (SIC). This code change is required when DMIC connected to PCH,
and the following customer designs have DMIC connected to PCH.

Old NHLT flow is still suported and its enabled by default.
Old flow is enabled by option in PCH setup named PchHdAudioNhltDefaultFlow.
New flow is enabled when option is set to False in other case old flow is used.

Hsd-es-id: 1605601856
Tracker-link: https://hsdes.intel.com/appstore/article/#/1605601856
Attestation-link: CannonLakePlatSamplePkg/InternalOnly/IpPlan/ClientBIOS IP Plan.xlsx
Original commit date: Thu Dec 27 16:18:23 2018 +0100
Change-Id: I66d9f3ac51fd1f5d1ec127331567b425b95291a7
Original commit hash: c113d5d90534cec2e88832fd9df9ac45edcb318e

-------------------------------------------------------------------------------- 
[Changed Files]
CannonLakePlatSamplePkg/Acpi/AcpiTables/AcpiPlatform/Dxe/AcpiPlatform.c
CannonLakePlatSamplePkg/Acpi/AcpiTables/AcpiPlatform/Dxe/AcpiPlatform.inf
CannonLakePlatSamplePkg/Include/Library/DxeInstallNhltTableLib.h
CannonLakePlatSamplePkg/Include/SetupVariable.h
CannonLakePlatSamplePkg/Library/DxeInstallNhltTableLib/DxeCreateNhltTableLib.c
CannonLakePlatSamplePkg/Library/DxeInstallNhltTableLib/DxeCreateNhltTableLib.h
CannonLakePlatSamplePkg/Library/DxeInstallNhltTableLib/DxeInstallNhltTableLib.c
CannonLakePlatSamplePkg/Library/DxeInstallNhltTableLib/DxeInstallNhltTableLib.inf
CannonLakePlatSamplePkg/Library/DxeInstallNhltTableLib/NhltConfig.c
CannonLakePlatSamplePkg/Library/DxeInstallNhltTableLib/NhltEndpoints.c
CannonLakePlatSamplePkg/Library/DxeInstallNhltTableLib/NhltEndpoints.h
CannonLakePlatSamplePkg/Library/DxePolicyUpdateLib/DxePchPolicyUpdate.c
CannonLakePlatSamplePkg/PlatformPkg.dsc
CannonLakePlatSamplePkg/Setup/PchSetup.hfr
CannonLakePlatSamplePkg/Setup/PchSetup.uni
CannonLakeSiliconPkg/Pch/Include/ConfigBlock/HdAudioConfig.h
CannonLakeSiliconPkg/Pch/Include/DxeHdaNhlt.h
CannonLakeSiliconPkg/Pch/Include/Library/DxeHdaNhltLib.h
CannonLakeSiliconPkg/Pch/Library/DxeHdaNhltLib/DxeHdaNhltLib.c
CannonLakeSiliconPkg/Pch/Library/DxeHdaNhltLib/DxeHdaNhltLib.inf
CannonLakeSiliconPkg/Pch/Library/DxePchPolicyLib/DxePchPolicyLib.c
CannonLakeSiliconPkg/Pch/PchInit/Dxe/PchHdaAcpi.c
CannonLakeSiliconPkg/SiPkgDxeLib.dsc

================================================================================ 
Commit: 5088edd11493298ffc79bd078206323a6c7fa56d 
Author: ClientSysFWGit <clientsysfwgit@intel.com> 
Date: Sun Jan 20 06:32:07 2019 -0800 
-------------------------------------------------------------------------------- 
[TeamCity]  Daily Update_FSP/RC

Fri Jan 4 11:37:06 2019 -0800
Original commit date: Fri Jan 4 11:37:06 2019 -0800
Original commit hash: f77e0d1b0842321e5f3ff2f718ea4fdde37cddc9

-------------------------------------------------------------------------------- 
[Changed Files]
CannonLakeFspPkg/CannonLakeFspPkg.dec
CannonLakeSiliconPkg/SiPkg.dec

================================================================================ 
Commit: 4a57f362099ca5a8f1f26a6171ef7b857ae37de2 
Author: ClientSysFWGit <clientsysfwgit@intel.com> 
Date: Sun Jan 20 06:32:05 2019 -0800 
-------------------------------------------------------------------------------- 
Update MRC Release Notes and increment MRC build revision

Fri Jan 4 01:00:13 2019 +0000
Original commit date: Fri Jan 4 01:00:13 2019 +0000
Original commit hash: 11b70243538b23da8c19b75e07014ee850d2f0ee

-------------------------------------------------------------------------------- 
[Changed Files]
CannonLakeSiliconPkg/SystemAgent/MemoryInitCfl/Library/Private/PeiMemoryInitLib/Source/Include/MrcVersion.h

================================================================================ 
Commit: 46a5ef604d94214e43b2946a90e1b654f3a621f4 
Author: ClientSysFWGit <clientsysfwgit@intel.com> 
Date: Sun Jan 20 06:32:04 2019 -0800 
-------------------------------------------------------------------------------- 
CannonLakePlatSamplePkg: [CFL_S_82][P0 Full-Stack Refresh] System freezes and CATERR after boot


Original commit date: Wed Dec 19 16:55:21 2018 +0200
Change-Id: I47898571c83ab39374d435d14d68d08b73c83f74
Original commit hash: a769e877409de82728a2f75725d476f1e8b0194b

-------------------------------------------------------------------------------- 
[Changed Files]
CannonLakeSiliconPkg/SystemAgent/MemoryInitCfl/Library/Private/PeiMemoryInitLib/Source/Include/MrcCrosser.h
CannonLakeSiliconPkg/SystemAgent/MemoryInitCfl/Library/Private/PeiMemoryInitLib/Source/Services/MrcCrosser.c

================================================================================ 
Commit: 647b466b5d0f09482081cdbba20cf1ddd8e979d1 
Author: ClientSysFWGit <clientsysfwgit@intel.com> 
Date: Sun Jan 20 06:32:02 2019 -0800 
-------------------------------------------------------------------------------- 
CannonLakePlatSamplePkg: While reverting Admin to factory defaults with Keep user data disabled pop up with incorrect information is coming

Removed warning for a long time waiting when "keep user data" has checked.

Hsd-es-id: 1606812348
Original commit date: Wed Dec 19 12:41:37 2018 +0800
Change-Id: I01d945f26fbb243444aabd746823869f00b5fea7
Original commit hash: eb20f925d2ff472727ff35b346e34c69de4c052e

-------------------------------------------------------------------------------- 
[Changed Files]
CannonLakePlatSamplePkg/Override/SecurityPkg/Tcg/Opal/OpalPassword/OpalDriver.c

================================================================================ 
Commit: 14bddf69c3b85fb84ebecb5cf2022834540f48d7 
Author: ClientSysFWGit <clientsysfwgit@intel.com> 
Date: Sun Jan 20 06:32:01 2019 -0800 
-------------------------------------------------------------------------------- 
The Error "(A7) Me FW Downgrade - Request MeSpiLock Failed" Pops up after
ME FW Recovery when ME is in Soft-Temp Disable Mode

Original commit date: Fri Dec 28 08:51:26 2018 +0100
Change-Id: I175d5b168513d082485a0550bb55574dfd47bf26
Original commit hash: 402d33fb9906701b8f57c25ceac233f2ccbf5ac9

-------------------------------------------------------------------------------- 
[Changed Files]
CannonLakeSiliconPkg/Me/Include/Private/Library/HeciInitLib.h

================================================================================ 
Commit: cecd83fce949cfe9467a6f6d9934bbacb2b7f40a 
Author: ClientSysFWGit <clientsysfwgit@intel.com> 
Date: Sun Jan 20 06:31:59 2019 -0800 
-------------------------------------------------------------------------------- 
[CNL] Correct the override tag and description of RPPO-SKL-0025

To update the description and correct the tag that make code track more easy.

Hsd-es-id: 1506997054
Attestation-link: CannonLakePlatSamplePkg/InternalOnly/IpPlan/ClientBIOS IP Plan.xlsx
Original commit date: Wed Dec 26 18:48:40 2018 +0800
Change-Id: Ie2be3e4b8d960da2a10811d915f3d79940750487
Original commit hash: e486365251905fa5fa1ec1dbfc078e77b308cc74

-------------------------------------------------------------------------------- 
[Changed Files]
CannonLakePlatSamplePkg/Override/DoxygenRpOverride.h
CannonLakePlatSamplePkg/Override/MdeModulePkg/Bus/Pci/PciBusDxe/PciBus.h
CannonLakePlatSamplePkg/Override/MdeModulePkg/Bus/Pci/PciBusDxe/PciBusDxe.inf
CannonLakePlatSamplePkg/Override/MdeModulePkg/Bus/Pci/PciBusDxe/PciDeviceSupport.c
CannonLakePlatSamplePkg/Override/MdeModulePkg/Bus/Pci/PciBusDxe/PciEnumeratorSupport.c

================================================================================ 
Commit: 695a693726e3cf515f0e041a3808e0bb2c2da0bc 
Author: ClientSysFWGit <clientsysfwgit@intel.com> 
Date: Sun Jan 20 06:31:58 2019 -0800 
-------------------------------------------------------------------------------- 
SUT can't boot with TG storage after pull high HDA_SDO switch

Check the return value from HECI message is successful before performing any Teton Glacier related configuration.

Hsd-es-id: 1408740335

Attestation-link: CannonLakePlatSamplePkg/InternalOnly/IpPlan/Client BIOS IP Plan.xlsx

Original commit date: Thu Dec 27 15:12:33 2018 -0800
Change-Id: I2b6be6361f49d08ca996ec32bee6d115055e5e6c
Original commit hash: d097ac6b3763da039f0b427c8d2b236c14abe936

-------------------------------------------------------------------------------- 
[Changed Files]
CannonLakeSiliconPkg/Pch/Library/Private/PeiPchInitLib/PchRootPorts.c
CannonLakeSiliconPkg/Pch/Library/Private/PeiPchPcieClocksLib/PeiPchPcieClocksLib.c

================================================================================ 
Commit: d4e75d80cd6cf31d7b17b74c855e356fd053ff59 
Author: ClientSysFWGit <clientsysfwgit@intel.com> 
Date: Sun Jan 20 06:31:56 2019 -0800 
-------------------------------------------------------------------------------- 
[TeamCity]  Daily Update_FSP/RC

Thu Jan 3 11:37:30 2019 -0800
Original commit date: Thu Jan 3 11:37:30 2019 -0800
Original commit hash: 092263e15bb147fe2a8dfe009023520683353405

-------------------------------------------------------------------------------- 
[Changed Files]
CannonLakeFspPkg/CannonLakeFspPkg.dec
CannonLakeSiliconPkg/SiPkg.dec

================================================================================ 
Commit: 2141d8177a570b8d44b001123d651706671b3690 
Author: ClientSysFWGit <clientsysfwgit@intel.com> 
Date: Sun Jan 20 06:31:55 2019 -0800 
-------------------------------------------------------------------------------- 
[TeamCity]  Daily Update_FSP/RC

Wed Jan 2 11:36:45 2019 -0800
Original commit date: Wed Jan 2 11:36:45 2019 -0800
Original commit hash: 0ed00d7e0806140f92f17287303377cbf3eab510

-------------------------------------------------------------------------------- 
[Changed Files]
CannonLakeFspPkg/CannonLakeFspPkg.dec
CannonLakeSiliconPkg/SiPkg.dec

================================================================================ 
Commit: 30439bcc61a6b4060fea57e69862d2d4e8b06fe4 
Author: ClientSysFWGit <clientsysfwgit@intel.com> 
Date: Sun Jan 20 06:31:54 2019 -0800 
-------------------------------------------------------------------------------- 
[TeamCity]  Daily Update_FSP/RC

Tue Jan 1 11:36:32 2019 -0800
Original commit date: Tue Jan 1 11:36:32 2019 -0800
Original commit hash: e137aaf2492ac02ef95c7a356efb11e43d2bec52

-------------------------------------------------------------------------------- 
[Changed Files]
CannonLakeFspPkg/CannonLakeFspPkg.dec
CannonLakeSiliconPkg/SiPkg.dec

================================================================================ 
Commit: 59459b9c826912f262e83c4b70e2804fce770e9c 
Author: ClientSysFWGit <clientsysfwgit@intel.com> 
Date: Sun Jan 20 06:31:52 2019 -0800 
-------------------------------------------------------------------------------- 
[TeamCity]  Daily Update_FSP/RC

Mon Dec 31 11:36:31 2018 -0800
Original commit date: Mon Dec 31 11:36:31 2018 -0800
Original commit hash: 1289012fe1df75824a43ebcdb2260c9a84e202c2

-------------------------------------------------------------------------------- 
[Changed Files]
CannonLakeFspPkg/CannonLakeFspPkg.dec
CannonLakeSiliconPkg/SiPkg.dec

================================================================================ 
Commit: 4ed4067d89d93e1898cc10bdaaa4e6ee85308b43 
Author: ClientSysFWGit <clientsysfwgit@intel.com> 
Date: Sun Jan 20 06:31:51 2019 -0800 
-------------------------------------------------------------------------------- 
[TeamCity] CNL Weekly Update_FSP/RC

Sun Dec 30 12:06:52 2018 -0800
Original commit date: Sun Dec 30 12:06:52 2018 -0800
Original commit hash: fa07968fa07a7141f6eb3705e15421e9d6e183f1

-------------------------------------------------------------------------------- 
[Changed Files]
CannonLakeFspPkg/CannonLakeFspPkg.dec
CannonLakeSiliconPkg/SiPkg.dec

================================================================================ 
Commit: a4d8b38fca05baa540ad082fc00027cb14f0308c 
Author: ClientSysFWGit <clientsysfwgit@intel.com> 
Date: Sun Jan 20 06:31:49 2019 -0800 
-------------------------------------------------------------------------------- 
[TeamCity]  Daily Update_FSP/RC

Sun Dec 30 11:36:11 2018 -0800
Original commit date: Sun Dec 30 11:36:11 2018 -0800
Original commit hash: c5384a9ac050545587abd1cb7ac3ecfe7df25b72

-------------------------------------------------------------------------------- 
[Changed Files]
CannonLakeFspPkg/CannonLakeFspPkg.dec
CannonLakeSiliconPkg/SiPkg.dec

================================================================================ 
Commit: 5b7ae94e0117528f5741d8d8f02c999ad0dd931c 
Author: ClientSysFWGit <clientsysfwgit@intel.com> 
Date: Sun Jan 20 06:31:48 2019 -0800 
-------------------------------------------------------------------------------- 
[TeamCity]  Daily Update_FSP/RC

Sat Dec 29 11:39:54 2018 -0800
Original commit date: Sat Dec 29 11:39:54 2018 -0800
Original commit hash: 86304d1260fa0e96ed3596495dd400cd4d8a5b43

-------------------------------------------------------------------------------- 
[Changed Files]
CannonLakeFspPkg/CannonLakeFspPkg.dec
CannonLakeSiliconPkg/SiPkg.dec

================================================================================ 
Commit: 8b9bc82b3fec6b46f37fb6934b2113647aa421a7 
Author: ClientSysFWGit <clientsysfwgit@intel.com> 
Date: Sun Jan 20 06:31:47 2019 -0800 
-------------------------------------------------------------------------------- 
[TeamCity]  Daily Update_FSP/RC

Fri Dec 28 11:36:43 2018 -0800
Original commit date: Fri Dec 28 11:36:43 2018 -0800
Original commit hash: 54c0936c801b9b762c3a5e092295c560a6dbb519

-------------------------------------------------------------------------------- 
[Changed Files]
CannonLakeFspPkg/CannonLakeFspPkg.dec
CannonLakeSiliconPkg/SiPkg.dec

================================================================================ 
Commit: c76ea1bfc74838a364838e3d5146254ed9040572 
Author: ClientSysFWGit <clientsysfwgit@intel.com> 
Date: Sun Jan 20 06:29:11 2019 -0800 
-------------------------------------------------------------------------------- 
[TeamCity] Weekly Update BIOS ID

-------------------------------------------------------------------------------- 
[Changed Files]
CannonLakeFspBinPkg/Fsp.bsf
CannonLakeFspBinPkg/Include/FspmUpd.h
CannonLakeFspBinPkg/Include/FspsUpd.h
CannonLakeFspPkg/Include/BootLoaderPlatformData.h
CannonLakeFspPkg/Include/FspmUpd.h
CannonLakeFspPkg/Include/FspsUpd.h
CannonLakeFspPkg/Include/Library/FspInfoLib.h
CannonLakeFspPkg/Include/Library/TraceHubDebugLib.h
CannonLakeFspPkg/Include/Library/TraceHubHookLib.h
CannonLakePlatSamplePkg/Include/PlatformNvsAreaDef.h
CannonLakePlatSamplePkg/Tools/GenBiosId/BiosId.env

================================================================================ 
Commit: 7c929dca22cf5af1a01cf596cbaa184a84593efa 
Author: ClientSysFWGit <clientsysfwgit@intel.com> 
Date: Sun Jan 20 06:24:46 2019 -0800 
-------------------------------------------------------------------------------- 
[TeamCity]  Daily Update_FSP/RC

Thu Dec 27 11:37:26 2018 -0800
Original commit date: Thu Dec 27 11:37:26 2018 -0800
Original commit hash: 549c37e7589b03a096829a791feba1e39b2ca4ea

-------------------------------------------------------------------------------- 
[Changed Files]
CannonLakeFspPkg/CannonLakeFspPkg.dec
CannonLakeSiliconPkg/SiPkg.dec

================================================================================ 
Commit: cf853ccdbbbb11205c155420485dcb7e647f2e71 
Author: ClientSysFWGit <clientsysfwgit@intel.com> 
Date: Sun Jan 20 06:24:44 2019 -0800 
-------------------------------------------------------------------------------- 
[WHL/CFL] support Wlan AMT DMA over discrete hw CcP & ThP

Resolution: Adding _DSM in PXSX scope and return DMA buffer address in function index 1 for CNVd.
Impacted: All CFL/WHL platforms.

Hsd-es-id: 1306123951
Original commit date: Fri Dec 21 11:56:45 2018 +0800
Change-Id: I1181b54192e078901635cb85c76d50886db91e5b
Original commit hash: c142d5ad86049d3b3af3400ca55750a8eb0a389f

-------------------------------------------------------------------------------- 
[Changed Files]
CannonLakePlatSamplePkg/Acpi/AcpiTables/Dsdt/DiscreteConnectivity.asl

================================================================================ 
Commit: fb78fb5d93ac5deafca53a8e1ffb21ad5cf9fe9b 
Author: ClientSysFWGit <clientsysfwgit@intel.com> 
Date: Sun Jan 20 06:24:43 2019 -0800 
-------------------------------------------------------------------------------- 
Can't clear TCO status when sleeping S4 with i7 CPU

It introduces the solution in the same manner as what the PchSmmClearSourceAndBlock
does for all the TCO related SMI source to wait for the status cleared.

Hsd-es-id: 1408718317
Original commit date: Fri Dec 21 09:32:58 2018 +0800
Change-Id: I3d99212493fab56284a0264c2e454d56bbca9786
Original commit hash: c41d5c360414da0330bd01220c6802036c554a62

-------------------------------------------------------------------------------- 
[Changed Files]
CannonLakeSiliconPkg/Pch/PchSmiDispatcher/Smm/PchSmiDispatch.c

================================================================================ 
Commit: 05e88192ece65193c2f95bf91d799eee131ac34b 
Author: ClientSysFWGit <clientsysfwgit@intel.com> 
Date: Sun Jan 20 06:24:41 2019 -0800 
-------------------------------------------------------------------------------- 
Description: New CFL Platform VR POR file
Solution:
        1: Added CFL-H and CFL-S GT0 spec
        2: Added CFL-H 4+2 65W
        3: Added CFL-S 4+2 83W Xeon only Post Si B/S
Impacted Platform: CFL

Original commit date: Tue Dec 18 11:41:03 2018 -0800
Change-Id: I9065d2d24743bf46484f4f196a5e22763295254f
Original commit hash: f6dffb2b6796a7d7522ee2409ed32814f689b096

-------------------------------------------------------------------------------- 
[Changed Files]
CannonLakeSiliconPkg/Cpu/Include/ConfigBlock/CpuPowerMgmtVrConfig.h
CannonLakeSiliconPkg/Cpu/Include/CpuPowerMgmt.h
CannonLakeSiliconPkg/Cpu/Library/PeiDxeSmmCpuPlatformLib/CpuPlatformLibrary.c
CannonLakeSiliconPkg/Cpu/Library/Private/PeiCpuInitLib/CpuInitPreResetCpl.c
CannonLakeSiliconPkg/Cpu/Library/Private/PeiCpuPowerMgmtLib/PowerLimits.c

================================================================================ 
Commit: d972208e6fb3978a6f9644a5b280df7294ca7b97 
Author: ClientSysFWGit <clientsysfwgit@intel.com> 
Date: Sun Jan 20 06:24:40 2019 -0800 
-------------------------------------------------------------------------------- 
[TeamCity]  Daily Update_FSP/RC

Wed Dec 26 11:37:04 2018 -0800
Original commit date: Wed Dec 26 11:37:04 2018 -0800
Original commit hash: 33b4070c6a9414cacc3385d256fc160b45bbf1d9

-------------------------------------------------------------------------------- 
[Changed Files]
CannonLakeFspPkg/CannonLakeFspPkg.dec
CannonLakeSiliconPkg/SiPkg.dec

================================================================================ 
Commit: adb1edfa1130d3c4a155d025280ca1e41ee45672 
Author: ClientSysFWGit <clientsysfwgit@intel.com> 
Date: Sun Jan 20 06:24:37 2019 -0800 
-------------------------------------------------------------------------------- 
[TeamCity]  Daily Update_FSP/RC

Tue Dec 25 11:37:12 2018 -0800
Original commit date: Tue Dec 25 11:37:12 2018 -0800
Original commit hash: 6142ee1966a466b21928d88944d1acfc2151fd32

-------------------------------------------------------------------------------- 
[Changed Files]
CannonLakeFspPkg/CannonLakeFspPkg.dec
CannonLakeSiliconPkg/SiPkg.dec

================================================================================ 
Commit: 346355044c26d880939c3ec794b3b35e35fc7df1 
Author: ClientSysFWGit <clientsysfwgit@intel.com> 
Date: Sun Jan 20 06:24:36 2019 -0800 
-------------------------------------------------------------------------------- 
[CFL] Klocwork issues for Platform based on Daily_182_00_439.

"EnableResetBridge" might be used uninitialized in TbtAcpiEndOfDxeCallback() function.

Hsd-es-id: 1506991708
Tracker-link: <http link to related tracker>
Attestation-link: CannonLakePlatSamplePkg/InternalOnly/IpPlan/Client BIOS IP Plan.xlsx
Original commit date: Tue Dec 25 11:54:33 2018 +0530
Change-Id: Ic914ef6e06a1107509c24a4c0f30cd8988bffc5e
Original commit hash: 38704080e697153870c8b2ccd2cb9c7c90e4287e

-------------------------------------------------------------------------------- 
[Changed Files]
CannonLakePlatSamplePkg/Features/Tbt/TbtInit/Dxe/TbtDxe.c

================================================================================ 
Commit: 7d513e26a51fe0c6912c7bcd51d6d89abc0dbea1 
Author: ClientSysFWGit <clientsysfwgit@intel.com> 
Date: Sun Jan 20 06:24:34 2019 -0800 
-------------------------------------------------------------------------------- 
[TeamCity]  Daily Update_FSP/RC

Mon Dec 24 11:36:27 2018 -0800
Original commit date: Mon Dec 24 11:36:27 2018 -0800
Original commit hash: 02c5ab2d89f041d1be1b54dfbdd76a00975099bb

-------------------------------------------------------------------------------- 
[Changed Files]
CannonLakeFspPkg/CannonLakeFspPkg.dec
CannonLakeSiliconPkg/SiPkg.dec

================================================================================ 
Commit: 4eb0cafdfa35839925a9f9dd98d74c6bf1cf59d1 
Author: ClientSysFWGit <clientsysfwgit@intel.com> 
Date: Sun Jan 20 06:24:33 2019 -0800 
-------------------------------------------------------------------------------- 
[TeamCity] CNL Weekly Update_FSP/RC

Sun Dec 23 12:09:31 2018 -0800
Original commit date: Sun Dec 23 12:09:31 2018 -0800
Original commit hash: a9a0689d6a7b78acdb3c4b379fbf25de45a4c361

-------------------------------------------------------------------------------- 
[Changed Files]
CannonLakeFspPkg/CannonLakeFspPkg.dec
CannonLakeSiliconPkg/SiPkg.dec

================================================================================ 
Commit: 78f21053715430c2ebde8be02a0cd158ef949850 
Author: ClientSysFWGit <clientsysfwgit@intel.com> 
Date: Sun Jan 20 06:24:32 2019 -0800 
-------------------------------------------------------------------------------- 
[TeamCity]  Daily Update_FSP/RC

Sun Dec 23 11:36:05 2018 -0800
Original commit date: Sun Dec 23 11:36:05 2018 -0800
Original commit hash: 9ed03cb2ac60470c2191c3f38c2b77517368b113

-------------------------------------------------------------------------------- 
[Changed Files]
CannonLakeFspPkg/CannonLakeFspPkg.dec
CannonLakeSiliconPkg/SiPkg.dec

================================================================================ 
Commit: fc07a0bb0eacd308bde8454e56b7d7575278278c 
Author: ClientSysFWGit <clientsysfwgit@intel.com> 
Date: Sun Jan 20 06:24:30 2019 -0800 
-------------------------------------------------------------------------------- 
[TeamCity]  Daily Update_FSP/RC

Sat Dec 22 11:39:57 2018 -0800
Original commit date: Sat Dec 22 11:39:57 2018 -0800
Original commit hash: fd81c3923ec2ba64cdeab30cf19f0970bd2b7351

-------------------------------------------------------------------------------- 
[Changed Files]
CannonLakeFspPkg/CannonLakeFspPkg.dec
CannonLakeSiliconPkg/SiPkg.dec

================================================================================ 
Commit: 4a5b5d2c0d1d8d83b305f7917b5eed061f418b6a 
Author: ClientSysFWGit <clientsysfwgit@intel.com> 
Date: Sun Jan 20 06:24:29 2019 -0800 
-------------------------------------------------------------------------------- 
[TeamCity]  Daily Update_FSP/RC

Fri Dec 21 11:38:07 2018 -0800
Original commit date: Fri Dec 21 11:38:07 2018 -0800
Original commit hash: a0811142c69f65672446e00321f613f55efba1d9

-------------------------------------------------------------------------------- 
[Changed Files]
CannonLakeFspPkg/CannonLakeFspPkg.dec
CannonLakeSiliconPkg/SiPkg.dec

================================================================================ 
Commit: 8f8f128ba651362910284715d02c98252de76490 
Author: ClientSysFWGit <clientsysfwgit@intel.com> 
Date: Sun Jan 20 06:24:25 2019 -0800 
-------------------------------------------------------------------------------- 
[TeamCity]  Daily Update_FSP/RC

Thu Dec 20 11:36:46 2018 -0800
Original commit date: Thu Dec 20 11:36:46 2018 -0800
Original commit hash: 18e6beb302d43ca9f9ecdb43d877aef21a29f9f1

-------------------------------------------------------------------------------- 
[Changed Files]
CannonLakeFspPkg/CannonLakeFspPkg.dec
CannonLakeSiliconPkg/SiPkg.dec

================================================================================ 
Commit: 34aba704c78e495649766ece071783891c6095db 
Author: ClientSysFWGit <clientsysfwgit@intel.com> 
Date: Sun Jan 20 06:24:23 2019 -0800 
-------------------------------------------------------------------------------- 
[TeamCity] Weekly Update BIOS ID

Increment BIOS Major Version and reset Minor Version to 0

Wed Dec 19 18:51:50 2018 -0800
Original commit date: Wed Dec 19 18:51:50 2018 -0800
Original commit hash: 1a824d36cf2f583033e03d0f4483573a76e68fcd

-------------------------------------------------------------------------------- 
[Changed Files]
CannonLakePlatSamplePkg/Tools/GenBiosId/BiosId.env

================================================================================ 
Commit: b268b68a557e9ef406bc85faa55096d4f2b3fa90 
Author: ClientSysFWGit <clientsysfwgit@intel.com> 
Date: Sun Jan 20 06:24:22 2019 -0800 
-------------------------------------------------------------------------------- 
[TeamCity] Auto-Commit NVS

Wed Dec 19 18:41:51 2018 -0800
Original commit date: Wed Dec 19 18:41:51 2018 -0800
Original commit hash: aca3279a2b6c23bba989f777a2bdd57927b1475c

-------------------------------------------------------------------------------- 
[Changed Files]
CannonLakePlatSamplePkg/Features/Tbt/Include/TbtNvsAreaDef.h

================================================================================ 
Commit: ad23c5ad547a8c119f388c0a90d9962dc031c232 
Author: ClientSysFWGit <clientsysfwgit@intel.com> 
Date: Sun Jan 20 06:24:20 2019 -0800 
-------------------------------------------------------------------------------- 
[TeamCity] Auto-Commit FSP

Wed Dec 19 18:20:15 2018 -0800
Original commit date: Wed Dec 19 18:20:15 2018 -0800
Original commit hash: 435f70d4aeef4e33f39110db0f0672ea2ada778d

-------------------------------------------------------------------------------- 
[Changed Files]
CannonLakeFspBinPkg/Fsp.bsf

================================================================================ 
Commit: f2ca443c73efd86423fd4abb6fa257c791819552 
Author: ClientSysFWGit <clientsysfwgit@intel.com> 
Date: Sun Jan 20 06:24:19 2019 -0800 
-------------------------------------------------------------------------------- 
Setup: Platform/PCH TXT capability  supported information into platform inromation setup

Added back Platform/PCH Txt capbility into setup;
The value of the setup will be supported only when both CPU and PCH are TXT capable

Hsd-es-id: 2204202764
Tracker-link: https://hsdes.intel.com/appstore/article/#/2204202764
Attestation-link: CannonLakePlatSamplePkg/InternalOnly/IpPlan/ClientBIOS IP Plan.xlsx
Original commit date: Fri Dec 7 11:18:40 2018 -0800
Change-Id: Ic83ad46035868a5ae4ffc6096e62a47fac8e0533
Original commit hash: fa7d003adcdb3a23e33191f658e3d3e7f2fa8352

-------------------------------------------------------------------------------- 
[Changed Files]
CannonLakePlatSamplePkg/Setup/Main.vfr
CannonLakePlatSamplePkg/Setup/PlatformSetup.c
CannonLakePlatSamplePkg/Setup/PlatformSetup.uni
CannonLakePlatSamplePkg/Setup/Setup.inf

================================================================================ 
Commit: 756a61beaf0f3d55f54c76ece6fa18b6728d7441 
Author: ClientSysFWGit <clientsysfwgit@intel.com> 
Date: Sun Jan 20 06:24:18 2019 -0800 
-------------------------------------------------------------------------------- 
Enable CFL-H Iommu support

1) Platform PEI PMR clean up. At PEI phase, using IOP PMR to protect whole memory range
2) Becase CFL and WHL could share the same board, check board ID is not insufficient for indicating if we should enable iommu or not, re-wrote the checking machinisem and extend the support if other projects specific SKU need the same changes.
3) Create CFL-H exception list
4) Increase PcdS3AcpiReservedMemorySize size to avoid S3 resume memory out of resources issue

Original commit date: Fri Dec 14 16:32:31 2018 +0800
Change-Id: I75c1f5c5f5b6faf44b5a6498e8f0d1595393aff7
Original commit hash: f9359c4f9d9a614d9e83d09fa9dc6921b61b3c86

-------------------------------------------------------------------------------- 
[Changed Files]
CannonLakePlatSamplePkg/Features/Tbt/Include/Library/DxeCheckIommuSupportLib.h
CannonLakePlatSamplePkg/Features/Tbt/Library/DxeCheckIommuSupportLib/DxeCheckIommuSupportLib.c
CannonLakePlatSamplePkg/Features/Tbt/Library/DxeCheckIommuSupportLib/DxeCheckIommuSupportLib.inf
CannonLakePlatSamplePkg/Features/Tbt/Library/PeiCheckIommuSupportLib/PeiCheckIommuSupportLib.c
CannonLakePlatSamplePkg/Features/Tbt/Library/PeiCheckIommuSupportLib/PeiCheckIommuSupportLib.inf
CannonLakePlatSamplePkg/Features/Tbt/PlatformVTdInfoSamplePei/PlatformVTdInfoSamplePei.c
CannonLakePlatSamplePkg/Features/Tbt/PlatformVTdInfoSamplePei/PlatformVTdInfoSamplePei.inf
CannonLakePlatSamplePkg/Features/Tbt/PlatformVTdInfoSamplePei/PlatformVTdInfoSamplePeiFsp.inf
CannonLakePlatSamplePkg/Features/Tbt/PlatformVTdSampleDxe/PlatformVTdSampleDxe.c
CannonLakePlatSamplePkg/Features/Tbt/PlatformVTdSampleDxe/PlatformVTdSampleDxe.inf
CannonLakePlatSamplePkg/PlatformPkg.dec
CannonLakePlatSamplePkg/PlatformPkg.dsc
CannonLakePlatSamplePkg/Setup/Setup.inf
CannonLakePlatSamplePkg/Setup/TbtSetup.c

================================================================================ 
Commit: bcda82522882fd67c64d37f7b6cc5607b329efd5 
Author: ClientSysFWGit <clientsysfwgit@intel.com> 
Date: Sun Jan 20 06:24:16 2019 -0800 
-------------------------------------------------------------------------------- 
Update MRC Release Notes and increment MRC build revision

Wed Dec 19 21:29:37 2018 +0000
Original commit date: Wed Dec 19 21:29:37 2018 +0000
Original commit hash: 736eca87ea4b1c35aec8fa4f2ab71e851d6f513e

-------------------------------------------------------------------------------- 
[Changed Files]
CannonLakeSiliconPkg/SystemAgent/MemoryInitCfl/Library/Private/PeiMemoryInitLib/Source/Include/MrcVersion.h

================================================================================ 
Commit: 25e4bd92953fafb85f559b3cfd05926fbf953219 
Author: ClientSysFWGit <clientsysfwgit@intel.com> 
Date: Sun Jan 20 06:24:14 2019 -0800 
-------------------------------------------------------------------------------- 
S5 wake enabling using RTC.

This feature was already available. But we need to set Time from BIOS setup page. Which was not convenient.
So removing these BIOS setup option so that Using Tools from OS System wake up time can be set easily.

Hsd-es-id: 1606794170
Tracker-link: <http link to related tracker>
Attestation-link: CannonLakePlatSamplePkg/InternalOnly/IpPlan/Client BIOS IP Plan.xlsx
Original commit date: Tue Dec 18 20:30:16 2018 +0530
Change-Id: Ib1dd171467abc5ebfe23bb3b847a1555a8b3d619
Original commit hash: 995cb02e1f2391203751b379c3960d97d4d47a7f

-------------------------------------------------------------------------------- 
[Changed Files]
CannonLakePlatSamplePkg/Include/SetupVariable.h
CannonLakePlatSamplePkg/Platform/SmmPlatform/Smm/SmmPlatform.c
CannonLakePlatSamplePkg/Setup/AcpiSetup.hfr
CannonLakePlatSamplePkg/Setup/AcpiSetup.uni

================================================================================ 
Commit: a4357409029ea7d2e25b6d6449b75c17ac88ddee 
Author: ClientSysFWGit <clientsysfwgit@intel.com> 
Date: Sun Jan 20 06:24:13 2019 -0800 
-------------------------------------------------------------------------------- 
CannonLakeSiliconPkg: [CFL][MRC] Add Margin per bit print in end of MRC

When Rank Margin Tool Bit is enabled, a new print at the end of the step has been added to summarize the Per-Bit Margin results within the serial log.

Original commit date: Mon Dec 3 13:45:18 2018 -0800
Change-Id: I49dc716d865be0a6a012dec2b93ab8782bb6b70f
Original commit hash: a16e5d797f59a017a36ec8fe27c59079211b27b7

-------------------------------------------------------------------------------- 
[Changed Files]
CannonLakeSiliconPkg/SystemAgent/MemoryInitCfl/Library/Private/PeiMemoryInitLib/Source/WriteTraining/MrcWriteDqDqs.c

================================================================================ 
Commit: e88d6598438fd4a8b6fda17ab9ca9fbd7f315370 
Author: ClientSysFWGit <clientsysfwgit@intel.com> 
Date: Sun Jan 20 06:24:11 2019 -0800 
-------------------------------------------------------------------------------- 
[TeamCity]  Daily Update_FSP/RC

Wed Dec 19 11:38:49 2018 -0800
Original commit date: Wed Dec 19 11:38:49 2018 -0800
Original commit hash: 7ff2ec898a7ae8ed330b46dd643309501851bf32

-------------------------------------------------------------------------------- 
[Changed Files]
CannonLakeFspPkg/CannonLakeFspPkg.dec
CannonLakeSiliconPkg/SiPkg.dec

================================================================================ 
Commit: 5c5323c9d99da3e7947381eacf4aab61f198916f 
Author: ClientSysFWGit <clientsysfwgit@intel.com> 
Date: Sun Jan 20 06:24:10 2019 -0800 
-------------------------------------------------------------------------------- 
[CFL/WHL] Increase BIOS size to 11MB

Adding another 1MB in BIOS size to support preboot CNV for CcP.

Hsd-es-id: 1506963755
Original commit date: Mon Dec 3 17:34:10 2018 +0800
Change-Id: I862c33a55b3efbb8bae4582ccb52d78340b576fe
Original commit hash: 206bc2daca80b325a64ee771eb7e14543d3741f1

-------------------------------------------------------------------------------- 
[Changed Files]
CannonLakePlatSamplePkg/Capsulebuild.bat
CannonLakePlatSamplePkg/FlashMap/SIZE_110_FSP_WRAPPER.fdf
CannonLakePlatSamplePkg/FlashMap/SIZE_110_TRUSTED_DEVICE_SETUP.fdf
CannonLakePlatSamplePkg/FlashMap/SIZE_110_UEFI_BOOT.fdf
CannonLakePlatSamplePkg/PlatformPkg.dsc
CannonLakePlatSamplePkg/PlatformPkg.fdf
CannonLakePlatSamplePkg/Tools/CapsuleUpdate/CapsuleRecoveryGen/SplitFv.py
CannonLakePlatSamplePkg/bld.bat
CannonLakePlatSamplePkg/capsulebuild.bat
CannonLakePlatSamplePkg/postbuild.bat
CannonLakePlatSamplePkg/prebuild.bat

================================================================================ 
Commit: 5eb1cd999f6c242f532ca23dac9c8e17ea796e82 
Author: ClientSysFWGit <clientsysfwgit@intel.com> 
Date: Sun Jan 20 06:24:08 2019 -0800 
-------------------------------------------------------------------------------- 
CannonLakeSiliconPkg/SystemAgent: [CFL] SMBIOS Type 17 Form Factor returned DIMM when connected SO-DIMM which SPD Module type = 0x09(SO-UDIMM)

Issue:
SMBIOS Type 17 should properly report DIMM Form Factor, however when SPD Module Type = 0x09 is installed, the form factor is incorrect.

Solution:
Add SPD Module type 0x09 to the SMBIOS Type 17 processing so that the proper Form Factor is reported in SMBIOS table.

Original commit date: Mon Dec 3 10:55:08 2018 -0800
Change-Id: Ibcbedda6ea05f83532f15631cd6433ef4848e884
Original commit hash: 4eb8a2cced0ed2aeb6b321cef35528027147fef7

-------------------------------------------------------------------------------- 
[Changed Files]
CannonLakeSiliconPkg/SystemAgent/Library/Private/DxeSmbiosMemoryLib/SmbiosMemory.h
CannonLakeSiliconPkg/SystemAgent/Library/Private/DxeSmbiosMemoryLib/SmbiosType17.c

================================================================================ 
Commit: f0328ef4fe89aae708330411f7c06ff0c9955d06 
Author: ClientSysFWGit <clientsysfwgit@intel.com> 
Date: Sun Jan 20 06:24:06 2019 -0800 
-------------------------------------------------------------------------------- 
[WHL] TBT Type-C ports setting are not sync.

Create SSDT table for WHL with TBT enabled.

Hsd-es-id: 1506865308
Original commit date: Tue Nov 13 16:36:27 2018 +0800
Change-Id: I336910cb8d5826be49e9290192c527076b813215
Original commit hash: b9ebbe41f9777e0382afde8a2cc862ee5ccc90ce

-------------------------------------------------------------------------------- 
[Changed Files]
CannonLakePlatSamplePkg/Acpi/AcpiTables/AcpiTables.inf
CannonLakePlatSamplePkg/Acpi/AcpiTables/SsdtXhci/UsbPortXhciWhlUDdr4TbtRvp.asl
CannonLakePlatSamplePkg/Board/Others/DxeBoardInitLib/BoardInitLib.c

================================================================================ 
Commit: 109456872ef0f8a0ffc9b58b492c56f74744a87e 
Author: ClientSysFWGit <clientsysfwgit@intel.com> 
Date: Sun Jan 20 06:24:05 2019 -0800 
-------------------------------------------------------------------------------- 
Enable PEP Constraint in BIOS set-up for PCIe RP which maps to TBT controller.

Adding TBT PEP Support for CNL, CFL and WHL platform.

Hsd-es-id: 1605318579
Tracker-link: <http link to related tracker>
Attestation-link: CannonLakePlatSamplePkg/InternalOnly/IpPlan/Client BIOS IP Plan.xlsx
Original commit date: Fri Oct 26 21:26:55 2018 +0530
Change-Id: Icda9a33ae5ca4f356bf1f6e8abbd3d47f828c37a
Original commit hash: 12f40ece38da127bca7a07846ce440c36be2e6db

-------------------------------------------------------------------------------- 
[Changed Files]
CannonLakePlatSamplePkg/Acpi/AcpiTables/AcpiPlatform/Dxe/AcpiPlatform.c
CannonLakePlatSamplePkg/Acpi/AcpiTables/Dsdt/PlatformNvs.asl
CannonLakePlatSamplePkg/Features/Pep/AcpiTables/Pep.asl
CannonLakePlatSamplePkg/Features/Tbt/AcpiTables/Tbt.asl
CannonLakePlatSamplePkg/Features/Tbt/AcpiTables/TbtNvs.asl
CannonLakePlatSamplePkg/Features/Tbt/Include/Protocol/TbtNvsArea.h
CannonLakePlatSamplePkg/Features/Tbt/Include/TbtNvsAreaDef.h
CannonLakePlatSamplePkg/Features/Tbt/TbtInit/Dxe/TbtDxe.c
CannonLakePlatSamplePkg/Features/Tbt/TbtInit/Smm/TbtSmm.c
CannonLakePlatSamplePkg/Include/PlatformNvsAreaDef.h
CannonLakePlatSamplePkg/Include/SetupVariable.h
CannonLakePlatSamplePkg/Setup/AcpiSetup.hfr
CannonLakePlatSamplePkg/Setup/AcpiSetup.uni

================================================================================ 
Commit: f6a9bced580a0ba33b1f0b0d2242df92fe4048f2 
Author: ClientSysFWGit <clientsysfwgit@intel.com> 
Date: Sun Jan 20 06:24:03 2019 -0800 
-------------------------------------------------------------------------------- 
[1606828614] Reset slave device(SPD) holds the SMBDAT line low in RC

Based on SMBus spec 4.2.5 SMBDAT low timeout
It's possible that a malfunctioning device holds the SMBDAT line low indefinitely.
This would prevent the master from issuing a STOP condition and ending a transaction.
At this time there is no specification on the maximum time that a device can hold
SMBDAT low after the master raises SMBCLK after the last bit of a transaction.
Such a specification is under consideration for future revisions of the SMBus specification.
In the meantime, the recommendation is that if SMBDAT is still low t(TIMEOUT.MAX)
after SMBCLK has gone high at the end of a transaction the master should hold SMBCLK
low for at lesat t(TIMEOUT.MAX) in an attempt to reset the SMBus interface of all of
the devices on the bus.

Check the error condition by:
Normal case:
  1. SMBC.SMBDATA_CUR_STS (bit1) = 1
  2. SMBC.SMBCLK_CUR_STS (bit0) = 1
  3. HSTS.HBUSY (bit0) = 0
Error case:
  1. SMBC.SMBDATA_CUR_STS (bit1) = 0
  2. SMBC.SMBCLK_CUR_STS (bit0) = 1
  3. HSTS.HBUSY (bit0) = 0

Force to reset SMBus:
  1. SMBC.SMBCLK_CTL (bit2) = 0
  2. HCFG.SSRESET (bit3) = 1
  3. Wait for 35ms
  4. SMBC.SMBCLK_CTL (bit2) = 1

Hsd-es-id: 1606828614
Original commit date: Fri Dec 7 16:50:18 2018 +0800
Change-Id: Ibd104cd3cc4ed3559f4ae02e2f8aeb217ac70e14
Original commit hash: ee09baf08788d92cbfb344a16d4c0ef6d3a7b480

-------------------------------------------------------------------------------- 
[Changed Files]
CannonLakeSiliconPkg/Pch/Library/Private/PeiSmbusLib/PeiSmbusLib.c
CannonLakeSiliconPkg/Pch/Library/Private/PeiSmbusLib/PeiSmbusLib.inf

================================================================================ 
Commit: 72a206d67e6c5206e17e279314b850fc39fbbd9e 
Author: ClientSysFWGit <clientsysfwgit@intel.com> 
Date: Sun Jan 20 06:24:00 2019 -0800 
-------------------------------------------------------------------------------- 
BpCommonPkg/WifiConnectionManagerDxe: Fix WCM hang issue in browsers who support
more than one forms being activated simultaneously

* V2 Change a typo in commit title

* Current WCM assumes that user operates step by step, but this assumption is not
correct. Some browsers support more than one forms being activated simultaneously.
Like AMI Bios will activate all Forms when entering Bios Setup, that will trigger
ASSERT in WCM Config Access Callback since no profile are selected at that time.
This patch is to fix this issue.

Hsd-es-id: <223751>
Attestation-link: IP_Plan_On_Code_Center/UDK Releases Container.pdf
Original commit date: Thu Nov 1 15:54:54 2018 +0800
Change-Id: I1e6d50870db47e32342219ff1514656505f86e3b
Original commit hash: b8d98064bd05553f360cd213900e560aad897fd9

-------------------------------------------------------------------------------- 
[Changed Files]
BpCommonPkg/Universal/WifiConnectionManagerDxe/WifiConnectionMgrHiiConfigAccess.c

================================================================================ 
Commit: 196ce7da8e3193ccb6b040b832d07bb36199e375 
Author: ClientSysFWGit <clientsysfwgit@intel.com> 
Date: Sun Jan 20 06:23:59 2019 -0800 
-------------------------------------------------------------------------------- 
Update MRC Release Notes and increment MRC build revision

Tue Dec 18 23:11:07 2018 +0000
Original commit date: Tue Dec 18 23:11:07 2018 +0000
Original commit hash: c80c24c31c2089960e612a5caa952ac02eee9ec3

-------------------------------------------------------------------------------- 
[Changed Files]
CannonLakeSiliconPkg/SystemAgent/MemoryInitCfl/Library/Private/PeiMemoryInitLib/Source/Include/MrcVersion.h

================================================================================ 
Commit: e0557fcbbeef0caa7a86456ca994837d582b3c35 
Author: ClientSysFWGit <clientsysfwgit@intel.com> 
Date: Sun Jan 20 06:23:56 2019 -0800 
-------------------------------------------------------------------------------- 
Update MRC Release Notes and increment MRC build revision

Tue Dec 18 23:03:48 2018 +0000
Original commit date: Tue Dec 18 23:03:48 2018 +0000
Original commit hash: 4abf4bcd6d02a84ee239732954280a2cddab6e23

-------------------------------------------------------------------------------- 
[Changed Files]
CannonLakeSiliconPkg/SystemAgent/MemoryInit/LibraryPrivate/PeiMemoryInitLib/Source/Include/MrcVersion.h

================================================================================ 
Commit: 4885d4fa760da07bf95325abc2a8010260ea6a29 
Author: ClientSysFWGit <clientsysfwgit@intel.com> 
Date: Sun Jan 20 06:23:55 2019 -0800 
-------------------------------------------------------------------------------- 
[CFL-H82 Pre-OS Virtual keyboard not disappear when tap on it.

 Refer HSD2203263578, merge change from ICL.

Hsd-es-id: 2205552316
Original commit date: Tue Oct 30 11:45:19 2018 +0800
Change-Id: I66204e9c9926e44b45f17243529ba0a149f354f7
Original commit hash: 25f9f5ace08c406672ab40690fd7783c67ae8ec5

-------------------------------------------------------------------------------- 
[Changed Files]
CannonLakePlatSamplePkg/PlatformPkg.fdf
ClientCommonPkg/ClientCommonPkg.dec
ClientCommonPkg/Universal/VirtualKeyboardDxe/ComponentName.c
ClientCommonPkg/Universal/VirtualKeyboardDxe/ComponentName.h
ClientCommonPkg/Universal/VirtualKeyboardDxe/Keyboard.c
ClientCommonPkg/Universal/VirtualKeyboardDxe/KeyboardLayout.c
ClientCommonPkg/Universal/VirtualKeyboardDxe/KeyboardLayout/CapitalLetterKeyboard.bmp
ClientCommonPkg/Universal/VirtualKeyboardDxe/KeyboardLayout/DigitKeyboard.bmp
ClientCommonPkg/Universal/VirtualKeyboardDxe/KeyboardLayout/FullIcon.bmp
ClientCommonPkg/Universal/VirtualKeyboardDxe/KeyboardLayout/SimpleIcon.bmp
ClientCommonPkg/Universal/VirtualKeyboardDxe/KeyboardLayout/SimpleKeyboard.bmp
ClientCommonPkg/Universal/VirtualKeyboardDxe/VK_MAP.h
ClientCommonPkg/Universal/VirtualKeyboardDxe/VirtualKeyboard.h
ClientCommonPkg/Universal/VirtualKeyboardDxe/VirtualKeyboardDriver.c
ClientCommonPkg/Universal/VirtualKeyboardDxe/VirtualKeyboardDxe.inf

================================================================================ 
Commit: 72c2ffd1273d62bab4e9b5d0a2bf8bf13030bde3 
Author: ClientSysFWGit <clientsysfwgit@intel.com> 
Date: Sun Jan 20 06:23:53 2019 -0800 
-------------------------------------------------------------------------------- 
CannonLakePlatSamplePkg: [BIOS][CFL_H62-CNP-H][WHL-U42][CFL-S_CNP-H]: Pop-up message is observed while saving csm control always on after doing TBT settings

Change HiiSetBrowserData to update all data.

Hsd-es-id: 1606715379
Tracker-link: https://hsdes.intel.com/appstore/article/#/1606715379
Original commit date: Wed Nov 21 15:02:07 2018 +0800
Change-Id: I66f34c02d23be54588c6c39e7d14406a24a6a9eb
Original commit hash: 43f857f827108845e8dd6f31134d18a0503650ef

-------------------------------------------------------------------------------- 
[Changed Files]
CannonLakePlatSamplePkg/Setup/TbtSetup.c

================================================================================ 
Commit: 30cbd5f7b5fa9acce914a8d9dc97a69ee901f746 
Author: ClientSysFWGit <clientsysfwgit@intel.com> 
Date: Sun Jan 20 06:23:52 2019 -0800 
-------------------------------------------------------------------------------- 
[CFL/WHL] Integrate latest GOP V1085

Hsd-es-id: 1606826336
Original commit date: Thu Nov 29 10:13:57 2018 +0530
Change-Id: I77c711e18c147c64714ab0fdd0d1bf4c2c29ada4
Original commit hash: 9b6a275385702cd4889227523a65ebe0d5188a6c

-------------------------------------------------------------------------------- 
[Changed Files]
CannonLakeSiliconPkg/SystemAgent/IntelGraphicsPeim/Binaries/IntelGraphicsPeimCfl.efi
CannonLakeSiliconPkg/SystemAgent/IntelGraphicsPeim/Binaries/IntelGraphicsPeimCflDebug.efi

================================================================================ 
Commit: 3745309eeaaade3d285c1bcbd1dafcb8f31520dc 
Author: ClientSysFWGit <clientsysfwgit@intel.com> 
Date: Sun Jan 20 06:23:49 2019 -0800 
-------------------------------------------------------------------------------- 
Add bios configuration of new GT security registers on WHL V0.
RCR is to request that BIOS activate this new security feature by programming these range registers.

Hsd-es-id: 1408285455
Original commit date: Mon Nov 19 16:38:32 2018 +0530
Change-Id: Ifc87d30d75483490479152a6a5f23195a1efbb3a
Original commit hash: 9d29c2c264defb1053345d3dadf5dba42fa2af0a

-------------------------------------------------------------------------------- 
[Changed Files]
CannonLakeSiliconPkg/SystemAgent/Library/Private/PeiGraphicsInitLib/PeiGraphicsPmInit.c

================================================================================ 
Commit: fed6c28e727a48a1988454fd6543f7dc203a71ee 
Author: ClientSysFWGit <clientsysfwgit@intel.com> 
Date: Sun Jan 20 06:23:48 2019 -0800 
-------------------------------------------------------------------------------- 
Description:Sync RC libraries usage
Impacted Platform: CFL/CNL

Original commit date: Tue Nov 27 14:49:12 2018 +0800
Change-Id: I8b83ddb1cddda7a5882073d2045ab1a0a47077e9
Original commit hash: f524e242f4f90c1116a7a0d1b2fc18b0a989dbd1

-------------------------------------------------------------------------------- 
[Changed Files]
CannonLakeFspPkg/FspInit/Pei/FspInit.c
CannonLakeFspPkg/FspInit/Pei/FspInitPreMem.c
CannonLakeFspPkg/FspPcdInit/Pei/FspPcdInit.c
CannonLakePlatSamplePkg/Board/Library/PeiBoardConfigLib/PeiBoardConfigLib.c
CannonLakePlatSamplePkg/Features/Amt/AmtStatusCodePei/AmtStatusCodePei.c
CannonLakeSiliconPkg/Cpu/Include/Private/Library/TxtPeiLib.h
CannonLakeSiliconPkg/Cpu/Library/Private/PeiCpuInitLib/CpuInitPeim.h
CannonLakeSiliconPkg/Pch/Library/PeiPchPolicyLib/PchPreMemPrintPolicy.c
CannonLakeSiliconPkg/Pch/Library/PeiPchPolicyLib/PchPrintPolicy.c
CannonLakeSiliconPkg/Pch/Library/Private/BasePchTraceHubLibNull/BasePchTraceHubLibNull.c
CannonLakeSiliconPkg/SystemAgent/Library/Private/PeiDisplayInitLib/PeiDisplayInitLib.c

================================================================================ 
Commit: 836d6a06b28f9491d6a170bac539224f29de9fba 
Author: ClientSysFWGit <clientsysfwgit@intel.com> 
Date: Sun Jan 20 06:23:46 2019 -0800 
-------------------------------------------------------------------------------- 
CannonLakePlatSamplePkg/TDS: Remove the dependency of DxeAsfLib.

Resolution: Use AlertStandardFormat protocol to get SpecialCommandParam directly.
Impacted: All platforms.

Hsd-es-id: N/A
Original commit date: Wed Dec 5 20:17:33 2018 +0800
Change-Id: I902ae13f0f45ee66054a3ce7b8b6e6dd794bab05
Original commit hash: d6cadfd3bd7010dc74eef8d93999c68b5aa42155

-------------------------------------------------------------------------------- 
[Changed Files]
CannonLakePlatSamplePkg/Library/DxePlatformBootManagerLib/BdsPlatform.c
CannonLakePlatSamplePkg/Library/DxePlatformBootManagerLib/DxePlatformBootManagerHiiFreeLib.inf
CannonLakePlatSamplePkg/Library/DxePlatformBootManagerLib/DxePlatformBootManagerHiiFreeLibCsm.inf
CannonLakePlatSamplePkg/Library/DxePlatformBootManagerLib/DxePlatformBootManagerLib.inf
CannonLakePlatSamplePkg/Library/DxePlatformBootManagerLib/DxePlatformBootManagerLibCsm.inf

================================================================================ 
Commit: 63a31ba45a4e6de85fd6f05c350a311dcb72217e 
Author: ClientSysFWGit <clientsysfwgit@intel.com> 
Date: Sun Jan 20 06:23:45 2019 -0800 
-------------------------------------------------------------------------------- 
[CFL H 8+2][CFL H 6+2][iTouch][I2C] [Rs4]I2C iTouch is not working in I2C header

Hsd-es-id: 1606431424
Original commit date: Mon Nov 26 14:18:13 2018 -0800
Change-Id: Ib1a409a0defa378440e347a465fd9dc3498e7e5a
Original commit hash: f5879f7d282346d47060c901f3b94cb535049255

-------------------------------------------------------------------------------- 
[Changed Files]
CannonLakePlatSamplePkg/Acpi/AcpiTables/SsdtRtd3/CflHRvpRtd3.asl
CannonLakePlatSamplePkg/Acpi/AcpiTables/SsdtRtd3/CflHRvpTbtRtd3.asl
CannonLakePlatSamplePkg/Board/Others/PeiBoardInitLib/GpioTableCflHDdr4.h

================================================================================ 
Commit: a7ba3d1ce6a36c3dd761909f517f676c70a5f5f4 
Author: ClientSysFWGit <clientsysfwgit@intel.com> 
Date: Sun Jan 20 06:23:43 2019 -0800 
-------------------------------------------------------------------------------- 
Title: [MSFT RS4] TPM need add Interrupt support for discrete TPMs
Resolution: Set corresponding PCH GPIO to APIC interrupt input

Impacted Platform: CNL/CFL/WHL

Hsd-es-id: 2202136940
Original commit date: Wed Nov 28 14:34:30 2018 +0800
Change-Id: I7da87e0c1853f89f0a068bad190b38c4efc9b981
Original commit hash: dedf54e99fe4ef462f05e982e49853249afe5ae6

-------------------------------------------------------------------------------- 
[Changed Files]
CannonLakePlatSamplePkg/Board/Others/PeiBoardInitLib/BoardInitLib.c
CannonLakePlatSamplePkg/Board/Others/PeiBoardInitLib/BoardInitLib.inf
CannonLakePlatSamplePkg/Board/Others/PeiBoardInitLib/GpioTableCflHDdr4.h
CannonLakePlatSamplePkg/Board/Others/PeiBoardInitLib/GpioTableCflSDdr4.h
CannonLakePlatSamplePkg/Board/Others/PeiBoardInitLib/GpioTableCnlUDdr4.h
CannonLakePlatSamplePkg/PlatformPkg.dsc

================================================================================ 
Commit: a28c87b71fe6e20150635ceda72b42da4595644a 
Author: ClientSysFWGit <clientsysfwgit@intel.com> 
Date: Sun Jan 20 06:23:42 2019 -0800 
-------------------------------------------------------------------------------- 
PCI Express Root Port9 setup item grayed out after enable Pcie Controller 3 Lane Reversal in ME

Added a check for lane reversal when displaying setup options

Hsd-es-id: 1407982953
Attestation-link: CannonLakePlatSamplePkg/InternalOnly/IpPlan/Client BIOS IP Plan.xlsx

Original commit date: Mon Nov 5 09:25:09 2018 -0800
Change-Id: I96721e5563b04f58b31311a852900f82a072d6af
Original commit hash: b8cc02d3f36a49e97f89f215797afb0471decbf7

-------------------------------------------------------------------------------- 
[Changed Files]
CannonLakePlatSamplePkg/Setup/PchSetup.c
CannonLakeSiliconPkg/Pch/Include/PchInfoHob.h
CannonLakeSiliconPkg/Pch/Library/Private/PeiDxeSmmPchFiaLib/PchFiaLibCnl.c
CannonLakeSiliconPkg/Pch/Library/Private/PeiDxeSmmPchFiaLib/PeiDxeSmmPchFiaLibCnl.inf
CannonLakeSiliconPkg/Pch/Library/Private/PeiPchInitLib/PchHobs.c

================================================================================ 
Commit: 644539c5dfa958fcf8bbfa6123207d82e09390f8 
Author: ClientSysFWGit <clientsysfwgit@intel.com> 
Date: Sun Jan 20 06:23:40 2019 -0800 
-------------------------------------------------------------------------------- 
Description: Updating support for R0.
Solution: CFL R0 is a new H/S 8+2 stepping.Need to update checks for H/S 8+2 to include R0.
Impacted Platform: CFL


Original commit date: Thu Nov 15 14:35:18 2018 -0800
Change-Id: If413ddec5687c08f92363326a30ffe6183ef0742
Original commit hash: e7840e4d953fa290695f900dc81f3cd7bf897994

-------------------------------------------------------------------------------- 
[Changed Files]
CannonLakeSiliconPkg/Cpu/Library/PeiDxeSmmCpuPlatformLib/CpuPlatformLibrary.c

================================================================================ 
Commit: c7384c34e456f075ac8f0fe61052aa207f93ae5d 
Author: ClientSysFWGit <clientsysfwgit@intel.com> 
Date: Sun Jan 20 06:23:39 2019 -0800 
-------------------------------------------------------------------------------- 
[FSP]Better explanation about SsidTablePtr

Add information for 2 UPDs.
gPlatformFspPkgTokenSpaceGuid.SiSsidTablePtr and gPlatformFspPkgTokenSpaceGuid.SiNumberOfSsidTableEntry

Hsd-es-id: 1408586377
Original commit date: Wed Dec 5 16:46:13 2018 +0800
Change-Id: I90daae24a761407b2cc2cec6846e66feb9045ce7
Original commit hash: e9eff5e665715df17808262d17025eb9930aec5e

-------------------------------------------------------------------------------- 
[Changed Files]
CannonLakeFspPkg/Upd/FspsUpd.dsc

================================================================================ 
Commit: 54b2d7cc60dd82a0afb32c994e7ed392e3245288 
Author: ClientSysFWGit <clientsysfwgit@intel.com> 
Date: Sun Jan 20 06:23:37 2019 -0800 
-------------------------------------------------------------------------------- 
CannonLakePlatSamplePkg:[WHL][CFL] Add a setup option to force MRC training on Warm flow

Add a setup option to force MRC training on Warm flow.
This was requested by customer enabling team.

Add a new MEMORY_CONFIGURATION policy member, Default Disabled: MrcTrainOnWarm  // 0 - disabled, 1 - enabled

Original commit date: Fri Nov 30 16:20:16 2018 -0800
Change-Id: I3ca63db6d44d1a5d00183fb09030336114941a8f
Original commit hash: ab7e2d2f24fe642fcca9eb119b7154b21f26042e

-------------------------------------------------------------------------------- 
[Changed Files]
CannonLakeFspPkg/Library/PeiPolicyUpdatePreMemLib/PeiSaPolicyUpdatePreMem.c
CannonLakeFspPkg/Upd/FspmUpd.dsc
CannonLakePlatSamplePkg/Include/SetupVariable.h
CannonLakePlatSamplePkg/Library/PeiPolicyUpdateLib/PeiSaPolicyUpdatePreMem.c
CannonLakePlatSamplePkg/Setup/SaSetup.hfr
CannonLakePlatSamplePkg/Setup/SaSetup.uni
CannonLakeSiliconPkg/SystemAgent/Include/ConfigBlock/MemoryConfig.h
CannonLakeSiliconPkg/SystemAgent/Library/PeiSaPolicyLib/PeiSaPolicyLib.c
CannonLakeSiliconPkg/SystemAgent/MemoryInit/Include/Cannonlake/MrcInterface.h
CannonLakeSiliconPkg/SystemAgent/MemoryInit/Include/Coffeelake/MrcInterface.h
CannonLakeSiliconPkg/SystemAgent/MemoryInitCfl/Library/Private/PeiMemoryInitLib/MemoryInit.c

================================================================================ 
Commit: ca35cc2deef6fff488ac72b261063a0a52afc090 
Author: ClientSysFWGit <clientsysfwgit@intel.com> 
Date: Sun Jan 20 06:23:31 2019 -0800 
-------------------------------------------------------------------------------- 
[TeamCity]  Daily Update_FSP/RC

Tue Dec 18 11:37:10 2018 -0800
Original commit date: Tue Dec 18 11:37:10 2018 -0800
Original commit hash: 900f895564b9b320b81498ece91c342cf7b53b14

-------------------------------------------------------------------------------- 
[Changed Files]
CannonLakeFspPkg/CannonLakeFspPkg.dec
CannonLakeSiliconPkg/SiPkg.dec

================================================================================ 
Commit: 326a90331ee5518924dfb07f7989ea6a6f0c09c3 
Author: ClientSysFWGit <clientsysfwgit@intel.com> 
Date: Sun Jan 20 06:23:28 2019 -0800 
-------------------------------------------------------------------------------- 
[CNL] Make different naming between FSP-M/FSP-S for BCT Tool support.

Hsd-es-id: 1506986815
Attestation-link: CannonLakePlatSamplePkg/InternalOnly/IpPlan/Client BIOS IP Plan.xlsx
Original commit date: Mon Dec 17 10:48:11 2018 +0800
Change-Id: Ib8e21d0c077f0b338a68b28737eadf37a47ca2c4
Original commit hash: 613d89c53885ec11d4fa74994907d9f97b868570

-------------------------------------------------------------------------------- 
[Changed Files]
CannonLakeFspPkg/Library/PeiPolicyUpdatePreMemLib/PeiSaPolicyUpdatePreMem.c
CannonLakeFspPkg/Upd/FspmUpd.dsc
CannonLakeFspPkg/Upd/FspsUpd.dsc
CannonLakePlatSamplePkg/FspWrapper/Library/PeiFspPolicyInitLib/PeiFspSaPolicyInitLib.c
CannonLakePlatSamplePkg/Library/PeiPolicyUpdateLib/PeiSaPolicyUpdatePreMem.c
CannonLakeSiliconPkg/SystemAgent/Include/ConfigBlock/GraphicsPeiPreMemConfig.h
CannonLakeSiliconPkg/SystemAgent/Library/PeiSaPolicyLib/SaPrintPolicy.c
CannonLakeSiliconPkg/SystemAgent/Library/Private/PeiGraphicsInitLib/PeiGraphicsInitLib.c

================================================================================ 
Commit: c0b12f25fc5ab5c4746f9d4786e026cf1ed2fe07 
Author: ClientSysFWGit <clientsysfwgit@intel.com> 
Date: Sun Jan 20 06:23:26 2019 -0800 
-------------------------------------------------------------------------------- 
Integrate CFL Dx Patch 0x9E

Update CFL Dx with Patch 0x9E

Hsd-es-id: <HSD-ES Number>
Original commit date: Mon Dec 17 14:57:05 2018 -0800
Change-Id: Ie7728219b96c171ff0857f7746084ddb8861eed9
Original commit hash: a43ee1111eb1850e48f45034a97822a7439412c9

-------------------------------------------------------------------------------- 
[Changed Files]
CannonLakePlatSamplePkg/PlatformPkg.fdf

================================================================================ 
Commit: e240d97f99e5a14b648c033df4c69fb766133cdd 
Author: ClientSysFWGit <clientsysfwgit@intel.com> 
Date: Sun Jan 20 06:23:24 2019 -0800 
-------------------------------------------------------------------------------- 
[TeamCity]  Daily Update_FSP/RC

Mon Dec 17 11:36:56 2018 -0800
Original commit date: Mon Dec 17 11:36:56 2018 -0800
Original commit hash: e95c78a5b700764f77721ff007fca72e280e1f52

-------------------------------------------------------------------------------- 
[Changed Files]
CannonLakeFspPkg/CannonLakeFspPkg.dec
CannonLakeSiliconPkg/SiPkg.dec

================================================================================ 
Commit: b741d83424a826460d7756a5a1785976a57dd0b0 
Author: ClientSysFWGit <clientsysfwgit@intel.com> 
Date: Sun Jan 20 06:23:23 2019 -0800 
-------------------------------------------------------------------------------- 
[TeamCity] CNL Weekly Update_FSP/RC

Sun Dec 16 12:05:47 2018 -0800
Original commit date: Sun Dec 16 12:05:47 2018 -0800
Original commit hash: 998d552ec8bb115d2f1dd91dcd5da95a8299174f

-------------------------------------------------------------------------------- 
[Changed Files]
CannonLakeFspPkg/CannonLakeFspPkg.dec
CannonLakeSiliconPkg/SiPkg.dec

================================================================================ 
Commit: e5d356f3386123039d2edc08c6647f986b281eaf 
Author: ClientSysFWGit <clientsysfwgit@intel.com> 
Date: Sun Jan 20 06:23:21 2019 -0800 
-------------------------------------------------------------------------------- 
[TeamCity]  Daily Update_FSP/RC

Sun Dec 16 11:36:23 2018 -0800
Original commit date: Sun Dec 16 11:36:23 2018 -0800
Original commit hash: 5a44e22767835832fabde15660721846dc7e6ea4

-------------------------------------------------------------------------------- 
[Changed Files]
CannonLakeFspPkg/CannonLakeFspPkg.dec
CannonLakeSiliconPkg/SiPkg.dec

================================================================================ 
Commit: b8b0bb337869aaff1cd81a0ab271d39de47ec21d 
Author: ClientSysFWGit <clientsysfwgit@intel.com> 
Date: Sun Jan 20 06:23:20 2019 -0800 
-------------------------------------------------------------------------------- 
[TeamCity]  Daily Update_FSP/RC

Sat Dec 15 11:37:56 2018 -0800
Original commit date: Sat Dec 15 11:37:56 2018 -0800
Original commit hash: 27f9352d0953295afdfd54e59072b7d5df1864bb

-------------------------------------------------------------------------------- 
[Changed Files]
CannonLakeFspPkg/CannonLakeFspPkg.dec
CannonLakeSiliconPkg/SiPkg.dec

================================================================================ 
Commit: 2add90f33852638b74d01c54590e97f8badc9c1d 
Author: ClientSysFWGit <clientsysfwgit@intel.com> 
Date: Sun Jan 20 06:23:18 2019 -0800 
-------------------------------------------------------------------------------- 
[TeamCity]  Daily Update_FSP/RC

Fri Dec 14 11:36:48 2018 -0800
Original commit date: Fri Dec 14 11:36:48 2018 -0800
Original commit hash: 57acba864e5ae20ab1e5d2642a7e26e15478ad81

-------------------------------------------------------------------------------- 
[Changed Files]
CannonLakeFspPkg/CannonLakeFspPkg.dec
CannonLakeSiliconPkg/SiPkg.dec

================================================================================ 
Commit: 75e5463a2ea8205b1a3c3c4aac0a855847de2e25 
Author: ClientSysFWGit <clientsysfwgit@intel.com> 
Date: Sun Jan 20 06:23:17 2019 -0800 
-------------------------------------------------------------------------------- 
Update MRC Release Notes and increment MRC build revision

Fri Dec 14 18:53:34 2018 +0000
Original commit date: Fri Dec 14 18:53:34 2018 +0000
Original commit hash: b66a3b996f2f2c45c0d579fc3cd1da77f806edba

-------------------------------------------------------------------------------- 
[Changed Files]
CannonLakeSiliconPkg/SystemAgent/MemoryInit/LibraryPrivate/PeiMemoryInitLib/Source/Include/MrcVersion.h

================================================================================ 
Commit: 4fb034f21b8e6cbd5feaf29f50ae219f4c382c24 
Author: ClientSysFWGit <clientsysfwgit@intel.com> 
Date: Sun Jan 20 06:23:14 2019 -0800 
-------------------------------------------------------------------------------- 
[TeamCity]  Daily Update_FSP/RC

Thu Dec 13 11:35:54 2018 -0800
Original commit date: Thu Dec 13 11:35:54 2018 -0800
Original commit hash: 89b74be7cfaa85403723aa5fb7d301376ff29590

-------------------------------------------------------------------------------- 
[Changed Files]
CannonLakeFspPkg/CannonLakeFspPkg.dec
CannonLakeSiliconPkg/SiPkg.dec

================================================================================ 
Commit: 4c98d9fcda66d1d33803dcdb04f79858c961e900 
Author: ClientSysFWGit <clientsysfwgit@intel.com> 
Date: Sun Jan 20 06:19:55 2019 -0800 
-------------------------------------------------------------------------------- 
Rebase BIOS Version

-------------------------------------------------------------------------------- 
[Changed Files]
CFL_CNL_version decode WW01'19.pdf
CannonLakeFspBinPkg/Docs/CannonLake_FSP_Integration_Guide.chm
CannonLakeFspBinPkg/Docs/CannonLake_FSP_Integration_Guide.pdf
CannonLakeFspBinPkg/Fsp.bsf
CannonLakeFspBinPkg/Include/FirmwareVersionInfoHob.h
CannonLakeFspBinPkg/Include/FspmUpd.h
CannonLakeFspBinPkg/Include/HobUsageDataHob.h
CannonLakeFspBinPkg/Include/MemInfoHob.h
CannonLakeFspBinPkg/Include/SmbiosCacheInfoHob.h
CannonLakeFspBinPkg/Include/SmbiosProcessorInfoHob.h
CannonLakeFspPkg/CannonLakeFspPkg.dec
CannonLakeFspPkg/Include/FspmUpd.h
CannonLakeFspPkg/Include/MemInfoHob.h
CannonLakeFspPkg/Library/PeiPolicyUpdatePreMemLib/PeiSaPolicyUpdatePreMem.c
CannonLakeFspPkg/Upd/FspmUpd.dsc
CannonLakeFspPkg/Upd/FspsUpd.dsc
CannonLakePlatSamplePkg/Acpi/AcpiTables/AcpiPlatform/Dxe/AcpiPlatform.c
CannonLakePlatSamplePkg/Acpi/AcpiTables/Dsdt/PlatformNvs.asl
CannonLakePlatSamplePkg/Docs/PlatApi.chm
CannonLakePlatSamplePkg/Features/Pep/AcpiTables/Pep.asl
CannonLakePlatSamplePkg/Features/Tbt/AcpiTables/Tbt.asl
CannonLakePlatSamplePkg/Features/Tbt/AcpiTables/TbtNvs.asl
CannonLakePlatSamplePkg/Features/Tbt/Include/Protocol/TbtNvsArea.h
CannonLakePlatSamplePkg/Features/Tbt/Include/TbtNvsAreaDef.h
CannonLakePlatSamplePkg/Features/Tbt/TbtInit/Dxe/TbtDxe.c
CannonLakePlatSamplePkg/Features/Tbt/TbtInit/Smm/TbtSmm.c
CannonLakePlatSamplePkg/FspWrapper/Library/PeiFspPolicyInitLib/PeiFspSaPolicyInitLib.c
CannonLakePlatSamplePkg/Include/PlatformNvsAreaDef.h
CannonLakePlatSamplePkg/Include/SetupVariable.h
CannonLakePlatSamplePkg/Library/DxePlatformBootManagerLib/PlatformBootOption.c
CannonLakePlatSamplePkg/Library/PeiPolicyUpdateLib/PeiSaPolicyUpdatePreMem.c
CannonLakePlatSamplePkg/Setup/AcpiSetup.hfr
CannonLakePlatSamplePkg/Setup/AcpiSetup.uni
CannonLakePlatSamplePkg/Tools/GenBiosId/BiosId.env
CannonLakeSiliconPkg/Docs/SiPkgApi.chm
CannonLakeSiliconPkg/SiPkg.dec
CannonLakeSiliconPkg/SystemAgent/Include/ConfigBlock/GraphicsPeiPreMemConfig.h
CannonLakeSiliconPkg/SystemAgent/Library/PeiSaPolicyLib/SaPrintPolicy.c
CannonLakeSiliconPkg/SystemAgent/Library/Private/PeiGraphicsInitLib/PeiGraphicsInitLib.c
ClientCommonPkg/Docs/ClientCommonPkgApi.chm
ClientCommonPkg/Docs/ClientCommonPkgApi.pdf
ClientSiliconPkg/Docs/ClientSiliconPkg.chm
ClientSiliconPkg/Docs/ClientSiliconPkg.pdf
