================================================================================ 
Commit: 12009d0f4647462230df1c2b54805d95e7ca567d 
Author: ClientSysFWGit <clientsysfwgit@intel.com> 
Date: Wed May 28 11:56:33 2025 +0530 
-------------------------------------------------------------------------------- 
Added Doxygen folder and License.txt file for ARL-H 5204_80 label.

-------------------------------------------------------------------------------- 
[Changed Files]
ClientOneSiliconPkg/Product/MeteorLake/EarlyDevices/Readme.md
ClientOneSiliconPkg/SiPkg.dec
Doxygen/BoardApi.chm
Doxygen/FspApi.chm
Doxygen/MeteorLake_FSP_Integration_Guide.chm
Doxygen/MeteorLake_FSP_Integration_Guide.pdf
Doxygen/PlatApi.chm
Doxygen/SiPkgApi.chm
LICENSE.txt
MeteorLakeBoardPkg/CapsuleUpdateConfig/.gitignore
MeteorLakeBoardPkg/Features/CapsuleUpdate/Tools/CapsuleGenerate/Ucode/.gitignore

================================================================================ 
Commit: ca07afd0d42977341b228e1044d9b87cd4e99d56 
Author: ClientSysFWGit <clientsysfwgit@intel.com> 
Date: Wed May 28 11:52:48 2025 +0530 
-------------------------------------------------------------------------------- 
"[TeamCity] MTL MeteorLake_meteorlake_program_platform_Daily Daily Updating Version/ID: MeteorLake_5204_80

Hsd-es-id: N/A"
Original commit date: Thu May 15 11:53:22 2025 +0000
Original commit hash: c0bfcef7375ba3d8ec068b55a455098122cf5726

-------------------------------------------------------------------------------- 
[Changed Files]
MeteorLakeBoardPkg/BiosId.env

================================================================================ 
Commit: 7fc6897b29c9e7a643bf15ecaf2233b05fbbe3df 
Author: ClientSysFWGit <clientsysfwgit@intel.com> 
Date: Wed May 28 11:52:45 2025 +0530 
-------------------------------------------------------------------------------- 
[MTL][ARL] Program Branch BIOS ID Override

[Feature Description]
ARL Program Branch BIOS ID Override

Package/Module: MeteorLakeBoardPkg

[Impacted Platform]
ARL

Hsd-es-id: N/A
Original commit date: Thu May 15 16:53:52 2025 +0530
Change-Id: I372b25c9c4d80490c80a07374fd6c46ebbdac2cb
Original commit hash: 773b5c4c392c7c7e39f3d16da23deee3c7499308

-------------------------------------------------------------------------------- 
[Changed Files]
MeteorLakeBoardPkg/BiosId.env

================================================================================ 
Commit: 5c8d8608d24a89738078d0bde2cf6277a2a0c49a 
Author: ClientSysFWGit <clientsysfwgit@intel.com> 
Date: Wed May 28 11:52:43 2025 +0530 
-------------------------------------------------------------------------------- 
"[TeamCity] MTL MeteorLake_meteorlake_family_Daily Daily Updating Version/ID: MeteorLake_5204_00

Hsd-es-id: N/A"
Original commit date: Thu May 15 09:58:40 2025 +0000
Original commit hash: be0692c76e25ba07a0c1c5c244dac24f4c8e11f0

-------------------------------------------------------------------------------- 
[Changed Files]
ClientOneSiliconPkg/Product/MeteorLake/SiPkgPcdInit.dsc
MeteorLakeBoardPkg/BiosId.env
MeteorLakeFspPkg/FspPkgPcdInit.dsc

================================================================================ 
Commit: 22b153e5cf964af8ead2b213193ff23686aa3f46 
Author: ClientSysFWGit <clientsysfwgit@intel.com> 
Date: Wed May 28 11:52:41 2025 +0530 
-------------------------------------------------------------------------------- 
"[TeamCity] MTL MeteorLake_meteorlake_family_Daily Daily Updating Version/ID: MeteorLake_5203_00

Hsd-es-id: N/A"
Original commit date: Wed May 14 21:31:26 2025 -0700
Original commit hash: ce59ee68523079a96ae1639e185df9378e8d423b

-------------------------------------------------------------------------------- 
[Changed Files]
ClientOneSiliconPkg/Product/MeteorLake/SiPkgPcdInit.dsc
MeteorLakeBoardPkg/BiosId.env
MeteorLakeFspPkg/FspPkgPcdInit.dsc

================================================================================ 
Commit: 4869d163bd548dd0deeec9f00a8dc33e79a172a7 
Author: ClientSysFWGit <clientsysfwgit@intel.com> 
Date: Wed May 28 11:52:39 2025 +0530 
-------------------------------------------------------------------------------- 
"[TeamCity] MTL MeteorLake_meteorlake_family_Daily Daily Updating Version/ID: MeteorLake_5202_00

Hsd-es-id: N/A"
Original commit date: Tue May 13 21:37:19 2025 -0700
Original commit hash: 522c4248c22dfc3edaf02423207caada3819c181

-------------------------------------------------------------------------------- 
[Changed Files]
ClientOneSiliconPkg/Product/MeteorLake/SiPkgPcdInit.dsc
MeteorLakeBoardPkg/BiosId.env
MeteorLakeFspPkg/FspPkgPcdInit.dsc

================================================================================ 
Commit: dd146b23e58b88742983d42f0347d62f92b312da 
Author: ClientSysFWGit <clientsysfwgit@intel.com> 
Date: Wed May 28 11:52:34 2025 +0530 
-------------------------------------------------------------------------------- 
[MTL]Expose Vby1 code.

[Feature Description]
 Create a BIOS knob to enable/disable Vby1.
 Expose Vby1 code.
 Remove unused header file on Vby1lib

Package/Module:MeteorLakePlatSamplePkg

[Impacted Platform]
 MTL

Hsd-es-id: 15017100800
Original commit date: Fri May 9 19:56:30 2025 +0530
Change-Id: I031540e5f5ea804b1a38c4d3275f6efea4fdee6a
Original commit hash: e3c51a2b53de28c4addbd1c54df15076b8f8030d

-------------------------------------------------------------------------------- 
[Changed Files]
MeteorLakeBoardPkg/BoardPkg.dsc
MeteorLakeBoardPkg/BoardPkg.fdf
MeteorLakePlatSamplePkg/Include/SetupVariable.h
MeteorLakePlatSamplePkg/PlatformPkg.dec
MeteorLakePlatSamplePkg/Setup/SaSetup.hfr
MeteorLakePlatSamplePkg/Setup/SaSetup.uni
MeteorLakePlatSamplePkg/Vby1/Include/Library/Vby1Lib.h
MeteorLakePlatSamplePkg/Vby1/Library/Vby1Lib/Vby1Lib.c
MeteorLakePlatSamplePkg/Vby1/Library/Vby1Lib/Vby1Lib.inf
MeteorLakePlatSamplePkg/Vby1/Vby1PostBuffer.c
MeteorLakePlatSamplePkg/Vby1/Vby1PostBuffer.inf
MeteorLakePlatSamplePkg/Vby1/Vby1PreGop.c
MeteorLakePlatSamplePkg/Vby1/Vby1PreGop.inf

================================================================================ 
Commit: b8fbba0288fe8d157271a7feb03329b75a51ad9e 
Author: ClientSysFWGit <clientsysfwgit@intel.com> 
Date: Wed May 28 11:52:31 2025 +0530 
-------------------------------------------------------------------------------- 
Update MRC Release Notes MTL MRC 2.0.4.0

[Feature Description]
Update MRC version.

Package/Module: ClientOneSiliconPkg/IpBlock/MemoryInit/Mtl

[Impacted Platform]
ALL

Hsd-es-id: 22014478540
Original commit date: Fri May 2 09:13:10 2025 -0700
Change-Id: I922675476588c0b6ffb669c2129243449c767357
Original commit hash: 79ca5f3c022506d27fab8a6be58e3622d4520ac1

-------------------------------------------------------------------------------- 
[Changed Files]
ClientOneSiliconPkg/IpBlock/MemoryInit/Mtl/LibraryPrivate/PeiMemoryInitLib/Source/Include/MrcVersion.h

================================================================================ 
Commit: 57f9a2916f12ee0c5bb85e7aa25dabf43984c5c8 
Author: ClientSysFWGit <clientsysfwgit@intel.com> 
Date: Wed May 28 11:52:28 2025 +0530 
-------------------------------------------------------------------------------- 
Update MRC Release Notes MTL MRC 2.0.3.7

[Feature Description]
Update MRC version.

Package/Module: ClientOneSiliconPkg/IpBlock/MemoryInit/Mtl

[Impacted Platform]
ALL

Hsd-es-id: 22014478540
Original commit date: Fri May 2 09:12:43 2025 -0700
Change-Id: I11e221f40d5092603c15233ea1c2bff149dc7f2f
Original commit hash: dad0ce3c3533277bfd8cc908dafb9df232dd7252

-------------------------------------------------------------------------------- 
[Changed Files]
ClientOneSiliconPkg/IpBlock/MemoryInit/Mtl/LibraryPrivate/PeiMemoryInitLib/Source/Include/MrcVersion.h

================================================================================ 
Commit: 56a931ce5aabb86275986a619b4c8a66cd370373 
Author: ClientSysFWGit <clientsysfwgit@intel.com> 
Date: Wed May 28 11:52:26 2025 +0530 
-------------------------------------------------------------------------------- 
[ARL | LP5 DDR5] Allow higher Freq than POR Freq when Memory Profile.

[Feature Description]
1) MRC must allow to Memory Training with higher Freq than POR Freq
   when Memory Profile is not Standard DIMM profile
   and SAGV is disabled.

Package/Module: ClientOneSiliconPkg/IpBlock/MemoryInit/Mtl

[Impacted Platform]
ALL

Hsd-es-id: 22021208708
Original commit date: Wed Apr 30 14:40:58 2025 -0700
Change-Id: Id008997466a4d9f4ff2c5b0d9b1fb344d2c3051f
Original commit hash: 0d95cbcdd31dc2fea278a27b01d1287b19b72bb7

-------------------------------------------------------------------------------- 
[Changed Files]
ClientOneSiliconPkg/IpBlock/MemoryInit/Mtl/LibraryPrivate/PeiMemoryInitLib/Source/Chip/Pma/MrcPmaApi.c

================================================================================ 
Commit: 57654f7a2251df403454e1ec0c28857ba2c855f0 
Author: ClientSysFWGit <clientsysfwgit@intel.com> 
Date: Wed May 28 11:52:23 2025 +0530 
-------------------------------------------------------------------------------- 
Update MRC Release Notes MTL MRC 2.0.3.6

[Feature Description]
Update MRC version.

Package/Module: ClientOneSiliconPkg/IpBlock/MemoryInit/Mtl

[Impacted Platform]
ALL

Hsd-es-id: 22014478540
Original commit date: Mon Apr 28 11:31:16 2025 -0700
Change-Id: Ie8308fc51532fb951e14330aeef81e97ec8c2600
Original commit hash: c9e9e1f3337bf408ccac23b5fcf5c49c83d894cd

-------------------------------------------------------------------------------- 
[Changed Files]
ClientOneSiliconPkg/IpBlock/MemoryInit/Mtl/LibraryPrivate/PeiMemoryInitLib/Source/Include/MrcVersion.h

================================================================================ 
Commit: ad6c37b3d60fb2b11dba961ab8b36439be4a52eb 
Author: ClientSysFWGit <clientsysfwgit@intel.com> 
Date: Wed May 28 11:52:21 2025 +0530 
-------------------------------------------------------------------------------- 
[ARL | LP5 DDR5] System does not boot up when SAGV is disabled.

[Feature Description]
1) MRC must set FreqMax to POR value, if populated DIMMs do not match
   the POR spec when SAGV is disabled.
2) Adding ARL-S Refresh DDR5 supported data rates.

Package/Module: ClientOneSiliconPkg/IpBlock/MemoryInit/Mtl

[Impacted Platform]
ALL

Hsd-es-id: 22021178318
Original commit date: Tue Apr 22 23:42:55 2025 -0700
Change-Id: I3200ce19c341da8081ce86bdc92f5735d4cea9b6
Original commit hash: 0f15d156a0b55a1584d01fe38d03bb8fcf363991

-------------------------------------------------------------------------------- 
[Changed Files]
ClientOneSiliconPkg/IpBlock/MemoryInit/Mtl/LibraryPrivate/PeiMemoryInitLib/Source/Api/MrcGeneral.c
ClientOneSiliconPkg/IpBlock/MemoryInit/Mtl/LibraryPrivate/PeiMemoryInitLib/Source/Api/MrcGeneral.h
ClientOneSiliconPkg/IpBlock/MemoryInit/Mtl/LibraryPrivate/PeiMemoryInitLib/Source/Chip/Pma/MrcPmaApi.c

================================================================================ 
Commit: 22cb04f67e8c16f365a39bfe1eb5a4ec163beded 
Author: ClientSysFWGit <clientsysfwgit@intel.com> 
Date: Wed May 28 11:52:19 2025 +0530 
-------------------------------------------------------------------------------- 
Update MRC Release Notes MTL MRC 2.0.3.5

[Feature Description]
Update MRC version.

Package/Module: ClientOneSiliconPkg/IpBlock/MemoryInit/Mtl

[Impacted Platform]
ALL

Hsd-es-id: 22014478540
Original commit date: Mon Apr 28 11:25:26 2025 -0700
Change-Id: Ia91842d221a86f019cbcb805f8e65927dca89fc5
Original commit hash: 1f030bd4b0987224cab65a82561d472d6f8a3b62

-------------------------------------------------------------------------------- 
[Changed Files]
ClientOneSiliconPkg/IpBlock/MemoryInit/Mtl/LibraryPrivate/PeiMemoryInitLib/Source/Include/MrcVersion.h

================================================================================ 
Commit: d437de09b7b1b41e974d48e9f8bdb7c3021e37e4 
Author: ClientSysFWGit <clientsysfwgit@intel.com> 
Date: Wed May 28 11:52:14 2025 +0530 
-------------------------------------------------------------------------------- 
Update MRC Release Notes MTL MRC 2.0.3.4

[Feature Description]
Update MRC version.

Package/Module: ClientOneSiliconPkg/IpBlock/MemoryInit/Mtl

[Impacted Platform]
ALL

Hsd-es-id: 22014478540
Original commit date: Fri Mar 28 14:12:43 2025 -0700
Change-Id: I816283945e12cb7b00f3747842918d83f8373455
Original commit hash: e780e6e75b6159830a3e896708d3033194c02571

-------------------------------------------------------------------------------- 
[Changed Files]
ClientOneSiliconPkg/IpBlock/MemoryInit/Mtl/LibraryPrivate/PeiMemoryInitLib/Source/Include/MrcVersion.h

================================================================================ 
Commit: 0a37abd0131e10439427c60025c5d933e4e4843a 
Author: ClientSysFWGit <clientsysfwgit@intel.com> 
Date: Wed May 28 11:52:12 2025 +0530 
-------------------------------------------------------------------------------- 
[ARL MTL | LP5] MRC LP5 with SAGV Disable Fastboot Check Fails

[Issue Description]
For LP5 with SAGV disabled, it will cause fast boot to fail. This is
primarily due to modifying the SPD contents which changes the DIMM CRC
that is saved. The current boot DIMM CRC will fail the check since the
saved DIMM CRC is different from before

[Resolution]
Delay modifying the SPD contents since its seems to be only necessary
for SMBIOS table 17.

Package/Module: ClientOneSiliconPkg/IpBlock/MemoryInit/Mtl

[Impacted Platform]
H, U

Hsd-es-id: 14024705366
Original commit date: Mon Nov 4 14:11:02 2024 -0800
Change-Id: I468354d90c7b2b986c14aaafe656d088ee27eace
Original commit hash: cdf3ac8de75082796cba796ab03524d25dee5ca4

-------------------------------------------------------------------------------- 
[Changed Files]
ClientOneSiliconPkg/IpBlock/MemoryInit/Mtl/Include/MrcInterface.h
ClientOneSiliconPkg/IpBlock/MemoryInit/Mtl/LibraryPrivate/PeiMemoryInitLib/Source/Api/MrcSaveRestore.c
ClientOneSiliconPkg/IpBlock/MemoryInit/Mtl/LibraryPrivate/PeiMemoryInitLib/Source/MemoryTypes/MrcDdrCommon.c

================================================================================ 
Commit: f7dbc18c6b629401dd12fc5626b121c54d9fb108 
Author: ClientSysFWGit <clientsysfwgit@intel.com> 
Date: Wed May 28 11:52:09 2025 +0530 
-------------------------------------------------------------------------------- 
Update MRC Release Notes MTL MRC 2.0.3.3

[Feature Description]
Update MRC version.

Package/Module: ClientOneSiliconPkg/IpBlock/MemoryInit/Mtl

[Impacted Platform]
ALL

Hsd-es-id: 22014478540
Original commit date: Fri Mar 28 14:10:58 2025 -0700
Change-Id: I08d8de44b03e98723f0a5f99beeaab5521217a86
Original commit hash: 641f247184c64eba1dfbbf15cfee824985dbfb6e

-------------------------------------------------------------------------------- 
[Changed Files]
ClientOneSiliconPkg/IpBlock/MemoryInit/Mtl/LibraryPrivate/PeiMemoryInitLib/Source/Include/MrcVersion.h

================================================================================ 
Commit: ae307214af7a537aa26e7990b6163831bcd6f6ae 
Author: ClientSysFWGit <clientsysfwgit@intel.com> 
Date: Wed May 28 11:52:07 2025 +0530 
-------------------------------------------------------------------------------- 
[ARL-U/H | DDR5] MRC Apply Vendor Setting for 2R

[Feature Description]
MRC must apply the vendor specific settings for 2R configs

Package/Module: ClientOneSiliconPkg/IpBlock/MemoryInit/Mtl

[Impacted Platform]
U, H

Hsd-es-id: 14024687779
Original commit date: Wed Mar 26 12:43:53 2025 -0700
Change-Id: Ic5ba05018c90e9a4d15cb3c6a0e14f21795e5002
Original commit hash: 8ddb79c491f9c7ca1f4d4d6f732fc007d21cb424

-------------------------------------------------------------------------------- 
[Changed Files]
ClientOneSiliconPkg/IpBlock/MemoryInit/Mtl/LibraryPrivate/PeiMemoryInitLib/Source/MemoryTypes/MrcDdr5.c

================================================================================ 
Commit: 9df5e7158075f4439fb64beb39f388f9115642af 
Author: ClientSysFWGit <clientsysfwgit@intel.com> 
Date: Wed May 28 11:52:04 2025 +0530 
-------------------------------------------------------------------------------- 
Update MRC Release Notes MTL MRC 2.0.3.2

[Feature Description]
Update MRC version.

Package/Module: ClientOneSiliconPkg/IpBlock/MemoryInit/Mtl

[Impacted Platform]
ALL

Hsd-es-id: 22014478540
Original commit date: Mon Mar 24 00:43:49 2025 -0700
Change-Id: I01deb75dd953d7ed6345b1c58e155a4a07365808
Original commit hash: e8a0ada7b4e1a321c652d75164200f7fcdab728e

-------------------------------------------------------------------------------- 
[Changed Files]
ClientOneSiliconPkg/IpBlock/MemoryInit/Mtl/LibraryPrivate/PeiMemoryInitLib/Source/Include/MrcVersion.h

================================================================================ 
Commit: 12a0e10dd9013b814fefcaeed47eacc0e5f2b4dd 
Author: ClientSysFWGit <clientsysfwgit@intel.com> 
Date: Wed May 28 11:52:02 2025 +0530 
-------------------------------------------------------------------------------- 
[ARL-U/H | DDR5] MRC Apply Vendor Setting to multiple configs

[Feature Description]
MRC must apply the vendor specific settings for DIMM capable frequency
instead of current Dimm frequency and for all variations of vendor
configs

Package/Module: ClientOneSiliconPkg/IpBlock/MemoryInit/Mtl

[Impacted Platform]
U, H

Hsd-es-id: 14024662450
Original commit date: Thu Mar 20 13:48:17 2025 -0700
Change-Id: I8d16fa5518641ed48036aa3af9c616bf601b6674
Original commit hash: 75a1da1818232cb6f49711e8eef12b400da2228e

-------------------------------------------------------------------------------- 
[Changed Files]
ClientOneSiliconPkg/IpBlock/MemoryInit/Mtl/Include/MrcInterface.h
ClientOneSiliconPkg/IpBlock/MemoryInit/Mtl/LibraryPrivate/PeiMemoryInitLib/Source/Api/MrcGeneral.c
ClientOneSiliconPkg/IpBlock/MemoryInit/Mtl/LibraryPrivate/PeiMemoryInitLib/Source/Chip/DdrIo/MrcDdrIoConfig.c
ClientOneSiliconPkg/IpBlock/MemoryInit/Mtl/LibraryPrivate/PeiMemoryInitLib/Source/MemoryTypes/MrcDdr5.c
ClientOneSiliconPkg/IpBlock/MemoryInit/Mtl/LibraryPrivate/PeiMemoryInitLib/Source/Services/MrcTurnAround.c
ClientOneSiliconPkg/IpBlock/MemoryInit/Mtl/LibraryPrivate/PeiMemoryInitLib/Source/SpdProcessing/MrcSpdProcessing.c

================================================================================ 
Commit: 11d5ba51ba348b6ceb30c7ed3f074aa858ea872e 
Author: ClientSysFWGit <clientsysfwgit@intel.com> 
Date: Wed May 28 11:51:59 2025 +0530 
-------------------------------------------------------------------------------- 
Update MRC Release Notes MTL MRC 2.0.3.1

[Feature Description]
Update MRC version.

Package/Module: ClientOneSiliconPkg/IpBlock/MemoryInit/Mtl

[Impacted Platform]
ALL

Hsd-es-id: 22014478540
Original commit date: Fri Mar 21 12:40:30 2025 -0700
Change-Id: Id6be725e35dac34459b778200764a61d97da5f46
Original commit hash: 128e0d32e663cd520988042310f49a90c1c46619

-------------------------------------------------------------------------------- 
[Changed Files]
ClientOneSiliconPkg/IpBlock/MemoryInit/Mtl/LibraryPrivate/PeiMemoryInitLib/Source/Include/MrcVersion.h

================================================================================ 
Commit: dfa61b063e3a91dc7aaf32f7018f630f5cd0ff24 
Author: ClientSysFWGit <clientsysfwgit@intel.com> 
Date: Wed May 28 11:51:57 2025 +0530 
-------------------------------------------------------------------------------- 
[MTL/ARL | DDR5 LP5] MRC Postcode Fix

[Issue Description]
MRC postcodes were not aligned since
the upper bits were not being sent correctly.

[Resolution]

Package/Module: ClientOneSiliconPkg/IpBlock/MemoryInit/Mtl

[Impacted Platform]
All

Registers impacted: None

Hsd-es-id: 22020876169
Original commit date: Fri Nov 8 08:47:58 2024 -0800
Change-Id: I5f3a9ddb58071a54ea6c3e5bab59a38e4074d188
Original commit hash: 8ca5b3fdd1fb6143a1e47645b3ba28bee29c1b59

-------------------------------------------------------------------------------- 
[Changed Files]
ClientOneSiliconPkg/IpBlock/MemoryInit/Mtl/LibraryPrivate/PeiMemoryInitLib/MemoryInit.c

================================================================================ 
Commit: b0b2111cc6a95b654c1ede69156e60b0255044bc 
Author: ClientSysFWGit <clientsysfwgit@intel.com> 
Date: Wed May 28 11:51:54 2025 +0530 
-------------------------------------------------------------------------------- 
Update MRC Release Notes MTL MRC 2.0.3.0

[Feature Description]
Update MRC version.

Package/Module: ClientOneSiliconPkg/IpBlock/MemoryInit/Mtl

[Impacted Platform]
ALL

Hsd-es-id: 22014478540
Original commit date: Fri Mar 21 12:32:53 2025 -0700
Change-Id: If99cf3613c9f7c4d52c634ac09ca898d1f28da25
Original commit hash: 4547bbefb036abe32a251910017e01de26a8ddfd

-------------------------------------------------------------------------------- 
[Changed Files]
ClientOneSiliconPkg/IpBlock/MemoryInit/Mtl/LibraryPrivate/PeiMemoryInitLib/Source/Include/MrcVersion.h

================================================================================ 
Commit: 2b9a847e400802a8ad9773bb709ca7de9ddb7dbc 
Author: ClientSysFWGit <clientsysfwgit@intel.com> 
Date: Wed May 28 11:51:52 2025 +0530 
-------------------------------------------------------------------------------- 
"[TeamCity] MTL MeteorLake_meteorlake_family_Daily Daily Updating Version/ID: MeteorLake_5201_00

Hsd-es-id: N/A"
Original commit date: Mon May 12 21:31:20 2025 -0700
Original commit hash: e43389d1679ac5d3f63f86e92758b3fcea009853

-------------------------------------------------------------------------------- 
[Changed Files]
ClientOneSiliconPkg/Product/MeteorLake/SiPkgPcdInit.dsc
MeteorLakeBoardPkg/BiosId.env
MeteorLakeFspPkg/FspPkgPcdInit.dsc

================================================================================ 
Commit: e006fb567dfcc16ea6f2283dcc7b76912d195515 
Author: ClientSysFWGit <clientsysfwgit@intel.com> 
Date: Wed May 28 11:51:50 2025 +0530 
-------------------------------------------------------------------------------- 
"[TeamCity] MTL MeteorLake_meteorlake_family_Daily Daily Updating Version/ID: MeteorLake_5200_00

Hsd-es-id: N/A"
Original commit date: Sun May 11 21:31:23 2025 -0700
Original commit hash: 2c8f4a7ba0814d8b577ad240567a94374ed97500

-------------------------------------------------------------------------------- 
[Changed Files]
ClientOneSiliconPkg/Product/MeteorLake/SiPkgPcdInit.dsc
MeteorLakeBoardPkg/BiosId.env
MeteorLakeFspPkg/FspPkgPcdInit.dsc

================================================================================ 
Commit: c698d93c5ad865b387cba146d40f9e23ce2038bc 
Author: ClientSysFWGit <clientsysfwgit@intel.com> 
Date: Wed May 28 11:51:48 2025 +0530 
-------------------------------------------------------------------------------- 
"[TeamCity] MTL MeteorLake_meteorlake_family_Daily Daily Updating Version/ID: MeteorLake_5196_00

Hsd-es-id: N/A"
Original commit date: Sat May 10 21:31:25 2025 -0700
Original commit hash: f21756e36f081b2f2a01d7280633487e0f76cc1b

-------------------------------------------------------------------------------- 
[Changed Files]
ClientOneSiliconPkg/Product/MeteorLake/SiPkgPcdInit.dsc
MeteorLakeBoardPkg/BiosId.env
MeteorLakeFspPkg/FspPkgPcdInit.dsc

================================================================================ 
Commit: c36720df667041717557a47a399354236039a168 
Author: ClientSysFWGit <clientsysfwgit@intel.com> 
Date: Wed May 28 11:51:45 2025 +0530 
-------------------------------------------------------------------------------- 
"[TeamCity] MTL MeteorLake_meteorlake_family_Daily Daily Updating Version/ID: MeteorLake_5195_00

Hsd-es-id: N/A"
Original commit date: Fri May 9 21:31:47 2025 -0700
Original commit hash: 96eb961b5a189f640fb68eaa4415d5ed3fc82b24

-------------------------------------------------------------------------------- 
[Changed Files]
ClientOneSiliconPkg/Product/MeteorLake/SiPkgPcdInit.dsc
MeteorLakeBoardPkg/BiosId.env
MeteorLakeFspPkg/FspPkgPcdInit.dsc

================================================================================ 
Commit: 81f003fd253d0a914c4f724837e362e5b248e983 
Author: ClientSysFWGit <clientsysfwgit@intel.com> 
Date: Wed May 28 11:51:43 2025 +0530 
-------------------------------------------------------------------------------- 
"[TeamCity] MTL MeteorLake_meteorlake_family_Daily Daily Updating Version/ID: MeteorLake_5194_00

Hsd-es-id: N/A"
Original commit date: Thu May 8 21:31:34 2025 -0700
Original commit hash: 198e20e6cd8bbf5d2456d568b95dfa6da963c4d7

-------------------------------------------------------------------------------- 
[Changed Files]
ClientOneSiliconPkg/Product/MeteorLake/SiPkgPcdInit.dsc
MeteorLakeBoardPkg/BiosId.env
MeteorLakeFspPkg/FspPkgPcdInit.dsc

================================================================================ 
Commit: 721964603b32cbd52ee027c3538ab190df8b96b7 
Author: ClientSysFWGit <clientsysfwgit@intel.com> 
Date: Wed May 28 11:51:41 2025 +0530 
-------------------------------------------------------------------------------- 
"[TeamCity] MTL MeteorLake_meteorlake_family_Daily Daily Updating Version/ID: MeteorLake_5193_00

Hsd-es-id: N/A"
Original commit date: Wed May 7 21:32:02 2025 -0700
Original commit hash: 37e134366b51e265417b0ec0a9e27531455b836d

-------------------------------------------------------------------------------- 
[Changed Files]
ClientOneSiliconPkg/Product/MeteorLake/SiPkgPcdInit.dsc
MeteorLakeBoardPkg/BiosId.env
MeteorLakeFspPkg/FspPkgPcdInit.dsc

================================================================================ 
Commit: 2b8ecbd7cc398dd0096a9ef20339d712399907e4 
Author: ClientSysFWGit <clientsysfwgit@intel.com> 
Date: Wed May 28 11:51:39 2025 +0530 
-------------------------------------------------------------------------------- 
"[TeamCity] MTL MeteorLake_meteorlake_family_Daily Daily Updating Version/ID: MeteorLake_5192_00

Hsd-es-id: N/A"
Original commit date: Tue May 6 21:32:04 2025 -0700
Original commit hash: 45e52486fd62804d03a6db391b8fb28a88067f33

-------------------------------------------------------------------------------- 
[Changed Files]
ClientOneSiliconPkg/Product/MeteorLake/SiPkgPcdInit.dsc
MeteorLakeBoardPkg/BiosId.env
MeteorLakeFspPkg/FspPkgPcdInit.dsc

================================================================================ 
Commit: c58ec5fb73b0d7c6a0c24e5d24ddec89ed49f016 
Author: ClientSysFWGit <clientsysfwgit@intel.com> 
Date: Wed May 28 11:51:37 2025 +0530 
-------------------------------------------------------------------------------- 
"[TeamCity] MTL MeteorLake_meteorlake_family_Daily Daily Updating Version/ID: MeteorLake_5191_00

Hsd-es-id: N/A"
Original commit date: Mon May 5 21:32:21 2025 -0700
Original commit hash: 79350caf76be4b3ac48ff8a62f743d35b836c76f

-------------------------------------------------------------------------------- 
[Changed Files]
ClientOneSiliconPkg/Product/MeteorLake/SiPkgPcdInit.dsc
MeteorLakeBoardPkg/BiosId.env
MeteorLakeFspPkg/FspPkgPcdInit.dsc

================================================================================ 
Commit: 253aac67eda18b29fed5e69cc4f9f58f1a8aabf6 
Author: ClientSysFWGit <clientsysfwgit@intel.com> 
Date: Wed May 28 11:51:34 2025 +0530 
-------------------------------------------------------------------------------- 
"[TeamCity] MTL MeteorLake_meteorlake_family_Daily Daily Updating Version/ID: MeteorLake_5190_00

Hsd-es-id: N/A"
Original commit date: Sun May 4 21:31:59 2025 -0700
Original commit hash: f57ca6d68e50b7c19a08d5edb55a470be6d5ddf5

-------------------------------------------------------------------------------- 
[Changed Files]
ClientOneSiliconPkg/Product/MeteorLake/SiPkgPcdInit.dsc
MeteorLakeBoardPkg/BiosId.env
MeteorLakeFspPkg/FspPkgPcdInit.dsc

================================================================================ 
Commit: 903d2fa609428955905025820b0fc0635db13a64 
Author: ClientSysFWGit <clientsysfwgit@intel.com> 
Date: Wed May 28 11:51:32 2025 +0530 
-------------------------------------------------------------------------------- 
"[TeamCity] MTL MeteorLake_meteorlake_family_Daily Daily Updating Version/ID: MeteorLake_5186_00

Hsd-es-id: N/A"
Original commit date: Sat May 3 21:31:23 2025 -0700
Original commit hash: 7f6aae851a7db4fbfc5f375726229a84f8b1b2e1

-------------------------------------------------------------------------------- 
[Changed Files]
ClientOneSiliconPkg/Product/MeteorLake/SiPkgPcdInit.dsc
MeteorLakeBoardPkg/BiosId.env
MeteorLakeFspPkg/FspPkgPcdInit.dsc

================================================================================ 
Commit: b163224e18dea5717aec81b06f25d04d71f201df 
Author: ClientSysFWGit <clientsysfwgit@intel.com> 
Date: Wed May 28 11:51:30 2025 +0530 
-------------------------------------------------------------------------------- 
"[TeamCity] MTL MeteorLake_meteorlake_family_Daily Daily Updating Version/ID: MeteorLake_5185_00

Hsd-es-id: N/A"
Original commit date: Fri May 2 21:31:20 2025 -0700
Original commit hash: 31940bc09c4a189dbfe0b6583f10349555d6f57d

-------------------------------------------------------------------------------- 
[Changed Files]
ClientOneSiliconPkg/Product/MeteorLake/SiPkgPcdInit.dsc
MeteorLakeBoardPkg/BiosId.env
MeteorLakeFspPkg/FspPkgPcdInit.dsc

================================================================================ 
Commit: b8e6f198d3730d412b6c405bd5b80228cb0e4675 
Author: ClientSysFWGit <clientsysfwgit@intel.com> 
Date: Wed May 28 11:51:28 2025 +0530 
-------------------------------------------------------------------------------- 
"[TeamCity] MTL MeteorLake_meteorlake_family_Daily Daily Updating Version/ID: MeteorLake_5184_00

Hsd-es-id: N/A"
Original commit date: Thu May 1 21:32:09 2025 -0700
Original commit hash: e59704479e2177d9328f004a92de4fb6f8636365

-------------------------------------------------------------------------------- 
[Changed Files]
ClientOneSiliconPkg/Product/MeteorLake/SiPkgPcdInit.dsc
MeteorLakeBoardPkg/BiosId.env
MeteorLakeFspPkg/FspPkgPcdInit.dsc

================================================================================ 
Commit: e591f33d1478bb5ce5ee3d5ea2d32e90c39f2d16 
Author: ClientSysFWGit <clientsysfwgit@intel.com> 
Date: Wed May 28 11:51:26 2025 +0530 
-------------------------------------------------------------------------------- 
"[TeamCity] MTL MeteorLake_meteorlake_family_Daily Daily Updating Version/ID: MeteorLake_5183_00

Hsd-es-id: N/A"
Original commit date: Wed Apr 30 21:31:26 2025 -0700
Original commit hash: ba2ea9076b775fa49c2cec4becf76b204c444a59

-------------------------------------------------------------------------------- 
[Changed Files]
ClientOneSiliconPkg/Product/MeteorLake/SiPkgPcdInit.dsc
MeteorLakeBoardPkg/BiosId.env
MeteorLakeFspPkg/FspPkgPcdInit.dsc

================================================================================ 
Commit: e6cb6a50964420a42ed595cc7e540c4542aebd5b 
Author: ClientSysFWGit <clientsysfwgit@intel.com> 
Date: Wed May 28 11:51:23 2025 +0530 
-------------------------------------------------------------------------------- 
TBT5 Mail box SetMaxPayloadSize() command failed due to timeout

[Issue Description]
TBT5 on PCH RP Mail box SetMaxPayloadSize() command failed
due to timeout.

[Resolution]
Since PCI Bus number is starting 80h on PCH RP, add RP Bus base number
for temp Bus number assignment.

Package/Module: PlatSamplePkg

[Impacted Platform]
S, Hx

Hsd-es-id: 16027298786
Original commit date: Tue Apr 29 14:57:06 2025 +0800
Change-Id: I4768ebb9c909d36910c8fd0060861789f5355efe
Original commit hash: 638e612af40a76d28138fa5f1f1de01bf32de335

-------------------------------------------------------------------------------- 
[Changed Files]
MeteorLakePlatSamplePkg/Features/Tbt/Library/Private/PeiDTbtInitLib/PeiDTbtInitLib.c

================================================================================ 
Commit: 2e039de8c5c93dacf932228c2eb7b62b0b076cd1 
Author: ClientSysFWGit <clientsysfwgit@intel.com> 
Date: Wed May 28 11:51:21 2025 +0530 
-------------------------------------------------------------------------------- 
"[TeamCity] MTL MeteorLake_meteorlake_family_Daily Daily Updating Version/ID: MeteorLake_5182_00

Hsd-es-id: N/A"
Original commit date: Tue Apr 29 21:31:32 2025 -0700
Original commit hash: fd06cd604cdf442099a18f5aef71569f498ed2eb

-------------------------------------------------------------------------------- 
[Changed Files]
ClientOneSiliconPkg/Product/MeteorLake/SiPkgPcdInit.dsc
MeteorLakeBoardPkg/BiosId.env
MeteorLakeFspPkg/FspPkgPcdInit.dsc

================================================================================ 
Commit: 9e7f667cf67161c5f72ed062ee5f1b804fa28627 
Author: ClientSysFWGit <clientsysfwgit@intel.com> 
Date: Wed May 28 11:51:19 2025 +0530 
-------------------------------------------------------------------------------- 
DLRM for Storage - incorrect description

[Issue Description]
The wording at the end of the description for DLRM knob is incorrect.

[Resolution]
Updated the description for the DLRM knob to correctly reflect that, it
reduces active power usage.

Package/Module:PlatSamplePkg

[Impacted Platform]
All

Hsd-es-id: 14024957501
Original commit date: Fri Apr 25 15:05:29 2025 -0700
Change-Id: I77be3dafde419677405b66bec73a382221261442
Original commit hash: 5db1bd2fe79dad6f1e90e39662e6f1c282f58266

-------------------------------------------------------------------------------- 
[Changed Files]
MeteorLakePlatSamplePkg/Setup/AcpiSetup.uni

================================================================================ 
Commit: 27343b39a4383e4c1760437368339d8e56c76ece 
Author: ClientSysFWGit <clientsysfwgit@intel.com> 
Date: Wed May 28 11:51:17 2025 +0530 
-------------------------------------------------------------------------------- 
Enable BME for Barlow Ridge Router

[Feature Description]
BIOS shall set the BME on all Intel Barlow Ridge PCIe switches.
It will be done on the end of DXE phase to enable BME before
connecting device drivers including PXE OPROM
behind the BR PCIe tree.

Package/Module:
PlatSamplePkg

[Impacted Platform]
All

Hsd-es-id: 15017737279
Original commit date: Thu Jan 2 16:57:31 2025 +0800
Change-Id: I93c2aed325bb9428be45a730e5b85b29aea91736
Original commit hash: 292912cfe13b7e0f6a5d2c9bc4528353e6661dce

-------------------------------------------------------------------------------- 
[Changed Files]
ClientOneSiliconPkg/Include/Library/DxeTbtDisBmeLib.h
ClientOneSiliconPkg/IpBlock/Tbt/Library/DxeTbtDisBmeLib/DxeTbtDisBmeLib.c
MeteorLakeBoardPkg/BoardPkg.dsc
MeteorLakePlatSamplePkg/Features/Tbt/Include/Library/BrRouterSupportLib.h
MeteorLakePlatSamplePkg/Features/Tbt/Library/BrRouterSupportLib/BrRouterSupportLib.c
MeteorLakePlatSamplePkg/Features/Tbt/Library/BrRouterSupportLib/BrRouterSupportLib.inf
MeteorLakePlatSamplePkg/Platform/PciPlatform/Dxe/PciPlatform.c
MeteorLakePlatSamplePkg/Platform/PciPlatform/Dxe/PciPlatform.inf
MeteorLakePlatSamplePkg/PlatformPkg.dsc

================================================================================ 
Commit: c280f15973373198d136fd31d55f6508d6924f49 
Author: ClientSysFWGit <clientsysfwgit@intel.com> 
Date: Wed May 28 11:51:14 2025 +0530 
-------------------------------------------------------------------------------- 
"[TeamCity] MTL MeteorLake_meteorlake_family_Daily Daily Updating Version/ID: MeteorLake_5181_00

Hsd-es-id: N/A"
Original commit date: Mon Apr 28 21:31:41 2025 -0700
Original commit hash: 7be68c6a0a17728d4f1058a7415223174dc1e871

-------------------------------------------------------------------------------- 
[Changed Files]
ClientOneSiliconPkg/Product/MeteorLake/SiPkgPcdInit.dsc
MeteorLakeBoardPkg/BiosId.env
MeteorLakeFspPkg/FspPkgPcdInit.dsc

================================================================================ 
Commit: 6993b6fa29a6442e642cf3bb7f1a28f07586d0a7 
Author: ClientSysFWGit <clientsysfwgit@intel.com> 
Date: Wed May 28 11:51:12 2025 +0530 
-------------------------------------------------------------------------------- 
"[TeamCity] MTL MeteorLake_meteorlake_family_Daily Daily Updating Version/ID: MeteorLake_5180_00

Hsd-es-id: N/A"
Original commit date: Sun Apr 27 21:31:30 2025 -0700
Original commit hash: 2b0e98899f5376671036aad62aec1d1ea2483271

-------------------------------------------------------------------------------- 
[Changed Files]
ClientOneSiliconPkg/Product/MeteorLake/SiPkgPcdInit.dsc
MeteorLakeBoardPkg/BiosId.env
MeteorLakeFspPkg/FspPkgPcdInit.dsc

================================================================================ 
Commit: bfc655c433ceb31070b0ea8a2fc0388b803c9818 
Author: ClientSysFWGit <clientsysfwgit@intel.com> 
Date: Wed May 28 11:51:10 2025 +0530 
-------------------------------------------------------------------------------- 
"[TeamCity] MTL MeteorLake_meteorlake_family_Daily Daily Updating Version/ID: MeteorLake_5176_00

Hsd-es-id: N/A"
Original commit date: Sat Apr 26 21:31:27 2025 -0700
Original commit hash: 87d0417c038be840f19fce4307af8b582549e5af

-------------------------------------------------------------------------------- 
[Changed Files]
ClientOneSiliconPkg/Product/MeteorLake/SiPkgPcdInit.dsc
MeteorLakeBoardPkg/BiosId.env
MeteorLakeFspPkg/FspPkgPcdInit.dsc

================================================================================ 
Commit: ed4d0865c0097f80ce6cfcaf960ec76c83050af4 
Author: ClientSysFWGit <clientsysfwgit@intel.com> 
Date: Wed May 28 11:51:07 2025 +0530 
-------------------------------------------------------------------------------- 
"[TeamCity] MTL MeteorLake_meteorlake_family_Daily Daily Updating Version/ID: MeteorLake_5175_00

Hsd-es-id: N/A"
Original commit date: Fri Apr 25 21:31:35 2025 -0700
Original commit hash: 1156f2c424dd8d147906448c62479f20c5f4edde

-------------------------------------------------------------------------------- 
[Changed Files]
ClientOneSiliconPkg/Product/MeteorLake/SiPkgPcdInit.dsc
MeteorLakeBoardPkg/BiosId.env
MeteorLakeFspPkg/FspPkgPcdInit.dsc

================================================================================ 
Commit: 76f1e1c6fdecad55799008e97e9c6e5ca2dab89f 
Author: ClientSysFWGit <clientsysfwgit@intel.com> 
Date: Wed May 28 11:51:05 2025 +0530 
-------------------------------------------------------------------------------- 
[OC] Need to disable 32B memory accesses from graphics

[Feature Description]
When XMP is enabled or other manual memory OC, BIOS
needs to clear bit 30 in GT and Media to disable 32B memory
access.

Package/Module: ClientOneSiliconPkg

[Impacted Platform]
S, HX

Hsd-es-id: 16027298541
Original commit date: Wed Apr 23 12:12:05 2025 -0700
Change-Id: I17c0d3626805c4e09938d0df312e03856eed0fdc
Original commit hash: cf3cca7a02580b5208dc840ee6923b37e20daab3

-------------------------------------------------------------------------------- 
[Changed Files]
ClientOneSiliconPkg/Fru/MtlSoc/Graphics/LibraryPrivate/PeiGraphicsInitFruLib/PeiGraphicsInitFruLib.c

================================================================================ 
Commit: 1f457a44b7dc64065c91864aa03a447b18fca2c0 
Author: ClientSysFWGit <clientsysfwgit@intel.com> 
Date: Wed May 28 11:51:03 2025 +0530 
-------------------------------------------------------------------------------- 
[SOC I/O] Bluetooth Pen Testing fixes

[Feature Description]
Bluetooth Pen Testing fixes

Package/Module: Intel\Features\BluetoothPkg

[Impacted Platform]
MeteorLake

Hsd-es-id: 16027186954
Original commit date: Thu Apr 24 14:58:37 2025 +0530
Change-Id: I05e3bdd65cfbe630867a00adef1255181039165f
Original commit hash: 64ec1b11651937eb9bbc2877e83a336af1498593

-------------------------------------------------------------------------------- 
[Changed Files]
Features/BluetoothPkg/BluetoothBusDxe/BluetoothConfigGetRemoteData.c
Features/BluetoothPkg/BluetoothBusDxe/iLE/core/src/gap.c
Features/BluetoothPkg/BluetoothBusDxe/iLE/core/src/gatt_client.c
Features/BluetoothPkg/BluetoothBusDxe/iLE/core/src/hci.c
Features/BluetoothPkg/BluetoothBusDxe/iLE/core/src/l2cap.c
Features/BluetoothPkg/BluetoothBusDxe/iLE/core/src/smp.c
Features/BluetoothPkg/BluetoothBusDxe/iLE/utils/src/utils.c
Features/BluetoothPkg/BluetoothHidDxe/BluetoothHidDxe.c
Features/BluetoothPkg/BluetoothHidDxe/BluetoothHidParser.c
Features/BluetoothPkg/BluetoothHidDxe/BluetoothHidProtocol.c
Features/BluetoothPkg/HidKbDxe/KeyBoard.c
Features/BluetoothPkg/HidMouseDxe/EfiMouse.c

================================================================================ 
Commit: dfc20f903af1e57eca21a5f171042f6682667fbb 
Author: ClientSysFWGit <clientsysfwgit@intel.com> 
Date: Wed May 28 11:51:00 2025 +0530 
-------------------------------------------------------------------------------- 
"[TeamCity] MTL MeteorLake_meteorlake_family_Daily Daily Updating Version/ID: MeteorLake_5174_01

Hsd-es-id: N/A"
Original commit date: Thu Apr 24 21:32:50 2025 -0700
Original commit hash: 56efd8792f1b2a160b971777ddcbecb203467202

-------------------------------------------------------------------------------- 
[Changed Files]
ClientOneSiliconPkg/Product/MeteorLake/SiPkgPcdInit.dsc
MeteorLakeBoardPkg/BiosId.env
MeteorLakeFspPkg/FspPkgPcdInit.dsc

================================================================================ 
Commit: 084ecb32a653b058329b3a657163cfad6598c4dd 
Author: ClientSysFWGit <clientsysfwgit@intel.com> 
Date: Wed May 28 11:50:57 2025 +0530 
-------------------------------------------------------------------------------- 
"[TeamCity] MTL MeteorLake_meteorlake_family_Daily Daily Updating Version/ID: MeteorLake_5174_00

Hsd-es-id: N/A"
Original commit date: Thu Apr 24 02:19:44 2025 -0700
Original commit hash: 11e9ae6caf33553192cd9edd5d2da2cb394d6254

-------------------------------------------------------------------------------- 
[Changed Files]
ClientOneSiliconPkg/Product/MeteorLake/SiPkgPcdInit.dsc
MeteorLakeBoardPkg/BiosId.env
MeteorLakeFspPkg/FspPkgPcdInit.dsc

================================================================================ 
Commit: 7319e42202ba928b3406af22c4d355eabc981eff 
Author: ClientSysFWGit <clientsysfwgit@intel.com> 
Date: Wed May 28 11:50:55 2025 +0530 
-------------------------------------------------------------------------------- 
"[TeamCity] MTL MeteorLake_meteorlake_family_Daily Daily Updating Version/ID: MeteorLake_5173_00

Hsd-es-id: N/A"
Original commit date: Wed Apr 23 21:31:28 2025 -0700
Original commit hash: 7542721155c0415ae4d3477b873bae8c0a51156a

-------------------------------------------------------------------------------- 
[Changed Files]
ClientOneSiliconPkg/Product/MeteorLake/SiPkgPcdInit.dsc
MeteorLakeBoardPkg/BiosId.env
MeteorLakeFspPkg/FspPkgPcdInit.dsc

================================================================================ 
Commit: 22d22235a65c2de2cd547491674b1cc4eaaf2997 
Author: ClientSysFWGit <clientsysfwgit@intel.com> 
Date: Wed May 28 11:50:53 2025 +0530 
-------------------------------------------------------------------------------- 
"[TeamCity] MTL MeteorLake_meteorlake_family_Daily Daily Updating Version/ID: MeteorLake_5172_00

Hsd-es-id: N/A"
Original commit date: Wed Apr 23 04:33:19 2025 +0000
Original commit hash: 5d4ae1f5c3ffb0a0f130a0dcaf31d913c760d31e

-------------------------------------------------------------------------------- 
[Changed Files]
ClientOneSiliconPkg/Product/MeteorLake/SiPkgPcdInit.dsc
MeteorLakeBoardPkg/BiosId.env
MeteorLakeFspPkg/FspPkgPcdInit.dsc

================================================================================ 
Commit: 89d8556f5fd44f90ed1ccc7c81d58ca5da517d25 
Author: ClientSysFWGit <clientsysfwgit@intel.com> 
Date: Wed May 28 11:50:51 2025 +0530 
-------------------------------------------------------------------------------- 
"[TeamCity] MTL MeteorLake_meteorlake_family_Daily Daily Updating Version/ID: MeteorLake_5171_00

Hsd-es-id: N/A"
Original commit date: Mon Apr 21 21:32:11 2025 -0700
Original commit hash: 1da4e0b7d556424b9cbfaf500839bdf31e00dd8c

-------------------------------------------------------------------------------- 
[Changed Files]
ClientOneSiliconPkg/Product/MeteorLake/SiPkgPcdInit.dsc
MeteorLakeBoardPkg/BiosId.env
MeteorLakeFspPkg/FspPkgPcdInit.dsc

================================================================================ 
Commit: 520da482a434bb38a5caebee5252cc04a7434532 
Author: ClientSysFWGit <clientsysfwgit@intel.com> 
Date: Wed May 28 11:50:48 2025 +0530 
-------------------------------------------------------------------------------- 
"[TeamCity] MTL MeteorLake_meteorlake_family_Daily Daily Updating Version/ID: MeteorLake_5170_00

Hsd-es-id: N/A"
Original commit date: Sun Apr 20 21:32:27 2025 -0700
Original commit hash: f063ca8d7899a5b2d8b48e443a46b19a7854ff5c

-------------------------------------------------------------------------------- 
[Changed Files]
ClientOneSiliconPkg/Product/MeteorLake/SiPkgPcdInit.dsc
MeteorLakeBoardPkg/BiosId.env
MeteorLakeFspPkg/FspPkgPcdInit.dsc

================================================================================ 
Commit: 7e2a583cceb5b34b3f1658c9007991870827ef14 
Author: ClientSysFWGit <clientsysfwgit@intel.com> 
Date: Wed May 28 11:50:46 2025 +0530 
-------------------------------------------------------------------------------- 
"[TeamCity] MTL MeteorLake_meteorlake_family_Daily Daily Updating Version/ID: MeteorLake_5166_00

Hsd-es-id: N/A"
Original commit date: Sat Apr 19 21:31:24 2025 -0700
Original commit hash: 9d17912a44ef7ab1e279542638d17227320034e7

-------------------------------------------------------------------------------- 
[Changed Files]
ClientOneSiliconPkg/Product/MeteorLake/SiPkgPcdInit.dsc
MeteorLakeBoardPkg/BiosId.env
MeteorLakeFspPkg/FspPkgPcdInit.dsc

================================================================================ 
Commit: 58298025c743f11f535a1a66e5c134255e32cf11 
Author: ClientSysFWGit <clientsysfwgit@intel.com> 
Date: Wed May 28 11:50:44 2025 +0530 
-------------------------------------------------------------------------------- 
"[TeamCity] MTL MeteorLake_meteorlake_family_Daily Daily Updating Version/ID: MeteorLake_5165_00

Hsd-es-id: N/A"
Original commit date: Fri Apr 18 21:32:09 2025 -0700
Original commit hash: 0d643417a374df626f043d598f6ff635fcad25ba

-------------------------------------------------------------------------------- 
[Changed Files]
ClientOneSiliconPkg/Product/MeteorLake/SiPkgPcdInit.dsc
MeteorLakeBoardPkg/BiosId.env
MeteorLakeFspPkg/FspPkgPcdInit.dsc

================================================================================ 
Commit: 256d65f188bf95c4c2eb3072b1845e2d49dcdd6a 
Author: ClientSysFWGit <clientsysfwgit@intel.com> 
Date: Wed May 28 11:50:42 2025 +0530 
-------------------------------------------------------------------------------- 
"[TeamCity] MTL MeteorLake_meteorlake_family_Daily Daily Updating Version/ID: MeteorLake_5164_00

Hsd-es-id: N/A"
Original commit date: Thu Apr 17 21:31:28 2025 -0700
Original commit hash: 33caea7a3b5e603251d940968abe8edde83c1534

-------------------------------------------------------------------------------- 
[Changed Files]
ClientOneSiliconPkg/Product/MeteorLake/SiPkgPcdInit.dsc
MeteorLakeBoardPkg/BiosId.env
MeteorLakeFspPkg/FspPkgPcdInit.dsc

================================================================================ 
Commit: b28fe5bfeb8a066d462e278b7ace6ada86db18d8 
Author: ClientSysFWGit <clientsysfwgit@intel.com> 
Date: Wed May 28 11:50:40 2025 +0530 
-------------------------------------------------------------------------------- 
"[TeamCity] MTL MeteorLake_meteorlake_family_Daily Daily Updating Version/ID: MeteorLake_5163_00

Hsd-es-id: N/A"
Original commit date: Wed Apr 16 21:32:44 2025 -0700
Original commit hash: 95924338b31a66fc34edbe66aaeba1af756285f0

-------------------------------------------------------------------------------- 
[Changed Files]
ClientOneSiliconPkg/Product/MeteorLake/SiPkgPcdInit.dsc
MeteorLakeBoardPkg/BiosId.env
MeteorLakeFspPkg/FspPkgPcdInit.dsc

================================================================================ 
Commit: 03b49a2cb192fe726a1b12cbeb31bf2e324a6627 
Author: ClientSysFWGit <clientsysfwgit@intel.com> 
Date: Wed May 28 11:50:37 2025 +0530 
-------------------------------------------------------------------------------- 
"[TeamCity] MTL MeteorLake_meteorlake_family_Daily Daily Updating Version/ID: MeteorLake_5162_00

Hsd-es-id: N/A"
Original commit date: Tue Apr 15 21:31:25 2025 -0700
Original commit hash: 5dbbaec2e5545621a136f4b10503d4b8660f5561

-------------------------------------------------------------------------------- 
[Changed Files]
ClientOneSiliconPkg/Product/MeteorLake/SiPkgPcdInit.dsc
MeteorLakeBoardPkg/BiosId.env
MeteorLakeFspPkg/FspPkgPcdInit.dsc

================================================================================ 
Commit: baf645f7e34770d47cf6049cdbfe67585c703baf 
Author: ClientSysFWGit <clientsysfwgit@intel.com> 
Date: Wed May 28 11:50:35 2025 +0530 
-------------------------------------------------------------------------------- 
"[TeamCity] MTL MeteorLake_meteorlake_family_Daily Daily Updating Version/ID: MeteorLake_5161_00

Hsd-es-id: N/A"
Original commit date: Mon Apr 14 21:31:45 2025 -0700
Original commit hash: ce34db5acc6d6edf7de0246d993247971cb2e33a

-------------------------------------------------------------------------------- 
[Changed Files]
ClientOneSiliconPkg/Product/MeteorLake/SiPkgPcdInit.dsc
MeteorLakeBoardPkg/BiosId.env
MeteorLakeFspPkg/FspPkgPcdInit.dsc

================================================================================ 
Commit: 3ef26915eede08dea4ca3f2da23cd005be58877e 
Author: ClientSysFWGit <clientsysfwgit@intel.com> 
Date: Wed May 28 11:50:33 2025 +0530 
-------------------------------------------------------------------------------- 
Incorrect CSME version shown in BIOS page.

[Issue Description]
Incorrect CSME version shown in BIOS page, as BIOS
has overwritten the first byte of MBP Item containing
CSME version

[Resolution]
Fixed macro to build abstract MBP Item definition

Package/Module:
ClientOneSiliconPkg

[Impacted Platform]
ALL

Hsd-es-id: 13013004971
Original commit date: Thu Apr 10 15:18:35 2025 +0200
Change-Id: Iff58995b4cde2ca4a52be842326faade14c912ae
Original commit hash: 3595f0f8696b854f54ddcb753d05cd93555228ef

-------------------------------------------------------------------------------- 
[Changed Files]
ClientOneSiliconPkg/Include/MeBiosPayloadData.h

================================================================================ 
Commit: 68bf134a5c70b761e7b19f819d2289af49737278 
Author: ClientSysFWGit <clientsysfwgit@intel.com> 
Date: Wed May 28 11:50:31 2025 +0530 
-------------------------------------------------------------------------------- 
"[TeamCity] MTL MeteorLake_meteorlake_family_Daily Daily Updating Version/ID: MeteorLake_5160_00

Hsd-es-id: N/A"
Original commit date: Sun Apr 13 21:32:40 2025 -0700
Original commit hash: 8f6efdee535232a73e026c7e2e5bf1c2cdd38141

-------------------------------------------------------------------------------- 
[Changed Files]
ClientOneSiliconPkg/Product/MeteorLake/SiPkgPcdInit.dsc
MeteorLakeBoardPkg/BiosId.env
MeteorLakeFspPkg/FspPkgPcdInit.dsc

================================================================================ 
Commit: cae8ad192873f9d563a9988724e15e79e4e1f2b3 
Author: ClientSysFWGit <clientsysfwgit@intel.com> 
Date: Wed May 28 11:50:29 2025 +0530 
-------------------------------------------------------------------------------- 
"[TeamCity] MTL MeteorLake_meteorlake_family_Daily Daily Updating Version/ID: MeteorLake_5156_00

Hsd-es-id: N/A"
Original commit date: Sat Apr 12 21:31:21 2025 -0700
Original commit hash: 2f5429c200560755fd2d7f337d52f56db525a3cf

-------------------------------------------------------------------------------- 
[Changed Files]
ClientOneSiliconPkg/Product/MeteorLake/SiPkgPcdInit.dsc
MeteorLakeBoardPkg/BiosId.env
MeteorLakeFspPkg/FspPkgPcdInit.dsc

================================================================================ 
Commit: 4cefb7642eae33dd729c7159569d9d7ede3faf96 
Author: ClientSysFWGit <clientsysfwgit@intel.com> 
Date: Wed May 28 11:50:26 2025 +0530 
-------------------------------------------------------------------------------- 
"[TeamCity] MTL MeteorLake_meteorlake_family_Daily Daily Updating Version/ID: MeteorLake_5155_00

Hsd-es-id: N/A"
Original commit date: Fri Apr 11 21:31:26 2025 -0700
Original commit hash: f76192e296f78d2877401ce179a1f5c8b56d34e4

-------------------------------------------------------------------------------- 
[Changed Files]
ClientOneSiliconPkg/Product/MeteorLake/SiPkgPcdInit.dsc
MeteorLakeBoardPkg/BiosId.env
MeteorLakeFspPkg/FspPkgPcdInit.dsc

================================================================================ 
Commit: 8f7c0aa140c554953cad6a9fc1d8d6a734306dd2 
Author: ClientSysFWGit <clientsysfwgit@intel.com> 
Date: Wed May 28 11:50:24 2025 +0530 
-------------------------------------------------------------------------------- 
"[TeamCity] MTL MeteorLake_meteorlake_family_Daily Daily Updating Version/ID: MeteorLake_5154_00

Hsd-es-id: N/A"
Original commit date: Thu Apr 10 21:31:24 2025 -0700
Original commit hash: 1de7b003f32283eed38ea9cd454b40db438def9a

-------------------------------------------------------------------------------- 
[Changed Files]
ClientOneSiliconPkg/Product/MeteorLake/SiPkgPcdInit.dsc
MeteorLakeBoardPkg/BiosId.env
MeteorLakeFspPkg/FspPkgPcdInit.dsc

================================================================================ 
Commit: fec5800dec56068381fc1f361bbfa1dd8c3d836d 
Author: ClientSysFWGit <clientsysfwgit@intel.com> 
Date: Wed May 28 11:50:22 2025 +0530 
-------------------------------------------------------------------------------- 
[PCH] Revert SPI register value mismatch fix

[Issue Description]
PCH.SPI.PCR.SPI_CLK_PWR_GATE_CNTRL.CLKGATE_HOLDOFF_TYMOUT register
has mismatch value with SPI BWG. This value should be programmed
to 0x0 value.

[Resolution]
PCH.SPI.PCR.SPI_CLK_PWR_GATE_CNTRL.CLKGATE_HOLDOFF_TYMOUT is
programmed to 0x0.

Package/Module:
ClientOneSiliconPkg

[Impacted Platform]
ARL-S

Hsd-es-id: 16027206810
Original commit date: Wed Apr 9 13:53:11 2025 +0530
Change-Id: I38ec9d8825a7f42f26674efdce2d0d362122d828
Original commit hash: 72335492253d770a6783adffcb22483ba04ff410

-------------------------------------------------------------------------------- 
[Changed Files]
ClientOneSiliconPkg/Fru/MtlPch/LibraryPrivate/PeiMtlPchInitLib/MtlPchEspi.c
ClientOneSiliconPkg/Fru/MtlPch/LibraryPrivate/PeiMtlPchInitLib/PeiMtlPchInitLib.inf
ClientOneSiliconPkg/Fru/MtlPch/LibraryPrivate/PeiMtlPchInitLib/PeiMtlPchInitLibFsp.inf

================================================================================ 
Commit: 9603ec1e9b35f2812e1406cf40dcc83314435ce6 
Author: ClientSysFWGit <clientsysfwgit@intel.com> 
Date: Wed May 28 11:50:19 2025 +0530 
-------------------------------------------------------------------------------- 
"[TeamCity] MTL MeteorLake_meteorlake_family_Daily Daily Updating Version/ID: MeteorLake_5153_00

Hsd-es-id: N/A"
Original commit date: Wed Apr 9 21:31:28 2025 -0700
Original commit hash: 33136675f07aafdae18b27813740b0d7db649684

-------------------------------------------------------------------------------- 
[Changed Files]
ClientOneSiliconPkg/Product/MeteorLake/SiPkgPcdInit.dsc
MeteorLakeBoardPkg/BiosId.env
MeteorLakeFspPkg/FspPkgPcdInit.dsc

================================================================================ 
Commit: 26a44919931d8eb4bee3d2311e58b9f0e5812632 
Author: ClientSysFWGit <clientsysfwgit@intel.com> 
Date: Wed May 28 11:50:17 2025 +0530 
-------------------------------------------------------------------------------- 
[SOC I/O] Fix function parameters in SerialIoSpiPrivateLib

[Issue Description]
Parameters in SerialIoSpiControllerBusInit are swapped.

[Resolution]
Fixed function call.

Package/Module: ClientOneSiliconPkg/Spi

[Impacted Platform]
MTL, ARL

Hsd-es-id: 18041989631
Original commit date: Thu Apr 3 13:41:56 2025 +0200
Change-Id: Ic4302a9af6987a9193ded950ce6d07e16a96f0a3
Original commit hash: 57f53a4b359e3593b5c40174bb4e4150dfaaca22

-------------------------------------------------------------------------------- 
[Changed Files]
ClientOneSiliconPkg/IpBlock/SerialIo/Spi/Library/BaseSerialIoSpiLib/SerialIoSpiPrivateLib.c

================================================================================ 
Commit: bd002ef9be8bce6af790b72a8d406337ec74bbed 
Author: ClientSysFWGit <clientsysfwgit@intel.com> 
Date: Wed May 28 11:50:15 2025 +0530 
-------------------------------------------------------------------------------- 
"[TeamCity] MTL MeteorLake_meteorlake_family_Daily Daily Updating Version/ID: MeteorLake_5152_00

Hsd-es-id: N/A"
Original commit date: Tue Apr 8 21:33:06 2025 -0700
Original commit hash: 85d3d2ddf750709696602a75214054a40881f674

-------------------------------------------------------------------------------- 
[Changed Files]
ClientOneSiliconPkg/Product/MeteorLake/SiPkgPcdInit.dsc
MeteorLakeBoardPkg/BiosId.env
MeteorLakeFspPkg/FspPkgPcdInit.dsc

================================================================================ 
Commit: 6bf4e664f5d376e5cc303976242c00af39210ba7 
Author: ClientSysFWGit <clientsysfwgit@intel.com> 
Date: Wed May 28 11:50:12 2025 +0530 
-------------------------------------------------------------------------------- 
"[TeamCity] MTL MeteorLake_meteorlake_family_Daily Daily Updating Version/ID: MeteorLake_5151_00

Hsd-es-id: N/A"
Original commit date: Mon Apr 7 21:31:41 2025 -0700
Original commit hash: 6586b1c03520f3aa3731f55ae745dcf6e4fc606f

-------------------------------------------------------------------------------- 
[Changed Files]
ClientOneSiliconPkg/Product/MeteorLake/SiPkgPcdInit.dsc
MeteorLakeBoardPkg/BiosId.env
MeteorLakeFspPkg/FspPkgPcdInit.dsc

================================================================================ 
Commit: 3e4317da5d8e2fc09b59504a72ff60f2c6c88291 
Author: ClientSysFWGit <clientsysfwgit@intel.com> 
Date: Wed May 28 11:50:10 2025 +0530 
-------------------------------------------------------------------------------- 
"[TeamCity] MTL MeteorLake_meteorlake_family_Daily Daily Updating Version/ID: MeteorLake_5150_00

Hsd-es-id: N/A"
Original commit date: Sun Apr 6 21:31:22 2025 -0700
Original commit hash: f603fe9e4893f48bede4c0bcf3e63b9fef420d6d

-------------------------------------------------------------------------------- 
[Changed Files]
ClientOneSiliconPkg/Product/MeteorLake/SiPkgPcdInit.dsc
MeteorLakeBoardPkg/BiosId.env
MeteorLakeFspPkg/FspPkgPcdInit.dsc

================================================================================ 
Commit: ebb0a8248b2f6b97ae0da85af205a93c30317588 
Author: ClientSysFWGit <clientsysfwgit@intel.com> 
Date: Wed May 28 11:50:07 2025 +0530 
-------------------------------------------------------------------------------- 
"[TeamCity] MTL MeteorLake_meteorlake_family_Daily Daily Updating Version/ID: MeteorLake_5146_00

Hsd-es-id: N/A"
Original commit date: Sat Apr 5 21:31:23 2025 -0700
Original commit hash: 627e84189957a093ebfe312ff1b62f567feb6cc6

-------------------------------------------------------------------------------- 
[Changed Files]
ClientOneSiliconPkg/Product/MeteorLake/SiPkgPcdInit.dsc
MeteorLakeBoardPkg/BiosId.env
MeteorLakeFspPkg/FspPkgPcdInit.dsc

================================================================================ 
Commit: 6263584e0d5798abae128a3209d4d6192105451c 
Author: ClientSysFWGit <clientsysfwgit@intel.com> 
Date: Wed May 28 11:50:05 2025 +0530 
-------------------------------------------------------------------------------- 
"[TeamCity] MTL MeteorLake_meteorlake_family_Daily Daily Updating Version/ID: MeteorLake_5145_00

Hsd-es-id: N/A"
Original commit date: Fri Apr 4 21:31:23 2025 -0700
Original commit hash: 9273df5ab78530247dce590a628b5b2fc66d424e

-------------------------------------------------------------------------------- 
[Changed Files]
ClientOneSiliconPkg/Product/MeteorLake/SiPkgPcdInit.dsc
MeteorLakeBoardPkg/BiosId.env
MeteorLakeFspPkg/FspPkgPcdInit.dsc

================================================================================ 
Commit: ab315b27b67a51ef571edd61df0847b0e8213945 
Author: ClientSysFWGit <clientsysfwgit@intel.com> 
Date: Wed May 28 11:50:02 2025 +0530 
-------------------------------------------------------------------------------- 
[MTL] Cleanup MTL Specific Code

[Issue Description]
  Need to cleanup MTL Code related to GPIO and Patch Table, which is causing GPIO Overflow
  error in BIOS as maximum GPIO Configurable limit is set as 100

[Resolution]
  Cleanup MTL Code related to GPIO and Patch Table, which is causing GPIO Overflow
  error in BIOS as maximum GPIO Configurable limit is set as 100

Package/Module:
  MeteorLakeBoardPkg

[Impacted Platform]
    MTL

Hsd-es-id: 16027028551
Original commit date: Fri Feb 7 21:30:39 2025 +0530
Change-Id: Icc652fce7a052ec0a5438d13991805ef13bb5bb9
Original commit hash: 6260d0562949e7202f36ea5047020504201449cd

-------------------------------------------------------------------------------- 
[Changed Files]
MeteorLakeBoardPkg/MeteorLakeBoards/BoardVpdPcdsInit/IOTG/SkuIdMtlPDdr5Crb.dsc
MeteorLakeBoardPkg/MeteorLakeBoards/BoardVpdPcdsInit/IOTG/SkuIdMtlPDdr5CrbFab2.dsc
MeteorLakeBoardPkg/MeteorLakeBoards/BoardVpdPcdsInit/IOTG/SkuIdMtlPSDdr5CrbFabB.dsc
MeteorLakeBoardPkg/MeteorLakeBoards/BoardVpdPcdsInit/IOTG/SkuIdMtlPSDdr5OnlyDpRvpFabB.dsc
MeteorLakeBoardPkg/MeteorLakeBoards/BoardVpdPcdsInit/IOTG/SkuIdMtlPSDdr5RvpFabB.dsc
MeteorLakeBoardPkg/MeteorLakeBoards/BoardVpdPcdsInit/IOTG/SkuIdMtlPSDdr5Sbc.dsc
MeteorLakeBoardPkg/MeteorLakeBoards/BoardVpdPcdsInit/IOTG/SkuIdMtlPSDdr5TcpRvpFabB.dsc
MeteorLakeBoardPkg/MeteorLakeBoards/BoardVpdPcdsInit/PPV/SkuIdMtlPSDdr5PpvFabB.dsc
MeteorLakeBoardPkg/MeteorLakeBoards/Include/MeteorLakePCrbBoardConfigPatchTable.h
MeteorLakeBoardPkg/MeteorLakeBoards/Include/MeteorLakePsSbcBoardConfigPatchTable.h

================================================================================ 
Commit: fca8c2189dd5ad072104052f207347b8bf964771 
Author: ClientSysFWGit <clientsysfwgit@intel.com> 
Date: Wed May 28 11:50:00 2025 +0530 
-------------------------------------------------------------------------------- 
"[TeamCity] MTL MeteorLake_meteorlake_family_Daily Daily Updating Version/ID: MeteorLake_5144_00

Hsd-es-id: N/A"
Original commit date: Thu Apr 3 21:31:29 2025 -0700
Original commit hash: 633fda7e2c1782f9677e4692e22af477b21b9e59

-------------------------------------------------------------------------------- 
[Changed Files]
ClientOneSiliconPkg/Product/MeteorLake/SiPkgPcdInit.dsc
MeteorLakeBoardPkg/BiosId.env
MeteorLakeFspPkg/FspPkgPcdInit.dsc

================================================================================ 
Commit: 4e25db88074d7a5239c5f769d5054bb10a95d591 
Author: ClientSysFWGit <clientsysfwgit@intel.com> 
Date: Wed May 28 11:49:58 2025 +0530 
-------------------------------------------------------------------------------- 
"[TeamCity] MTL MeteorLake_meteorlake_family_Daily Daily Updating Version/ID: MeteorLake_5143_00

Hsd-es-id: N/A"
Original commit date: Wed Apr 2 21:31:27 2025 -0700
Original commit hash: b656dd6a3de9c812f5b1ab60eb3e0a78cb5efc60

-------------------------------------------------------------------------------- 
[Changed Files]
ClientOneSiliconPkg/Product/MeteorLake/SiPkgPcdInit.dsc
MeteorLakeBoardPkg/BiosId.env
MeteorLakeFspPkg/FspPkgPcdInit.dsc

================================================================================ 
Commit: 5aaed97106fdfdee26b9a3e428a68df7d661562d 
Author: ClientSysFWGit <clientsysfwgit@intel.com> 
Date: Wed May 28 11:49:56 2025 +0530 
-------------------------------------------------------------------------------- 
"[TeamCity] MTL MeteorLake_meteorlake_family_Daily Daily Updating Version/ID: MeteorLake_5142_00

Hsd-es-id: N/A"
Original commit date: Tue Apr 1 21:31:51 2025 -0700
Original commit hash: 9f6c5ff13b7642460df4434907495c397a4aa0b1

-------------------------------------------------------------------------------- 
[Changed Files]
ClientOneSiliconPkg/Product/MeteorLake/SiPkgPcdInit.dsc
MeteorLakeBoardPkg/BiosId.env
MeteorLakeFspPkg/FspPkgPcdInit.dsc

================================================================================ 
Commit: 2f94f2ac358f12b2002a23f834928e57975946f2 
Author: ClientSysFWGit <clientsysfwgit@intel.com> 
Date: Wed May 28 11:49:54 2025 +0530 
-------------------------------------------------------------------------------- 
[MTL-P] Enable S0ix Support for MTL-P CRB Platform

[Issue Description]
  MTL-P CRB system not able to get s0ix value when enter Modern Standby mode
  due to shared CLKREQ#/REFCLK across multiple root ports

[Resolution]
  For S0ix implementation an independent CLKREQ#/REFCLK signal is required per root port and
  modifying the existing sharedCLK configuration will block the usage of other device on the root port.
  so for S0ix support, new FAB-ID is created with which S0ix can be validated.

Package/Module: MeteorLakeBoardPkg

[Impacted Platform]
  MTL

Hsd-es-id: 16026978760
Original commit date: Sat Mar 29 14:00:21 2025 +0530
Change-Id: I004b6964e6a489de967db598a1bb3b3f35890bee
Original commit hash: db71d99d7e0998ea6716678347091cf7383ba989

-------------------------------------------------------------------------------- 
[Changed Files]
MeteorLakeBoardPkg/BoardPkg.dsc
MeteorLakeBoardPkg/Include/PlatformBoardId.h
MeteorLakeBoardPkg/MeteorLakeBoards/BoardVpdPcdsInit/BoardVpdPcdInit.dsc
MeteorLakeBoardPkg/MeteorLakeBoards/BoardVpdPcdsInit/IOTG/SkuIdMtlPDdr5CrbFab2Bom2.dsc
MeteorLakeBoardPkg/MeteorLakeBoards/Library/BoardInitLib/Dxe/DxeInitLib.c
MeteorLakeBoardPkg/MeteorLakeBoards/Library/BoardInitLib/Pei/PeiInitPreMemLib.c

================================================================================ 
Commit: 22a02e2738ded0103e0c1a3df2625945cfbef02d 
Author: ClientSysFWGit <clientsysfwgit@intel.com> 
Date: Wed May 28 11:49:48 2025 +0530 
-------------------------------------------------------------------------------- 
[PCH][SOC I/O] Refactor PCIeSpeedChange API and skip PCM programming

[Feature Description]
Split PCIeSpeedChange() into PCIeSpeedChangeStart/PCIeSpeedChangeEnd
to consume natural code execution delay-time while polling for
LSTS.LA to be set indicating training is complete.

And skip PresetToCoefficient(PCM) reg programming for PCIe and DMI Ports

Package/Module: ClientOneSiliconPkg

[Impacted Platform]
ALL

Hsd-es-id: 16027136725
Original commit date: Thu Feb 13 18:18:12 2025 +0530
Change-Id: I6cf0f13df0b7784bc25068ab74543cd4d5c0d0be
Original commit hash: 472468ee7629f1ccc4871e0fa6231991af49aedc

-------------------------------------------------------------------------------- 
[Changed Files]
ClientOneSiliconPkg/Fru/MtlPch/IncludePrivate/Library/PeiMtlPchInitLib.h
ClientOneSiliconPkg/Fru/MtlPch/LibraryPrivate/PeiMtlPchInitLib/MtlPchRootPorts.c
ClientOneSiliconPkg/Fru/MtlSoc/IncludePrivate/Library/PeiMtlSocInitLib.h
ClientOneSiliconPkg/Fru/MtlSoc/LibraryPrivate/PeiMtlSocInitLib/MtlSocRootPorts.c
ClientOneSiliconPkg/Include/ConfigBlock/PcieRp/PcieConfig.h
ClientOneSiliconPkg/IpBlock/Dmi/LibraryPrivate/PeiDmiInitLib/PeiDmiInitLib.c
ClientOneSiliconPkg/IpBlock/Dmi/LibraryPrivate/PeiDmiInitLib/PeiDmiInitLib.inf
ClientOneSiliconPkg/IpBlock/PcieRp/IncludePrivate/Library/PeiPcieSipInitLib.h
ClientOneSiliconPkg/IpBlock/PcieRp/LibraryPrivate/PeiPcieSipInitLib/PeiPcieSipEqLib.c
ClientOneSiliconPkg/IpBlock/PcieRp/LibraryPrivate/PeiPcieSipInitLib/PeiPcieSipInitLib.c
ClientOneSiliconPkg/Product/MeteorLake/SiInit/Pei/SiInit.c

================================================================================ 
Commit: 585dae5b161f66fa35e1ca749040046cdcf2ebde 
Author: ClientSysFWGit <clientsysfwgit@intel.com> 
Date: Wed May 28 11:49:45 2025 +0530 
-------------------------------------------------------------------------------- 
"[TeamCity] MTL MeteorLake_meteorlake_family_Daily Daily Updating Version/ID: MeteorLake_5141_00

Hsd-es-id: N/A"
Original commit date: Mon Mar 31 21:31:40 2025 -0700
Original commit hash: 689209a0693c476c8f1e67f66b29108be33b8865

-------------------------------------------------------------------------------- 
[Changed Files]
ClientOneSiliconPkg/Product/MeteorLake/SiPkgPcdInit.dsc
MeteorLakeBoardPkg/BiosId.env
MeteorLakeFspPkg/FspPkgPcdInit.dsc

================================================================================ 
Commit: 9e70d62d00534f14b4ca6062ae1d3092cd87a780 
Author: ClientSysFWGit <clientsysfwgit@intel.com> 
Date: Wed May 28 11:49:41 2025 +0530 
-------------------------------------------------------------------------------- 
"[TeamCity] MTL MeteorLake_meteorlake_family_Daily Daily Updating Version/ID: MeteorLake_5140_00

Hsd-es-id: N/A"
Original commit date: Sun Mar 30 21:31:38 2025 -0700
Original commit hash: fc91df624f6bb90e39d51ca7fc5b82b955a5af36

-------------------------------------------------------------------------------- 
[Changed Files]
ClientOneSiliconPkg/Product/MeteorLake/SiPkgPcdInit.dsc
MeteorLakeBoardPkg/BiosId.env
MeteorLakeFspPkg/FspPkgPcdInit.dsc

================================================================================ 
Commit: 47de98bf80c161c5fc6aba5a9ef685cee7c2daa7 
Author: ClientSysFWGit <clientsysfwgit@intel.com> 
Date: Wed May 28 11:49:37 2025 +0530 
-------------------------------------------------------------------------------- 
"[TeamCity] MTL MeteorLake_meteorlake_family_Daily Daily Updating Version/ID: MeteorLake_5136_00

Hsd-es-id: N/A"
Original commit date: Sat Mar 29 21:31:20 2025 -0700
Original commit hash: bd616cf9a502a5ad1c5a204f6d16ecc7d68f9452

-------------------------------------------------------------------------------- 
[Changed Files]
ClientOneSiliconPkg/Product/MeteorLake/SiPkgPcdInit.dsc
MeteorLakeBoardPkg/BiosId.env
MeteorLakeFspPkg/FspPkgPcdInit.dsc

================================================================================ 
Commit: 32e84288461d7d951046f3a01aed35df7c459298 
Author: ClientSysFWGit <clientsysfwgit@intel.com> 
Date: Wed May 28 11:49:34 2025 +0530 
-------------------------------------------------------------------------------- 
"[TeamCity] MTL MeteorLake_meteorlake_family_Daily Daily Updating Version/ID: MeteorLake_5135_01

Hsd-es-id: N/A"
Original commit date: Fri Mar 28 21:31:24 2025 -0700
Original commit hash: 468897902243034808c217f76e6e2daecc5661b2

-------------------------------------------------------------------------------- 
[Changed Files]
ClientOneSiliconPkg/Product/MeteorLake/SiPkgPcdInit.dsc
MeteorLakeBoardPkg/BiosId.env
MeteorLakeFspPkg/FspPkgPcdInit.dsc

================================================================================ 
Commit: 4075efca008762cbc440c640d9dca730dcf02ae9 
Author: ClientSysFWGit <clientsysfwgit@intel.com> 
Date: Wed May 28 11:49:30 2025 +0530 
-------------------------------------------------------------------------------- 
"[TeamCity] MTL MeteorLake_meteorlake_family_Daily Daily Updating Version/ID: MeteorLake_5135_00

Hsd-es-id: N/A"
Original commit date: Fri Mar 28 02:24:22 2025 -0700
Original commit hash: d321132707194a81ae44beadcffaa6280b283e79

-------------------------------------------------------------------------------- 
[Changed Files]
ClientOneSiliconPkg/Product/MeteorLake/SiPkgPcdInit.dsc
MeteorLakeBoardPkg/BiosId.env
MeteorLakeFspPkg/FspPkgPcdInit.dsc

================================================================================ 
Commit: 96656c868694e30a78c82f1f498c467d268ec2da 
Author: ClientSysFWGit <clientsysfwgit@intel.com> 
Date: Wed May 28 11:49:26 2025 +0530 
-------------------------------------------------------------------------------- 
"[TeamCity] MTL MeteorLake_meteorlake_family_Daily Daily Updating Version/ID: MeteorLake_5134_00

Hsd-es-id: N/A"
Original commit date: Thu Mar 27 21:31:55 2025 -0700
Original commit hash: 0d5794d98d30de9425adc485dcdfad69516b202b

-------------------------------------------------------------------------------- 
[Changed Files]
ClientOneSiliconPkg/Product/MeteorLake/SiPkgPcdInit.dsc
MeteorLakeBoardPkg/BiosId.env
MeteorLakeFspPkg/FspPkgPcdInit.dsc

================================================================================ 
Commit: 86e37d2e6490f2fe3821ad509832e643c227c261 
Author: ClientSysFWGit <clientsysfwgit@intel.com> 
Date: Wed May 28 11:49:22 2025 +0530 
-------------------------------------------------------------------------------- 
"[TeamCity] MTL MeteorLake_meteorlake_family_Daily Daily Updating Version/ID: MeteorLake_5133_00

Hsd-es-id: N/A"
Original commit date: Wed Mar 26 21:31:26 2025 -0700
Original commit hash: cfa6949223ece8be970532ce1fef116aedb270a2

-------------------------------------------------------------------------------- 
[Changed Files]
ClientOneSiliconPkg/Product/MeteorLake/SiPkgPcdInit.dsc
MeteorLakeBoardPkg/BiosId.env
MeteorLakeFspPkg/FspPkgPcdInit.dsc

================================================================================ 
Commit: 6a1598284301b715340c6bb7d9c07b6a13bb8c27 
Author: ClientSysFWGit <clientsysfwgit@intel.com> 
Date: Wed May 28 11:49:17 2025 +0530 
-------------------------------------------------------------------------------- 
"[TeamCity] MTL MeteorLake_meteorlake_family_Daily Daily Updating Version/ID: MeteorLake_5132_00

Hsd-es-id: N/A"
Original commit date: Tue Mar 25 21:31:32 2025 -0700
Original commit hash: 221938cd8021abe06f82885b2b582ab405896813

-------------------------------------------------------------------------------- 
[Changed Files]
ClientOneSiliconPkg/Product/MeteorLake/SiPkgPcdInit.dsc
MeteorLakeBoardPkg/BiosId.env
MeteorLakeFspPkg/FspPkgPcdInit.dsc

================================================================================ 
Commit: f347678fc1e6ad64338d29d9740959320e64dbe0 
Author: ClientSysFWGit <clientsysfwgit@intel.com> 
Date: Wed May 28 11:49:13 2025 +0530 
-------------------------------------------------------------------------------- 
"[TeamCity] MTL MeteorLake_meteorlake_family_Daily Daily Updating Version/ID: MeteorLake_5131_00

Hsd-es-id: N/A"
Original commit date: Mon Mar 24 21:32:03 2025 -0700
Original commit hash: 5a3876d2ec39c16374df9b5d38d6ddec9879d184

-------------------------------------------------------------------------------- 
[Changed Files]
ClientOneSiliconPkg/Product/MeteorLake/SiPkgPcdInit.dsc
MeteorLakeBoardPkg/BiosId.env
MeteorLakeFspPkg/FspPkgPcdInit.dsc

================================================================================ 
Commit: 5064c1c7472f402e55fefc4e7a06cb043546b96f 
Author: ClientSysFWGit <clientsysfwgit@intel.com> 
Date: Wed May 28 11:49:09 2025 +0530 
-------------------------------------------------------------------------------- 
"[TeamCity] MTL MeteorLake_meteorlake_family_Daily Daily Updating Version/ID: MeteorLake_5130_00

Hsd-es-id: N/A"
Original commit date: Sun Mar 23 21:31:54 2025 -0700
Original commit hash: baf3322e0215536195d6138596ffe6108e3c563b

-------------------------------------------------------------------------------- 
[Changed Files]
ClientOneSiliconPkg/Product/MeteorLake/SiPkgPcdInit.dsc
MeteorLakeBoardPkg/BiosId.env
MeteorLakeFspPkg/FspPkgPcdInit.dsc

================================================================================ 
Commit: f266de4c93d13277d61ad66166f8ea45f664365d 
Author: ClientSysFWGit <clientsysfwgit@intel.com> 
Date: Wed May 28 11:49:04 2025 +0530 
-------------------------------------------------------------------------------- 
"[TeamCity] MTL MeteorLake_meteorlake_family_Daily Daily Updating Version/ID: MeteorLake_5126_00

Hsd-es-id: N/A"
Original commit date: Sat Mar 22 21:31:24 2025 -0700
Original commit hash: 4dc4cedf8cacab66a4d87cfa728847d6a6640bf1

-------------------------------------------------------------------------------- 
[Changed Files]
ClientOneSiliconPkg/Product/MeteorLake/SiPkgPcdInit.dsc
MeteorLakeBoardPkg/BiosId.env
MeteorLakeFspPkg/FspPkgPcdInit.dsc

================================================================================ 
Commit: ec1cbc65031d2060cabdba7b52669362238b27e1 
Author: ClientSysFWGit <clientsysfwgit@intel.com> 
Date: Wed May 28 11:48:59 2025 +0530 
-------------------------------------------------------------------------------- 
"[TeamCity] MTL MeteorLake_meteorlake_family_Daily Daily Updating Version/ID: MeteorLake_5125_00

Hsd-es-id: N/A"
Original commit date: Fri Mar 21 21:31:21 2025 -0700
Original commit hash: 9d6cc9b3cd28fb4307679ff35ba4123e84985db0

-------------------------------------------------------------------------------- 
[Changed Files]
ClientOneSiliconPkg/Product/MeteorLake/SiPkgPcdInit.dsc
MeteorLakeBoardPkg/BiosId.env
MeteorLakeFspPkg/FspPkgPcdInit.dsc

================================================================================ 
Commit: 3f5fd8f40558760331c198b0829e70a33a3c8b85 
Author: ClientSysFWGit <clientsysfwgit@intel.com> 
Date: Wed May 28 11:48:55 2025 +0530 
-------------------------------------------------------------------------------- 
SyncScript: Revert override commits.

Thu May 15 03:35:13 2025 -0700
Original commit date: Thu May 15 03:35:13 2025 -0700
Original commit hash: c0389c8339e19aac0a9a1d0ab364f9add6900d5f

-------------------------------------------------------------------------------- 
[Changed Files]
MeteorLakeBoardPkg/BiosId.env

================================================================================ 
Commit: b7cb557a8c66df33d7f6507bac399e704af2093f 
Author: ClientSysFWGit <clientsysfwgit@intel.com> 
Date: Wed May 28 11:48:52 2025 +0530 
-------------------------------------------------------------------------------- 
"[TeamCity] MTL MeteorLake_meteorlake_program_platform_Daily Daily Updating Version/ID: MeteorLake_5124_81

Hsd-es-id: N/A"
Original commit date: Fri Mar 28 03:38:55 2025 -0700
Original commit hash: 478762c1dc8e8794b120edd488466c9a65dffcc2

-------------------------------------------------------------------------------- 
[Changed Files]
MeteorLakeBoardPkg/BiosId.env

================================================================================ 
Commit: b11fd655d7687382ee968849d15bbe20d3a5ca2e 
Author: ClientSysFWGit <clientsysfwgit@intel.com> 
Date: Wed May 28 11:48:38 2025 +0530 
-------------------------------------------------------------------------------- 
"[TeamCity] MTL MeteorLake_meteorlake_program_platform_Daily Daily Updating Version/ID: MeteorLake_5124_80

Hsd-es-id: N/A"
Original commit date: Fri Mar 21 02:26:22 2025 -0700
Original commit hash: 850e16dc2593cb9fa744ad635eec197ececc5e2b

-------------------------------------------------------------------------------- 
[Changed Files]
ClientOneSiliconPkg/Product/MeteorLake/EarlyDevices/Readme.md
ClientOneSiliconPkg/SiPkg.dec
Doxygen/BoardApi.chm
Doxygen/FspApi.chm
Doxygen/MeteorLake_FSP_Integration_Guide.chm
Doxygen/MeteorLake_FSP_Integration_Guide.pdf
Doxygen/PlatApi.chm
Doxygen/SiPkgApi.chm
Features/Thermal/DptfFeaturePkg/AcpiTables/BiosNexDataVaultCrb.asl
Features/Thermal/DptfFeaturePkg/AcpiTables/IteHelperFunctions.asl
Features/Thermal/DptfFeaturePkg/AcpiTables/IteHwMonFan1.asl
Features/Thermal/DptfFeaturePkg/AcpiTables/IteHwMonFan2.asl
Features/Thermal/DptfFeaturePkg/AcpiTables/IteSen1Particip.asl
Features/Thermal/DptfFeaturePkg/AcpiTables/IteSen2Particip.asl
Features/Thermal/DptfFeaturePkg/AcpiTables/IteSen3Particip.asl
LICENSE.txt
MeteorLakeBoardPkg/Acpi/AcpiTables/Dsdt/Sio/IteHwMonAuto.asl
MeteorLakeBoardPkg/Acpi/AcpiTables/Dsdt/Sio/IteHwMonAutoFan2.asl
MeteorLakeBoardPkg/Acpi/AcpiTables/Facs/Facs.act
MeteorLakeBoardPkg/Acpi/AcpiTables/Fadt/Fadt6.3.act
MeteorLakeBoardPkg/Acpi/AcpiTables/Hpet/Hpet.act
MeteorLakeBoardPkg/Acpi/AcpiTables/Madt/Madt.act
MeteorLakeBoardPkg/Acpi/AcpiTables/Mcfg/Mcfg.act
MeteorLakeBoardPkg/CapsuleUpdateConfig/.gitignore
MeteorLakeBoardPkg/Features/CapsuleUpdate/Tools/CapsuleGenerate/Ucode/.gitignore
MeteorLakePlatSamplePkg/Include/Library/IteSioLib.h
MeteorLakePlatSamplePkg/Sio/Ite8659Lib/IteSioLib.c
MeteorLakePlatSamplePkg/Sio/Ite8659Lib/IteSioLib.inf
MeteorLakePlatSamplePkg/Sio/Ite8659Lib/IteSioLibNull.c
MeteorLakePlatSamplePkg/Sio/Ite8659Lib/IteSioLibNull.inf
