================================================================================ 
Commit: 84d79e2c8b8ef30b4c687fd5cd6d6a1f3cd75307 
Author: ClientSysFWGit <clientsysfwgit@intel.com> 
Date: Thu Jun 9 13:58:41 2022 +0530 
-------------------------------------------------------------------------------- 
[LKF] Changing BIOS ID to 6175.00

Hsd-es-id: 14016454733
Original commit date: Fri Apr 22 14:49:23 2022 +0530
Change-Id: I6e0cc981ac360cce01abf8b5563bb265bfc68485
Original commit hash: b56d5dae5c65b921c2aaa39633d4e5e8ae6a9e1e

-------------------------------------------------------------------------------- 
[Changed Files]
LakeFieldPlatSamplePkg/Tools/GenBiosId/BiosId.env

================================================================================ 
Commit: 0562c49ced90197760664f2e16868b4c39b001bc 
Author: ClientSysFWGit <clientsysfwgit@intel.com> 
Date: Thu Jun 9 13:58:39 2022 +0530 
-------------------------------------------------------------------------------- 
[LKF] Edk Release bios boot failure
 - Edk release bios is not booting due to flashmap change
 - Re-arranged the flash map with it's orginal value and modified only required minimal size

Hsd-es-id: 14016454733
Original commit date: Fri Apr 22 16:01:52 2022 +0530
Change-Id: I316da5a29c1dfe266c50edfebb8c65ac09595776
Original commit hash: 9c863e0e40bca29170d75005842971f9ca5eed8b

-------------------------------------------------------------------------------- 
[Changed Files]
LakeFieldPlatSamplePkg/FlashMap/SIZE_100_UEFI_BOOT.fdf

================================================================================ 
Commit: 3d9f929034ee8cd0249fd17468880d79f99a02ca 
Author: ClientSysFWGit <clientsysfwgit@intel.com> 
Date: Thu Jun 9 13:58:37 2022 +0530 
-------------------------------------------------------------------------------- 
[LKF] Changing BIOS ID to 6161.00

Hsd-es-id: 14016454733
Original commit date: Sat Apr 9 11:26:50 2022 +0530
Change-Id: Iea03cf90f856872ede943a412c6b393b5e150a04
Original commit hash: f8e61e3466ba517a7107a2f783ee55d691b3155d

-------------------------------------------------------------------------------- 
[Changed Files]
LakeFieldPlatSamplePkg/Tools/GenBiosId/BiosId.env

================================================================================ 
Commit: 7ee2431b4251cba820a843845d5f4ed9ba3728bc 
Author: ClientSysFWGit <clientsysfwgit@intel.com> 
Date: Thu Jun 9 13:58:35 2022 +0530 
-------------------------------------------------------------------------------- 
ClientOneSiliconPkg: Updated usage of external buffer

Hsd-es-id: 18020908836
Original commit date: Thu Mar 3 17:06:51 2022 +0100
Change-Id: I72df1211465129c006f6e91b1b8134011e6f2585
Original commit hash: 5c216714f8f189eff944bf14d5b64d59f8e66fee

-------------------------------------------------------------------------------- 
[Changed Files]
LakeFieldSiliconPkg/Pch/Spi/Dxe/SpiSmmStub.c
