================================================================================ 
Commit: 4e204fb33695286472e178544559863cd7b6f2e4 
Author: ClientSysFWGit <clientsysfwgit@intel.com> 
Date: Tue Feb 16 08:41:32 2021 +0530 
-------------------------------------------------------------------------------- 
Update RKLS_B0 Production patchID to 0x32


Original commit date: Mon Feb 15 10:25:46 2021 -0800
Change-Id: I35a97970bdc010dcac1ceed9092944146bdfb9a6
Original commit hash: 145e7018407b1e1726082cfea8d361df92f3dc0c

-------------------------------------------------------------------------------- 
[Changed Files]
CometLakePlatSamplePkg/PlatformPkg.fdf

================================================================================ 
Commit: 393b0001d533a409c569fdb8d04f1a5d63c90881 
Author: ClientSysFWGit <clientsysfwgit@intel.com> 
Date: Tue Feb 16 08:41:14 2021 +0530 
-------------------------------------------------------------------------------- 
dGPU Video Audio when Graphics Card to PEG11

Original commit date: Tue Feb 2 11:21:37 2021 +0530
Change-Id: Ic7f3d7dd08ca15582601a3036b570c4a98d4a6b1
Original commit hash: af0fa1193381086c3a25719ac5fb286ec25e322f

-------------------------------------------------------------------------------- 
[Changed Files]
CometLakeSiliconPkg/SystemAgent/AcpiTables/PegSsdt/CpuPcieRp.asl

================================================================================ 
Commit: aa6d1578123afa60218fb6968879a2cd39daa66d 
Author: ClientSysFWGit <clientsysfwgit@intel.com> 
Date: Tue Feb 16 08:40:58 2021 +0530 
-------------------------------------------------------------------------------- 
[TeamCity] RKLERB Auto-Commit WeeklyUpdate_FSP/RC CI

Original commit date: Mon Feb 15 06:07:05 2021 -0800
Change-Id: I7c71aef7dd24da8081b4d4f5ad39f4419a0bf328
Original commit hash: 8ca3a873fcd1ab3cee0465716a8e3d3eff7b2469

-------------------------------------------------------------------------------- 
[Changed Files]
CometLakeFspPkg/CometLakeFspPkg.dec
CometLakeSiliconPkg/SiPkg.dec.template

================================================================================ 
Commit: 9c2c42d9d696ee07bf9b50b944da17381fdc8ed9 
Author: ClientSysFWGit <clientsysfwgit@intel.com> 
Date: Tue Feb 16 08:40:46 2021 +0530 
-------------------------------------------------------------------------------- 
[TeamCity] RKLERB Auto-Commit BIOS ID update CI Increment BIOS Major Version () and reset Minor Version to 0

Original commit date: Mon Feb 15 05:12:53 2021 -0800
Change-Id: Iddb6c09d4148e9b1ee322a3f310441c10aa98547
Original commit hash: 29283ef7edf90918be817e72685a3a6e74917bc4

-------------------------------------------------------------------------------- 
[Changed Files]
CometLakePlatSamplePkg/Tools/GenBiosId/BiosId.env

================================================================================ 
Commit: cdaa2ee7632b6433062874f77bff78b634993893 
Author: ClientSysFWGit <clientsysfwgit@intel.com> 
Date: Tue Feb 16 08:40:31 2021 +0530 
-------------------------------------------------------------------------------- 
[TeamCity] RKLERB Auto-Commit DailyUpdate_FSP/RC CI

Original commit date: Mon Feb 15 01:26:12 2021 -0800
Change-Id: I331d464a5b563e8a688bd53c6d836240cac5277d
Original commit hash: 955646be6a90e3ee6c54a73de7e64cc02297d416

-------------------------------------------------------------------------------- 
[Changed Files]
CometLakeFspPkg/CometLakeFspPkg.dec
CometLakeSiliconPkg/SiPkg.dec.template

================================================================================ 
Commit: 43613c102718e08b8843fe56b6c7c951dcb5c7a0 
Author: ClientSysFWGit <clientsysfwgit@intel.com> 
Date: Tue Feb 16 08:40:17 2021 +0530 
-------------------------------------------------------------------------------- 
[TeamCity] RKLERB Auto-Commit BIOS ID update CI Increment BIOS Major Version () and reset Minor Version to 0

Original commit date: Sun Feb 14 05:13:00 2021 -0800
Change-Id: Ic201812d4c26048fa882df646f2b30c4c92b9ac4
Original commit hash: 63ada1f8efadb06b7304fc57b9c30fe2ccaabe59

-------------------------------------------------------------------------------- 
[Changed Files]
CometLakePlatSamplePkg/Tools/GenBiosId/BiosId.env

================================================================================ 
Commit: 7decc40ffa47d69defe3e7d56f2e780856d6d99f 
Author: ClientSysFWGit <clientsysfwgit@intel.com> 
Date: Tue Feb 16 08:40:03 2021 +0530 
-------------------------------------------------------------------------------- 
[TeamCity] RKLERB Auto-Commit DailyUpdate_FSP/RC CI

Original commit date: Sun Feb 14 01:23:57 2021 -0800
Change-Id: I570d0d23608bb0b99de1d24e63191d3b84dd0d79
Original commit hash: a3a2c90eda768b73a60cbe342dc9625fc74cef9e

-------------------------------------------------------------------------------- 
[Changed Files]
CometLakeFspPkg/CometLakeFspPkg.dec
CometLakeSiliconPkg/SiPkg.dec.template

================================================================================ 
Commit: e951f2e17f75c8ecd06dde7749cb65a299619c29 
Author: ClientSysFWGit <clientsysfwgit@intel.com> 
Date: Tue Feb 16 08:39:47 2021 +0530 
-------------------------------------------------------------------------------- 
[TeamCity] RKLERB Auto-Commit BIOS ID update CI Increment BIOS Major Version () and reset Minor Version to 0

Original commit date: Sat Feb 13 05:12:33 2021 -0800
Change-Id: I81f07666d8a45c0e34089e4970ac9495fcdf66a2
Original commit hash: 53fa6c4091648a7e5fcc55d449a2101620436e79

-------------------------------------------------------------------------------- 
[Changed Files]
CometLakePlatSamplePkg/Tools/GenBiosId/BiosId.env

================================================================================ 
Commit: d8082f0f0a1db74b178be55bb43f6dce8ad37cde 
Author: ClientSysFWGit <clientsysfwgit@intel.com> 
Date: Tue Feb 16 08:39:31 2021 +0530 
-------------------------------------------------------------------------------- 
[TeamCity] RKLERB Auto-Commit DailyUpdate_FSP/RC CI

Original commit date: Sat Feb 13 01:23:13 2021 -0800
Change-Id: Iddbc0e1a604ac0d04f09a61bc3b3233c857e639d
Original commit hash: 4c8133d77c3446c8d7c40cff4e8b58b4c4f31e92

-------------------------------------------------------------------------------- 
[Changed Files]
CometLakeFspPkg/CometLakeFspPkg.dec
CometLakeSiliconPkg/SiPkg.dec.template

================================================================================ 
Commit: c998182d189a178ed0196a2d152059694a39ecda 
Author: ClientSysFWGit <clientsysfwgit@intel.com> 
Date: Tue Feb 16 08:39:16 2021 +0530 
-------------------------------------------------------------------------------- 
[TeamCity] RKLERB Auto-Commit BIOS ID update CI Increment BIOS Major Version () and reset Minor Version to 0

Original commit date: Fri Feb 12 05:13:03 2021 -0800
Change-Id: I9ca5740f54465ba1d1c815918738459da889979f
Original commit hash: 37419876a347448a31f8fa829902f1d6429bcdb0

-------------------------------------------------------------------------------- 
[Changed Files]
CometLakePlatSamplePkg/Tools/GenBiosId/BiosId.env

================================================================================ 
Commit: 1f107b3318b874fb8a5380d1914e814e8709a7f6 
Author: ClientSysFWGit <clientsysfwgit@intel.com> 
Date: Tue Feb 16 08:39:02 2021 +0530 
-------------------------------------------------------------------------------- 
[TeamCity] RKLERB Auto-Commit DailyUpdate_FSP/RC CI

Original commit date: Fri Feb 12 01:24:39 2021 -0800
Change-Id: I0f5ea317d1d0b30037cba8d7d07dc9b965f6fe1b
Original commit hash: af39e48822aa065455c208e5a4e0b1bfd7b6f594

-------------------------------------------------------------------------------- 
[Changed Files]
CometLakeFspPkg/CometLakeFspPkg.dec
CometLakeSiliconPkg/SiPkg.dec.template

================================================================================ 
Commit: 188df9f0d5875dc6cc2ac914a00199f9d27e9575 
Author: ClientSysFWGit <clientsysfwgit@intel.com> 
Date: Tue Feb 16 08:38:50 2021 +0530 
-------------------------------------------------------------------------------- 
[TeamCity] RKLERB Auto-Commit BIOS ID update CI Increment BIOS Major Version () and reset Minor Version to 0

Original commit date: Thu Feb 11 05:13:18 2021 -0800
Change-Id: I23d994b4cbe3cce4e0a4e67b264bec0e8273013b
Original commit hash: b85535d96d9d04c114a36532ee1b80eaa3f35beb

-------------------------------------------------------------------------------- 
[Changed Files]
CometLakePlatSamplePkg/Tools/GenBiosId/BiosId.env

================================================================================ 
Commit: a348b633814dc7717faa6d2b3679ca439eba26e3 
Author: ClientSysFWGit <clientsysfwgit@intel.com> 
Date: Tue Feb 16 08:38:33 2021 +0530 
-------------------------------------------------------------------------------- 
[TeamCity] RKLERB Auto-Commit DailyUpdate_FSP/RC CI

Original commit date: Thu Feb 11 01:24:16 2021 -0800
Change-Id: I5b5805bb1c0df70769c3b293c36f8815f66f2182
Original commit hash: edd8de42c0d95ff65d603f40453ae258103e11e1

-------------------------------------------------------------------------------- 
[Changed Files]
CometLakeFspPkg/CometLakeFspPkg.dec
CometLakeSiliconPkg/SiPkg.dec.template
