================================================================================ 
Commit: 3365a0a74ae9f1b7ee64d236e0574b586592dedf 
Author: ClientSysFWGit <clientsysfwgit@intel.com> 
Date: Mon Jul 27 12:14:45 2020 +0530 
-------------------------------------------------------------------------------- 
update build id

-------------------------------------------------------------------------------- 
[Changed Files]
CometLakeSiliconPkg/SiPkg.dec

================================================================================ 
Commit: efb400b443e958200dea9763b6b11351622651ed 
Author: ClientSysFWGit <clientsysfwgit@intel.com> 
Date: Mon Jul 27 12:11:40 2020 +0530 
-------------------------------------------------------------------------------- 
Update FSP/RC version

Hsd-es-id: N/A
[internal-only]:

Original commit date: Tue Jul 21 18:46:23 2020 -0700
Change-Id: I01fe792231a5369673ffa108c38c29693fa435ac
Original commit hash: ac9a44b684bd9667028f0e1cf8d953273bc89236

-------------------------------------------------------------------------------- 
[Changed Files]
CometLakeFspPkg/CometLakeFspPkg.dec
CometLakeSiliconPkg/SiPkg.dec.template

================================================================================ 
Commit: e9a2b1b0f6d43e734e35bba076bb4dad0e1f8e28 
Author: ClientSysFWGit <clientsysfwgit@intel.com> 
Date: Mon Jul 27 12:11:37 2020 +0530 
-------------------------------------------------------------------------------- 
[TeamCity] RKLERB Auto-Commit BIOS ID update CI Increment BIOS Major Version () and reset Minor Version to 0

Hsd-es-id: no sighting
Original commit date: Tue Jul 21 20:33:08 2020 -0700
Change-Id: I6b6e6798212924555e4651e96eecf982f1b34c93
Original commit hash: 4031331253440ada1d8a99dfa04e34ccb740d7c0

-------------------------------------------------------------------------------- 
[Changed Files]
CometLakePlatSamplePkg/Tools/GenBiosId/BiosId.env

================================================================================ 
Commit: 4b3b7f74ec2252db8ce27666eb6f061c5ff6ceb3 
Author: ClientSysFWGit <clientsysfwgit@intel.com> 
Date: Mon Jul 27 12:11:33 2020 +0530 
-------------------------------------------------------------------------------- 
[Title]
[RKL-S] [A0][DMI Gen3 Link up issue, BIOS is performing multiple equalization - PE is set PC8-PC10

[Resolution]
Removed PE bit setting by BIOS as HW will autonomously enter EQ even PE is not set if it is first time training to Gen3/4 for every boot flow.

[Impacted Platform]
RKL

Hsd-es-id: 22011062142
Original commit date: Mon Jul 6 18:36:45 2020 +0530
Change-Id: Ifeaa73258989b057144f8efb9d1b3227488581d4
Original commit hash: 1eb643f7ca6214f695647ba0d0253d56a6777dac

-------------------------------------------------------------------------------- 
[Changed Files]
CometLakeSiliconPkg/SystemAgent/Library/Private/PeiCpuDmiInitLibVer2/PeiCpuDmi16.c

================================================================================ 
Commit: 9972cc2c7fffbb5e82b2a67c912281cd62c326ee 
Author: ClientSysFWGit <clientsysfwgit@intel.com> 
Date: Mon Jul 27 12:11:30 2020 +0530 
-------------------------------------------------------------------------------- 
SUT is not entering to Deep Sx , it's entering to only Sx mode

gSmmThunkProtocolGuid depex was not being met due to CSM support being removed

Hsd-es-id: 16011388134
[internal-only]:

Original commit date: Fri Jul 10 14:57:53 2020 -0700
Change-Id: Ic5bd391db4d20a71a83b912dff39f8cc3b9071f9
Original commit hash: 5bcde3cae21e879d027d6b74edef99815d7013bd

-------------------------------------------------------------------------------- 
[Changed Files]
CometLakePlatSamplePkg/EC/EC.inf
CometLakePlatSamplePkg/Setup/PchSetup.hfr

================================================================================ 
Commit: ca83310350baaecd9a6a36854ce2aeba5be127d5 
Author: ClientSysFWGit <clientsysfwgit@intel.com> 
Date: Mon Jul 27 12:11:27 2020 +0530 
-------------------------------------------------------------------------------- 
Adding required RKL CPU DID

Hsd-es-id: NA
Original commit date: Fri Jul 17 14:53:17 2020 +0530
Change-Id: I817c6e7845da7c15e1805488455e214f53ff4a24
Original commit hash: c8d1902b7b0d23b60d99b85dc1842283d70f2b44

-------------------------------------------------------------------------------- 
[Changed Files]
CometLakeSiliconPkg/Cpu/Library/PeiDxeSmmCpuPlatformLib/CpuPlatformLibrary.c
CometLakeSiliconPkg/SystemAgent/Include/Register/SaRegsHostBridge.h

================================================================================ 
Commit: 7126370cfd2bf2d97dde371c4f1f8a66d257c868 
Author: ClientSysFWGit <clientsysfwgit@intel.com> 
Date: Mon Jul 27 12:11:23 2020 +0530 
-------------------------------------------------------------------------------- 
Added RKLS_A0 production patchID 0x1e

Hsd-es-id: N/A

Original commit date: Tue Jul 21 13:53:40 2020 -0700
Change-Id: I09510fb74a92adf538822a25fe0e957541d0a8f4
Original commit hash: 9985a90d47e9cf7b523fb80fb2d05cd376908783

-------------------------------------------------------------------------------- 
[Changed Files]
CometLakePlatSamplePkg/PlatformPkg.fdf

================================================================================ 
Commit: 08d5ab0e3515d8472c81828c2aa4a08315a733d1 
Author: ClientSysFWGit <clientsysfwgit@intel.com> 
Date: Mon Jul 27 12:11:19 2020 +0530 
-------------------------------------------------------------------------------- 
[RKL-S][CMP-H] Sync MRC changes with TGP-H

This is a combination of multiple changes that were added to TGP-H project, including:

- [RKLS][MRC] Enable of MrcPostTraining, MrcCmdDsTxEq and MrcCmdSlewRate
- [RKLS][MRC] Advanced Training changes:
- MrcSenseAmpOffsetTraining recentering fix.
- [RKLS][MRC] Disable lpmode on SAGV

Hsd-es-id: N/A
[internal-only]:

Original commit date: Wed Jul 8 14:28:02 2020 +0300
Change-Id: I8fe86e20ba5f4d6a7d63cea9351ef993c6a6ef18
Original commit hash: f4f5767764a306ff72dacaa51229bc9f1c295c9a

-------------------------------------------------------------------------------- 
[Changed Files]
CometLakeSiliconPkg/SystemAgent/MemoryInitRkl/Include/MrcInterface.h
CometLakeSiliconPkg/SystemAgent/MemoryInitRkl/LibraryPrivate/PeiMemoryInitLib/Source/Api/MrcGeneral.c
CometLakeSiliconPkg/SystemAgent/MemoryInitRkl/LibraryPrivate/PeiMemoryInitLib/Source/Api/MrcStartMemoryConfiguration.c
CometLakeSiliconPkg/SystemAgent/MemoryInitRkl/LibraryPrivate/PeiMemoryInitLib/Source/Include/MrcVersion.h
CometLakeSiliconPkg/SystemAgent/MemoryInitRkl/LibraryPrivate/PeiMemoryInitLib/Source/McConfiguration/MrcSchedulerParameters.c
CometLakeSiliconPkg/SystemAgent/MemoryInitRkl/LibraryPrivate/PeiMemoryInitLib/Source/MemoryTypes/MrcDdr4.c
CometLakeSiliconPkg/SystemAgent/MemoryInitRkl/LibraryPrivate/PeiMemoryInitLib/Source/ReadTraining/MrcReadDqDqs.c
CometLakeSiliconPkg/SystemAgent/MemoryInitRkl/LibraryPrivate/PeiMemoryInitLib/Source/Services/MrcCrosser.c
CometLakeSiliconPkg/SystemAgent/MemoryInitRkl/LibraryPrivate/PeiMemoryInitLib/Source/Services/MrcMcConfiguration.c
CometLakeSiliconPkg/SystemAgent/MemoryInitRkl/LibraryPrivate/PeiMemoryInitLib/Source/WriteTraining/MrcWriteDqDqs.c
CometLakeSiliconPkg/SystemAgent/MemoryInitRkl/LibraryPrivate/PeiMemoryInitLib/Source/WriteTraining/MrcWriteDqDqs.h
CometLakeSiliconPkg/SystemAgent/MemoryInitRkl/MiniBios/MEMORY/MrcSetup.c

================================================================================ 
Commit: a82faafcf58feac0df7dafc022462aa911a8db37 
Author: ClientSysFWGit <clientsysfwgit@intel.com> 
Date: Mon Jul 27 12:11:14 2020 +0530 
-------------------------------------------------------------------------------- 
Revert "Clean up CPU PCIe Hotplug related changes."

This reverts commit c59059cd343f592021758792a94d843a6a4b742a.
Hsd-es-id: NA

Original commit date: Tue Jul 21 15:43:57 2020 -0700
Change-Id: Ief027cbae31a96a26ccf8940b57e76f541672896
Original commit hash: e6e5913fc17bacb978ebf05fb1745a0379178f3a

-------------------------------------------------------------------------------- 
[Changed Files]
CometLakeFspPkg/Library/PeiPolicyUpdateLib/PeiPchPolicyUpdate.c
CometLakePlatSamplePkg/FspWrapper/Library/PeiFspPolicyInitLib/PeiFspPchPolicyInitLib.c
CometLakePlatSamplePkg/Include/SetupVariable.h
CometLakePlatSamplePkg/Library/PeiPolicyUpdateLib/PeiPchPolicyUpdate.c
CometLakePlatSamplePkg/Library/PeiPolicyUpdateLib/PeiSaPolicyUpdate.c
CometLakePlatSamplePkg/Setup/SaPcieSetupSinglePort.hfr
CometLakePlatSamplePkg/Setup/SaSetup.uni
CometLakeSiliconPkg/Pch/Include/ConfigBlock/PcieRpConfig.h
CometLakeSiliconPkg/Pch/Library/PeiPchPolicyLib/PchPrintPolicy.c
CometLakeSiliconPkg/Pch/Library/Private/PeiPchInitLib/PchRootPorts.c
CometLakeSiliconPkg/SystemAgent/Include/ConfigBlock/CpuPcieGen4Config.h
CometLakeSiliconPkg/SystemAgent/Include/ConfigBlock/PcieConfig.h
CometLakeSiliconPkg/SystemAgent/Library/PeiSaPolicyLib/PeiSaPolicyLib.c
CometLakeSiliconPkg/SystemAgent/Library/Private/PeiCpuPcieRpInitLibGen4/PeiCpuPcieRpInitLib.c

================================================================================ 
Commit: 6bd11702cd5d96be906d6e3dcfe1c7ecd8a2c66b 
Author: ClientSysFWGit <clientsysfwgit@intel.com> 
Date: Mon Jul 27 12:11:09 2020 +0530 
-------------------------------------------------------------------------------- 
[RKL-S+CMP-H][Regression]: Package C10 value is not hitting  with latest BIOS v1283_00

Revert "RKL X-COMP [CMPH][BIOS]:C-State Latency control MSRs are programmed by BIOS."
This reverts commit 04c715ac7d700e8c471f33ff86a7cfa2b9b7face.

Hsd-es-id: 16011418669
Original commit date: Mon Jul 13 09:50:45 2020 -0700
Change-Id: I8ff3c93cbb57c799d686a906d0e21e7a6e1e578b
Original commit hash: 0fe6babfc772aa7400ef83f3a275ac5eee0f8a94

-------------------------------------------------------------------------------- 
[Changed Files]
CometLakePlatSamplePkg/Board/Include/OtherBoardConfigPatchTable.h
CometLakeSiliconPkg/Cpu/Library/PeiCpuPolicyLib/PeiCpuPolicyLib.c

================================================================================ 
Commit: 7d8d1964379ba27bddadc8ac10964f9d679a40e8 
Author: ClientSysFWGit <clientsysfwgit@intel.com> 
Date: Mon Jul 27 12:11:05 2020 +0530 
-------------------------------------------------------------------------------- 
[TeamCity] RKLERB Auto-Commit BIOS ID update CI Increment BIOS Major Version () and reset Minor Version to 0

Hsd-es-id: no sighting
Original commit date: Tue Jul 7 07:11:33 2020 -0700
Change-Id: I639efbed51931cfe9809c097bdccca71b82470fa
Original commit hash: 71b9aa2fb618abb6f9e242b8adb793b36a284b89

-------------------------------------------------------------------------------- 
[Changed Files]
CometLakePlatSamplePkg/Tools/GenBiosId/BiosId.env

================================================================================ 
Commit: bf7522111bd7af86e1912fb52248bba44927211c 
Author: ClientSysFWGit <clientsysfwgit@intel.com> 
Date: Mon Jul 27 12:11:02 2020 +0530 
-------------------------------------------------------------------------------- 
[TeamCity] RKLERB Auto-Commit NVS CI Update auto-generated NVS structure definitions

Hsd-es-id: no sighting
Original commit date: Tue Jul 7 03:34:20 2020 -0700
Change-Id: Ice6c35da0b3d5f1601db93d583fb21fdd961f795
Original commit hash: 82d67a297599ff13ad45c26880970d18884bc562

-------------------------------------------------------------------------------- 
[Changed Files]
CometLakePlatSamplePkg/Acpi/AcpiTables/Dsdt/PlatformNvs.asl
CometLakePlatSamplePkg/Include/PlatformNvsAreaDef.h

================================================================================ 
Commit: 25a5c8bd50b67ab49cdf86845fd1a49a2b64a0a8 
Author: ClientSysFWGit <clientsysfwgit@intel.com> 
Date: Mon Jul 27 12:10:58 2020 +0530 
-------------------------------------------------------------------------------- 
[TeamCity] RKLERB Auto-Commit FSP CI

Hsd-es-id: no sighting
Original commit date: Tue Jul 7 00:25:11 2020 -0700
Change-Id: Iec8c0a090c467538dc39fc093a03e42b713d8ce9
Original commit hash: 285474020b3eec85e415cea48eb8ece754cadf0a

-------------------------------------------------------------------------------- 
[Changed Files]
CometLakeFspBinPkg/Fsp.bsf

================================================================================ 
Commit: 33dcbe522db036b7d2db8def4b57993c1a0e42b1 
Author: ClientSysFWGit <clientsysfwgit@intel.com> 
Date: Mon Jul 27 12:10:55 2020 +0530 
-------------------------------------------------------------------------------- 
Clean up CPU PCIe Hotplug related changes.

Hsd-es-id: NA
Original commit date: Tue Jun 23 12:49:18 2020 +0530
Change-Id: Ie8f963a6c302eca8c6e6ea60f0472a312e96c912
Original commit hash: c59059cd343f592021758792a94d843a6a4b742a

-------------------------------------------------------------------------------- 
[Changed Files]
CometLakeFspPkg/Library/PeiPolicyUpdateLib/PeiPchPolicyUpdate.c
CometLakePlatSamplePkg/FspWrapper/Library/PeiFspPolicyInitLib/PeiFspPchPolicyInitLib.c
CometLakePlatSamplePkg/Include/SetupVariable.h
CometLakePlatSamplePkg/Library/PeiPolicyUpdateLib/PeiPchPolicyUpdate.c
CometLakePlatSamplePkg/Library/PeiPolicyUpdateLib/PeiSaPolicyUpdate.c
CometLakePlatSamplePkg/Setup/SaPcieSetupSinglePort.hfr
CometLakePlatSamplePkg/Setup/SaSetup.uni
CometLakeSiliconPkg/Pch/Include/ConfigBlock/PcieRpConfig.h
CometLakeSiliconPkg/Pch/Library/PeiPchPolicyLib/PchPrintPolicy.c
CometLakeSiliconPkg/Pch/Library/Private/PeiPchInitLib/PchRootPorts.c
CometLakeSiliconPkg/SystemAgent/Include/ConfigBlock/CpuPcieGen4Config.h
CometLakeSiliconPkg/SystemAgent/Include/ConfigBlock/PcieConfig.h
CometLakeSiliconPkg/SystemAgent/Library/PeiSaPolicyLib/PeiSaPolicyLib.c
CometLakeSiliconPkg/SystemAgent/Library/Private/PeiCpuPcieRpInitLibGen4/PeiCpuPcieRpInitLib.c

================================================================================ 
Commit: d413739cc8578186f06f773d3e33cd80f7535d59 
Author: ClientSysFWGit <clientsysfwgit@intel.com> 
Date: Mon Jul 27 12:10:50 2020 +0530 
-------------------------------------------------------------------------------- 
changing slot status offset as per new controller based on CPU ID

Hsd-es-id: NA
Original commit date: Mon Jul 6 12:08:28 2020 +0530
Change-Id: Icc4a7a6c769dd5634e1dc5a2a8fe8f416acdccc4
Original commit hash: 00c98adb86db81c713bfd67c690cca390318c1c7

-------------------------------------------------------------------------------- 
[Changed Files]
CometLakeSiliconPkg/SystemAgent/Library/Private/PeiSaPcieInitLib/PeiSaPcieInitLib.c

================================================================================ 
Commit: 03d67a750d832f31f5fd2fdc3ccfc0987009e682 
Author: ClientSysFWGit <clientsysfwgit@intel.com> 
Date: Mon Jul 27 12:10:47 2020 +0530 
-------------------------------------------------------------------------------- 
RKL_XCOMP2:Enable Offline Crash Dump support option available for desktop sku

currently the Offline Crash Dump support bios option is available only for
embedded and mobile sku, it should be applicable for desktop sku also.

Hsd-es-id: 16011380951
Original commit date: Mon Jul 6 12:52:58 2020 +0800
Change-Id: I6189a4eec47f3df1c995c8af7f68d916c0cf1a4f
Original commit hash: 7601c7aa116264daabaab0d599f4d63911dea583

-------------------------------------------------------------------------------- 
[Changed Files]
CometLakePlatSamplePkg/Setup/PlatformSetup.hfr

================================================================================ 
Commit: e54221fac8d74d6809c732dbe60e908d210d525f 
Author: ClientSysFWGit <clientsysfwgit@intel.com> 
Date: Mon Jul 27 12:10:44 2020 +0530 
-------------------------------------------------------------------------------- 
Endless Global reset when ME in Recovery during Enhanced Debug Mode Boot.

Perform CSE Reset instead of Global Reset in case of recovery flow.

Original commit date: Mon Jan 20 11:23:22 2020 +0100
Change-Id: If32ae8f62dd319d5276bd67aca7f1a6bc787a549
Original commit hash: eceee8a0415c791256b269d5daaee8f3cbdfc992

-------------------------------------------------------------------------------- 
[Changed Files]
CometLakeSiliconPkg/Me/HeciInit/Dxe/MeInit.c
CometLakeSiliconPkg/Me/HeciInit/Dxe/MeInitFsp.c
CometLakeSiliconPkg/Me/HeciInit/Dxe/MeReadyToBoot.c
CometLakeSiliconPkg/Me/Include/CoreBiosMsg.h
CometLakeSiliconPkg/Me/Library/Private/PeiMeEnhancedDebugLib/MeEnhancedDebugSupport.c
CometLakeSiliconPkg/Me/Library/Private/PeiMeEnhancedDebugLib/PeiMeEnhancedDebugLib.inf
CometLakeSiliconPkg/Pch/Library/Private/PeiPchInitLib/PchHsio.c

================================================================================ 
Commit: 497db44061ba576f6c9bc950bec1ceac99edfea9 
Author: ClientSysFWGit <clientsysfwgit@intel.com> 
Date: Mon Jul 27 12:10:39 2020 +0530 
-------------------------------------------------------------------------------- 
[CML-S] Update PL1 setting.

Updated PL1 value.

Hsd-es-id: 14010849663
Original commit date: Fri Feb 7 15:04:35 2020 +0530
Change-Id: I987324acdb075880d2ea38414071c286d6b23ba6
Original commit hash: d0ac3264cf9bd8167ae6ec26bfab84c539e4d1fa

-------------------------------------------------------------------------------- 
[Changed Files]
CometLakeSiliconPkg/Cpu/Library/Private/PeiCpuPowerMgmtLib/PowerLimits.c

================================================================================ 
Commit: f9b554928b1e29929eec28b5ec30d520f9c88234 
Author: ClientSysFWGit <clientsysfwgit@intel.com> 
Date: Mon Jul 27 12:10:32 2020 +0530 
-------------------------------------------------------------------------------- 
[WOSPM] BIOS to communicate CEC PS_ON feature enabled to OSPM for Desktop Modern Standby

1. Modify PEPD._DSD with the UUID and string specified in the HSD.
2. Use _DSD Name object instead of method to be compatible for WOS.

Hsd-es-id: 1409727314
Original commit date: Mon Jan 13 14:21:25 2020 -0800
Change-Id: I58f07d0eb50b7f816facf5ae228c934f2d71f65a
Original commit hash: 84a617d76ec808537b6c8a9931e65c9df16383fa

-------------------------------------------------------------------------------- 
[Changed Files]
CometLakePlatSamplePkg/Features/Pep/AcpiTables/Pep.asl

================================================================================ 
Commit: ccee989f79d47bf275bcbe3d44c8f882371482ab 
Author: ClientSysFWGit <clientsysfwgit@intel.com> 
Date: Mon Jul 27 12:10:28 2020 +0530 
-------------------------------------------------------------------------------- 
[CML]S4 is not working properly in RST mode when HDD connected to direct port

In the power resource method of direct port BIOS is power gating the GPIO pin for it.
In Rst mode, the volume was still active and BIOS power gated the HDD which resulted to OS crash.

Hsd-es-id: 1809625185
Original commit date: Thu Feb 6 18:07:23 2020 +0530
Change-Id: I10e2b426ed76166a8a369e8a507c83102c93c427
Original commit hash: 33d75dbfc407277f923dbf829d2199f852cd059c

-------------------------------------------------------------------------------- 
[Changed Files]
CometLakePlatSamplePkg/Acpi/AcpiTables/SsdtRtd3/CmlSRvpRtd3.asl
CometLakePlatSamplePkg/Acpi/AcpiTables/SsdtRtd3/CmlSRvpTbtRtd3.asl

================================================================================ 
Commit: ded002c3008bf2a3012e52c5aca26d228d5dec96 
Author: ClientSysFWGit <clientsysfwgit@intel.com> 
Date: Mon Jul 27 12:10:25 2020 +0530 
-------------------------------------------------------------------------------- 
[CMP] SmbusPrepareToArp() returns ERROR

Remove command check for SmBus SendByte operation, it's command and slave address are required.

Hsd-es-id:22010108338
Original commit date: Wed Feb 5 10:49:27 2020 +0800
Change-Id: Ib5248a7c658df4bffc84861829c911e48ac50aaf
Original commit hash: 2ff392f4bafce0bc40213dc67e4cf647e7951657

-------------------------------------------------------------------------------- 
[Changed Files]
CometLakeSiliconPkg/Pch/Library/BaseSmbusLib/BaseSmbusLib.c
CometLakeSiliconPkg/Pch/Library/Private/PeiSmbusLib/PeiSmbusArp.c
CometLakeSiliconPkg/Pch/Smbus/Dxe/PchSmbusArp.c

================================================================================ 
Commit: 768c6512b923076466679008a59e6b47dfb8673d 
Author: ClientSysFWGit <clientsysfwgit@intel.com> 
Date: Mon Jul 27 12:10:21 2020 +0530 
-------------------------------------------------------------------------------- 
CometLakeSiliconPkg: Can't disable HDMI PORT B and port C

Codec needs to detect two frame syncs after power will is up.
Each frame sync is 20.83us. So atleast 42us are needed for correct working of iDsip codec.

Hsd-es-id: 2205496465
Original commit date: Wed Feb 12 14:19:47 2020 +0100
Change-Id: I2caaf4e7f388d592b4c3d3b7eba1acb94f2b9bc9
Original commit hash: e3a5d4175b15b6a3947616f907b4b37f1ae5b202

-------------------------------------------------------------------------------- 
[Changed Files]
CometLakeSiliconPkg/Pch/Library/Private/PeiHdaInitLib/PeiHdaInitLib.c

================================================================================ 
Commit: cbf0a0b181fe616cf6fcea48f3e4a7a530040a49 
Author: ClientSysFWGit <clientsysfwgit@intel.com> 
Date: Mon Jul 27 12:10:14 2020 +0530 
-------------------------------------------------------------------------------- 
CometLakePlatSamplePkg: Add FSP-S blob to TPM measurements on non-S3 boot.

Backport from ICL: https://git-amr-7.devtools.intel.com/gerrit/#/c/22855/

Resolution:

The IBB elements (FVRecovery, FVRecovery2 and FSP_M_T) are being measured and
extended by the Boot Guard ACM. Platform and Core BIOS are responsible for
measuring the complementary elements that conform the BIOS. The problem found
was that when the FspWrapper (FSP 2.0 API mode) was enabled, the silicon
initialization would be compiled into a separate FSP-S binary outside the main
BIOS FVs being measured.

To include FSP-S in the measurements on CML, during the extraction of the Guided
section containing the FSP-S blob we will hash and extend the FSP-S blob and
create the corresponding TPM event log.

Since the functions to hash, extend and create event logs during PEI phase are
not available outside Tcg2Pei.c, this functionality has been consolidated into a
separate library (PeiTpmMeasurementLib).

Note that on S3 resume path no additional boot measurements will be performed;
in S3 TPM initialization, the previous PCR values -- those saved while issuing
TPM_CC_SHUTDOWN (TPM_SU_STATE) -- will be restored.

Hsd-es-id: 14010801085
Original commit date: Thu Jan 30 14:34:11 2020 -0800
Change-Id: Ie8dec2def4e2a8ce67bcb7c52fc71739b185f4ad
Original commit hash: 01ffe3153b60a1bd5e8e3a3299787342d55b464c

-------------------------------------------------------------------------------- 
[Changed Files]
CometLakePlatSamplePkg/FspWrapper/FspWrapperExtractGuidedPeim/FspWrapperExtractGuidedPeim.c
CometLakePlatSamplePkg/FspWrapper/FspWrapperExtractGuidedPeim/FspWrapperExtractGuidedPeim.inf
CometLakePlatSamplePkg/Include/Library/PeiTpmMeasurementLib.h
CometLakePlatSamplePkg/Library/PeiTpmMeasurementLib/PeiTpmMeasurement.c
CometLakePlatSamplePkg/Library/PeiTpmMeasurementLib/PeiTpmMeasurement.h
CometLakePlatSamplePkg/Library/PeiTpmMeasurementLib/PeiTpmMeasurementLib.inf
CometLakePlatSamplePkg/Library/PeiTpmMeasurementLibNull/PeiTpmMeasurementLibNull.inf
CometLakePlatSamplePkg/Library/PeiTpmMeasurementLibNull/PeiTpmMeasurementNull.c
CometLakePlatSamplePkg/PlatformPkg.dsc

================================================================================ 
Commit: 0cd5f905905e27d9f81fc350847184bd66c7a799 
Author: ClientSysFWGit <clientsysfwgit@intel.com> 
Date: Mon Jul 27 12:10:08 2020 +0530 
-------------------------------------------------------------------------------- 
[CML] TBT: increase reserved memory for Single Port

Hsd-es-id: 1507511515
Original commit date: Fri Feb 14 00:30:32 2020 +0800
Change-Id: Ia0b8e3ceb58072d0ad49adaff57acec4d2336ab1
Original commit hash: 6f943d4cac183c103dcdda1c96484a0747e59d43

-------------------------------------------------------------------------------- 
[Changed Files]
CometLakePlatSamplePkg/Setup/TbtSetup.c

================================================================================ 
Commit: b17e5cae838a5d38a3f19de71b042a65ce2fce88 
Author: ClientSysFWGit <clientsysfwgit@intel.com> 
Date: Mon Jul 27 12:10:05 2020 +0530 
-------------------------------------------------------------------------------- 
[CML-S62][CML-S10+2]There is no port under /sys/class/typec/

Solution:
If CML-S supports TBT FP AIC only, I2C1 contoller resource for USB PD controller will use 4 I2C bus address connection.
otherwise it will use 2 I2C bus address(0x27 and x23) connection by default

Hsd-es-id: 1507667875

Original commit date: Thu Feb 13 16:02:38 2020 +0530
Change-Id: I2fa503821d963a2bfc566b2c47c349753cb2d4be
Original commit hash: b5cb78ce264ee846e43f691f4d65b9d44b61aa58

-------------------------------------------------------------------------------- 
[Changed Files]
CometLakePlatSamplePkg/Acpi/AcpiTables/AcpiPlatform/Dxe/AcpiPlatform.c
CometLakePlatSamplePkg/Acpi/AcpiTables/AcpiPlatform/Dxe/AcpiPlatform.inf
CometLakePlatSamplePkg/Acpi/AcpiTables/Dsdt/SerialIoDevices.asl

================================================================================ 
Commit: 7eedeed45301c8f45b8703ce55081a1e2fa1b4dd 
Author: ClientSysFWGit <clientsysfwgit@intel.com> 
Date: Mon Jul 27 12:10:01 2020 +0530 
-------------------------------------------------------------------------------- 
[CML S][CML H][CML_U V2][TDS]-[Dropship]- System opt-out functionality not available at PBA while pressing HotKeys

Trusted console check has been moved before Trusted device setup
Code restructered to call remove keyboard function from Supress User input
and just do the ConIn variable update when call from PBA app

Hsd-es-id: 22010268076

Original commit date: Fri Feb 7 15:32:27 2020 +0530
Change-Id: Ifef6e60623c1fe653fab331d38da0e11874d6949
Original commit hash: f3bd8e09bbc79ded7daef258f551649c891ebb26

-------------------------------------------------------------------------------- 
[Changed Files]
CometLakePlatSamplePkg/Features/TrustedDeviceSetup/OemTrustedDeviceSetup.c
CometLakePlatSamplePkg/Features/TrustedDeviceSetup/TrustedDeviceSetup.c
CometLakePlatSamplePkg/Library/DxePlatformBootManagerLib/BdsPlatform.c

================================================================================ 
Commit: d648e85fb047b47e4086d63fa240434c75d66d85 
Author: ClientSysFWGit <clientsysfwgit@intel.com> 
Date: Mon Jul 27 12:09:57 2020 +0530 
-------------------------------------------------------------------------------- 
[CML] FSP Wrapper Performance - CML Build error

Generating FVRECOVERY3 FV
the required fv image size 0x50308 exceeds the set fv image size 0x50000
Added 1 block (64 KB) to FvRecovery3 Fv

Hsd-es-id: NA
Original commit date: Fri Feb 14 17:34:31 2020 +0530
Change-Id: Ida2140c2752108516a0a1e0f20cde5f25b0d3911
Original commit hash: 8cba57cce8835cd6832ac425a0d131bd6fe5e514

-------------------------------------------------------------------------------- 
[Changed Files]
CometLakePlatSamplePkg/FlashMap/SIZE_120_FSP_WRAPPER.fdf

================================================================================ 
Commit: 51e3e77ceea7348aa6a7913ade701cdddd1c6f5b 
Author: ClientSysFWGit <clientsysfwgit@intel.com> 
Date: Mon Jul 27 12:09:54 2020 +0530 
-------------------------------------------------------------------------------- 
[TeamCity] RKLERB Auto-Commit BIOS ID update CI Increment BIOS Major Version () and reset Minor Version to 0

Hsd-es-id: no sighting
Original commit date: Mon Jul 6 06:38:28 2020 -0700
Change-Id: I4c2dd72b65803e9376d42eaa65c084b2d730b09a
Original commit hash: 98689f9d68d76917960bee55d24556c7ccdc5b4c

-------------------------------------------------------------------------------- 
[Changed Files]
CometLakePlatSamplePkg/Tools/GenBiosId/BiosId.env

================================================================================ 
Commit: 4a905e1253416170af4e5167d70c8435924db2ea 
Author: ClientSysFWGit <clientsysfwgit@intel.com> 
Date: Mon Jul 27 12:09:50 2020 +0530 
-------------------------------------------------------------------------------- 
[PCIe Gen4 RVP] Update chipsetinit and patch table

Use dedicated chipsetinit binary.
Change "Above 4G MMIO assignment" to enabled.

Hsd-es-id: 22011061767
Original commit date: Thu Jun 18 09:39:57 2020 +0800
Change-Id: Ic989b0a7f1ebdaf3d9c221496e231779ba3d0233
Original commit hash: 2b761b3220aaef704dc3859a023ad9f53609e956

-------------------------------------------------------------------------------- 
[Changed Files]
CometLakePlatSamplePkg/Board/Include/OtherBoardConfigPatchTable.h
CometLakePlatSamplePkg/Board/Others/DxeBoardInitLib/BoardInitLib.c
CometLakePlatSamplePkg/Library/PeiPolicyUpdateLib/PeiCmlvPolicyUpdateLib.inf
CometLakePlatSamplePkg/Library/PeiPolicyUpdateLib/PeiPchPolicyUpdate.c
CometLakePlatSamplePkg/Library/PeiPolicyUpdateLib/PeiPolicyUpdateLib.inf
CometLakePlatSamplePkg/Library/PeiPolicyUpdateLib/PeiPolicyUpdateLibFsp.inf
CometLakePlatSamplePkg/PlatformPkg.dec
CometLakePlatSamplePkg/PlatformPkg.fdf

================================================================================ 
Commit: 2ba55c24d1dd87a31d3711cb81651365421a67eb 
Author: ClientSysFWGit <clientsysfwgit@intel.com> 
Date: Mon Jul 27 12:09:46 2020 +0530 
-------------------------------------------------------------------------------- 
[TeamCity] RKLERB Auto-Commit BIOS ID update CI Increment BIOS Major Version () and reset Minor Version to 0

Hsd-es-id: no sighting
Original commit date: Sun Jul 5 06:39:24 2020 -0700
Change-Id: I362c8a995259c272c1158b5cc28a8acb2d636c70
Original commit hash: 493ae2f5a5d8a16c3c7ccbf4544d008dcc8f57c1

-------------------------------------------------------------------------------- 
[Changed Files]
CometLakePlatSamplePkg/Tools/GenBiosId/BiosId.env

================================================================================ 
Commit: 737f0763f9ca4dede0af105b4c9c98c0dc2c3a23 
Author: ClientSysFWGit <clientsysfwgit@intel.com> 
Date: Mon Jul 27 12:09:42 2020 +0530 
-------------------------------------------------------------------------------- 
[TeamCity] RKLERB Auto-Commit BIOS ID update CI Increment BIOS Major Version () and reset Minor Version to 0

Hsd-es-id: no sighting
Original commit date: Sat Jul 4 05:29:59 2020 -0700
Change-Id: Ib51f72739bbf1d7b4523f3757ba68b6dfd3d20bd
Original commit hash: 35d3a87f14063a373c778241ed21f159b92a42f1

-------------------------------------------------------------------------------- 
[Changed Files]
CometLakePlatSamplePkg/Tools/GenBiosId/BiosId.env

================================================================================ 
Commit: 68bc35921e06994a276c415ae3dd68855509433b 
Author: ClientSysFWGit <clientsysfwgit@intel.com> 
Date: Mon Jul 27 12:09:37 2020 +0530 
-------------------------------------------------------------------------------- 
[TeamCity] RKLERB Auto-Commit BIOS ID update CI Increment BIOS Major Version () and reset Minor Version to 0

Hsd-es-id: no sighting
Original commit date: Fri Jul 3 06:58:14 2020 -0700
Change-Id: I86c63a0257b59fec49a3ee5ff27429f90dbe144f
Original commit hash: a907a8ed9611575b636f5e3120bafc000281cf79

-------------------------------------------------------------------------------- 
[Changed Files]
CometLakePlatSamplePkg/Tools/GenBiosId/BiosId.env

================================================================================ 
Commit: 65cb6cc87bd4553ccdce9bec5fa67e97f533e248 
Author: ClientSysFWGit <clientsysfwgit@intel.com> 
Date: Mon Jul 27 12:09:30 2020 +0530 
-------------------------------------------------------------------------------- 
[TeamCity] RKLERB Auto-Commit BIOS ID update CI Increment BIOS Major Version () and reset Minor Version to 0

Hsd-es-id: no sighting
Original commit date: Wed Jul 1 06:19:41 2020 -0700
Change-Id: I5972e33b1f736838211ef6d8444adc1741b4766e
Original commit hash: fd33d6fab67f17a27eddb292484278ca9061f3d3

-------------------------------------------------------------------------------- 
[Changed Files]
CometLakePlatSamplePkg/Tools/GenBiosId/BiosId.env

================================================================================ 
Commit: e4e09eacb6688968782c8f817749893ec7d33864 
Author: ClientSysFWGit <clientsysfwgit@intel.com> 
Date: Mon Jul 27 12:09:26 2020 +0530 
-------------------------------------------------------------------------------- 
[TeamCity] RKLERB Auto-Commit BIOS ID update CI Increment BIOS Major Version () and reset Minor Version to 0

Hsd-es-id: no sighting
Original commit date: Tue Jun 30 07:28:47 2020 -0700
Change-Id: Iedefe96aae19ad2adc8e8b32506cf84c6c75baf5
Original commit hash: 9a2bbb7e8746d3542297e2ab01ac758566751385

-------------------------------------------------------------------------------- 
[Changed Files]
CometLakePlatSamplePkg/Tools/GenBiosId/BiosId.env

================================================================================ 
Commit: a8819fa3c8eba12cd3c11701cb9399cdd5f6dfb0 
Author: ClientSysFWGit <clientsysfwgit@intel.com> 
Date: Mon Jul 27 12:09:20 2020 +0530 
-------------------------------------------------------------------------------- 
[TeamCity] RKLERB Auto-Commit BIOS ID update CI Increment BIOS Major Version () and reset Minor Version to 0

Hsd-es-id: no sighting
Original commit date: Mon Jun 29 06:52:18 2020 -0700
Change-Id: Idc83f51fe7edee77ad91035b7b5e77fe88523ecb
Original commit hash: d6c14a8328829f84383fc17d4ff8dc3e65d4103e

-------------------------------------------------------------------------------- 
[Changed Files]
CometLakePlatSamplePkg/Tools/GenBiosId/BiosId.env

================================================================================ 
Commit: e4e612626322023cc2fcc723a8875d1c06688c47 
Author: ClientSysFWGit <clientsysfwgit@intel.com> 
Date: Mon Jul 27 12:09:16 2020 +0530 
-------------------------------------------------------------------------------- 
RKL X-COMP [CMPH][BIOS]:C-State Latency control MSRs are programmed by BIOS.

Updated IRTL MSR values to be zero for RKL.

Hsd-es-id: 1607500518
Original commit date: Fri Jun 26 19:40:11 2020 +0530
Change-Id: I8cd89bc18861f291a001ac80dd34b76a11346897
Original commit hash: 04c715ac7d700e8c471f33ff86a7cfa2b9b7face

-------------------------------------------------------------------------------- 
[Changed Files]
CometLakePlatSamplePkg/Board/Include/OtherBoardConfigPatchTable.h
CometLakeSiliconPkg/Cpu/Library/PeiCpuPolicyLib/PeiCpuPolicyLib.c
