================================================================================ 
Commit: 6ad0a315835749359f11f8d3f1920dc4f22f3515 
Author: ClientSysFWGit <clientsysfwgit@intel.com> 
Date: Tue Jun 23 17:25:27 2020 +0530 
-------------------------------------------------------------------------------- 
Changing BIOS ID to 4245.03

This label has fix for WWAN vanish issue
https://hsdes.intel.com/appstore/article/#/16011148723

Hsd-es-id: NA
Original commit date: Thu Jun 18 12:33:36 2020 +0530
Change-Id: I3f8d674310cbbb01b3e2109aec531e3096938bed
Original commit hash: f86a9e584e1213cc1cf000c167c3db96b1b0e29b

-------------------------------------------------------------------------------- 
[Changed Files]
LakeFieldPlatSamplePkg/Tools/GenBiosId/BiosId.env

================================================================================ 
Commit: 7266d09bac5ba7a2f15156d771b6fc59391965a3 
Author: ClientSysFWGit <clientsysfwgit@intel.com> 
Date: Tue Jun 23 17:25:25 2020 +0530 
-------------------------------------------------------------------------------- 
Correcting WWAN recovery flow by updating RpDisableMask with correct
values.

Hsd-es-id: https://hsdes.intel.com/appstore/article/#/16011148723
Original commit date: Thu Jun 18 12:08:10 2020 +0530
Change-Id: I48b27b5e92f29eec31908cf7da4949e161e3f126
Original commit hash: 4435607e7dcc4f0ca8801a830c18ba8453f4d845

-------------------------------------------------------------------------------- 
[Changed Files]
LakeFieldSiliconPkg/Pch/Library/Private/PeiPcieRpInitLib/PeiPcieRpInitLib.c

================================================================================ 
Commit: 8a04966b89c090902483d38113c1954286737567 
Author: ClientSysFWGit <clientsysfwgit@intel.com> 
Date: Tue Jun 23 17:25:22 2020 +0530 
-------------------------------------------------------------------------------- 
Changing BIOS ID to 4245.02.

Hsd-es-id: NA
Original commit date: Wed Jun 17 10:36:32 2020 +0530
Change-Id: I9af46c380ed00f4f80af9761158c1ed9a00df13e
Original commit hash: 317b0b43a04d90420fdf690709a65d59157127a5

-------------------------------------------------------------------------------- 
[Changed Files]
LakeFieldPlatSamplePkg/Tools/GenBiosId/BiosId.env

================================================================================ 
Commit: 21946b7fa8e790196e781a05390fc9c36bbe5c52 
Author: ClientSysFWGit <clientsysfwgit@intel.com> 
Date: Tue Jun 23 17:25:20 2020 +0530 
-------------------------------------------------------------------------------- 
RVP2 NVMe configuration change in alignment with Levnovo

Hsd-es-id: https://hsdes.intel.com/appstore/article/#/16011169628
Original commit date: Tue Jun 16 17:29:54 2020 +0530
Change-Id: Iea730ceb9cb03044c451213a42b0081251d2f6f5
Original commit hash: 570c8ab2e879346ddd2c3e7384c9a38d888eb321

-------------------------------------------------------------------------------- 
[Changed Files]
LakeFieldPlatSamplePkg/Acpi/AcpiTables/AcpiPlatform/Dxe/AcpiPlatform.c

================================================================================ 
Commit: 9db218ee812fccd1875cf7e522ac89db81bdb9bb 
Author: ClientSysFWGit <clientsysfwgit@intel.com> 
Date: Tue Jun 23 17:25:17 2020 +0530 
-------------------------------------------------------------------------------- 
Changing BIOS ID to 4245.01

Hsd-es-id: NA
Original commit date: Fri Jun 12 17:52:27 2020 +0530
Change-Id: I1ec6d8251c080aa9755633c9bab71355a9c27148
Original commit hash: 0efce0db9295d9ca8b97ef5700fa0252add9bf14

-------------------------------------------------------------------------------- 
[Changed Files]
LakeFieldPlatSamplePkg/Tools/GenBiosId/BiosId.env

================================================================================ 
Commit: 3bf203127561a6535fcf3c424888911dd5dac5ea 
Author: ClientSysFWGit <clientsysfwgit@intel.com> 
Date: Tue Jun 23 17:25:15 2020 +0530 
-------------------------------------------------------------------------------- 
Fixing BSOD caused in SPI + NVMe setup with 4245.00 BIOS label

Hsd-es-id: https://hsdes.intel.com/appstore/article/#/16011256714
Original commit date: Fri Jun 12 17:10:54 2020 +0530
Change-Id: Iaa6e6468197efa8f538a5a0e52f81ef4ab380dbd
Original commit hash: 8ce08923414971f3b487c5f255f9f38d496ba4eb

-------------------------------------------------------------------------------- 
[Changed Files]
LakeFieldPlatSamplePkg/Acpi/AcpiTables/SsdtRtd3/LkfURvp1Rtd3.asl
LakeFieldPlatSamplePkg/Acpi/AcpiTables/SsdtRtd3/LkfURvp2Rtd3.asl
LakeFieldPlatSamplePkg/Acpi/AcpiTables/SsdtRtd3/Rtd3PcieSsdStorage.asl

================================================================================ 
Commit: 9103d05fe31cdcb7b151ddf86209d4e1f4b7277f 
Author: ClientSysFWGit <clientsysfwgit@intel.com> 
Date: Tue Jun 23 17:25:13 2020 +0530 
-------------------------------------------------------------------------------- 
Changing BIOS ID to 4245.00 for WW24.5'2020 BIOS label

Hsd-es-id: NA
Original commit date: Fri Jun 12 09:29:48 2020 +0530
Change-Id: I90a6a931f3b9a27630b24cb15bab8c648212fba6
Original commit hash: ffa84b41c4d03491b7dbde739c5db4e46085da2d

-------------------------------------------------------------------------------- 
[Changed Files]
LakeFieldPlatSamplePkg/Tools/GenBiosId/BiosId.env

================================================================================ 
Commit: fdddd05db1a403687b1d406606039d54010802e2 
Author: ClientSysFWGit <clientsysfwgit@intel.com> 
Date: Tue Jun 23 17:25:11 2020 +0530 
-------------------------------------------------------------------------------- 
Adding new microcode m_10_806a1_00000027 for LKF B stepping

Hsd-es-id: https://hsdes.intel.com/appstore/article/#/1707235943
Original commit date: Fri Jun 12 09:20:34 2020 +0530
Change-Id: I71e5150cfc5825d330fae85b36a7c972dbebec48
Original commit hash: c1eaa41e81496cf81e4e0bfe6056c4eafaf1c278

-------------------------------------------------------------------------------- 
[Changed Files]
LakeFieldPlatSamplePkg/PlatformPkg.fdf

================================================================================ 
Commit: 83695aafebd83c8eca4e109552df22a83e87af02 
Author: ClientSysFWGit <clientsysfwgit@intel.com> 
Date: Tue Jun 23 17:25:08 2020 +0530 
-------------------------------------------------------------------------------- 
LKF IFWI B2/B3 [SPI+UFS] [20H1]Keyboard initialization failed after G3 from OS with IFWI WW17_1_01.

Testing:
Keyboard is working fine in pre OS. Added USB keyboard in Exception list.

Hsd-es-id: https://hsdes.intel.com/appstore/article/#/16011114748
Original commit date: Tue Jun 2 09:46:21 2020 +0530
Change-Id: Ic61ec8187b359239ba1788a397fefde8883aa9f0
Original commit hash: 32a384aa93352d78ee3a81877abea0043a5c49ab

-------------------------------------------------------------------------------- 
[Changed Files]
LakeFieldPlatSamplePkg/Features/VTd/PlatformVTdSampleDxe/PlatformVTdSampleDxe.c

================================================================================ 
Commit: 620cf0de69a3ce75583b34e24206a6a73650361d 
Author: ClientSysFWGit <clientsysfwgit@intel.com> 
Date: Tue Jun 23 17:25:06 2020 +0530 
-------------------------------------------------------------------------------- 
RVP2 NVMe configuration change in alignment with Levnovo

Hsd-es-id: https://hsdes.intel.com/appstore/article/#/16011169628
Original commit date: Tue Jun 2 22:07:41 2020 +0530
Change-Id: Ieac5b05fbab72ebd573220b348d3772ec0924aba
Original commit hash: 7c2223e02079c0a40a30703cb338ca5f46d7ce21

-------------------------------------------------------------------------------- 
[Changed Files]
LakeFieldPlatSamplePkg/Acpi/AcpiTables/AcpiPlatform/Dxe/AcpiPlatform.c
LakeFieldPlatSamplePkg/Acpi/AcpiTables/AcpiTables.inf
LakeFieldPlatSamplePkg/Acpi/AcpiTables/SsdtRtd3/LkfURvp1Rtd3.asl
LakeFieldPlatSamplePkg/Acpi/AcpiTables/SsdtRtd3/LkfURvp2Rtd3.asl
LakeFieldPlatSamplePkg/Acpi/AcpiTables/SsdtRtd3/Rtd3PcieNvme.asl
LakeFieldPlatSamplePkg/Acpi/AcpiTables/SsdtRtd3/Rtd3PcieSsdStorage.asl
LakeFieldPlatSamplePkg/Board/Include/OtherBoardConfigPatchTable.h
LakeFieldPlatSamplePkg/Board/Others/DxeBoardInitLib/BoardInitLib.c
LakeFieldPlatSamplePkg/Board/Others/PeiBoardInitLib/BoardInitLib.inf
LakeFieldPlatSamplePkg/Board/Others/PeiBoardInitLib/BoardInitPreMemLib.c
LakeFieldPlatSamplePkg/Board/Others/PeiBoardInitLib/BoardInitPreMemLib.inf
LakeFieldPlatSamplePkg/Features/Pep/AcpiTables/Pep.asl

================================================================================ 
Commit: 630dbd9069fc707e6f71745b1912c7453f990048 
Author: ClientSysFWGit <clientsysfwgit@intel.com> 
Date: Tue Jun 23 17:25:03 2020 +0530 
-------------------------------------------------------------------------------- 
[LKF] Change request to BIOS to NOT enabled DMA remapping for Gfx IOMMU when DMA Remapping is enabled in pre-OS environment

Hsd-es-id: 22010459075
Original commit date: Wed May 13 16:25:56 2020 +0530
Change-Id: Ibaf8168df0b825ca5487298687eae8a134376c58
Original commit hash: 6130ed623c0b75b548051c5fb52b79eaf06c38ea

-------------------------------------------------------------------------------- 
[Changed Files]
LakeFieldSiliconPkg/SystemAgent/SaInit/Dxe/SaAcpi.c
LakeFieldSiliconPkg/SystemAgent/SaInit/Dxe/SaInitDxe.c
LakeFieldSiliconPkg/SystemAgent/SaInit/Dxe/VTd.c
LakeFieldSiliconPkg/SystemAgent/SaInit/Dxe/VTd.h

================================================================================ 
Commit: afbe0f496b56ea55c67db7b9ef19e843ac1b3847 
Author: ClientSysFWGit <clientsysfwgit@intel.com> 
Date: Tue Jun 23 17:25:01 2020 +0530 
-------------------------------------------------------------------------------- 
[MRC 170.28.0.0][LKF] Poplar Changes for inclusion into IPU 2020.2

Hsd-es-id: 22010599648
Tracker Link: https://hsdes.intel.com/resource/22010599648

Original commit date: Thu Apr 30 20:36:01 2020 +0530
Change-Id: If31536842a4faed92a7a0467bcd889178308bc8a
Original commit hash: f95b29d37a6c9fdd29a64e75ddc6730e2d866889

-------------------------------------------------------------------------------- 
[Changed Files]
LakeFieldFspPkg/Library/PeiPolicyUpdatePreMemLib/PeiSaPolicyUpdatePreMem.c
LakeFieldFspPkg/Upd/FspmUpd.dsc
LakeFieldPlatSamplePkg/Include/SetupVariable.h
LakeFieldPlatSamplePkg/Library/PeiPolicyUpdateLib/PeiSaPolicyUpdatePreMem.c
LakeFieldPlatSamplePkg/Setup/SaSetup.hfr
LakeFieldPlatSamplePkg/Setup/SaSetup.uni
LakeFieldSiliconPkg/SystemAgent/Include/ConfigBlock/MemoryConfig.h
LakeFieldSiliconPkg/SystemAgent/Library/PeiSaPolicyLib/PeiSaPolicyLib.c
LakeFieldSiliconPkg/SystemAgent/Library/PeiSaPolicyLib/SaPrintPolicy.c
LakeFieldSiliconPkg/SystemAgent/MemoryInit/Include/MrcInterface.h
LakeFieldSiliconPkg/SystemAgent/MemoryInit/LibraryPrivate/PeiMemoryInitLib/Source/Api/MrcGeneral.c
LakeFieldSiliconPkg/SystemAgent/MemoryInit/LibraryPrivate/PeiMemoryInitLib/Source/Api/MrcGeneral.h
LakeFieldSiliconPkg/SystemAgent/MemoryInit/LibraryPrivate/PeiMemoryInitLib/Source/Include/MrcVersion.h
LakeFieldSiliconPkg/SystemAgent/MemoryInit/LibraryPrivate/PeiMemoryInitLib/Source/McConfiguration/MrcPowerModes.c
LakeFieldSiliconPkg/SystemAgent/MemoryInit/LibraryPrivate/PeiMemoryInitLib/Source/Services/MrcCrosser.c
LakeFieldSiliconPkg/SystemAgent/MemoryInit/LibraryPrivate/PeiMemoryInitLib/Source/Services/MrcMcConfiguration.c
LakeFieldSiliconPkg/SystemAgent/MemoryInit/MiniBios/MEMORY/MrcSetup.c

================================================================================ 
Commit: a002d1dc5f35f5278bb083dec1ca204f02c1c461 
Author: ClientSysFWGit <clientsysfwgit@intel.com> 
Date: Tue Jun 23 17:24:55 2020 +0530 
-------------------------------------------------------------------------------- 
Changing BIOS ID to 4224.00 for WW22.4'2020 BIOS label

Hsd-es-id: NA
Original commit date: Thu May 28 22:08:50 2020 +0530
Change-Id: I689f788796d829166190b4a55f48ffaa2a8da25d
Original commit hash: 68d66ecb55f222ac3f6bdde515500edc5fadee9a

-------------------------------------------------------------------------------- 
[Changed Files]
LakeFieldPlatSamplePkg/Tools/GenBiosId/BiosId.env

================================================================================ 
Commit: 2493114dd7d7dd65b63d2a7f0fa87be16a188744 
Author: ClientSysFWGit <clientsysfwgit@intel.com> 
Date: Tue Jun 23 17:24:53 2020 +0530 
-------------------------------------------------------------------------------- 
[MRC 169.28.0.0][LKF] to disable RMT for FastBoot

Hsd-es-id: 1507945072
Tracker Link : https://hsdes.intel.com/appstore/article/#/1507945072
Original commit date: Wed Apr 22 11:38:04 2020 +0530
Change-Id: Ice7297c0f56df1b0e7b1a31a42cd845ebc23213e
Original commit hash: 25d9848d11637d08754bba06e894ad4f4e3baf83

-------------------------------------------------------------------------------- 
[Changed Files]
LakeFieldSiliconPkg/SystemAgent/MemoryInit/LibraryPrivate/PeiMemoryInitLib/Source/Api/MrcStartMemoryConfiguration.c
LakeFieldSiliconPkg/SystemAgent/MemoryInit/LibraryPrivate/PeiMemoryInitLib/Source/Include/MrcVersion.h

================================================================================ 
Commit: 48b48f5cb5c79819684f597cd34a51c83f3b3020 
Author: ClientSysFWGit <clientsysfwgit@intel.com> 
Date: Tue Jun 23 17:24:51 2020 +0530 
-------------------------------------------------------------------------------- 
[LKF B2-SPI+UFS3.0][Security]: System Hangs at PC-1096 with Capsule update progress bar while trying Monolithic N to N  Capsule update from EFI Shell with BIOS 4191 on RVP1_SPI+UFS3.0

Testing:
Able to do capsule update.

Hsd-es-id: https://hsdes.intel.com/appstore/article/#/16011107742
Original commit date: Wed May 20 23:12:31 2020 +0530
Change-Id: I3de0c1dc8f3ad7fad6fac6a9ea707cf6f7d360d2
Original commit hash: 6419960273e5cc21f90338d38d69210b2e735c36

-------------------------------------------------------------------------------- 
[Changed Files]
LakeFieldSiliconPkg/Override/IntelSiliconPkg/Feature/VTd/IntelVTdPmrPei/IntelVTdPmrPei.c
LakeFieldSiliconPkg/Override/IntelSiliconPkg/Feature/VTd/IntelVTdPmrPei/IntelVTdPmrPei.inf
LakeFieldSiliconPkg/Override/IntelSiliconPkg/Feature/VTd/IntelVTdPmrPeiFsp/IntelVTdPmrPei.c
LakeFieldSiliconPkg/Override/IntelSiliconPkg/Feature/VTd/IntelVTdPmrPeiFsp/IntelVTdPmrPeiFsp.inf
