================================================================================ 
Commit: 1f98645c53fb61015fef13b02ef1145eaf39d100 
Author: ClientSysFWGit <clientsysfwgit@intel.com> 
Date: Tue Mar 21 13:00:15 2023 +0530 
-------------------------------------------------------------------------------- 
[ADLN] Updated the Minor ID from 06 to 07

[Feature Description]
Updated the Minor ID from 06 to 07 for label release

[Resolution]
Updated the Minor ID from 06 to 07 in BiosId.env for label release

Package/Module: [ADLN]

[Impacted Platform]
[ADLN]

Hsd-es-id: NA
Original commit date: Wed Dec 21 00:20:14 2022 -0800
Change-Id: I1ff84f94ccf617629e6133bcd8d6463694d42e9c
Original commit hash: b402fa288d158283ae8d2de8d863e42163513e05

-------------------------------------------------------------------------------- 
[Changed Files]
AlderLakeBoardPkg/BiosId.env

================================================================================ 
Commit: 70771889b3cf4635dbcd77e58723e8e6b88167ec 
Author: ClientSysFWGit <clientsysfwgit@intel.com> 
Date: Tue Mar 21 13:00:08 2023 +0530 
-------------------------------------------------------------------------------- 
Integrate ADLP GOP V1063

[Feature Description]
Integrate ADLP GOP V1063

Package/Module: GOP

[Impacted Platform]
ALL

Hsd-es-id: 16019230379
Original commit date: Tue Dec 20 14:25:19 2022 +0530
Change-Id: I2ac3ad5d6d0e7d75364753df726f58a579444ba5
Original commit hash: 5bdb9afd3e22ba20af4f2027f5ebed83dc05ec4e

-------------------------------------------------------------------------------- 
[Changed Files]
AlderLakeFspBinPkg/SampleCode/Vbt/VbtAdlP.bin
AlderLakeFspBinPkg/SampleCode/Vbt/VbtAdlP.json
ClientOneSiliconPkg/Fru/AdlCpu/Graphics/IntelGraphicsPeim/Binaries/IntelGraphicsPeimAdlP.efi
ClientOneSiliconPkg/Fru/AdlCpu/Graphics/IntelGraphicsPeim/Binaries/IntelGraphicsPeimAdlPDebug.efi

================================================================================ 
Commit: 438bdae6fb5bf72ce61cfa9dd0cb2a30ca2fc28c 
Author: ClientSysFWGit <clientsysfwgit@intel.com> 
Date: Tue Mar 21 13:00:02 2023 +0530 
-------------------------------------------------------------------------------- 
Update eMMC tuning EFI tool

Fix DDR50 speed switch flow and remove CMD13(switch check)
and CMD31(Write protection) checks as these commands are
not mandatory and CRC errors with these commands are expected
at higher speeds.

Package/Module:
Features/Storage/EmmcFeaturePkg

[Impacted Platform]
ADL-N

Hsd-es-id: 16019222323
Original commit date: Tue Dec 20 05:59:49 2022 +0530
Change-Id: I5267a1c5a18936fbc71a2c216717281fa8dfec9c
Original commit hash: f1807e917fbd28b2a5feba67e19a0c5007fe7adb

-------------------------------------------------------------------------------- 
[Changed Files]
Features/Storage/EmmcFeaturePkg/EmmcSoftwareTuningEfi/EmmcCardCommunicationEfi.c
Features/Storage/EmmcFeaturePkg/EmmcSoftwareTuningEfi/EmmcSoftwareTuningEfi.c
Features/Storage/EmmcFeaturePkg/EmmcSoftwareTuningEfi/EmmcSoftwareTuningEfi.h

================================================================================ 
Commit: 07a1ed902c8def062731c5d14cd18d7fee43427c 
Author: ClientSysFWGit <clientsysfwgit@intel.com> 
Date: Tue Mar 21 12:59:55 2023 +0530 
-------------------------------------------------------------------------------- 
Update Description for UfsEnable UPD

[Feature Description]
FSP code implementation of UfsEnable is an array as per
maximum capability of SOC, but help text is not clearly
explaining about controller enablement.

[Resolution]
Update UPD help text for UfsEnable for clear understanding

Package/Module:
FspPkg/Upd

[Impacted Platform]
ADL-P/M/N

Hsd-es-id: 16018972630
Original commit date: Mon Nov 28 16:14:44 2022 +0530
Change-Id: Iaed72bd1ad4d20293ce09c6e1147e01891d98537
Original commit hash: 7bfe695fcbd87446bf754e9f0cb5a70eab5c1d30

-------------------------------------------------------------------------------- 
[Changed Files]
AlderLakeFspPkg/Upd/FspsUpd.dsc

================================================================================ 
Commit: b3c9f16ac8d18b394abebcab44fe3cff5d1f2100 
Author: ClientSysFWGit <clientsysfwgit@intel.com> 
Date: Tue Mar 21 12:59:49 2023 +0530 
-------------------------------------------------------------------------------- 
W_DISABLE#2 de-assertion logic on PLDR timeout case

[Feature Description]
During Wi-Fi initiated Product PLDR abort flow, it is observed that BT
is disappearing. It is found that BT is disappearing when PLDR abort
timeout. Hence it required to de-assert W_Disable#2 on PLDR abort
timeout scenario to bring back Bluetooth.

Package/Module: ClientOneSiliconPkg

[Impacted Platform]
ADL

Hsd-es-id: 16018037866
Original commit date: Wed Aug 31 01:06:56 2022 +0530
Change-Id: I5810a1100561591ef30844e7d07aab301c3190ca
Original commit hash: 9c4ed2dcbe2d399402cf4bf76eb42214d8c8aa43

-------------------------------------------------------------------------------- 
[Changed Files]
ClientOneSiliconPkg/Fru/AdlPch/Include/AcpiTables/Dsdt/CnviAdl.asl

================================================================================ 
Commit: eddc7e717a4058688b0f40826cadc2780bbe984a 
Author: ClientSysFWGit <clientsysfwgit@intel.com> 
Date: Tue Mar 21 12:59:43 2023 +0530 
-------------------------------------------------------------------------------- 
Integrate ADLP GOP V1061

[Feature Description]
Integrate ADLP GOP V1061

Package/Module: GOP

[Impacted Platform]
ALL

Hsd-es-id: 16018992106
Original commit date: Mon Nov 28 13:14:03 2022 +0530
Change-Id: Id6f1fa1e6b0cfbbbce2db6339534c7b574bd8095
Original commit hash: a87ce8a9363659eb44e3aa918e403ad1045ae115

-------------------------------------------------------------------------------- 
[Changed Files]
ClientOneSiliconPkg/Fru/AdlCpu/Graphics/IntelGraphicsPeim/Binaries/IntelGraphicsPeimAdlP.efi
ClientOneSiliconPkg/Fru/AdlCpu/Graphics/IntelGraphicsPeim/Binaries/IntelGraphicsPeimAdlPDebug.efi

================================================================================ 
Commit: 50de307f9b6cba448681290992010b43b4696d3c 
Author: ClientSysFWGit <clientsysfwgit@intel.com> 
Date: Tue Mar 21 12:59:36 2023 +0530 
-------------------------------------------------------------------------------- 
[ADL-N]: Integrating latest Microcode 010

[Feature Description]
Integrating the latest Microcode 010 on ADL-N

[Resolution]
Updated the latest pdb file and updated the ucode version on BoardPkg

Package/Module: [ADL-N]

[Impacted Platform]
[ADL-N]

Hsd-es-id: NA
Original commit date: Tue Dec 20 02:30:10 2022 -0800
Change-Id: I5b62ca2345eda78c8fca80c8a419226e90ac7619
Original commit hash: 57939b0241230ac61b08f6dee31e7aebc55eaee2

-------------------------------------------------------------------------------- 
[Changed Files]
AlderLakeBoardPkg/BoardPkg.fdf

================================================================================ 
Commit: 8c494218d651e2985895ba07ee2f3e3496955121 
Author: ClientSysFWGit <clientsysfwgit@intel.com> 
Date: Tue Mar 21 12:59:29 2023 +0530 
-------------------------------------------------------------------------------- 
[ADLN] Updated the Minor ID from 05 to 06

[Feature Description]
Updated the Minor ID from 05 to 06 for label release

[Resolution]
Updated the Minor ID from 05 to 06 in BiosId.env for label release

Package/Module: [ADLN]

[Impacted Platform]
[ADLN]

Hsd-es-id: NA
Original commit date: Mon Nov 21 02:28:49 2022 -0800
Change-Id: Ie34e29c2c61f0fc85aaefd255ce42fd9e9f761cd
Original commit hash: b2e1d7bd13dee903ebe3cfdcfac8b24dd8a343c2

-------------------------------------------------------------------------------- 
[Changed Files]
AlderLakeBoardPkg/BiosId.env

================================================================================ 
Commit: 78d005b05d7ed4d8a9cb2edeed90b5839fcada35 
Author: ClientSysFWGit <clientsysfwgit@intel.com> 
Date: Tue Mar 21 12:59:23 2023 +0530 
-------------------------------------------------------------------------------- 
SMBIOS16 Info incorrect

[Issue/Feature Description]
maximum capacity shown in SMBIOS16 is not correct due to there is no memory slot map for adln and slots on mc1 are taken into account.

[Resolution]
Add slot map for adln boards.

Package/Module:

[Impacted Platform]
ADL-N

Hsd-es-id: 22015571850
Original commit date: Fri Aug 12 10:03:23 2022 +0800
Change-Id: I626576850a3e9395edf464f451ef67ad5da58a94
Original commit hash: 86d048b45e89578cc839437f8d04e4c2fd573151

-------------------------------------------------------------------------------- 
[Changed Files]
AlderLakePlatSamplePkg/Library/DxePolicyUpdateLib/DxeSaPolicyUpdate.c

================================================================================ 
Commit: 0bf490be0f17df2785bb4bd6256ddf936904b3c5 
Author: ClientSysFWGit <clientsysfwgit@intel.com> 
Date: Tue Mar 21 12:59:17 2023 +0530 
-------------------------------------------------------------------------------- 
Integrate ADLN GOP V1056

[Feature Description]
Integrate ADLN GOP V1056

Package/Module: GOP

[Impacted Platform]
ADL-N

Hsd-es-id: 16017993419
Original commit date: Fri Aug 19 18:14:02 2022 +0530
Change-Id: I0e868604e63982f56d24fe165fdd584213269806
Original commit hash: 4e53002e160d86d94349b123e618152bace93f80

-------------------------------------------------------------------------------- 
[Changed Files]
AlderLakeBoardPkg/BoardPkg.fdf
