================================================================================ 
Commit: 09a6f4ef032254cb6f5b6112f55292ac628cd780 
Author: ClientSysFWGit <clientsysfwgit@intel.com> 
Date: 2019-09-26 13:44:02 -0700 
-------------------------------------------------------------------------------- 
ICL BIOS ID minor version update to 3384.02

BIOS ID change from 3384.01 to 3384.02

Hsd-es-id: No-HSD
Original commit date: 2019-09-20 12:17:24 +0530
Change-Id: Icde8c77c544f835b17fb979454d25bba7baa959a
Original commit hash: 8a860b3260878192b5d8a2b556f88712e9d16a14

-------------------------------------------------------------------------------- 
[Changed Files]
IceLakePlatSamplePkg/Tools/GenBiosId/BiosId.env

================================================================================ 
Commit: 66500be6d8432b9423efd1dc97c0e7c19d29e165 
Author: ClientSysFWGit <clientsysfwgit@intel.com> 
Date: 2019-09-26 13:44:00 -0700 
-------------------------------------------------------------------------------- 
IceLakeSiliconPkg: Disable ExI clock gating before enabling HEEN to workaround ICP silicon bug
Modifying CLK_disable BIt number as updated in the HSD by the submitter.

Hsd-es-id: 14010034033

Original commit date: 2019-09-20 11:49:59 +0530
Change-Id: I50cca366a1d09939baa075bad9fac6f6897039c5
Original commit hash: 8fea2e21f2cf08109c6cbab82c4b169aef713998

-------------------------------------------------------------------------------- 
[Changed Files]
IceLakeSiliconPkg/Pch/Include/Register/PchRegsDci.h

================================================================================ 
Commit: 6c05006d0af807ec85b4f0c60adaa2807d3183dd 
Author: ClientSysFWGit <clientsysfwgit@intel.com> 
Date: 2019-09-26 13:43:59 -0700 
-------------------------------------------------------------------------------- 
[TeamCity] ICL Auto-Commit DailyUpdate_FSP/RC version CI Increment FSP Revision Number and reset FSP Build Number to 1

2019-09-19 20:46:32 -0700
Original commit date: 2019-09-19 20:46:32 -0700
Original commit hash: 3e707c8f635cf48f85a2db26451b3be314db1266

-------------------------------------------------------------------------------- 
[Changed Files]
IceLakeFspPkg/IceLakeFspPkg.dec
IceLakeSiliconPkg/SiPkg.dec

================================================================================ 
Commit: 7032d2ad6c8b08b6c93b1374ba108ba1e045cd6b 
Author: ClientSysFWGit <clientsysfwgit@intel.com> 
Date: 2019-09-26 13:43:58 -0700 
-------------------------------------------------------------------------------- 
[TeamCity] ICL Auto-Commit BIOS ID update CI

2019-09-19 20:27:49 -0700
Original commit date: 2019-09-19 20:27:49 -0700
Original commit hash: 2f600f883c553e1baaff787f45675a856c235897

-------------------------------------------------------------------------------- 
[Changed Files]
IceLakePlatSamplePkg/Tools/GenBiosId/BiosId.env

================================================================================ 
Commit: f42560c1dbc0edcf2a9d0fa42cd215ddf2f345a6 
Author: ClientSysFWGit <clientsysfwgit@intel.com> 
Date: 2019-09-26 13:43:57 -0700 
-------------------------------------------------------------------------------- 
[TeamCity] ICL Auto-Commit BIOS ID update CI

2019-09-19 17:28:06 -0700
Original commit date: 2019-09-19 17:28:06 -0700
Original commit hash: 046a4e4c0cc395329a9543e0af032217a429f9bc

-------------------------------------------------------------------------------- 
[Changed Files]
IceLakePlatSamplePkg/Tools/GenBiosId/BiosId.env

================================================================================ 
Commit: 156743c7379ba62e6a31fe87714115ff1b5f31a6 
Author: ClientSysFWGit <clientsysfwgit@intel.com> 
Date: 2019-09-26 13:43:56 -0700 
-------------------------------------------------------------------------------- 
IceLakeSiliconPkg: Disable ExI clock gating before enabling HEEN to workaround ICP silicon bug

Disable ExI clock gating before enabling HEEN to workaround ICP silicon bug

Hsd-es-id: 14010034033
Original commit date: 2019-09-19 14:09:35 -0700
Change-Id: Ib1afcf072c810a0d1419f4331f56070341eb2310
Original commit hash: 1c7376bce14dce8912f73267ca0c518d86790dc5

-------------------------------------------------------------------------------- 
[Changed Files]
IceLakeSiliconPkg/Pch/Include/Register/PchRegsDci.h
IceLakeSiliconPkg/Pch/Library/Private/PeiDxeSmmDciPrivateLib/PeiDciLib.c

================================================================================ 
Commit: 31fd44451fb62050eebfee5e1e2425f23bc770ef 
Author: ClientSysFWGit <clientsysfwgit@intel.com> 
Date: 2019-09-26 13:43:54 -0700 
-------------------------------------------------------------------------------- 
IceLakePlatformPkg:[ICL Y] PCH PM Test Configuration

PCH PM Test enabled by default for ICL Y

Hsd-es-id: 1507414858
Original commit date: 2019-09-19 11:54:51 -0700
Change-Id: I9594789e50d776825927fa5228956fb24d00aaf6
Original commit hash: 30f22d715f75ccdcb847976a9d48bd5f525987c7

-------------------------------------------------------------------------------- 
[Changed Files]
IceLakePlatSamplePkg/Board/Include/OtherBoardConfigPatchTable.h
IceLakePlatSamplePkg/Library/PeiPolicyUpdateLib/PeiPchPolicyUpdate.c
IceLakeSiliconPkg/Pch/Library/PeiPchPolicyLib/PeiPchPolicyLib.c

================================================================================ 
Commit: 259a8fdbf37061b2c7bddb0fcdc729e602dd7567 
Author: ClientSysFWGit <clientsysfwgit@intel.com> 
Date: 2019-09-26 13:43:53 -0700 
-------------------------------------------------------------------------------- 
Integrate New IceLake Microcode Patch 0x4a

Update Microcode Patch

Hsd-es-id: No HSD
Original commit date: 2019-09-19 12:33:20 -0700
Change-Id: I74d4abc5eee5bc2ac902a705c579d27486048ae7
Original commit hash: 63da3cde922f0576b88c3add1085657cacf670a7

-------------------------------------------------------------------------------- 
[Changed Files]
IceLakeOpenBoardPkg/IclUDdr4Type3Tcpd/OpenBoardPkg.fdf
IceLakePlatSamplePkg/PlatformPkg.fdf

================================================================================ 
Commit: dd63e78c3cb649419a9230694ecbfead0f4d9808 
Author: ClientSysFWGit <clientsysfwgit@intel.com> 
Date: 2019-09-26 13:43:52 -0700 
-------------------------------------------------------------------------------- 
[TeamCity] ICL Auto-Commit BIOS ID update CI

2019-09-18 20:35:52 -0700
Original commit date: 2019-09-18 20:35:52 -0700
Original commit hash: 2d09f3561513beae808a3bf407b11c9d688f3863

-------------------------------------------------------------------------------- 
[Changed Files]
IceLakePlatSamplePkg/Tools/GenBiosId/BiosId.env

================================================================================ 
Commit: b8af26d9c7f1de2b85ee23469a8533614af82039 
Author: ClientSysFWGit <clientsysfwgit@intel.com> 
Date: 2019-09-26 13:43:50 -0700 
-------------------------------------------------------------------------------- 
[TeamCity] ICL Auto-Commit DailyUpdate_FSP/RC version CI Increment FSP Revision Number and reset FSP Build Number to 1

2019-09-18 20:08:20 -0700
Original commit date: 2019-09-18 20:08:20 -0700
Original commit hash: b44b628109d0fc60c2bb4172eee986eb0600d01a

-------------------------------------------------------------------------------- 
[Changed Files]
IceLakeFspPkg/IceLakeFspPkg.dec
IceLakeSiliconPkg/SiPkg.dec

================================================================================ 
Commit: ab77a199f7e5ddc61cb65a52dfb29acc411e5d94 
Author: ClientSysFWGit <clientsysfwgit@intel.com> 
Date: 2019-09-26 13:43:49 -0700 
-------------------------------------------------------------------------------- 
[TeamCity] ICL Auto-Commit BIOS ID update CI

2019-09-17 20:23:12 -0700
Original commit date: 2019-09-17 20:23:12 -0700
Original commit hash: fb2d26965c28eb7aba5772c7e8f2407e88006914

-------------------------------------------------------------------------------- 
[Changed Files]
IceLakePlatSamplePkg/Tools/GenBiosId/BiosId.env

================================================================================ 
Commit: 5e3df9b9de3b1991fdadc050511a7f3abea80154 
Author: ClientSysFWGit <clientsysfwgit@intel.com> 
Date: 2019-09-26 13:43:48 -0700 
-------------------------------------------------------------------------------- 
[TeamCity] ICL Auto-Commit DailyUpdate_FSP/RC version CI Increment FSP Revision Number and reset FSP Build Number to 1

2019-09-17 20:07:46 -0700
Original commit date: 2019-09-17 20:07:46 -0700
Original commit hash: 32b043fc161a97d181b0622adf2835a6cf7f107e

-------------------------------------------------------------------------------- 
[Changed Files]
IceLakeFspPkg/IceLakeFspPkg.dec
IceLakeSiliconPkg/SiPkg.dec

================================================================================ 
Commit: 0f0657e4c5dd4b2ad54476d5a5baf3a1b904c57d 
Author: ClientSysFWGit <clientsysfwgit@intel.com> 
Date: 2019-09-26 13:43:47 -0700 
-------------------------------------------------------------------------------- 
[TeamCity] ICL Auto-Commit BIOS ID update CI

2019-09-17 10:34:16 -0700
Original commit date: 2019-09-17 10:34:16 -0700
Original commit hash: 290b335c18a6a2619aeea7a4eb3e741eaaa82d5b

-------------------------------------------------------------------------------- 
[Changed Files]
IceLakePlatSamplePkg/Tools/GenBiosId/BiosId.env

================================================================================ 
Commit: fbe330db3300f40bd221c20e4c86db8b7fc2843e 
Author: ClientSysFWGit <clientsysfwgit@intel.com> 
Date: 2019-09-26 13:43:46 -0700 
-------------------------------------------------------------------------------- 
UN/YN need to enable ITBT VTD by default

Hsd-es-id: 1507408738
Original commit date: 2019-09-17 12:06:15 +0800
Change-Id: I682e78d893748af96e0f484ced9bd0a717318137
Original commit hash: 5e10283cf629c90fa8427bf1bd78e54321ea8639

-------------------------------------------------------------------------------- 
[Changed Files]
IceLakePlatSamplePkg/Board/Include/OtherBoardConfigPatchTable.h
IceLakeSiliconPkg/SystemAgent/Library/PeiSaPolicyLib/PeiSaPolicyLib.c

================================================================================ 
Commit: a6461369e8d8602c0ed594706867c184069183e5 
Author: ClientSysFWGit <clientsysfwgit@intel.com> 
Date: 2019-09-26 13:43:44 -0700 
-------------------------------------------------------------------------------- 
[ICL]: Expose ADBG ACPI debug message to external customers

Remove restricted tag of TCSS ADBG messages.

Hsd-es-id: 2208224607
Original commit date: 2019-09-04 19:33:08 +0800
Change-Id: I06a3b4426f04f4cd83ac8b979af9002d915c601d
Original commit hash: 3f04ff24470405cf68ba7b98f0ef39a7372c3332

-------------------------------------------------------------------------------- 
[Changed Files]
IceLakePlatSamplePkg/Acpi/AcpiTables/Dsdt/DiscreteConnectivityReset.asl
IceLakePlatSamplePkg/Acpi/AcpiTables/Dsdt/PCIEDOCK.ASL
IceLakePlatSamplePkg/Acpi/AcpiTables/Dsdt/PinDriverLib.asl
IceLakePlatSamplePkg/Acpi/AcpiTables/Dsdt/Platform.asl
IceLakePlatSamplePkg/Acpi/AcpiTables/Dsdt/Wifi.asl
IceLakePlatSamplePkg/Acpi/AcpiTables/Dsdt/Wwan.asl
IceLakePlatSamplePkg/Acpi/AcpiTables/SsdtRtd3/IclHRvpRtd3.asl
IceLakePlatSamplePkg/Acpi/AcpiTables/SsdtRtd3/ZpoddDsm.asl
IceLakePlatSamplePkg/EC/Asl/EC.ASL
IceLakePlatSamplePkg/Features/Dptf/AcpiTables/Dptf.asl
IceLakePlatSamplePkg/Features/Dptf/AcpiTables/PchpParticipant.asl
IceLakePlatSamplePkg/Features/Dptf/AcpiTables/Sds/DptfSds.asl
IceLakePlatSamplePkg/Features/Dptf/AcpiTables/TPwrParticipant.asl
IceLakePlatSamplePkg/Features/OverClocking/OverclockInterface/OverclockInterfaceACPI.asl
IceLakePlatSamplePkg/Features/Pep/AcpiTables/Pep.asl
IceLakePlatSamplePkg/Features/Tbt/AcpiTables/DTbt.asl
IceLakeSiliconPkg/Pch/AcpiTables/Dsdt/PchHda.asl
IceLakeSiliconPkg/Pch/AcpiTables/Dsdt/PchHdaSoundWireCtrl.asl
IceLakeSiliconPkg/Pch/AcpiTables/Dsdt/PchRstPcieStorage.asl
IceLakeSiliconPkg/Pch/AcpiTables/Dsdt/PchSata.asl
IceLakeSiliconPkg/Pch/AcpiTables/Dsdt/PchScs.asl
IceLakeSiliconPkg/Pch/AcpiTables/Dsdt/PchXdci.asl
IceLakeSiliconPkg/Pch/AcpiTables/Dsdt/PchXhci.asl
IceLakeSiliconPkg/Pch/AcpiTables/Dsdt/Pmc.asl
IceLakeSiliconPkg/Pch/AcpiTables/Dsdt/RstRaid.asl
IceLakeSiliconPkg/SystemAgent/AcpiTables/HostBus.asl
IceLakeSiliconPkg/SystemAgent/AcpiTables/TcssSsdt/TcssDma.asl
IceLakeSiliconPkg/SystemAgent/AcpiTables/TcssSsdt/TcssItbtPcieRp.asl
IceLakeSiliconPkg/SystemAgent/AcpiTables/TcssSsdt/TcssSsdt.asl
IceLakeSiliconPkg/SystemAgent/AcpiTables/TcssSsdt/TcssXdci.asl
IceLakeSiliconPkg/SystemAgent/AcpiTables/TcssSsdt/TcssXhci.asl

================================================================================ 
Commit: 4f4d9ba393ee85dd770a91783ebc4e23d697d781 
Author: ClientSysFWGit <clientsysfwgit@intel.com> 
Date: 2019-09-26 13:43:42 -0700 
-------------------------------------------------------------------------------- 
TBT cannot be assigned the expected buses in pre-boot environment

Count the consumer for root port, upstream port, and downstream port in the calculation.

Hsd-es-id: 1707066793
Original commit date: 2019-09-12 15:23:57 +0800
Change-Id: Id0ce72fae73987231234bcc2ed5f191f1f9a1183
Original commit hash: 8727d6c9c962a6c7331773af108dc9bf3242f375

-------------------------------------------------------------------------------- 
[Changed Files]
IceLakePlatSamplePkg/Platform/PciHotPlug/PciHotPlug.c
IceLakePlatSamplePkg/Platform/PciHotPlug/PciHotPlug.h
IceLakePlatSamplePkg/Platform/PciHotPlug/PciHotPlugHelpers.c
IceLakePlatSamplePkg/Platform/PciHotPlug/PciHotPlugHelpers.h

================================================================================ 
Commit: 201a12744792d2ee4f76bf24761cce252caadc5c 
Author: ClientSysFWGit <clientsysfwgit@intel.com> 
Date: 2019-09-26 13:43:41 -0700 
-------------------------------------------------------------------------------- 
[TeamCity] ICL Auto-Commit BIOS ID update CI

2019-09-16 20:32:22 -0700
Original commit date: 2019-09-16 20:32:22 -0700
Original commit hash: 7a3df07ff9fd2f838257390793f799735c7f553a

-------------------------------------------------------------------------------- 
[Changed Files]
IceLakePlatSamplePkg/Tools/GenBiosId/BiosId.env

================================================================================ 
Commit: 5685ba31d5236a93ad4011256fe5374e7c73915b 
Author: ClientSysFWGit <clientsysfwgit@intel.com> 
Date: 2019-09-26 13:43:40 -0700 
-------------------------------------------------------------------------------- 
[TeamCity] ICL Auto-Commit WeeklyUpdate_FSP/RC version CI Increment FSP Revision Number and reset FSP Build Number to 1

2019-09-16 20:25:34 -0700
Original commit date: 2019-09-16 20:25:34 -0700
Original commit hash: 1e35e49991caf9517c5ab8fd403e809428a2fcd4

-------------------------------------------------------------------------------- 
[Changed Files]
IceLakeFspPkg/IceLakeFspPkg.dec
IceLakeSiliconPkg/SiPkg.dec

================================================================================ 
Commit: 4d55f7ac3beca946e8be7f2c5c38215220d9112b 
Author: ClientSysFWGit <clientsysfwgit@intel.com> 
Date: 2019-09-26 13:43:38 -0700 
-------------------------------------------------------------------------------- 
[TeamCity] ICL Auto-Commit DailyUpdate_FSP/RC version CI Increment FSP Revision Number and reset FSP Build Number to 1

2019-09-16 20:05:08 -0700
Original commit date: 2019-09-16 20:05:08 -0700
Original commit hash: c2afe4c2b0025409d5e70aea7cfb56a2385f6765

-------------------------------------------------------------------------------- 
[Changed Files]
IceLakeFspPkg/IceLakeFspPkg.dec
IceLakeSiliconPkg/SiPkg.dec

================================================================================ 
Commit: 11177782618eca7101a9e97ce5dc4387beba22fe 
Author: ClientSysFWGit <clientsysfwgit@intel.com> 
Date: 2019-09-26 13:43:37 -0700 
-------------------------------------------------------------------------------- 
[TeamCity] ICL Auto-Commit DailyUpdate_FSP/RC version CI Increment FSP Revision Number and reset FSP Build Number to 1

2019-09-15 20:33:33 -0700
Original commit date: 2019-09-15 20:33:33 -0700
Original commit hash: 0a0a3363a332071a4531e62b3ba6d8ae0935d5e2

-------------------------------------------------------------------------------- 
[Changed Files]
IceLakeFspPkg/IceLakeFspPkg.dec
IceLakeSiliconPkg/SiPkg.dec

================================================================================ 
Commit: 055d491f8478dcc61831e580a84f8cfbc2783dfb 
Author: ClientSysFWGit <clientsysfwgit@intel.com> 
Date: 2019-09-26 13:43:36 -0700 
-------------------------------------------------------------------------------- 
[TeamCity] ICL Auto-Commit BIOS ID update CI

2019-09-15 20:21:57 -0700
Original commit date: 2019-09-15 20:21:57 -0700
Original commit hash: 7c982c2bce2ef06b1032891342c9bf51011233c5

-------------------------------------------------------------------------------- 
[Changed Files]
IceLakePlatSamplePkg/Tools/GenBiosId/BiosId.env

================================================================================ 
Commit: cdbbc99f121b56e74c05006841bfea4bd4902a17 
Author: ClientSysFWGit <clientsysfwgit@intel.com> 
Date: 2019-09-26 13:43:35 -0700 
-------------------------------------------------------------------------------- 
[TeamCity] ICL Auto-Commit BIOS ID update CI

2019-09-14 20:28:23 -0700
Original commit date: 2019-09-14 20:28:23 -0700
Original commit hash: bbbfa47307892e64e090ba492567a9b74c92fe99

-------------------------------------------------------------------------------- 
[Changed Files]
IceLakePlatSamplePkg/Tools/GenBiosId/BiosId.env

================================================================================ 
Commit: 82f07da377d05f608c570aafae0b772c7071397b 
Author: ClientSysFWGit <clientsysfwgit@intel.com> 
Date: 2019-09-26 13:43:33 -0700 
-------------------------------------------------------------------------------- 
[TeamCity] ICL Auto-Commit DailyUpdate_FSP/RC version CI Increment FSP Revision Number and reset FSP Build Number to 1

2019-09-14 20:20:48 -0700
Original commit date: 2019-09-14 20:20:48 -0700
Original commit hash: 9c7da303b9ceb547344f5018fa24ba2bb8698383

-------------------------------------------------------------------------------- 
[Changed Files]
IceLakeFspPkg/IceLakeFspPkg.dec
IceLakeSiliconPkg/SiPkg.dec

================================================================================ 
Commit: b90b912272601c50543060754cc58c30e84c2ac2 
Author: ClientSysFWGit <clientsysfwgit@intel.com> 
Date: 2019-09-26 13:43:32 -0700 
-------------------------------------------------------------------------------- 
[TeamCity] ICL Auto-Commit BIOS ID update CI

2019-09-13 20:20:19 -0700
Original commit date: 2019-09-13 20:20:19 -0700
Original commit hash: 4127bb12f8d1706159504aecc0042f9c82cc202c

-------------------------------------------------------------------------------- 
[Changed Files]
IceLakePlatSamplePkg/Tools/GenBiosId/BiosId.env

================================================================================ 
Commit: b45911b18732b473b6672a0e5c501302641e259e 
Author: ClientSysFWGit <clientsysfwgit@intel.com> 
Date: 2019-09-26 13:43:30 -0700 
-------------------------------------------------------------------------------- 
[TeamCity] ICL Auto-Commit DailyUpdate_FSP/RC version CI Increment FSP Revision Number and reset FSP Build Number to 1

2019-09-13 20:07:26 -0700
Original commit date: 2019-09-13 20:07:26 -0700
Original commit hash: 76caaa7c13a10a4310277dfffede3161313c75fa

-------------------------------------------------------------------------------- 
[Changed Files]
IceLakeFspPkg/IceLakeFspPkg.dec
IceLakeSiliconPkg/SiPkg.dec

================================================================================ 
Commit: 55d9ea63b93cbda4de46c7014fc0b6646567c2e4 
Author: ClientSysFWGit <clientsysfwgit@intel.com> 
Date: 2019-09-26 13:43:29 -0700 
-------------------------------------------------------------------------------- 
ICL [ICP-PCH] New ICL Platform VR POR file WW3219

Fixed typo with Cpu Identifier name

Hsd-es-id: 1409771215
Original commit date: 2019-09-11 13:20:41 -0700
Change-Id: Icddbf72fae4dc95c058f69ba1f13414b19e37954
Original commit hash: b03b41dae95ec5a9990a3a5bfe5c16f9c08e6508

-------------------------------------------------------------------------------- 
[Changed Files]
IceLakeSiliconPkg/Cpu/Library/Private/PeiCpuPowerMgmtLib/PowerLimits.c

================================================================================ 
Commit: eb35918f9a225af659dae188f041f6c2e45592dd 
Author: ClientSysFWGit <clientsysfwgit@intel.com> 
Date: 2019-09-26 13:43:28 -0700 
-------------------------------------------------------------------------------- 
[TeamCity] ICL Auto-Commit BIOS ID update CI

2019-09-12 20:20:25 -0700
Original commit date: 2019-09-12 20:20:25 -0700
Original commit hash: e57b8be97d7f7230d1029e934c46b45549601765

-------------------------------------------------------------------------------- 
[Changed Files]
IceLakePlatSamplePkg/Tools/GenBiosId/BiosId.env

================================================================================ 
Commit: 57f6ef4c397052e8deb65b0bdf385ec8d7a0295c 
Author: ClientSysFWGit <clientsysfwgit@intel.com> 
Date: 2019-09-26 13:43:25 -0700 
-------------------------------------------------------------------------------- 
[TeamCity] ICL Auto-Commit DailyUpdate_FSP/RC version CI Increment FSP Revision Number and reset FSP Build Number to 1

2019-09-12 20:08:04 -0700
Original commit date: 2019-09-12 20:08:04 -0700
Original commit hash: ea52d3596a5fc4f76b9b39695cd337627a581744

-------------------------------------------------------------------------------- 
[Changed Files]
IceLakeFspPkg/IceLakeFspPkg.dec
IceLakeSiliconPkg/SiPkg.dec
