================================================================================ 
Commit: b1f42836832436a4ef17df10dc2fb175f2cbadb0 
Author: ClientSysFWGit <clientsysfwgit@intel.com> 
Date: Tue Apr 19 18:12:09 2022 +0530 
-------------------------------------------------------------------------------- 
Updated dsc files for ADL N

-------------------------------------------------------------------------------- 
[Changed Files]
AlderLakeBoardPkg/AlderLakeNBoards/BoardVpdPcdsInit/SkuIdAdlNDdr4Rvp.dsc
AlderLakeBoardPkg/AlderLakeNBoards/BoardVpdPcdsInit/SkuIdAdlNDdr5Rvp.dsc
AlderLakeBoardPkg/AlderLakeNBoards/BoardVpdPcdsInit/SkuIdAdlNLp5Erb.dsc
AlderLakeBoardPkg/AlderLakeNBoards/BoardVpdPcdsInit/SkuIdAdlNLp5Rvp.dsc

================================================================================ 
Commit: 2388b65537bfbbb522283825cd689517f8928eb7 
Author: ClientSysFWGit <clientsysfwgit@intel.com> 
Date: Tue Apr 19 18:06:33 2022 +0530 
-------------------------------------------------------------------------------- 
[ADLN] Update minor ID to 01

Several lines of description for the change.

Hsd-es-id: <HSD-ES bug/ise id>
Original commit date: Tue Apr 5 18:52:57 2022 +0530
Change-Id: Ie69547a89cd7ad068488faaa5ac4a76cdcd2da6e
Original commit hash: 9de9fb37cadcf8c477ce70af35d3e0c6c191e0ca

-------------------------------------------------------------------------------- 
[Changed Files]
AlderLakeBoardPkg/BiosId.env

================================================================================ 
Commit: 5c46806b99a4298abb9c63d4cc2cdeebbf960952 
Author: ClientSysFWGit <clientsysfwgit@intel.com> 
Date: Tue Apr 19 18:06:30 2022 +0530 
-------------------------------------------------------------------------------- 
[ADLN]:I2C touch pannel not working after resuming from Sx.

Changed Interrupt pin Gpio Configurations
1.GpioHostOwnAcpi->GpioHostOwnGpio
2.GpioPlatformReset->GpioDeepHostReset

Hsd-es-id: 16016258307
Original commit date: Fri Apr 1 13:10:59 2022 +0530
Change-Id: I22e037e2c5978f88466ca4f4a56f044fdb55c9eb
Original commit hash: 9d044ef47fa576c7b10d28594ef00d23fc6514dd

-------------------------------------------------------------------------------- 
[Changed Files]
AlderLakeBoardPkg/AlderLakeNBoards/BoardVpdPcdsInit/SkuIdAdlNDdr4Rvp.dsc
AlderLakeBoardPkg/AlderLakeNBoards/BoardVpdPcdsInit/SkuIdAdlNDdr5Rvp.dsc
AlderLakeBoardPkg/AlderLakeNBoards/BoardVpdPcdsInit/SkuIdAdlNLp5Erb.dsc
AlderLakeBoardPkg/AlderLakeNBoards/BoardVpdPcdsInit/SkuIdAdlNLp5Rvp.dsc
