================================================================================ 
Commit: de2a5afbbd36fe7cecb3152258b29c99c8c169a6 
Author: ClientSysFWGit <clientsysfwgit@intel.com> 
Date: Thu Oct 8 15:25:32 2020 -0700 
-------------------------------------------------------------------------------- 
Update SiPkg.dec for 3412

-------------------------------------------------------------------------------- 
[Changed Files]
ClientOneSiliconPkg/SiPkg.dec

================================================================================ 
Commit: 373548526154fecfed4bc9471ea04ef4fd6e094b 
Author: ClientSysFWGit <clientsysfwgit@intel.com> 
Date: Thu Oct 8 14:32:00 2020 -0700 
-------------------------------------------------------------------------------- 
[TeamCity] TGL Auto-Commit BIOS ID update TGLMaster BIOS Version to 3412_01

Hsd-es-id: no sighting
Original commit date: Tue Oct 6 14:27:42 2020 -0700
Change-Id: I59c6d0e1b9d3ebf5146444c5b876d4cfcf371d98
Original commit hash: 02d42467efd3bef344836ffb3aba03ab6482e7ee

-------------------------------------------------------------------------------- 
[Changed Files]
TigerLakeBoardPkg/BiosId.env

================================================================================ 
Commit: 8e1187617558ebe3823a2cb254b02998753de9c5 
Author: ClientSysFWGit <clientsysfwgit@intel.com> 
Date: Thu Oct 8 14:31:49 2020 -0700 
-------------------------------------------------------------------------------- 
[TeamCity] TGL Auto-Commit DailyUpdate_FSP/RC TGLMaster

Hsd-es-id: no sighting
Original commit date: Tue Oct 6 14:20:43 2020 -0700
Change-Id: I67d9cb49d9a2552f0d130408fa8411d872bdd5b8
Original commit hash: bcdadcced0572c8d2da74963ee341bf4377746fe

-------------------------------------------------------------------------------- 
[Changed Files]
TigerLakeFspPkg/TigerLakeFspPkg.dec

================================================================================ 
Commit: 439264bbb14297c4541063fd758a0af356340c02 
Author: ClientSysFWGit <clientsysfwgit@intel.com> 
Date: Thu Oct 8 14:31:39 2020 -0700 
-------------------------------------------------------------------------------- 
Need update to Chipset Init for Power On ( for Both PCIe X4/16 & DMI X8 families) - Remove 1 more CDR BIOS write

Hsd-es-id: 16011879319
Original commit date: Mon Oct 5 14:51:17 2020 +0530
Change-Id: Ia34729d3ccb0939e95c5ddbc022c03faac5526d4
Original commit hash: 21873deea9d31ea9dadada7501e8ff2b094dae7c

-------------------------------------------------------------------------------- 
[Changed Files]
ClientOneSiliconPkg/Fru/TglCpu/CpuDmi/LibraryPrivate/PeiCpuDmiDekelInitLib/PeiCpuDmiDekelInitLib.c
ClientOneSiliconPkg/Fru/TglCpu/CpuPcieRp/LibraryPrivate/PeiCpuPcieDekelInitLib/PeiCpuPcieDekelInitLib.c

================================================================================ 
Commit: 16bac3a3b1b3fa0352f6f8ef2a16a6f4eca7eca3 
Author: ClientSysFWGit <clientsysfwgit@intel.com> 
Date: Thu Oct 8 14:31:27 2020 -0700 
-------------------------------------------------------------------------------- 
[TGL_H_DC2][P0][20H1]][CONS]: System is not achieving PC10 & SLP-S0>0% in CS(dGFX/ HG Cards)

Hsd-es-id: 14012550553
Original commit date: Fri Sep 25 22:43:54 2020 +0530
Change-Id: I93191a2ffb6bf1cfa757f50df0404e223631cb47
Original commit hash: 0662602ed6a61d78cbb93fe72bb5d0c21d9bdf2c

-------------------------------------------------------------------------------- 
[Changed Files]
TigerLakeBoardPkg/Acpi/AcpiTables/SsdtRtd3/TglHRvpRtd3.asl
TigerLakeBoardPkg/TigerLakeHBoards/Include/TigerLakeHBoardConfigPatchTable.h
TigerLakePlatSamplePkg/Setup/SaSetup.hfr

================================================================================ 
Commit: ede72ce5673eab04fde4eb3112209eea39d14a32 
Author: ClientSysFWGit <clientsysfwgit@intel.com> 
Date: Thu Oct 8 14:31:14 2020 -0700 
-------------------------------------------------------------------------------- 
Revert "[D12+] BIOS programming for Audio Link -- 8T mode, pull-in 0, analog IO settings"

This reverts commit 4f4085356e1359c7cd0dc3e4139e7584455b1a66.

Hsd-es-id: 14012640282
Original commit date: Tue Oct 6 02:05:46 2020 -0700
Change-Id: I4196e85a83151fafded647735b2897e3a91f9ccd
Original commit hash: e72b203bc3e11801516fc9480b24fd9cf6e8f763

-------------------------------------------------------------------------------- 
[Changed Files]
ClientOneSiliconPkg/Fru/TglCpu/IncludePrivate/Register/IgdRegs.h
ClientOneSiliconPkg/IpBlock/Graphics/LibraryPrivate/PeiDisplayInitLibGen12/PeiDisplayInitLib.c
ClientOneSiliconPkg/IpBlock/Hda/LibraryPrivate/PeiHdaInitLib/PeiHdaInitLib.c
TigerLakePlatSamplePkg/Setup/PchSetup.hfr

================================================================================ 
Commit: 1f609aefa7257348b2871fd2ec4d776f5d3d488f 
Author: ClientSysFWGit <clientsysfwgit@intel.com> 
Date: Thu Oct 8 14:31:00 2020 -0700 
-------------------------------------------------------------------------------- 
[TGL][VMD]Correction required for the code changes done for Global Mapping policy.

Hsd-es-id: 14012653418
Original commit date: Thu Oct 1 17:23:09 2020 -0700
Change-Id: I1b6d9a8c8c4bb8d2129f1c679383a84338045f76
Original commit hash: c645f2c4ab6210017cf79ea624560c81b90023c3

-------------------------------------------------------------------------------- 
[Changed Files]
ClientOneSiliconPkg/IpBlock/Vmd/LibraryPrivate/PeiVmdInitLib/PeiVmdInit.c
TigerLakeFspPkg/Library/PeiPolicyUpdateLib/PeiSaPolicyUpdate.c
TigerLakePlatSamplePkg/Include/SetupVariable.h

================================================================================ 
Commit: 425b42e10f49c22b09ba815caa8eb3dbf67d4893 
Author: ClientSysFWGit <clientsysfwgit@intel.com> 
Date: Thu Oct 8 14:30:48 2020 -0700 
-------------------------------------------------------------------------------- 
[TeamCity] TGL Auto-Commit DailyUpdate_FSP/RC TGLMaster

Hsd-es-id: no sighting
Original commit date: Tue Oct 6 12:22:29 2020 -0700
Change-Id: I4f646279e4433c163505d47568a4735e77c1a2bb
Original commit hash: f2ab5133eff66fb735ea26068b906a2716fdc56b

-------------------------------------------------------------------------------- 
[Changed Files]
TigerLakeFspPkg/TigerLakeFspPkg.dec

================================================================================ 
Commit: 768aaa9935d5cb3e97657fb74a26de573f1ca06a 
Author: ClientSysFWGit <clientsysfwgit@intel.com> 
Date: Thu Oct 8 14:30:41 2020 -0700 
-------------------------------------------------------------------------------- 
[TeamCity] TGL Auto-Commit BIOS ID update TGLMaster BIOS Version to 3412_00

Hsd-es-id: no sighting
Original commit date: Tue Oct 6 12:22:19 2020 -0700
Change-Id: I3ffe3340a11636635627281e72f9abca992e515d
Original commit hash: 8e9f5227e385deb0d9e33f127fc73456f866115d

-------------------------------------------------------------------------------- 
[Changed Files]
TigerLakeBoardPkg/BiosId.env

================================================================================ 
Commit: 5222c6878ea885c800d049b236cefbbf80dc6434 
Author: ClientSysFWGit <clientsysfwgit@intel.com> 
Date: Thu Oct 8 14:30:36 2020 -0700 
-------------------------------------------------------------------------------- 
[TGL] eDP display observed along with external display connected via graphics card with BIOS option selected to PEG(Primary Display)
  - reading Slot Status Register 0x1A is causing the error.
  - Address 0x5A bit 6 indicates whether a device is connected or not, so Slot status should read from 0x5A

Hsd-es-id: 16011767433
Original commit date: Wed Sep 23 17:58:52 2020 +0530
Change-Id: Ibdfd93fd0dfdc977d5a1a1a01b01af9c292d7d8e
Original commit hash: 4df8b8180611d227b28c9ffb10fc48c283f616dd

-------------------------------------------------------------------------------- 
[Changed Files]
ClientOneSiliconPkg/IpBlock/CpuPcieRp/LibraryPrivate/PeiCpuPcieVgaInitLib/PeiCpuPcieVgaInit.c
TigerLakeFspPkg/TigerLakeFspPkg.fdf

================================================================================ 
Commit: 77d365282600a6c7b7716e6f4e5b53ce71e7c2ff 
Author: ClientSysFWGit <clientsysfwgit@intel.com> 
Date: Thu Oct 8 14:30:30 2020 -0700 
-------------------------------------------------------------------------------- 
Update to TigerLake B0 Unified (uCode+Punit) Production Patch 0x68

Hsd-es-id: 22011497579
Original commit date: Mon Oct 5 10:59:12 2020 -0700
Change-Id: I63b3649a248d80baeb64c76711ac922e70cf189c
Original commit hash: dd81039c2f22758b8a644d3cff1d315f0e59d0db

-------------------------------------------------------------------------------- 
[Changed Files]
TigerLakeBoardPkg/BoardPkg.fdf

================================================================================ 
Commit: b0098ec831e3a500bd041a6d1d8afc4881ab9b9a 
Author: ClientSysFWGit <clientsysfwgit@intel.com> 
Date: Thu Oct 8 14:30:23 2020 -0700 
-------------------------------------------------------------------------------- 
Removed clearing IOP VT-d BAR when pre-boot DMA protection is not enabled

Changes:
1. Removed code which clears VTD3 BAR when pre-boot DMA protection is not enabled.
2. Changed a condition which checks whether pre-boot DMA protection is enabled.

Hsd-es-id: 22011484067
Original commit date: Wed Sep 30 08:50:24 2020 +0200
Change-Id: I4448c1045ee5e61fca8f369873ee09a9078ac3f7
Original commit hash: 7f15cbbac8e012eb86fb87669adb93f8be2c0e1c

-------------------------------------------------------------------------------- 
[Changed Files]
ClientOneSiliconPkg/IpBlock/Vtd/LibraryPrivate/PeiVtdInitLib/PeiVtdInitLib.c

================================================================================ 
Commit: 34e2c0d9ff8127fa8f046ca8658caf6d6c0b0a1c 
Author: ClientSysFWGit <clientsysfwgit@intel.com> 
Date: Thu Oct 8 14:30:16 2020 -0700 
-------------------------------------------------------------------------------- 
[TGL][ADL-P] BIOS shall set ECReplay indication to PMC for S5 cycle.

Remove "BOOT_ON_S5_RESUME" condition to meet spec.

Hsd-es-id: 22011483624
Original commit date: Mon Oct 5 13:15:33 2020 +0800
Change-Id: I138b1c49556e8f03dd607cd8223db87e476502a1
Original commit hash: fcb81b336d634ad50440d10cc2668e26b138aea0

-------------------------------------------------------------------------------- 
[Changed Files]
ClientOneSiliconPkg/IpBlock/Tcss/LibraryPrivate/PeiTcssInitLib/TcssInit.c

================================================================================ 
Commit: c88be3506422ee529a0576522cb2369e009d9fd0 
Author: ClientSysFWGit <clientsysfwgit@intel.com> 
Date: Thu Oct 8 14:30:10 2020 -0700 
-------------------------------------------------------------------------------- 
[TeamCity] TGL Auto-Commit BIOS ID update TGLMaster BIOS Version to 3411_00

Hsd-es-id: no sighting
Original commit date: Mon Oct 5 11:51:00 2020 -0700
Change-Id: Ibfb857f1803f5040f4c18b27f96c1971fac4e284
Original commit hash: 0afc0f2bdbf83ea394a27be8c9bf43d8810bdaf4

-------------------------------------------------------------------------------- 
[Changed Files]
TigerLakeBoardPkg/BiosId.env

================================================================================ 
Commit: 432c7c42ffd3b846cc320943898035f76b29b49c 
Author: ClientSysFWGit <clientsysfwgit@intel.com> 
Date: Thu Oct 8 14:30:03 2020 -0700 
-------------------------------------------------------------------------------- 
[TeamCity] TGL Auto-Commit DailyUpdate_FSP/RC TGLMaster

Hsd-es-id: no sighting
Original commit date: Mon Oct 5 11:50:28 2020 -0700
Change-Id: I33ca37fec721268027c94113935f31636f77f59a
Original commit hash: 02dfef7bf8c8ee79a060be455c0a4285a44f3414

-------------------------------------------------------------------------------- 
[Changed Files]
TigerLakeFspPkg/TigerLakeFspPkg.dec

================================================================================ 
Commit: d08c2753745908feac0d71a6c08fc4ce8555a574 
Author: ClientSysFWGit <clientsysfwgit@intel.com> 
Date: Thu Oct 8 14:29:57 2020 -0700 
-------------------------------------------------------------------------------- 
[TeamCity] TGL Auto-Commit BIOS ID update TGLMaster BIOS Version to 3407_00

Hsd-es-id: no sighting
Original commit date: Sun Oct 4 12:16:44 2020 -0700
Change-Id: I7e5127df4c5bde8f3c98665c23ea02a8b0776041
Original commit hash: 7e386f7cb3daa9127094e6a9c5cb2bf41bd39dea

-------------------------------------------------------------------------------- 
[Changed Files]
TigerLakeBoardPkg/BiosId.env

================================================================================ 
Commit: 9a32ba6a76211224b1b157bf39fb7d61cb568be7 
Author: ClientSysFWGit <clientsysfwgit@intel.com> 
Date: Thu Oct 8 14:29:51 2020 -0700 
-------------------------------------------------------------------------------- 
[TeamCity] TGL Auto-Commit WeeklyUpdate_FSP/RC TGLMaster

Hsd-es-id: no sighting
Original commit date: Sun Oct 4 12:16:04 2020 -0700
Change-Id: If00c42d337b9f1294d53455874b86d0df244b592
Original commit hash: d9dbabf521a3f3926ae9a00f90504a08ff1921d8

-------------------------------------------------------------------------------- 
[Changed Files]
TigerLakeFspPkg/TigerLakeFspPkg.dec

================================================================================ 
Commit: fc6b5ec5506450f0c55242a86b35c05efbf6fcd7 
Author: ClientSysFWGit <clientsysfwgit@intel.com> 
Date: Thu Oct 8 14:29:44 2020 -0700 
-------------------------------------------------------------------------------- 
[TeamCity] TGL Auto-Commit BIOS ID update TGLMaster BIOS Version to 3406_00

Hsd-es-id: no sighting
Original commit date: Sat Oct 3 11:05:07 2020 -0700
Change-Id: I7b95da984cbb7e3b438fa834ac9fb4b4df418577
Original commit hash: 8756f8c39495e6f98350ba4b6e8cbecb52416901

-------------------------------------------------------------------------------- 
[Changed Files]
TigerLakeBoardPkg/BiosId.env

================================================================================ 
Commit: dc254ffc43e13802c6c94d6119c6454e6655c3a7 
Author: ClientSysFWGit <clientsysfwgit@intel.com> 
Date: Thu Oct 8 14:29:38 2020 -0700 
-------------------------------------------------------------------------------- 
[TeamCity] TGL Auto-Commit DailyUpdate_FSP/RC TGLMaster

Hsd-es-id: no sighting
Original commit date: Sat Oct 3 11:04:19 2020 -0700
Change-Id: I610142a7537086f4a14eb39153255304a35ff2cc
Original commit hash: c4ec3b3c5a1bb661f0c3a373636cd15eb2a696db

-------------------------------------------------------------------------------- 
[Changed Files]
TigerLakeFspPkg/TigerLakeFspPkg.dec

================================================================================ 
Commit: 54be005e95c0d0d10cee32541489b598b62820e4 
Author: ClientSysFWGit <clientsysfwgit@intel.com> 
Date: Thu Oct 8 14:29:31 2020 -0700 
-------------------------------------------------------------------------------- 
Updated Microcode patch for P0 Unified (uCode+Punit) Production Patch 0x42

Hsd-es-id: 14012606076
Original commit date: Mon Sep 28 14:04:04 2020 -0700
Change-Id: I5ce773db2619935cc642c9ba5d39468639a0c2f7
Original commit hash: 7ac63fdfeaabc5a579407b8b201a4f207fd9fe0b

-------------------------------------------------------------------------------- 
[Changed Files]
TigerLakeBoardPkg/BoardPkg.fdf

================================================================================ 
Commit: 46bf7b3645958042a3d6d1b7d7e55669e57b652b 
Author: ClientSysFWGit <clientsysfwgit@intel.com> 
Date: Thu Oct 8 14:29:23 2020 -0700 
-------------------------------------------------------------------------------- 
[TeamCity] TGL Auto-Commit BIOS ID update TGLMaster BIOS Version to 3405_00

Hsd-es-id: no sighting
Original commit date: Fri Oct 2 14:22:32 2020 -0700
Change-Id: Ie117dd24d171e0ac9b42e73f99f6dcdf2c089661
Original commit hash: d38e46292d30395c5193efacc7904569a117524a

-------------------------------------------------------------------------------- 
[Changed Files]
TigerLakeBoardPkg/BiosId.env

================================================================================ 
Commit: 6580cfe2e3384cb06c2d67009dc320553124f0b7 
Author: ClientSysFWGit <clientsysfwgit@intel.com> 
Date: Thu Oct 8 14:29:16 2020 -0700 
-------------------------------------------------------------------------------- 
[TeamCity] TGL Auto-Commit DailyUpdate_FSP/RC TGLMaster

Hsd-es-id: no sighting
Original commit date: Fri Oct 2 10:34:34 2020 -0700
Change-Id: Ia0e21f93413b5db53de0f9a3bbc2c080880156ea
Original commit hash: b53cc07a27e1071af3eef99c426c2cc7a2ecbe8f

-------------------------------------------------------------------------------- 
[Changed Files]
TigerLakeFspPkg/TigerLakeFspPkg.dec

================================================================================ 
Commit: 33b53d0685f31991c73e7c847949b9723a783791 
Author: ClientSysFWGit <clientsysfwgit@intel.com> 
Date: Thu Oct 8 14:29:08 2020 -0700 
-------------------------------------------------------------------------------- 
System show garbage in Lenovo logo interface when resume from S4 or hybrid shutdown after sealing.

[Resolution]: Saving the current resolution when Resolution change API is called from PBA and
Restoring back the Original resolution during Ready to Boot event

Hsd-es-id: 14012607005
Original commit date: Thu Oct 1 00:22:47 2020 +0530
Change-Id: I2a1390dccd83e95fbe9b52eba54dd565c8c4eceb
Original commit hash: 38dbbe50467bc62c022fba7cf95cf3537451bd0e

-------------------------------------------------------------------------------- 
[Changed Files]
TigerLakePlatSamplePkg/Features/TrustedDeviceSetup/OemTrustedDeviceSetup.c
TigerLakePlatSamplePkg/Features/TrustedDeviceSetup/TrustedDeviceSetup.c
TigerLakePlatSamplePkg/Library/DxePlatformBootManagerLib/BdsPlatform.c
TigerLakePlatSamplePkg/Library/DxePlatformBootManagerLib/BdsPlatform.h

================================================================================ 
Commit: 9f55348483a1b35fb782422b55d36d64a3d81f96 
Author: ClientSysFWGit <clientsysfwgit@intel.com> 
Date: Thu Oct 8 14:29:01 2020 -0700 
-------------------------------------------------------------------------------- 
SED pop-up screen  appear when Hyper-V is enabled during TDS boot

[Resolution]: Connect SATA controller call from ProcessTcgMor() have been moved after TDS call.

Hsd-es-id: 16011278774
Original commit date: Wed Sep 30 19:20:45 2020 +0530
Change-Id: I53b5abeb6e72c443c8943684f9a4b006b6b50150
Original commit hash: b8dc3c3c15c49a1e3c8fcc1b5deaff5b0ce313e9

-------------------------------------------------------------------------------- 
[Changed Files]
TigerLakePlatSamplePkg/Library/DxePlatformBootManagerLib/BdsPlatform.c

================================================================================ 
Commit: 3eca5562b57586c19d3471f77991c2b3754a422f 
Author: ClientSysFWGit <clientsysfwgit@intel.com> 
Date: Thu Oct 8 14:28:52 2020 -0700 
-------------------------------------------------------------------------------- 
[TeamCity] TGL Auto-Commit BIOS ID update TGLMaster BIOS Version to 3404_00

Hsd-es-id: no sighting
Original commit date: Thu Oct 1 11:27:14 2020 -0700
Change-Id: I9706f18450df1767eadeedac7b2d8abd5c228b0f
Original commit hash: 814b628e7886fcf5610e1577027985c610509e46

-------------------------------------------------------------------------------- 
[Changed Files]
TigerLakeBoardPkg/BiosId.env

================================================================================ 
Commit: 70fd31a9a5fc1763657d6dedef55f3324b7ecda0 
Author: ClientSysFWGit <clientsysfwgit@intel.com> 
Date: Thu Oct 8 14:28:44 2020 -0700 
-------------------------------------------------------------------------------- 
[TeamCity] TGL Auto-Commit DailyUpdate_FSP/RC TGLMaster

Hsd-es-id: no sighting
Original commit date: Thu Oct 1 11:26:49 2020 -0700
Change-Id: I1398626b9a5a8e47889e9460256fa10735316558
Original commit hash: b26590cf3b5fe3bd48b59e1345e55a4aab709497

-------------------------------------------------------------------------------- 
[Changed Files]
TigerLakeFspPkg/TigerLakeFspPkg.dec

================================================================================ 
Commit: f1a25ccabf40f173f8c03291e9025574d08fe313 
Author: ClientSysFWGit <clientsysfwgit@intel.com> 
Date: Thu Oct 8 14:28:38 2020 -0700 
-------------------------------------------------------------------------------- 
After performing OS sealing and Restart from UEFI firmware-page or Use device\Enter Setup\Restart option system booting to Bios page

[Resolution] : Clearing BootNext variable in TDS flow during BDS phase is not effective, Since BootNext variable is cashed at BdsEntry.
               So moving the BootNext variable clear operation to TDS driver entry point (DXE phase).

Hsd-es-id: 16011647966
Original commit date: Wed Sep 30 19:00:18 2020 +0530
Change-Id: I99db4754091422f399bb502ce4dd90b76237505e
Original commit hash: d233458e463cfdb7ca69f42bc6b852685c3fb028

-------------------------------------------------------------------------------- 
[Changed Files]
TigerLakePlatSamplePkg/Features/TrustedDeviceSetup/TrustedDeviceSetup.c
TigerLakePlatSamplePkg/Features/TrustedDeviceSetup/TrustedDeviceSetup.inf

================================================================================ 
Commit: d1ba4bfd9e7647f3527dbbf0a25ccc4c5c1fd4af 
Author: ClientSysFWGit <clientsysfwgit@intel.com> 
Date: Thu Oct 8 14:28:32 2020 -0700 
-------------------------------------------------------------------------------- 
MeExtMeasurement: [TGL] CSME Configuration Event Bit changes according to the updated FAS

Changed CSME Configuration Event related bits and did necessary code
changes according to updated CSME Measured Boot FAS 0.92

Hsd-es-id: 16011854541
Original commit date: Wed Sep 30 15:03:15 2020 +0530
Change-Id: I814fda9454efb3b85dd43ac79630a2f8e21dbc3e
Original commit hash: 3c1a9deb52601306fccf09da928d36010a0b96b8

-------------------------------------------------------------------------------- 
[Changed Files]
TigerLakePlatSamplePkg/Features/Me/MeExtMeasurement/Dxe/MeExtConfig.c

================================================================================ 
Commit: 7bd4ff2e74e599adf9bf92910c2e79188474955d 
Author: ClientSysFWGit <clientsysfwgit@intel.com> 
Date: Thu Oct 8 14:28:24 2020 -0700 
-------------------------------------------------------------------------------- 
MeExtMeasurement:[TGL] Fixed TPM Measurement Logs do not match Measurement Logs from HECI

Fixed TPM Measurement Logs do not match Measurement Logs from HECI

Hsd-es-id: 1308026162
Original commit date: Wed Sep 30 15:55:42 2020 +0530
Change-Id: Ie5dfecb18a85065cb32fb5c13bf36eefd5b517e5
Original commit hash: 2d0b692022973ffca22c9518cb03791e800d467d

-------------------------------------------------------------------------------- 
[Changed Files]
TigerLakePlatSamplePkg/Features/Me/MeExtMeasurement/Dxe/MeExtMeasurement.c
TigerLakePlatSamplePkg/PlatformInitAdvanced/PlatformInitAdvancedPei/PlatformInitAdvancedPreMem.c
