================================================================================ 
Commit: 0e33f2af3c9b7766a55715acf6beb983d3cb3ef1 
Author: ClientSysFWGit <clientsysfwgit@intel.com> 
Date: Tue Nov 5 18:16:08 2019 +0530 
-------------------------------------------------------------------------------- 
Changing BIOS ID to 3434.00 for WW43.4'19 BIOS label.

Hsd-es-id: NA
Original commit date: Thu Oct 24 11:59:29 2019 +0530
Change-Id: I8a507e40cd764c4b3e51ff974abd11692bc98707
Original commit hash: 28d59ef7748ada8358178adf426b279a962b9f41

-------------------------------------------------------------------------------- 
[Changed Files]
LakeFieldPlatSamplePkg/Tools/GenBiosId/BiosId.env

================================================================================ 
Commit: 3b1a07b597d6ba604f3531eeca1887450a22cfb5 
Author: ClientSysFWGit <clientsysfwgit@intel.com> 
Date: Tue Nov 5 18:16:06 2019 +0530 
-------------------------------------------------------------------------------- 
Lakefield Updated with ucode and pcode.

Original commit date: Thu Oct 24 09:47:23 2019 +0530
Change-Id: Id893c2d7a7727bbc0153576ddbd06fd0943217c9
Original commit hash: 8998c7d0e3a4ff84e019e038071f30926ede7401

-------------------------------------------------------------------------------- 
[Changed Files]
LakeFieldPlatSamplePkg/PlatformPkg.fdf

================================================================================ 
Commit: e92cb9c2d31fb5d2795c8a6aa364294b6f63bbcf 
Author: ClientSysFWGit <clientsysfwgit@intel.com> 
Date: Tue Nov 5 18:16:06 2019 +0530 
-------------------------------------------------------------------------------- 
[TeamCity] LKF Auto-Commit DailyUpdate_FSP/RC version CI Increment FSP Revision Number and reset FSP Build Number to 1

Wed Oct 23 12:32:07 2019 -0700
Original commit date: Wed Oct 23 12:32:07 2019 -0700
Original commit hash: 3f73b9d0fb6fe0096f1be58c07fa65a9151f3aff

-------------------------------------------------------------------------------- 
[Changed Files]
LakeFieldFspPkg/LakeFieldFspPkg.dec
LakeFieldSiliconPkg/SiPkg.dec

================================================================================ 
Commit: a07dc021dd55f172239bdba30bc453c2f5dea854 
Author: ClientSysFWGit <clientsysfwgit@intel.com> 
Date: Tue Nov 5 18:16:05 2019 +0530 
-------------------------------------------------------------------------------- 
[LKF] IosTerm for JTAG_GPIOs in IoStandByList should be made default i.e., IosTerm = 0x0
and The setup option for JTAG_GPIOs should be Disabled by default

Hsd-es-id: 1608034681
Attestation-link: LakefieldPlatSamplePkg/InternalOnly/IpPlan/Client BIOS IP Plan.xlsx
Original commit date: Tue Oct 22 21:29:21 2019 +0530
Change-Id: Iab34155477e7362699397e55eaecfad93a6248ff
Original commit hash: 293a8933aa8a21fc94b74d9cd27e492fc5cde18c

-------------------------------------------------------------------------------- 
[Changed Files]
LakeFieldFspPkg/Upd/FspsUpd.dsc
LakeFieldPlatSamplePkg/Setup/PchSetup.hfr
LakeFieldSiliconPkg/Pch/Library/Private/PeiDxeSmmGpioPrivateLib/GpioPrivateLibLkf.c

================================================================================ 
Commit: 8625cd3c69456135fdc97091b28d3e9b04cf2c76 
Author: ClientSysFWGit <clientsysfwgit@intel.com> 
Date: Tue Nov 5 18:16:04 2019 +0530 
-------------------------------------------------------------------------------- 
[LKF] Release BIOS - Build is failing with the following issue

Generating FSP-T FV
GenFv: ERROR 3000: Invalid
the required fv image size 0x61e8 exceeds the set fv image size 0x6000

Fix: Increasing the FV size for FSP - T from 6000 to 7000 resolved the issue

Hsd-es-id: 1607960872
Attestation-link: LakefieldPlatSamplePkg/InternalOnly/IpPlan/Client BIOS IP Plan.xlsx
Original commit date: Tue Oct 22 20:53:39 2019 +0530
Change-Id: I6fe2fde2cca05e75317bfc9c4968709787b98a8e
Original commit hash: 0c75994ed7f0e55ec6c19c25e5dd6deda341d4bb

-------------------------------------------------------------------------------- 
[Changed Files]
LakeFieldFspPkg/LakeFieldFspPkg.fdf

================================================================================ 
Commit: bce9f0a96ad5b6d47efcaf83efd6761a1c86efb9 
Author: ClientSysFWGit <clientsysfwgit@intel.com> 
Date: Tue Nov 5 18:16:03 2019 +0530 
-------------------------------------------------------------------------------- 
[TeamCity] LKF Auto-Commit DailyUpdate_FSP/RC version CI Increment FSP Revision Number and reset FSP Build Number to 1

Tue Oct 22 10:55:37 2019 -0700
Original commit date: Tue Oct 22 10:55:37 2019 -0700
Original commit hash: df59e6ef73699fa24275aebee738ec89a0e57612

-------------------------------------------------------------------------------- 
[Changed Files]
LakeFieldFspPkg/LakeFieldFspPkg.dec
LakeFieldSiliconPkg/SiPkg.dec

================================================================================ 
Commit: 7bb0c5f396aa47b4c06b1dc87f0bedca00d28577 
Author: ClientSysFWGit <clientsysfwgit@intel.com> 
Date: Tue Nov 5 18:16:02 2019 +0530 
-------------------------------------------------------------------------------- 
[LKF] OCP Timer need to be disabled in SCS UFS IOSF Bridge to work around the Silicon Issue due to which LTR mechanism doest work

Registers from the UFS OCP Fabric Register space that need to be programmed for the timeout are
---------------------------------------------------------
      Register                 |   Offset     |  Value
---------------------------------------------------------
 main2scc_i0_ia_agent_control  |   0x4020     |   0x0
 scc2main_t0_ta_agent_control  |   0x4820     |   0x0
 ufs_t0_ta_agent_control       |   0x5c20     |   0x0
 ufs_i0_ia_agent_control       |   0x5820     |   0x0
 rt5_rt_network_control        |   0x1078     |   0x0
---------------------------------------------------------

Hsd-es-id: 1608192216
Attestation-link: LakefieldPlatSamplePkg/InternalOnly/IpPlan/Client BIOS IP Plan.xlsx
Original commit date: Tue Oct 22 12:52:56 2019 +0530
Change-Id: I949887649f08ea8d6fd7e40ca3102803cee6fa1a
Original commit hash: 460cfd1b759bac256cae1b4a14f65592f83f3b66

-------------------------------------------------------------------------------- 
[Changed Files]
LakeFieldSiliconPkg/Pch/AcpiTables/Dsdt/PchScs.asl
LakeFieldSiliconPkg/Pch/Include/Register/PchRegsScsSd.h

================================================================================ 
Commit: d435c066a1d9bc2c37b5858046a5cc7a8f9f3879 
Author: ClientSysFWGit <clientsysfwgit@intel.com> 
Date: Tue Nov 5 18:16:01 2019 +0530 
-------------------------------------------------------------------------------- 
Fix for ~7s delay in showing postcode on power on.
Solution: PcdSpiPostcode is missing in the .inf files of the respective libraries.

Original commit date: Tue Oct 22 01:12:37 2019 +0530
Change-Id: I8a321c065734e5bca1cee14eea6e564cb00050cf
Original commit hash: 126d74b1b73b1a32fca92f590440bac4cbeb2a19

-------------------------------------------------------------------------------- 
[Changed Files]
LakeFieldPlatSamplePkg/PlatformInit/PlatformInitPei/PlatformInit.inf
LakeFieldPlatSamplePkg/PlatformInit/PlatformInitPei/PlatformInitFsp.inf
LakeFieldSiliconPkg/Cpu/Library/SecCpuLib/SecCpuLib.inf
LakeFieldSiliconPkg/Cpu/Library/SecCpuLib/SecCpuLibFsp.inf
LakeFieldSiliconPkg/SiInit/Pei/SiInitPreMem.inf
LakeFieldSiliconPkg/SiInit/Pei/SiInitPreMemFsp.inf

================================================================================ 
Commit: ea2db4a39f4d8e5f1a50934e96d20c733d617730 
Author: ClientSysFWGit <clientsysfwgit@intel.com> 
Date: Tue Nov 5 18:16:00 2019 +0530 
-------------------------------------------------------------------------------- 
[LKF] Added JTAG GPIOs to IoStandBy List along with setup option to include/remove the pads from List

Hsd-es-id: 1608034681
Attestation-link: LakefieldPlatSamplePkg/InternalOnly/IpPlan/Client BIOS IP Plan.xlsx
Original commit date: Tue Oct 15 09:45:14 2019 +0530
Change-Id: If7b1770b4019e63b1e7c540cfd60527e3cb7a567
Original commit hash: 1379a0aa0396311c7d6674a4c7bbcefd934297b2

-------------------------------------------------------------------------------- 
[Changed Files]
LakeFieldFspPkg/Library/PeiPolicyUpdateLib/PeiPchPolicyUpdate.c
LakeFieldFspPkg/Upd/FspsUpd.dsc
LakeFieldPlatSamplePkg/Include/SetupVariable.h
LakeFieldPlatSamplePkg/Library/BaseGpioCheckConflictLib/BaseGpioCheckConflictLib.inf
LakeFieldPlatSamplePkg/Library/PeiPolicyUpdateLib/PeiPchPolicyUpdate.c
LakeFieldPlatSamplePkg/Library/PeiPolicyUpdateLib/PeiPolicyUpdateLibFsp.inf
LakeFieldPlatSamplePkg/Library/PlatformMiscLib/PlatformMiscLib.inf
LakeFieldPlatSamplePkg/Setup/PchSetup.hfr
LakeFieldPlatSamplePkg/Setup/PchSetup.uni
LakeFieldSiliconPkg/Pch/Include/ConfigBlock/LockDownConfig.h
LakeFieldSiliconPkg/Pch/Include/GpioPinsLkf.h
LakeFieldSiliconPkg/Pch/Include/Private/Library/GpioPrivateLib.h
LakeFieldSiliconPkg/Pch/Library/PeiDxeSmmGpioLib/PeiDxeSmmGpioLib.inf
LakeFieldSiliconPkg/Pch/Library/PeiPchPolicyLib/PchPrintPolicy.c
LakeFieldSiliconPkg/Pch/Library/Private/PeiDxeSmmGpioPrivateLib/GpioNativePrivateLib.c
LakeFieldSiliconPkg/Pch/Library/Private/PeiDxeSmmGpioPrivateLib/GpioPrivateLib.c
LakeFieldSiliconPkg/Pch/Library/Private/PeiDxeSmmGpioPrivateLib/GpioPrivateLibLkf.c
LakeFieldSiliconPkg/Pch/Library/Private/PeiDxeSmmGpioPrivateLib/PeiDxeSmmGpioPrivateLibLkf.inf
LakeFieldSiliconPkg/Pch/Library/Private/PeiGpioHelpersLib/PeiGpioHelpersLib.inf
LakeFieldSiliconPkg/Pch/Library/Private/PeiPchInitLib/PchInit.c

================================================================================ 
Commit: 59062ba9b14d60726e74aac1f91e8360a10e786b 
Author: ClientSysFWGit <clientsysfwgit@intel.com> 
Date: Tue Nov 5 18:15:58 2019 +0530 
-------------------------------------------------------------------------------- 
[TeamCity] LKF Auto-Commit DailyUpdate_FSP/RC version CI Increment FSP Revision Number and reset FSP Build Number to 1

Mon Oct 21 10:34:52 2019 -0700
Original commit date: Mon Oct 21 10:34:52 2019 -0700
Original commit hash: 44dd7d031e0a37620c13e3ae02cf5fa4dd1d5a09

-------------------------------------------------------------------------------- 
[Changed Files]
LakeFieldFspPkg/LakeFieldFspPkg.dec
LakeFieldSiliconPkg/SiPkg.dec

================================================================================ 
Commit: 9013246ee94529af40be2293404c1bc97c985f26 
Author: ClientSysFWGit <clientsysfwgit@intel.com> 
Date: Tue Nov 5 18:15:57 2019 +0530 
-------------------------------------------------------------------------------- 
BIOS to implement DSM to enable-disable UAOL Workaround

Change from 0 = Enable to 1 = Enable force alignment.

Hsd-es-id: 1409983118
Tracker-link: https://hsdes.intel.com/appstore/article/#/1409983118
Original commit date: Fri Oct 18 16:22:05 2019 +0200
Change-Id: I6154c51e903442fe36a731b75cc5dc2af32cbb2a
Original commit hash: c2f26f27e8429014b3a2bfdf293bbc0197ef49d1

-------------------------------------------------------------------------------- 
[Changed Files]
LakeFieldSiliconPkg/Pch/AcpiTables/Dsdt/Pmc.asl

================================================================================ 
Commit: 978707df9d9d3024140c82d62ef87a09cecd8e76 
Author: ClientSysFWGit <clientsysfwgit@intel.com> 
Date: Tue Nov 5 18:15:57 2019 +0530 
-------------------------------------------------------------------------------- 
[TeamCity] LKF Auto-Commit DailyUpdate_FSP/RC version CI Increment FSP Revision Number and reset FSP Build Number to 1

Sun Oct 20 10:34:36 2019 -0700
Original commit date: Sun Oct 20 10:34:36 2019 -0700
Original commit hash: 78bf04568e46f2bf5089953bfb38c9807e8690f8

-------------------------------------------------------------------------------- 
[Changed Files]
LakeFieldFspPkg/LakeFieldFspPkg.dec
LakeFieldSiliconPkg/SiPkg.dec

================================================================================ 
Commit: bec613e03b89f0ad174610cbd98bc6ab08c9a73a 
Author: ClientSysFWGit <clientsysfwgit@intel.com> 
Date: Tue Nov 5 18:15:56 2019 +0530 
-------------------------------------------------------------------------------- 
[TeamCity] LKF Auto-Commit DailyUpdate_FSP/RC version CI Increment FSP Revision Number and reset FSP Build Number to 1

Sat Oct 19 10:34:19 2019 -0700
Original commit date: Sat Oct 19 10:34:19 2019 -0700
Original commit hash: 94865d2606994decf8d27f85b643bb369ca8b01e

-------------------------------------------------------------------------------- 
[Changed Files]
LakeFieldFspPkg/LakeFieldFspPkg.dec
LakeFieldSiliconPkg/SiPkg.dec

================================================================================ 
Commit: 2a5aa074b9f4b81a90eb4b5a22b5a4ee40884441 
Author: ClientSysFWGit <clientsysfwgit@intel.com> 
Date: Tue Nov 5 18:15:55 2019 +0530 
-------------------------------------------------------------------------------- 
[TeamCity] LKF Auto-Commit DailyUpdate_FSP/RC version CI Increment FSP Revision Number and reset FSP Build Number to 1

Fri Oct 18 12:06:45 2019 -0700
Original commit date: Fri Oct 18 12:06:45 2019 -0700
Original commit hash: 87920a777959371a31d6d8017ae648791cc40e3a

-------------------------------------------------------------------------------- 
[Changed Files]
LakeFieldFspPkg/LakeFieldFspPkg.dec
LakeFieldSiliconPkg/SiPkg.dec

================================================================================ 
Commit: 971d4c17894072b9930bfb4ee3410dacbb14b9e5 
Author: ClientSysFWGit <clientsysfwgit@intel.com> 
Date: Tue Nov 5 18:15:54 2019 +0530 
-------------------------------------------------------------------------------- 
[LKF][PPV] Create setup option to Enable/Disable PCIe SRL unlock
Hsd-es-id: NA
Attestation-link: LakefieldPlatSamplePkg/InternalOnly/IpPlan/Client BIOS IP Plan.xlsx

Original commit date: Tue Oct 15 09:25:56 2019 +0800
Change-Id: Id5a9ee09193af9b77702e103b65890c7d5d6f43c
Original commit hash: f34c4ef54462ec5802caa67c9f0afb67684d850d

-------------------------------------------------------------------------------- 
[Changed Files]
LakeFieldFspPkg/Upd/FspsUpd.dsc
LakeFieldPlatSamplePkg/Setup/PchSetup.hfr
LakeFieldPlatSamplePkg/Setup/PchSetup.uni

================================================================================ 
Commit: 4af2fc4db2f141a21a103e1b9f527e4353225378 
Author: ClientSysFWGit <clientsysfwgit@intel.com> 
Date: Tue Nov 5 18:15:53 2019 +0530 
-------------------------------------------------------------------------------- 
LKF: UfsPassthruDriver fix for Query response UPIU packet.

Fixed the Trucation of bytes while copying Query response UPIU packet.
With out this fix results in misinterpretation that fDeviceInit that indicates
Ufs Card initialization complete status and can cause host sending commands
to UFS Card before it is ready to receive.

Hsd-es-id: 1607806438
Original commit date: Tue Oct 15 20:51:55 2019 +0530
Change-Id: I3eeb0e83028d214e587de42de1584969220d84e9
Original commit hash: 8de9b56872cbcbc6d9bde2ac63f5f4463c413a96

-------------------------------------------------------------------------------- 
[Changed Files]
LakeFieldPlatSamplePkg/Override/MdeModulePkg/Bus/Ufs/UfsPassThruDxe/UfsDevConfigProtocol.c
LakeFieldPlatSamplePkg/Override/MdeModulePkg/Bus/Ufs/UfsPassThruDxe/UfsPassThru.c
LakeFieldPlatSamplePkg/Override/MdeModulePkg/Bus/Ufs/UfsPassThruDxe/UfsPassThru.h
LakeFieldPlatSamplePkg/Override/MdeModulePkg/Bus/Ufs/UfsPassThruDxe/UfsPassThruHci.c

================================================================================ 
Commit: 14a3f9b901ddbfbf866603be046836f777c68e64 
Author: ClientSysFWGit <clientsysfwgit@intel.com> 
Date: Tue Nov 5 18:15:52 2019 +0530 
-------------------------------------------------------------------------------- 
[LKF] BIOS to implement Lock command for locking BIOS level PMIC white list register access

PMC has the fix for lock the PMC , so that Included PMC write lock support into LKF bios.

Hsd-es-id: 1606797482
Attestation-link: LakefieldPlatSamplePkg/InternalOnly/IpPlan/Client BIOS IP Plan.xlsx
Original commit date: Wed Oct 16 11:53:20 2019 +0530
Change-Id: I3d3890d3aa45da2362d6c4f846241b2cda87a7e9
Original commit hash: 669463314cec5c737a3f8bb28e4fdb5d88e3b65c

-------------------------------------------------------------------------------- 
[Changed Files]
LakeFieldPlatSamplePkg/Features/Pmic/PmicNvm/WarrenCove/WarrenCovePmicNvm.c

================================================================================ 
Commit: 4b7976cda4dcdf25557455444593ab814f704b00 
Author: ClientSysFWGit <clientsysfwgit@intel.com> 
Date: Tue Nov 5 18:15:51 2019 +0530 
-------------------------------------------------------------------------------- 
Revert "[LKF][PERF] Make TNT 1 core configuration default for Performance Build."

This reverts commit bcd55def06dc8df3a2a926cbd8337ac765c5a049.

Reverting this commit as BIOS responsiveness time revision is in progress
with Hetro enabled.

Original commit date: Tue Oct 15 13:34:20 2019 +0530
Change-Id: I72cca015fb41e73e76ad75e4abceef58301a961d
Original commit hash: b765bb789ec34f5343612ccd3e80a427c97e6a0e

-------------------------------------------------------------------------------- 
[Changed Files]
LakeFieldPlatSamplePkg/Setup/CpuSetup.hfr

================================================================================ 
Commit: 7e162f7f9b8668b9e6a3bf9cd7b9d5928a6baff7 
Author: ClientSysFWGit <clientsysfwgit@intel.com> 
Date: Tue Nov 5 18:15:50 2019 +0530 
-------------------------------------------------------------------------------- 
Revert "[LKF][PMIC] Separate CSC binary not required for LKF Rvp boards"

This reverts commit e0e2849d6098900caccebe830333f04b30aa7610.

As per the PMIC team suggesstion they need seperate CSC binary for 2S board So going to revert this change.

Hsd-es-id: 1607951548
Attestation-link: LakefieldPlatSamplePkg/InternalOnly/IpPlan/Client BIOS IP Plan.xlsx
Original commit date: Tue Oct 15 21:17:16 2019 +0530
Change-Id: I378bee5e1f29a0395d90def98b6be20371d86822
Original commit hash: f8cb7eed022c8d8d5aa246f491f05cac9d3b6bcb

-------------------------------------------------------------------------------- 
[Changed Files]
LakeFieldPlatSamplePkg/Features/Pmic/PmicNvm/CastroCove/CastroCovePmicNvm.c
LakeFieldPlatSamplePkg/Features/Pmic/PmicNvm/CastroCove/CastroCovePmicNvm.inf
LakeFieldPlatSamplePkg/PlatformPkg.dec

================================================================================ 
Commit: 0c5002a4aa4608c3409ee2341cb9cd351f81c4ea 
Author: ClientSysFWGit <clientsysfwgit@intel.com> 
Date: Tue Nov 5 18:15:49 2019 +0530 
-------------------------------------------------------------------------------- 
[TeamCity] LKF Auto-Commit DailyUpdate_FSP/RC version CI Increment FSP Revision Number and reset FSP Build Number to 1

Tue Oct 15 12:06:23 2019 -0700
Original commit date: Tue Oct 15 12:06:23 2019 -0700
Original commit hash: 64fe9194b7c4dbb8590dbaafc34b91c6c51000b3

-------------------------------------------------------------------------------- 
[Changed Files]
LakeFieldFspPkg/LakeFieldFspPkg.dec
LakeFieldSiliconPkg/SiPkg.dec

================================================================================ 
Commit: 73304b509414b60ed3b05ba1966d50cb32902675 
Author: ClientSysFWGit <clientsysfwgit@intel.com> 
Date: Tue Nov 5 18:15:48 2019 +0530 
-------------------------------------------------------------------------------- 
[LKF][PMIC] Separate CSC binary not required for LKF Rvp boards

Removed 2S CSC PMIC NVM binary from source and modified the code , So that same CSC binary will include for both 1S and 2S RVP.

Hsd-es-id: 1608123709
Attestation-link: LakefieldPlatSamplePkg/InternalOnly/IpPlan/Client BIOS IP Plan.xlsx
Original commit date: Mon Oct 14 15:49:54 2019 +0530
Change-Id: I239a303cc42d26889a27fee6addfd00d11a6858f
Original commit hash: e0e2849d6098900caccebe830333f04b30aa7610

-------------------------------------------------------------------------------- 
[Changed Files]
LakeFieldPlatSamplePkg/Features/Pmic/PmicNvm/CastroCove/CastroCovePmicNvm.c
LakeFieldPlatSamplePkg/Features/Pmic/PmicNvm/CastroCove/CastroCovePmicNvm.inf
LakeFieldPlatSamplePkg/PlatformPkg.dec

================================================================================ 
Commit: f66458cea40192ac1e71f3950c433fb5e5947870 
Author: ClientSysFWGit <clientsysfwgit@intel.com> 
Date: Tue Nov 5 18:15:46 2019 +0530 
-------------------------------------------------------------------------------- 
[TeamCity] LKF Auto-Commit DailyUpdate_FSP/RC version CI Increment FSP Revision Number and reset FSP Build Number to 1

Mon Oct 14 10:33:46 2019 -0700
Original commit date: Mon Oct 14 10:33:46 2019 -0700
Original commit hash: 0b4270b0aa5fad2ea9fc3613f9254e1b598338dd

-------------------------------------------------------------------------------- 
[Changed Files]
LakeFieldFspPkg/LakeFieldFspPkg.dec
LakeFieldSiliconPkg/SiPkg.dec

================================================================================ 
Commit: 89d5790968482b52c4fd75f0c2c4cf8f5015bcff 
Author: ClientSysFWGit <clientsysfwgit@intel.com> 
Date: Tue Nov 5 18:15:46 2019 +0530 
-------------------------------------------------------------------------------- 
[TeamCity] LKF Auto-Commit DailyUpdate_FSP/RC version CI Increment FSP Revision Number and reset FSP Build Number to 1

Sun Oct 13 10:33:32 2019 -0700
Original commit date: Sun Oct 13 10:33:32 2019 -0700
Original commit hash: 9f46929ddce71439f04c3e066f22b9c87e5a63f1

-------------------------------------------------------------------------------- 
[Changed Files]
LakeFieldFspPkg/LakeFieldFspPkg.dec
LakeFieldSiliconPkg/SiPkg.dec

================================================================================ 
Commit: 31cd661619a3ab1e4dcaced1dfc5abac85d88681 
Author: ClientSysFWGit <clientsysfwgit@intel.com> 
Date: Tue Nov 5 18:15:45 2019 +0530 
-------------------------------------------------------------------------------- 
[TeamCity] LKF Auto-Commit DailyUpdate_FSP/RC version CI Increment FSP Revision Number and reset FSP Build Number to 1

Sat Oct 12 10:34:15 2019 -0700
Original commit date: Sat Oct 12 10:34:15 2019 -0700
Original commit hash: 732345fe07b88a88cb013da6734afcd1873ccc8c

-------------------------------------------------------------------------------- 
[Changed Files]
LakeFieldFspPkg/LakeFieldFspPkg.dec
LakeFieldSiliconPkg/SiPkg.dec

================================================================================ 
Commit: 3ffc3c1c838eabc1ac03f5a1907801e61e58206c 
Author: ClientSysFWGit <clientsysfwgit@intel.com> 
Date: Tue Nov 5 18:15:44 2019 +0530 
-------------------------------------------------------------------------------- 
[TeamCity] LKF Auto-Commit DailyUpdate_FSP/RC version CI Increment FSP Revision Number and reset FSP Build Number to 1

Fri Oct 11 10:37:29 2019 -0700
Original commit date: Fri Oct 11 10:37:29 2019 -0700
Original commit hash: 91e40c21a22ea24923b5815f33d87c5771800ab6

-------------------------------------------------------------------------------- 
[Changed Files]
LakeFieldFspPkg/LakeFieldFspPkg.dec
LakeFieldSiliconPkg/SiPkg.dec

================================================================================ 
Commit: 5ccc3f1b7667cf27e433fe5c55d8026380f338d1 
Author: ClientSysFWGit <clientsysfwgit@intel.com> 
Date: Tue Nov 5 18:15:43 2019 +0530 
-------------------------------------------------------------------------------- 
BIOS to implement DSM to enable-disable UAOL Workaround

Fix issue related to UAOL where glitches are observed during UAOL playback.
The issue has been root caused to ForceAlign feature in PMC since LTR is not published for UAOL feature.
Disabling ForceAlign fixes the glitches during UAOL playback.

Implement DSM method which manipulate ForceAlign.

Hsd-es-id: 1409983118
Tracker-link: https://hsdes.intel.com/appstore/article/#/1409983118
Original commit date: Wed Oct 2 13:31:48 2019 +0200
Change-Id: I580ca3d79019acfaaac22779b9fa5ec611c40827
Original commit hash: 2febf4f0e30df95f3f1e2f73ae1e821f0d6572a7

-------------------------------------------------------------------------------- 
[Changed Files]
LakeFieldSiliconPkg/Pch/AcpiTables/Dsdt/PchHdaUsbAudioOffload.asl
LakeFieldSiliconPkg/Pch/AcpiTables/Dsdt/Pmc.asl
